HOST lewis.lbl.gov
only_i 15
only_code None
force_amber_prep True
dry_run False
... 15 1t04
/net/chevy/raid1/nigel/amber/hi_lo
/net/chevy/raid1/nigel/amber/hi_lo/t0/1t04
1t04.pdb 4phenix_1t04.pdb
1t04.pdb 4phenix_1t04.pdb
local_archive None
archive PDB None
Reading from local mirror:
  /net/cci/pdb_mirror/pdb/t0/pdb1t04.ent.gz
Model saved to /net/lewis/raid1/scratch1/nigel/amber/hi_lo/t0/1t04/1t04.pdb
Traceback (most recent call last):
  File "/net/cci-filer2/raid1/xp/phenix/phenix-svn/build/../modules/cctbx_project/mmtbx/command_line/fetch_pdb.py", line 199, in <module>
    run2(sys.argv[1:])
  File "/net/cci-filer2/raid1/xp/phenix/phenix-svn/build/../modules/cctbx_project/mmtbx/command_line/fetch_pdb.py", line 155, in run2
    files.append(get_pdb(id, data_type_, mirror, log, format=data_format))
  File "/net/cci-filer2/raid1/xp/phenix/phenix-svn/modules/cctbx_project/iotbx/pdb/fetch.py", line 213, in get_pdb
    data = fetch(id, data_type, mirror=mirror, format=format, log=log)
  File "/net/cci-filer2/raid1/xp/phenix/phenix-svn/modules/cctbx_project/iotbx/pdb/fetch.py", line 150, in fetch
    data = libtbx.utils.urlopen(url)
  File "/net/cci-filer2/raid1/xp/phenix/phenix-svn/modules/cctbx_project/libtbx/utils.py", line 2069, in urlopen
    return urllib2.urlopen(*args, **kwds)
  File "/net/cci-filer2/raid1/xp/phenix/phenix-svn/base/lib/python2.7/urllib2.py", line 127, in urlopen
    return _opener.open(url, data, timeout)
  File "/net/cci-filer2/raid1/xp/phenix/phenix-svn/base/lib/python2.7/urllib2.py", line 404, in open
    response = self._open(req, data)
  File "/net/cci-filer2/raid1/xp/phenix/phenix-svn/base/lib/python2.7/urllib2.py", line 422, in _open
    '_open', req)
  File "/net/cci-filer2/raid1/xp/phenix/phenix-svn/base/lib/python2.7/urllib2.py", line 382, in _call_chain
    result = func(*args)
  File "/net/cci-filer2/raid1/xp/phenix/phenix-svn/base/lib/python2.7/urllib2.py", line 1214, in http_open
    return self.do_open(httplib.HTTPConnection, req)
  File "/net/cci-filer2/raid1/xp/phenix/phenix-svn/base/lib/python2.7/urllib2.py", line 1184, in do_open
    raise URLError(err)
urllib2.URLError: <urlopen error [Errno 110] Connection timed out>
local_archive None
archive PDB None
Reading from local mirror:
  /net/cci/pdb_mirror/pdb/t0/pdb1t04.ent.gz
Model saved to /net/lewis/raid1/scratch1/nigel/amber/hi_lo/t0/1t04/1t04.pdb
Traceback (most recent call last):
  File "/net/cci-filer2/raid1/xp/phenix/phenix-svn/build/../modules/cctbx_project/mmtbx/command_line/fetch_pdb.py", line 199, in <module>
    run2(sys.argv[1:])
  File "/net/cci-filer2/raid1/xp/phenix/phenix-svn/build/../modules/cctbx_project/mmtbx/command_line/fetch_pdb.py", line 155, in run2
    files.append(get_pdb(id, data_type_, mirror, log, format=data_format))
  File "/net/cci-filer2/raid1/xp/phenix/phenix-svn/modules/cctbx_project/iotbx/pdb/fetch.py", line 213, in get_pdb
    data = fetch(id, data_type, mirror=mirror, format=format, log=log)
  File "/net/cci-filer2/raid1/xp/phenix/phenix-svn/modules/cctbx_project/iotbx/pdb/fetch.py", line 150, in fetch
    data = libtbx.utils.urlopen(url)
  File "/net/cci-filer2/raid1/xp/phenix/phenix-svn/modules/cctbx_project/libtbx/utils.py", line 2069, in urlopen
    return urllib2.urlopen(*args, **kwds)
  File "/net/cci-filer2/raid1/xp/phenix/phenix-svn/base/lib/python2.7/urllib2.py", line 127, in urlopen
    return _opener.open(url, data, timeout)
  File "/net/cci-filer2/raid1/xp/phenix/phenix-svn/base/lib/python2.7/urllib2.py", line 404, in open
    response = self._open(req, data)
  File "/net/cci-filer2/raid1/xp/phenix/phenix-svn/base/lib/python2.7/urllib2.py", line 422, in _open
    '_open', req)
  File "/net/cci-filer2/raid1/xp/phenix/phenix-svn/base/lib/python2.7/urllib2.py", line 382, in _call_chain
    result = func(*args)
  File "/net/cci-filer2/raid1/xp/phenix/phenix-svn/base/lib/python2.7/urllib2.py", line 1214, in http_open
    return self.do_open(httplib.HTTPConnection, req)
  File "/net/cci-filer2/raid1/xp/phenix/phenix-svn/base/lib/python2.7/urllib2.py", line 1184, in do_open
    raise URLError(err)
urllib2.URLError: <urlopen error [Errno 110] Connection timed out>

==================================================
Summary of pdb4amber for: 1t04.pdb
===================================================

----------Chains
The following (original) chains have been found:
A
B
C
D

---------- Alternate Locations (Original Residues!))

The following residues had alternate locations:
None

---------- Mising heavy atom(s)

None
not prmtop_filename /net/lewis/scratch1/nigel/amber/hi_lo/t0/1t04/4amber_1t04.prmtop

	Running AmberPrep : 1t04.pdb


==================================================
Running pdb4amber on 1t04.pdb
==================================================

==================================================
Setting up library files for non-standard residues
==================================================

==================================================
Running elbow/antechamber for PCA 
==================================================

==================================================
Summary of pdb4amber for: 1t04_4tleap_uc1.pdb
===================================================

----------Chains
The following (original) chains have been found:
A
B
C
D

---------- Alternate Locations (Original Residues!))

The following residues had alternate locations:
None

---------- Mising heavy atom(s)

None

MoleculeClass :  C: 5  N: 1  O: 3 (CHEMICAL COMPONENTS format)
	15 atoms
	15 bonds
	27 angles
	40 dihedrals
	1 rings (groups, rings, atoms) 1 5
	1 chirals : S 

~> antechamber -i 4antechamber_PCA.pdb -fi pdb -o PCA.mol2 -fo mol2       -nc -1 -m 1 -s 2 -pf y -c bcc -at gaff2 -ek "qm_theory='AM1',grms_tol=0.0005,scfconv=1.d-10,maxcyc=0,ndiis_attempts=700,"


~> parmchk2 -s 2 -i PCA.mol2 -f mol2 -o PCA.frcmod


==================================================
Preparing asu files and 4phenix_1t04.pdb
==================================================

~> tleap -f 1t04_asu_tleap_input_run

Checking output filenames
  file : 1t04_asu.prmtop
  file : 1t04_asu.rst7

~> ChBox -c 1t04_asu.rst7 -o 1t04_asu.rst7 -X 82.274 -Y 169.805 -Z 72.825 -al 90.0 -bt 97.68 -gm 90.0 


============================================================
Preparing unit cell files: 4amber_1t04.prmtop and 4amber_1t04.rst7
============================================================

~> UnitCell -p 1t04_4UnitCell.pdb -o 1t04_4tleap_uc1.pdb


~> tleap -f 1t04_uc_tleap_input_run

Checking output filenames
  file : 1t04_uc.prmtop
  file : 1t04_uc.rst7

~> ChBox -c 1t04_uc.rst7 -o 1t04_uc.rst7 -X 82.274 -Y 169.805 -Z 72.825 -al 90.0 -bt 97.68 -gm 90.0 


==================================================
Minimizing input coordinates.
==================================================

~> sander -O -i 1t04_amber_all.in -p 4amber_1t04.prmtop -c 4amber_1t04.rst7 -o 1t04.min.out            -ref 4amber_1t04.rst7 -r 4amber_1t04.min.rst7

checking special positions in 4phenix_1t04.pdb

==================================================
Done.  Three new files have been made:
      4phenix_1t04.pdb
      4amber_1t04.prmtop
      4amber_1t04.rst7
==================================================

Example

  phenix.refine 4phenix_1t04.pdb use_amber=True \
    amber.topology_file_name=4amber_1t04.prmtop \
    amber.coordinate_file_name=4amber_1t04.rst7 \
    ....(other refinement keywords here).....



Substituting Amber PDB file for downloaded file
run_tests_local.py:222: UserWarning: os.system() is not safe: please use the subprocess module or libtbx.easy_run instead.
  os.system(cmd)

  Amber files
    PDB    : 1t04.pdb
    MTZ    : 1t04.mtz
    prmtop : 4amber_1t04.prmtop
    rst7   : 4amber_1t04.rst7
  
/net/lewis/raid1/scratch1/nigel/amber/hi_lo/t0/1t04
return_files 1t04
/net/chevy/raid1/nigel/amber/hi_lo
4amber_1t04.pdb
4phenix_1t04.pdb
cp 4phenix_1t04.pdb /net/chevy/raid1/nigel/amber/hi_lo/t0/1t04
1t04.pdb
cp 1t04.pdb /net/chevy/raid1/nigel/amber/hi_lo/t0/1t04
4amber_1t04.mtz
4phenix_1t04.mtz
1t04.mtz
cp 1t04.mtz /net/chevy/raid1/nigel/amber/hi_lo/t0/1t04
4amber_1t04.rst7
cp 4amber_1t04.rst7 /net/chevy/raid1/nigel/amber/hi_lo/t0/1t04
4phenix_1t04.rst7
1t04.rst7
4amber_1t04.prmtop
cp 4amber_1t04.prmtop /net/chevy/raid1/nigel/amber/hi_lo/t0/1t04
4phenix_1t04.prmtop
1t04.prmtop
4amber_1t04_refine_001.log
4phenix_1t04_refine_001.log
1t04_refine_001.log
4amber_1t04_refine_002.log
4phenix_1t04_refine_002.log
1t04_refine_002.log
4amber_1t04_refine_001.pdb
4phenix_1t04_refine_001.pdb
1t04_refine_001.pdb
4amber_1t04_refine_002.pdb
4phenix_1t04_refine_002.pdb
1t04_refine_002.pdb
local_archive /net/chevy/raid1/nigel/amber/hi_lo
archive PDB /net/chevy/raid1/nigel/amber/hi_lo/t0/1t04/1t04.pdb
/net/lewis/raid1/scratch1/nigel/amber/hi_lo/t0/1t04
------------------------------
phenix.refine log filename ? > /net/chevy/raid1/nigel/amber/hi_lo/t0/1t04/1t04_refine_001.log
------------------------------

	Already done (on chevy) 1t04_refine_001
------------------------------
phenix.refine log filename ? > /net/chevy/raid1/nigel/amber/hi_lo/t0/1t04/1t04_refine_002.log
------------------------------

	Already done (on chevy) 1t04_refine_002
