HOST rebus.lbl.gov
only_i 40
only_code None
force_amber_prep True
dry_run False
1 1z3z,A,2.900,1zod,A,1.800
2 1psi,A,2.920,3ndd,A,1.500
3 3bpo,A,3.000,3l5w,I,2.000
4 1e6j,P,3.000,3mge,A,1.900
5 1r46,A,3.250,3hg3,A,1.900
6 2j0g,A,2.850,2j1g,A,1.950
7 1nsk,L,2.800,3bbb,A,1.300
8 1t04,B,3.000,1t3f,B,2.000
9 1kiu,B,3.000,1ze3,H,1.840
10 1kv3,A,2.800,2q3z,A,2.000
11 1wqs,A,2.800,2iph,A,1.750
12 3gwp,A,2.900,3i16,A,2.000
13 1c0n,A,2.800,1kmj,A,2.000
14 2r8j,A,3.100,3oha,A,2.000
15 1z5s,C,3.010,2grn,B,1.800
16 3icq,B,3.200,3m1i,A,2.000
17 1nb3,I,2.800,3kfq,C,1.990
18 1otc,A,2.800,2i0q,A,1.910
19 1ue8,A,3.000,3b4x,A,1.940
20 1a4o,A,2.800,2o02,A,1.500
... 40 2o02
/net/chevy/raid1/nigel/amber/hi_lo
/net/chevy/raid1/nigel/amber/hi_lo/o0/2o02
2o02.pdb 4phenix_2o02.pdb
local_archive None
archive PDB None
Reading from local mirror:
  /net/cci/pdb_mirror/pdb/o0/pdb2o02.ent.gz
Model saved to /net/rebus/raid1/scratch1/nigel/amber/hi_lo/o0/2o02/2o02.pdb
Sequence saved to /net/rebus/raid1/scratch1/nigel/amber/hi_lo/o0/2o02/2o02.fa
Reading from local mirror:
  /net/cci/pdb_mirror/structure_factors/o0/r2o02sf.ent.gz
Structure factors saved to /net/rebus/raid1/scratch1/nigel/amber/hi_lo/o0/2o02/2o02-sf.cif
Reading from local mirror:
  /net/cci/pdb_mirror/mmcif/o0/2o02.cif.gz
Model saved to /net/rebus/raid1/scratch1/nigel/amber/hi_lo/o0/2o02/2o02.cif
Can't determine output label for r2o02sf,_refln.crystal_id - skipping.
Can't determine output label for r2o02sf,_refln.scale_group_code - skipping.
Can't determine output label for r2o02sf,_refln.wavelength_id - skipping.
Converted structure factors saved to 2o02.mtz
local_archive None
archive PDB None
Reading from local mirror:
  /net/cci/pdb_mirror/pdb/o0/pdb2o02.ent.gz
Model saved to /net/rebus/raid1/scratch1/nigel/amber/hi_lo/o0/2o02/2o02.pdb
Sequence saved to /net/rebus/raid1/scratch1/nigel/amber/hi_lo/o0/2o02/2o02.fa
Reading from local mirror:
  /net/cci/pdb_mirror/structure_factors/o0/r2o02sf.ent.gz
Structure factors saved to /net/rebus/raid1/scratch1/nigel/amber/hi_lo/o0/2o02/2o02-sf.cif
Reading from local mirror:
  /net/cci/pdb_mirror/mmcif/o0/2o02.cif.gz
Model saved to /net/rebus/raid1/scratch1/nigel/amber/hi_lo/o0/2o02/2o02.cif
Can't determine output label for r2o02sf,_refln.crystal_id - skipping.
Can't determine output label for r2o02sf,_refln.scale_group_code - skipping.
Can't determine output label for r2o02sf,_refln.wavelength_id - skipping.
Converted structure factors saved to 2o02.mtz

==================================================
Summary of pdb4amber for: 2o02.pdb
===================================================

----------Chains
The following (original) chains have been found:
A
B
P
Q

---------- Alternate Locations (Original Residues!))

The following residues had alternate locations:
MET_1
ASP_2
GLU_5
LYS_9
LEU_12
GLN_15
SER_28
ASN_38
LYS_49
SER_57
ARG_60
SER_63
SER_64
GLN_67
ASP_90
SER_93
GLU_96
SER_108
LYS_109
GLN_138
GLN_141
GLU_148
LYS_151
LYS_152
GLN_155
HIS_158
SER_169
LEU_176
SER_178
LYS_181
GLN_232
GLN_239
ARG_284
SER_287
GLU_297
GLN_301
ARG_304
LYS_309
ARG_315
ASP_320
SER_323
LEU_325
GLN_335
LYS_339
ASP_360
LYS_363
SER_369
GLN_371
GLU_378
SER_380
LYS_382
LEU_406
ASN_407
GLU_410
LYS_411
LYS_417
GLU_426
SER_431
LEU_461

---------- Gaps (Renumbered Residues!)
gap of 10.329172 A between LYS 68 and LYS 69

---------- Mising heavy atom(s)

None
The alternate coordinates have been discarded.
Only the first occurrence for each atom was kept.
not prmtop_filename /net/rebus/scratch1/nigel/amber/hi_lo/o0/2o02/4amber_2o02.prmtop
not prmtop_filename /net/chevy/raid1/nigel/amber/hi_lo/o0/2o02/4amber_2o02.prmtop

	Running AmberPrep : 2o02.pdb


==================================================
Running pdb4amber on 2o02.pdb
==================================================

==================================================
Setting up library files for non-standard residues
==================================================

  Residue "BEZ" already in amber monomer library. Skipping elbow/antechamber
    run for this residue.
        

==================================================
Preparing asu files and 4phenix_2o02.pdb
==================================================

~> tleap -f 2o02_asu_tleap_input_run

Checking output filenames
  file : 2o02_asu.prmtop
Sorry:   Output file is empty : 2o02_asu.prmtop
  Check contents of "leap.log"
