HOST rebus.lbl.gov
only_i 24
only_code None
force_amber_prep True
dry_run False
1 1z3z,A,2.900,1zod,A,1.800
2 1psi,A,2.920,3ndd,A,1.500
3 3bpo,A,3.000,3l5w,I,2.000
4 1e6j,P,3.000,3mge,A,1.900
5 1r46,A,3.250,3hg3,A,1.900
6 2j0g,A,2.850,2j1g,A,1.950
7 1nsk,L,2.800,3bbb,A,1.300
8 1t04,B,3.000,1t3f,B,2.000
9 1kiu,B,3.000,1ze3,H,1.840
10 1kv3,A,2.800,2q3z,A,2.000
11 1wqs,A,2.800,2iph,A,1.750
12 3gwp,A,2.900,3i16,A,2.000
... 24 3i16
/net/chevy/raid1/nigel/amber/hi_lo
/net/chevy/raid1/nigel/amber/hi_lo/i1/3i16
3i16.pdb 4phenix_3i16.pdb
local_archive None
archive PDB None
Reading from local mirror:
  /net/cci/pdb_mirror/pdb/i1/pdb3i16.ent.gz
Model saved to /net/rebus/raid1/scratch1/nigel/amber/hi_lo/i1/3i16/3i16.pdb
Sequence saved to /net/rebus/raid1/scratch1/nigel/amber/hi_lo/i1/3i16/3i16.fa
Reading from local mirror:
  /net/cci/pdb_mirror/structure_factors/i1/r3i16sf.ent.gz
Structure factors saved to /net/rebus/raid1/scratch1/nigel/amber/hi_lo/i1/3i16/3i16-sf.cif
Reading from local mirror:
  /net/cci/pdb_mirror/mmcif/i1/3i16.cif.gz
Model saved to /net/rebus/raid1/scratch1/nigel/amber/hi_lo/i1/3i16/3i16.cif
Can't determine output label for r3i16sf,_refln.crystal_id - skipping.
Can't determine output label for r3i16sf,_refln.scale_group_code - skipping.
Can't determine output label for r3i16sf,_refln.wavelength_id - skipping.
Can't determine output label for r3i16Asf,_refln.crystal_id - skipping.
Warning: merging non-unique data
Can't determine output label for r3i16Asf,_refln.scale_group_code - skipping.
Can't determine output label for r3i16Asf,wavelength_id=1,_refln.status - skipping.
Can't determine output label for r3i16Asf,_refln.wavelength_id - skipping.
Can't determine output label for r3i16Bsf,_refln.crystal_id - skipping.
Warning: merging non-unique data
Can't determine output label for r3i16Bsf,_refln.scale_group_code - skipping.
Can't determine output label for r3i16Bsf,wavelength_id=2,_refln.status - skipping.
Can't determine output label for r3i16Bsf,_refln.wavelength_id - skipping.
Can't determine output label for r3i16Csf,_refln.crystal_id - skipping.
Warning: merging non-unique data
Can't determine output label for r3i16Csf,_refln.scale_group_code - skipping.
Can't determine output label for r3i16Csf,wavelength_id=3,_refln.status - skipping.
Can't determine output label for r3i16Csf,_refln.wavelength_id - skipping.
Can't determine output label for r3i16Dsf,_refln.crystal_id - skipping.
Can't determine output label for r3i16Dsf,_refln.scale_group_code - skipping.
Can't determine output label for r3i16Dsf,_refln.wavelength_id - skipping.
Can't determine output label for r3i16Esf,_refln.crystal_id - skipping.
Can't determine output label for r3i16Esf,wavelength_id=1,_refln.pdbx_FWT - skipping.
Can't determine output label for r3i16Esf,_refln.scale_group_code - skipping.
Can't determine output label for r3i16Esf,_refln.wavelength_id - skipping.
Converted structure factors saved to 3i16.mtz
  I(+),SIGI(+),I(-),SIGI(-) is anomalous
  I2(+),SIGI2(+),I2(-),SIGI2(-) is anomalous
  I3(+),SIGI3(+),I3(-),SIGI3(-) is anomalous
local_archive None
archive PDB None
Reading from local mirror:
  /net/cci/pdb_mirror/pdb/i1/pdb3i16.ent.gz
Model saved to /net/rebus/raid1/scratch1/nigel/amber/hi_lo/i1/3i16/3i16.pdb
Sequence saved to /net/rebus/raid1/scratch1/nigel/amber/hi_lo/i1/3i16/3i16.fa
Reading from local mirror:
  /net/cci/pdb_mirror/structure_factors/i1/r3i16sf.ent.gz
Structure factors saved to /net/rebus/raid1/scratch1/nigel/amber/hi_lo/i1/3i16/3i16-sf.cif
Reading from local mirror:
  /net/cci/pdb_mirror/mmcif/i1/3i16.cif.gz
Model saved to /net/rebus/raid1/scratch1/nigel/amber/hi_lo/i1/3i16/3i16.cif
Can't determine output label for r3i16sf,_refln.crystal_id - skipping.
Can't determine output label for r3i16sf,_refln.scale_group_code - skipping.
Can't determine output label for r3i16sf,_refln.wavelength_id - skipping.
Can't determine output label for r3i16Asf,_refln.crystal_id - skipping.
Warning: merging non-unique data
Can't determine output label for r3i16Asf,_refln.scale_group_code - skipping.
Can't determine output label for r3i16Asf,wavelength_id=1,_refln.status - skipping.
Can't determine output label for r3i16Asf,_refln.wavelength_id - skipping.
Can't determine output label for r3i16Bsf,_refln.crystal_id - skipping.
Warning: merging non-unique data
Can't determine output label for r3i16Bsf,_refln.scale_group_code - skipping.
Can't determine output label for r3i16Bsf,wavelength_id=2,_refln.status - skipping.
Can't determine output label for r3i16Bsf,_refln.wavelength_id - skipping.
Can't determine output label for r3i16Csf,_refln.crystal_id - skipping.
Warning: merging non-unique data
Can't determine output label for r3i16Csf,_refln.scale_group_code - skipping.
Can't determine output label for r3i16Csf,wavelength_id=3,_refln.status - skipping.
Can't determine output label for r3i16Csf,_refln.wavelength_id - skipping.
Can't determine output label for r3i16Dsf,_refln.crystal_id - skipping.
Can't determine output label for r3i16Dsf,_refln.scale_group_code - skipping.
Can't determine output label for r3i16Dsf,_refln.wavelength_id - skipping.
Can't determine output label for r3i16Esf,_refln.crystal_id - skipping.
Can't determine output label for r3i16Esf,wavelength_id=1,_refln.pdbx_FWT - skipping.
Can't determine output label for r3i16Esf,_refln.scale_group_code - skipping.
Can't determine output label for r3i16Esf,_refln.wavelength_id - skipping.
Converted structure factors saved to 3i16.mtz
  I(+),SIGI(+),I(-),SIGI(-) is anomalous
  I2(+),SIGI2(+),I2(-),SIGI2(-) is anomalous
  I3(+),SIGI3(+),I3(-),SIGI3(-) is anomalous

==================================================
Summary of pdb4amber for: 3i16.pdb
===================================================
REDUCE returned non-zero exit status: See reduce_info.log for more details

----------Chains
The following (original) chains have been found:
A
B
C
D

---------- Alternate Locations (Original Residues!))

The following residues had alternate locations:
ASN_28
GLN_33
LYS_161
SER_289
MSE_290
ASN_438
GLU_448
ILE_460
TYR_494
GLU_548
TYR_550
LYS_668
MSE_714
LYS_753
SER_760
ILE_761
ASN_865
ARG_869
ASN_879
ARG_907
THR_979
GLU_1024
ILE_1065
GLU_1130
VAL_1138
MSE_1141
LYS_1195
LYS_1201
VAL_1213
LYS_1290
GLN_1311
GLU_1337
GLU_1367
GLU_1444
SER_1479
ILE_1554
GLU_1557
SER_1567
MSE_1568
SER_1614
VAL_1654
HOH_1768
HOH_2025
HOH_2070
HOH_2295
HOH_2500

---------- Gaps (Renumbered Residues!)
gap of 3.727388 A between GLY 1 and LEU 3
gap of 3.250248 A between ALA 26 and ASN 28
gap of 4.231147 A between THR 117 and LEU 119
gap of 3.118396 A between ASN 140 and GLY 142
gap of 3.243759 A between PHE 224 and ASP 226
gap of 3.404913 A between SER 289 and TYR 291
gap of 3.401500 A between SER 301 and GLU 303
gap of 3.288943 A between ILE 314 and GLU 316
gap of 4.378161 A between VAL 322 and PRO 324
gap of 7.104740 A between ASP 368 and THR 370
gap of 4.451903 A between ILE 374 and ALA 376
gap of 3.715262 A between GLY 425 and LEU 427
gap of 3.298539 A between ALA 450 and ASN 452
gap of 4.304971 A between THR 541 and LEU 543
gap of 3.182943 A between ASN 564 and GLY 566
gap of 3.242928 A between PHE 648 and ASP 650
gap of 3.423104 A between SER 713 and TYR 715
gap of 3.388081 A between SER 725 and GLU 727
gap of 3.357756 A between ILE 738 and GLU 740
gap of 4.361301 A between VAL 746 and PRO 748
gap of 3.958669 A between ASP 792 and PRO 794
gap of 4.358879 A between ILE 801 and ALA 803
gap of 3.725918 A between GLY 852 and LEU 854
gap of 3.263498 A between ALA 877 and ASN 879
gap of 4.212171 A between THR 968 and LEU 970
gap of 3.132469 A between ASN 991 and GLY 993
gap of 3.215675 A between PHE 1075 and ASP 1077
gap of 3.406909 A between SER 1140 and TYR 1142
gap of 3.380656 A between SER 1152 and GLU 1154
gap of 3.346691 A between ILE 1165 and GLU 1167
gap of 4.431945 A between VAL 1173 and PRO 1175
gap of 4.079757 A between ASP 1219 and PRO 1221
gap of 4.491002 A between ILE 1228 and ALA 1230
gap of 3.807286 A between GLY 1279 and LEU 1281
gap of 3.321011 A between ALA 1304 and ASN 1306
gap of 4.281625 A between THR 1395 and LEU 1397
gap of 3.077047 A between ASN 1418 and GLY 1420
gap of 3.230122 A between PHE 1502 and ASP 1504
gap of 3.421648 A between SER 1567 and TYR 1569
gap of 3.389136 A between SER 1579 and GLU 1581
gap of 3.329648 A between ILE 1592 and GLU 1594
gap of 4.396380 A between VAL 1600 and PRO 1602
gap of 4.354875 A between ASP 1646 and PRO 1648
gap of 4.479681 A between ILE 1655 and ALA 1657

---------- Mising heavy atom(s)

LYS_11 misses 4 heavy atom(s)
LYS_12 misses 3 heavy atom(s)
LYS_21 misses 4 heavy atom(s)
GLU_24 misses 3 heavy atom(s)
LYS_35 misses 2 heavy atom(s)
GLU_59 misses 3 heavy atom(s)
ASN_64 misses 3 heavy atom(s)
TYR_70 misses 7 heavy atom(s)
THR_136 misses 2 heavy atom(s)
GLU_137 misses 4 heavy atom(s)
GLU_158 misses 4 heavy atom(s)
GLU_165 misses 4 heavy atom(s)
LYS_172 misses 2 heavy atom(s)
TYR_188 misses 7 heavy atom(s)
ARG_192 misses 6 heavy atom(s)
GLU_197 misses 4 heavy atom(s)
LYS_211 misses 4 heavy atom(s)
LYS_325 misses 2 heavy atom(s)
TRP_367 misses 9 heavy atom(s)
THR_370 misses 2 heavy atom(s)
LYS_436 misses 3 heavy atom(s)
LYS_445 misses 1 heavy atom(s)
LYS_459 misses 2 heavy atom(s)
THR_560 misses 2 heavy atom(s)
GLU_561 misses 4 heavy atom(s)
GLU_582 misses 3 heavy atom(s)
LYS_635 misses 4 heavy atom(s)
LYS_749 misses 2 heavy atom(s)
LYS_766 misses 1 heavy atom(s)
LYS_863 misses 3 heavy atom(s)
LYS_872 misses 3 heavy atom(s)
THR_987 misses 2 heavy atom(s)
GLU_1009 misses 4 heavy atom(s)
LYS_1180 misses 2 heavy atom(s)
LYS_1299 misses 2 heavy atom(s)
THR_1414 misses 2 heavy atom(s)
GLU_1415 misses 4 heavy atom(s)
LYS_1423 misses 2 heavy atom(s)
GLU_1436 misses 4 heavy atom(s)
TYR_1466 misses 7 heavy atom(s)
ARG_1470 misses 6 heavy atom(s)
LYS_1489 misses 4 heavy atom(s)
LYS_1603 misses 1 heavy atom(s)
TYR_1650 misses 7 heavy atom(s)
The alternate coordinates have been discarded.
Only the first occurrence for each atom was kept.
not prmtop_filename /net/rebus/scratch1/nigel/amber/hi_lo/i1/3i16/4amber_3i16.prmtop
not prmtop_filename /net/chevy/raid1/nigel/amber/hi_lo/i1/3i16/4amber_3i16.prmtop

	Running AmberPrep : 3i16.pdb


==================================================
Running pdb4amber on 3i16.pdb
==================================================

==================================================
Setting up library files for non-standard residues
==================================================

==================================================
Running elbow/antechamber for MSE 
==================================================
--------------------------------------------------------------------------------
['/tmp/6368459.24.all.q/tmp_PxicX', '/tmp/6368459.24.all.q/tmp8Mzkk6']
/tmp/6368459.24.all.q/tmp_PxicX
  Monomer Library directory:
    "/net/cci-filer2/raid1/xp/phenix/phenix-svn/modules/chem_data/mon_lib"
  Total number of atoms: 19
  Number of models: 1
  Model: ""
    Number of chains: 1
    Chain: "A"
      Number of atoms: 19
      Number of conformers: 1
      Conformer: ""
        Number of residues, atoms: 1, 17
          Duplicate atoms: {'MSE,HB2': 1, 'MSE,HG2': 1}
          Classifications: {'peptide': 1}
  Number of atoms with unknown nonbonded energy type symbols: 2
    "HETATM   13  HB3 MSE A   1 .*.A    H  "
    "HETATM   15  HG3 MSE A   1 .*.A    H  "
  Time building chain proxies: 0.02, per 1000 atoms: 1.05

--------------------------------------------------------------------------------

MoleculeClass :  C: 5  N: 1  O: 2 Se: 1 (CHEMICAL COMPONENTS format)
	19 atoms
	18 bonds
	31 angles
	36 dihedrals
	0 rings (groups, rings, atoms) 0 0
	1 chirals : S 

~> antechamber -i 4antechamber_MSE.pdb -fi pdb -o MSE.mol2 -fo mol2       -nc -1 -m 1 -s 2 -pf y -c bcc -at gaff2 -ek "qm_theory='AM1', grms_tol=0.0005, scfconv=1.d-10, maxcyc=0, ndiis_attempts=700,"


~> parmchk2 -s 2 -i MSE.mol2 -f mol2 -o MSE.frcmod


  Residue "EDO" already in amber monomer library. Skipping elbow/antechamber
    run for this residue.
        

  Residue "PLP" already in amber monomer library. Skipping elbow/antechamber
    run for this residue.
        

==================================================
Preparing asu files and 4phenix_3i16.pdb
==================================================

~> tleap -f 3i16_asu_tleap_input_run

Checking output filenames
  file : 3i16_asu.prmtop
Sorry:   Output file is empty : 3i16_asu.prmtop
  Check contents of "leap.log"
