HOST rebus.lbl.gov
only_i 124
only_code None
force_amber_prep True
dry_run False
1 1z3z,A,2.900,1zod,A,1.800
2 1psi,A,2.920,3ndd,A,1.500
3 3bpo,A,3.000,3l5w,I,2.000
4 1e6j,P,3.000,3mge,A,1.900
5 1r46,A,3.250,3hg3,A,1.900
6 2j0g,A,2.850,2j1g,A,1.950
7 1nsk,L,2.800,3bbb,A,1.300
8 1t04,B,3.000,1t3f,B,2.000
9 1kiu,B,3.000,1ze3,H,1.840
10 1kv3,A,2.800,2q3z,A,2.000
11 1wqs,A,2.800,2iph,A,1.750
12 3gwp,A,2.900,3i16,A,2.000
13 1c0n,A,2.800,1kmj,A,2.000
14 2r8j,A,3.100,3oha,A,2.000
15 1z5s,C,3.010,2grn,B,1.800
16 3icq,B,3.200,3m1i,A,2.000
17 1nb3,I,2.800,3kfq,C,1.990
18 1otc,A,2.800,2i0q,A,1.910
19 1ue8,A,3.000,3b4x,A,1.940
20 1a4o,A,2.800,2o02,A,1.500
21 1t6i,A,2.810,3g4z,A,1.870
22 1de9,A,3.000,2o3h,A,1.900
23 2j6e,L,3.000,3n9g,L,1.434
24 3hrk,A,3.050,3lc0,A,1.800
25 2ecp,A,2.950,2asv,A,1.950
26 1z8l,A,3.500,2xeg,A,1.590
27 1ere,A,3.100,2r6w,A,2.000
28 1xni,A,2.800,3lh0,A,1.900
29 2pl0,A,2.800,3mpm,A,1.950
30 1pxt,A,2.800,1afw,A,1.800
31 1bmf,A,2.850,2jdi,A,1.900
32 2g3k,A,3.050,2j9u,A,2.000
33 3m9b,A,3.940,3m9h,A,2.000
34 2i0v,A,2.800,3dpk,A,1.950
35 1kiu,A,3.000,3bwu,C,1.760
36 1nys,A,3.050,2h62,D,1.850
37 1rgq,C,2.900,2o8m,C,2.000
38 1fg5,N,2.800,2vs4,A,1.770
39 1sj5,A,2.800,1vjl,A,1.900
40 2f7k,A,2.800,2yxt,A,2.000
41 1yrp,A,3.100,3bqr,A,1.750
42 3a7a,B,3.100,3ab9,A,1.650
43 2vhg,A,2.900,2vjv,A,1.900
44 1blf,A,2.800,3kj7,A,1.910
45 1pma,1,3.400,1yar,H,1.900
46 2bp2,A,3.000,2zp3,A,1.900
47 2oqj,A,2.800,3oaz,K,1.750
48 1fvv,B,2.800,3ddq,B,1.800
49 1qlr,A,2.830,3eo0,A,1.750
50 2fhg,2,3.230,2jay,A,1.990
51 1io4,A,3.000,2e42,A,1.800
52 2i22,A,2.800,2i2w,A,1.950
53 1bot,O,3.050,3ezw,A,2.000
54 1fnt,c,3.200,1yar,O,1.900
55 1htn,A,2.800,1tn3,A,2.000
56 1x75,C,2.800,3hpw,A,1.452
57 1b7b,A,2.800,2we5,A,1.390
58 2not,A,3.000,1ae7,A,2.000
59 1kfl,A,2.800,1n8f,A,1.750
60 2jla,A,2.810,3hww,A,1.950
61 2bct,A,2.900,1i7w,A,2.000
62 2pcb,B,2.800,2b4z,A,1.500
... 124 2b4z
/net/chevy/raid1/nigel/amber/hi_lo
/net/chevy/raid1/nigel/amber/hi_lo/b4/2b4z
2b4z.pdb 4phenix_2b4z.pdb
local_archive None
archive PDB None
Reading from local mirror:
  /net/cci/pdb_mirror/pdb/b4/pdb2b4z.ent.gz
Model saved to /net/rebus/raid1/scratch1/nigel/amber/hi_lo/b4/2b4z/2b4z.pdb
Sequence saved to /net/rebus/raid1/scratch1/nigel/amber/hi_lo/b4/2b4z/2b4z.fa
Reading from local mirror:
  /net/cci/pdb_mirror/structure_factors/b4/r2b4zsf.ent.gz
Structure factors saved to /net/rebus/raid1/scratch1/nigel/amber/hi_lo/b4/2b4z/2b4z-sf.cif
Reading from local mirror:
  /net/cci/pdb_mirror/mmcif/b4/2b4z.cif.gz
Model saved to /net/rebus/raid1/scratch1/nigel/amber/hi_lo/b4/2b4z/2b4z.cif
Can't determine output label for r2b4zsf,_refln.crystal_id - skipping.
Can't determine output label for r2b4zsf,_refln.scale_group_code - skipping.
Can't determine output label for r2b4zsf,_refln.wavelength_id - skipping.
Converted structure factors saved to 2b4z.mtz
local_archive None
archive PDB None
Reading from local mirror:
  /net/cci/pdb_mirror/pdb/b4/pdb2b4z.ent.gz
Model saved to /net/rebus/raid1/scratch1/nigel/amber/hi_lo/b4/2b4z/2b4z.pdb
Sequence saved to /net/rebus/raid1/scratch1/nigel/amber/hi_lo/b4/2b4z/2b4z.fa
Reading from local mirror:
  /net/cci/pdb_mirror/structure_factors/b4/r2b4zsf.ent.gz
Structure factors saved to /net/rebus/raid1/scratch1/nigel/amber/hi_lo/b4/2b4z/2b4z-sf.cif
Reading from local mirror:
  /net/cci/pdb_mirror/mmcif/b4/2b4z.cif.gz
Model saved to /net/rebus/raid1/scratch1/nigel/amber/hi_lo/b4/2b4z/2b4z.cif
Can't determine output label for r2b4zsf,_refln.crystal_id - skipping.
Can't determine output label for r2b4zsf,_refln.scale_group_code - skipping.
Can't determine output label for r2b4zsf,_refln.wavelength_id - skipping.
Converted structure factors saved to 2b4z.mtz

==================================================
Summary of pdb4amber for: 2b4z.pdb
===================================================

----------Chains
The following (original) chains have been found:
A

---------- Alternate Locations (Original Residues!))

The following residues had alternate locations:
VAL_11
GLN_12
LYS_13
ASN_52
LYS_53
GLU_61
GLU_62
THR_63
MET_65
GLU_66
ARG_91
GLU_92

---------- Mising heavy atom(s)

None
The alternate coordinates have been discarded.
Only the first occurrence for each atom was kept.
not prmtop_filename /net/rebus/scratch1/nigel/amber/hi_lo/b4/2b4z/4amber_2b4z.prmtop
not prmtop_filename /net/chevy/raid1/nigel/amber/hi_lo/b4/2b4z/4amber_2b4z.prmtop

	Running AmberPrep : 2b4z.pdb


==================================================
Running pdb4amber on 2b4z.pdb
==================================================

==================================================
Setting up library files for non-standard residues
==================================================

==================================================
Running elbow/antechamber for HEM 
==================================================
	Difficulties in the ring structures may lead to problems later

   Residue has metal at the centre of a coordination sphere. Using input
   geometry to generate restraints. Hydrogens may not be added.
   

MoleculeClass :  C:34  N: 4  O: 4 Fe: 1 (CHEMICAL COMPONENTS format)
	73 atoms
	80 bonds
	144 angles
	218 dihedrals
	1 rings (groups, rings, atoms) 8 44
	0 chirals

~> antechamber -i 4antechamber_HEM.pdb -fi pdb -o HEM.mol2 -fo mol2       -nc -2 -m 1 -s 2 -pf y -c bcc -at gaff2 -ek "qm_theory='AM1', grms_tol=0.0005, scfconv=1.d-10, maxcyc=0, ndiis_attempts=700,"

(2) adjust atom valence penalty parameters in APS.DAT, and/or 
Sorry: Error: cannot run "/net/cci-filer2/raid1/xp/phenix/phenix-svn/modules/amber/bin/sqm -O -i sqm.in -o sqm.out" of bcc() in charge.c properly, exit
