HOST rebus.lbl.gov
only_i 46
only_code None
force_amber_prep True
dry_run False
1 1z3z,A,2.900,1zod,A,1.800
2 1psi,A,2.920,3ndd,A,1.500
3 3bpo,A,3.000,3l5w,I,2.000
4 1e6j,P,3.000,3mge,A,1.900
5 1r46,A,3.250,3hg3,A,1.900
6 2j0g,A,2.850,2j1g,A,1.950
7 1nsk,L,2.800,3bbb,A,1.300
8 1t04,B,3.000,1t3f,B,2.000
9 1kiu,B,3.000,1ze3,H,1.840
10 1kv3,A,2.800,2q3z,A,2.000
11 1wqs,A,2.800,2iph,A,1.750
12 3gwp,A,2.900,3i16,A,2.000
13 1c0n,A,2.800,1kmj,A,2.000
14 2r8j,A,3.100,3oha,A,2.000
15 1z5s,C,3.010,2grn,B,1.800
16 3icq,B,3.200,3m1i,A,2.000
17 1nb3,I,2.800,3kfq,C,1.990
18 1otc,A,2.800,2i0q,A,1.910
19 1ue8,A,3.000,3b4x,A,1.940
20 1a4o,A,2.800,2o02,A,1.500
21 1t6i,A,2.810,3g4z,A,1.870
22 1de9,A,3.000,2o3h,A,1.900
23 2j6e,L,3.000,3n9g,L,1.434
... 46 3n9g
/net/chevy/raid1/nigel/amber/hi_lo
/net/chevy/raid1/nigel/amber/hi_lo/n9/3n9g
3n9g.pdb 4phenix_3n9g.pdb
local_archive None
archive PDB None
Reading from local mirror:
  /net/cci/pdb_mirror/pdb/n9/pdb3n9g.ent.gz
Model saved to /net/rebus/raid1/scratch1/nigel/amber/hi_lo/n9/3n9g/3n9g.pdb
Sequence saved to /net/rebus/raid1/scratch1/nigel/amber/hi_lo/n9/3n9g/3n9g.fa
Reading from local mirror:
  /net/cci/pdb_mirror/structure_factors/n9/r3n9gsf.ent.gz
Structure factors saved to /net/rebus/raid1/scratch1/nigel/amber/hi_lo/n9/3n9g/3n9g-sf.cif
Reading from local mirror:
  /net/cci/pdb_mirror/mmcif/n9/3n9g.cif.gz
Model saved to /net/rebus/raid1/scratch1/nigel/amber/hi_lo/n9/3n9g/3n9g.cif
Can't determine output label for r3n9gsf,_refln.crystal_id - skipping.
Can't determine output label for r3n9gsf,_refln.scale_group_code - skipping.
Can't determine output label for r3n9gsf,_refln.wavelength_id - skipping.
Converted structure factors saved to 3n9g.mtz
local_archive None
archive PDB None
Reading from local mirror:
  /net/cci/pdb_mirror/pdb/n9/pdb3n9g.ent.gz
Model saved to /net/rebus/raid1/scratch1/nigel/amber/hi_lo/n9/3n9g/3n9g.pdb
Sequence saved to /net/rebus/raid1/scratch1/nigel/amber/hi_lo/n9/3n9g/3n9g.fa
Reading from local mirror:
  /net/cci/pdb_mirror/structure_factors/n9/r3n9gsf.ent.gz
Structure factors saved to /net/rebus/raid1/scratch1/nigel/amber/hi_lo/n9/3n9g/3n9g-sf.cif
Reading from local mirror:
  /net/cci/pdb_mirror/mmcif/n9/3n9g.cif.gz
Model saved to /net/rebus/raid1/scratch1/nigel/amber/hi_lo/n9/3n9g/3n9g.cif
Can't determine output label for r3n9gsf,_refln.crystal_id - skipping.
Can't determine output label for r3n9gsf,_refln.scale_group_code - skipping.
Can't determine output label for r3n9gsf,_refln.wavelength_id - skipping.
Converted structure factors saved to 3n9g.mtz

==================================================
Summary of pdb4amber for: 3n9g.pdb
===================================================
REDUCE returned non-zero exit status: See reduce_info.log for more details

----------Chains
The following (original) chains have been found:
H
L

---------- Alternate Locations (Original Residues!))

The following residues had alternate locations:
GLN_3
LYS_13
SER_17
MET_34
GLN_43
GLN_65
SER_84
ARG_87
CYS_96
SER_123
SER_125
CYS_150
LYS_153
VAL_160
SER_171
GLN_181
SER_182
VAL_191
SER_196
CYS_206
ASN_209
ASP_218
ARG_220
LYS_224
GLN_284
SER_287
SER_307
SER_352
ASN_366
LEU_370
SER_375
LYS_404
LEU_418

---------- Mising heavy atom(s)

None
The alternate coordinates have been discarded.
Only the first occurrence for each atom was kept.
not prmtop_filename /net/rebus/scratch1/nigel/amber/hi_lo/n9/3n9g/4amber_3n9g.prmtop
not prmtop_filename /net/chevy/raid1/nigel/amber/hi_lo/n9/3n9g/4amber_3n9g.prmtop

	Running AmberPrep : 3n9g.pdb


==================================================
Running pdb4amber on 3n9g.pdb
==================================================

==================================================
Setting up library files for non-standard residues
==================================================

==================================================
Running elbow/antechamber for PCA 
==================================================

MoleculeClass :  C: 5  N: 1  O: 3 (CHEMICAL COMPONENTS format)
	15 atoms
	15 bonds
	27 angles
	40 dihedrals
	1 rings (groups, rings, atoms) 1 5
	1 chirals : S 

~> antechamber -i 4antechamber_PCA.pdb -fi pdb -o PCA.mol2 -fo mol2       -nc -1 -m 1 -s 2 -pf y -c bcc -at gaff2 -ek "qm_theory='AM1', grms_tol=0.0005, scfconv=1.d-10, maxcyc=0, ndiis_attempts=700,"


~> parmchk2 -s 2 -i PCA.mol2 -f mol2 -o PCA.frcmod


==================================================
Preparing asu files and 4phenix_3n9g.pdb
==================================================

~> tleap -f 3n9g_asu_tleap_input_run

Checking output filenames
  file : 3n9g_asu.prmtop
Sorry:   Output file is empty : 3n9g_asu.prmtop
  Check contents of "leap.log"
