HOST morse.lbl.gov
only_i 116
only_code None
force_amber_prep True
dry_run False
... 116 1ae7
/net/chevy/raid1/nigel/amber/hi_lo
/net/chevy/raid1/nigel/amber/hi_lo/ae/1ae7
1ae7.pdb 4phenix_1ae7.pdb
1ae7.pdb 4phenix_1ae7.pdb
local_archive None
archive PDB None
Reading from local mirror:
  /net/cci/pdb_mirror/pdb/ae/pdb1ae7.ent.gz
Model saved to /net/morse/raid1/scratch1/nigel/amber/hi_lo/ae/1ae7/1ae7.pdb
Sequence saved to /net/morse/raid1/scratch1/nigel/amber/hi_lo/ae/1ae7/1ae7.fa
Reading from local mirror:
  /net/cci/pdb_mirror/structure_factors/ae/r1ae7sf.ent.gz
Structure factors saved to /net/morse/raid1/scratch1/nigel/amber/hi_lo/ae/1ae7/1ae7-sf.cif
Reading from local mirror:
  /net/cci/pdb_mirror/mmcif/ae/1ae7.cif.gz
Model saved to /net/morse/raid1/scratch1/nigel/amber/hi_lo/ae/1ae7/1ae7.cif
Can't determine output label for r1ae7sf,_refln.crystal_id - skipping.
Can't determine output label for r1ae7sf,_refln.scale_group_code - skipping.
Can't determine output label for r1ae7sf,_refln.wavelength_id - skipping.
Converted structure factors saved to 1ae7.mtz
local_archive None
archive PDB None
Reading from local mirror:
  /net/cci/pdb_mirror/pdb/ae/pdb1ae7.ent.gz
Model saved to /net/morse/raid1/scratch1/nigel/amber/hi_lo/ae/1ae7/1ae7.pdb
Sequence saved to /net/morse/raid1/scratch1/nigel/amber/hi_lo/ae/1ae7/1ae7.fa
Reading from local mirror:
  /net/cci/pdb_mirror/structure_factors/ae/r1ae7sf.ent.gz
Structure factors saved to /net/morse/raid1/scratch1/nigel/amber/hi_lo/ae/1ae7/1ae7-sf.cif
Reading from local mirror:
  /net/cci/pdb_mirror/mmcif/ae/1ae7.cif.gz
Model saved to /net/morse/raid1/scratch1/nigel/amber/hi_lo/ae/1ae7/1ae7.cif
Can't determine output label for r1ae7sf,_refln.crystal_id - skipping.
Can't determine output label for r1ae7sf,_refln.scale_group_code - skipping.
Can't determine output label for r1ae7sf,_refln.wavelength_id - skipping.
Converted structure factors saved to 1ae7.mtz

==================================================
Summary of pdb4amber for: 1ae7.pdb
===================================================

----------Chains
The following (original) chains have been found:
A

---------- Alternate Locations (Original Residues!))

The following residues had alternate locations:
None

---------- Mising heavy atom(s)

None

==================================================
Summary of pdb4amber for: 1ae7_4tleap_uc1.pdb
===================================================

----------Chains
The following (original) chains have been found:
A

---------- Alternate Locations (Original Residues!))

The following residues had alternate locations:
None

---------- Mising heavy atom(s)

None
not prmtop_filename /net/morse/scratch1/nigel/amber/hi_lo/ae/1ae7/4amber_1ae7.prmtop

	Running AmberPrep : 1ae7.pdb


==================================================
Running pdb4amber on 1ae7.pdb
==================================================

==================================================
Setting up library files for non-standard residues
==================================================

  Residue "SO4" already in amber monomer library. Skipping elbow/antechamber
    run for this residue.
        

==================================================
Preparing asu files and 4phenix_1ae7.pdb
==================================================

~> tleap -f 1ae7_asu_tleap_input_run

Checking output filenames
  file : 1ae7_asu.prmtop
  file : 1ae7_asu.rst7

~> ChBox -c 1ae7_asu.rst7 -o 1ae7_asu.rst7 -X 74.6 -Y 74.6 -Z 49.0 -al 90.0 -bt 90.0 -gm 120.0 


============================================================
Preparing unit cell files: 4amber_1ae7.prmtop and 4amber_1ae7.rst7
============================================================

~> UnitCell -p 1ae7_4UnitCell.pdb -o 1ae7_4tleap_uc1.pdb


~> tleap -f 1ae7_uc_tleap_input_run

Checking output filenames
  file : 1ae7_uc.prmtop
  file : 1ae7_uc.rst7

~> ChBox -c 1ae7_uc.rst7 -o 1ae7_uc.rst7 -X 74.6 -Y 74.6 -Z 49.0 -al 90.0 -bt 90.0 -gm 120.0 


==================================================
Minimizing input coordinates.
==================================================

~> sander -O -i 1ae7_amber_all.in -p 4amber_1ae7.prmtop -c 4amber_1ae7.rst7 -o 1ae7.min.out            -ref 4amber_1ae7.rst7 -r 4amber_1ae7.min.rst7

checking special positions in 4phenix_1ae7.pdb

==================================================
Done.  Three new files have been made:
      4phenix_1ae7.pdb
      4amber_1ae7.prmtop
      4amber_1ae7.rst7
==================================================

Example

  phenix.refine 4phenix_1ae7.pdb use_amber=True \
    amber.topology_file_name=4amber_1ae7.prmtop \
    amber.coordinate_file_name=4amber_1ae7.rst7 \
    ....(other refinement keywords here).....



Substituting Amber PDB file for downloaded file
run_tests_local.py:222: UserWarning: os.system() is not safe: please use the subprocess module or libtbx.easy_run instead.
  os.system(cmd)

  Amber files
    PDB    : 1ae7.pdb
    MTZ    : 1ae7.mtz
    prmtop : 4amber_1ae7.prmtop
    rst7   : 4amber_1ae7.rst7
  
/net/morse/raid1/scratch1/nigel/amber/hi_lo/ae/1ae7
return_files 1ae7
/net/chevy/raid1/nigel/amber/hi_lo
4amber_1ae7.pdb
4phenix_1ae7.pdb
cp 4phenix_1ae7.pdb /net/chevy/raid1/nigel/amber/hi_lo/ae/1ae7
1ae7.pdb
cp 1ae7.pdb /net/chevy/raid1/nigel/amber/hi_lo/ae/1ae7
4amber_1ae7.mtz
4phenix_1ae7.mtz
1ae7.mtz
cp 1ae7.mtz /net/chevy/raid1/nigel/amber/hi_lo/ae/1ae7
4amber_1ae7.rst7
cp 4amber_1ae7.rst7 /net/chevy/raid1/nigel/amber/hi_lo/ae/1ae7
4phenix_1ae7.rst7
1ae7.rst7
4amber_1ae7.prmtop
cp 4amber_1ae7.prmtop /net/chevy/raid1/nigel/amber/hi_lo/ae/1ae7
4phenix_1ae7.prmtop
1ae7.prmtop
4amber_1ae7_refine_001.log
4phenix_1ae7_refine_001.log
1ae7_refine_001.log
4amber_1ae7_refine_002.log
4phenix_1ae7_refine_002.log
1ae7_refine_002.log
4amber_1ae7_refine_001.pdb
4phenix_1ae7_refine_001.pdb
1ae7_refine_001.pdb
4amber_1ae7_refine_002.pdb
4phenix_1ae7_refine_002.pdb
1ae7_refine_002.pdb
local_archive /net/chevy/raid1/nigel/amber/hi_lo
archive PDB /net/chevy/raid1/nigel/amber/hi_lo/ae/1ae7/1ae7.pdb
/net/morse/raid1/scratch1/nigel/amber/hi_lo/ae/1ae7
------------------------------
phenix.refine log filename ? > /net/chevy/raid1/nigel/amber/hi_lo/ae/1ae7/1ae7_refine_001.log
------------------------------

	Already done (on chevy) 1ae7_refine_001
------------------------------
phenix.refine log filename ? > /net/chevy/raid1/nigel/amber/hi_lo/ae/1ae7/1ae7_refine_002.log
------------------------------

	Already done (on chevy) 1ae7_refine_002
