HOST morse.lbl.gov
only_i 300
only_code None
force_amber_prep True
dry_run False
... 300 3eqc
/net/chevy/raid1/nigel/amber/hi_lo
/net/chevy/raid1/nigel/amber/hi_lo/eq/3eqc
3eqc.pdb 4phenix_3eqc.pdb
local_archive None
archive PDB None
Reading from local mirror:
  /net/cci/pdb_mirror/pdb/eq/pdb3eqc.ent.gz
Model saved to /net/morse/raid1/scratch1/nigel/amber/hi_lo/eq/3eqc/3eqc.pdb
Sequence saved to /net/morse/raid1/scratch1/nigel/amber/hi_lo/eq/3eqc/3eqc.fa
Reading from local mirror:
  /net/cci/pdb_mirror/structure_factors/eq/r3eqcsf.ent.gz
Structure factors saved to /net/morse/raid1/scratch1/nigel/amber/hi_lo/eq/3eqc/3eqc-sf.cif
Reading from local mirror:
  /net/cci/pdb_mirror/mmcif/eq/3eqc.cif.gz
Model saved to /net/morse/raid1/scratch1/nigel/amber/hi_lo/eq/3eqc/3eqc.cif
Can't determine output label for r3eqcsf,_refln.crystal_id - skipping.
Can't determine output label for r3eqcsf,_refln.scale_group_code - skipping.
Can't determine output label for r3eqcsf,_refln.wavelength_id - skipping.
Converted structure factors saved to 3eqc.mtz
local_archive None
archive PDB None
Reading from local mirror:
  /net/cci/pdb_mirror/pdb/eq/pdb3eqc.ent.gz
Model saved to /net/morse/raid1/scratch1/nigel/amber/hi_lo/eq/3eqc/3eqc.pdb
Sequence saved to /net/morse/raid1/scratch1/nigel/amber/hi_lo/eq/3eqc/3eqc.fa
Reading from local mirror:
  /net/cci/pdb_mirror/structure_factors/eq/r3eqcsf.ent.gz
Structure factors saved to /net/morse/raid1/scratch1/nigel/amber/hi_lo/eq/3eqc/3eqc-sf.cif
Reading from local mirror:
  /net/cci/pdb_mirror/mmcif/eq/3eqc.cif.gz
Model saved to /net/morse/raid1/scratch1/nigel/amber/hi_lo/eq/3eqc/3eqc.cif
Can't determine output label for r3eqcsf,_refln.crystal_id - skipping.
Can't determine output label for r3eqcsf,_refln.scale_group_code - skipping.
Can't determine output label for r3eqcsf,_refln.wavelength_id - skipping.
Converted structure factors saved to 3eqc.mtz

==================================================
Summary of pdb4amber for: 3eqc.pdb
===================================================

----------Chains
The following (original) chains have been found:
A

---------- Alternate Locations (Original Residues!))

The following residues had alternate locations:
CYS_169
ASP_170
not prmtop_filename /net/morse/scratch1/nigel/amber/hi_lo/eq/3eqc/4amber_3eqc.prmtop
not prmtop_filename /net/chevy/raid1/nigel/amber/hi_lo/eq/3eqc/4amber_3eqc.prmtop

	Running AmberPrep : 3eqc.pdb


==================================================
Running pdb4amber on 3eqc.pdb
==================================================
Traceback (most recent call last):
  File "run_tests_local.py", line 323, in <module>
    run(*tuple(args))
  File "run_tests_local.py", line 307, in run
    w2 = run_all_tests(code, force_amber_prep=force_amber_prep)
  File "run_tests_local.py", line 93, in run_all_tests
    "clean=on",
  File "/net/cci-filer2/raid1/xp/phenix/phenix-svn/modules/amber_adaptbx/command_line/AmberPrepClass.py", line 951, in run
    arg_conect=False,
  File "/net/cci-filer2/raid1/xp/phenix/phenix-svn/modules/amber/lib/python2.7/site-packages/pdb4amber/pdb4amber.py", line 522, in run
    gaplist = pdbfixer.find_gaps()
  File "/net/cci-filer2/raid1/xp/phenix/phenix-svn/modules/amber/lib/python2.7/site-packages/pdb4amber/pdb4amber.py", line 212, in find_gaps
    C_atom = parm.atoms[C_atoms[i]]
IndexError: list index out of range
