HOST lewis.lbl.gov
only_i 327
only_code None
force_amber_prep True
dry_run False
... 327 1a0o
/net/chevy/raid1/nigel/amber/hi_lo
/net/chevy/raid1/nigel/amber/hi_lo/a0/1a0o
1a0o.pdb 4phenix_1a0o.pdb
1a0o.pdb 4phenix_1a0o.pdb
local_archive None
archive PDB None
Reading from local mirror:
  /net/cci/pdb_mirror/pdb/a0/pdb1a0o.ent.gz
Model saved to /net/lewis/raid1/scratch1/nigel/amber/hi_lo/a0/1a0o/1a0o.pdb
Traceback (most recent call last):
  File "/net/cci-filer2/raid1/xp/phenix/phenix-svn/build/../modules/cctbx_project/mmtbx/command_line/fetch_pdb.py", line 199, in <module>
    run2(sys.argv[1:])
  File "/net/cci-filer2/raid1/xp/phenix/phenix-svn/build/../modules/cctbx_project/mmtbx/command_line/fetch_pdb.py", line 155, in run2
    files.append(get_pdb(id, data_type_, mirror, log, format=data_format))
  File "/net/cci-filer2/raid1/xp/phenix/phenix-svn/modules/cctbx_project/iotbx/pdb/fetch.py", line 213, in get_pdb
    data = fetch(id, data_type, mirror=mirror, format=format, log=log)
  File "/net/cci-filer2/raid1/xp/phenix/phenix-svn/modules/cctbx_project/iotbx/pdb/fetch.py", line 150, in fetch
    data = libtbx.utils.urlopen(url)
  File "/net/cci-filer2/raid1/xp/phenix/phenix-svn/modules/cctbx_project/libtbx/utils.py", line 2069, in urlopen
    return urllib2.urlopen(*args, **kwds)
  File "/net/cci-filer2/raid1/xp/phenix/phenix-svn/base/lib/python2.7/urllib2.py", line 127, in urlopen
    return _opener.open(url, data, timeout)
  File "/net/cci-filer2/raid1/xp/phenix/phenix-svn/base/lib/python2.7/urllib2.py", line 404, in open
    response = self._open(req, data)
  File "/net/cci-filer2/raid1/xp/phenix/phenix-svn/base/lib/python2.7/urllib2.py", line 422, in _open
    '_open', req)
  File "/net/cci-filer2/raid1/xp/phenix/phenix-svn/base/lib/python2.7/urllib2.py", line 382, in _call_chain
    result = func(*args)
  File "/net/cci-filer2/raid1/xp/phenix/phenix-svn/base/lib/python2.7/urllib2.py", line 1214, in http_open
    return self.do_open(httplib.HTTPConnection, req)
  File "/net/cci-filer2/raid1/xp/phenix/phenix-svn/base/lib/python2.7/urllib2.py", line 1184, in do_open
    raise URLError(err)
urllib2.URLError: <urlopen error [Errno 110] Connection timed out>
local_archive None
archive PDB None
Reading from local mirror:
  /net/cci/pdb_mirror/pdb/a0/pdb1a0o.ent.gz
Model saved to /net/lewis/raid1/scratch1/nigel/amber/hi_lo/a0/1a0o/1a0o.pdb
Traceback (most recent call last):
  File "/net/cci-filer2/raid1/xp/phenix/phenix-svn/build/../modules/cctbx_project/mmtbx/command_line/fetch_pdb.py", line 199, in <module>
    run2(sys.argv[1:])
  File "/net/cci-filer2/raid1/xp/phenix/phenix-svn/build/../modules/cctbx_project/mmtbx/command_line/fetch_pdb.py", line 155, in run2
    files.append(get_pdb(id, data_type_, mirror, log, format=data_format))
  File "/net/cci-filer2/raid1/xp/phenix/phenix-svn/modules/cctbx_project/iotbx/pdb/fetch.py", line 213, in get_pdb
    data = fetch(id, data_type, mirror=mirror, format=format, log=log)
  File "/net/cci-filer2/raid1/xp/phenix/phenix-svn/modules/cctbx_project/iotbx/pdb/fetch.py", line 150, in fetch
    data = libtbx.utils.urlopen(url)
  File "/net/cci-filer2/raid1/xp/phenix/phenix-svn/modules/cctbx_project/libtbx/utils.py", line 2069, in urlopen
    return urllib2.urlopen(*args, **kwds)
  File "/net/cci-filer2/raid1/xp/phenix/phenix-svn/base/lib/python2.7/urllib2.py", line 127, in urlopen
    return _opener.open(url, data, timeout)
  File "/net/cci-filer2/raid1/xp/phenix/phenix-svn/base/lib/python2.7/urllib2.py", line 404, in open
    response = self._open(req, data)
  File "/net/cci-filer2/raid1/xp/phenix/phenix-svn/base/lib/python2.7/urllib2.py", line 422, in _open
    '_open', req)
  File "/net/cci-filer2/raid1/xp/phenix/phenix-svn/base/lib/python2.7/urllib2.py", line 382, in _call_chain
    result = func(*args)
  File "/net/cci-filer2/raid1/xp/phenix/phenix-svn/base/lib/python2.7/urllib2.py", line 1214, in http_open
    return self.do_open(httplib.HTTPConnection, req)
  File "/net/cci-filer2/raid1/xp/phenix/phenix-svn/base/lib/python2.7/urllib2.py", line 1184, in do_open
    raise URLError(err)
urllib2.URLError: <urlopen error [Errno 110] Connection timed out>

==================================================
Summary of pdb4amber for: 1a0o.pdb
===================================================

----------Chains
The following (original) chains have been found:
A
B
C
D
E
F
G
H

---------- Alternate Locations (Original Residues!))

The following residues had alternate locations:
None

---------- Mising heavy atom(s)

PRO_129 misses 2 heavy atom(s)
ILE_173 misses 3 heavy atom(s)
VAL_198 misses 2 heavy atom(s)
ILE_370 misses 3 heavy atom(s)
PRO_522 misses 2 heavy atom(s)
ILE_566 misses 3 heavy atom(s)
GLU_590 misses 4 heavy atom(s)
ILE_762 misses 3 heavy atom(s)

==================================================
Summary of pdb4amber for: 1a0o_4tleap_uc1.pdb
===================================================

----------Chains
The following (original) chains have been found:
A
B
C
D
E
F
G
H

---------- Alternate Locations (Original Residues!))

The following residues had alternate locations:
None

---------- Mising heavy atom(s)

None
not prmtop_filename /net/lewis/scratch1/nigel/amber/hi_lo/a0/1a0o/4amber_1a0o.prmtop

	Running AmberPrep : 1a0o.pdb


==================================================
Running pdb4amber on 1a0o.pdb
==================================================

==================================================
Setting up library files for non-standard residues
==================================================

==================================================
Preparing asu files and 4phenix_1a0o.pdb
==================================================

~> tleap -f 1a0o_asu_tleap_input_run

Checking output filenames
  file : 1a0o_asu.prmtop
  file : 1a0o_asu.rst7

~> ChBox -c 1a0o_asu.rst7 -o 1a0o_asu.rst7 -X 53.9 -Y 156.97 -Z 65.97 -al 90.0 -bt 91.7 -gm 90.0 


============================================================
Preparing unit cell files: 4amber_1a0o.prmtop and 4amber_1a0o.rst7
============================================================

~> UnitCell -p 1a0o_4UnitCell.pdb -o 1a0o_4tleap_uc1.pdb


~> tleap -f 1a0o_uc_tleap_input_run

Checking output filenames
  file : 1a0o_uc.prmtop
  file : 1a0o_uc.rst7

~> ChBox -c 1a0o_uc.rst7 -o 1a0o_uc.rst7 -X 53.9 -Y 156.97 -Z 65.97 -al 90.0 -bt 91.7 -gm 90.0 


==================================================
Minimizing input coordinates.
==================================================

~> sander -O -i 1a0o_amber_all.in -p 4amber_1a0o.prmtop -c 4amber_1a0o.rst7 -o 1a0o.min.out            -ref 4amber_1a0o.rst7 -r 4amber_1a0o.min.rst7

checking special positions in 4phenix_1a0o.pdb

==================================================
Done.  Three new files have been made:
      4phenix_1a0o.pdb
      4amber_1a0o.prmtop
      4amber_1a0o.rst7
==================================================

Example

  phenix.refine 4phenix_1a0o.pdb use_amber=True \
    amber.topology_file_name=4amber_1a0o.prmtop \
    amber.coordinate_file_name=4amber_1a0o.rst7 \
    ....(other refinement keywords here).....



Substituting Amber PDB file for downloaded file
run_tests_local.py:222: UserWarning: os.system() is not safe: please use the subprocess module or libtbx.easy_run instead.
  os.system(cmd)

  Amber files
    PDB    : 1a0o.pdb
    MTZ    : 1a0o.mtz
    prmtop : 4amber_1a0o.prmtop
    rst7   : 4amber_1a0o.rst7
  
/net/lewis/raid1/scratch1/nigel/amber/hi_lo/a0/1a0o
return_files 1a0o
/net/chevy/raid1/nigel/amber/hi_lo
4amber_1a0o.pdb
4phenix_1a0o.pdb
cp 4phenix_1a0o.pdb /net/chevy/raid1/nigel/amber/hi_lo/a0/1a0o
1a0o.pdb
cp 1a0o.pdb /net/chevy/raid1/nigel/amber/hi_lo/a0/1a0o
4amber_1a0o.mtz
4phenix_1a0o.mtz
1a0o.mtz
cp 1a0o.mtz /net/chevy/raid1/nigel/amber/hi_lo/a0/1a0o
4amber_1a0o.rst7
cp 4amber_1a0o.rst7 /net/chevy/raid1/nigel/amber/hi_lo/a0/1a0o
4phenix_1a0o.rst7
1a0o.rst7
4amber_1a0o.prmtop
cp 4amber_1a0o.prmtop /net/chevy/raid1/nigel/amber/hi_lo/a0/1a0o
4phenix_1a0o.prmtop
1a0o.prmtop
4amber_1a0o_refine_001.log
4phenix_1a0o_refine_001.log
1a0o_refine_001.log
4amber_1a0o_refine_002.log
4phenix_1a0o_refine_002.log
1a0o_refine_002.log
4amber_1a0o_refine_001.pdb
4phenix_1a0o_refine_001.pdb
1a0o_refine_001.pdb
4amber_1a0o_refine_002.pdb
4phenix_1a0o_refine_002.pdb
1a0o_refine_002.pdb
local_archive /net/chevy/raid1/nigel/amber/hi_lo
archive PDB /net/chevy/raid1/nigel/amber/hi_lo/a0/1a0o/1a0o.pdb
/net/lewis/raid1/scratch1/nigel/amber/hi_lo/a0/1a0o
------------------------------
phenix.refine log filename ? > /net/chevy/raid1/nigel/amber/hi_lo/a0/1a0o/1a0o_refine_001.log
------------------------------

	Already done (on chevy) 1a0o_refine_001
------------------------------
phenix.refine log filename ? > /net/chevy/raid1/nigel/amber/hi_lo/a0/1a0o/1a0o_refine_002.log
------------------------------

	Already done (on chevy) 1a0o_refine_002
