HOST rebus.lbl.gov
only_i 152
only_code None
force_amber_prep True
dry_run False
... 152 3ku8
/net/chevy/raid1/nigel/amber/hi_lo
/net/chevy/raid1/nigel/amber/hi_lo/ku/3ku8
3ku8.pdb 4phenix_3ku8.pdb
3ku8.pdb 4phenix_3ku8.pdb
local_archive None
archive PDB None
Model saved to /net/rebus/raid1/scratch1/nigel/amber/hi_lo/ku/3ku8/3ku8.pdb
Sequence saved to /net/rebus/raid1/scratch1/nigel/amber/hi_lo/ku/3ku8/3ku8.fa
Structure factors saved to /net/rebus/raid1/scratch1/nigel/amber/hi_lo/ku/3ku8/3ku8-sf.cif
Model saved to /net/rebus/raid1/scratch1/nigel/amber/hi_lo/ku/3ku8/3ku8.cif
Can't determine output label for r3ku8sf,_refln.crystal_id - skipping.
Can't determine output label for r3ku8sf,_refln.scale_group_code - skipping.
R-free-flags: fraction_free=0.051
R-free-flags: missing 573 reflections
Can't determine output label for r3ku8sf,_refln.wavelength_id - skipping.
Converted structure factors saved to 3ku8.mtz
local_archive None
archive PDB None
Model saved to /net/rebus/raid1/scratch1/nigel/amber/hi_lo/ku/3ku8/3ku8.pdb
Sequence saved to /net/rebus/raid1/scratch1/nigel/amber/hi_lo/ku/3ku8/3ku8.fa
Structure factors saved to /net/rebus/raid1/scratch1/nigel/amber/hi_lo/ku/3ku8/3ku8-sf.cif
Model saved to /net/rebus/raid1/scratch1/nigel/amber/hi_lo/ku/3ku8/3ku8.cif
Can't determine output label for r3ku8sf,_refln.crystal_id - skipping.
Can't determine output label for r3ku8sf,_refln.scale_group_code - skipping.
R-free-flags: fraction_free=0.051
R-free-flags: missing 573 reflections
Can't determine output label for r3ku8sf,_refln.wavelength_id - skipping.
Converted structure factors saved to 3ku8.mtz
not prmtop_filename /net/rebus/scratch1/nigel/amber/hi_lo/ku/3ku8/4amber_3ku8.prmtop

	Running AmberPrep : 3ku8.pdb


==================================================
Running pdb4amber on 3ku8.pdb
==================================================

==================================================
Setting up library files for non-standard residues
==================================================

  Residue "SO4" already in amber monomer library. Skipping elbow/antechamber
    run for this residue.
        

==================================================
Preparing asu files and 4phenix_3ku8.pdb
==================================================

~> tleap -f 3ku8_asu_tleap_input_run

Checking output filenames
  file : 3ku8_asu.prmtop
  file : 3ku8_asu.rst7

~> ChBox -c 3ku8_asu.rst7 -o 3ku8_asu.rst7 -X 130.073 -Y 90.833 -Z 58.132 -al 90.0 -bt 102.59 -gm 90.0 


============================================================
Preparing unit cell files: 4amber_3ku8.prmtop and 4amber_3ku8.rst7
============================================================

~> UnitCell -p 3ku8_4UnitCell.pdb -o 3ku8_4tleap_uc1.pdb


~> tleap -f 3ku8_uc_tleap_input_run

Checking output filenames
  file : 3ku8_uc.prmtop
  file : 3ku8_uc.rst7

~> ChBox -c 3ku8_uc.rst7 -o 3ku8_uc.rst7 -X 130.073 -Y 90.833 -Z 58.132 -al 90.0 -bt 102.59 -gm 90.0 


==================================================
Minimizing input coordinates.
==================================================

~> sander -O -i 3ku8_amber_all.in -p 4amber_3ku8.prmtop -c 4amber_3ku8.rst7 -o 3ku8.min.out            -ref 4amber_3ku8.rst7 -r 4amber_3ku8.min.rst7

checking special positions in 4phenix_3ku8.pdb

==================================================
Done.  Three new files have been made:
      4phenix_3ku8.pdb
      4amber_3ku8.prmtop
      4amber_3ku8.rst7
==================================================

Example

  phenix.refine 4phenix_3ku8.pdb use_amber=True \
    amber.topology_file_name=4amber_3ku8.prmtop \
    amber.coordinate_file_name=4amber_3ku8.rst7 \
    ....(other refinement keywords here).....



Substituting Amber PDB file for downloaded file

  Amber files
    PDB    : 3ku8.pdb
    MTZ    : 3ku8.mtz
    prmtop : 4amber_3ku8.prmtop
    rst7   : 4amber_3ku8.rst7
  
/net/rebus/raid1/scratch1/nigel/amber/hi_lo/ku/3ku8
return_files 3ku8
/net/chevy/raid1/nigel/amber/hi_lo
4amber_3ku8.pdb
4phenix_3ku8.pdb
cp 4phenix_3ku8.pdb /net/chevy/raid1/nigel/amber/hi_lo/ku/3ku8
3ku8.pdb
cp 3ku8.pdb /net/chevy/raid1/nigel/amber/hi_lo/ku/3ku8
4amber_3ku8.mtz
4phenix_3ku8.mtz
3ku8.mtz
cp 3ku8.mtz /net/chevy/raid1/nigel/amber/hi_lo/ku/3ku8
4amber_3ku8.rst7
cp 4amber_3ku8.rst7 /net/chevy/raid1/nigel/amber/hi_lo/ku/3ku8
4phenix_3ku8.rst7
3ku8.rst7
4amber_3ku8.prmtop
cp 4amber_3ku8.prmtop /net/chevy/raid1/nigel/amber/hi_lo/ku/3ku8
4phenix_3ku8.prmtop
3ku8.prmtop
4amber_3ku8_refine_001.log
4phenix_3ku8_refine_001.log
3ku8_refine_001.log
4amber_3ku8_refine_002.log
4phenix_3ku8_refine_002.log
3ku8_refine_002.log
4amber_3ku8_refine_001.pdb
4phenix_3ku8_refine_001.pdb
3ku8_refine_001.pdb
4amber_3ku8_refine_002.pdb
4phenix_3ku8_refine_002.pdb
3ku8_refine_002.pdb
local_archive /net/chevy/raid1/nigel/amber/hi_lo
archive PDB /net/chevy/raid1/nigel/amber/hi_lo/ku/3ku8/3ku8.pdb
/net/rebus/raid1/scratch1/nigel/amber/hi_lo/ku/3ku8
------------------------------
phenix.refine log filename ? > /net/chevy/raid1/nigel/amber/hi_lo/ku/3ku8/3ku8_refine_001.log
------------------------------

	Already done (on chevy) 3ku8_refine_001
------------------------------
phenix.refine log filename ? > /net/chevy/raid1/nigel/amber/hi_lo/ku/3ku8/3ku8_refine_002.log
------------------------------

	Already done (on chevy) 3ku8_refine_002
