HOST rebus.lbl.gov
only_i 134
only_code None
force_amber_prep True
dry_run False
1 1z3z,A,2.900,1zod,A,1.800
2 1psi,A,2.920,3ndd,A,1.500
3 3bpo,A,3.000,3l5w,I,2.000
4 1e6j,P,3.000,3mge,A,1.900
5 1r46,A,3.250,3hg3,A,1.900
6 2j0g,A,2.850,2j1g,A,1.950
7 1nsk,L,2.800,3bbb,A,1.300
8 1t04,B,3.000,1t3f,B,2.000
9 1kiu,B,3.000,1ze3,H,1.840
10 1kv3,A,2.800,2q3z,A,2.000
11 1wqs,A,2.800,2iph,A,1.750
12 3gwp,A,2.900,3i16,A,2.000
13 1c0n,A,2.800,1kmj,A,2.000
14 2r8j,A,3.100,3oha,A,2.000
15 1z5s,C,3.010,2grn,B,1.800
16 3icq,B,3.200,3m1i,A,2.000
17 1nb3,I,2.800,3kfq,C,1.990
18 1otc,A,2.800,2i0q,A,1.910
19 1ue8,A,3.000,3b4x,A,1.940
20 1a4o,A,2.800,2o02,A,1.500
21 1t6i,A,2.810,3g4z,A,1.870
22 1de9,A,3.000,2o3h,A,1.900
23 2j6e,L,3.000,3n9g,L,1.434
24 3hrk,A,3.050,3lc0,A,1.800
25 2ecp,A,2.950,2asv,A,1.950
26 1z8l,A,3.500,2xeg,A,1.590
27 1ere,A,3.100,2r6w,A,2.000
28 1xni,A,2.800,3lh0,A,1.900
29 2pl0,A,2.800,3mpm,A,1.950
30 1pxt,A,2.800,1afw,A,1.800
31 1bmf,A,2.850,2jdi,A,1.900
32 2g3k,A,3.050,2j9u,A,2.000
33 3m9b,A,3.940,3m9h,A,2.000
34 2i0v,A,2.800,3dpk,A,1.950
35 1kiu,A,3.000,3bwu,C,1.760
36 1nys,A,3.050,2h62,D,1.850
37 1rgq,C,2.900,2o8m,C,2.000
38 1fg5,N,2.800,2vs4,A,1.770
39 1sj5,A,2.800,1vjl,A,1.900
40 2f7k,A,2.800,2yxt,A,2.000
41 1yrp,A,3.100,3bqr,A,1.750
42 3a7a,B,3.100,3ab9,A,1.650
43 2vhg,A,2.900,2vjv,A,1.900
44 1blf,A,2.800,3kj7,A,1.910
45 1pma,1,3.400,1yar,H,1.900
46 2bp2,A,3.000,2zp3,A,1.900
47 2oqj,A,2.800,3oaz,K,1.750
48 1fvv,B,2.800,3ddq,B,1.800
49 1qlr,A,2.830,3eo0,A,1.750
50 2fhg,2,3.230,2jay,A,1.990
51 1io4,A,3.000,2e42,A,1.800
52 2i22,A,2.800,2i2w,A,1.950
53 1bot,O,3.050,3ezw,A,2.000
54 1fnt,c,3.200,1yar,O,1.900
55 1htn,A,2.800,1tn3,A,2.000
56 1x75,C,2.800,3hpw,A,1.452
57 1b7b,A,2.800,2we5,A,1.390
58 2not,A,3.000,1ae7,A,2.000
59 1kfl,A,2.800,1n8f,A,1.750
60 2jla,A,2.810,3hww,A,1.950
61 2bct,A,2.900,1i7w,A,2.000
62 2pcb,B,2.800,2b4z,A,1.500
63 1h0y,A,2.800,2bky,A,1.700
64 1bz9,A,2.800,3cc5,A,1.910
65 1mru,A,3.000,3ori,A,2.000
66 1cx2,A,3.000,3nt1,A,1.730
67 1fss,A,3.000,2wfz,A,1.950
... 134 2wfz
/net/chevy/raid1/nigel/amber/hi_lo
/net/chevy/raid1/nigel/amber/hi_lo/wf/2wfz
2wfz.pdb 4phenix_2wfz.pdb
local_archive None
archive PDB None
Reading from local mirror:
  /net/cci/pdb_mirror/pdb/wf/pdb2wfz.ent.gz
Model saved to /net/rebus/raid1/scratch1/nigel/amber/hi_lo/wf/2wfz/2wfz.pdb
Sequence saved to /net/rebus/raid1/scratch1/nigel/amber/hi_lo/wf/2wfz/2wfz.fa
Reading from local mirror:
  /net/cci/pdb_mirror/structure_factors/wf/r2wfzsf.ent.gz
Structure factors saved to /net/rebus/raid1/scratch1/nigel/amber/hi_lo/wf/2wfz/2wfz-sf.cif
Reading from local mirror:
  /net/cci/pdb_mirror/mmcif/wf/2wfz.cif.gz
Model saved to /net/rebus/raid1/scratch1/nigel/amber/hi_lo/wf/2wfz/2wfz.cif
Can't determine output label for r2wfzsf,_refln.crystal_id - skipping.
Can't determine output label for r2wfzsf,_refln.scale_group_code - skipping.
Can't determine output label for r2wfzsf,_refln.wavelength_id - skipping.
Converted structure factors saved to 2wfz.mtz
local_archive None
archive PDB None
Reading from local mirror:
  /net/cci/pdb_mirror/pdb/wf/pdb2wfz.ent.gz
Model saved to /net/rebus/raid1/scratch1/nigel/amber/hi_lo/wf/2wfz/2wfz.pdb
Sequence saved to /net/rebus/raid1/scratch1/nigel/amber/hi_lo/wf/2wfz/2wfz.fa
Reading from local mirror:
  /net/cci/pdb_mirror/structure_factors/wf/r2wfzsf.ent.gz
Structure factors saved to /net/rebus/raid1/scratch1/nigel/amber/hi_lo/wf/2wfz/2wfz-sf.cif
Reading from local mirror:
  /net/cci/pdb_mirror/mmcif/wf/2wfz.cif.gz
Model saved to /net/rebus/raid1/scratch1/nigel/amber/hi_lo/wf/2wfz/2wfz.cif
Can't determine output label for r2wfzsf,_refln.crystal_id - skipping.
Can't determine output label for r2wfzsf,_refln.scale_group_code - skipping.
Can't determine output label for r2wfzsf,_refln.wavelength_id - skipping.
Converted structure factors saved to 2wfz.mtz

==================================================
Summary of pdb4amber for: 2wfz.pdb
===================================================
REDUCE returned non-zero exit status: See reduce_info.log for more details

----------Chains
The following (original) chains have been found:
A

---------- Alternate Locations (Original Residues!))

The following residues had alternate locations:
MET_13
ASN_39
MET_40
ARG_43
GLU_46
ARG_85
GLU_86
SER_225
ARG_247
GLU_258
GLU_265
VAL_292
GLU_296
ASN_307
LYS_322
GLU_347
MET_350
ASP_389
VAL_405
LYS_410
LEU_447
HIS_483
GLN_485
SER_487
GLU_496
ASP_501
GLN_523
not prmtop_filename /net/rebus/scratch1/nigel/amber/hi_lo/wf/2wfz/4amber_2wfz.prmtop
not prmtop_filename /net/chevy/raid1/nigel/amber/hi_lo/wf/2wfz/4amber_2wfz.prmtop

	Running AmberPrep : 2wfz.pdb


==================================================
Running pdb4amber on 2wfz.pdb
==================================================
Traceback (most recent call last):
  File "run_tests_local.py", line 321, in <module>
    run(*tuple(args))
  File "run_tests_local.py", line 305, in run
    w2 = run_all_tests(code, force_amber_prep=force_amber_prep)
  File "run_tests_local.py", line 93, in run_all_tests
    "clean=on",
  File "/net/cci-filer2/raid1/xp/phenix/phenix-svn/modules/amber_adaptbx/command_line/AmberPrepClass.py", line 951, in run
    arg_conect=False,
  File "/net/cci-filer2/raid1/xp/phenix/phenix-svn/modules/amber/lib/python2.7/site-packages/pdb4amber/pdb4amber.py", line 522, in run
    gaplist = pdbfixer.find_gaps()
  File "/net/cci-filer2/raid1/xp/phenix/phenix-svn/modules/amber/lib/python2.7/site-packages/pdb4amber/pdb4amber.py", line 213, in find_gaps
    N_atom = parm.atoms[N_atoms[i + 1]]
IndexError: list index out of range
