HOST lewis.lbl.gov
only_i 5
only_code None
force_amber_prep True
dry_run False
1 1z3z,A,2.900,1zod,A,1.800
2 1psi,A,2.920,3ndd,A,1.500
3 3bpo,A,3.000,3l5w,I,2.000
... 5 3bpo
/net/chevy/raid1/nigel/amber/hi_lo
/net/chevy/raid1/nigel/amber/hi_lo/bp/3bpo
3bpo.pdb 4phenix_3bpo.pdb
local_archive None
archive PDB None
Reading from local mirror:
  /net/cci/pdb_mirror/pdb/bp/pdb3bpo.ent.gz
Model saved to /net/lewis/raid1/scratch1/nigel/amber/hi_lo/bp/3bpo/3bpo.pdb
Traceback (most recent call last):
  File "/net/cci-filer2/raid1/xp/phenix/phenix-svn/build/../modules/cctbx_project/mmtbx/command_line/fetch_pdb.py", line 199, in <module>
    run2(sys.argv[1:])
  File "/net/cci-filer2/raid1/xp/phenix/phenix-svn/build/../modules/cctbx_project/mmtbx/command_line/fetch_pdb.py", line 155, in run2
    files.append(get_pdb(id, data_type_, mirror, log, format=data_format))
  File "/net/cci-filer2/raid1/xp/phenix/phenix-svn/modules/cctbx_project/iotbx/pdb/fetch.py", line 213, in get_pdb
    data = fetch(id, data_type, mirror=mirror, format=format, log=log)
  File "/net/cci-filer2/raid1/xp/phenix/phenix-svn/modules/cctbx_project/iotbx/pdb/fetch.py", line 150, in fetch
    data = libtbx.utils.urlopen(url)
  File "/net/cci-filer2/raid1/xp/phenix/phenix-svn/modules/cctbx_project/libtbx/utils.py", line 2069, in urlopen
    return urllib2.urlopen(*args, **kwds)
  File "/net/cci-filer2/raid1/xp/phenix/phenix-svn/base/lib/python2.7/urllib2.py", line 127, in urlopen
    return _opener.open(url, data, timeout)
  File "/net/cci-filer2/raid1/xp/phenix/phenix-svn/base/lib/python2.7/urllib2.py", line 404, in open
    response = self._open(req, data)
  File "/net/cci-filer2/raid1/xp/phenix/phenix-svn/base/lib/python2.7/urllib2.py", line 422, in _open
    '_open', req)
  File "/net/cci-filer2/raid1/xp/phenix/phenix-svn/base/lib/python2.7/urllib2.py", line 382, in _call_chain
    result = func(*args)
  File "/net/cci-filer2/raid1/xp/phenix/phenix-svn/base/lib/python2.7/urllib2.py", line 1214, in http_open
    return self.do_open(httplib.HTTPConnection, req)
  File "/net/cci-filer2/raid1/xp/phenix/phenix-svn/base/lib/python2.7/urllib2.py", line 1184, in do_open
    raise URLError(err)
urllib2.URLError: <urlopen error [Errno 110] Connection timed out>

==================================================
Summary of pdb4amber for: 3bpo.pdb
===================================================
REDUCE returned non-zero exit status: See reduce_info.log for more details

----------Chains
The following (original) chains have been found:
A
B
C

---------- Alternate Locations (Original Residues!))

The following residues had alternate locations:
None

---------- Gaps (Renumbered Residues!)
gap of 8.748215 A between GLN 21 and ALA 22
gap of 8.534480 A between ASN 34 and ALA 35
gap of 12.043105 A between HIS 67 and SER 68
gap of 5.612157 A between GLY 336 and GLN 337
gap of 13.052134 A between CYX 365 and ILE 366
gap of 3.079388 A between GLY 377 and PRO 378
gap of 8.139385 A between ARG 403 and PRO 404
gap of 9.583756 A between LYS 441 and HIS 442
gap of 6.930089 A between ASN 508 and THR 509

---------- Mising heavy atom(s)

VAL_3 misses 2 heavy atom(s)
ASN_26 misses 4 heavy atom(s)
ASN_34 misses 3 heavy atom(s)
SER_49 misses 1 heavy atom(s)
LYS_56 misses 4 heavy atom(s)
HIS_67 misses 5 heavy atom(s)
VAL_71 misses 2 heavy atom(s)
ARG_72 misses 6 heavy atom(s)
ASP_84 misses 3 heavy atom(s)
ASP_99 misses 3 heavy atom(s)
LEU_136 misses 3 heavy atom(s)
LEU_143 misses 3 heavy atom(s)
SER_144 misses 1 heavy atom(s)
GLU_145 misses 4 heavy atom(s)
GLU_152 misses 4 heavy atom(s)
ASP_166 misses 3 heavy atom(s)
GLN_182 misses 4 heavy atom(s)
LEU_185 misses 3 heavy atom(s)
LYS_187 misses 4 heavy atom(s)
LYS_191 misses 4 heavy atom(s)
GLU_194 misses 4 heavy atom(s)
LYS_267 misses 4 heavy atom(s)
ARG_273 misses 6 heavy atom(s)
GLN_281 misses 4 heavy atom(s)
CYS_282 misses 1 heavy atom(s)
LYS_295 misses 4 heavy atom(s)
GLN_297 misses 4 heavy atom(s)
LEU_329 misses 3 heavy atom(s)
ILE_366 misses 3 heavy atom(s)
GLU_376 misses 4 heavy atom(s)
PRO_378 misses 2 heavy atom(s)
GLU_379 misses 4 heavy atom(s)
THR_383 misses 2 heavy atom(s)
GLU_384 misses 4 heavy atom(s)
ARG_403 misses 6 heavy atom(s)
ASP_405 misses 3 heavy atom(s)
ARG_415 misses 6 heavy atom(s)
LYS_419 misses 4 heavy atom(s)
GLU_424 misses 4 heavy atom(s)
GLU_429 misses 4 heavy atom(s)
GLN_431 misses 4 heavy atom(s)
LYS_441 misses 4 heavy atom(s)
HIS_442 misses 5 heavy atom(s)
ASP_450 misses 3 heavy atom(s)
LYS_454 misses 4 heavy atom(s)
LYS_456 misses 4 heavy atom(s)
HIS_481 misses 5 heavy atom(s)
ASN_482 misses 3 heavy atom(s)
ASP_483 misses 3 heavy atom(s)
GLN_493 misses 4 heavy atom(s)
PHE_527 misses 6 heavy atom(s)
LYS_565 misses 4 heavy atom(s)
GLN_572 misses 4 heavy atom(s)
GLU_573 misses 4 heavy atom(s)
ARG_580 misses 6 heavy atom(s)
not prmtop_filename /net/lewis/scratch1/nigel/amber/hi_lo/bp/3bpo/4amber_3bpo.prmtop
not prmtop_filename /net/chevy/raid1/nigel/amber/hi_lo/bp/3bpo/4amber_3bpo.prmtop

	Running AmberPrep : 3bpo.pdb


==================================================
Running pdb4amber on 3bpo.pdb
==================================================

==================================================
Setting up library files for non-standard residues
==================================================

==================================================
Running elbow/antechamber for NAG 
==================================================

==================================================
Summary of pdb4amber for: 3bpo_4tleap_uc1.pdb
===================================================

----------Chains
The following (original) chains have been found:
A
B
C

---------- Alternate Locations (Original Residues!))

The following residues had alternate locations:
None

---------- Gaps (Renumbered Residues!)
gap of 8.748215 A between GLN 21 and ALA 22
gap of 8.534480 A between ASN 34 and ALA 35
gap of 12.043105 A between HIE 67 and SER 68
gap of 5.612157 A between GLY 349 and GLN 350
gap of 13.052134 A between CYX 378 and ILE 379
gap of 3.079388 A between GLY 390 and PRO 391
gap of 8.139385 A between ARG 416 and PRO 417
gap of 9.583756 A between LYS 454 and HIE 455
gap of 6.930089 A between ASN 521 and THR 522
gap of 8.748215 A between GLN 673 and ALA 674
gap of 8.534480 A between ASN 686 and ALA 687
gap of 12.043105 A between HIE 719 and SER 720
gap of 5.612157 A between GLY 1001 and GLN 1002
gap of 13.052134 A between CYX 1030 and ILE 1031
gap of 3.079388 A between GLY 1042 and PRO 1043
gap of 8.139385 A between ARG 1068 and PRO 1069
gap of 9.583756 A between LYS 1106 and HIE 1107
gap of 6.930089 A between ASN 1173 and THR 1174
gap of 8.748215 A between GLN 1325 and ALA 1326
gap of 8.534480 A between ASN 1338 and ALA 1339
gap of 12.043764 A between HIE 1371 and SER 1372
gap of 5.612157 A between GLY 1653 and GLN 1654
gap of 13.052134 A between CYX 1682 and ILE 1683
gap of 3.080005 A between GLY 1694 and PRO 1695
gap of 8.139586 A between ARG 1720 and PRO 1721
gap of 9.583756 A between LYS 1758 and HIE 1759
gap of 6.930089 A between ASN 1825 and THR 1826
gap of 8.748215 A between GLN 1977 and ALA 1978
gap of 8.534480 A between ASN 1990 and ALA 1991
gap of 12.043764 A between HIE 2023 and SER 2024
gap of 5.612157 A between GLY 2305 and GLN 2306
gap of 13.052134 A between CYX 2334 and ILE 2335
gap of 3.080005 A between GLY 2346 and PRO 2347
gap of 8.139586 A between ARG 2372 and PRO 2373
gap of 9.583756 A between LYS 2410 and HIE 2411
gap of 6.930089 A between ASN 2477 and THR 2478

---------- Mising heavy atom(s)

PRO_100 misses 6 heavy atom(s)
PRO_101 misses 6 heavy atom(s)
PRO_102 misses 7 heavy atom(s)
PRO_103 misses 7 heavy atom(s)
PRO_104 misses 6 heavy atom(s)
PRO_105 misses 7 heavy atom(s)
PRO_106 misses 7 heavy atom(s)
PRO_107 misses 6 heavy atom(s)
PRO_108 misses 7 heavy atom(s)
PRO_109 misses 7 heavy atom(s)
PRO_110 misses 6 heavy atom(s)
PRO_111 misses 7 heavy atom(s)
PRO_112 misses 6 heavy atom(s)
PRO_113 misses 6 heavy atom(s)
PRO_752 misses 6 heavy atom(s)
PRO_753 misses 6 heavy atom(s)
PRO_754 misses 7 heavy atom(s)
PRO_755 misses 7 heavy atom(s)
PRO_756 misses 6 heavy atom(s)
PRO_757 misses 7 heavy atom(s)
PRO_758 misses 7 heavy atom(s)
PRO_759 misses 6 heavy atom(s)
PRO_760 misses 7 heavy atom(s)
PRO_761 misses 7 heavy atom(s)
PRO_762 misses 6 heavy atom(s)
PRO_763 misses 7 heavy atom(s)
PRO_764 misses 6 heavy atom(s)
PRO_765 misses 6 heavy atom(s)
PRO_1404 misses 6 heavy atom(s)
PRO_1405 misses 6 heavy atom(s)
PRO_1406 misses 7 heavy atom(s)
PRO_1407 misses 7 heavy atom(s)
PRO_1408 misses 6 heavy atom(s)
PRO_1409 misses 7 heavy atom(s)
PRO_1410 misses 7 heavy atom(s)
PRO_1411 misses 6 heavy atom(s)
PRO_1412 misses 7 heavy atom(s)
PRO_1413 misses 7 heavy atom(s)
PRO_1414 misses 6 heavy atom(s)
PRO_1415 misses 7 heavy atom(s)
PRO_1416 misses 6 heavy atom(s)
PRO_1417 misses 6 heavy atom(s)
PRO_2056 misses 6 heavy atom(s)
PRO_2057 misses 6 heavy atom(s)
PRO_2058 misses 7 heavy atom(s)
PRO_2059 misses 7 heavy atom(s)
PRO_2060 misses 6 heavy atom(s)
PRO_2061 misses 7 heavy atom(s)
PRO_2062 misses 7 heavy atom(s)
PRO_2063 misses 6 heavy atom(s)
PRO_2064 misses 7 heavy atom(s)
PRO_2065 misses 7 heavy atom(s)
PRO_2066 misses 6 heavy atom(s)
PRO_2067 misses 7 heavy atom(s)
PRO_2068 misses 6 heavy atom(s)
PRO_2069 misses 6 heavy atom(s)

MoleculeClass :  C: 8  N: 1  O: 6 (CHEMICAL COMPONENTS format)
	30 atoms
	30 bonds
	53 angles
	79 dihedrals
	1 rings (groups, rings, atoms) 1 6
	5 chirals : R R R S R 

~> antechamber -i 4antechamber_NAG.pdb -fi pdb -o NAG.mol2 -fo mol2       -nc 0 -m 1 -s 2 -pf y -c bcc -at gaff2 -ek "qm_theory='AM1', grms_tol=0.0005, scfconv=1.d-10, maxcyc=0, ndiis_attempts=700,"


~> parmchk2 -s 2 -i NAG.mol2 -f mol2 -o NAG.frcmod


==================================================
Preparing asu files and 4phenix_3bpo.pdb
==================================================

~> tleap -f 3bpo_asu_tleap_input_run

Checking output filenames
  file : 3bpo_asu.prmtop
  file : 3bpo_asu.rst7

~> ChBox -c 3bpo_asu.rst7 -o 3bpo_asu.rst7 -X 211.51 -Y 58.169 -Z 64.236 -al 90.0 -bt 100.51 -gm 90.0 


============================================================
Preparing unit cell files: 4amber_3bpo.prmtop and 4amber_3bpo.rst7
============================================================

~> UnitCell -p 3bpo_4UnitCell.pdb -o 3bpo_4tleap_uc1.pdb


~> tleap -f 3bpo_uc_tleap_input_run

Checking output filenames
  file : 3bpo_uc.prmtop
Sorry:   Output file is empty : 3bpo_uc.prmtop
  Check contents of "leap.log"
