HOST morse.lbl.gov
only_i 303
only_code None
force_amber_prep True
dry_run False
... 303 1lfh
/net/chevy/raid1/nigel/amber/hi_lo
/net/chevy/raid1/nigel/amber/hi_lo/lf/1lfh
1lfh.pdb 4phenix_1lfh.pdb
1lfh.pdb 4phenix_1lfh.pdb
local_archive None
archive PDB None
Reading from local mirror:
  /net/cci/pdb_mirror/pdb/lf/pdb1lfh.ent.gz
Model saved to /net/morse/raid1/scratch1/nigel/amber/hi_lo/lf/1lfh/1lfh.pdb
Sequence saved to /net/morse/raid1/scratch1/nigel/amber/hi_lo/lf/1lfh/1lfh.fa
Reading from local mirror:
  /net/cci/pdb_mirror/structure_factors/lf/r1lfhsf.ent.gz
Structure factors saved to /net/morse/raid1/scratch1/nigel/amber/hi_lo/lf/1lfh/1lfh-sf.cif
Reading from local mirror:
  /net/cci/pdb_mirror/mmcif/lf/1lfh.cif.gz
Model saved to /net/morse/raid1/scratch1/nigel/amber/hi_lo/lf/1lfh/1lfh.cif
Can't determine output label for r1lfhsf,_refln.crystal_id - skipping.
Can't determine output label for r1lfhsf,_refln.scale_group_code - skipping.
Can't determine output label for r1lfhsf,_refln.wavelength_id - skipping.
Converted structure factors saved to 1lfh.mtz
local_archive None
archive PDB None
Reading from local mirror:
  /net/cci/pdb_mirror/pdb/lf/pdb1lfh.ent.gz
Model saved to /net/morse/raid1/scratch1/nigel/amber/hi_lo/lf/1lfh/1lfh.pdb
Sequence saved to /net/morse/raid1/scratch1/nigel/amber/hi_lo/lf/1lfh/1lfh.fa
Reading from local mirror:
  /net/cci/pdb_mirror/structure_factors/lf/r1lfhsf.ent.gz
Structure factors saved to /net/morse/raid1/scratch1/nigel/amber/hi_lo/lf/1lfh/1lfh-sf.cif
Reading from local mirror:
  /net/cci/pdb_mirror/mmcif/lf/1lfh.cif.gz
Model saved to /net/morse/raid1/scratch1/nigel/amber/hi_lo/lf/1lfh/1lfh.cif
Can't determine output label for r1lfhsf,_refln.crystal_id - skipping.
Can't determine output label for r1lfhsf,_refln.scale_group_code - skipping.
Can't determine output label for r1lfhsf,_refln.wavelength_id - skipping.
Converted structure factors saved to 1lfh.mtz

==================================================
Summary of pdb4amber for: 1lfh.pdb
===================================================
REDUCE returned non-zero exit status: See reduce_info.log for more details

----------Chains
The following (original) chains have been found:
A

---------- Alternate Locations (Original Residues!))

The following residues had alternate locations:
None

---------- Mising heavy atom(s)

None

==================================================
Summary of pdb4amber for: 1lfh_4tleap_uc1.pdb
===================================================

----------Chains
The following (original) chains have been found:
A

---------- Alternate Locations (Original Residues!))

The following residues had alternate locations:
None

---------- Mising heavy atom(s)

None
not prmtop_filename /net/morse/scratch1/nigel/amber/hi_lo/lf/1lfh/4amber_1lfh.prmtop

	Running AmberPrep : 1lfh.pdb


==================================================
Running pdb4amber on 1lfh.pdb
==================================================

==================================================
Setting up library files for non-standard residues
==================================================

==================================================
Preparing asu files and 4phenix_1lfh.pdb
==================================================

~> tleap -f 1lfh_asu_tleap_input_run

Checking output filenames
  file : 1lfh_asu.prmtop
  file : 1lfh_asu.rst7

~> ChBox -c 1lfh_asu.rst7 -o 1lfh_asu.rst7 -X 152.09 -Y 94.58 -Z 55.79 -al 90.0 -bt 90.0 -gm 90.0 


============================================================
Preparing unit cell files: 4amber_1lfh.prmtop and 4amber_1lfh.rst7
============================================================

~> UnitCell -p 1lfh_4UnitCell.pdb -o 1lfh_4tleap_uc1.pdb


~> tleap -f 1lfh_uc_tleap_input_run

Checking output filenames
  file : 1lfh_uc.prmtop
  file : 1lfh_uc.rst7

~> ChBox -c 1lfh_uc.rst7 -o 1lfh_uc.rst7 -X 152.09 -Y 94.58 -Z 55.79 -al 90.0 -bt 90.0 -gm 90.0 


==================================================
Minimizing input coordinates.
==================================================

~> sander -O -i 1lfh_amber_all.in -p 4amber_1lfh.prmtop -c 4amber_1lfh.rst7 -o 1lfh.min.out            -ref 4amber_1lfh.rst7 -r 4amber_1lfh.min.rst7

checking special positions in 4phenix_1lfh.pdb

==================================================
Done.  Three new files have been made:
      4phenix_1lfh.pdb
      4amber_1lfh.prmtop
      4amber_1lfh.rst7
==================================================

Example

  phenix.refine 4phenix_1lfh.pdb use_amber=True \
    amber.topology_file_name=4amber_1lfh.prmtop \
    amber.coordinate_file_name=4amber_1lfh.rst7 \
    ....(other refinement keywords here).....



Substituting Amber PDB file for downloaded file
run_tests_local.py:222: UserWarning: os.system() is not safe: please use the subprocess module or libtbx.easy_run instead.
  os.system(cmd)

  Amber files
    PDB    : 1lfh.pdb
    MTZ    : 1lfh.mtz
    prmtop : 4amber_1lfh.prmtop
    rst7   : 4amber_1lfh.rst7
  
/net/morse/raid1/scratch1/nigel/amber/hi_lo/lf/1lfh
return_files 1lfh
/net/chevy/raid1/nigel/amber/hi_lo
4amber_1lfh.pdb
4phenix_1lfh.pdb
cp 4phenix_1lfh.pdb /net/chevy/raid1/nigel/amber/hi_lo/lf/1lfh
1lfh.pdb
cp 1lfh.pdb /net/chevy/raid1/nigel/amber/hi_lo/lf/1lfh
4amber_1lfh.mtz
4phenix_1lfh.mtz
1lfh.mtz
cp 1lfh.mtz /net/chevy/raid1/nigel/amber/hi_lo/lf/1lfh
4amber_1lfh.rst7
cp 4amber_1lfh.rst7 /net/chevy/raid1/nigel/amber/hi_lo/lf/1lfh
4phenix_1lfh.rst7
1lfh.rst7
4amber_1lfh.prmtop
cp 4amber_1lfh.prmtop /net/chevy/raid1/nigel/amber/hi_lo/lf/1lfh
4phenix_1lfh.prmtop
1lfh.prmtop
4amber_1lfh_refine_001.log
4phenix_1lfh_refine_001.log
1lfh_refine_001.log
4amber_1lfh_refine_002.log
4phenix_1lfh_refine_002.log
1lfh_refine_002.log
4amber_1lfh_refine_001.pdb
4phenix_1lfh_refine_001.pdb
1lfh_refine_001.pdb
4amber_1lfh_refine_002.pdb
4phenix_1lfh_refine_002.pdb
1lfh_refine_002.pdb
local_archive /net/chevy/raid1/nigel/amber/hi_lo
archive PDB /net/chevy/raid1/nigel/amber/hi_lo/lf/1lfh/1lfh.pdb
/net/morse/raid1/scratch1/nigel/amber/hi_lo/lf/1lfh
------------------------------
phenix.refine log filename ? > /net/chevy/raid1/nigel/amber/hi_lo/lf/1lfh/1lfh_refine_001.log
------------------------------

	Already done (on chevy) 1lfh_refine_001
------------------------------
phenix.refine log filename ? > /net/chevy/raid1/nigel/amber/hi_lo/lf/1lfh/1lfh_refine_002.log
------------------------------

	Already done (on chevy) 1lfh_refine_002
