HOST rebus.lbl.gov
only_i 197
only_code None
force_amber_prep True
dry_run False
1 1z3z,A,2.900,1zod,A,1.800
2 1psi,A,2.920,3ndd,A,1.500
3 3bpo,A,3.000,3l5w,I,2.000
4 1e6j,P,3.000,3mge,A,1.900
5 1r46,A,3.250,3hg3,A,1.900
6 2j0g,A,2.850,2j1g,A,1.950
7 1nsk,L,2.800,3bbb,A,1.300
8 1t04,B,3.000,1t3f,B,2.000
9 1kiu,B,3.000,1ze3,H,1.840
10 1kv3,A,2.800,2q3z,A,2.000
11 1wqs,A,2.800,2iph,A,1.750
12 3gwp,A,2.900,3i16,A,2.000
13 1c0n,A,2.800,1kmj,A,2.000
14 2r8j,A,3.100,3oha,A,2.000
15 1z5s,C,3.010,2grn,B,1.800
16 3icq,B,3.200,3m1i,A,2.000
17 1nb3,I,2.800,3kfq,C,1.990
18 1otc,A,2.800,2i0q,A,1.910
19 1ue8,A,3.000,3b4x,A,1.940
20 1a4o,A,2.800,2o02,A,1.500
21 1t6i,A,2.810,3g4z,A,1.870
22 1de9,A,3.000,2o3h,A,1.900
23 2j6e,L,3.000,3n9g,L,1.434
24 3hrk,A,3.050,3lc0,A,1.800
25 2ecp,A,2.950,2asv,A,1.950
26 1z8l,A,3.500,2xeg,A,1.590
27 1ere,A,3.100,2r6w,A,2.000
28 1xni,A,2.800,3lh0,A,1.900
29 2pl0,A,2.800,3mpm,A,1.950
30 1pxt,A,2.800,1afw,A,1.800
31 1bmf,A,2.850,2jdi,A,1.900
32 2g3k,A,3.050,2j9u,A,2.000
33 3m9b,A,3.940,3m9h,A,2.000
34 2i0v,A,2.800,3dpk,A,1.950
35 1kiu,A,3.000,3bwu,C,1.760
36 1nys,A,3.050,2h62,D,1.850
37 1rgq,C,2.900,2o8m,C,2.000
38 1fg5,N,2.800,2vs4,A,1.770
39 1sj5,A,2.800,1vjl,A,1.900
40 2f7k,A,2.800,2yxt,A,2.000
41 1yrp,A,3.100,3bqr,A,1.750
42 3a7a,B,3.100,3ab9,A,1.650
43 2vhg,A,2.900,2vjv,A,1.900
44 1blf,A,2.800,3kj7,A,1.910
45 1pma,1,3.400,1yar,H,1.900
46 2bp2,A,3.000,2zp3,A,1.900
47 2oqj,A,2.800,3oaz,K,1.750
48 1fvv,B,2.800,3ddq,B,1.800
49 1qlr,A,2.830,3eo0,A,1.750
50 2fhg,2,3.230,2jay,A,1.990
51 1io4,A,3.000,2e42,A,1.800
52 2i22,A,2.800,2i2w,A,1.950
53 1bot,O,3.050,3ezw,A,2.000
54 1fnt,c,3.200,1yar,O,1.900
55 1htn,A,2.800,1tn3,A,2.000
56 1x75,C,2.800,3hpw,A,1.452
57 1b7b,A,2.800,2we5,A,1.390
58 2not,A,3.000,1ae7,A,2.000
59 1kfl,A,2.800,1n8f,A,1.750
60 2jla,A,2.810,3hww,A,1.950
61 2bct,A,2.900,1i7w,A,2.000
62 2pcb,B,2.800,2b4z,A,1.500
63 1h0y,A,2.800,2bky,A,1.700
64 1bz9,A,2.800,3cc5,A,1.910
65 1mru,A,3.000,3ori,A,2.000
66 1cx2,A,3.000,3nt1,A,1.730
67 1fss,A,3.000,2wfz,A,1.950
68 2onk,E,3.100,3cij,A,1.070
69 3hfm,L,3.000,3d9a,L,1.200
70 2o39,A,2.850,3f0y,A,1.800
71 1aow,A,3.000,2zoc,A,2.000
72 1p7d,A,2.950,2oxo,A,2.000
73 1bzq,K,2.800,2p49,B,1.380
74 1brr,A,2.900,3hap,A,1.600
75 2nty,C,3.100,3bwd,D,1.530
76 1x75,A,2.800,3ku8,A,1.932
77 1nys,B,3.050,2arv,A,2.000
78 2a7r,A,3.000,2c6q,A,1.700
79 2vc2,L,3.100,3g5y,A,1.590
80 3hfm,H,3.000,3d9a,H,1.200
81 1h88,C,2.800,1gvd,A,1.450
82 2f8x,C,3.250,3iag,C,2.000
83 1bkn,A,2.900,1nhi,A,2.000
84 1cdd,A,2.800,1jkx,A,1.600
85 1tyg,A,3.150,1xm3,A,1.800
86 2gps,A,2.800,3g8c,A,2.000
87 1kd7,A,2.800,1kxg,A,2.000
88 2bsq,A,3.000,2h1c,A,1.800
89 3vtk,A,3.000,3f0t,A,2.000
90 1pge,A,3.500,2ayl,A,2.000
91 1fsz,A,2.800,2vap,A,1.700
92 1zcf,A,3.000,2gvn,A,1.900
93 1tgz,B,2.800,2uyz,B,1.400
94 1ryy,A,2.800,2b9v,A,2.000
95 1ae6,L,3.000,3cfb,A,1.600
96 1p7q,D,3.400,1ugn,A,1.800
97 1obt,A,2.800,3hio,A,2.000
98 1ad9,A,2.800,1t3f,A,2.000
99 2c44,A,2.800,2v1p,A,1.900
... 197 2c44
/net/chevy/raid1/nigel/amber/hi_lo
/net/chevy/raid1/nigel/amber/hi_lo/c4/2c44
2c44.pdb 4phenix_2c44.pdb
2c44.pdb 4phenix_2c44.pdb
local_archive None
archive PDB None
Reading from local mirror:
  /net/cci/pdb_mirror/pdb/c4/pdb2c44.ent.gz
Model saved to /net/rebus/raid1/scratch1/nigel/amber/hi_lo/c4/2c44/2c44.pdb
Sequence saved to /net/rebus/raid1/scratch1/nigel/amber/hi_lo/c4/2c44/2c44.fa
Reading from local mirror:
  /net/cci/pdb_mirror/structure_factors/c4/r2c44sf.ent.gz
Structure factors saved to /net/rebus/raid1/scratch1/nigel/amber/hi_lo/c4/2c44/2c44-sf.cif
Reading from local mirror:
  /net/cci/pdb_mirror/mmcif/c4/2c44.cif.gz
Model saved to /net/rebus/raid1/scratch1/nigel/amber/hi_lo/c4/2c44/2c44.cif
Can't determine output label for r2c44sf,_refln.crystal_id - skipping.
Can't determine output label for r2c44sf,_refln.scale_group_code - skipping.
Can't determine output label for r2c44sf,_refln.wavelength_id - skipping.
Converted structure factors saved to 2c44.mtz
local_archive None
archive PDB None
Reading from local mirror:
  /net/cci/pdb_mirror/pdb/c4/pdb2c44.ent.gz
Model saved to /net/rebus/raid1/scratch1/nigel/amber/hi_lo/c4/2c44/2c44.pdb
Sequence saved to /net/rebus/raid1/scratch1/nigel/amber/hi_lo/c4/2c44/2c44.fa
Reading from local mirror:
  /net/cci/pdb_mirror/structure_factors/c4/r2c44sf.ent.gz
Structure factors saved to /net/rebus/raid1/scratch1/nigel/amber/hi_lo/c4/2c44/2c44-sf.cif
Reading from local mirror:
  /net/cci/pdb_mirror/mmcif/c4/2c44.cif.gz
Model saved to /net/rebus/raid1/scratch1/nigel/amber/hi_lo/c4/2c44/2c44.cif
Can't determine output label for r2c44sf,_refln.crystal_id - skipping.
Can't determine output label for r2c44sf,_refln.scale_group_code - skipping.
Can't determine output label for r2c44sf,_refln.wavelength_id - skipping.
Converted structure factors saved to 2c44.mtz

==================================================
Summary of pdb4amber for: 2c44.pdb
===================================================
REDUCE returned non-zero exit status: See reduce_info.log for more details

----------Chains
The following (original) chains have been found:
A
B
C
D

---------- Alternate Locations (Original Residues!))

The following residues had alternate locations:
None

---------- Gaps (Renumbered Residues!)
gap of 2.523645 A between LYS 468 and LYS 468
gap of 2.377789 A between HID 469 and HID 469
gap of 2.485323 A between LEU 470 and LEU 470
gap of 2.407321 A between PRO 471 and PRO 471
gap of 2.472834 A between GLU 472 and GLU 472
gap of 2.430313 A between PRO 473 and PRO 473
gap of 2.451736 A between PHE 474 and PHE 474
gap of 2.403440 A between ARG 475 and ARG 475
gap of 2.406562 A between ILE 476 and ILE 476
gap of 2.530780 A between ARG 477 and ARG 477
gap of 2.452697 A between VAL 478 and VAL 478
gap of 2.478519 A between ILE 479 and ILE 479
gap of 2.415053 A between GLU 480 and GLU 480
gap of 2.508526 A between PRO 481 and PRO 481
gap of 2.442109 A between VAL 482 and VAL 482
gap of 2.538630 A between LYS 483 and LYS 483
gap of 2.436457 A between ARG 484 and ARG 484
gap of 2.445584 A between THR 485 and THR 485
gap of 2.454254 A between THR 486 and THR 486
gap of 2.435195 A between ARG 487 and ARG 487
gap of 2.445602 A between ALA 488 and ALA 488
gap of 2.478098 A between TYR 489 and TYR 489
gap of 2.460988 A between ARG 490 and ARG 490
gap of 2.427864 A between GLU 491 and GLU 491
gap of 2.442208 A between GLU 492 and GLU 492
gap of 2.533146 A between ALA 493 and ALA 493
gap of 2.445143 A between ILE 494 and ILE 494
gap of 2.439385 A between ILE 495 and ILE 495
gap of 2.432061 A between LYS 496 and LYS 496
gap of 2.493081 A between SER 497 and SER 497
gap of 2.474223 A between GLY 498 and GLY 498
gap of 2.481693 A between MET 499 and MET 499
gap of 2.440717 A between ASN 500 and ASN 500
gap of 2.505988 A between PRO 501 and PRO 501
gap of 2.456159 A between PHE 502 and PHE 502
gap of 2.506847 A between LEU 503 and LEU 503
gap of 2.450705 A between LEU 504 and LEU 504
gap of 2.431759 A between ASP 505 and ASP 505
gap of 2.463183 A between SER 506 and SER 506
gap of 2.505607 A between GLU 507 and GLU 507
gap of 2.431747 A between ASP 508 and ASP 508
gap of 2.461223 A between VAL 509 and VAL 509
gap of 2.420118 A between PHE 510 and PHE 510
gap of 2.385606 A between ILE 511 and ILE 511
gap of 2.521116 A between ASP 512 and ASP 512
gap of 2.473341 A between LEU 513 and LEU 513
gap of 2.458639 A between LEU 514 and LEU 514
gap of 2.459573 A between THR 515 and THR 515
gap of 2.433753 A between ASP 516 and ASP 516
gap of 2.529245 A between SER 517 and SER 517
gap of 2.504877 A between GLY 518 and GLY 518
gap of 2.505304 A between THR 519 and THR 519
gap of 2.493722 A between GLY 520 and GLY 520
gap of 2.452497 A between ALA 521 and ALA 521
gap of 2.412775 A between VAL 522 and VAL 522
gap of 2.425025 A between THR 523 and THR 523
gap of 2.454340 A between GLN 524 and GLN 524
gap of 2.450816 A between SER 525 and SER 525
gap of 2.441783 A between MET 526 and MET 526
gap of 2.425907 A between GLN 527 and GLN 527
gap of 2.463314 A between ALA 528 and ALA 528
gap of 2.438969 A between ALA 529 and ALA 529
gap of 2.464203 A between MET 530 and MET 530
gap of 2.533337 A between MET 531 and MET 531
gap of 2.504198 A between ARG 532 and ARG 532
gap of 2.483086 A between GLY 533 and GLY 533
gap of 2.361043 A between ASP 534 and ASP 534
gap of 2.509804 A between GLU 535 and GLU 535
gap of 2.435198 A between ALA 536 and ALA 536
gap of 2.446608 A between TYR 537 and TYR 537
gap of 2.476923 A between SER 538 and SER 538
gap of 2.524926 A between GLY 539 and GLY 539
gap of 2.441811 A between SER 540 and SER 540
gap of 2.429000 A between ARG 541 and ARG 541
gap of 2.412431 A between SER 542 and SER 542
gap of 2.412320 A between TYR 543 and TYR 543
gap of 2.459827 A between TYR 544 and TYR 544
gap of 2.400985 A between ALA 545 and ALA 545
gap of 2.434943 A between LEU 546 and LEU 546
gap of 2.460410 A between ALA 547 and ALA 547
gap of 2.446369 A between GLU 548 and GLU 548
gap of 2.443413 A between SER 549 and SER 549
gap of 2.452274 A between VAL 550 and VAL 550
gap of 2.459513 A between LYS 551 and LYS 551
gap of 2.514115 A between ASN 552 and ASN 552
gap of 2.523945 A between ILE 553 and ILE 553
gap of 2.500698 A between PHE 554 and PHE 554
gap of 2.462188 A between GLY 555 and GLY 555
gap of 2.452848 A between TYR 556 and TYR 556
gap of 2.533547 A between GLN 557 and GLN 557
gap of 2.450403 A between TYR 558 and TYR 558
gap of 2.509022 A between THR 559 and THR 559
gap of 2.380800 A between ILE 560 and ILE 560
gap of 2.450784 A between PRO 561 and PRO 561
gap of 2.378772 A between THR 562 and THR 562
gap of 2.452137 A between HID 563 and HID 563
gap of 2.520384 A between GLN 564 and GLN 564
gap of 2.542963 A between GLY 565 and GLY 565
gap of 2.465858 A between ARG 566 and ARG 566
gap of 2.416373 A between GLY 567 and GLY 567
gap of 2.463692 A between ALA 568 and ALA 568
gap of 2.472084 A between GLU 569 and GLU 569
gap of 2.477777 A between GLN 570 and GLN 570
gap of 2.467280 A between ILE 571 and ILE 571
gap of 2.515603 A between TYR 572 and TYR 572
gap of 2.488448 A between ILE 573 and ILE 573
gap of 2.461466 A between PRO 574 and PRO 574
gap of 2.476687 A between VAL 575 and VAL 575
gap of 2.470617 A between LEU 576 and LEU 576
gap of 2.448456 A between ILE 577 and ILE 577
gap of 2.454557 A between LYS 578 and LYS 578
gap of 2.485731 A between LYS 579 and LYS 579
gap of 2.461955 A between ARG 580 and ARG 580
gap of 2.427959 A between GLU 581 and GLU 581
gap of 2.485180 A between GLN 582 and GLN 582
gap of 2.543859 A between GLU 583 and GLU 583
gap of 2.519318 A between LYS 584 and LYS 584
gap of 2.486761 A between GLY 585 and GLY 585
gap of 2.411758 A between LEU 586 and LEU 586
gap of 2.468453 A between ASP 587 and ASP 587
gap of 2.501566 A between ARG 588 and ARG 588
gap of 2.486210 A between SER 589 and SER 589
gap of 2.498039 A between LYS 590 and LYS 590
gap of 2.535975 A between MET 591 and MET 591
gap of 2.453240 A between VAL 592 and VAL 592
gap of 2.411533 A between ALA 593 and ALA 593
gap of 2.481360 A between PHE 594 and PHE 594
gap of 2.408397 A between SER 595 and SER 595
gap of 2.365950 A between ASN 596 and ASN 596
gap of 2.497154 A between TYR 597 and TYR 597
gap of 2.502315 A between PHE 598 and PHE 598
gap of 2.332005 A between PHE 599 and PHE 599
gap of 2.493988 A between ASP 600 and ASP 600
gap of 2.479831 A between THR 601 and THR 601
gap of 2.407087 A between THR 602 and THR 602
gap of 2.424609 A between GLN 603 and GLN 603
gap of 2.470442 A between GLY 604 and GLY 604
gap of 2.477535 A between HIE 605 and HIE 605
gap of 2.405899 A between SER 606 and SER 606
gap of 2.487187 A between GLN 607 and GLN 607
gap of 2.429109 A between ILE 608 and ILE 608
gap of 2.467234 A between ASN 609 and ASN 609
gap of 2.509094 A between GLY 610 and GLY 610
gap of 2.444726 A between CYS 611 and CYS 611
gap of 2.409818 A between THR 612 and THR 612
gap of 2.469232 A between VAL 613 and VAL 613
gap of 2.410148 A between ARG 614 and ARG 614
gap of 2.396486 A between ASN 615 and ASN 615
gap of 2.452424 A between VAL 616 and VAL 616
gap of 2.460018 A between TYR 617 and TYR 617
gap of 2.496854 A between ILE 618 and ILE 618
gap of 2.514440 A between LYS 619 and LYS 619
gap of 2.515516 A between GLU 620 and GLU 620
gap of 2.526652 A between ALA 621 and ALA 621
gap of 2.547883 A between PHE 622 and PHE 622
gap of 2.367911 A between ASP 623 and ASP 623
gap of 2.488769 A between THR 624 and THR 624
gap of 2.476522 A between GLY 625 and GLY 625
gap of 2.485369 A between VAL 626 and VAL 626
gap of 2.469531 A between ARG 627 and ARG 627
gap of 2.436495 A between TYR 628 and TYR 628
gap of 2.566201 A between ASP 629 and ASP 629
gap of 2.498334 A between PHE 630 and PHE 630
gap of 2.487698 A between LYS 631 and LYS 631
gap of 2.461806 A between GLY 632 and GLY 632
gap of 2.526922 A between ASN 633 and ASN 633
gap of 2.360939 A between PHE 634 and PHE 634
gap of 2.283698 A between ASP 635 and ASP 635
gap of 2.508559 A between LEU 636 and LEU 636
gap of 2.425671 A between GLU 637 and GLU 637
gap of 2.489258 A between GLY 638 and GLY 638
gap of 2.451810 A between LEU 639 and LEU 639
gap of 2.458900 A between GLU 640 and GLU 640
gap of 2.427993 A between ARG 641 and ARG 641
gap of 2.468065 A between GLY 642 and GLY 642
gap of 2.419876 A between ILE 643 and ILE 643
gap of 2.440043 A between GLU 644 and GLU 644
gap of 2.458751 A between GLU 645 and GLU 645
gap of 2.520691 A between VAL 646 and VAL 646
gap of 2.414457 A between GLY 647 and GLY 647
gap of 2.548274 A between PRO 648 and PRO 648
gap of 2.470398 A between ASN 649 and ASN 649
gap of 2.513199 A between ASN 650 and ASN 650
gap of 2.406105 A between VAL 651 and VAL 651
gap of 2.546061 A between PRO 652 and PRO 652
gap of 2.479098 A between TYR 653 and TYR 653
gap of 2.364230 A between ILE 654 and ILE 654
gap of 2.442594 A between VAL 655 and VAL 655
gap of 2.375875 A between ALA 656 and ALA 656
gap of 2.452262 A between THR 657 and THR 657
gap of 2.456303 A between ILE 658 and ILE 658
gap of 2.229311 A between THR 659 and THR 659
gap of 2.363583 A between SER 660 and SER 660
gap of 2.478973 A between ASN 661 and ASN 661
gap of 2.495361 A between SER 662 and SER 662
gap of 2.442456 A between ALA 663 and ALA 663
gap of 2.459313 A between GLY 664 and GLY 664
gap of 2.432668 A between GLY 665 and GLY 665
gap of 2.461373 A between GLN 666 and GLN 666
gap of 2.563642 A between PRO 667 and PRO 667
gap of 2.386792 A between VAL 668 and VAL 668
gap of 2.475930 A between SER 669 and SER 669
gap of 2.417946 A between LEU 670 and LEU 670
gap of 2.447594 A between ALA 671 and ALA 671
gap of 2.446011 A between ASN 672 and ASN 672
gap of 2.459840 A between LEU 673 and LEU 673
gap of 2.426670 A between LYS 674 and LYS 674
gap of 2.457540 A between ALA 675 and ALA 675
gap of 2.459569 A between MET 676 and MET 676
gap of 2.448370 A between TYR 677 and TYR 677
gap of 2.431071 A between SER 678 and SER 678
gap of 2.423911 A between ILE 679 and ILE 679
gap of 2.468740 A between ALA 680 and ALA 680
gap of 2.424155 A between LYS 681 and LYS 681
gap of 2.474171 A between LYS 682 and LYS 682
gap of 2.477490 A between TYR 683 and TYR 683
gap of 2.477974 A between ASP 684 and ASP 684
gap of 2.441979 A between ILE 685 and ILE 685
gap of 2.470899 A between PRO 686 and PRO 686
gap of 2.442116 A between VAL 687 and VAL 687
gap of 2.429128 A between VAL 688 and VAL 688
gap of 2.450235 A between MET 689 and MET 689
gap of 2.346961 A between ASP 690 and ASP 690
gap of 2.625696 A between SER 691 and SER 691
gap of 2.519592 A between ALA 692 and ALA 692
gap of 2.469057 A between ARG 693 and ARG 693
gap of 2.489816 A between PHE 694 and PHE 694
gap of 2.484570 A between ALA 695 and ALA 695
gap of 2.429726 A between GLU 696 and GLU 696
gap of 2.424330 A between ASN 697 and ASN 697
gap of 2.443069 A between ALA 698 and ALA 698
gap of 2.456892 A between TYR 699 and TYR 699
gap of 2.446626 A between PHE 700 and PHE 700
gap of 2.390053 A between ILE 701 and ILE 701
gap of 2.495725 A between LYS 702 and LYS 702
gap of 2.492644 A between GLN 703 and GLN 703
gap of 2.567246 A between ARG 704 and ARG 704
gap of 2.466282 A between GLU 705 and GLU 705
gap of 2.562032 A between ALA 706 and ALA 706
gap of 2.507030 A between GLU 707 and GLU 707
gap of 2.538583 A between TYR 708 and TYR 708
gap of 2.480242 A between LYS 709 and LYS 709
gap of 2.553084 A between ASP 710 and ASP 710
gap of 2.440886 A between TRP 711 and TRP 711
gap of 2.394614 A between THR 712 and THR 712
gap of 2.416846 A between ILE 713 and ILE 713
gap of 2.468968 A between GLU 714 and GLU 714
gap of 2.476258 A between GLN 715 and GLN 715
gap of 2.460088 A between ILE 716 and ILE 716
gap of 2.437903 A between THR 717 and THR 717
gap of 2.449846 A between ARG 718 and ARG 718
gap of 2.442166 A between GLU 719 and GLU 719
gap of 2.498907 A between THR 720 and THR 720
gap of 2.542194 A between TYR 721 and TYR 721
gap of 2.377390 A between LYS 722 and LYS 722
gap of 2.533736 A between TYR 723 and TYR 723
gap of 2.348315 A between ALA 724 and ALA 724
gap of 2.440424 A between ASP 725 and ASP 725
gap of 2.423051 A between MET 726 and MET 726
gap of 2.430809 A between LEU 727 and LEU 727
gap of 2.285419 A between ALA 728 and ALA 728
gap of 2.520168 A between MET 729 and MET 729
gap of 2.309885 A between SER 730 and SER 730
gap of 2.489453 A between ALA 731 and ALA 731
gap of 2.513336 A between LYS 732 and LYS 732
gap of 2.498817 A between LYS 733 and LYS 733
gap of 2.523457 A between ASP 734 and ASP 734
gap of 2.429643 A between ALA 735 and ALA 735
gap of 2.613754 A between MET 736 and MET 736
gap of 2.480997 A between VAL 737 and VAL 737
gap of 2.472886 A between PRO 738 and PRO 738
gap of 2.453045 A between MET 739 and MET 739
gap of 2.499523 A between GLY 740 and GLY 740
gap of 2.419664 A between GLY 741 and GLY 741
gap of 2.476161 A between LEU 742 and LEU 742
gap of 2.334257 A between LEU 743 and LEU 743
gap of 2.513285 A between CYS 744 and CYS 744
gap of 2.442903 A between MET 745 and MET 745
gap of 2.541461 A between LYS 746 and LYS 746
gap of 2.551234 A between ASP 747 and ASP 747
gap of 2.527948 A between ASP 748 and ASP 748
gap of 2.464574 A between SER 749 and SER 749
gap of 2.463291 A between PHE 750 and PHE 750
gap of 2.446783 A between PHE 751 and PHE 751
gap of 2.493321 A between ASP 752 and ASP 752
gap of 2.393537 A between VAL 753 and VAL 753
gap of 2.458161 A between TYR 754 and TYR 754
gap of 2.444610 A between THR 755 and THR 755
gap of 2.423725 A between GLU 756 and GLU 756
gap of 2.438652 A between CYS 757 and CYS 757
gap of 2.418859 A between ARG 758 and ARG 758
gap of 2.454592 A between THR 759 and THR 759
gap of 2.467744 A between LEU 760 and LEU 760
gap of 2.449505 A between CYS 761 and CYS 761
gap of 2.433201 A between VAL 762 and VAL 762
gap of 2.517514 A between VAL 763 and VAL 763
gap of 2.576215 A between GLN 764 and GLN 764
gap of 2.558376 A between GLU 765 and GLU 765
gap of 2.405002 A between GLY 766 and GLY 766
gap of 2.399760 A between PHE 767 and PHE 767
gap of 2.588251 A between PRO 768 and PRO 768
gap of 2.469456 A between THR 769 and THR 769
gap of 2.430196 A between TYR 770 and TYR 770
gap of 2.561619 A between GLY 771 and GLY 771
gap of 2.503912 A between GLY 772 and GLY 772
gap of 2.432937 A between LEU 773 and LEU 773
gap of 2.423288 A between GLU 774 and GLU 774
gap of 2.486077 A between GLY 775 and GLY 775
gap of 2.488154 A between GLY 776 and GLY 776
gap of 2.439012 A between ALA 777 and ALA 777
gap of 2.460666 A between MET 778 and MET 778
gap of 2.403258 A between GLU 779 and GLU 779
gap of 2.460470 A between ARG 780 and ARG 780
gap of 2.470330 A between LEU 781 and LEU 781
gap of 2.437913 A between ALA 782 and ALA 782
gap of 2.464323 A between VAL 783 and VAL 783
gap of 2.488207 A between GLY 784 and GLY 784
gap of 2.442360 A between LEU 785 and LEU 785
gap of 2.474180 A between TYR 786 and TYR 786
gap of 2.470662 A between ASP 787 and ASP 787
gap of 2.494973 A between GLY 788 and GLY 788
gap of 2.513944 A between MET 789 and MET 789
gap of 2.466478 A between ASN 790 and ASN 790
gap of 2.529813 A between LEU 791 and LEU 791
gap of 2.435726 A between ASP 792 and ASP 792
gap of 2.440509 A between TRP 793 and TRP 793
gap of 2.476663 A between LEU 794 and LEU 794
gap of 2.441691 A between ALA 795 and ALA 795
gap of 2.468440 A between TYR 796 and TYR 796
gap of 2.457106 A between ARG 797 and ARG 797
gap of 2.489837 A between ILE 798 and ILE 798
gap of 2.442270 A between ALA 799 and ALA 799
gap of 2.429371 A between GLN 800 and GLN 800
gap of 2.436606 A between VAL 801 and VAL 801
gap of 2.426445 A between GLN 802 and GLN 802
gap of 2.474669 A between TYR 803 and TYR 803
gap of 2.457728 A between LEU 804 and LEU 804
gap of 2.464973 A between VAL 805 and VAL 805
gap of 2.448727 A between ASP 806 and ASP 806
gap of 2.447787 A between GLY 807 and GLY 807
gap of 2.437371 A between LEU 808 and LEU 808
gap of 2.458436 A between GLU 809 and GLU 809
gap of 2.477641 A between GLU 810 and GLU 810
gap of 2.472764 A between ILE 811 and ILE 811
gap of 2.533256 A between GLY 812 and GLY 812
gap of 2.414797 A between VAL 813 and VAL 813
gap of 2.494633 A between VAL 814 and VAL 814
gap of 2.457207 A between CYS 815 and CYS 815
gap of 2.302540 A between GLN 816 and GLN 816
gap of 2.422946 A between GLN 817 and GLN 817
gap of 2.507074 A between ALA 818 and ALA 818
gap of 2.417885 A between GLY 819 and GLY 819
gap of 2.571923 A between GLY 820 and GLY 820
gap of 2.566170 A between HIE 821 and HIE 821
gap of 2.505180 A between ALA 822 and ALA 822
gap of 2.349004 A between ALA 823 and ALA 823
gap of 2.427634 A between PHE 824 and PHE 824
gap of 2.430337 A between VAL 825 and VAL 825
gap of 2.448866 A between ASP 826 and ASP 826
gap of 2.458093 A between ALA 827 and ALA 827
gap of 2.442114 A between GLY 828 and GLY 828
gap of 2.479727 A between LYS 829 and LYS 829
gap of 2.494847 A between LEU 830 and LEU 830
gap of 2.453887 A between LEU 831 and LEU 831
gap of 2.557078 A between PRO 832 and PRO 832
gap of 2.504154 A between HIE 833 and HIE 833
gap of 2.484044 A between ILE 834 and ILE 834
gap of 2.493414 A between PRO 835 and PRO 835
gap of 2.477199 A between ALA 836 and ALA 836
gap of 2.458530 A between ASP 837 and ASP 837
gap of 2.528015 A between GLN 838 and GLN 838
gap of 2.548838 A between PHE 839 and PHE 839
gap of 2.529886 A between PRO 840 and PRO 840
gap of 2.465779 A between ALA 841 and ALA 841
gap of 2.429319 A between GLN 842 and GLN 842
gap of 2.399600 A between ALA 843 and ALA 843
gap of 2.440650 A between LEU 844 and LEU 844
gap of 2.454848 A between ALA 845 and ALA 845
gap of 2.445929 A between CYS 846 and CYS 846
gap of 2.424555 A between GLU 847 and GLU 847
gap of 2.458855 A between LEU 848 and LEU 848
gap of 2.453937 A between TYR 849 and TYR 849
gap of 2.448074 A between LYS 850 and LYS 850
gap of 2.536822 A between VAL 851 and VAL 851
gap of 2.557197 A between ALA 852 and ALA 852
gap of 2.467735 A between GLY 853 and GLY 853
gap of 2.390068 A between ILE 854 and ILE 854
gap of 2.493722 A between ARG 855 and ARG 855
gap of 2.487724 A between ALA 856 and ALA 856
gap of 2.482050 A between VAL 857 and VAL 857
gap of 2.412978 A between GLU 858 and GLU 858
gap of 2.346232 A between ILE 859 and ILE 859
gap of 2.442091 A between GLY 860 and GLY 860
gap of 2.500685 A between SER 861 and SER 861
gap of 2.450776 A between PHE 862 and PHE 862
gap of 2.506200 A between LEU 863 and LEU 863
gap of 2.490284 A between LEU 864 and LEU 864
gap of 2.538647 A between GLY 865 and GLY 865
gap of 2.430400 A between ARG 866 and ARG 866
gap of 2.397225 A between ASP 867 and ASP 867
gap of 2.513787 A between PRO 868 and PRO 868
gap of 2.465230 A between LYS 869 and LYS 869
gap of 2.453536 A between THR 870 and THR 870
gap of 2.420613 A between GLY 871 and GLY 871
gap of 2.472115 A between LYS 872 and LYS 872
gap of 2.464178 A between GLN 873 and GLN 873
gap of 2.463544 A between LEU 874 and LEU 874
gap of 2.415257 A between PRO 875 and PRO 875
gap of 2.502007 A between CYS 876 and CYS 876
gap of 2.533567 A between PRO 877 and PRO 877
gap of 2.474834 A between ALA 878 and ALA 878
gap of 2.400229 A between GLU 879 and GLU 879
gap of 2.514144 A between LEU 880 and LEU 880
gap of 2.333378 A between LEU 881 and LEU 881
gap of 2.518687 A between ARG 882 and ARG 882
gap of 2.362859 A between LEU 883 and LEU 883
gap of 2.474980 A between THR 884 and THR 884
gap of 2.515338 A between ILE 885 and ILE 885
gap of 2.423592 A between PRO 886 and PRO 886
gap of 2.529361 A between ARG 887 and ARG 887
gap of 2.503084 A between ALA 888 and ALA 888
gap of 2.473207 A between THR 889 and THR 889
gap of 2.473439 A between TYR 890 and TYR 890
gap of 2.483868 A between THR 891 and THR 891
gap of 2.425876 A between GLN 892 and GLN 892
gap of 2.437660 A between THR 893 and THR 893
gap of 2.418063 A between HIE 894 and HIE 894
gap of 2.434923 A between MET 895 and MET 895
gap of 2.431533 A between ASP 896 and ASP 896
gap of 2.430178 A between PHE 897 and PHE 897
gap of 2.443406 A between ILE 898 and ILE 898
gap of 2.446022 A between ILE 899 and ILE 899
gap of 2.438502 A between GLU 900 and GLU 900
gap of 2.443904 A between ALA 901 and ALA 901
gap of 2.492460 A between PHE 902 and PHE 902
gap of 2.390589 A between LYS 903 and LYS 903
gap of 2.464752 A between HIE 904 and HIE 904
gap of 2.454338 A between VAL 905 and VAL 905
gap of 2.436088 A between LYS 906 and LYS 906
gap of 2.476445 A between GLU 907 and GLU 907
gap of 2.497137 A between ASN 908 and ASN 908
gap of 2.513779 A between ALA 909 and ALA 909
gap of 2.536171 A between SER 910 and SER 910
gap of 2.534466 A between ASN 911 and ASN 911
gap of 2.452196 A between ILE 912 and ILE 912
gap of 2.510398 A between LYS 913 and LYS 913
gap of 2.411812 A between GLY 914 and GLY 914
gap of 2.507635 A between LEU 915 and LEU 915
gap of 2.461225 A between THR 916 and THR 916
gap of 2.569876 A between PHE 917 and PHE 917
gap of 2.341467 A between THR 918 and THR 918
gap of 2.431786 A between TYR 919 and TYR 919
gap of 2.498421 A between GLU 920 and GLU 920
gap of 2.463500 A between PRO 921 and PRO 921
gap of 2.492687 A between LYS 922 and LYS 922
gap of 2.461589 A between VAL 923 and VAL 923
gap of 2.486185 A between LEU 924 and LEU 924
gap of 2.571209 A between ARG 925 and ARG 925
gap of 2.564504 A between HIE 926 and HIE 926
gap of 2.530688 A between PHE 927 and PHE 927
gap of 2.521227 A between THR 928 and THR 928
gap of 2.457854 A between ALA 929 and ALA 929
gap of 2.413174 A between LYS 930 and LYS 930
gap of 2.446782 A between LEU 931 and LEU 931
gap of 2.316219 A between LYS 932 and LYS 932
gap of 2.578968 A between GLU 933 and GLU 933
gap of 2.578444 A between PHE 935 and PHE 935
gap of 2.344773 A between LYS 936 and LYS 936
gap of 2.355865 A between HID 937 and HID 937
gap of 2.468126 A between LEU 938 and LEU 938
gap of 2.423641 A between PRO 939 and PRO 939
gap of 2.489203 A between GLU 940 and GLU 940
gap of 2.426664 A between PRO 941 and PRO 941
gap of 2.465627 A between PHE 942 and PHE 942
gap of 2.407348 A between ARG 943 and ARG 943
gap of 2.409602 A between ILE 944 and ILE 944
gap of 2.529141 A between ARG 945 and ARG 945
gap of 2.439621 A between VAL 946 and VAL 946
gap of 2.479892 A between ILE 947 and ILE 947
gap of 2.421599 A between GLU 948 and GLU 948
gap of 2.503363 A between PRO 949 and PRO 949
gap of 2.438673 A between VAL 950 and VAL 950
gap of 2.515375 A between LYS 951 and LYS 951
gap of 2.446793 A between ARG 952 and ARG 952
gap of 2.452103 A between THR 953 and THR 953
gap of 2.444462 A between THR 954 and THR 954
gap of 2.449799 A between ARG 955 and ARG 955
gap of 2.440118 A between ALA 956 and ALA 956
gap of 2.481781 A between TYR 957 and TYR 957
gap of 2.452004 A between ARG 958 and ARG 958
gap of 2.431377 A between GLU 959 and GLU 959
gap of 2.443986 A between GLU 960 and GLU 960
gap of 2.521283 A between ALA 961 and ALA 961
gap of 2.453264 A between ILE 962 and ILE 962
gap of 2.417194 A between ILE 963 and ILE 963
gap of 2.443190 A between LYS 964 and LYS 964
gap of 2.489887 A between SER 965 and SER 965
gap of 2.473749 A between GLY 966 and GLY 966
gap of 2.480233 A between MET 967 and MET 967
gap of 2.433992 A between ASN 968 and ASN 968
gap of 2.501091 A between PRO 969 and PRO 969
gap of 2.449553 A between PHE 970 and PHE 970
gap of 2.513151 A between LEU 971 and LEU 971
gap of 2.456373 A between LEU 972 and LEU 972
gap of 2.433177 A between ASP 973 and ASP 973
gap of 2.461429 A between SER 974 and SER 974
gap of 2.512854 A between GLU 975 and GLU 975
gap of 2.433291 A between ASP 976 and ASP 976
gap of 2.447776 A between VAL 977 and VAL 977
gap of 2.428132 A between PHE 978 and PHE 978
gap of 2.391069 A between ILE 979 and ILE 979
gap of 2.509704 A between ASP 980 and ASP 980
gap of 2.473554 A between LEU 981 and LEU 981
gap of 2.463592 A between LEU 982 and LEU 982
gap of 2.451384 A between THR 983 and THR 983
gap of 2.432755 A between ASP 984 and ASP 984
gap of 2.532355 A between SER 985 and SER 985
gap of 2.497409 A between GLY 986 and GLY 986
gap of 2.522629 A between THR 987 and THR 987
gap of 2.498964 A between GLY 988 and GLY 988
gap of 2.441645 A between ALA 989 and ALA 989
gap of 2.418759 A between VAL 990 and VAL 990
gap of 2.419511 A between THR 991 and THR 991
gap of 2.457001 A between GLN 992 and GLN 992
gap of 2.448660 A between SER 993 and SER 993
gap of 2.450220 A between MET 994 and MET 994
gap of 2.420673 A between GLN 995 and GLN 995
gap of 2.461452 A between ALA 996 and ALA 996
gap of 2.445560 A between ALA 997 and ALA 997
gap of 2.458635 A between MET 998 and MET 998
gap of 2.542025 A between MET 999 and MET 999
gap of 2.512175 A between ARG 1000 and ARG 1000
gap of 2.469236 A between GLY 1001 and GLY 1001
gap of 2.346767 A between ASP 1002 and ASP 1002
gap of 2.513444 A between GLU 1003 and GLU 1003
gap of 2.439872 A between ALA 1004 and ALA 1004
gap of 2.442607 A between TYR 1005 and TYR 1005
gap of 2.473484 A between SER 1006 and SER 1006
gap of 2.516617 A between GLY 1007 and GLY 1007
gap of 2.450589 A between SER 1008 and SER 1008
gap of 2.420705 A between ARG 1009 and ARG 1009
gap of 2.415147 A between SER 1010 and SER 1010
gap of 2.417264 A between TYR 1011 and TYR 1011
gap of 2.459133 A between TYR 1012 and TYR 1012
gap of 2.409356 A between ALA 1013 and ALA 1013
gap of 2.426590 A between LEU 1014 and LEU 1014
gap of 2.471563 A between ALA 1015 and ALA 1015
gap of 2.454542 A between GLU 1016 and GLU 1016
gap of 2.437894 A between SER 1017 and SER 1017
gap of 2.445298 A between VAL 1018 and VAL 1018
gap of 2.472402 A between LYS 1019 and LYS 1019
gap of 2.503433 A between ASN 1020 and ASN 1020
gap of 2.505990 A between ILE 1021 and ILE 1021
gap of 2.503087 A between PHE 1022 and PHE 1022
gap of 2.455591 A between GLY 1023 and GLY 1023
gap of 2.447324 A between TYR 1024 and TYR 1024
gap of 2.535598 A between GLN 1025 and GLN 1025
gap of 2.489137 A between TYR 1026 and TYR 1026
gap of 2.511684 A between THR 1027 and THR 1027
gap of 2.380841 A between ILE 1028 and ILE 1028
gap of 2.451981 A between PRO 1029 and PRO 1029
gap of 2.367208 A between THR 1030 and THR 1030
gap of 2.454020 A between HID 1031 and HID 1031
gap of 2.522553 A between GLN 1032 and GLN 1032
gap of 2.549147 A between GLY 1033 and GLY 1033
gap of 2.461868 A between ARG 1034 and ARG 1034
gap of 2.410533 A between GLY 1035 and GLY 1035
gap of 2.452165 A between ALA 1036 and ALA 1036
gap of 2.459441 A between GLU 1037 and GLU 1037
gap of 2.480662 A between GLN 1038 and GLN 1038
gap of 2.462879 A between ILE 1039 and ILE 1039
gap of 2.521129 A between TYR 1040 and TYR 1040
gap of 2.488828 A between ILE 1041 and ILE 1041
gap of 2.458114 A between PRO 1042 and PRO 1042
gap of 2.488345 A between VAL 1043 and VAL 1043
gap of 2.478508 A between LEU 1044 and LEU 1044
gap of 2.442283 A between ILE 1045 and ILE 1045
gap of 2.455965 A between LYS 1046 and LYS 1046
gap of 2.491727 A between LYS 1047 and LYS 1047
gap of 2.456168 A between ARG 1048 and ARG 1048
gap of 2.401030 A between GLU 1049 and GLU 1049
gap of 2.500973 A between GLN 1050 and GLN 1050
gap of 2.544456 A between GLU 1051 and GLU 1051
gap of 2.497004 A between LYS 1052 and LYS 1052
gap of 2.482415 A between GLY 1053 and GLY 1053
gap of 2.414771 A between LEU 1054 and LEU 1054
gap of 2.453467 A between ASP 1055 and ASP 1055
gap of 2.507852 A between ARG 1056 and ARG 1056
gap of 2.496371 A between SER 1057 and SER 1057
gap of 2.504257 A between LYS 1058 and LYS 1058
gap of 2.537694 A between MET 1059 and MET 1059
gap of 2.457170 A between VAL 1060 and VAL 1060
gap of 2.412698 A between ALA 1061 and ALA 1061
gap of 2.488471 A between PHE 1062 and PHE 1062
gap of 2.407822 A between SER 1063 and SER 1063
gap of 2.360785 A between ASN 1064 and ASN 1064
gap of 2.506811 A between TYR 1065 and TYR 1065
gap of 2.498702 A between PHE 1066 and PHE 1066
gap of 2.360650 A between PHE 1067 and PHE 1067
gap of 2.511419 A between ASP 1068 and ASP 1068
gap of 2.487276 A between THR 1069 and THR 1069
gap of 2.402662 A between THR 1070 and THR 1070
gap of 2.428550 A between GLN 1071 and GLN 1071
gap of 2.480924 A between GLY 1072 and GLY 1072
gap of 2.469373 A between HIE 1073 and HIE 1073
gap of 2.407112 A between SER 1074 and SER 1074
gap of 2.482580 A between GLN 1075 and GLN 1075
gap of 2.427185 A between ILE 1076 and ILE 1076
gap of 2.473746 A between ASN 1077 and ASN 1077
gap of 2.514855 A between GLY 1078 and GLY 1078
gap of 2.444803 A between CYS 1079 and CYS 1079
gap of 2.404779 A between THR 1080 and THR 1080
gap of 2.455253 A between VAL 1081 and VAL 1081
gap of 2.390296 A between ARG 1082 and ARG 1082
gap of 2.384054 A between ASN 1083 and ASN 1083
gap of 2.455965 A between VAL 1084 and VAL 1084
gap of 2.461909 A between TYR 1085 and TYR 1085
gap of 2.494389 A between ILE 1086 and ILE 1086
gap of 2.515256 A between LYS 1087 and LYS 1087
gap of 2.511784 A between GLU 1088 and GLU 1088
gap of 2.530237 A between ALA 1089 and ALA 1089
gap of 2.548308 A between PHE 1090 and PHE 1090
gap of 2.351007 A between ASP 1091 and ASP 1091
gap of 2.502069 A between THR 1092 and THR 1092
gap of 2.473223 A between GLY 1093 and GLY 1093
gap of 2.471122 A between VAL 1094 and VAL 1094
gap of 2.434497 A between ARG 1095 and ARG 1095
gap of 2.415356 A between TYR 1096 and TYR 1096
gap of 2.564244 A between ASP 1097 and ASP 1097
gap of 2.497156 A between PHE 1098 and PHE 1098
gap of 2.488483 A between LYS 1099 and LYS 1099
gap of 2.461361 A between GLY 1100 and GLY 1100
gap of 2.530162 A between ASN 1101 and ASN 1101
gap of 2.365154 A between PHE 1102 and PHE 1102
gap of 2.288658 A between ASP 1103 and ASP 1103
gap of 2.535253 A between LEU 1104 and LEU 1104
gap of 2.414462 A between GLU 1105 and GLU 1105
gap of 2.478520 A between GLY 1106 and GLY 1106
gap of 2.442615 A between LEU 1107 and LEU 1107
gap of 2.457923 A between GLU 1108 and GLU 1108
gap of 2.439479 A between ARG 1109 and ARG 1109
gap of 2.461897 A between GLY 1110 and GLY 1110
gap of 2.441758 A between ILE 1111 and ILE 1111
gap of 2.432105 A between GLU 1112 and GLU 1112
gap of 2.489465 A between GLU 1113 and GLU 1113
gap of 2.512509 A between VAL 1114 and VAL 1114
gap of 2.413361 A between GLY 1115 and GLY 1115
gap of 2.546695 A between PRO 1116 and PRO 1116
gap of 2.474925 A between ASN 1117 and ASN 1117
gap of 2.511582 A between ASN 1118 and ASN 1118
gap of 2.408483 A between VAL 1119 and VAL 1119
gap of 2.544603 A between PRO 1120 and PRO 1120
gap of 2.484520 A between TYR 1121 and TYR 1121
gap of 2.356331 A between ILE 1122 and ILE 1122
gap of 2.448807 A between VAL 1123 and VAL 1123
gap of 2.380920 A between ALA 1124 and ALA 1124
gap of 2.456537 A between THR 1125 and THR 1125
gap of 2.457847 A between ILE 1126 and ILE 1126
gap of 2.216040 A between THR 1127 and THR 1127
gap of 2.354396 A between SER 1128 and SER 1128
gap of 2.480995 A between ASN 1129 and ASN 1129
gap of 2.500084 A between SER 1130 and SER 1130
gap of 2.433684 A between ALA 1131 and ALA 1131
gap of 2.459963 A between GLY 1132 and GLY 1132
gap of 2.440497 A between GLY 1133 and GLY 1133
gap of 2.461495 A between GLN 1134 and GLN 1134
gap of 2.565042 A between PRO 1135 and PRO 1135
gap of 2.384090 A between VAL 1136 and VAL 1136
gap of 2.471002 A between SER 1137 and SER 1137
gap of 2.427329 A between LEU 1138 and LEU 1138
gap of 2.448780 A between ALA 1139 and ALA 1139
gap of 2.434727 A between ASN 1140 and ASN 1140
gap of 2.457082 A between LEU 1141 and LEU 1141
gap of 2.440927 A between LYS 1142 and LYS 1142
gap of 2.457746 A between ALA 1143 and ALA 1143
gap of 2.455592 A between MET 1144 and MET 1144
gap of 2.440167 A between TYR 1145 and TYR 1145
gap of 2.439167 A between SER 1146 and SER 1146
gap of 2.418334 A between ILE 1147 and ILE 1147
gap of 2.463396 A between ALA 1148 and ALA 1148
gap of 2.421411 A between LYS 1149 and LYS 1149
gap of 2.480676 A between LYS 1150 and LYS 1150
gap of 2.484577 A between TYR 1151 and TYR 1151
gap of 2.475646 A between ASP 1152 and ASP 1152
gap of 2.453196 A between ILE 1153 and ILE 1153
gap of 2.473135 A between PRO 1154 and PRO 1154
gap of 2.432552 A between VAL 1155 and VAL 1155
gap of 2.430165 A between VAL 1156 and VAL 1156
gap of 2.452548 A between MET 1157 and MET 1157
gap of 2.341700 A between ASP 1158 and ASP 1158
gap of 2.616496 A between SER 1159 and SER 1159
gap of 2.523525 A between ALA 1160 and ALA 1160
gap of 2.481896 A between ARG 1161 and ARG 1161
gap of 2.491514 A between PHE 1162 and PHE 1162
gap of 2.482737 A between ALA 1163 and ALA 1163
gap of 2.431089 A between GLU 1164 and GLU 1164
gap of 2.421905 A between ASN 1165 and ASN 1165
gap of 2.440990 A between ALA 1166 and ALA 1166
gap of 2.452126 A between TYR 1167 and TYR 1167
gap of 2.453470 A between PHE 1168 and PHE 1168
gap of 2.391296 A between ILE 1169 and ILE 1169
gap of 2.492047 A between LYS 1170 and LYS 1170
gap of 2.483080 A between GLN 1171 and GLN 1171
gap of 2.574590 A between ARG 1172 and ARG 1172
gap of 2.465791 A between GLU 1173 and GLU 1173
gap of 2.573873 A between ALA 1174 and ALA 1174
gap of 2.529867 A between GLU 1175 and GLU 1175
gap of 2.518769 A between TYR 1176 and TYR 1176
gap of 2.488228 A between LYS 1177 and LYS 1177
gap of 2.550142 A between ASP 1178 and ASP 1178
gap of 2.438052 A between TRP 1179 and TRP 1179
gap of 2.403070 A between THR 1180 and THR 1180
gap of 2.415285 A between ILE 1181 and ILE 1181
gap of 2.465003 A between GLU 1182 and GLU 1182
gap of 2.464262 A between GLN 1183 and GLN 1183
gap of 2.469458 A between ILE 1184 and ILE 1184
gap of 2.449174 A between THR 1185 and THR 1185
gap of 2.451293 A between ARG 1186 and ARG 1186
gap of 2.432389 A between GLU 1187 and GLU 1187
gap of 2.490753 A between THR 1188 and THR 1188
gap of 2.540747 A between TYR 1189 and TYR 1189
gap of 2.369793 A between LYS 1190 and LYS 1190
gap of 2.532727 A between TYR 1191 and TYR 1191
gap of 2.339197 A between ALA 1192 and ALA 1192
gap of 2.443471 A between ASP 1193 and ASP 1193
gap of 2.428196 A between MET 1194 and MET 1194
gap of 2.440999 A between LEU 1195 and LEU 1195
gap of 2.284803 A between ALA 1196 and ALA 1196
gap of 2.516321 A between MET 1197 and MET 1197
gap of 2.300991 A between SER 1198 and SER 1198
gap of 2.488163 A between ALA 1199 and ALA 1199
gap of 2.519708 A between LYS 1200 and LYS 1200
gap of 2.502781 A between LYS 1201 and LYS 1201
gap of 2.541191 A between ASP 1202 and ASP 1202
gap of 2.423890 A between ALA 1203 and ALA 1203
gap of 2.605034 A between MET 1204 and MET 1204
gap of 2.498824 A between VAL 1205 and VAL 1205
gap of 2.491836 A between PRO 1206 and PRO 1206
gap of 2.452558 A between MET 1207 and MET 1207
gap of 2.508391 A between GLY 1208 and GLY 1208
gap of 2.426909 A between GLY 1209 and GLY 1209
gap of 2.478475 A between LEU 1210 and LEU 1210
gap of 2.327386 A between LEU 1211 and LEU 1211
gap of 2.511878 A between CYS 1212 and CYS 1212
gap of 2.438808 A between MET 1213 and MET 1213
gap of 2.538870 A between LYS 1214 and LYS 1214
gap of 2.553538 A between ASP 1215 and ASP 1215
gap of 2.529131 A between ASP 1216 and ASP 1216
gap of 2.485248 A between SER 1217 and SER 1217
gap of 2.463906 A between PHE 1218 and PHE 1218
gap of 2.444666 A between PHE 1219 and PHE 1219
gap of 2.492361 A between ASP 1220 and ASP 1220
gap of 2.399721 A between VAL 1221 and VAL 1221
gap of 2.452978 A between TYR 1222 and TYR 1222
gap of 2.453221 A between THR 1223 and THR 1223
gap of 2.422327 A between GLU 1224 and GLU 1224
gap of 2.446915 A between CYS 1225 and CYS 1225
gap of 2.414729 A between ARG 1226 and ARG 1226
gap of 2.458965 A between THR 1227 and THR 1227
gap of 2.473285 A between LEU 1228 and LEU 1228
gap of 2.446903 A between CYS 1229 and CYS 1229
gap of 2.430595 A between VAL 1230 and VAL 1230
gap of 2.518648 A between VAL 1231 and VAL 1231
gap of 2.569969 A between GLN 1232 and GLN 1232
gap of 2.547424 A between GLU 1233 and GLU 1233
gap of 2.401984 A between GLY 1234 and GLY 1234
gap of 2.404069 A between PHE 1235 and PHE 1235
gap of 2.588631 A between PRO 1236 and PRO 1236
gap of 2.471058 A between THR 1237 and THR 1237
gap of 2.432252 A between TYR 1238 and TYR 1238
gap of 2.556621 A between GLY 1239 and GLY 1239
gap of 2.518325 A between GLY 1240 and GLY 1240
gap of 2.435254 A between LEU 1241 and LEU 1241
gap of 2.414539 A between GLU 1242 and GLU 1242
gap of 2.488786 A between GLY 1243 and GLY 1243
gap of 2.479331 A between GLY 1244 and GLY 1244
gap of 2.450311 A between ALA 1245 and ALA 1245
gap of 2.464041 A between MET 1246 and MET 1246
gap of 2.405454 A between GLU 1247 and GLU 1247
gap of 2.460907 A between ARG 1248 and ARG 1248
gap of 2.462631 A between LEU 1249 and LEU 1249
gap of 2.450198 A between ALA 1250 and ALA 1250
gap of 2.462172 A between VAL 1251 and VAL 1251
gap of 2.495797 A between GLY 1252 and GLY 1252
gap of 2.443184 A between LEU 1253 and LEU 1253
gap of 2.463910 A between TYR 1254 and TYR 1254
gap of 2.476077 A between ASP 1255 and ASP 1255
gap of 2.485596 A between GLY 1256 and GLY 1256
gap of 2.510836 A between MET 1257 and MET 1257
gap of 2.473683 A between ASN 1258 and ASN 1258
gap of 2.517409 A between LEU 1259 and LEU 1259
gap of 2.437809 A between ASP 1260 and ASP 1260
gap of 2.455655 A between TRP 1261 and TRP 1261
gap of 2.475652 A between LEU 1262 and LEU 1262
gap of 2.454728 A between ALA 1263 and ALA 1263
gap of 2.469451 A between TYR 1264 and TYR 1264
gap of 2.464076 A between ARG 1265 and ARG 1265
gap of 2.485272 A between ILE 1266 and ILE 1266
gap of 2.450473 A between ALA 1267 and ALA 1267
gap of 2.431070 A between GLN 1268 and GLN 1268
gap of 2.429921 A between VAL 1269 and VAL 1269
gap of 2.418107 A between GLN 1270 and GLN 1270
gap of 2.472030 A between TYR 1271 and TYR 1271
gap of 2.451795 A between LEU 1272 and LEU 1272
gap of 2.468045 A between VAL 1273 and VAL 1273
gap of 2.463494 A between ASP 1274 and ASP 1274
gap of 2.455912 A between GLY 1275 and GLY 1275
gap of 2.425034 A between LEU 1276 and LEU 1276
gap of 2.452949 A between GLU 1277 and GLU 1277
gap of 2.479295 A between GLU 1278 and GLU 1278
gap of 2.452871 A between ILE 1279 and ILE 1279
gap of 2.548191 A between GLY 1280 and GLY 1280
gap of 2.405065 A between VAL 1281 and VAL 1281
gap of 2.495907 A between VAL 1282 and VAL 1282
gap of 2.450319 A between CYS 1283 and CYS 1283
gap of 2.285615 A between GLN 1284 and GLN 1284
gap of 2.425444 A between GLN 1285 and GLN 1285
gap of 2.496967 A between ALA 1286 and ALA 1286
gap of 2.417487 A between GLY 1287 and GLY 1287
gap of 2.577185 A between GLY 1288 and GLY 1288
gap of 2.562483 A between HIE 1289 and HIE 1289
gap of 2.496663 A between ALA 1290 and ALA 1290
gap of 2.350705 A between ALA 1291 and ALA 1291
gap of 2.436266 A between PHE 1292 and PHE 1292
gap of 2.441076 A between VAL 1293 and VAL 1293
gap of 2.448396 A between ASP 1294 and ASP 1294
gap of 2.461265 A between ALA 1295 and ALA 1295
gap of 2.440834 A between GLY 1296 and GLY 1296
gap of 2.484661 A between LYS 1297 and LYS 1297
gap of 2.494378 A between LEU 1298 and LEU 1298
gap of 2.459822 A between LEU 1299 and LEU 1299
gap of 2.550875 A between PRO 1300 and PRO 1300
gap of 2.504005 A between HIE 1301 and HIE 1301
gap of 2.495108 A between ILE 1302 and ILE 1302
gap of 2.499264 A between PRO 1303 and PRO 1303
gap of 2.472836 A between ALA 1304 and ALA 1304
gap of 2.464056 A between ASP 1305 and ASP 1305
gap of 2.520329 A between GLN 1306 and GLN 1306
gap of 2.551300 A between PHE 1307 and PHE 1307
gap of 2.540970 A between PRO 1308 and PRO 1308
gap of 2.463885 A between ALA 1309 and ALA 1309
gap of 2.422822 A between GLN 1310 and GLN 1310
gap of 2.393768 A between ALA 1311 and ALA 1311
gap of 2.459953 A between LEU 1312 and LEU 1312
gap of 2.453912 A between ALA 1313 and ALA 1313
gap of 2.421771 A between CYS 1314 and CYS 1314
gap of 2.429433 A between GLU 1315 and GLU 1315
gap of 2.449431 A between LEU 1316 and LEU 1316
gap of 2.469941 A between TYR 1317 and TYR 1317
gap of 2.409562 A between LYS 1318 and LYS 1318
gap of 2.557895 A between VAL 1319 and VAL 1319
gap of 2.559015 A between ALA 1320 and ALA 1320
gap of 2.469458 A between GLY 1321 and GLY 1321
gap of 2.406201 A between ILE 1322 and ILE 1322
gap of 2.490185 A between ARG 1323 and ARG 1323
gap of 2.489536 A between ALA 1324 and ALA 1324
gap of 2.473813 A between VAL 1325 and VAL 1325
gap of 2.413940 A between GLU 1326 and GLU 1326
gap of 2.335069 A between ILE 1327 and ILE 1327
gap of 2.448597 A between GLY 1328 and GLY 1328
gap of 2.497389 A between SER 1329 and SER 1329
gap of 2.450123 A between PHE 1330 and PHE 1330
gap of 2.515903 A between LEU 1331 and LEU 1331
gap of 2.491629 A between LEU 1332 and LEU 1332
gap of 2.541291 A between GLY 1333 and GLY 1333
gap of 2.430366 A between ARG 1334 and ARG 1334
gap of 2.392376 A between ASP 1335 and ASP 1335
gap of 2.513989 A between PRO 1336 and PRO 1336
gap of 2.471061 A between LYS 1337 and LYS 1337
gap of 2.461504 A between THR 1338 and THR 1338
gap of 2.422673 A between GLY 1339 and GLY 1339
gap of 2.472491 A between LYS 1340 and LYS 1340
gap of 2.466291 A between GLN 1341 and GLN 1341
gap of 2.448572 A between LEU 1342 and LEU 1342
gap of 2.418493 A between PRO 1343 and PRO 1343
gap of 2.503894 A between CYS 1344 and CYS 1344
gap of 2.533661 A between PRO 1345 and PRO 1345
gap of 2.490747 A between ALA 1346 and ALA 1346
gap of 2.386566 A between GLU 1347 and GLU 1347
gap of 2.518262 A between LEU 1348 and LEU 1348
gap of 2.331197 A between LEU 1349 and LEU 1349
gap of 2.517637 A between ARG 1350 and ARG 1350
gap of 2.368449 A between LEU 1351 and LEU 1351
gap of 2.469513 A between THR 1352 and THR 1352
gap of 2.510730 A between ILE 1353 and ILE 1353
gap of 2.434961 A between PRO 1354 and PRO 1354
gap of 2.527985 A between ARG 1355 and ARG 1355
gap of 2.502609 A between ALA 1356 and ALA 1356
gap of 2.475409 A between THR 1357 and THR 1357
gap of 2.470649 A between TYR 1358 and TYR 1358
gap of 2.489489 A between THR 1359 and THR 1359
gap of 2.419257 A between GLN 1360 and GLN 1360
gap of 2.428599 A between THR 1361 and THR 1361
gap of 2.427499 A between HIE 1362 and HIE 1362
gap of 2.424896 A between MET 1363 and MET 1363
gap of 2.437675 A between ASP 1364 and ASP 1364
gap of 2.435407 A between PHE 1365 and PHE 1365
gap of 2.434747 A between ILE 1366 and ILE 1366
gap of 2.454365 A between ILE 1367 and ILE 1367
gap of 2.431346 A between GLU 1368 and GLU 1368
gap of 2.448146 A between ALA 1369 and ALA 1369
gap of 2.498182 A between PHE 1370 and PHE 1370
gap of 2.391470 A between LYS 1371 and LYS 1371
gap of 2.467716 A between HIE 1372 and HIE 1372
gap of 2.452335 A between VAL 1373 and VAL 1373
gap of 2.448572 A between LYS 1374 and LYS 1374
gap of 2.464194 A between GLU 1375 and GLU 1375
gap of 2.502494 A between ASN 1376 and ASN 1376
gap of 2.520022 A between ALA 1377 and ALA 1377
gap of 2.530319 A between SER 1378 and SER 1378
gap of 2.538563 A between ASN 1379 and ASN 1379
gap of 2.455754 A between ILE 1380 and ILE 1380
gap of 2.482586 A between LYS 1381 and LYS 1381
gap of 2.428885 A between GLY 1382 and GLY 1382
gap of 2.481203 A between LEU 1383 and LEU 1383
gap of 2.471391 A between THR 1384 and THR 1384
gap of 2.561548 A between PHE 1385 and PHE 1385
gap of 2.335296 A between THR 1386 and THR 1386
gap of 2.427173 A between TYR 1387 and TYR 1387
gap of 2.514997 A between GLU 1388 and GLU 1388
gap of 2.465187 A between PRO 1389 and PRO 1389
gap of 2.485253 A between LYS 1390 and LYS 1390
gap of 2.470365 A between VAL 1391 and VAL 1391
gap of 2.478265 A between LEU 1392 and LEU 1392
gap of 2.582911 A between ARG 1393 and ARG 1393
gap of 2.563432 A between HIE 1394 and HIE 1394
gap of 2.540293 A between PHE 1395 and PHE 1395
gap of 2.521045 A between THR 1396 and THR 1396
gap of 2.467910 A between ALA 1397 and ALA 1397
gap of 2.411359 A between LYS 1398 and LYS 1398
gap of 2.458306 A between LEU 1399 and LEU 1399
gap of 2.397409 A between LYS 1400 and LYS 1400
gap of 2.452255 A between GLU 1401 and GLU 1401
gap of 2.505475 A between LYS 1403 and LYS 1403
gap of 2.366744 A between HID 1404 and HID 1404
gap of 2.474895 A between LEU 1405 and LEU 1405
gap of 2.406821 A between PRO 1406 and PRO 1406
gap of 2.475084 A between GLU 1407 and GLU 1407
gap of 2.418295 A between PRO 1408 and PRO 1408
gap of 2.463422 A between PHE 1409 and PHE 1409
gap of 2.404119 A between ARG 1410 and ARG 1410
gap of 2.401506 A between ILE 1411 and ILE 1411
gap of 2.535144 A between ARG 1412 and ARG 1412
gap of 2.445542 A between VAL 1413 and VAL 1413
gap of 2.476742 A between ILE 1414 and ILE 1414
gap of 2.413311 A between GLU 1415 and GLU 1415
gap of 2.514462 A between PRO 1416 and PRO 1416
gap of 2.423962 A between VAL 1417 and VAL 1417
gap of 2.478586 A between LYS 1418 and LYS 1418
gap of 2.458396 A between ARG 1419 and ARG 1419
gap of 2.447373 A between THR 1420 and THR 1420
gap of 2.430942 A between THR 1421 and THR 1421
gap of 2.455267 A between ARG 1422 and ARG 1422
gap of 2.436003 A between ALA 1423 and ALA 1423
gap of 2.470930 A between TYR 1424 and TYR 1424
gap of 2.457784 A between ARG 1425 and ARG 1425
gap of 2.428004 A between GLU 1426 and GLU 1426
gap of 2.448146 A between GLU 1427 and GLU 1427
gap of 2.530784 A between ALA 1428 and ALA 1428
gap of 2.464827 A between ILE 1429 and ILE 1429
gap of 2.372956 A between ILE 1430 and ILE 1430
gap of 2.469038 A between LYS 1431 and LYS 1431
gap of 2.492960 A between SER 1432 and SER 1432
gap of 2.476477 A between GLY 1433 and GLY 1433
gap of 2.480004 A between MET 1434 and MET 1434
gap of 2.450812 A between ASN 1435 and ASN 1435
gap of 2.506297 A between PRO 1436 and PRO 1436
gap of 2.461555 A between PHE 1437 and PHE 1437
gap of 2.516291 A between LEU 1438 and LEU 1438
gap of 2.454244 A between LEU 1439 and LEU 1439
gap of 2.440971 A between ASP 1440 and ASP 1440
gap of 2.462610 A between SER 1441 and SER 1441
gap of 2.511031 A between GLU 1442 and GLU 1442
gap of 2.437695 A between ASP 1443 and ASP 1443
gap of 2.451243 A between VAL 1444 and VAL 1444
gap of 2.421508 A between PHE 1445 and PHE 1445
gap of 2.388758 A between ILE 1446 and ILE 1446
gap of 2.517013 A between ASP 1447 and ASP 1447
gap of 2.480450 A between LEU 1448 and LEU 1448
gap of 2.462684 A between LEU 1449 and LEU 1449
gap of 2.460573 A between THR 1450 and THR 1450
gap of 2.426818 A between ASP 1451 and ASP 1451
gap of 2.521785 A between SER 1452 and SER 1452
gap of 2.508901 A between GLY 1453 and GLY 1453
gap of 2.502015 A between THR 1454 and THR 1454
gap of 2.504301 A between GLY 1455 and GLY 1455
gap of 2.454145 A between ALA 1456 and ALA 1456
gap of 2.412741 A between VAL 1457 and VAL 1457
gap of 2.428566 A between THR 1458 and THR 1458
gap of 2.441288 A between GLN 1459 and GLN 1459
gap of 2.461347 A between SER 1460 and SER 1460
gap of 2.446996 A between MET 1461 and MET 1461
gap of 2.420555 A between GLN 1462 and GLN 1462
gap of 2.454495 A between ALA 1463 and ALA 1463
gap of 2.445327 A between ALA 1464 and ALA 1464
gap of 2.464209 A between MET 1465 and MET 1465
gap of 2.526818 A between MET 1466 and MET 1466
gap of 2.509826 A between ARG 1467 and ARG 1467
gap of 2.475793 A between GLY 1468 and GLY 1468
gap of 2.343935 A between ASP 1469 and ASP 1469
gap of 2.512749 A between GLU 1470 and GLU 1470
gap of 2.436865 A between ALA 1471 and ALA 1471
gap of 2.444319 A between TYR 1472 and TYR 1472
gap of 2.479334 A between SER 1473 and SER 1473
gap of 2.531948 A between GLY 1474 and GLY 1474
gap of 2.450923 A between SER 1475 and SER 1475
gap of 2.417588 A between ARG 1476 and ARG 1476
gap of 2.416195 A between SER 1477 and SER 1477
gap of 2.414643 A between TYR 1478 and TYR 1478
gap of 2.456415 A between TYR 1479 and TYR 1479
gap of 2.403536 A between ALA 1480 and ALA 1480
gap of 2.436642 A between LEU 1481 and LEU 1481
gap of 2.467928 A between ALA 1482 and ALA 1482
gap of 2.467148 A between GLU 1483 and GLU 1483
gap of 2.434473 A between SER 1484 and SER 1484
gap of 2.453163 A between VAL 1485 and VAL 1485
gap of 2.461615 A between LYS 1486 and LYS 1486
gap of 2.508514 A between ASN 1487 and ASN 1487
gap of 2.511413 A between ILE 1488 and ILE 1488
gap of 2.508409 A between PHE 1489 and PHE 1489
gap of 2.455121 A between GLY 1490 and GLY 1490
gap of 2.474416 A between TYR 1491 and TYR 1491
gap of 2.545431 A between GLN 1492 and GLN 1492
gap of 2.490097 A between TYR 1493 and TYR 1493
gap of 2.521822 A between THR 1494 and THR 1494
gap of 2.372757 A between ILE 1495 and ILE 1495
gap of 2.441581 A between PRO 1496 and PRO 1496
gap of 2.358697 A between THR 1497 and THR 1497
gap of 2.441976 A between HID 1498 and HID 1498
gap of 2.513553 A between GLN 1499 and GLN 1499
gap of 2.543093 A between GLY 1500 and GLY 1500
gap of 2.454153 A between ARG 1501 and ARG 1501
gap of 2.420725 A between GLY 1502 and GLY 1502
gap of 2.452835 A between ALA 1503 and ALA 1503
gap of 2.466617 A between GLU 1504 and GLU 1504
gap of 2.473978 A between GLN 1505 and GLN 1505
gap of 2.459102 A between ILE 1506 and ILE 1506
gap of 2.513622 A between TYR 1507 and TYR 1507
gap of 2.482724 A between ILE 1508 and ILE 1508
gap of 2.464119 A between PRO 1509 and PRO 1509
gap of 2.483451 A between VAL 1510 and VAL 1510
gap of 2.468776 A between LEU 1511 and LEU 1511
gap of 2.440269 A between ILE 1512 and ILE 1512
gap of 2.455251 A between LYS 1513 and LYS 1513
gap of 2.497731 A between LYS 1514 and LYS 1514
gap of 2.443010 A between ARG 1515 and ARG 1515
gap of 2.395062 A between GLU 1516 and GLU 1516
gap of 2.510458 A between GLN 1517 and GLN 1517
gap of 2.554647 A between GLU 1518 and GLU 1518
gap of 2.492495 A between LYS 1519 and LYS 1519
gap of 2.479629 A between GLY 1520 and GLY 1520
gap of 2.402563 A between LEU 1521 and LEU 1521
gap of 2.411836 A between ASP 1522 and ASP 1522
gap of 2.503630 A between ARG 1523 and ARG 1523
gap of 2.486414 A between SER 1524 and SER 1524
gap of 2.506504 A between LYS 1525 and LYS 1525
gap of 2.526814 A between MET 1526 and MET 1526
gap of 2.452990 A between VAL 1527 and VAL 1527
gap of 2.406042 A between ALA 1528 and ALA 1528
gap of 2.490246 A between PHE 1529 and PHE 1529
gap of 2.415828 A between SER 1530 and SER 1530
gap of 2.346352 A between ASN 1531 and ASN 1531
gap of 2.502673 A between TYR 1532 and TYR 1532
gap of 2.518381 A between PHE 1533 and PHE 1533
gap of 2.384397 A between PHE 1534 and PHE 1534
gap of 2.445164 A between ASP 1535 and ASP 1535
gap of 2.497198 A between THR 1536 and THR 1536
gap of 2.412511 A between THR 1537 and THR 1537
gap of 2.419692 A between GLN 1538 and GLN 1538
gap of 2.474220 A between GLY 1539 and GLY 1539
gap of 2.482227 A between HIE 1540 and HIE 1540
gap of 2.422543 A between SER 1541 and SER 1541
gap of 2.469676 A between GLN 1542 and GLN 1542
gap of 2.444149 A between ILE 1543 and ILE 1543
gap of 2.469122 A between ASN 1544 and ASN 1544
gap of 2.515500 A between GLY 1545 and GLY 1545
gap of 2.456119 A between CYS 1546 and CYS 1546
gap of 2.413344 A between THR 1547 and THR 1547
gap of 2.444577 A between VAL 1548 and VAL 1548
gap of 2.408521 A between ARG 1549 and ARG 1549
gap of 2.395799 A between ASN 1550 and ASN 1550
gap of 2.457633 A between VAL 1551 and VAL 1551
gap of 2.459706 A between TYR 1552 and TYR 1552
gap of 2.477540 A between ILE 1553 and ILE 1553
gap of 2.523036 A between LYS 1554 and LYS 1554
gap of 2.504635 A between GLU 1555 and GLU 1555
gap of 2.525644 A between ALA 1556 and ALA 1556
gap of 2.555736 A between PHE 1557 and PHE 1557
gap of 2.356772 A between ASP 1558 and ASP 1558
gap of 2.483800 A between THR 1559 and THR 1559
gap of 2.476721 A between GLY 1560 and GLY 1560
gap of 2.486507 A between VAL 1561 and VAL 1561
gap of 2.457756 A between ARG 1562 and ARG 1562
gap of 2.429191 A between TYR 1563 and TYR 1563
gap of 2.564581 A between ASP 1564 and ASP 1564
gap of 2.504182 A between PHE 1565 and PHE 1565
gap of 2.494628 A between LYS 1566 and LYS 1566
gap of 2.452243 A between GLY 1567 and GLY 1567
gap of 2.520902 A between ASN 1568 and ASN 1568
gap of 2.370540 A between PHE 1569 and PHE 1569
gap of 2.293660 A between ASP 1570 and ASP 1570
gap of 2.525927 A between LEU 1571 and LEU 1571
gap of 2.421815 A between GLU 1572 and GLU 1572
gap of 2.478309 A between GLY 1573 and GLY 1573
gap of 2.454136 A between LEU 1574 and LEU 1574
gap of 2.474371 A between GLU 1575 and GLU 1575
gap of 2.427516 A between ARG 1576 and ARG 1576
gap of 2.460608 A between GLY 1577 and GLY 1577
gap of 2.455476 A between ILE 1578 and ILE 1578
gap of 2.445073 A between GLU 1579 and GLU 1579
gap of 2.442187 A between GLU 1580 and GLU 1580
gap of 2.509041 A between VAL 1581 and VAL 1581
gap of 2.413078 A between GLY 1582 and GLY 1582
gap of 2.561631 A between PRO 1583 and PRO 1583
gap of 2.464656 A between ASN 1584 and ASN 1584
gap of 2.505355 A between ASN 1585 and ASN 1585
gap of 2.409771 A between VAL 1586 and VAL 1586
gap of 2.544451 A between PRO 1587 and PRO 1587
gap of 2.474398 A between TYR 1588 and TYR 1588
gap of 2.357209 A between ILE 1589 and ILE 1589
gap of 2.437719 A between VAL 1590 and VAL 1590
gap of 2.379568 A between ALA 1591 and ALA 1591
gap of 2.449230 A between THR 1592 and THR 1592
gap of 2.456548 A between ILE 1593 and ILE 1593
gap of 2.227623 A between THR 1594 and THR 1594
gap of 2.362221 A between SER 1595 and SER 1595
gap of 2.485324 A between ASN 1596 and ASN 1596
gap of 2.499363 A between SER 1597 and SER 1597
gap of 2.436818 A between ALA 1598 and ALA 1598
gap of 2.464585 A between GLY 1599 and GLY 1599
gap of 2.428964 A between GLY 1600 and GLY 1600
gap of 2.454940 A between GLN 1601 and GLN 1601
gap of 2.556606 A between PRO 1602 and PRO 1602
gap of 2.375019 A between VAL 1603 and VAL 1603
gap of 2.470674 A between SER 1604 and SER 1604
gap of 2.421072 A between LEU 1605 and LEU 1605
gap of 2.436221 A between ALA 1606 and ALA 1606
gap of 2.442798 A between ASN 1607 and ASN 1607
gap of 2.462133 A between LEU 1608 and LEU 1608
gap of 2.427993 A between LYS 1609 and LYS 1609
gap of 2.451120 A between ALA 1610 and ALA 1610
gap of 2.455300 A between MET 1611 and MET 1611
gap of 2.462428 A between TYR 1612 and TYR 1612
gap of 2.440947 A between SER 1613 and SER 1613
gap of 2.416704 A between ILE 1614 and ILE 1614
gap of 2.472028 A between ALA 1615 and ALA 1615
gap of 2.425664 A between LYS 1616 and LYS 1616
gap of 2.474311 A between LYS 1617 and LYS 1617
gap of 2.475266 A between TYR 1618 and TYR 1618
gap of 2.484288 A between ASP 1619 and ASP 1619
gap of 2.442224 A between ILE 1620 and ILE 1620
gap of 2.471976 A between PRO 1621 and PRO 1621
gap of 2.449122 A between VAL 1622 and VAL 1622
gap of 2.419858 A between VAL 1623 and VAL 1623
gap of 2.453849 A between MET 1624 and MET 1624
gap of 2.341422 A between ASP 1625 and ASP 1625
gap of 2.611989 A between SER 1626 and SER 1626
gap of 2.520917 A between ALA 1627 and ALA 1627
gap of 2.473694 A between ARG 1628 and ARG 1628
gap of 2.487255 A between PHE 1629 and PHE 1629
gap of 2.482032 A between ALA 1630 and ALA 1630
gap of 2.438370 A between GLU 1631 and GLU 1631
gap of 2.424867 A between ASN 1632 and ASN 1632
gap of 2.442173 A between ALA 1633 and ALA 1633
gap of 2.459720 A between TYR 1634 and TYR 1634
gap of 2.458452 A between PHE 1635 and PHE 1635
gap of 2.387242 A between ILE 1636 and ILE 1636
gap of 2.490696 A between LYS 1637 and LYS 1637
gap of 2.493613 A between GLN 1638 and GLN 1638
gap of 2.574259 A between ARG 1639 and ARG 1639
gap of 2.477946 A between GLU 1640 and GLU 1640
gap of 2.550318 A between ALA 1641 and ALA 1641
gap of 2.515570 A between GLU 1642 and GLU 1642
gap of 2.537535 A between TYR 1643 and TYR 1643
gap of 2.482905 A between LYS 1644 and LYS 1644
gap of 2.548824 A between ASP 1645 and ASP 1645
gap of 2.442386 A between TRP 1646 and TRP 1646
gap of 2.399148 A between THR 1647 and THR 1647
gap of 2.415046 A between ILE 1648 and ILE 1648
gap of 2.466120 A between GLU 1649 and GLU 1649
gap of 2.469281 A between GLN 1650 and GLN 1650
gap of 2.457697 A between ILE 1651 and ILE 1651
gap of 2.456095 A between THR 1652 and THR 1652
gap of 2.454030 A between ARG 1653 and ARG 1653
gap of 2.431285 A between GLU 1654 and GLU 1654
gap of 2.488377 A between THR 1655 and THR 1655
gap of 2.557488 A between TYR 1656 and TYR 1656
gap of 2.376179 A between LYS 1657 and LYS 1657
gap of 2.534760 A between TYR 1658 and TYR 1658
gap of 2.349169 A between ALA 1659 and ALA 1659
gap of 2.440715 A between ASP 1660 and ASP 1660
gap of 2.427499 A between MET 1661 and MET 1661
gap of 2.436398 A between LEU 1662 and LEU 1662
gap of 2.283782 A between ALA 1663 and ALA 1663
gap of 2.521962 A between MET 1664 and MET 1664
gap of 2.278832 A between SER 1665 and SER 1665
gap of 2.494819 A between ALA 1666 and ALA 1666
gap of 2.523753 A between LYS 1667 and LYS 1667
gap of 2.506095 A between LYS 1668 and LYS 1668
gap of 2.519503 A between ASP 1669 and ASP 1669
gap of 2.430692 A between ALA 1670 and ALA 1670
gap of 2.601377 A between MET 1671 and MET 1671
gap of 2.490463 A between VAL 1672 and VAL 1672
gap of 2.478209 A between PRO 1673 and PRO 1673
gap of 2.438464 A between MET 1674 and MET 1674
gap of 2.519348 A between GLY 1675 and GLY 1675
gap of 2.417652 A between GLY 1676 and GLY 1676
gap of 2.481475 A between LEU 1677 and LEU 1677
gap of 2.335261 A between LEU 1678 and LEU 1678
gap of 2.522681 A between CYS 1679 and CYS 1679
gap of 2.431038 A between MET 1680 and MET 1680
gap of 2.522248 A between LYS 1681 and LYS 1681
gap of 2.543943 A between ASP 1682 and ASP 1682
gap of 2.528526 A between ASP 1683 and ASP 1683
gap of 2.469532 A between SER 1684 and SER 1684
gap of 2.469340 A between PHE 1685 and PHE 1685
gap of 2.447101 A between PHE 1686 and PHE 1686
gap of 2.487386 A between ASP 1687 and ASP 1687
gap of 2.392631 A between VAL 1688 and VAL 1688
gap of 2.452573 A between TYR 1689 and TYR 1689
gap of 2.452604 A between THR 1690 and THR 1690
gap of 2.419896 A between GLU 1691 and GLU 1691
gap of 2.432363 A between CYS 1692 and CYS 1692
gap of 2.409287 A between ARG 1693 and ARG 1693
gap of 2.463117 A between THR 1694 and THR 1694
gap of 2.479035 A between LEU 1695 and LEU 1695
gap of 2.451197 A between CYS 1696 and CYS 1696
gap of 2.441470 A between VAL 1697 and VAL 1697
gap of 2.510830 A between VAL 1698 and VAL 1698
gap of 2.576342 A between GLN 1699 and GLN 1699
gap of 2.567182 A between GLU 1700 and GLU 1700
gap of 2.401555 A between GLY 1701 and GLY 1701
gap of 2.409804 A between PHE 1702 and PHE 1702
gap of 2.585515 A between PRO 1703 and PRO 1703
gap of 2.472499 A between THR 1704 and THR 1704
gap of 2.432675 A between TYR 1705 and TYR 1705
gap of 2.562156 A between GLY 1706 and GLY 1706
gap of 2.519431 A between GLY 1707 and GLY 1707
gap of 2.433237 A between LEU 1708 and LEU 1708
gap of 2.423835 A between GLU 1709 and GLU 1709
gap of 2.488259 A between GLY 1710 and GLY 1710
gap of 2.477949 A between GLY 1711 and GLY 1711
gap of 2.439850 A between ALA 1712 and ALA 1712
gap of 2.458702 A between MET 1713 and MET 1713
gap of 2.398514 A between GLU 1714 and GLU 1714
gap of 2.460051 A between ARG 1715 and ARG 1715
gap of 2.451485 A between LEU 1716 and LEU 1716
gap of 2.434090 A between ALA 1717 and ALA 1717
gap of 2.473250 A between VAL 1718 and VAL 1718
gap of 2.495900 A between GLY 1719 and GLY 1719
gap of 2.438712 A between LEU 1720 and LEU 1720
gap of 2.466592 A between TYR 1721 and TYR 1721
gap of 2.477881 A between ASP 1722 and ASP 1722
gap of 2.492394 A between GLY 1723 and GLY 1723
gap of 2.503939 A between MET 1724 and MET 1724
gap of 2.480428 A between ASN 1725 and ASN 1725
gap of 2.518358 A between LEU 1726 and LEU 1726
gap of 2.443778 A between ASP 1727 and ASP 1727
gap of 2.452372 A between TRP 1728 and TRP 1728
gap of 2.474498 A between LEU 1729 and LEU 1729
gap of 2.433537 A between ALA 1730 and ALA 1730
gap of 2.480059 A between TYR 1731 and TYR 1731
gap of 2.462885 A between ARG 1732 and ARG 1732
gap of 2.484013 A between ILE 1733 and ILE 1733
gap of 2.441573 A between ALA 1734 and ALA 1734
gap of 2.424139 A between GLN 1735 and GLN 1735
gap of 2.430136 A between VAL 1736 and VAL 1736
gap of 2.432122 A between GLN 1737 and GLN 1737
gap of 2.465505 A between TYR 1738 and TYR 1738
gap of 2.453486 A between LEU 1739 and LEU 1739
gap of 2.452490 A between VAL 1740 and VAL 1740
gap of 2.451207 A between ASP 1741 and ASP 1741
gap of 2.454084 A between GLY 1742 and GLY 1742
gap of 2.436622 A between LEU 1743 and LEU 1743
gap of 2.463491 A between GLU 1744 and GLU 1744
gap of 2.490760 A between GLU 1745 and GLU 1745
gap of 2.446392 A between ILE 1746 and ILE 1746
gap of 2.549533 A between GLY 1747 and GLY 1747
gap of 2.417879 A between VAL 1748 and VAL 1748
gap of 2.497862 A between VAL 1749 and VAL 1749
gap of 2.452909 A between CYS 1750 and CYS 1750
gap of 2.283960 A between GLN 1751 and GLN 1751
gap of 2.418617 A between GLN 1752 and GLN 1752
gap of 2.512969 A between ALA 1753 and ALA 1753
gap of 2.416600 A between GLY 1754 and GLY 1754
gap of 2.567259 A between GLY 1755 and GLY 1755
gap of 2.562511 A between HIE 1756 and HIE 1756
gap of 2.507862 A between ALA 1757 and ALA 1757
gap of 2.360449 A between ALA 1758 and ALA 1758
gap of 2.420063 A between PHE 1759 and PHE 1759
gap of 2.422334 A between VAL 1760 and VAL 1760
gap of 2.448654 A between ASP 1761 and ASP 1761
gap of 2.469761 A between ALA 1762 and ALA 1762
gap of 2.438142 A between GLY 1763 and GLY 1763
gap of 2.470666 A between LYS 1764 and LYS 1764
gap of 2.498680 A between LEU 1765 and LEU 1765
gap of 2.454512 A between LEU 1766 and LEU 1766
gap of 2.555237 A between PRO 1767 and PRO 1767
gap of 2.538512 A between HIE 1768 and HIE 1768
gap of 2.483549 A between ILE 1769 and ILE 1769
gap of 2.507226 A between PRO 1770 and PRO 1770
gap of 2.479793 A between ALA 1771 and ALA 1771
gap of 2.473551 A between ASP 1772 and ASP 1772
gap of 2.525327 A between GLN 1773 and GLN 1773
gap of 2.551580 A between PHE 1774 and PHE 1774
gap of 2.534396 A between PRO 1775 and PRO 1775
gap of 2.473486 A between ALA 1776 and ALA 1776
gap of 2.439468 A between GLN 1777 and GLN 1777
gap of 2.395503 A between ALA 1778 and ALA 1778
gap of 2.451318 A between LEU 1779 and LEU 1779
gap of 2.445655 A between ALA 1780 and ALA 1780
gap of 2.445348 A between CYS 1781 and CYS 1781
gap of 2.434093 A between GLU 1782 and GLU 1782
gap of 2.466402 A between LEU 1783 and LEU 1783
gap of 2.446371 A between TYR 1784 and TYR 1784
gap of 2.413264 A between LYS 1785 and LYS 1785
gap of 2.565437 A between VAL 1786 and VAL 1786
gap of 2.571591 A between ALA 1787 and ALA 1787
gap of 2.467499 A between GLY 1788 and GLY 1788
gap of 2.395603 A between ILE 1789 and ILE 1789
gap of 2.486743 A between ARG 1790 and ARG 1790
gap of 2.495093 A between ALA 1791 and ALA 1791
gap of 2.473586 A between VAL 1792 and VAL 1792
gap of 2.424860 A between GLU 1793 and GLU 1793
gap of 2.355387 A between ILE 1794 and ILE 1794
gap of 2.469534 A between GLY 1795 and GLY 1795
gap of 2.510711 A between SER 1796 and SER 1796
gap of 2.461027 A between PHE 1797 and PHE 1797
gap of 2.510360 A between LEU 1798 and LEU 1798
gap of 2.486322 A between LEU 1799 and LEU 1799
gap of 2.532977 A between GLY 1800 and GLY 1800
gap of 2.442067 A between ARG 1801 and ARG 1801
gap of 2.403542 A between ASP 1802 and ASP 1802
gap of 2.506552 A between PRO 1803 and PRO 1803
gap of 2.473585 A between LYS 1804 and LYS 1804
gap of 2.466233 A between THR 1805 and THR 1805
gap of 2.414159 A between GLY 1806 and GLY 1806
gap of 2.479091 A between LYS 1807 and LYS 1807
gap of 2.473479 A between GLN 1808 and GLN 1808
gap of 2.455465 A between LEU 1809 and LEU 1809
gap of 2.414962 A between PRO 1810 and PRO 1810
gap of 2.520906 A between CYS 1811 and CYS 1811
gap of 2.541595 A between PRO 1812 and PRO 1812
gap of 2.495344 A between ALA 1813 and ALA 1813
gap of 2.394856 A between GLU 1814 and GLU 1814
gap of 2.511052 A between LEU 1815 and LEU 1815
gap of 2.331576 A between LEU 1816 and LEU 1816
gap of 2.522255 A between ARG 1817 and ARG 1817
gap of 2.367707 A between LEU 1818 and LEU 1818
gap of 2.475995 A between THR 1819 and THR 1819
gap of 2.504128 A between ILE 1820 and ILE 1820
gap of 2.425104 A between PRO 1821 and PRO 1821
gap of 2.526330 A between ARG 1822 and ARG 1822
gap of 2.494796 A between ALA 1823 and ALA 1823
gap of 2.481890 A between THR 1824 and THR 1824
gap of 2.473887 A between TYR 1825 and TYR 1825
gap of 2.481408 A between THR 1826 and THR 1826
gap of 2.422319 A between GLN 1827 and GLN 1827
gap of 2.427516 A between THR 1828 and THR 1828
gap of 2.426262 A between HIE 1829 and HIE 1829
gap of 2.430268 A between MET 1830 and MET 1830
gap of 2.440530 A between ASP 1831 and ASP 1831
gap of 2.425325 A between PHE 1832 and PHE 1832
gap of 2.442551 A between ILE 1833 and ILE 1833
gap of 2.445964 A between ILE 1834 and ILE 1834
gap of 2.436964 A between GLU 1835 and GLU 1835
gap of 2.435096 A between ALA 1836 and ALA 1836
gap of 2.494911 A between PHE 1837 and PHE 1837
gap of 2.404559 A between LYS 1838 and LYS 1838
gap of 2.458637 A between HIE 1839 and HIE 1839
gap of 2.454999 A between VAL 1840 and VAL 1840
gap of 2.437252 A between LYS 1841 and LYS 1841
gap of 2.497598 A between GLU 1842 and GLU 1842
gap of 2.498247 A between ASN 1843 and ASN 1843
gap of 2.514104 A between ALA 1844 and ALA 1844
gap of 2.548247 A between SER 1845 and SER 1845
gap of 2.543676 A between ASN 1846 and ASN 1846
gap of 2.454248 A between ILE 1847 and ILE 1847
gap of 2.558366 A between LYS 1848 and LYS 1848
gap of 2.442460 A between GLY 1849 and GLY 1849
gap of 2.462724 A between LEU 1850 and LEU 1850
gap of 2.454759 A between THR 1851 and THR 1851
gap of 2.571587 A between PHE 1852 and PHE 1852
gap of 2.333060 A between THR 1853 and THR 1853
gap of 2.426844 A between TYR 1854 and TYR 1854
gap of 2.515158 A between GLU 1855 and GLU 1855
gap of 2.461318 A between PRO 1856 and PRO 1856
gap of 2.494668 A between LYS 1857 and LYS 1857
gap of 2.467226 A between VAL 1858 and VAL 1858
gap of 2.487347 A between LEU 1859 and LEU 1859
gap of 2.576347 A between ARG 1860 and ARG 1860
gap of 2.568933 A between HIE 1861 and HIE 1861
gap of 2.541088 A between PHE 1862 and PHE 1862
gap of 2.527775 A between THR 1863 and THR 1863
gap of 2.467514 A between ALA 1864 and ALA 1864
gap of 2.398452 A between LYS 1865 and LYS 1865
gap of 2.456821 A between LEU 1866 and LEU 1866
gap of 2.436516 A between LYS 1867 and LYS 1867

---------- Mising heavy atom(s)

LYS_1 misses 4 heavy atom(s)
GLU_25 misses 4 heavy atom(s)
GLU_81 misses 4 heavy atom(s)
LYS_84 misses 4 heavy atom(s)
ASN_85 misses 3 heavy atom(s)
GLN_90 misses 4 heavy atom(s)
LYS_111 misses 4 heavy atom(s)
GLN_115 misses 4 heavy atom(s)
LYS_123 misses 4 heavy atom(s)
LYS_152 misses 4 heavy atom(s)
ARG_160 misses 6 heavy atom(s)
GLU_170 misses 4 heavy atom(s)
ARG_174 misses 6 heavy atom(s)
GLU_178 misses 4 heavy atom(s)
LYS_214 misses 4 heavy atom(s)
LYS_242 misses 4 heavy atom(s)
ASP_370 misses 3 heavy atom(s)
LYS_402 misses 4 heavy atom(s)
THR_403 misses 2 heavy atom(s)
LYS_405 misses 4 heavy atom(s)
GLU_440 misses 4 heavy atom(s)
SER_443 misses 1 heavy atom(s)
LYS_446 misses 4 heavy atom(s)
LYS_455 misses 4 heavy atom(s)
VAL_456 misses 2 heavy atom(s)
LYS_465 misses 4 heavy atom(s)
VAL_467 misses 6 heavy atom(s)
LYS_468 misses 4 heavy atom(s)
GLU_492 misses 4 heavy atom(s)
LYS_496 misses 4 heavy atom(s)
GLU_548 misses 4 heavy atom(s)
LYS_551 misses 4 heavy atom(s)
ASN_552 misses 3 heavy atom(s)
LYS_578 misses 4 heavy atom(s)
GLN_582 misses 4 heavy atom(s)
GLU_583 misses 4 heavy atom(s)
LYS_590 misses 4 heavy atom(s)
LYS_619 misses 4 heavy atom(s)
ARG_627 misses 6 heavy atom(s)
GLU_637 misses 4 heavy atom(s)
GLU_645 misses 4 heavy atom(s)
LYS_681 misses 4 heavy atom(s)
LYS_709 misses 4 heavy atom(s)
ASP_748 misses 3 heavy atom(s)
GLU_810 misses 4 heavy atom(s)
ASP_837 misses 3 heavy atom(s)
LYS_869 misses 4 heavy atom(s)
THR_870 misses 2 heavy atom(s)
LYS_872 misses 4 heavy atom(s)
SER_910 misses 1 heavy atom(s)
LYS_922 misses 4 heavy atom(s)
VAL_923 misses 2 heavy atom(s)
LYS_951 misses 4 heavy atom(s)
GLU_960 misses 4 heavy atom(s)
LYS_964 misses 4 heavy atom(s)
GLU_1016 misses 4 heavy atom(s)
LYS_1019 misses 4 heavy atom(s)
GLN_1025 misses 4 heavy atom(s)
LYS_1046 misses 4 heavy atom(s)
GLU_1049 misses 4 heavy atom(s)
GLN_1050 misses 4 heavy atom(s)
GLU_1051 misses 4 heavy atom(s)
LYS_1058 misses 4 heavy atom(s)
PHE_1067 misses 6 heavy atom(s)
ARG_1082 misses 6 heavy atom(s)
LYS_1087 misses 4 heavy atom(s)
GLU_1105 misses 4 heavy atom(s)
GLU_1112 misses 4 heavy atom(s)
LYS_1149 misses 4 heavy atom(s)
GLU_1175 misses 4 heavy atom(s)
LYS_1177 misses 4 heavy atom(s)
ASP_1216 misses 3 heavy atom(s)
ASP_1305 misses 3 heavy atom(s)
LYS_1337 misses 4 heavy atom(s)
THR_1338 misses 2 heavy atom(s)
LYS_1340 misses 4 heavy atom(s)
SER_1378 misses 1 heavy atom(s)
LYS_1390 misses 4 heavy atom(s)
VAL_1391 misses 2 heavy atom(s)
LYS_1403 misses 4 heavy atom(s)
LYS_1418 misses 4 heavy atom(s)
GLU_1426 misses 4 heavy atom(s)
GLU_1427 misses 4 heavy atom(s)
ILE_1430 misses 3 heavy atom(s)
LYS_1431 misses 4 heavy atom(s)
LYS_1486 misses 4 heavy atom(s)
GLN_1492 misses 4 heavy atom(s)
LYS_1513 misses 4 heavy atom(s)
GLN_1517 misses 4 heavy atom(s)
ASP_1522 misses 3 heavy atom(s)
LYS_1525 misses 4 heavy atom(s)
ASP_1535 misses 3 heavy atom(s)
LYS_1554 misses 4 heavy atom(s)
ARG_1562 misses 6 heavy atom(s)
ARG_1576 misses 6 heavy atom(s)
GLU_1579 misses 4 heavy atom(s)
GLU_1580 misses 4 heavy atom(s)
LYS_1616 misses 4 heavy atom(s)
LYS_1644 misses 4 heavy atom(s)
ASP_1683 misses 3 heavy atom(s)
ILE_1769 misses 3 heavy atom(s)
ASP_1772 misses 3 heavy atom(s)
LYS_1785 misses 4 heavy atom(s)
ILE_1794 misses 3 heavy atom(s)
LYS_1804 misses 4 heavy atom(s)
THR_1805 misses 2 heavy atom(s)
LYS_1807 misses 4 heavy atom(s)
GLU_1842 misses 4 heavy atom(s)
SER_1845 misses 1 heavy atom(s)
LYS_1848 misses 4 heavy atom(s)
LEU_1850 misses 3 heavy atom(s)
LYS_1857 misses 4 heavy atom(s)
VAL_1858 misses 2 heavy atom(s)
VAL_1869 misses 6 heavy atom(s)

==================================================
Summary of pdb4amber for: 2c44_4tleap_uc1.pdb
===================================================

----------Chains
The following (original) chains have been found:
A
B
C
D

---------- Alternate Locations (Original Residues!))

The following residues had alternate locations:
None

---------- Mising heavy atom(s)

None
not prmtop_filename /net/rebus/scratch1/nigel/amber/hi_lo/c4/2c44/4amber_2c44.prmtop
natom*3 error

	Running AmberPrep : 2c44.pdb


==================================================
Running pdb4amber on 2c44.pdb
==================================================

==================================================
Setting up library files for non-standard residues
==================================================

  Residue "SO4" already in amber monomer library. Skipping elbow/antechamber
    run for this residue.
        

==================================================
Preparing asu files and 4phenix_2c44.pdb
==================================================

~> tleap -f 2c44_asu_tleap_input_run

Checking output filenames
  file : 2c44_asu.prmtop
  file : 2c44_asu.rst7

~> ChBox -c 2c44_asu.rst7 -o 2c44_asu.rst7 -X 215.51 -Y 215.51 -Z 107.56 -al 90.0 -bt 90.0 -gm 90.0 


============================================================
Preparing unit cell files: 4amber_2c44.prmtop and 4amber_2c44.rst7
============================================================

~> UnitCell -p 2c44_4UnitCell.pdb -o 2c44_4tleap_uc1.pdb


~> tleap -f 2c44_uc_tleap_input_run

Checking output filenames
  file : 2c44_uc.prmtop
  file : 2c44_uc.rst7

~> ChBox -c 2c44_uc.rst7 -o 2c44_uc.rst7 -X 215.51 -Y 215.51 -Z 107.56 -al 90.0 -bt 90.0 -gm 90.0 


==================================================
Minimizing input coordinates.
==================================================

~> sander -O -i 2c44_amber_all.in -p 4amber_2c44.prmtop -c 4amber_2c44.rst7 -o 2c44.min.out            -ref 4amber_2c44.rst7 -r 4amber_2c44.min.rst7

checking special positions in 4phenix_2c44.pdb

==================================================
Done.  Three new files have been made:
      4phenix_2c44.pdb
      4amber_2c44.prmtop
      4amber_2c44.rst7
==================================================

Example

  phenix.refine 4phenix_2c44.pdb use_amber=True \
    amber.topology_file_name=4amber_2c44.prmtop \
    amber.coordinate_file_name=4amber_2c44.rst7 \
    ....(other refinement keywords here).....



Substituting Amber PDB file for downloaded file
run_tests_local.py:220: UserWarning: os.system() is not safe: please use the subprocess module or libtbx.easy_run instead.
  os.system(cmd)

  Amber files
    PDB    : 2c44.pdb
    MTZ    : 2c44.mtz
    prmtop : 4amber_2c44.prmtop
    rst7   : 4amber_2c44.rst7
  
/net/rebus/raid1/scratch1/nigel/amber/hi_lo/c4/2c44
return_files 2c44
/net/chevy/raid1/nigel/amber/hi_lo
4amber_2c44.pdb
4phenix_2c44.pdb
cp 4phenix_2c44.pdb /net/chevy/raid1/nigel/amber/hi_lo/c4/2c44
2c44.pdb
cp 2c44.pdb /net/chevy/raid1/nigel/amber/hi_lo/c4/2c44
4amber_2c44.mtz
4phenix_2c44.mtz
2c44.mtz
cp 2c44.mtz /net/chevy/raid1/nigel/amber/hi_lo/c4/2c44
4amber_2c44.rst7
cp 4amber_2c44.rst7 /net/chevy/raid1/nigel/amber/hi_lo/c4/2c44
4phenix_2c44.rst7
2c44.rst7
4amber_2c44.prmtop
cp 4amber_2c44.prmtop /net/chevy/raid1/nigel/amber/hi_lo/c4/2c44
4phenix_2c44.prmtop
2c44.prmtop
4amber_2c44_refine_001.log
4phenix_2c44_refine_001.log
2c44_refine_001.log
4amber_2c44_refine_002.log
4phenix_2c44_refine_002.log
2c44_refine_002.log
4amber_2c44_refine_001.pdb
4phenix_2c44_refine_001.pdb
2c44_refine_001.pdb
4amber_2c44_refine_002.pdb
4phenix_2c44_refine_002.pdb
2c44_refine_002.pdb
local_archive /net/chevy/raid1/nigel/amber/hi_lo
archive PDB /net/chevy/raid1/nigel/amber/hi_lo/c4/2c44/2c44.pdb
/net/rebus/raid1/scratch1/nigel/amber/hi_lo/c4/2c44
------------------------------
phenix.refine log filename ? > /net/chevy/raid1/nigel/amber/hi_lo/c4/2c44/2c44_refine_001.log
------------------------------

	Already done (on chevy) 2c44_refine_001
------------------------------
phenix.refine log filename ? > /net/chevy/raid1/nigel/amber/hi_lo/c4/2c44/2c44_refine_002.log
------------------------------
------------------------------
phenix.refine log filename ? > 2c44_refine_002.log
------------------------------
Running phenix.refine

phenix.refine 2c44.pdb 2c44.mtz c_beta_restraints=False discard_psi_phi=False strategy="*individual_sites individual_sites_real_space rigid_body *individual_adp group_adp tls *occupancies group_anomalous" topology_file_name=/net/chevy/raid1/nigel/amber/hi_lo/c4/2c44/4amber_2c44.prmtop amber.coordinate_file_name=/net/chevy/raid1/nigel/amber/hi_lo/c4/2c44/4amber_2c44.rst7 use_amber=True refinement.target_weights.optimize_xyz_weight=True refinement.main.number_of_macro_cycles=10 write_geo=False amber.wxc_factor=0.300000 serial=2

