HOST morse.lbl.gov
only_i 366
only_code None
force_amber_prep True
dry_run False
... 366 2xty
/net/chevy/raid1/nigel/amber/hi_lo
/net/chevy/raid1/nigel/amber/hi_lo/xt/2xty
2xty.pdb 4phenix_2xty.pdb
local_archive None
archive PDB None
Reading from local mirror:
  /net/cci/pdb_mirror/pdb/xt/pdb2xty.ent.gz
Model saved to /net/morse/raid1/scratch1/nigel/amber/hi_lo/xt/2xty/2xty.pdb
Sequence saved to /net/morse/raid1/scratch1/nigel/amber/hi_lo/xt/2xty/2xty.fa
Reading from local mirror:
  /net/cci/pdb_mirror/structure_factors/xt/r2xtysf.ent.gz
Structure factors saved to /net/morse/raid1/scratch1/nigel/amber/hi_lo/xt/2xty/2xty-sf.cif
Reading from local mirror:
  /net/cci/pdb_mirror/mmcif/xt/2xty.cif.gz
Model saved to /net/morse/raid1/scratch1/nigel/amber/hi_lo/xt/2xty/2xty.cif
Can't determine output label for r2xtysf,_refln.crystal_id - skipping.
Can't determine output label for r2xtysf,_refln.scale_group_code - skipping.
R-free-flags: fraction_free=0.051
R-free-flags: missing 115 reflections
Can't determine output label for r2xtysf,_refln.wavelength_id - skipping.
Converted structure factors saved to 2xty.mtz
local_archive None
archive PDB None
Reading from local mirror:
  /net/cci/pdb_mirror/pdb/xt/pdb2xty.ent.gz
Model saved to /net/morse/raid1/scratch1/nigel/amber/hi_lo/xt/2xty/2xty.pdb
Sequence saved to /net/morse/raid1/scratch1/nigel/amber/hi_lo/xt/2xty/2xty.fa
Reading from local mirror:
  /net/cci/pdb_mirror/structure_factors/xt/r2xtysf.ent.gz
Structure factors saved to /net/morse/raid1/scratch1/nigel/amber/hi_lo/xt/2xty/2xty-sf.cif
Reading from local mirror:
  /net/cci/pdb_mirror/mmcif/xt/2xty.cif.gz
Model saved to /net/morse/raid1/scratch1/nigel/amber/hi_lo/xt/2xty/2xty.cif
Can't determine output label for r2xtysf,_refln.crystal_id - skipping.
Can't determine output label for r2xtysf,_refln.scale_group_code - skipping.
R-free-flags: fraction_free=0.051
R-free-flags: missing 115 reflections
Can't determine output label for r2xtysf,_refln.wavelength_id - skipping.
Converted structure factors saved to 2xty.mtz

==================================================
Summary of pdb4amber for: 2xty.pdb
===================================================

----------Chains
The following (original) chains have been found:
A
B

---------- Alternate Locations (Original Residues!))

The following residues had alternate locations:
ASP_222
ARG_223

---------- Gaps (Renumbered Residues!)
gap of 6.118985 A between MET 105 and PHE 106
gap of 2.462988 A between ASP 222 and ASP 222
gap of 5.099690 A between PHE 312 and CYS 313

---------- Mising heavy atom(s)

None
The alternate coordinates have been discarded.
Only the first occurrence for each atom was kept.

==================================================
Summary of pdb4amber for: 2xty_4tleap_uc1.pdb
===================================================

----------Chains
The following (original) chains have been found:
A
B

---------- Alternate Locations (Original Residues!))

The following residues had alternate locations:
None

---------- Gaps (Renumbered Residues!)
gap of 6.118985 A between MET 105 and PHE 106
gap of 5.099690 A between PHE 312 and CYS 313
gap of 6.118985 A between MET 843 and PHE 844
gap of 5.099690 A between PHE 1050 and CYS 1051
gap of 6.118985 A between MET 1581 and PHE 1582
gap of 5.099690 A between PHE 1788 and CYS 1789
gap of 6.118985 A between MET 2319 and PHE 2320
gap of 5.099690 A between PHE 2526 and CYS 2527
gap of 6.118985 A between MET 3057 and PHE 3058
gap of 5.099690 A between PHE 3264 and CYS 3265
gap of 6.118985 A between MET 3795 and PHE 3796
gap of 5.099690 A between PHE 4002 and CYS 4003
gap of 6.118985 A between MET 4533 and PHE 4534
gap of 5.099690 A between PHE 4740 and CYS 4741
gap of 6.118985 A between MET 5271 and PHE 5272
gap of 5.099690 A between PHE 5478 and CYS 5479

---------- Mising heavy atom(s)

None
not prmtop_filename /net/morse/scratch1/nigel/amber/hi_lo/xt/2xty/4amber_2xty.prmtop
not prmtop_filename /net/chevy/raid1/nigel/amber/hi_lo/xt/2xty/4amber_2xty.prmtop

	Running AmberPrep : 2xty.pdb


==================================================
Running pdb4amber on 2xty.pdb
==================================================

==================================================
Setting up library files for non-standard residues
==================================================

==================================================
Preparing asu files and 4phenix_2xty.pdb
==================================================

~> tleap -f 2xty_asu_tleap_input_run

Checking output filenames
  file : 2xty_asu.prmtop
  file : 2xty_asu.rst7

~> ChBox -c 2xty_asu.rst7 -o 2xty_asu.rst7 -X 55.33 -Y 55.33 -Z 282.46 -al 90.0 -bt 90.0 -gm 90.0 


============================================================
Preparing unit cell files: 4amber_2xty.prmtop and 4amber_2xty.rst7
============================================================

~> UnitCell -p 2xty_4UnitCell.pdb -o 2xty_4tleap_uc1.pdb


~> tleap -f 2xty_uc_tleap_input_run

Checking output filenames
  file : 2xty_uc.prmtop
  file : 2xty_uc.rst7

~> ChBox -c 2xty_uc.rst7 -o 2xty_uc.rst7 -X 55.33 -Y 55.33 -Z 282.46 -al 90.0 -bt 90.0 -gm 90.0 


==================================================
Minimizing input coordinates.
==================================================

~> sander -O -i 2xty_amber_all.in -p 4amber_2xty.prmtop -c 4amber_2xty.rst7 -o 2xty.min.out            -ref 4amber_2xty.rst7 -r 4amber_2xty.min.rst7

checking special positions in 4phenix_2xty.pdb

==================================================
Done.  Three new files have been made:
      4phenix_2xty.pdb
      4amber_2xty.prmtop
      4amber_2xty.rst7
==================================================

Example

  phenix.refine 4phenix_2xty.pdb use_amber=True \
    amber.topology_file_name=4amber_2xty.prmtop \
    amber.coordinate_file_name=4amber_2xty.rst7 \
    ....(other refinement keywords here).....



Substituting Amber PDB file for downloaded file
run_tests_local.py:222: UserWarning: os.system() is not safe: please use the subprocess module or libtbx.easy_run instead.
  os.system(cmd)

  Amber files
    PDB    : 2xty.pdb
    MTZ    : 2xty.mtz
    prmtop : 4amber_2xty.prmtop
    rst7   : 4amber_2xty.rst7
  
/net/morse/raid1/scratch1/nigel/amber/hi_lo/xt/2xty
return_files 2xty
/net/chevy/raid1/nigel/amber/hi_lo
4amber_2xty.pdb
4phenix_2xty.pdb
cp 4phenix_2xty.pdb /net/chevy/raid1/nigel/amber/hi_lo/xt/2xty
2xty.pdb
cp 2xty.pdb /net/chevy/raid1/nigel/amber/hi_lo/xt/2xty
4amber_2xty.mtz
4phenix_2xty.mtz
2xty.mtz
cp 2xty.mtz /net/chevy/raid1/nigel/amber/hi_lo/xt/2xty
4amber_2xty.rst7
cp 4amber_2xty.rst7 /net/chevy/raid1/nigel/amber/hi_lo/xt/2xty
4phenix_2xty.rst7
2xty.rst7
4amber_2xty.prmtop
cp 4amber_2xty.prmtop /net/chevy/raid1/nigel/amber/hi_lo/xt/2xty
4phenix_2xty.prmtop
2xty.prmtop
4amber_2xty_refine_001.log
4phenix_2xty_refine_001.log
2xty_refine_001.log
4amber_2xty_refine_002.log
4phenix_2xty_refine_002.log
2xty_refine_002.log
4amber_2xty_refine_001.pdb
4phenix_2xty_refine_001.pdb
2xty_refine_001.pdb
4amber_2xty_refine_002.pdb
4phenix_2xty_refine_002.pdb
2xty_refine_002.pdb
local_archive /net/chevy/raid1/nigel/amber/hi_lo
archive PDB /net/chevy/raid1/nigel/amber/hi_lo/xt/2xty/2xty.pdb
/net/morse/raid1/scratch1/nigel/amber/hi_lo/xt/2xty
------------------------------
phenix.refine log filename ? > /net/chevy/raid1/nigel/amber/hi_lo/xt/2xty/2xty_refine_001.log
------------------------------
------------------------------
phenix.refine log filename ? > 2xty_refine_001.log
------------------------------
Running phenix.refine

phenix.refine 2xty.pdb 2xty.mtz c_beta_restraints=False discard_psi_phi=False strategy="*individual_sites individual_sites_real_space rigid_body *individual_adp group_adp tls *occupancies group_anomalous" refinement.target_weights.optimize_xyz_weight=True refinement.main.number_of_macro_cycles=10 write_geo=False serial=1 cdl=True

