HOST morse.lbl.gov
only_i 226
only_code None
force_amber_prep True
dry_run False
... 226 2wb0
/net/chevy/raid1/nigel/amber/hi_lo
/net/chevy/raid1/nigel/amber/hi_lo/wb/2wb0
2wb0.pdb 4phenix_2wb0.pdb
2wb0.pdb 4phenix_2wb0.pdb
local_archive None
archive PDB None
Reading from local mirror:
  /net/cci/pdb_mirror/pdb/wb/pdb2wb0.ent.gz
Model saved to /net/morse/raid1/scratch1/nigel/amber/hi_lo/wb/2wb0/2wb0.pdb
Sequence saved to /net/morse/raid1/scratch1/nigel/amber/hi_lo/wb/2wb0/2wb0.fa
Reading from local mirror:
  /net/cci/pdb_mirror/structure_factors/wb/r2wb0sf.ent.gz
Structure factors saved to /net/morse/raid1/scratch1/nigel/amber/hi_lo/wb/2wb0/2wb0-sf.cif
Reading from local mirror:
  /net/cci/pdb_mirror/mmcif/wb/2wb0.cif.gz
Model saved to /net/morse/raid1/scratch1/nigel/amber/hi_lo/wb/2wb0/2wb0.cif
Can't determine output label for r2wb0sf,_refln.crystal_id - skipping.
Can't determine output label for r2wb0sf,_refln.scale_group_code - skipping.
Can't determine output label for r2wb0sf,_refln.wavelength_id - skipping.
Converted structure factors saved to 2wb0.mtz
local_archive None
archive PDB None
Reading from local mirror:
  /net/cci/pdb_mirror/pdb/wb/pdb2wb0.ent.gz
Model saved to /net/morse/raid1/scratch1/nigel/amber/hi_lo/wb/2wb0/2wb0.pdb
Sequence saved to /net/morse/raid1/scratch1/nigel/amber/hi_lo/wb/2wb0/2wb0.fa
Reading from local mirror:
  /net/cci/pdb_mirror/structure_factors/wb/r2wb0sf.ent.gz
Structure factors saved to /net/morse/raid1/scratch1/nigel/amber/hi_lo/wb/2wb0/2wb0-sf.cif
Reading from local mirror:
  /net/cci/pdb_mirror/mmcif/wb/2wb0.cif.gz
Model saved to /net/morse/raid1/scratch1/nigel/amber/hi_lo/wb/2wb0/2wb0.cif
Can't determine output label for r2wb0sf,_refln.crystal_id - skipping.
Can't determine output label for r2wb0sf,_refln.scale_group_code - skipping.
Can't determine output label for r2wb0sf,_refln.wavelength_id - skipping.
Converted structure factors saved to 2wb0.mtz

==================================================
Summary of pdb4amber for: 2wb0.pdb
===================================================

----------Chains
The following (original) chains have been found:
X

---------- Alternate Locations (Original Residues!))

The following residues had alternate locations:
SER_214
ASN_215

---------- Gaps (Renumbered Residues!)
gap of 5.247467 A between GLU 122 and GLN 123
gap of 2.725212 A between SER 214 and SER 214
gap of 13.390696 A between TYR 248 and GLY 249

---------- Mising heavy atom(s)

None
The alternate coordinates have been discarded.
Only the first occurrence for each atom was kept.

==================================================
Summary of pdb4amber for: 2wb0_4tleap_uc1.pdb
===================================================

----------Chains
The following (original) chains have been found:
X

---------- Alternate Locations (Original Residues!))

The following residues had alternate locations:
None

---------- Gaps (Renumbered Residues!)
gap of 5.247467 A between GLU 122 and GLN 123
gap of 13.390696 A between TYR 248 and GLY 249
gap of 5.247467 A between GLU 821 and GLN 822
gap of 13.390696 A between TYR 947 and GLY 948
gap of 5.247467 A between GLU 1520 and GLN 1521
gap of 13.390696 A between TYR 1646 and GLY 1647
gap of 5.247467 A between GLU 2219 and GLN 2220
gap of 13.390696 A between TYR 2345 and GLY 2346

---------- Mising heavy atom(s)

None
not prmtop_filename /net/morse/scratch1/nigel/amber/hi_lo/wb/2wb0/4amber_2wb0.prmtop

	Running AmberPrep : 2wb0.pdb


==================================================
Running pdb4amber on 2wb0.pdb
==================================================

==================================================
Setting up library files for non-standard residues
==================================================

==================================================
Preparing asu files and 4phenix_2wb0.pdb
==================================================

~> tleap -f 2wb0_asu_tleap_input_run

Checking output filenames
  file : 2wb0_asu.prmtop
  file : 2wb0_asu.rst7

~> ChBox -c 2wb0_asu.rst7 -o 2wb0_asu.rst7 -X 78.29 -Y 76.66 -Z 64.69 -al 90.0 -bt 90.0 -gm 90.0 


============================================================
Preparing unit cell files: 4amber_2wb0.prmtop and 4amber_2wb0.rst7
============================================================

~> UnitCell -p 2wb0_4UnitCell.pdb -o 2wb0_4tleap_uc1.pdb


~> tleap -f 2wb0_uc_tleap_input_run

Checking output filenames
  file : 2wb0_uc.prmtop
  file : 2wb0_uc.rst7

~> ChBox -c 2wb0_uc.rst7 -o 2wb0_uc.rst7 -X 78.29 -Y 76.66 -Z 64.69 -al 90.0 -bt 90.0 -gm 90.0 


==================================================
Minimizing input coordinates.
==================================================

~> sander -O -i 2wb0_amber_all.in -p 4amber_2wb0.prmtop -c 4amber_2wb0.rst7 -o 2wb0.min.out            -ref 4amber_2wb0.rst7 -r 4amber_2wb0.min.rst7

checking special positions in 4phenix_2wb0.pdb

==================================================
Done.  Three new files have been made:
      4phenix_2wb0.pdb
      4amber_2wb0.prmtop
      4amber_2wb0.rst7
==================================================

Example

  phenix.refine 4phenix_2wb0.pdb use_amber=True \
    amber.topology_file_name=4amber_2wb0.prmtop \
    amber.coordinate_file_name=4amber_2wb0.rst7 \
    ....(other refinement keywords here).....



Substituting Amber PDB file for downloaded file
run_tests_local.py:222: UserWarning: os.system() is not safe: please use the subprocess module or libtbx.easy_run instead.
  os.system(cmd)

  Amber files
    PDB    : 2wb0.pdb
    MTZ    : 2wb0.mtz
    prmtop : 4amber_2wb0.prmtop
    rst7   : 4amber_2wb0.rst7
  
/net/morse/raid1/scratch1/nigel/amber/hi_lo/wb/2wb0
return_files 2wb0
/net/chevy/raid1/nigel/amber/hi_lo
4amber_2wb0.pdb
4phenix_2wb0.pdb
cp 4phenix_2wb0.pdb /net/chevy/raid1/nigel/amber/hi_lo/wb/2wb0
2wb0.pdb
cp 2wb0.pdb /net/chevy/raid1/nigel/amber/hi_lo/wb/2wb0
4amber_2wb0.mtz
4phenix_2wb0.mtz
2wb0.mtz
cp 2wb0.mtz /net/chevy/raid1/nigel/amber/hi_lo/wb/2wb0
4amber_2wb0.rst7
cp 4amber_2wb0.rst7 /net/chevy/raid1/nigel/amber/hi_lo/wb/2wb0
4phenix_2wb0.rst7
2wb0.rst7
4amber_2wb0.prmtop
cp 4amber_2wb0.prmtop /net/chevy/raid1/nigel/amber/hi_lo/wb/2wb0
4phenix_2wb0.prmtop
2wb0.prmtop
4amber_2wb0_refine_001.log
4phenix_2wb0_refine_001.log
2wb0_refine_001.log
4amber_2wb0_refine_002.log
4phenix_2wb0_refine_002.log
2wb0_refine_002.log
4amber_2wb0_refine_001.pdb
4phenix_2wb0_refine_001.pdb
2wb0_refine_001.pdb
4amber_2wb0_refine_002.pdb
4phenix_2wb0_refine_002.pdb
2wb0_refine_002.pdb
local_archive /net/chevy/raid1/nigel/amber/hi_lo
archive PDB /net/chevy/raid1/nigel/amber/hi_lo/wb/2wb0/2wb0.pdb
/net/morse/raid1/scratch1/nigel/amber/hi_lo/wb/2wb0
------------------------------
phenix.refine log filename ? > /net/chevy/raid1/nigel/amber/hi_lo/wb/2wb0/2wb0_refine_001.log
------------------------------

	Already done (on chevy) 2wb0_refine_001
------------------------------
phenix.refine log filename ? > /net/chevy/raid1/nigel/amber/hi_lo/wb/2wb0/2wb0_refine_002.log
------------------------------

	Already done (on chevy) 2wb0_refine_002
