HOST lewis.lbl.gov
only_i 53
only_code None
force_amber_prep True
dry_run False
... 53 1ere
/net/chevy/raid1/nigel/amber/hi_lo
/net/chevy/raid1/nigel/amber/hi_lo/er/1ere
1ere.pdb 4phenix_1ere.pdb
1ere.pdb 4phenix_1ere.pdb
local_archive None
archive PDB None
Reading from local mirror:
  /net/cci/pdb_mirror/pdb/er/pdb1ere.ent.gz
Model saved to /net/lewis/raid1/scratch1/nigel/amber/hi_lo/er/1ere/1ere.pdb
Traceback (most recent call last):
  File "/net/cci-filer2/raid1/xp/phenix/phenix-svn/build/../modules/cctbx_project/mmtbx/command_line/fetch_pdb.py", line 199, in <module>
    run2(sys.argv[1:])
  File "/net/cci-filer2/raid1/xp/phenix/phenix-svn/build/../modules/cctbx_project/mmtbx/command_line/fetch_pdb.py", line 155, in run2
    files.append(get_pdb(id, data_type_, mirror, log, format=data_format))
  File "/net/cci-filer2/raid1/xp/phenix/phenix-svn/modules/cctbx_project/iotbx/pdb/fetch.py", line 213, in get_pdb
    data = fetch(id, data_type, mirror=mirror, format=format, log=log)
  File "/net/cci-filer2/raid1/xp/phenix/phenix-svn/modules/cctbx_project/iotbx/pdb/fetch.py", line 150, in fetch
    data = libtbx.utils.urlopen(url)
  File "/net/cci-filer2/raid1/xp/phenix/phenix-svn/modules/cctbx_project/libtbx/utils.py", line 2069, in urlopen
    return urllib2.urlopen(*args, **kwds)
  File "/net/cci-filer2/raid1/xp/phenix/phenix-svn/base/lib/python2.7/urllib2.py", line 127, in urlopen
    return _opener.open(url, data, timeout)
  File "/net/cci-filer2/raid1/xp/phenix/phenix-svn/base/lib/python2.7/urllib2.py", line 404, in open
    response = self._open(req, data)
  File "/net/cci-filer2/raid1/xp/phenix/phenix-svn/base/lib/python2.7/urllib2.py", line 422, in _open
    '_open', req)
  File "/net/cci-filer2/raid1/xp/phenix/phenix-svn/base/lib/python2.7/urllib2.py", line 382, in _call_chain
    result = func(*args)
  File "/net/cci-filer2/raid1/xp/phenix/phenix-svn/base/lib/python2.7/urllib2.py", line 1214, in http_open
    return self.do_open(httplib.HTTPConnection, req)
  File "/net/cci-filer2/raid1/xp/phenix/phenix-svn/base/lib/python2.7/urllib2.py", line 1184, in do_open
    raise URLError(err)
urllib2.URLError: <urlopen error [Errno 110] Connection timed out>
local_archive None
archive PDB None
Reading from local mirror:
  /net/cci/pdb_mirror/pdb/er/pdb1ere.ent.gz
Model saved to /net/lewis/raid1/scratch1/nigel/amber/hi_lo/er/1ere/1ere.pdb
Traceback (most recent call last):
  File "/net/cci-filer2/raid1/xp/phenix/phenix-svn/build/../modules/cctbx_project/mmtbx/command_line/fetch_pdb.py", line 199, in <module>
    run2(sys.argv[1:])
  File "/net/cci-filer2/raid1/xp/phenix/phenix-svn/build/../modules/cctbx_project/mmtbx/command_line/fetch_pdb.py", line 155, in run2
    files.append(get_pdb(id, data_type_, mirror, log, format=data_format))
  File "/net/cci-filer2/raid1/xp/phenix/phenix-svn/modules/cctbx_project/iotbx/pdb/fetch.py", line 213, in get_pdb
    data = fetch(id, data_type, mirror=mirror, format=format, log=log)
  File "/net/cci-filer2/raid1/xp/phenix/phenix-svn/modules/cctbx_project/iotbx/pdb/fetch.py", line 150, in fetch
    data = libtbx.utils.urlopen(url)
  File "/net/cci-filer2/raid1/xp/phenix/phenix-svn/modules/cctbx_project/libtbx/utils.py", line 2069, in urlopen
    return urllib2.urlopen(*args, **kwds)
  File "/net/cci-filer2/raid1/xp/phenix/phenix-svn/base/lib/python2.7/urllib2.py", line 127, in urlopen
    return _opener.open(url, data, timeout)
  File "/net/cci-filer2/raid1/xp/phenix/phenix-svn/base/lib/python2.7/urllib2.py", line 404, in open
    response = self._open(req, data)
  File "/net/cci-filer2/raid1/xp/phenix/phenix-svn/base/lib/python2.7/urllib2.py", line 422, in _open
    '_open', req)
  File "/net/cci-filer2/raid1/xp/phenix/phenix-svn/base/lib/python2.7/urllib2.py", line 382, in _call_chain
    result = func(*args)
  File "/net/cci-filer2/raid1/xp/phenix/phenix-svn/base/lib/python2.7/urllib2.py", line 1214, in http_open
    return self.do_open(httplib.HTTPConnection, req)
  File "/net/cci-filer2/raid1/xp/phenix/phenix-svn/base/lib/python2.7/urllib2.py", line 1184, in do_open
    raise URLError(err)
urllib2.URLError: <urlopen error [Errno 110] Connection timed out>

==================================================
Summary of pdb4amber for: 1ere.pdb
===================================================

----------Chains
The following (original) chains have been found:
A
B
C
D
E
F

---------- Alternate Locations (Original Residues!))

The following residues had alternate locations:
HIS_67
HIS_188
GLN_193
HIS_200
CYS_217
HIS_302
HIS_423
GLN_428
HIS_435
CYS_452
HIS_537
HIS_658
GLN_663
HIS_670
CYS_687
HIS_772
HIS_893
GLN_898
HIS_905
CYS_922
HIS_1007
HIS_1128
GLN_1133
HIS_1140
CYS_1157
HIS_1242
HIS_1363
GLN_1368
HIS_1375
CYS_1392

---------- Gaps (Renumbered Residues!)
gap of 12.358450 A between GLU 26 and PHE 27
gap of 7.616431 A between PHE 151 and THR 152
gap of 12.252561 A between GLU 261 and PHE 262
gap of 7.618460 A between PHE 386 and THR 387
gap of 12.524474 A between GLU 496 and PHE 497
gap of 7.592263 A between PHE 621 and THR 622
gap of 12.563553 A between GLU 731 and PHE 732
gap of 7.613433 A between PHE 856 and THR 857
gap of 12.459384 A between GLU 966 and PHE 967
gap of 7.599970 A between PHE 1091 and THR 1092
gap of 12.539164 A between GLU 1201 and PHE 1202
gap of 7.583936 A between PHE 1326 and THR 1327

---------- Mising heavy atom(s)

LEU_2 misses 3 heavy atom(s)
LEU_153 misses 3 heavy atom(s)
LEU_156 misses 3 heavy atom(s)
LYS_179 misses 4 heavy atom(s)
LYS_218 misses 2 heavy atom(s)
LEU_223 misses 4 heavy atom(s)
LEU_237 misses 3 heavy atom(s)
LEU_388 misses 3 heavy atom(s)
LEU_391 misses 3 heavy atom(s)
LYS_414 misses 4 heavy atom(s)
LYS_453 misses 2 heavy atom(s)
LEU_458 misses 4 heavy atom(s)
LEU_472 misses 3 heavy atom(s)
LEU_623 misses 3 heavy atom(s)
LEU_626 misses 3 heavy atom(s)
LYS_649 misses 4 heavy atom(s)
LYS_688 misses 2 heavy atom(s)
LEU_693 misses 4 heavy atom(s)
LEU_707 misses 3 heavy atom(s)
LEU_858 misses 3 heavy atom(s)
LEU_861 misses 3 heavy atom(s)
LYS_884 misses 4 heavy atom(s)
LYS_923 misses 2 heavy atom(s)
LEU_928 misses 4 heavy atom(s)
LEU_942 misses 3 heavy atom(s)
LEU_1093 misses 3 heavy atom(s)
LEU_1096 misses 3 heavy atom(s)
LYS_1119 misses 4 heavy atom(s)
LYS_1158 misses 2 heavy atom(s)
LEU_1163 misses 4 heavy atom(s)
LEU_1177 misses 3 heavy atom(s)
LEU_1328 misses 3 heavy atom(s)
LEU_1331 misses 3 heavy atom(s)
LYS_1354 misses 4 heavy atom(s)
LYS_1393 misses 2 heavy atom(s)
LEU_1398 misses 4 heavy atom(s)
The alternate coordinates have been discarded.
Only the first occurrence for each atom was kept.

==================================================
Summary of pdb4amber for: 1ere_4tleap_uc1.pdb
===================================================

----------Chains
The following (original) chains have been found:
A
B
C
D
E
F

---------- Alternate Locations (Original Residues!))

The following residues had alternate locations:
None

---------- Gaps (Renumbered Residues!)
gap of 12.358450 A between GLU 26 and PHE 27
gap of 7.616431 A between PHE 151 and THR 152
gap of 12.252561 A between GLU 261 and PHE 262
gap of 7.618460 A between PHE 386 and THR 387
gap of 12.524474 A between GLU 496 and PHE 497
gap of 7.592263 A between PHE 621 and THR 622
gap of 12.563553 A between GLU 731 and PHE 732
gap of 7.613433 A between PHE 856 and THR 857
gap of 12.459384 A between GLU 966 and PHE 967
gap of 7.599970 A between PHE 1091 and THR 1092
gap of 12.539164 A between GLU 1201 and PHE 1202
gap of 7.583936 A between PHE 1326 and THR 1327
gap of 12.358450 A between GLU 1556 and PHE 1557
gap of 7.616431 A between PHE 1681 and THR 1682
gap of 12.252561 A between GLU 1791 and PHE 1792
gap of 7.618460 A between PHE 1916 and THR 1917
gap of 12.524474 A between GLU 2026 and PHE 2027
gap of 7.592263 A between PHE 2151 and THR 2152
gap of 12.563553 A between GLU 2261 and PHE 2262
gap of 7.613433 A between PHE 2386 and THR 2387
gap of 12.459384 A between GLU 2496 and PHE 2497
gap of 7.599970 A between PHE 2621 and THR 2622
gap of 12.539164 A between GLU 2731 and PHE 2732
gap of 7.583936 A between PHE 2856 and THR 2857

---------- Mising heavy atom(s)

None
not prmtop_filename /net/lewis/scratch1/nigel/amber/hi_lo/er/1ere/4amber_1ere.prmtop

	Running AmberPrep : 1ere.pdb


==================================================
Running pdb4amber on 1ere.pdb
==================================================

==================================================
Setting up library files for non-standard residues
==================================================

  Residue "EST" already in amber monomer library. Skipping elbow/antechamber
    run for this residue.
        

==================================================
Preparing asu files and 4phenix_1ere.pdb
==================================================

~> tleap -f 1ere_asu_tleap_input_run

Checking output filenames
  file : 1ere_asu.prmtop
  file : 1ere_asu.rst7

~> ChBox -c 1ere_asu.rst7 -o 1ere_asu.rst7 -X 61.48 -Y 115.16 -Z 137.38 -al 90.0 -bt 98.8 -gm 90.0 


============================================================
Preparing unit cell files: 4amber_1ere.prmtop and 4amber_1ere.rst7
============================================================

~> UnitCell -p 1ere_4UnitCell.pdb -o 1ere_4tleap_uc1.pdb


~> tleap -f 1ere_uc_tleap_input_run

Checking output filenames
  file : 1ere_uc.prmtop
  file : 1ere_uc.rst7

~> ChBox -c 1ere_uc.rst7 -o 1ere_uc.rst7 -X 61.48 -Y 115.16 -Z 137.38 -al 90.0 -bt 98.8 -gm 90.0 


==================================================
Minimizing input coordinates.
==================================================

~> sander -O -i 1ere_amber_all.in -p 4amber_1ere.prmtop -c 4amber_1ere.rst7 -o 1ere.min.out            -ref 4amber_1ere.rst7 -r 4amber_1ere.min.rst7

checking special positions in 4phenix_1ere.pdb

==================================================
Done.  Three new files have been made:
      4phenix_1ere.pdb
      4amber_1ere.prmtop
      4amber_1ere.rst7
==================================================

Example

  phenix.refine 4phenix_1ere.pdb use_amber=True \
    amber.topology_file_name=4amber_1ere.prmtop \
    amber.coordinate_file_name=4amber_1ere.rst7 \
    ....(other refinement keywords here).....



Substituting Amber PDB file for downloaded file
run_tests_local.py:222: UserWarning: os.system() is not safe: please use the subprocess module or libtbx.easy_run instead.
  os.system(cmd)

  Amber files
    PDB    : 1ere.pdb
    MTZ    : 1ere.mtz
    prmtop : 4amber_1ere.prmtop
    rst7   : 4amber_1ere.rst7
  
/net/lewis/raid1/scratch1/nigel/amber/hi_lo/er/1ere
return_files 1ere
/net/chevy/raid1/nigel/amber/hi_lo
4amber_1ere.pdb
4phenix_1ere.pdb
cp 4phenix_1ere.pdb /net/chevy/raid1/nigel/amber/hi_lo/er/1ere
1ere.pdb
cp 1ere.pdb /net/chevy/raid1/nigel/amber/hi_lo/er/1ere
4amber_1ere.mtz
4phenix_1ere.mtz
1ere.mtz
cp 1ere.mtz /net/chevy/raid1/nigel/amber/hi_lo/er/1ere
4amber_1ere.rst7
cp 4amber_1ere.rst7 /net/chevy/raid1/nigel/amber/hi_lo/er/1ere
4phenix_1ere.rst7
1ere.rst7
4amber_1ere.prmtop
cp 4amber_1ere.prmtop /net/chevy/raid1/nigel/amber/hi_lo/er/1ere
4phenix_1ere.prmtop
1ere.prmtop
4amber_1ere_refine_001.log
4phenix_1ere_refine_001.log
1ere_refine_001.log
4amber_1ere_refine_002.log
4phenix_1ere_refine_002.log
1ere_refine_002.log
4amber_1ere_refine_001.pdb
4phenix_1ere_refine_001.pdb
1ere_refine_001.pdb
4amber_1ere_refine_002.pdb
4phenix_1ere_refine_002.pdb
1ere_refine_002.pdb
local_archive /net/chevy/raid1/nigel/amber/hi_lo
archive PDB /net/chevy/raid1/nigel/amber/hi_lo/er/1ere/1ere.pdb
/net/lewis/raid1/scratch1/nigel/amber/hi_lo/er/1ere
------------------------------
phenix.refine log filename ? > /net/chevy/raid1/nigel/amber/hi_lo/er/1ere/1ere_refine_001.log
------------------------------

	Already done (on chevy) 1ere_refine_001
------------------------------
phenix.refine log filename ? > /net/chevy/raid1/nigel/amber/hi_lo/er/1ere/1ere_refine_002.log
------------------------------

	Already done (on chevy) 1ere_refine_002
