HOST rebus.lbl.gov
only_i 8
only_code None
force_amber_prep True
dry_run False
... 8 3mge
/net/chevy/raid1/nigel/amber/hi_lo
/net/chevy/raid1/nigel/amber/hi_lo/mg/3mge
3mge.pdb 4phenix_3mge.pdb
3mge.pdb 4phenix_3mge.pdb
local_archive None
archive PDB None
Reading from local mirror:
  /net/cci/pdb_mirror/pdb/mg/pdb3mge.ent.gz
Model saved to /net/rebus/raid1/scratch1/nigel/amber/hi_lo/mg/3mge/3mge.pdb
Sequence saved to /net/rebus/raid1/scratch1/nigel/amber/hi_lo/mg/3mge/3mge.fa
Reading from local mirror:
  /net/cci/pdb_mirror/structure_factors/mg/r3mgesf.ent.gz
Structure factors saved to /net/rebus/raid1/scratch1/nigel/amber/hi_lo/mg/3mge/3mge-sf.cif
Reading from local mirror:
  /net/cci/pdb_mirror/mmcif/mg/3mge.cif.gz
Model saved to /net/rebus/raid1/scratch1/nigel/amber/hi_lo/mg/3mge/3mge.cif
Can't determine output label for r3mgesf,_refln.crystal_id - skipping.
Can't determine output label for r3mgesf,_refln.scale_group_code - skipping.
R-free-flags: fraction_free=0.049
R-free-flags: missing 77 reflections
Can't determine output label for r3mgesf,_refln.wavelength_id - skipping.
Converted structure factors saved to 3mge.mtz
local_archive None
archive PDB None
Reading from local mirror:
  /net/cci/pdb_mirror/pdb/mg/pdb3mge.ent.gz
Model saved to /net/rebus/raid1/scratch1/nigel/amber/hi_lo/mg/3mge/3mge.pdb
Sequence saved to /net/rebus/raid1/scratch1/nigel/amber/hi_lo/mg/3mge/3mge.fa
Reading from local mirror:
  /net/cci/pdb_mirror/structure_factors/mg/r3mgesf.ent.gz
Structure factors saved to /net/rebus/raid1/scratch1/nigel/amber/hi_lo/mg/3mge/3mge-sf.cif
Reading from local mirror:
  /net/cci/pdb_mirror/mmcif/mg/3mge.cif.gz
Model saved to /net/rebus/raid1/scratch1/nigel/amber/hi_lo/mg/3mge/3mge.cif
Can't determine output label for r3mgesf,_refln.crystal_id - skipping.
Can't determine output label for r3mgesf,_refln.scale_group_code - skipping.
R-free-flags: fraction_free=0.049
R-free-flags: missing 77 reflections
Can't determine output label for r3mgesf,_refln.wavelength_id - skipping.
Converted structure factors saved to 3mge.mtz
not prmtop_filename /net/rebus/scratch1/nigel/amber/hi_lo/mg/3mge/4amber_3mge.prmtop

	Running AmberPrep : 3mge.pdb


==================================================
Running pdb4amber on 3mge.pdb
==================================================

==================================================
Setting up library files for non-standard residues
==================================================

  Residue "EDO" already in amber monomer library. Skipping elbow/antechamber
    run for this residue.
        

==================================================
Preparing asu files and 4phenix_3mge.pdb
==================================================

~> tleap -f 3mge_asu_tleap_input_run

Checking output filenames
  file : 3mge_asu.prmtop
  file : 3mge_asu.rst7

~> ChBox -c 3mge_asu.rst7 -o 3mge_asu.rst7 -X 90.313 -Y 90.313 -Z 56.527 -al 90.0 -bt 90.0 -gm 120.0 


============================================================
Preparing unit cell files: 4amber_3mge.prmtop and 4amber_3mge.rst7
============================================================

~> UnitCell -p 3mge_4UnitCell.pdb -o 3mge_4tleap_uc1.pdb


~> tleap -f 3mge_uc_tleap_input_run

Checking output filenames
  file : 3mge_uc.prmtop
  file : 3mge_uc.rst7

~> ChBox -c 3mge_uc.rst7 -o 3mge_uc.rst7 -X 90.313 -Y 90.313 -Z 56.527 -al 90.0 -bt 90.0 -gm 120.0 


==================================================
Minimizing input coordinates.
==================================================

~> sander -O -i 3mge_amber_all.in -p 4amber_3mge.prmtop -c 4amber_3mge.rst7 -o 3mge.min.out            -ref 4amber_3mge.rst7 -r 4amber_3mge.min.rst7

checking special positions in 4phenix_3mge.pdb

==================================================
Done.  Three new files have been made:
      4phenix_3mge.pdb
      4amber_3mge.prmtop
      4amber_3mge.rst7
==================================================

Example

  phenix.refine 4phenix_3mge.pdb use_amber=True \
    amber.topology_file_name=4amber_3mge.prmtop \
    amber.coordinate_file_name=4amber_3mge.rst7 \
    ....(other refinement keywords here).....



Substituting Amber PDB file for downloaded file

  Amber files
    PDB    : 3mge.pdb
    MTZ    : 3mge.mtz
    prmtop : 4amber_3mge.prmtop
    rst7   : 4amber_3mge.rst7
  
/net/rebus/raid1/scratch1/nigel/amber/hi_lo/mg/3mge
return_files 3mge
/net/chevy/raid1/nigel/amber/hi_lo
4amber_3mge.pdb
4phenix_3mge.pdb
cp 4phenix_3mge.pdb /net/chevy/raid1/nigel/amber/hi_lo/mg/3mge
3mge.pdb
cp 3mge.pdb /net/chevy/raid1/nigel/amber/hi_lo/mg/3mge
4amber_3mge.mtz
4phenix_3mge.mtz
3mge.mtz
cp 3mge.mtz /net/chevy/raid1/nigel/amber/hi_lo/mg/3mge
4amber_3mge.rst7
cp 4amber_3mge.rst7 /net/chevy/raid1/nigel/amber/hi_lo/mg/3mge
4phenix_3mge.rst7
3mge.rst7
4amber_3mge.prmtop
cp 4amber_3mge.prmtop /net/chevy/raid1/nigel/amber/hi_lo/mg/3mge
4phenix_3mge.prmtop
3mge.prmtop
4amber_3mge_refine_001.log
4phenix_3mge_refine_001.log
3mge_refine_001.log
4amber_3mge_refine_002.log
4phenix_3mge_refine_002.log
3mge_refine_002.log
4amber_3mge_refine_001.pdb
4phenix_3mge_refine_001.pdb
3mge_refine_001.pdb
4amber_3mge_refine_002.pdb
4phenix_3mge_refine_002.pdb
3mge_refine_002.pdb
local_archive /net/chevy/raid1/nigel/amber/hi_lo
archive PDB /net/chevy/raid1/nigel/amber/hi_lo/mg/3mge/3mge.pdb
/net/rebus/raid1/scratch1/nigel/amber/hi_lo/mg/3mge
------------------------------
phenix.refine log filename ? > /net/chevy/raid1/nigel/amber/hi_lo/mg/3mge/3mge_refine_001.log
------------------------------

	Already done (on chevy) 3mge_refine_001
------------------------------
phenix.refine log filename ? > /net/chevy/raid1/nigel/amber/hi_lo/mg/3mge/3mge_refine_002.log
------------------------------

	Already done (on chevy) 3mge_refine_002
