HOST morse.lbl.gov
only_i 42
only_code None
force_amber_prep True
dry_run False
... 42 3g4z
/net/chevy/raid1/nigel/amber/hi_lo
/net/chevy/raid1/nigel/amber/hi_lo/g4/3g4z
3g4z.pdb 4phenix_3g4z.pdb
3g4z.pdb 4phenix_3g4z.pdb
local_archive None
archive PDB None
Reading from local mirror:
  /net/cci/pdb_mirror/pdb/g4/pdb3g4z.ent.gz
Model saved to /net/morse/raid1/scratch1/nigel/amber/hi_lo/g4/3g4z/3g4z.pdb
Sequence saved to /net/morse/raid1/scratch1/nigel/amber/hi_lo/g4/3g4z/3g4z.fa
Reading from local mirror:
  /net/cci/pdb_mirror/structure_factors/g4/r3g4zsf.ent.gz
Structure factors saved to /net/morse/raid1/scratch1/nigel/amber/hi_lo/g4/3g4z/3g4z-sf.cif
Reading from local mirror:
  /net/cci/pdb_mirror/mmcif/g4/3g4z.cif.gz
Model saved to /net/morse/raid1/scratch1/nigel/amber/hi_lo/g4/3g4z/3g4z.cif
Can't determine output label for r3g4zsf,_refln.crystal_id - skipping.
Can't determine output label for r3g4zsf,_refln.scale_group_code - skipping.
Can't determine output label for r3g4zsf,_refln.wavelength_id - skipping.
Converted structure factors saved to 3g4z.mtz
local_archive None
archive PDB None
Reading from local mirror:
  /net/cci/pdb_mirror/pdb/g4/pdb3g4z.ent.gz
Model saved to /net/morse/raid1/scratch1/nigel/amber/hi_lo/g4/3g4z/3g4z.pdb
Sequence saved to /net/morse/raid1/scratch1/nigel/amber/hi_lo/g4/3g4z/3g4z.fa
Reading from local mirror:
  /net/cci/pdb_mirror/structure_factors/g4/r3g4zsf.ent.gz
Structure factors saved to /net/morse/raid1/scratch1/nigel/amber/hi_lo/g4/3g4z/3g4z-sf.cif
Reading from local mirror:
  /net/cci/pdb_mirror/mmcif/g4/3g4z.cif.gz
Model saved to /net/morse/raid1/scratch1/nigel/amber/hi_lo/g4/3g4z/3g4z.cif
Can't determine output label for r3g4zsf,_refln.crystal_id - skipping.
Can't determine output label for r3g4zsf,_refln.scale_group_code - skipping.
Can't determine output label for r3g4zsf,_refln.wavelength_id - skipping.
Converted structure factors saved to 3g4z.mtz

==================================================
Summary of pdb4amber for: 3g4z.pdb
===================================================
REDUCE returned non-zero exit status: See reduce_info.log for more details

----------Chains
The following (original) chains have been found:
A
B
C

---------- Alternate Locations (Original Residues!))

The following residues had alternate locations:
ARG_15
ARG_132

---------- Mising heavy atom(s)

None
The alternate coordinates have been discarded.
Only the first occurrence for each atom was kept.

==================================================
Summary of pdb4amber for: 3g4z_4tleap_uc1.pdb
===================================================

----------Chains
The following (original) chains have been found:
A
B
C

---------- Alternate Locations (Original Residues!))

The following residues had alternate locations:
None

---------- Mising heavy atom(s)

None
not prmtop_filename /net/morse/scratch1/nigel/amber/hi_lo/g4/3g4z/4amber_3g4z.prmtop

	Running AmberPrep : 3g4z.pdb


==================================================
Running pdb4amber on 3g4z.pdb
==================================================

==================================================
Setting up library files for non-standard residues
==================================================

==================================================
Preparing asu files and 4phenix_3g4z.pdb
==================================================

~> tleap -f 3g4z_asu_tleap_input_run

Checking output filenames
  file : 3g4z_asu.prmtop
  file : 3g4z_asu.rst7

~> ChBox -c 3g4z_asu.rst7 -o 3g4z_asu.rst7 -X 59.876 -Y 111.577 -Z 111.553 -al 90.0 -bt 90.0 -gm 90.0 


============================================================
Preparing unit cell files: 4amber_3g4z.prmtop and 4amber_3g4z.rst7
============================================================

~> UnitCell -p 3g4z_4UnitCell.pdb -o 3g4z_4tleap_uc1.pdb


~> tleap -f 3g4z_uc_tleap_input_run

Checking output filenames
  file : 3g4z_uc.prmtop
  file : 3g4z_uc.rst7

~> ChBox -c 3g4z_uc.rst7 -o 3g4z_uc.rst7 -X 59.876 -Y 111.577 -Z 111.553 -al 90.0 -bt 90.0 -gm 90.0 


==================================================
Minimizing input coordinates.
==================================================

~> sander -O -i 3g4z_amber_all.in -p 4amber_3g4z.prmtop -c 4amber_3g4z.rst7 -o 3g4z.min.out            -ref 4amber_3g4z.rst7 -r 4amber_3g4z.min.rst7

checking special positions in 4phenix_3g4z.pdb

==================================================
Done.  Three new files have been made:
      4phenix_3g4z.pdb
      4amber_3g4z.prmtop
      4amber_3g4z.rst7
==================================================

Example

  phenix.refine 4phenix_3g4z.pdb use_amber=True \
    amber.topology_file_name=4amber_3g4z.prmtop \
    amber.coordinate_file_name=4amber_3g4z.rst7 \
    ....(other refinement keywords here).....



Substituting Amber PDB file for downloaded file
run_tests_local.py:222: UserWarning: os.system() is not safe: please use the subprocess module or libtbx.easy_run instead.
  os.system(cmd)

  Amber files
    PDB    : 3g4z.pdb
    MTZ    : 3g4z.mtz
    prmtop : 4amber_3g4z.prmtop
    rst7   : 4amber_3g4z.rst7
  
/net/morse/raid1/scratch1/nigel/amber/hi_lo/g4/3g4z
return_files 3g4z
/net/chevy/raid1/nigel/amber/hi_lo
4amber_3g4z.pdb
4phenix_3g4z.pdb
cp 4phenix_3g4z.pdb /net/chevy/raid1/nigel/amber/hi_lo/g4/3g4z
3g4z.pdb
cp 3g4z.pdb /net/chevy/raid1/nigel/amber/hi_lo/g4/3g4z
4amber_3g4z.mtz
4phenix_3g4z.mtz
3g4z.mtz
cp 3g4z.mtz /net/chevy/raid1/nigel/amber/hi_lo/g4/3g4z
4amber_3g4z.rst7
cp 4amber_3g4z.rst7 /net/chevy/raid1/nigel/amber/hi_lo/g4/3g4z
4phenix_3g4z.rst7
3g4z.rst7
4amber_3g4z.prmtop
cp 4amber_3g4z.prmtop /net/chevy/raid1/nigel/amber/hi_lo/g4/3g4z
4phenix_3g4z.prmtop
3g4z.prmtop
4amber_3g4z_refine_001.log
4phenix_3g4z_refine_001.log
3g4z_refine_001.log
4amber_3g4z_refine_002.log
4phenix_3g4z_refine_002.log
3g4z_refine_002.log
4amber_3g4z_refine_001.pdb
4phenix_3g4z_refine_001.pdb
3g4z_refine_001.pdb
4amber_3g4z_refine_002.pdb
4phenix_3g4z_refine_002.pdb
3g4z_refine_002.pdb
local_archive /net/chevy/raid1/nigel/amber/hi_lo
archive PDB /net/chevy/raid1/nigel/amber/hi_lo/g4/3g4z/3g4z.pdb
/net/morse/raid1/scratch1/nigel/amber/hi_lo/g4/3g4z
------------------------------
phenix.refine log filename ? > /net/chevy/raid1/nigel/amber/hi_lo/g4/3g4z/3g4z_refine_001.log
------------------------------

	Already done (on chevy) 3g4z_refine_001
------------------------------
phenix.refine log filename ? > /net/chevy/raid1/nigel/amber/hi_lo/g4/3g4z/3g4z_refine_002.log
------------------------------

	Already done (on chevy) 3g4z_refine_002
