HOST lewis.lbl.gov
only_i 106
only_code None
force_amber_prep True
dry_run False
1 1z3z,A,2.900,1zod,A,1.800
2 1psi,A,2.920,3ndd,A,1.500
3 3bpo,A,3.000,3l5w,I,2.000
4 1e6j,P,3.000,3mge,A,1.900
5 1r46,A,3.250,3hg3,A,1.900
6 2j0g,A,2.850,2j1g,A,1.950
7 1nsk,L,2.800,3bbb,A,1.300
8 1t04,B,3.000,1t3f,B,2.000
9 1kiu,B,3.000,1ze3,H,1.840
10 1kv3,A,2.800,2q3z,A,2.000
11 1wqs,A,2.800,2iph,A,1.750
12 3gwp,A,2.900,3i16,A,2.000
13 1c0n,A,2.800,1kmj,A,2.000
14 2r8j,A,3.100,3oha,A,2.000
15 1z5s,C,3.010,2grn,B,1.800
16 3icq,B,3.200,3m1i,A,2.000
17 1nb3,I,2.800,3kfq,C,1.990
18 1otc,A,2.800,2i0q,A,1.910
19 1ue8,A,3.000,3b4x,A,1.940
20 1a4o,A,2.800,2o02,A,1.500
21 1t6i,A,2.810,3g4z,A,1.870
22 1de9,A,3.000,2o3h,A,1.900
23 2j6e,L,3.000,3n9g,L,1.434
24 3hrk,A,3.050,3lc0,A,1.800
25 2ecp,A,2.950,2asv,A,1.950
26 1z8l,A,3.500,2xeg,A,1.590
27 1ere,A,3.100,2r6w,A,2.000
28 1xni,A,2.800,3lh0,A,1.900
29 2pl0,A,2.800,3mpm,A,1.950
30 1pxt,A,2.800,1afw,A,1.800
31 1bmf,A,2.850,2jdi,A,1.900
32 2g3k,A,3.050,2j9u,A,2.000
33 3m9b,A,3.940,3m9h,A,2.000
34 2i0v,A,2.800,3dpk,A,1.950
35 1kiu,A,3.000,3bwu,C,1.760
36 1nys,A,3.050,2h62,D,1.850
37 1rgq,C,2.900,2o8m,C,2.000
38 1fg5,N,2.800,2vs4,A,1.770
39 1sj5,A,2.800,1vjl,A,1.900
40 2f7k,A,2.800,2yxt,A,2.000
41 1yrp,A,3.100,3bqr,A,1.750
42 3a7a,B,3.100,3ab9,A,1.650
43 2vhg,A,2.900,2vjv,A,1.900
44 1blf,A,2.800,3kj7,A,1.910
45 1pma,1,3.400,1yar,H,1.900
46 2bp2,A,3.000,2zp3,A,1.900
47 2oqj,A,2.800,3oaz,K,1.750
48 1fvv,B,2.800,3ddq,B,1.800
49 1qlr,A,2.830,3eo0,A,1.750
50 2fhg,2,3.230,2jay,A,1.990
51 1io4,A,3.000,2e42,A,1.800
52 2i22,A,2.800,2i2w,A,1.950
53 1bot,O,3.050,3ezw,A,2.000
... 106 3ezw
/net/chevy/raid1/nigel/amber/hi_lo
/net/chevy/raid1/nigel/amber/hi_lo/ez/3ezw
3ezw.pdb 4phenix_3ezw.pdb
local_archive None
archive PDB None
Reading from local mirror:
  /net/cci/pdb_mirror/pdb/ez/pdb3ezw.ent.gz
Model saved to /net/lewis/raid1/scratch1/nigel/amber/hi_lo/ez/3ezw/3ezw.pdb
Traceback (most recent call last):
  File "/net/cci-filer2/raid1/xp/phenix/phenix-svn/build/../modules/cctbx_project/mmtbx/command_line/fetch_pdb.py", line 199, in <module>
    run2(sys.argv[1:])
  File "/net/cci-filer2/raid1/xp/phenix/phenix-svn/build/../modules/cctbx_project/mmtbx/command_line/fetch_pdb.py", line 155, in run2
    files.append(get_pdb(id, data_type_, mirror, log, format=data_format))
  File "/net/cci-filer2/raid1/xp/phenix/phenix-svn/modules/cctbx_project/iotbx/pdb/fetch.py", line 213, in get_pdb
    data = fetch(id, data_type, mirror=mirror, format=format, log=log)
  File "/net/cci-filer2/raid1/xp/phenix/phenix-svn/modules/cctbx_project/iotbx/pdb/fetch.py", line 150, in fetch
    data = libtbx.utils.urlopen(url)
  File "/net/cci-filer2/raid1/xp/phenix/phenix-svn/modules/cctbx_project/libtbx/utils.py", line 2069, in urlopen
    return urllib2.urlopen(*args, **kwds)
  File "/net/cci-filer2/raid1/xp/phenix/phenix-svn/base/lib/python2.7/urllib2.py", line 127, in urlopen
    return _opener.open(url, data, timeout)
  File "/net/cci-filer2/raid1/xp/phenix/phenix-svn/base/lib/python2.7/urllib2.py", line 404, in open
    response = self._open(req, data)
  File "/net/cci-filer2/raid1/xp/phenix/phenix-svn/base/lib/python2.7/urllib2.py", line 422, in _open
    '_open', req)
  File "/net/cci-filer2/raid1/xp/phenix/phenix-svn/base/lib/python2.7/urllib2.py", line 382, in _call_chain
    result = func(*args)
  File "/net/cci-filer2/raid1/xp/phenix/phenix-svn/base/lib/python2.7/urllib2.py", line 1214, in http_open
    return self.do_open(httplib.HTTPConnection, req)
  File "/net/cci-filer2/raid1/xp/phenix/phenix-svn/base/lib/python2.7/urllib2.py", line 1184, in do_open
    raise URLError(err)
urllib2.URLError: <urlopen error [Errno 110] Connection timed out>
local_archive None
archive PDB None
Reading from local mirror:
  /net/cci/pdb_mirror/pdb/ez/pdb3ezw.ent.gz
Model saved to /net/lewis/raid1/scratch1/nigel/amber/hi_lo/ez/3ezw/3ezw.pdb
Traceback (most recent call last):
  File "/net/cci-filer2/raid1/xp/phenix/phenix-svn/build/../modules/cctbx_project/mmtbx/command_line/fetch_pdb.py", line 199, in <module>
    run2(sys.argv[1:])
  File "/net/cci-filer2/raid1/xp/phenix/phenix-svn/build/../modules/cctbx_project/mmtbx/command_line/fetch_pdb.py", line 155, in run2
    files.append(get_pdb(id, data_type_, mirror, log, format=data_format))
  File "/net/cci-filer2/raid1/xp/phenix/phenix-svn/modules/cctbx_project/iotbx/pdb/fetch.py", line 213, in get_pdb
    data = fetch(id, data_type, mirror=mirror, format=format, log=log)
  File "/net/cci-filer2/raid1/xp/phenix/phenix-svn/modules/cctbx_project/iotbx/pdb/fetch.py", line 150, in fetch
    data = libtbx.utils.urlopen(url)
  File "/net/cci-filer2/raid1/xp/phenix/phenix-svn/modules/cctbx_project/libtbx/utils.py", line 2069, in urlopen
    return urllib2.urlopen(*args, **kwds)
  File "/net/cci-filer2/raid1/xp/phenix/phenix-svn/base/lib/python2.7/urllib2.py", line 127, in urlopen
    return _opener.open(url, data, timeout)
  File "/net/cci-filer2/raid1/xp/phenix/phenix-svn/base/lib/python2.7/urllib2.py", line 404, in open
    response = self._open(req, data)
  File "/net/cci-filer2/raid1/xp/phenix/phenix-svn/base/lib/python2.7/urllib2.py", line 422, in _open
    '_open', req)
  File "/net/cci-filer2/raid1/xp/phenix/phenix-svn/base/lib/python2.7/urllib2.py", line 382, in _call_chain
    result = func(*args)
  File "/net/cci-filer2/raid1/xp/phenix/phenix-svn/base/lib/python2.7/urllib2.py", line 1214, in http_open
    return self.do_open(httplib.HTTPConnection, req)
  File "/net/cci-filer2/raid1/xp/phenix/phenix-svn/base/lib/python2.7/urllib2.py", line 1184, in do_open
    raise URLError(err)
urllib2.URLError: <urlopen error [Errno 110] Connection timed out>

==================================================
Summary of pdb4amber for: 3ezw.pdb
===================================================
REDUCE returned non-zero exit status: See reduce_info.log for more details

----------Chains
The following (original) chains have been found:
A
B
C
D
E
F
G
H

---------- Alternate Locations (Original Residues!))

The following residues had alternate locations:
MET_19
ASP_20
ILE_25
ILE_26
ARG_31
GLU_32
CYS_267
PHE_268
ARG_405
VAL_406
VAL_629
ILE_630
LYS_985
ARG_986
GLN_1383
ALA_1384
GLU_1424
VAL_1425
GLU_1520
PHE_1521
SER_1543
SER_1544
LYS_1973
LYS_1974
MET_2004
ASP_2005
CYS_2246
PHE_2247
ARG_2409
GLU_2410
MET_2493
ASP_2494
GLU_3480
PHE_3481

---------- Gaps (Renumbered Residues!)
gap of 7.716324 A between ILE 727 and GLY 728
gap of 5.185913 A between ASN 1222 and ARG 1223
gap of 6.330015 A between ASN 2211 and THR 2212
gap of 7.313025 A between ILE 2300 and ASP 2301
gap of 4.959882 A between ASN 2700 and ARG 2701
gap of 7.625297 A between ILE 2788 and ASP 2789
gap of 7.457100 A between PRO 2894 and GLU 2895
gap of 8.472602 A between GLU 2920 and ILE 2921
gap of 6.973586 A between ASN 3182 and THR 3183
gap of 8.163831 A between ILE 3675 and ARG 3676

---------- Mising heavy atom(s)

None
The alternate coordinates have been discarded.
Only the first occurrence for each atom was kept.

==================================================
Summary of pdb4amber for: 3ezw_4tleap_uc1.pdb
===================================================

----------Chains
The following (original) chains have been found:
A
B
C
D
E
F
G
H

---------- Alternate Locations (Original Residues!))

The following residues had alternate locations:
None

---------- Gaps (Renumbered Residues!)
gap of 7.716324 A between ILE 727 and GLY 728
gap of 5.185913 A between ASN 1222 and ARG 1223
gap of 6.330015 A between ASN 2211 and THR 2212
gap of 7.313025 A between ILE 2300 and ASP 2301
gap of 4.959882 A between ASN 2700 and ARG 2701
gap of 7.625297 A between ILE 2788 and ASP 2789
gap of 7.457100 A between PRO 2894 and GLU 2895
gap of 8.472602 A between GLU 2920 and ILE 2921
gap of 6.973586 A between ASN 3182 and THR 3183
gap of 8.163831 A between ILE 3675 and ARG 3676
gap of 7.716324 A between ILE 6228 and GLY 6229
gap of 5.185913 A between ASN 6723 and ARG 6724

---------- Mising heavy atom(s)

HIS_7631 misses 1 heavy atom(s)
not prmtop_filename /net/lewis/scratch1/nigel/amber/hi_lo/ez/3ezw/4amber_3ezw.prmtop
not prmtop_filename /net/chevy/raid1/nigel/amber/hi_lo/ez/3ezw/4amber_3ezw.prmtop

	Running AmberPrep : 3ezw.pdb


==================================================
Running pdb4amber on 3ezw.pdb
==================================================

==================================================
Setting up library files for non-standard residues
==================================================

  Residue "GOL" already in amber monomer library. Skipping elbow/antechamber
    run for this residue.
        

  Residue "EDO" already in amber monomer library. Skipping elbow/antechamber
    run for this residue.
        

==================================================
Preparing asu files and 4phenix_3ezw.pdb
==================================================

~> tleap -f 3ezw_asu_tleap_input_run

Checking output filenames
  file : 3ezw_asu.prmtop
  file : 3ezw_asu.rst7

~> ChBox -c 3ezw_asu.rst7 -o 3ezw_asu.rst7 -X 91.116 -Y 114.26 -Z 212.624 -al 90.0 -bt 91.15 -gm 90.0 


============================================================
Preparing unit cell files: 4amber_3ezw.prmtop and 4amber_3ezw.rst7
============================================================

~> UnitCell -p 3ezw_4UnitCell.pdb -o 3ezw_4tleap_uc1.pdb


~> tleap -f 3ezw_uc_tleap_input_run

Checking output filenames
  file : 3ezw_uc.prmtop
  file : 3ezw_uc.rst7

~> ChBox -c 3ezw_uc.rst7 -o 3ezw_uc.rst7 -X 91.116 -Y 114.26 -Z 212.624 -al 90.0 -bt 91.15 -gm 90.0 


==================================================
Minimizing input coordinates.
==================================================

~> sander -O -i 3ezw_amber_all.in -p 4amber_3ezw.prmtop -c 4amber_3ezw.rst7 -o 3ezw.min.out            -ref 4amber_3ezw.rst7 -r 4amber_3ezw.min.rst7

checking special positions in 4phenix_3ezw.pdb

==================================================
Done.  Three new files have been made:
      4phenix_3ezw.pdb
      4amber_3ezw.prmtop
      4amber_3ezw.rst7
==================================================

Example

  phenix.refine 4phenix_3ezw.pdb use_amber=True \
    amber.topology_file_name=4amber_3ezw.prmtop \
    amber.coordinate_file_name=4amber_3ezw.rst7 \
    ....(other refinement keywords here).....



Substituting Amber PDB file for downloaded file
run_tests_local.py:220: UserWarning: os.system() is not safe: please use the subprocess module or libtbx.easy_run instead.
  os.system(cmd)

  Amber files
    PDB    : 3ezw.pdb
    MTZ    : 3ezw.mtz
    prmtop : 4amber_3ezw.prmtop
    rst7   : 4amber_3ezw.rst7
  
/net/lewis/raid1/scratch1/nigel/amber/hi_lo/ez/3ezw
return_files 3ezw
/net/chevy/raid1/nigel/amber/hi_lo
4amber_3ezw.pdb
4phenix_3ezw.pdb
cp 4phenix_3ezw.pdb /net/chevy/raid1/nigel/amber/hi_lo/ez/3ezw
3ezw.pdb
cp 3ezw.pdb /net/chevy/raid1/nigel/amber/hi_lo/ez/3ezw
4amber_3ezw.mtz
4phenix_3ezw.mtz
3ezw.mtz
cp 3ezw.mtz /net/chevy/raid1/nigel/amber/hi_lo/ez/3ezw
4amber_3ezw.rst7
cp 4amber_3ezw.rst7 /net/chevy/raid1/nigel/amber/hi_lo/ez/3ezw
4phenix_3ezw.rst7
3ezw.rst7
4amber_3ezw.prmtop
cp 4amber_3ezw.prmtop /net/chevy/raid1/nigel/amber/hi_lo/ez/3ezw
4phenix_3ezw.prmtop
3ezw.prmtop
4amber_3ezw_refine_001.log
4phenix_3ezw_refine_001.log
3ezw_refine_001.log
4amber_3ezw_refine_002.log
4phenix_3ezw_refine_002.log
3ezw_refine_002.log
4amber_3ezw_refine_001.pdb
4phenix_3ezw_refine_001.pdb
3ezw_refine_001.pdb
4amber_3ezw_refine_002.pdb
4phenix_3ezw_refine_002.pdb
3ezw_refine_002.pdb
local_archive /net/chevy/raid1/nigel/amber/hi_lo
archive PDB /net/chevy/raid1/nigel/amber/hi_lo/ez/3ezw/3ezw.pdb
/net/lewis/raid1/scratch1/nigel/amber/hi_lo/ez/3ezw
------------------------------
phenix.refine log filename ? > /net/chevy/raid1/nigel/amber/hi_lo/ez/3ezw/3ezw_refine_001.log
------------------------------
------------------------------
phenix.refine log filename ? > 3ezw_refine_001.log
------------------------------
Running phenix.refine

phenix.refine 3ezw.pdb 3ezw.mtz c_beta_restraints=False discard_psi_phi=False strategy="*individual_sites individual_sites_real_space rigid_body *individual_adp group_adp tls *occupancies group_anomalous" refinement.target_weights.optimize_xyz_weight=True refinement.main.number_of_macro_cycles=10 write_geo=False serial=1 cdl=True

------------------------------
phenix.refine log filename ? > /net/chevy/raid1/nigel/amber/hi_lo/ez/3ezw/3ezw_refine_002.log
------------------------------
------------------------------
phenix.refine log filename ? > 3ezw_refine_002.log
------------------------------
Running phenix.refine

phenix.refine 3ezw.pdb 3ezw.mtz c_beta_restraints=False discard_psi_phi=False strategy="*individual_sites individual_sites_real_space rigid_body *individual_adp group_adp tls *occupancies group_anomalous" topology_file_name=/net/chevy/raid1/nigel/amber/hi_lo/ez/3ezw/4amber_3ezw.prmtop amber.coordinate_file_name=/net/chevy/raid1/nigel/amber/hi_lo/ez/3ezw/4amber_3ezw.rst7 use_amber=True refinement.target_weights.optimize_xyz_weight=True refinement.main.number_of_macro_cycles=10 write_geo=False amber.wxc_factor=0.300000 serial=2

