HOST morse.lbl.gov
only_i 360
only_code None
force_amber_prep True
dry_run False
... 360 3lry
/net/chevy/raid1/nigel/amber/hi_lo
/net/chevy/raid1/nigel/amber/hi_lo/lr/3lry
3lry.pdb 4phenix_3lry.pdb
3lry.pdb 4phenix_3lry.pdb
local_archive None
archive PDB None
Reading from local mirror:
  /net/cci/pdb_mirror/pdb/lr/pdb3lry.ent.gz
Model saved to /net/morse/raid1/scratch1/nigel/amber/hi_lo/lr/3lry/3lry.pdb
Sequence saved to /net/morse/raid1/scratch1/nigel/amber/hi_lo/lr/3lry/3lry.fa
Reading from local mirror:
  /net/cci/pdb_mirror/structure_factors/lr/r3lrysf.ent.gz
Structure factors saved to /net/morse/raid1/scratch1/nigel/amber/hi_lo/lr/3lry/3lry-sf.cif
Reading from local mirror:
  /net/cci/pdb_mirror/mmcif/lr/3lry.cif.gz
Model saved to /net/morse/raid1/scratch1/nigel/amber/hi_lo/lr/3lry/3lry.cif
Can't determine output label for r3lrysf,_refln.crystal_id - skipping.
Warning: bad sigmas, setting sigmas to None.
Can't determine output label for r3lrysf,_refln.scale_group_code - skipping.
Can't determine output label for r3lrysf,_refln.wavelength_id - skipping.
Warning: merging non-unique data
Warning: merging non-unique data
Converted structure factors saved to 3lry.mtz
local_archive None
archive PDB None
Reading from local mirror:
  /net/cci/pdb_mirror/pdb/lr/pdb3lry.ent.gz
Model saved to /net/morse/raid1/scratch1/nigel/amber/hi_lo/lr/3lry/3lry.pdb
Sequence saved to /net/morse/raid1/scratch1/nigel/amber/hi_lo/lr/3lry/3lry.fa
Reading from local mirror:
  /net/cci/pdb_mirror/structure_factors/lr/r3lrysf.ent.gz
Structure factors saved to /net/morse/raid1/scratch1/nigel/amber/hi_lo/lr/3lry/3lry-sf.cif
Reading from local mirror:
  /net/cci/pdb_mirror/mmcif/lr/3lry.cif.gz
Model saved to /net/morse/raid1/scratch1/nigel/amber/hi_lo/lr/3lry/3lry.cif
Can't determine output label for r3lrysf,_refln.crystal_id - skipping.
Warning: bad sigmas, setting sigmas to None.
Can't determine output label for r3lrysf,_refln.scale_group_code - skipping.
Can't determine output label for r3lrysf,_refln.wavelength_id - skipping.
Warning: merging non-unique data
Warning: merging non-unique data
Converted structure factors saved to 3lry.mtz

==================================================
Summary of pdb4amber for: 3lry.pdb
===================================================

----------Chains
The following (original) chains have been found:
A
B

---------- Alternate Locations (Original Residues!))

The following residues had alternate locations:
None

---------- Mising heavy atom(s)

None

==================================================
Summary of pdb4amber for: 3lry_4tleap_uc1.pdb
===================================================

----------Chains
The following (original) chains have been found:
A
B

---------- Alternate Locations (Original Residues!))

The following residues had alternate locations:
None

---------- Mising heavy atom(s)

None
not prmtop_filename /net/morse/scratch1/nigel/amber/hi_lo/lr/3lry/4amber_3lry.prmtop

	Running AmberPrep : 3lry.pdb


==================================================
Running pdb4amber on 3lry.pdb
==================================================

==================================================
Setting up library files for non-standard residues
==================================================

==================================================
Preparing asu files and 4phenix_3lry.pdb
==================================================

~> tleap -f 3lry_asu_tleap_input_run

Checking output filenames
  file : 3lry_asu.prmtop
  file : 3lry_asu.rst7

~> ChBox -c 3lry_asu.rst7 -o 3lry_asu.rst7 -X 82.907 -Y 58.932 -Z 58.732 -al 90.0 -bt 133.45 -gm 90.0 


============================================================
Preparing unit cell files: 4amber_3lry.prmtop and 4amber_3lry.rst7
============================================================

~> UnitCell -p 3lry_4UnitCell.pdb -o 3lry_4tleap_uc1.pdb


~> tleap -f 3lry_uc_tleap_input_run

Checking output filenames
  file : 3lry_uc.prmtop
  file : 3lry_uc.rst7

~> ChBox -c 3lry_uc.rst7 -o 3lry_uc.rst7 -X 82.907 -Y 58.932 -Z 58.732 -al 90.0 -bt 133.45 -gm 90.0 


==================================================
Minimizing input coordinates.
==================================================

~> sander -O -i 3lry_amber_all.in -p 4amber_3lry.prmtop -c 4amber_3lry.rst7 -o 3lry.min.out            -ref 4amber_3lry.rst7 -r 4amber_3lry.min.rst7

checking special positions in 4phenix_3lry.pdb

==================================================
Done.  Three new files have been made:
      4phenix_3lry.pdb
      4amber_3lry.prmtop
      4amber_3lry.rst7
==================================================

Example

  phenix.refine 4phenix_3lry.pdb use_amber=True \
    amber.topology_file_name=4amber_3lry.prmtop \
    amber.coordinate_file_name=4amber_3lry.rst7 \
    ....(other refinement keywords here).....



Substituting Amber PDB file for downloaded file
run_tests_local.py:222: UserWarning: os.system() is not safe: please use the subprocess module or libtbx.easy_run instead.
  os.system(cmd)

  Amber files
    PDB    : 3lry.pdb
    MTZ    : 3lry.mtz
    prmtop : 4amber_3lry.prmtop
    rst7   : 4amber_3lry.rst7
  
/net/morse/raid1/scratch1/nigel/amber/hi_lo/lr/3lry
return_files 3lry
/net/chevy/raid1/nigel/amber/hi_lo
4amber_3lry.pdb
4phenix_3lry.pdb
cp 4phenix_3lry.pdb /net/chevy/raid1/nigel/amber/hi_lo/lr/3lry
3lry.pdb
cp 3lry.pdb /net/chevy/raid1/nigel/amber/hi_lo/lr/3lry
4amber_3lry.mtz
4phenix_3lry.mtz
3lry.mtz
cp 3lry.mtz /net/chevy/raid1/nigel/amber/hi_lo/lr/3lry
4amber_3lry.rst7
cp 4amber_3lry.rst7 /net/chevy/raid1/nigel/amber/hi_lo/lr/3lry
4phenix_3lry.rst7
3lry.rst7
4amber_3lry.prmtop
cp 4amber_3lry.prmtop /net/chevy/raid1/nigel/amber/hi_lo/lr/3lry
4phenix_3lry.prmtop
3lry.prmtop
4amber_3lry_refine_001.log
4phenix_3lry_refine_001.log
3lry_refine_001.log
4amber_3lry_refine_002.log
4phenix_3lry_refine_002.log
3lry_refine_002.log
4amber_3lry_refine_001.pdb
4phenix_3lry_refine_001.pdb
3lry_refine_001.pdb
4amber_3lry_refine_002.pdb
4phenix_3lry_refine_002.pdb
3lry_refine_002.pdb
local_archive /net/chevy/raid1/nigel/amber/hi_lo
archive PDB /net/chevy/raid1/nigel/amber/hi_lo/lr/3lry/3lry.pdb
/net/morse/raid1/scratch1/nigel/amber/hi_lo/lr/3lry
------------------------------
phenix.refine log filename ? > /net/chevy/raid1/nigel/amber/hi_lo/lr/3lry/3lry_refine_001.log
------------------------------

	Already done (on chevy) 3lry_refine_001
------------------------------
phenix.refine log filename ? > /net/chevy/raid1/nigel/amber/hi_lo/lr/3lry/3lry_refine_002.log
------------------------------

	Already done (on chevy) 3lry_refine_002
