HOST morse.lbl.gov
only_i 371
only_code None
force_amber_prep True
dry_run False
... 371 1ar2
/net/chevy/raid1/nigel/amber/hi_lo
/net/chevy/raid1/nigel/amber/hi_lo/ar/1ar2
1ar2.pdb 4phenix_1ar2.pdb
1ar2.pdb 4phenix_1ar2.pdb
local_archive None
archive PDB None
Reading from local mirror:
  /net/cci/pdb_mirror/pdb/ar/pdb1ar2.ent.gz
Model saved to /net/morse/raid1/scratch1/nigel/amber/hi_lo/ar/1ar2/1ar2.pdb
Sequence saved to /net/morse/raid1/scratch1/nigel/amber/hi_lo/ar/1ar2/1ar2.fa
Reading from local mirror:
  /net/cci/pdb_mirror/structure_factors/ar/r1ar2sf.ent.gz
Structure factors saved to /net/morse/raid1/scratch1/nigel/amber/hi_lo/ar/1ar2/1ar2-sf.cif
Reading from local mirror:
  /net/cci/pdb_mirror/mmcif/ar/1ar2.cif.gz
Model saved to /net/morse/raid1/scratch1/nigel/amber/hi_lo/ar/1ar2/1ar2.cif
Can't determine output label for r1ar2sf,_refln.crystal_id - skipping.
Can't determine output label for r1ar2sf,_refln.scale_group_code - skipping.
Can't determine output label for r1ar2sf,_refln.wavelength_id - skipping.
Converted structure factors saved to 1ar2.mtz
local_archive None
archive PDB None
Reading from local mirror:
  /net/cci/pdb_mirror/pdb/ar/pdb1ar2.ent.gz
Model saved to /net/morse/raid1/scratch1/nigel/amber/hi_lo/ar/1ar2/1ar2.pdb
Sequence saved to /net/morse/raid1/scratch1/nigel/amber/hi_lo/ar/1ar2/1ar2.fa
Reading from local mirror:
  /net/cci/pdb_mirror/structure_factors/ar/r1ar2sf.ent.gz
Structure factors saved to /net/morse/raid1/scratch1/nigel/amber/hi_lo/ar/1ar2/1ar2-sf.cif
Reading from local mirror:
  /net/cci/pdb_mirror/mmcif/ar/1ar2.cif.gz
Model saved to /net/morse/raid1/scratch1/nigel/amber/hi_lo/ar/1ar2/1ar2.cif
Can't determine output label for r1ar2sf,_refln.crystal_id - skipping.
Can't determine output label for r1ar2sf,_refln.scale_group_code - skipping.
Can't determine output label for r1ar2sf,_refln.wavelength_id - skipping.
Converted structure factors saved to 1ar2.mtz

==================================================
Summary of pdb4amber for: 1ar2.pdb
===================================================

----------Chains
The following (original) chains have been found:
A

---------- Alternate Locations (Original Residues!))

The following residues had alternate locations:
None

---------- Mising heavy atom(s)

None

==================================================
Summary of pdb4amber for: 1ar2_4tleap_uc1.pdb
===================================================

----------Chains
The following (original) chains have been found:
A

---------- Alternate Locations (Original Residues!))

The following residues had alternate locations:
None

---------- Mising heavy atom(s)

None
not prmtop_filename /net/morse/scratch1/nigel/amber/hi_lo/ar/1ar2/4amber_1ar2.prmtop

	Running AmberPrep : 1ar2.pdb


==================================================
Running pdb4amber on 1ar2.pdb
==================================================

==================================================
Setting up library files for non-standard residues
==================================================

==================================================
Preparing asu files and 4phenix_1ar2.pdb
==================================================

~> tleap -f 1ar2_asu_tleap_input_run

Checking output filenames
  file : 1ar2_asu.prmtop
  file : 1ar2_asu.rst7

~> ChBox -c 1ar2_asu.rst7 -o 1ar2_asu.rst7 -X 52.8 -Y 52.8 -Z 158.2 -al 90.0 -bt 90.0 -gm 120.0 


============================================================
Preparing unit cell files: 4amber_1ar2.prmtop and 4amber_1ar2.rst7
============================================================

~> UnitCell -p 1ar2_4UnitCell.pdb -o 1ar2_4tleap_uc1.pdb


~> tleap -f 1ar2_uc_tleap_input_run

Checking output filenames
  file : 1ar2_uc.prmtop
  file : 1ar2_uc.rst7

~> ChBox -c 1ar2_uc.rst7 -o 1ar2_uc.rst7 -X 52.8 -Y 52.8 -Z 158.2 -al 90.0 -bt 90.0 -gm 120.0 


==================================================
Minimizing input coordinates.
==================================================

~> sander -O -i 1ar2_amber_all.in -p 4amber_1ar2.prmtop -c 4amber_1ar2.rst7 -o 1ar2.min.out            -ref 4amber_1ar2.rst7 -r 4amber_1ar2.min.rst7

checking special positions in 4phenix_1ar2.pdb

==================================================
Done.  Three new files have been made:
      4phenix_1ar2.pdb
      4amber_1ar2.prmtop
      4amber_1ar2.rst7
==================================================

Example

  phenix.refine 4phenix_1ar2.pdb use_amber=True \
    amber.topology_file_name=4amber_1ar2.prmtop \
    amber.coordinate_file_name=4amber_1ar2.rst7 \
    ....(other refinement keywords here).....



Substituting Amber PDB file for downloaded file
run_tests_local.py:222: UserWarning: os.system() is not safe: please use the subprocess module or libtbx.easy_run instead.
  os.system(cmd)

  Amber files
    PDB    : 1ar2.pdb
    MTZ    : 1ar2.mtz
    prmtop : 4amber_1ar2.prmtop
    rst7   : 4amber_1ar2.rst7
  
/net/morse/raid1/scratch1/nigel/amber/hi_lo/ar/1ar2
return_files 1ar2
/net/chevy/raid1/nigel/amber/hi_lo
4amber_1ar2.pdb
4phenix_1ar2.pdb
cp 4phenix_1ar2.pdb /net/chevy/raid1/nigel/amber/hi_lo/ar/1ar2
1ar2.pdb
cp 1ar2.pdb /net/chevy/raid1/nigel/amber/hi_lo/ar/1ar2
4amber_1ar2.mtz
4phenix_1ar2.mtz
1ar2.mtz
cp 1ar2.mtz /net/chevy/raid1/nigel/amber/hi_lo/ar/1ar2
4amber_1ar2.rst7
cp 4amber_1ar2.rst7 /net/chevy/raid1/nigel/amber/hi_lo/ar/1ar2
4phenix_1ar2.rst7
1ar2.rst7
4amber_1ar2.prmtop
cp 4amber_1ar2.prmtop /net/chevy/raid1/nigel/amber/hi_lo/ar/1ar2
4phenix_1ar2.prmtop
1ar2.prmtop
4amber_1ar2_refine_001.log
4phenix_1ar2_refine_001.log
1ar2_refine_001.log
4amber_1ar2_refine_002.log
4phenix_1ar2_refine_002.log
1ar2_refine_002.log
4amber_1ar2_refine_001.pdb
4phenix_1ar2_refine_001.pdb
1ar2_refine_001.pdb
4amber_1ar2_refine_002.pdb
4phenix_1ar2_refine_002.pdb
1ar2_refine_002.pdb
local_archive /net/chevy/raid1/nigel/amber/hi_lo
archive PDB /net/chevy/raid1/nigel/amber/hi_lo/ar/1ar2/1ar2.pdb
/net/morse/raid1/scratch1/nigel/amber/hi_lo/ar/1ar2
------------------------------
phenix.refine log filename ? > /net/chevy/raid1/nigel/amber/hi_lo/ar/1ar2/1ar2_refine_001.log
------------------------------

	Already done (on chevy) 1ar2_refine_001
------------------------------
phenix.refine log filename ? > /net/chevy/raid1/nigel/amber/hi_lo/ar/1ar2/1ar2_refine_002.log
------------------------------

	Already done (on chevy) 1ar2_refine_002
