HOST morse.lbl.gov
only_i 44
only_code None
force_amber_prep True
dry_run False
... 44 2o3h
/net/chevy/raid1/nigel/amber/hi_lo
/net/chevy/raid1/nigel/amber/hi_lo/o3/2o3h
2o3h.pdb 4phenix_2o3h.pdb
2o3h.pdb 4phenix_2o3h.pdb
local_archive None
archive PDB None
Reading from local mirror:
  /net/cci/pdb_mirror/pdb/o3/pdb2o3h.ent.gz
Model saved to /net/morse/raid1/scratch1/nigel/amber/hi_lo/o3/2o3h/2o3h.pdb
Sequence saved to /net/morse/raid1/scratch1/nigel/amber/hi_lo/o3/2o3h/2o3h.fa
Reading from local mirror:
  /net/cci/pdb_mirror/structure_factors/o3/r2o3hsf.ent.gz
Structure factors saved to /net/morse/raid1/scratch1/nigel/amber/hi_lo/o3/2o3h/2o3h-sf.cif
Reading from local mirror:
  /net/cci/pdb_mirror/mmcif/o3/2o3h.cif.gz
Model saved to /net/morse/raid1/scratch1/nigel/amber/hi_lo/o3/2o3h/2o3h.cif
Can't determine output label for r2o3hsf,_refln.crystal_id - skipping.
Can't determine output label for r2o3hsf,_refln.scale_group_code - skipping.
Can't determine output label for r2o3hsf,_refln.wavelength_id - skipping.
Can't determine output label for r2o3hAsf,_refln.crystal_id - skipping.
Can't determine output label for r2o3hAsf,_refln.scale_group_code - skipping.
Can't determine output label for r2o3hAsf,_refln.wavelength_id - skipping.
Converted structure factors saved to 2o3h.mtz
local_archive None
archive PDB None
Reading from local mirror:
  /net/cci/pdb_mirror/pdb/o3/pdb2o3h.ent.gz
Model saved to /net/morse/raid1/scratch1/nigel/amber/hi_lo/o3/2o3h/2o3h.pdb
Sequence saved to /net/morse/raid1/scratch1/nigel/amber/hi_lo/o3/2o3h/2o3h.fa
Reading from local mirror:
  /net/cci/pdb_mirror/structure_factors/o3/r2o3hsf.ent.gz
Structure factors saved to /net/morse/raid1/scratch1/nigel/amber/hi_lo/o3/2o3h/2o3h-sf.cif
Reading from local mirror:
  /net/cci/pdb_mirror/mmcif/o3/2o3h.cif.gz
Model saved to /net/morse/raid1/scratch1/nigel/amber/hi_lo/o3/2o3h/2o3h.cif
Can't determine output label for r2o3hsf,_refln.crystal_id - skipping.
Can't determine output label for r2o3hsf,_refln.scale_group_code - skipping.
Can't determine output label for r2o3hsf,_refln.wavelength_id - skipping.
Can't determine output label for r2o3hAsf,_refln.crystal_id - skipping.
Can't determine output label for r2o3hAsf,_refln.scale_group_code - skipping.
Can't determine output label for r2o3hAsf,_refln.wavelength_id - skipping.
Converted structure factors saved to 2o3h.mtz

==================================================
Summary of pdb4amber for: 2o3h.pdb
===================================================
REDUCE returned non-zero exit status: See reduce_info.log for more details

----------Chains
The following (original) chains have been found:
A

---------- Alternate Locations (Original Residues!))

The following residues had alternate locations:
SM_282

---------- Gaps (Renumbered Residues!)
gap of 6.025976 A between SER 87 and GLU 88

---------- Mising heavy atom(s)

None
The alternate coordinates have been discarded.
Only the first occurrence for each atom was kept.

==================================================
Summary of pdb4amber for: 2o3h_4tleap_uc1.pdb
===================================================

----------Chains
The following (original) chains have been found:
A

---------- Alternate Locations (Original Residues!))

The following residues had alternate locations:
None

---------- Gaps (Renumbered Residues!)
gap of 6.025976 A between SER 87 and GLU 88
gap of 6.025976 A between SER 659 and GLU 660
gap of 6.025252 A between SER 1231 and GLU 1232
gap of 6.025976 A between SER 1803 and GLU 1804

---------- Mising heavy atom(s)

None
not prmtop_filename /net/morse/scratch1/nigel/amber/hi_lo/o3/2o3h/4amber_2o3h.prmtop

	Running AmberPrep : 2o3h.pdb


==================================================
Running pdb4amber on 2o3h.pdb
==================================================

==================================================
Setting up library files for non-standard residues
==================================================

  Residue "ACT" already in amber monomer library. Skipping elbow/antechamber
    run for this residue.
        

==================================================
Preparing asu files and 4phenix_2o3h.pdb
==================================================

~> tleap -f 2o3h_asu_tleap_input_run

Checking output filenames
  file : 2o3h_asu.prmtop
  file : 2o3h_asu.rst7

~> ChBox -c 2o3h_asu.rst7 -o 2o3h_asu.rst7 -X 46.693 -Y 143.604 -Z 45.385 -al 90.0 -bt 90.0 -gm 90.0 


============================================================
Preparing unit cell files: 4amber_2o3h.prmtop and 4amber_2o3h.rst7
============================================================

~> UnitCell -p 2o3h_4UnitCell.pdb -o 2o3h_4tleap_uc1.pdb


~> tleap -f 2o3h_uc_tleap_input_run

Checking output filenames
  file : 2o3h_uc.prmtop
  file : 2o3h_uc.rst7

~> ChBox -c 2o3h_uc.rst7 -o 2o3h_uc.rst7 -X 46.693 -Y 143.604 -Z 45.385 -al 90.0 -bt 90.0 -gm 90.0 


==================================================
Minimizing input coordinates.
==================================================

~> sander -O -i 2o3h_amber_all.in -p 4amber_2o3h.prmtop -c 4amber_2o3h.rst7 -o 2o3h.min.out            -ref 4amber_2o3h.rst7 -r 4amber_2o3h.min.rst7

checking special positions in 4phenix_2o3h.pdb

==================================================
Done.  Three new files have been made:
      4phenix_2o3h.pdb
      4amber_2o3h.prmtop
      4amber_2o3h.rst7
==================================================

Example

  phenix.refine 4phenix_2o3h.pdb use_amber=True \
    amber.topology_file_name=4amber_2o3h.prmtop \
    amber.coordinate_file_name=4amber_2o3h.rst7 \
    ....(other refinement keywords here).....



Substituting Amber PDB file for downloaded file
run_tests_local.py:222: UserWarning: os.system() is not safe: please use the subprocess module or libtbx.easy_run instead.
  os.system(cmd)

  Amber files
    PDB    : 2o3h.pdb
    MTZ    : 2o3h.mtz
    prmtop : 4amber_2o3h.prmtop
    rst7   : 4amber_2o3h.rst7
  
/net/morse/raid1/scratch1/nigel/amber/hi_lo/o3/2o3h
return_files 2o3h
/net/chevy/raid1/nigel/amber/hi_lo
4amber_2o3h.pdb
4phenix_2o3h.pdb
cp 4phenix_2o3h.pdb /net/chevy/raid1/nigel/amber/hi_lo/o3/2o3h
2o3h.pdb
cp 2o3h.pdb /net/chevy/raid1/nigel/amber/hi_lo/o3/2o3h
4amber_2o3h.mtz
4phenix_2o3h.mtz
2o3h.mtz
cp 2o3h.mtz /net/chevy/raid1/nigel/amber/hi_lo/o3/2o3h
4amber_2o3h.rst7
cp 4amber_2o3h.rst7 /net/chevy/raid1/nigel/amber/hi_lo/o3/2o3h
4phenix_2o3h.rst7
2o3h.rst7
4amber_2o3h.prmtop
cp 4amber_2o3h.prmtop /net/chevy/raid1/nigel/amber/hi_lo/o3/2o3h
4phenix_2o3h.prmtop
2o3h.prmtop
4amber_2o3h_refine_001.log
4phenix_2o3h_refine_001.log
2o3h_refine_001.log
4amber_2o3h_refine_002.log
4phenix_2o3h_refine_002.log
2o3h_refine_002.log
4amber_2o3h_refine_001.pdb
4phenix_2o3h_refine_001.pdb
2o3h_refine_001.pdb
4amber_2o3h_refine_002.pdb
4phenix_2o3h_refine_002.pdb
2o3h_refine_002.pdb
local_archive /net/chevy/raid1/nigel/amber/hi_lo
archive PDB /net/chevy/raid1/nigel/amber/hi_lo/o3/2o3h/2o3h.pdb
/net/morse/raid1/scratch1/nigel/amber/hi_lo/o3/2o3h
------------------------------
phenix.refine log filename ? > /net/chevy/raid1/nigel/amber/hi_lo/o3/2o3h/2o3h_refine_001.log
------------------------------

	Already done (on chevy) 2o3h_refine_001
------------------------------
phenix.refine log filename ? > /net/chevy/raid1/nigel/amber/hi_lo/o3/2o3h/2o3h_refine_002.log
------------------------------

	Already done (on chevy) 2o3h_refine_002
