HOST rebus.lbl.gov
only_i 179
only_code None
force_amber_prep True
dry_run False
... 179 1pge
/net/chevy/raid1/nigel/amber/hi_lo
/net/chevy/raid1/nigel/amber/hi_lo/pg/1pge
1pge.pdb 4phenix_1pge.pdb
local_archive None
archive PDB None
Reading from local mirror:
  /net/cci/pdb_mirror/pdb/pg/pdb1pge.ent.gz
Model saved to /net/rebus/raid1/scratch1/nigel/amber/hi_lo/pg/1pge/1pge.pdb
Sequence saved to /net/rebus/raid1/scratch1/nigel/amber/hi_lo/pg/1pge/1pge.fa
Reading from local mirror:
  /net/cci/pdb_mirror/structure_factors/pg/r1pgesf.ent.gz
Structure factors saved to /net/rebus/raid1/scratch1/nigel/amber/hi_lo/pg/1pge/1pge-sf.cif
Reading from local mirror:
  /net/cci/pdb_mirror/mmcif/pg/1pge.cif.gz
Model saved to /net/rebus/raid1/scratch1/nigel/amber/hi_lo/pg/1pge/1pge.cif
Can't determine output label for r1pgesf,_refln.crystal_id - skipping.
Can't determine output label for r1pgesf,_refln.scale_group_code - skipping.
Can't determine output label for r1pgesf,_refln.wavelength_id - skipping.
Converted structure factors saved to 1pge.mtz
local_archive None
archive PDB None
Reading from local mirror:
  /net/cci/pdb_mirror/pdb/pg/pdb1pge.ent.gz
Model saved to /net/rebus/raid1/scratch1/nigel/amber/hi_lo/pg/1pge/1pge.pdb
Sequence saved to /net/rebus/raid1/scratch1/nigel/amber/hi_lo/pg/1pge/1pge.fa
Reading from local mirror:
  /net/cci/pdb_mirror/structure_factors/pg/r1pgesf.ent.gz
Structure factors saved to /net/rebus/raid1/scratch1/nigel/amber/hi_lo/pg/1pge/1pge-sf.cif
Reading from local mirror:
  /net/cci/pdb_mirror/mmcif/pg/1pge.cif.gz
Model saved to /net/rebus/raid1/scratch1/nigel/amber/hi_lo/pg/1pge/1pge.cif
Can't determine output label for r1pgesf,_refln.crystal_id - skipping.
Can't determine output label for r1pgesf,_refln.scale_group_code - skipping.
Can't determine output label for r1pgesf,_refln.wavelength_id - skipping.
Converted structure factors saved to 1pge.mtz
not prmtop_filename /net/rebus/scratch1/nigel/amber/hi_lo/pg/1pge/4amber_1pge.prmtop
not prmtop_filename /net/chevy/raid1/nigel/amber/hi_lo/pg/1pge/4amber_1pge.prmtop

	Running AmberPrep : 1pge.pdb


==================================================
Running pdb4amber on 1pge.pdb
==================================================

==================================================
Setting up library files for non-standard residues
==================================================

==================================================
Running elbow/antechamber for HEM 
==================================================
	Difficulties in the ring structures may lead to problems later

   Residue has metal at the centre of a coordination sphere. Using input
   geometry to generate restraints. Hydrogens may not be added.
   

MoleculeClass :  C:34  N: 4  O: 4 Fe: 1 (CHEMICAL COMPONENTS format)
	73 atoms
	80 bonds
	144 angles
	218 dihedrals
	1 rings (groups, rings, atoms) 8 44
	0 chirals

~> antechamber -i 4antechamber_HEM.pdb -fi pdb -o HEM.mol2 -fo mol2       -nc -2 -m 1 -s 2 -pf y -c bcc -at gaff2 -ek "qm_theory='AM1', grms_tol=0.0005, scfconv=1.d-10, maxcyc=0, ndiis_attempts=700,"

(2) adjust atom valence penalty parameters in APS.DAT, and/or 
