HOST rebus.lbl.gov
only_i 119
only_code None
force_amber_prep True
dry_run False
... 119 2jla
/net/chevy/raid1/nigel/amber/hi_lo
/net/chevy/raid1/nigel/amber/hi_lo/jl/2jla
2jla.pdb 4phenix_2jla.pdb
local_archive None
archive PDB None
Reading from local mirror:
  /net/cci/pdb_mirror/pdb/jl/pdb2jla.ent.gz
Model saved to /net/rebus/raid1/scratch1/nigel/amber/hi_lo/jl/2jla/2jla.pdb
Sequence saved to /net/rebus/raid1/scratch1/nigel/amber/hi_lo/jl/2jla/2jla.fa
Reading from local mirror:
  /net/cci/pdb_mirror/structure_factors/jl/r2jlasf.ent.gz
Structure factors saved to /net/rebus/raid1/scratch1/nigel/amber/hi_lo/jl/2jla/2jla-sf.cif
Reading from local mirror:
  /net/cci/pdb_mirror/mmcif/jl/2jla.cif.gz
Model saved to /net/rebus/raid1/scratch1/nigel/amber/hi_lo/jl/2jla/2jla.cif
Can't determine output label for r2jlasf,_refln.crystal_id - skipping.
Can't determine output label for r2jlasf,_refln.scale_group_code - skipping.
Can't determine output label for r2jlasf,_refln.wavelength_id - skipping.
Converted structure factors saved to 2jla.mtz
local_archive None
archive PDB None
Reading from local mirror:
  /net/cci/pdb_mirror/pdb/jl/pdb2jla.ent.gz
Model saved to /net/rebus/raid1/scratch1/nigel/amber/hi_lo/jl/2jla/2jla.pdb
Sequence saved to /net/rebus/raid1/scratch1/nigel/amber/hi_lo/jl/2jla/2jla.fa
Reading from local mirror:
  /net/cci/pdb_mirror/structure_factors/jl/r2jlasf.ent.gz
Structure factors saved to /net/rebus/raid1/scratch1/nigel/amber/hi_lo/jl/2jla/2jla-sf.cif
Reading from local mirror:
  /net/cci/pdb_mirror/mmcif/jl/2jla.cif.gz
Model saved to /net/rebus/raid1/scratch1/nigel/amber/hi_lo/jl/2jla/2jla.cif
Can't determine output label for r2jlasf,_refln.crystal_id - skipping.
Can't determine output label for r2jlasf,_refln.scale_group_code - skipping.
Can't determine output label for r2jlasf,_refln.wavelength_id - skipping.
Converted structure factors saved to 2jla.mtz
not prmtop_filename /net/rebus/scratch1/nigel/amber/hi_lo/jl/2jla/4amber_2jla.prmtop
not prmtop_filename /net/chevy/raid1/nigel/amber/hi_lo/jl/2jla/4amber_2jla.prmtop

	Running AmberPrep : 2jla.pdb


==================================================
Running pdb4amber on 2jla.pdb
==================================================

==================================================
Setting up library files for non-standard residues
==================================================

==================================================
Running elbow/antechamber for MSE 
==================================================
--------------------------------------------------------------------------------
['/tmp/6368462.119.all.q/tmpdNA0cC', '/tmp/6368462.119.all.q/tmpRumGlP']
/tmp/6368462.119.all.q/tmpdNA0cC
  Monomer Library directory:
    "/net/cci-filer2/raid1/xp/phenix/phenix-svn/modules/chem_data/mon_lib"
  Total number of atoms: 19
  Number of models: 1
  Model: ""
    Number of chains: 1
    Chain: "A"
      Number of atoms: 19
      Number of conformers: 1
      Conformer: ""
        Number of residues, atoms: 1, 17
          Duplicate atoms: {'MSE,HB2': 1, 'MSE,HG2': 1}
          Classifications: {'peptide': 1}
  Number of atoms with unknown nonbonded energy type symbols: 2
    "HETATM   13  HB3 MSE A   1 .*.A    H  "
    "HETATM   15  HG3 MSE A   1 .*.A    H  "
  Time building chain proxies: 0.01, per 1000 atoms: 0.53

--------------------------------------------------------------------------------

MoleculeClass :  C: 5  N: 1  O: 2 Se: 1 (CHEMICAL COMPONENTS format)
	19 atoms
	18 bonds
	31 angles
	36 dihedrals
	0 rings (groups, rings, atoms) 0 0
	1 chirals : S 

~> antechamber -i 4antechamber_MSE.pdb -fi pdb -o MSE.mol2 -fo mol2       -nc -1 -m 1 -s 2 -pf y -c bcc -at gaff2 -ek "qm_theory='AM1', grms_tol=0.0005, scfconv=1.d-10, maxcyc=0, ndiis_attempts=700,"


~> parmchk2 -s 2 -i MSE.mol2 -f mol2 -o MSE.frcmod


==================================================
Running elbow/antechamber for TPP 
==================================================

MoleculeClass :  C:12  N: 4  O: 7  P: 2  S: 1 (CHEMICAL COMPONENTS format)
	42 atoms
	43 bonds
	74 angles
	87 dihedrals
	2 rings (groups, rings, atoms) 2 11
	0 chirals

~> antechamber -i 4antechamber_TPP.pdb -fi pdb -o TPP.mol2 -fo mol2       -nc -2 -m 1 -s 2 -pf y -c bcc -at gaff2 -ek "qm_theory='AM1', grms_tol=0.0005, scfconv=1.d-10, maxcyc=0, ndiis_attempts=700,"


~> parmchk2 -s 2 -i TPP.mol2 -f mol2 -o TPP.frcmod


==================================================
Preparing asu files and 4phenix_2jla.pdb
==================================================

~> tleap -f 2jla_asu_tleap_input_run

Checking output filenames
  file : 2jla_asu.prmtop
