HOST rebus.lbl.gov
only_i 125
only_code None
force_amber_prep True
dry_run False
... 125 1h0y
/net/chevy/raid1/nigel/amber/hi_lo
/net/chevy/raid1/nigel/amber/hi_lo/h0/1h0y
1h0y.pdb 4phenix_1h0y.pdb
1h0y.pdb 4phenix_1h0y.pdb
local_archive None
archive PDB None
Reading from local mirror:
  /net/cci/pdb_mirror/pdb/h0/pdb1h0y.ent.gz
Model saved to /net/rebus/raid1/scratch1/nigel/amber/hi_lo/h0/1h0y/1h0y.pdb
Sequence saved to /net/rebus/raid1/scratch1/nigel/amber/hi_lo/h0/1h0y/1h0y.fa
Reading from local mirror:
  /net/cci/pdb_mirror/structure_factors/h0/r1h0ysf.ent.gz
Structure factors saved to /net/rebus/raid1/scratch1/nigel/amber/hi_lo/h0/1h0y/1h0y-sf.cif
Reading from local mirror:
  /net/cci/pdb_mirror/mmcif/h0/1h0y.cif.gz
Model saved to /net/rebus/raid1/scratch1/nigel/amber/hi_lo/h0/1h0y/1h0y.cif
Can't determine output label for r1h0ysf,_refln.crystal_id - skipping.
Can't determine output label for r1h0ysf,_refln.scale_group_code - skipping.
Can't determine output label for r1h0ysf,_refln.wavelength_id - skipping.
Converted structure factors saved to 1h0y.mtz
local_archive None
archive PDB None
Reading from local mirror:
  /net/cci/pdb_mirror/pdb/h0/pdb1h0y.ent.gz
Model saved to /net/rebus/raid1/scratch1/nigel/amber/hi_lo/h0/1h0y/1h0y.pdb
Sequence saved to /net/rebus/raid1/scratch1/nigel/amber/hi_lo/h0/1h0y/1h0y.fa
Reading from local mirror:
  /net/cci/pdb_mirror/structure_factors/h0/r1h0ysf.ent.gz
Structure factors saved to /net/rebus/raid1/scratch1/nigel/amber/hi_lo/h0/1h0y/1h0y-sf.cif
Reading from local mirror:
  /net/cci/pdb_mirror/mmcif/h0/1h0y.cif.gz
Model saved to /net/rebus/raid1/scratch1/nigel/amber/hi_lo/h0/1h0y/1h0y.cif
Can't determine output label for r1h0ysf,_refln.crystal_id - skipping.
Can't determine output label for r1h0ysf,_refln.scale_group_code - skipping.
Can't determine output label for r1h0ysf,_refln.wavelength_id - skipping.
Converted structure factors saved to 1h0y.mtz
not prmtop_filename /net/rebus/scratch1/nigel/amber/hi_lo/h0/1h0y/4amber_1h0y.prmtop

	Running AmberPrep : 1h0y.pdb


==================================================
Running pdb4amber on 1h0y.pdb
==================================================

==================================================
Setting up library files for non-standard residues
==================================================

  Residue "SO4" already in amber monomer library. Skipping elbow/antechamber
    run for this residue.
        

==================================================
Preparing asu files and 4phenix_1h0y.pdb
==================================================

~> tleap -f 1h0y_asu_tleap_input_run

Checking output filenames
  file : 1h0y_asu.prmtop
  file : 1h0y_asu.rst7

~> ChBox -c 1h0y_asu.rst7 -o 1h0y_asu.rst7 -X 84.68 -Y 84.68 -Z 87.14 -al 90.0 -bt 90.0 -gm 90.0 


============================================================
Preparing unit cell files: 4amber_1h0y.prmtop and 4amber_1h0y.rst7
============================================================

~> UnitCell -p 1h0y_4UnitCell.pdb -o 1h0y_4tleap_uc1.pdb


~> tleap -f 1h0y_uc_tleap_input_run

Checking output filenames
  file : 1h0y_uc.prmtop
  file : 1h0y_uc.rst7

~> ChBox -c 1h0y_uc.rst7 -o 1h0y_uc.rst7 -X 84.68 -Y 84.68 -Z 87.14 -al 90.0 -bt 90.0 -gm 90.0 


==================================================
Minimizing input coordinates.
==================================================

~> sander -O -i 1h0y_amber_all.in -p 4amber_1h0y.prmtop -c 4amber_1h0y.rst7 -o 1h0y.min.out            -ref 4amber_1h0y.rst7 -r 4amber_1h0y.min.rst7

checking special positions in 4phenix_1h0y.pdb

==================================================
Done.  Three new files have been made:
      4phenix_1h0y.pdb
      4amber_1h0y.prmtop
      4amber_1h0y.rst7
==================================================

Example

  phenix.refine 4phenix_1h0y.pdb use_amber=True \
    amber.topology_file_name=4amber_1h0y.prmtop \
    amber.coordinate_file_name=4amber_1h0y.rst7 \
    ....(other refinement keywords here).....



Substituting Amber PDB file for downloaded file

  Amber files
    PDB    : 1h0y.pdb
    MTZ    : 1h0y.mtz
    prmtop : 4amber_1h0y.prmtop
    rst7   : 4amber_1h0y.rst7
  
/net/rebus/raid1/scratch1/nigel/amber/hi_lo/h0/1h0y
return_files 1h0y
/net/chevy/raid1/nigel/amber/hi_lo
4amber_1h0y.pdb
4phenix_1h0y.pdb
cp 4phenix_1h0y.pdb /net/chevy/raid1/nigel/amber/hi_lo/h0/1h0y
1h0y.pdb
cp 1h0y.pdb /net/chevy/raid1/nigel/amber/hi_lo/h0/1h0y
4amber_1h0y.mtz
4phenix_1h0y.mtz
1h0y.mtz
cp 1h0y.mtz /net/chevy/raid1/nigel/amber/hi_lo/h0/1h0y
4amber_1h0y.rst7
cp 4amber_1h0y.rst7 /net/chevy/raid1/nigel/amber/hi_lo/h0/1h0y
4phenix_1h0y.rst7
1h0y.rst7
4amber_1h0y.prmtop
cp 4amber_1h0y.prmtop /net/chevy/raid1/nigel/amber/hi_lo/h0/1h0y
4phenix_1h0y.prmtop
1h0y.prmtop
4amber_1h0y_refine_001.log
4phenix_1h0y_refine_001.log
1h0y_refine_001.log
4amber_1h0y_refine_002.log
4phenix_1h0y_refine_002.log
1h0y_refine_002.log
4amber_1h0y_refine_001.pdb
4phenix_1h0y_refine_001.pdb
1h0y_refine_001.pdb
4amber_1h0y_refine_002.pdb
4phenix_1h0y_refine_002.pdb
1h0y_refine_002.pdb
local_archive /net/chevy/raid1/nigel/amber/hi_lo
archive PDB /net/chevy/raid1/nigel/amber/hi_lo/h0/1h0y/1h0y.pdb
/net/rebus/raid1/scratch1/nigel/amber/hi_lo/h0/1h0y
------------------------------
phenix.refine log filename ? > /net/chevy/raid1/nigel/amber/hi_lo/h0/1h0y/1h0y_refine_001.log
------------------------------

	Already done (on chevy) 1h0y_refine_001
------------------------------
phenix.refine log filename ? > /net/chevy/raid1/nigel/amber/hi_lo/h0/1h0y/1h0y_refine_002.log
------------------------------

	Already done (on chevy) 1h0y_refine_002
