HOST morse.lbl.gov
only_i 118
only_code None
force_amber_prep True
dry_run False
... 118 1n8f
/net/chevy/raid1/nigel/amber/hi_lo
/net/chevy/raid1/nigel/amber/hi_lo/n8/1n8f
1n8f.pdb 4phenix_1n8f.pdb
1n8f.pdb 4phenix_1n8f.pdb
local_archive None
archive PDB None
Reading from local mirror:
  /net/cci/pdb_mirror/pdb/n8/pdb1n8f.ent.gz
Model saved to /net/morse/raid1/scratch1/nigel/amber/hi_lo/n8/1n8f/1n8f.pdb
Sequence saved to /net/morse/raid1/scratch1/nigel/amber/hi_lo/n8/1n8f/1n8f.fa
Reading from local mirror:
  /net/cci/pdb_mirror/structure_factors/n8/r1n8fsf.ent.gz
Structure factors saved to /net/morse/raid1/scratch1/nigel/amber/hi_lo/n8/1n8f/1n8f-sf.cif
Reading from local mirror:
  /net/cci/pdb_mirror/mmcif/n8/1n8f.cif.gz
Model saved to /net/morse/raid1/scratch1/nigel/amber/hi_lo/n8/1n8f/1n8f.cif
Can't determine output label for r1n8fsf,_refln.crystal_id - skipping.
Can't determine output label for r1n8fsf,_refln.scale_group_code - skipping.
Can't determine output label for r1n8fsf,_refln.wavelength_id - skipping.
Converted structure factors saved to 1n8f.mtz
local_archive None
archive PDB None
Reading from local mirror:
  /net/cci/pdb_mirror/pdb/n8/pdb1n8f.ent.gz
Model saved to /net/morse/raid1/scratch1/nigel/amber/hi_lo/n8/1n8f/1n8f.pdb
Sequence saved to /net/morse/raid1/scratch1/nigel/amber/hi_lo/n8/1n8f/1n8f.fa
Reading from local mirror:
  /net/cci/pdb_mirror/structure_factors/n8/r1n8fsf.ent.gz
Structure factors saved to /net/morse/raid1/scratch1/nigel/amber/hi_lo/n8/1n8f/1n8f-sf.cif
Reading from local mirror:
  /net/cci/pdb_mirror/mmcif/n8/1n8f.cif.gz
Model saved to /net/morse/raid1/scratch1/nigel/amber/hi_lo/n8/1n8f/1n8f.cif
Can't determine output label for r1n8fsf,_refln.crystal_id - skipping.
Can't determine output label for r1n8fsf,_refln.scale_group_code - skipping.
Can't determine output label for r1n8fsf,_refln.wavelength_id - skipping.
Converted structure factors saved to 1n8f.mtz

==================================================
Summary of pdb4amber for: 1n8f.pdb
===================================================
REDUCE returned non-zero exit status: See reduce_info.log for more details

----------Chains
The following (original) chains have been found:
A
B
C
D

---------- Alternate Locations (Original Residues!))

The following residues had alternate locations:
GLU_8
GLU_23
GLN_267
GLU_348
GLU_417
SER_472
ASP_1107

---------- Mising heavy atom(s)

None
The alternate coordinates have been discarded.
Only the first occurrence for each atom was kept.

==================================================
Summary of pdb4amber for: 1n8f_4tleap_uc1.pdb
===================================================

----------Chains
The following (original) chains have been found:
A
B
C
D

---------- Alternate Locations (Original Residues!))

The following residues had alternate locations:
None

---------- Mising heavy atom(s)

None
not prmtop_filename /net/morse/scratch1/nigel/amber/hi_lo/n8/1n8f/4amber_1n8f.prmtop

	Running AmberPrep : 1n8f.pdb


==================================================
Running pdb4amber on 1n8f.pdb
==================================================

==================================================
Setting up library files for non-standard residues
==================================================

  Residue "PEP" already in amber monomer library. Skipping elbow/antechamber
    run for this residue.
        

  Residue "SO4" already in amber monomer library. Skipping elbow/antechamber
    run for this residue.
        

==================================================
Preparing asu files and 4phenix_1n8f.pdb
==================================================

~> tleap -f 1n8f_asu_tleap_input_run

Checking output filenames
  file : 1n8f_asu.prmtop
  file : 1n8f_asu.rst7

~> ChBox -c 1n8f_asu.rst7 -o 1n8f_asu.rst7 -X 213.224 -Y 53.277 -Z 150.245 -al 90.0 -bt 116.9 -gm 90.0 


============================================================
Preparing unit cell files: 4amber_1n8f.prmtop and 4amber_1n8f.rst7
============================================================

~> UnitCell -p 1n8f_4UnitCell.pdb -o 1n8f_4tleap_uc1.pdb


~> tleap -f 1n8f_uc_tleap_input_run

Checking output filenames
  file : 1n8f_uc.prmtop
  file : 1n8f_uc.rst7

~> ChBox -c 1n8f_uc.rst7 -o 1n8f_uc.rst7 -X 213.224 -Y 53.277 -Z 150.245 -al 90.0 -bt 116.9 -gm 90.0 


==================================================
Minimizing input coordinates.
==================================================

~> sander -O -i 1n8f_amber_all.in -p 4amber_1n8f.prmtop -c 4amber_1n8f.rst7 -o 1n8f.min.out            -ref 4amber_1n8f.rst7 -r 4amber_1n8f.min.rst7

checking special positions in 4phenix_1n8f.pdb

==================================================
Done.  Three new files have been made:
      4phenix_1n8f.pdb
      4amber_1n8f.prmtop
      4amber_1n8f.rst7
==================================================

Example

  phenix.refine 4phenix_1n8f.pdb use_amber=True \
    amber.topology_file_name=4amber_1n8f.prmtop \
    amber.coordinate_file_name=4amber_1n8f.rst7 \
    ....(other refinement keywords here).....



Substituting Amber PDB file for downloaded file
run_tests_local.py:222: UserWarning: os.system() is not safe: please use the subprocess module or libtbx.easy_run instead.
  os.system(cmd)

  Amber files
    PDB    : 1n8f.pdb
    MTZ    : 1n8f.mtz
    prmtop : 4amber_1n8f.prmtop
    rst7   : 4amber_1n8f.rst7
  
/net/morse/raid1/scratch1/nigel/amber/hi_lo/n8/1n8f
return_files 1n8f
/net/chevy/raid1/nigel/amber/hi_lo
4amber_1n8f.pdb
4phenix_1n8f.pdb
cp 4phenix_1n8f.pdb /net/chevy/raid1/nigel/amber/hi_lo/n8/1n8f
1n8f.pdb
cp 1n8f.pdb /net/chevy/raid1/nigel/amber/hi_lo/n8/1n8f
4amber_1n8f.mtz
4phenix_1n8f.mtz
1n8f.mtz
cp 1n8f.mtz /net/chevy/raid1/nigel/amber/hi_lo/n8/1n8f
4amber_1n8f.rst7
cp 4amber_1n8f.rst7 /net/chevy/raid1/nigel/amber/hi_lo/n8/1n8f
4phenix_1n8f.rst7
1n8f.rst7
4amber_1n8f.prmtop
cp 4amber_1n8f.prmtop /net/chevy/raid1/nigel/amber/hi_lo/n8/1n8f
4phenix_1n8f.prmtop
1n8f.prmtop
4amber_1n8f_refine_001.log
4phenix_1n8f_refine_001.log
1n8f_refine_001.log
4amber_1n8f_refine_002.log
4phenix_1n8f_refine_002.log
1n8f_refine_002.log
4amber_1n8f_refine_001.pdb
4phenix_1n8f_refine_001.pdb
1n8f_refine_001.pdb
4amber_1n8f_refine_002.pdb
4phenix_1n8f_refine_002.pdb
1n8f_refine_002.pdb
local_archive /net/chevy/raid1/nigel/amber/hi_lo
archive PDB /net/chevy/raid1/nigel/amber/hi_lo/n8/1n8f/1n8f.pdb
/net/morse/raid1/scratch1/nigel/amber/hi_lo/n8/1n8f
------------------------------
phenix.refine log filename ? > /net/chevy/raid1/nigel/amber/hi_lo/n8/1n8f/1n8f_refine_001.log
------------------------------

	Already done (on chevy) 1n8f_refine_001
------------------------------
phenix.refine log filename ? > /net/chevy/raid1/nigel/amber/hi_lo/n8/1n8f/1n8f_refine_002.log
------------------------------

	Already done (on chevy) 1n8f_refine_002
