HOST morse.lbl.gov
only_i 219
only_code None
force_amber_prep True
dry_run False
... 219 1rgq
/net/chevy/raid1/nigel/amber/hi_lo
/net/chevy/raid1/nigel/amber/hi_lo/rg/1rgq
1rgq.pdb 4phenix_1rgq.pdb
1rgq.pdb 4phenix_1rgq.pdb
local_archive None
archive PDB None
Reading from local mirror:
  /net/cci/pdb_mirror/pdb/rg/pdb1rgq.ent.gz
Model saved to /net/morse/raid1/scratch1/nigel/amber/hi_lo/rg/1rgq/1rgq.pdb
Sequence saved to /net/morse/raid1/scratch1/nigel/amber/hi_lo/rg/1rgq/1rgq.fa
Reading from local mirror:
  /net/cci/pdb_mirror/structure_factors/rg/r1rgqsf.ent.gz
Structure factors saved to /net/morse/raid1/scratch1/nigel/amber/hi_lo/rg/1rgq/1rgq-sf.cif
Reading from local mirror:
  /net/cci/pdb_mirror/mmcif/rg/1rgq.cif.gz
Model saved to /net/morse/raid1/scratch1/nigel/amber/hi_lo/rg/1rgq/1rgq.cif
Can't determine output label for r1rgqsf,_refln.crystal_id - skipping.
Can't determine output label for r1rgqsf,_refln.scale_group_code - skipping.
Can't determine output label for r1rgqsf,_refln.wavelength_id - skipping.
Converted structure factors saved to 1rgq.mtz

==================================================
Summary of pdb4amber for: 1rgq.pdb
===================================================

----------Chains
The following (original) chains have been found:
A
B
C
D

---------- Alternate Locations (Original Residues!))

The following residues had alternate locations:
None

---------- Mising heavy atom(s)

SER_296 misses 1 heavy atom(s)

==================================================
Summary of pdb4amber for: 1rgq_4tleap_uc1.pdb
===================================================

----------Chains
The following (original) chains have been found:
A
B
C
D

---------- Alternate Locations (Original Residues!))

The following residues had alternate locations:
None

---------- Mising heavy atom(s)

None

	Running AmberPrep : 1rgq.pdb


==================================================
Running pdb4amber on 1rgq.pdb
==================================================

==================================================
Setting up library files for non-standard residues
==================================================
AKP.mol2 is present. Skipping elbow/antechamber run for this residue.


==================================================
Preparing asu files and 4phenix_1rgq.pdb
==================================================

~> tleap -f 1rgq_asu_tleap_input_run

Checking output filenames
  file : 1rgq_asu.prmtop
  file : 1rgq_asu.rst7

~> ChBox -c 1rgq_asu.rst7 -o 1rgq_asu.rst7 -X 226.385 -Y 226.385 -Z 76.864 -al 90.0 -bt 90.0 -gm 120.0 


============================================================
Preparing unit cell files: 4amber_1rgq.prmtop and 4amber_1rgq.rst7
============================================================

~> UnitCell -p 1rgq_4UnitCell.pdb -o 1rgq_4tleap_uc1.pdb


~> tleap -f 1rgq_uc_tleap_input_run

Checking output filenames
  file : 1rgq_uc.prmtop
  file : 1rgq_uc.rst7

~> ChBox -c 1rgq_uc.rst7 -o 1rgq_uc.rst7 -X 226.385 -Y 226.385 -Z 76.864 -al 90.0 -bt 90.0 -gm 120.0 


==================================================
Minimizing input coordinates.
==================================================

~> sander -O -i 1rgq_amber_all.in -p 4amber_1rgq.prmtop -c 4amber_1rgq.rst7 -o 1rgq.min.out            -ref 4amber_1rgq.rst7 -r 4amber_1rgq.min.rst7

checking special positions in 4phenix_1rgq.pdb

==================================================
Done.  Three new files have been made:
      4phenix_1rgq.pdb
      4amber_1rgq.prmtop
      4amber_1rgq.rst7
==================================================

Example

  phenix.refine 4phenix_1rgq.pdb use_amber=True \
    amber.topology_file_name=4amber_1rgq.prmtop \
    amber.coordinate_file_name=4amber_1rgq.rst7 \
    ....(other refinement keywords here).....



Substituting Amber PDB file for downloaded file
run_tests_local.py:222: UserWarning: os.system() is not safe: please use the subprocess module or libtbx.easy_run instead.
  os.system(cmd)

  Amber files
    PDB    : 1rgq.pdb
    MTZ    : 1rgq.mtz
    prmtop : 4amber_1rgq.prmtop
    rst7   : 4amber_1rgq.rst7
  
/net/morse/raid1/scratch1/nigel/amber/hi_lo/rg/1rgq
return_files 1rgq
/net/chevy/raid1/nigel/amber/hi_lo
4amber_1rgq.pdb
4phenix_1rgq.pdb
cp 4phenix_1rgq.pdb /net/chevy/raid1/nigel/amber/hi_lo/rg/1rgq
1rgq.pdb
cp 1rgq.pdb /net/chevy/raid1/nigel/amber/hi_lo/rg/1rgq
4amber_1rgq.mtz
4phenix_1rgq.mtz
1rgq.mtz
cp 1rgq.mtz /net/chevy/raid1/nigel/amber/hi_lo/rg/1rgq
4amber_1rgq.rst7
cp 4amber_1rgq.rst7 /net/chevy/raid1/nigel/amber/hi_lo/rg/1rgq
4phenix_1rgq.rst7
1rgq.rst7
4amber_1rgq.prmtop
cp 4amber_1rgq.prmtop /net/chevy/raid1/nigel/amber/hi_lo/rg/1rgq
4phenix_1rgq.prmtop
1rgq.prmtop
4amber_1rgq_refine_001.log
4phenix_1rgq_refine_001.log
1rgq_refine_001.log
4amber_1rgq_refine_002.log
4phenix_1rgq_refine_002.log
1rgq_refine_002.log
4amber_1rgq_refine_001.pdb
4phenix_1rgq_refine_001.pdb
1rgq_refine_001.pdb
4amber_1rgq_refine_002.pdb
4phenix_1rgq_refine_002.pdb
1rgq_refine_002.pdb
local_archive /net/chevy/raid1/nigel/amber/hi_lo
archive PDB /net/chevy/raid1/nigel/amber/hi_lo/rg/1rgq/1rgq.pdb
/net/morse/raid1/scratch1/nigel/amber/hi_lo/rg/1rgq
------------------------------
phenix.refine log filename ? > /net/chevy/raid1/nigel/amber/hi_lo/rg/1rgq/1rgq_refine_001.log
------------------------------

	Already done (on chevy) 1rgq_refine_001
------------------------------
phenix.refine log filename ? > /net/chevy/raid1/nigel/amber/hi_lo/rg/1rgq/1rgq_refine_002.log
------------------------------

	Already done (on chevy) 1rgq_refine_002
