HOST lewis.lbl.gov
only_i 362
only_code None
force_amber_prep True
dry_run False
... 362 3p97
/net/chevy/raid1/nigel/amber/hi_lo
/net/chevy/raid1/nigel/amber/hi_lo/p9/3p97
3p97.pdb 4phenix_3p97.pdb
3p97.pdb 4phenix_3p97.pdb
local_archive None
archive PDB None
Reading from local mirror:
  /net/cci/pdb_mirror/pdb/p9/pdb3p97.ent.gz
Model saved to /net/lewis/raid1/scratch1/nigel/amber/hi_lo/p9/3p97/3p97.pdb
Traceback (most recent call last):
  File "/net/cci-filer2/raid1/xp/phenix/phenix-svn/build/../modules/cctbx_project/mmtbx/command_line/fetch_pdb.py", line 199, in <module>
    run2(sys.argv[1:])
  File "/net/cci-filer2/raid1/xp/phenix/phenix-svn/build/../modules/cctbx_project/mmtbx/command_line/fetch_pdb.py", line 155, in run2
    files.append(get_pdb(id, data_type_, mirror, log, format=data_format))
  File "/net/cci-filer2/raid1/xp/phenix/phenix-svn/modules/cctbx_project/iotbx/pdb/fetch.py", line 213, in get_pdb
    data = fetch(id, data_type, mirror=mirror, format=format, log=log)
  File "/net/cci-filer2/raid1/xp/phenix/phenix-svn/modules/cctbx_project/iotbx/pdb/fetch.py", line 150, in fetch
    data = libtbx.utils.urlopen(url)
  File "/net/cci-filer2/raid1/xp/phenix/phenix-svn/modules/cctbx_project/libtbx/utils.py", line 2069, in urlopen
    return urllib2.urlopen(*args, **kwds)
  File "/net/cci-filer2/raid1/xp/phenix/phenix-svn/base/lib/python2.7/urllib2.py", line 127, in urlopen
    return _opener.open(url, data, timeout)
  File "/net/cci-filer2/raid1/xp/phenix/phenix-svn/base/lib/python2.7/urllib2.py", line 404, in open
    response = self._open(req, data)
  File "/net/cci-filer2/raid1/xp/phenix/phenix-svn/base/lib/python2.7/urllib2.py", line 422, in _open
    '_open', req)
  File "/net/cci-filer2/raid1/xp/phenix/phenix-svn/base/lib/python2.7/urllib2.py", line 382, in _call_chain
    result = func(*args)
  File "/net/cci-filer2/raid1/xp/phenix/phenix-svn/base/lib/python2.7/urllib2.py", line 1214, in http_open
    return self.do_open(httplib.HTTPConnection, req)
  File "/net/cci-filer2/raid1/xp/phenix/phenix-svn/base/lib/python2.7/urllib2.py", line 1184, in do_open
    raise URLError(err)
urllib2.URLError: <urlopen error [Errno 110] Connection timed out>
local_archive None
archive PDB None
Reading from local mirror:
  /net/cci/pdb_mirror/pdb/p9/pdb3p97.ent.gz
Model saved to /net/lewis/raid1/scratch1/nigel/amber/hi_lo/p9/3p97/3p97.pdb
Traceback (most recent call last):
  File "/net/cci-filer2/raid1/xp/phenix/phenix-svn/build/../modules/cctbx_project/mmtbx/command_line/fetch_pdb.py", line 199, in <module>
    run2(sys.argv[1:])
  File "/net/cci-filer2/raid1/xp/phenix/phenix-svn/build/../modules/cctbx_project/mmtbx/command_line/fetch_pdb.py", line 155, in run2
    files.append(get_pdb(id, data_type_, mirror, log, format=data_format))
  File "/net/cci-filer2/raid1/xp/phenix/phenix-svn/modules/cctbx_project/iotbx/pdb/fetch.py", line 213, in get_pdb
    data = fetch(id, data_type, mirror=mirror, format=format, log=log)
  File "/net/cci-filer2/raid1/xp/phenix/phenix-svn/modules/cctbx_project/iotbx/pdb/fetch.py", line 150, in fetch
    data = libtbx.utils.urlopen(url)
  File "/net/cci-filer2/raid1/xp/phenix/phenix-svn/modules/cctbx_project/libtbx/utils.py", line 2069, in urlopen
    return urllib2.urlopen(*args, **kwds)
  File "/net/cci-filer2/raid1/xp/phenix/phenix-svn/base/lib/python2.7/urllib2.py", line 127, in urlopen
    return _opener.open(url, data, timeout)
  File "/net/cci-filer2/raid1/xp/phenix/phenix-svn/base/lib/python2.7/urllib2.py", line 404, in open
    response = self._open(req, data)
  File "/net/cci-filer2/raid1/xp/phenix/phenix-svn/base/lib/python2.7/urllib2.py", line 422, in _open
    '_open', req)
  File "/net/cci-filer2/raid1/xp/phenix/phenix-svn/base/lib/python2.7/urllib2.py", line 382, in _call_chain
    result = func(*args)
  File "/net/cci-filer2/raid1/xp/phenix/phenix-svn/base/lib/python2.7/urllib2.py", line 1214, in http_open
    return self.do_open(httplib.HTTPConnection, req)
  File "/net/cci-filer2/raid1/xp/phenix/phenix-svn/base/lib/python2.7/urllib2.py", line 1184, in do_open
    raise URLError(err)
urllib2.URLError: <urlopen error [Errno 110] Connection timed out>

==================================================
Summary of pdb4amber for: 3p97.pdb
===================================================

----------Chains
The following (original) chains have been found:
A
C

---------- Alternate Locations (Original Residues!))

The following residues had alternate locations:
ARG_95
GLU_361
ARG_445
MET_453

---------- Mising heavy atom(s)

None
The alternate coordinates have been discarded.
Only the first occurrence for each atom was kept.
not prmtop_filename /net/lewis/scratch1/nigel/amber/hi_lo/p9/3p97/4amber_3p97.prmtop

	Running AmberPrep : 3p97.pdb


==================================================
Running pdb4amber on 3p97.pdb
==================================================

==================================================
Setting up library files for non-standard residues
==================================================

==================================================
Running elbow/antechamber for SAM 
==================================================

  group index 2
change? False

ChiralClass
	Atom  X01(50) xyz:(-3.559,  0.447, -0.112)     
	Atom  SD ( 8) xyz:(-2.182,  0.162,  1.318)    S
	Atom  C5'(10) xyz:(-0.842, -0.045,  0.248)     
	Atom  CE ( 9) xyz:(-1.836,  1.413,  2.457)     
	Atom  CG ( 7) xyz:(-2.509, -1.329,  2.152)     

	not correct chiralisation

==================================================
Summary of pdb4amber for: 3p97_4tleap_uc1.pdb
===================================================

----------Chains
The following (original) chains have been found:
A
C

---------- Alternate Locations (Original Residues!))

The following residues had alternate locations:
None

---------- Mising heavy atom(s)

None

MoleculeClass :  C:15  N: 6  O: 5  S: 1 (CHEMICAL COMPONENTS format)
	49 atoms
	51 bonds
	90 angles
	134 dihedrals
	2 rings (groups, rings, atoms) 3 16
	6 chirals : S S S S R R 

~> antechamber -i 4antechamber_SAM.pdb -fi pdb -o SAM.mol2 -fo mol2       -nc 0 -m 1 -s 2 -pf y -c bcc -at gaff2 -ek "qm_theory='AM1',grms_tol=0.0005,scfconv=1.d-10,maxcyc=0,ndiis_attempts=700,"


~> parmchk2 -s 2 -i SAM.mol2 -f mol2 -o SAM.frcmod


==================================================
Preparing asu files and 4phenix_3p97.pdb
==================================================

~> tleap -f 3p97_asu_tleap_input_run

Checking output filenames
  file : 3p97_asu.prmtop
  file : 3p97_asu.rst7

~> ChBox -c 3p97_asu.rst7 -o 3p97_asu.rst7 -X 51.818 -Y 61.097 -Z 186.035 -al 90.0 -bt 90.0 -gm 90.0 


============================================================
Preparing unit cell files: 4amber_3p97.prmtop and 4amber_3p97.rst7
============================================================

~> UnitCell -p 3p97_4UnitCell.pdb -o 3p97_4tleap_uc1.pdb


~> tleap -f 3p97_uc_tleap_input_run

Checking output filenames
  file : 3p97_uc.prmtop
  file : 3p97_uc.rst7

~> ChBox -c 3p97_uc.rst7 -o 3p97_uc.rst7 -X 51.818 -Y 61.097 -Z 186.035 -al 90.0 -bt 90.0 -gm 90.0 


==================================================
Minimizing input coordinates.
==================================================

~> sander -O -i 3p97_amber_all.in -p 4amber_3p97.prmtop -c 4amber_3p97.rst7 -o 3p97.min.out            -ref 4amber_3p97.rst7 -r 4amber_3p97.min.rst7

checking special positions in 4phenix_3p97.pdb

==================================================
Done.  Three new files have been made:
      4phenix_3p97.pdb
      4amber_3p97.prmtop
      4amber_3p97.rst7
==================================================

Example

  phenix.refine 4phenix_3p97.pdb use_amber=True \
    amber.topology_file_name=4amber_3p97.prmtop \
    amber.coordinate_file_name=4amber_3p97.rst7 \
    ....(other refinement keywords here).....



Substituting Amber PDB file for downloaded file
run_tests_local.py:222: UserWarning: os.system() is not safe: please use the subprocess module or libtbx.easy_run instead.
  os.system(cmd)

  Amber files
    PDB    : 3p97.pdb
    MTZ    : 3p97.mtz
    prmtop : 4amber_3p97.prmtop
    rst7   : 4amber_3p97.rst7
  
/net/lewis/raid1/scratch1/nigel/amber/hi_lo/p9/3p97
return_files 3p97
/net/chevy/raid1/nigel/amber/hi_lo
4amber_3p97.pdb
4phenix_3p97.pdb
cp 4phenix_3p97.pdb /net/chevy/raid1/nigel/amber/hi_lo/p9/3p97
3p97.pdb
cp 3p97.pdb /net/chevy/raid1/nigel/amber/hi_lo/p9/3p97
4amber_3p97.mtz
4phenix_3p97.mtz
3p97.mtz
cp 3p97.mtz /net/chevy/raid1/nigel/amber/hi_lo/p9/3p97
4amber_3p97.rst7
cp 4amber_3p97.rst7 /net/chevy/raid1/nigel/amber/hi_lo/p9/3p97
4phenix_3p97.rst7
3p97.rst7
4amber_3p97.prmtop
cp 4amber_3p97.prmtop /net/chevy/raid1/nigel/amber/hi_lo/p9/3p97
4phenix_3p97.prmtop
3p97.prmtop
4amber_3p97_refine_001.log
4phenix_3p97_refine_001.log
3p97_refine_001.log
4amber_3p97_refine_002.log
4phenix_3p97_refine_002.log
3p97_refine_002.log
4amber_3p97_refine_001.pdb
4phenix_3p97_refine_001.pdb
3p97_refine_001.pdb
4amber_3p97_refine_002.pdb
4phenix_3p97_refine_002.pdb
3p97_refine_002.pdb
local_archive /net/chevy/raid1/nigel/amber/hi_lo
archive PDB /net/chevy/raid1/nigel/amber/hi_lo/p9/3p97/3p97.pdb
/net/lewis/raid1/scratch1/nigel/amber/hi_lo/p9/3p97
------------------------------
phenix.refine log filename ? > /net/chevy/raid1/nigel/amber/hi_lo/p9/3p97/3p97_refine_001.log
------------------------------

	Already done (on chevy) 3p97_refine_001
------------------------------
phenix.refine log filename ? > /net/chevy/raid1/nigel/amber/hi_lo/p9/3p97/3p97_refine_002.log
------------------------------

	Already done (on chevy) 3p97_refine_002
