HOST morse.lbl.gov
only_i 157
only_code None
force_amber_prep True
dry_run False
... 157 2vc2
/net/chevy/raid1/nigel/amber/hi_lo
/net/chevy/raid1/nigel/amber/hi_lo/vc/2vc2
2vc2.pdb 4phenix_2vc2.pdb
local_archive None
archive PDB None
Reading from local mirror:
  /net/cci/pdb_mirror/pdb/vc/pdb2vc2.ent.gz
Model saved to /net/morse/raid1/scratch1/nigel/amber/hi_lo/vc/2vc2/2vc2.pdb
Sequence saved to /net/morse/raid1/scratch1/nigel/amber/hi_lo/vc/2vc2/2vc2.fa
Reading from local mirror:
  /net/cci/pdb_mirror/structure_factors/vc/r2vc2sf.ent.gz
Structure factors saved to /net/morse/raid1/scratch1/nigel/amber/hi_lo/vc/2vc2/2vc2-sf.cif
Reading from local mirror:
  /net/cci/pdb_mirror/mmcif/vc/2vc2.cif.gz
Model saved to /net/morse/raid1/scratch1/nigel/amber/hi_lo/vc/2vc2/2vc2.cif
Can't determine output label for r2vc2sf,_refln.crystal_id - skipping.
Can't determine output label for r2vc2sf,_refln.scale_group_code - skipping.
R-free-flags: fraction_free=0.050
R-free-flags: missing 396 reflections
Can't determine output label for r2vc2sf,_refln.wavelength_id - skipping.
Converted structure factors saved to 2vc2.mtz
local_archive None
archive PDB None
Reading from local mirror:
  /net/cci/pdb_mirror/pdb/vc/pdb2vc2.ent.gz
Model saved to /net/morse/raid1/scratch1/nigel/amber/hi_lo/vc/2vc2/2vc2.pdb
Sequence saved to /net/morse/raid1/scratch1/nigel/amber/hi_lo/vc/2vc2/2vc2.fa
Reading from local mirror:
  /net/cci/pdb_mirror/structure_factors/vc/r2vc2sf.ent.gz
Structure factors saved to /net/morse/raid1/scratch1/nigel/amber/hi_lo/vc/2vc2/2vc2-sf.cif
Reading from local mirror:
  /net/cci/pdb_mirror/mmcif/vc/2vc2.cif.gz
Model saved to /net/morse/raid1/scratch1/nigel/amber/hi_lo/vc/2vc2/2vc2.cif
Can't determine output label for r2vc2sf,_refln.crystal_id - skipping.
Can't determine output label for r2vc2sf,_refln.scale_group_code - skipping.
R-free-flags: fraction_free=0.050
R-free-flags: missing 396 reflections
Can't determine output label for r2vc2sf,_refln.wavelength_id - skipping.
Converted structure factors saved to 2vc2.mtz

==================================================
Summary of pdb4amber for: 2vc2.pdb
===================================================
REDUCE returned non-zero exit status: See reduce_info.log for more details

----------Chains
The following (original) chains have been found:
A
B
H
L

---------- Alternate Locations (Original Residues!))

The following residues had alternate locations:
ARG_90
HIS_278
ARG_279
ARG_402
HIS_728
TYR_729
GLU_951
GLN_952
GLN_1084
not prmtop_filename /net/morse/scratch1/nigel/amber/hi_lo/vc/2vc2/4amber_2vc2.prmtop
not prmtop_filename /net/chevy/raid1/nigel/amber/hi_lo/vc/2vc2/4amber_2vc2.prmtop

	Running AmberPrep : 2vc2.pdb


==================================================
Running pdb4amber on 2vc2.pdb
==================================================
Traceback (most recent call last):
  File "run_tests_local.py", line 323, in <module>
    run(*tuple(args))
  File "run_tests_local.py", line 307, in run
    w2 = run_all_tests(code, force_amber_prep=force_amber_prep)
  File "run_tests_local.py", line 93, in run_all_tests
    "clean=on",
  File "/net/cci-filer2/raid1/xp/phenix/phenix-svn/modules/amber_adaptbx/command_line/AmberPrepClass.py", line 951, in run
    arg_conect=False,
  File "/net/cci-filer2/raid1/xp/phenix/phenix-svn/modules/amber/lib/python2.7/site-packages/pdb4amber/pdb4amber.py", line 522, in run
    gaplist = pdbfixer.find_gaps()
  File "/net/cci-filer2/raid1/xp/phenix/phenix-svn/modules/amber/lib/python2.7/site-packages/pdb4amber/pdb4amber.py", line 213, in find_gaps
    N_atom = parm.atoms[N_atoms[i + 1]]
IndexError: list index out of range
