HOST rebus.lbl.gov
only_i 67
only_code None
force_amber_prep True
dry_run False
1 1z3z,A,2.900,1zod,A,1.800
2 1psi,A,2.920,3ndd,A,1.500
3 3bpo,A,3.000,3l5w,I,2.000
4 1e6j,P,3.000,3mge,A,1.900
5 1r46,A,3.250,3hg3,A,1.900
6 2j0g,A,2.850,2j1g,A,1.950
7 1nsk,L,2.800,3bbb,A,1.300
8 1t04,B,3.000,1t3f,B,2.000
9 1kiu,B,3.000,1ze3,H,1.840
10 1kv3,A,2.800,2q3z,A,2.000
11 1wqs,A,2.800,2iph,A,1.750
12 3gwp,A,2.900,3i16,A,2.000
13 1c0n,A,2.800,1kmj,A,2.000
14 2r8j,A,3.100,3oha,A,2.000
15 1z5s,C,3.010,2grn,B,1.800
16 3icq,B,3.200,3m1i,A,2.000
17 1nb3,I,2.800,3kfq,C,1.990
18 1otc,A,2.800,2i0q,A,1.910
19 1ue8,A,3.000,3b4x,A,1.940
20 1a4o,A,2.800,2o02,A,1.500
21 1t6i,A,2.810,3g4z,A,1.870
22 1de9,A,3.000,2o3h,A,1.900
23 2j6e,L,3.000,3n9g,L,1.434
24 3hrk,A,3.050,3lc0,A,1.800
25 2ecp,A,2.950,2asv,A,1.950
26 1z8l,A,3.500,2xeg,A,1.590
27 1ere,A,3.100,2r6w,A,2.000
28 1xni,A,2.800,3lh0,A,1.900
29 2pl0,A,2.800,3mpm,A,1.950
30 1pxt,A,2.800,1afw,A,1.800
31 1bmf,A,2.850,2jdi,A,1.900
32 2g3k,A,3.050,2j9u,A,2.000
33 3m9b,A,3.940,3m9h,A,2.000
34 2i0v,A,2.800,3dpk,A,1.950
... 67 2i0v
/net/chevy/raid1/nigel/amber/hi_lo
/net/chevy/raid1/nigel/amber/hi_lo/i0/2i0v
2i0v.pdb 4phenix_2i0v.pdb
2i0v.pdb 4phenix_2i0v.pdb
local_archive None
archive PDB None
Reading from local mirror:
  /net/cci/pdb_mirror/pdb/i0/pdb2i0v.ent.gz
Model saved to /net/rebus/raid1/scratch1/nigel/amber/hi_lo/i0/2i0v/2i0v.pdb
Sequence saved to /net/rebus/raid1/scratch1/nigel/amber/hi_lo/i0/2i0v/2i0v.fa
Reading from local mirror:
  /net/cci/pdb_mirror/structure_factors/i0/r2i0vsf.ent.gz
Structure factors saved to /net/rebus/raid1/scratch1/nigel/amber/hi_lo/i0/2i0v/2i0v-sf.cif
Reading from local mirror:
  /net/cci/pdb_mirror/mmcif/i0/2i0v.cif.gz
Model saved to /net/rebus/raid1/scratch1/nigel/amber/hi_lo/i0/2i0v/2i0v.cif
Can't determine output label for r2i0vsf,_refln.crystal_id - skipping.
Can't determine output label for r2i0vsf,_refln.scale_group_code - skipping.
R-free-flags: fraction_free=0.103
R-free-flags: missing 1104 reflections
Can't determine output label for r2i0vsf,_refln.wavelength_id - skipping.
Converted structure factors saved to 2i0v.mtz
local_archive None
archive PDB None
Reading from local mirror:
  /net/cci/pdb_mirror/pdb/i0/pdb2i0v.ent.gz
Model saved to /net/rebus/raid1/scratch1/nigel/amber/hi_lo/i0/2i0v/2i0v.pdb
Sequence saved to /net/rebus/raid1/scratch1/nigel/amber/hi_lo/i0/2i0v/2i0v.fa
Reading from local mirror:
  /net/cci/pdb_mirror/structure_factors/i0/r2i0vsf.ent.gz
Structure factors saved to /net/rebus/raid1/scratch1/nigel/amber/hi_lo/i0/2i0v/2i0v-sf.cif
Reading from local mirror:
  /net/cci/pdb_mirror/mmcif/i0/2i0v.cif.gz
Model saved to /net/rebus/raid1/scratch1/nigel/amber/hi_lo/i0/2i0v/2i0v.cif
Can't determine output label for r2i0vsf,_refln.crystal_id - skipping.
Can't determine output label for r2i0vsf,_refln.scale_group_code - skipping.
R-free-flags: fraction_free=0.103
R-free-flags: missing 1104 reflections
Can't determine output label for r2i0vsf,_refln.wavelength_id - skipping.
Converted structure factors saved to 2i0v.mtz

==================================================
Summary of pdb4amber for: 2i0v.pdb
===================================================
REDUCE returned non-zero exit status: See reduce_info.log for more details

----------Chains
The following (original) chains have been found:
A

---------- Alternate Locations (Original Residues!))

The following residues had alternate locations:
None

---------- Gaps (Renumbered Residues!)
gap of 7.541967 A between ARG 136 and GLN 137
gap of 4.692992 A between GLY 201 and ALA 202

---------- Mising heavy atom(s)

GLU_303 misses 4 heavy atom(s)

==================================================
Summary of pdb4amber for: 2i0v_4tleap_uc1.pdb
===================================================

----------Chains
The following (original) chains have been found:
A

---------- Alternate Locations (Original Residues!))

The following residues had alternate locations:
None

---------- Gaps (Renumbered Residues!)
gap of 7.541967 A between ARG 136 and GLN 137
gap of 4.692992 A between GLY 201 and ALA 202
gap of 7.541695 A between ARG 467 and GLN 468
gap of 4.692749 A between GLY 532 and ALA 533
gap of 7.541611 A between ARG 798 and GLN 799
gap of 4.692693 A between GLY 863 and ALA 864
gap of 7.542311 A between ARG 1129 and GLN 1130
gap of 4.692227 A between GLY 1194 and ALA 1195
gap of 7.541787 A between ARG 1460 and GLN 1461
gap of 4.693453 A between GLY 1525 and ALA 1526
gap of 7.542192 A between ARG 1791 and GLN 1792
gap of 4.692693 A between GLY 1856 and ALA 1857
gap of 7.541967 A between ARG 2122 and GLN 2123
gap of 4.692992 A between GLY 2187 and ALA 2188
gap of 7.542145 A between ARG 2453 and GLN 2454
gap of 4.693453 A between GLY 2518 and ALA 2519
gap of 7.541756 A between ARG 2784 and GLN 2785
gap of 4.692693 A between GLY 2849 and ALA 2850

---------- Mising heavy atom(s)

None
not prmtop_filename /net/rebus/scratch1/nigel/amber/hi_lo/i0/2i0v/4amber_2i0v.prmtop

	Running AmberPrep : 2i0v.pdb


==================================================
Running pdb4amber on 2i0v.pdb
==================================================

==================================================
Setting up library files for non-standard residues
==================================================

  Residue "6C3" already in amber monomer library. Skipping elbow/antechamber
    run for this residue.
        

  Residue "SO4" already in amber monomer library. Skipping elbow/antechamber
    run for this residue.
        

==================================================
Preparing asu files and 4phenix_2i0v.pdb
==================================================

~> tleap -f 2i0v_asu_tleap_input_run

Checking output filenames
  file : 2i0v_asu.prmtop
  file : 2i0v_asu.rst7

~> ChBox -c 2i0v_asu.rst7 -o 2i0v_asu.rst7 -X 82.199 -Y 82.199 -Z 143.3 -al 90.0 -bt 90.0 -gm 120.0 


============================================================
Preparing unit cell files: 4amber_2i0v.prmtop and 4amber_2i0v.rst7
============================================================

~> UnitCell -p 2i0v_4UnitCell.pdb -o 2i0v_4tleap_uc1.pdb


~> tleap -f 2i0v_uc_tleap_input_run

Checking output filenames
  file : 2i0v_uc.prmtop
  file : 2i0v_uc.rst7

~> ChBox -c 2i0v_uc.rst7 -o 2i0v_uc.rst7 -X 82.199 -Y 82.199 -Z 143.3 -al 90.0 -bt 90.0 -gm 120.0 


==================================================
Minimizing input coordinates.
==================================================

~> sander -O -i 2i0v_amber_all.in -p 4amber_2i0v.prmtop -c 4amber_2i0v.rst7 -o 2i0v.min.out            -ref 4amber_2i0v.rst7 -r 4amber_2i0v.min.rst7

checking special positions in 4phenix_2i0v.pdb

==================================================
Done.  Three new files have been made:
      4phenix_2i0v.pdb
      4amber_2i0v.prmtop
      4amber_2i0v.rst7
==================================================

Example

  phenix.refine 4phenix_2i0v.pdb use_amber=True \
    amber.topology_file_name=4amber_2i0v.prmtop \
    amber.coordinate_file_name=4amber_2i0v.rst7 \
    ....(other refinement keywords here).....



Substituting Amber PDB file for downloaded file
run_tests_local.py:220: UserWarning: os.system() is not safe: please use the subprocess module or libtbx.easy_run instead.
  os.system(cmd)

  Amber files
    PDB    : 2i0v.pdb
    MTZ    : 2i0v.mtz
    prmtop : 4amber_2i0v.prmtop
    rst7   : 4amber_2i0v.rst7
  
/net/rebus/raid1/scratch1/nigel/amber/hi_lo/i0/2i0v
return_files 2i0v
/net/chevy/raid1/nigel/amber/hi_lo
4amber_2i0v.pdb
4phenix_2i0v.pdb
cp 4phenix_2i0v.pdb /net/chevy/raid1/nigel/amber/hi_lo/i0/2i0v
2i0v.pdb
cp 2i0v.pdb /net/chevy/raid1/nigel/amber/hi_lo/i0/2i0v
4amber_2i0v.mtz
4phenix_2i0v.mtz
2i0v.mtz
cp 2i0v.mtz /net/chevy/raid1/nigel/amber/hi_lo/i0/2i0v
4amber_2i0v.rst7
cp 4amber_2i0v.rst7 /net/chevy/raid1/nigel/amber/hi_lo/i0/2i0v
4phenix_2i0v.rst7
2i0v.rst7
4amber_2i0v.prmtop
cp 4amber_2i0v.prmtop /net/chevy/raid1/nigel/amber/hi_lo/i0/2i0v
4phenix_2i0v.prmtop
2i0v.prmtop
4amber_2i0v_refine_001.log
4phenix_2i0v_refine_001.log
2i0v_refine_001.log
4amber_2i0v_refine_002.log
4phenix_2i0v_refine_002.log
2i0v_refine_002.log
4amber_2i0v_refine_001.pdb
4phenix_2i0v_refine_001.pdb
2i0v_refine_001.pdb
4amber_2i0v_refine_002.pdb
4phenix_2i0v_refine_002.pdb
2i0v_refine_002.pdb
local_archive /net/chevy/raid1/nigel/amber/hi_lo
archive PDB /net/chevy/raid1/nigel/amber/hi_lo/i0/2i0v/2i0v.pdb
/net/rebus/raid1/scratch1/nigel/amber/hi_lo/i0/2i0v
------------------------------
phenix.refine log filename ? > /net/chevy/raid1/nigel/amber/hi_lo/i0/2i0v/2i0v_refine_001.log
------------------------------

	Already done (on chevy) 2i0v_refine_001
------------------------------
phenix.refine log filename ? > /net/chevy/raid1/nigel/amber/hi_lo/i0/2i0v/2i0v_refine_002.log
------------------------------

	Already done (on chevy) 2i0v_refine_002
