HOST morse.lbl.gov
only_i 258
only_code None
force_amber_prep True
dry_run False
... 258 1ava
/net/chevy/raid1/nigel/amber/hi_lo
/net/chevy/raid1/nigel/amber/hi_lo/av/1ava
1ava.pdb 4phenix_1ava.pdb
1ava.pdb 4phenix_1ava.pdb
local_archive None
archive PDB None
Reading from local mirror:
  /net/cci/pdb_mirror/pdb/av/pdb1ava.ent.gz
Model saved to /net/morse/raid1/scratch1/nigel/amber/hi_lo/av/1ava/1ava.pdb
Sequence saved to /net/morse/raid1/scratch1/nigel/amber/hi_lo/av/1ava/1ava.fa
Reading from local mirror:
  /net/cci/pdb_mirror/structure_factors/av/r1avasf.ent.gz
Structure factors saved to /net/morse/raid1/scratch1/nigel/amber/hi_lo/av/1ava/1ava-sf.cif
Reading from local mirror:
  /net/cci/pdb_mirror/mmcif/av/1ava.cif.gz
Model saved to /net/morse/raid1/scratch1/nigel/amber/hi_lo/av/1ava/1ava.cif
Can't determine output label for r1avasf,_refln.crystal_id - skipping.
Can't determine output label for r1avasf,_refln.scale_group_code - skipping.
Can't determine output label for r1avasf,_refln.wavelength_id - skipping.
Converted structure factors saved to 1ava.mtz
local_archive None
archive PDB None
Reading from local mirror:
  /net/cci/pdb_mirror/pdb/av/pdb1ava.ent.gz
Model saved to /net/morse/raid1/scratch1/nigel/amber/hi_lo/av/1ava/1ava.pdb
Sequence saved to /net/morse/raid1/scratch1/nigel/amber/hi_lo/av/1ava/1ava.fa
Reading from local mirror:
  /net/cci/pdb_mirror/structure_factors/av/r1avasf.ent.gz
Structure factors saved to /net/morse/raid1/scratch1/nigel/amber/hi_lo/av/1ava/1ava-sf.cif
Reading from local mirror:
  /net/cci/pdb_mirror/mmcif/av/1ava.cif.gz
Model saved to /net/morse/raid1/scratch1/nigel/amber/hi_lo/av/1ava/1ava.cif
Can't determine output label for r1avasf,_refln.crystal_id - skipping.
Can't determine output label for r1avasf,_refln.scale_group_code - skipping.
Can't determine output label for r1avasf,_refln.wavelength_id - skipping.
Converted structure factors saved to 1ava.mtz

==================================================
Summary of pdb4amber for: 1ava.pdb
===================================================
REDUCE returned non-zero exit status: See reduce_info.log for more details

----------Chains
The following (original) chains have been found:
A
B
C
D

---------- Alternate Locations (Original Residues!))

The following residues had alternate locations:
None

---------- Mising heavy atom(s)

None

==================================================
Summary of pdb4amber for: 1ava_4tleap_uc1.pdb
===================================================

----------Chains
The following (original) chains have been found:
A
B
C
D

---------- Alternate Locations (Original Residues!))

The following residues had alternate locations:
None

---------- Mising heavy atom(s)

None
not prmtop_filename /net/morse/scratch1/nigel/amber/hi_lo/av/1ava/4amber_1ava.prmtop

	Running AmberPrep : 1ava.pdb


==================================================
Running pdb4amber on 1ava.pdb
==================================================

==================================================
Setting up library files for non-standard residues
==================================================

==================================================
Preparing asu files and 4phenix_1ava.pdb
==================================================

~> tleap -f 1ava_asu_tleap_input_run

Checking output filenames
  file : 1ava_asu.prmtop
  file : 1ava_asu.rst7

~> ChBox -c 1ava_asu.rst7 -o 1ava_asu.rst7 -X 74.5 -Y 96.18 -Z 170.15 -al 90.0 -bt 90.0 -gm 90.0 


============================================================
Preparing unit cell files: 4amber_1ava.prmtop and 4amber_1ava.rst7
============================================================

~> UnitCell -p 1ava_4UnitCell.pdb -o 1ava_4tleap_uc1.pdb


~> tleap -f 1ava_uc_tleap_input_run

Checking output filenames
  file : 1ava_uc.prmtop
  file : 1ava_uc.rst7

~> ChBox -c 1ava_uc.rst7 -o 1ava_uc.rst7 -X 74.5 -Y 96.18 -Z 170.15 -al 90.0 -bt 90.0 -gm 90.0 


==================================================
Minimizing input coordinates.
==================================================

~> sander -O -i 1ava_amber_all.in -p 4amber_1ava.prmtop -c 4amber_1ava.rst7 -o 1ava.min.out            -ref 4amber_1ava.rst7 -r 4amber_1ava.min.rst7

checking special positions in 4phenix_1ava.pdb

==================================================
Done.  Three new files have been made:
      4phenix_1ava.pdb
      4amber_1ava.prmtop
      4amber_1ava.rst7
==================================================

Example

  phenix.refine 4phenix_1ava.pdb use_amber=True \
    amber.topology_file_name=4amber_1ava.prmtop \
    amber.coordinate_file_name=4amber_1ava.rst7 \
    ....(other refinement keywords here).....



Substituting Amber PDB file for downloaded file
run_tests_local.py:222: UserWarning: os.system() is not safe: please use the subprocess module or libtbx.easy_run instead.
  os.system(cmd)

  Amber files
    PDB    : 1ava.pdb
    MTZ    : 1ava.mtz
    prmtop : 4amber_1ava.prmtop
    rst7   : 4amber_1ava.rst7
  
/net/morse/raid1/scratch1/nigel/amber/hi_lo/av/1ava
return_files 1ava
/net/chevy/raid1/nigel/amber/hi_lo
4amber_1ava.pdb
4phenix_1ava.pdb
cp 4phenix_1ava.pdb /net/chevy/raid1/nigel/amber/hi_lo/av/1ava
1ava.pdb
cp 1ava.pdb /net/chevy/raid1/nigel/amber/hi_lo/av/1ava
4amber_1ava.mtz
4phenix_1ava.mtz
1ava.mtz
cp 1ava.mtz /net/chevy/raid1/nigel/amber/hi_lo/av/1ava
4amber_1ava.rst7
cp 4amber_1ava.rst7 /net/chevy/raid1/nigel/amber/hi_lo/av/1ava
4phenix_1ava.rst7
1ava.rst7
4amber_1ava.prmtop
cp 4amber_1ava.prmtop /net/chevy/raid1/nigel/amber/hi_lo/av/1ava
4phenix_1ava.prmtop
1ava.prmtop
4amber_1ava_refine_001.log
4phenix_1ava_refine_001.log
1ava_refine_001.log
4amber_1ava_refine_002.log
4phenix_1ava_refine_002.log
1ava_refine_002.log
4amber_1ava_refine_001.pdb
4phenix_1ava_refine_001.pdb
1ava_refine_001.pdb
4amber_1ava_refine_002.pdb
4phenix_1ava_refine_002.pdb
1ava_refine_002.pdb
local_archive /net/chevy/raid1/nigel/amber/hi_lo
archive PDB /net/chevy/raid1/nigel/amber/hi_lo/av/1ava/1ava.pdb
/net/morse/raid1/scratch1/nigel/amber/hi_lo/av/1ava
------------------------------
phenix.refine log filename ? > /net/chevy/raid1/nigel/amber/hi_lo/av/1ava/1ava_refine_001.log
------------------------------

	Already done (on chevy) 1ava_refine_001
------------------------------
phenix.refine log filename ? > /net/chevy/raid1/nigel/amber/hi_lo/av/1ava/1ava_refine_002.log
------------------------------

	Already done (on chevy) 1ava_refine_002
