HOST rebus.lbl.gov
only_i 122
only_code None
force_amber_prep True
dry_run False
1 1z3z,A,2.900,1zod,A,1.800
2 1psi,A,2.920,3ndd,A,1.500
3 3bpo,A,3.000,3l5w,I,2.000
4 1e6j,P,3.000,3mge,A,1.900
5 1r46,A,3.250,3hg3,A,1.900
6 2j0g,A,2.850,2j1g,A,1.950
7 1nsk,L,2.800,3bbb,A,1.300
8 1t04,B,3.000,1t3f,B,2.000
9 1kiu,B,3.000,1ze3,H,1.840
10 1kv3,A,2.800,2q3z,A,2.000
11 1wqs,A,2.800,2iph,A,1.750
12 3gwp,A,2.900,3i16,A,2.000
13 1c0n,A,2.800,1kmj,A,2.000
14 2r8j,A,3.100,3oha,A,2.000
15 1z5s,C,3.010,2grn,B,1.800
16 3icq,B,3.200,3m1i,A,2.000
17 1nb3,I,2.800,3kfq,C,1.990
18 1otc,A,2.800,2i0q,A,1.910
19 1ue8,A,3.000,3b4x,A,1.940
20 1a4o,A,2.800,2o02,A,1.500
21 1t6i,A,2.810,3g4z,A,1.870
22 1de9,A,3.000,2o3h,A,1.900
23 2j6e,L,3.000,3n9g,L,1.434
24 3hrk,A,3.050,3lc0,A,1.800
25 2ecp,A,2.950,2asv,A,1.950
26 1z8l,A,3.500,2xeg,A,1.590
27 1ere,A,3.100,2r6w,A,2.000
28 1xni,A,2.800,3lh0,A,1.900
29 2pl0,A,2.800,3mpm,A,1.950
30 1pxt,A,2.800,1afw,A,1.800
31 1bmf,A,2.850,2jdi,A,1.900
32 2g3k,A,3.050,2j9u,A,2.000
33 3m9b,A,3.940,3m9h,A,2.000
34 2i0v,A,2.800,3dpk,A,1.950
35 1kiu,A,3.000,3bwu,C,1.760
36 1nys,A,3.050,2h62,D,1.850
37 1rgq,C,2.900,2o8m,C,2.000
38 1fg5,N,2.800,2vs4,A,1.770
39 1sj5,A,2.800,1vjl,A,1.900
40 2f7k,A,2.800,2yxt,A,2.000
41 1yrp,A,3.100,3bqr,A,1.750
42 3a7a,B,3.100,3ab9,A,1.650
43 2vhg,A,2.900,2vjv,A,1.900
44 1blf,A,2.800,3kj7,A,1.910
45 1pma,1,3.400,1yar,H,1.900
46 2bp2,A,3.000,2zp3,A,1.900
47 2oqj,A,2.800,3oaz,K,1.750
48 1fvv,B,2.800,3ddq,B,1.800
49 1qlr,A,2.830,3eo0,A,1.750
50 2fhg,2,3.230,2jay,A,1.990
51 1io4,A,3.000,2e42,A,1.800
52 2i22,A,2.800,2i2w,A,1.950
53 1bot,O,3.050,3ezw,A,2.000
54 1fnt,c,3.200,1yar,O,1.900
55 1htn,A,2.800,1tn3,A,2.000
56 1x75,C,2.800,3hpw,A,1.452
57 1b7b,A,2.800,2we5,A,1.390
58 2not,A,3.000,1ae7,A,2.000
59 1kfl,A,2.800,1n8f,A,1.750
60 2jla,A,2.810,3hww,A,1.950
61 2bct,A,2.900,1i7w,A,2.000
... 122 1i7w
/net/chevy/raid1/nigel/amber/hi_lo
/net/chevy/raid1/nigel/amber/hi_lo/i7/1i7w
1i7w.pdb 4phenix_1i7w.pdb
local_archive None
archive PDB None
Reading from local mirror:
  /net/cci/pdb_mirror/pdb/i7/pdb1i7w.ent.gz
Model saved to /net/rebus/raid1/scratch1/nigel/amber/hi_lo/i7/1i7w/1i7w.pdb
Sequence saved to /net/rebus/raid1/scratch1/nigel/amber/hi_lo/i7/1i7w/1i7w.fa
Reading from local mirror:
  /net/cci/pdb_mirror/structure_factors/i7/r1i7wsf.ent.gz
Structure factors saved to /net/rebus/raid1/scratch1/nigel/amber/hi_lo/i7/1i7w/1i7w-sf.cif
Reading from local mirror:
  /net/cci/pdb_mirror/mmcif/i7/1i7w.cif.gz
Model saved to /net/rebus/raid1/scratch1/nigel/amber/hi_lo/i7/1i7w/1i7w.cif
Can't determine output label for r1i7wsf,_refln.crystal_id - skipping.
Can't determine output label for r1i7wsf,_refln.scale_group_code - skipping.
R-free-flags: fraction_free=0.055
R-free-flags: missing 6666 reflections
Can't determine output label for r1i7wsf,_refln.wavelength_id - skipping.
Converted structure factors saved to 1i7w.mtz
local_archive None
archive PDB None
Reading from local mirror:
  /net/cci/pdb_mirror/pdb/i7/pdb1i7w.ent.gz
Model saved to /net/rebus/raid1/scratch1/nigel/amber/hi_lo/i7/1i7w/1i7w.pdb
Sequence saved to /net/rebus/raid1/scratch1/nigel/amber/hi_lo/i7/1i7w/1i7w.fa
Reading from local mirror:
  /net/cci/pdb_mirror/structure_factors/i7/r1i7wsf.ent.gz
Structure factors saved to /net/rebus/raid1/scratch1/nigel/amber/hi_lo/i7/1i7w/1i7w-sf.cif
Reading from local mirror:
  /net/cci/pdb_mirror/mmcif/i7/1i7w.cif.gz
Model saved to /net/rebus/raid1/scratch1/nigel/amber/hi_lo/i7/1i7w/1i7w.cif
Can't determine output label for r1i7wsf,_refln.crystal_id - skipping.
Can't determine output label for r1i7wsf,_refln.scale_group_code - skipping.
R-free-flags: fraction_free=0.055
R-free-flags: missing 6666 reflections
Can't determine output label for r1i7wsf,_refln.wavelength_id - skipping.
Converted structure factors saved to 1i7w.mtz

==================================================
Summary of pdb4amber for: 1i7w.pdb
===================================================
REDUCE returned non-zero exit status: See reduce_info.log for more details

----------Chains
The following (original) chains have been found:
A
B
C
D

---------- Alternate Locations (Original Residues!))

The following residues had alternate locations:
ASN_21
LYS_22
ARG_77
GLU_78
GLY_79
THR_191
THR_192
LYS_206
MET_289
VAL_290
ARG_305
ALA_306
MET_598
ARG_599
HIS_633
ARG_634
PRO_656
VAL_657
THR_666
THR_667
MET_680
ALA_681
ILE_736
MET_737
ARG_738
THR_739
TRP_792
THR_793
ASP_865
ARG_866
ASN_892
ALA_893
GLU_968
GLY_969
ILE_987
ARG_988

---------- Gaps (Renumbered Residues!)
gap of 16.062236 A between ARG 401 and VAL 402
gap of 3.751332 A between GLY 523 and GLY 525
gap of 4.260463 A between GLY 525 and GLU 527
gap of 4.065615 A between LEU 531 and SER 533
gap of 27.207470 A between LEU 534 and ASP 535
gap of 18.332076 A between THR 960 and VAL 961
gap of 27.400092 A between PRO 1064 and ILE 1065
gap of 3.735750 A between GLY 1091 and GLY 1093
gap of 4.109053 A between GLY 1093 and GLU 1095
gap of 4.151035 A between LEU 1099 and SER 1101
gap of 25.369169 A between LEU 1102 and TYR 1103

---------- Mising heavy atom(s)

ARG_3 misses 6 heavy atom(s)
LYS_10 misses 4 heavy atom(s)
LYS_22 misses 2 heavy atom(s)
LYS_33 misses 4 heavy atom(s)
GLU_34 misses 4 heavy atom(s)
HIS_38 misses 5 heavy atom(s)
LYS_144 misses 1 heavy atom(s)
LYS_463 misses 4 heavy atom(s)
LYS_502 misses 4 heavy atom(s)
ASP_535 misses 3 heavy atom(s)
GLU_556 misses 4 heavy atom(s)
LYS_590 misses 4 heavy atom(s)
GLU_938 misses 4 heavy atom(s)
ARG_951 misses 4 heavy atom(s)
ARG_959 misses 6 heavy atom(s)
GLU_1023 misses 4 heavy atom(s)
The alternate coordinates have been discarded.
Only the first occurrence for each atom was kept.
not prmtop_filename /net/rebus/scratch1/nigel/amber/hi_lo/i7/1i7w/4amber_1i7w.prmtop
not prmtop_filename /net/chevy/raid1/nigel/amber/hi_lo/i7/1i7w/4amber_1i7w.prmtop

	Running AmberPrep : 1i7w.pdb


==================================================
Running pdb4amber on 1i7w.pdb
==================================================

==================================================
Setting up library files for non-standard residues
==================================================

==================================================
Running elbow/antechamber for SEP 
==================================================

MoleculeClass :  C: 3  N: 1  O: 6  P: 1 (CHEMICAL COMPONENTS format)
	16 atoms
	15 bonds
	25 angles
	27 dihedrals
	0 rings (groups, rings, atoms) 0 0
	1 chirals : S 

~> antechamber -i 4antechamber_SEP.pdb -fi pdb -o SEP.mol2 -fo mol2       -nc -3 -m 1 -s 2 -pf y -c bcc -at gaff2 -ek "qm_theory='AM1', grms_tol=0.0005, scfconv=1.d-10, maxcyc=0, ndiis_attempts=700,"


~> parmchk2 -s 2 -i SEP.mol2 -f mol2 -o SEP.frcmod


==================================================
Preparing asu files and 4phenix_1i7w.pdb
==================================================

~> tleap -f 1i7w_asu_tleap_input_run

Checking output filenames
  file : 1i7w_asu.prmtop
Sorry:   Output file is empty : 1i7w_asu.prmtop
  Check contents of "leap.log"
