HOST rebus.lbl.gov
only_i 114
only_code None
force_amber_prep True
dry_run False
... 114 2we5
/net/chevy/raid1/nigel/amber/hi_lo
/net/chevy/raid1/nigel/amber/hi_lo/we/2we5
2we5.pdb 4phenix_2we5.pdb
2we5.pdb 4phenix_2we5.pdb
local_archive None
archive PDB None
Reading from local mirror:
  /net/cci/pdb_mirror/pdb/we/pdb2we5.ent.gz
Model saved to /net/rebus/raid1/scratch1/nigel/amber/hi_lo/we/2we5/2we5.pdb
Sequence saved to /net/rebus/raid1/scratch1/nigel/amber/hi_lo/we/2we5/2we5.fa
Reading from local mirror:
  /net/cci/pdb_mirror/structure_factors/we/r2we5sf.ent.gz
Structure factors saved to /net/rebus/raid1/scratch1/nigel/amber/hi_lo/we/2we5/2we5-sf.cif
Reading from local mirror:
  /net/cci/pdb_mirror/mmcif/we/2we5.cif.gz
Model saved to /net/rebus/raid1/scratch1/nigel/amber/hi_lo/we/2we5/2we5.cif
Can't determine output label for r2we5sf,_refln.crystal_id - skipping.
Can't determine output label for r2we5sf,_refln.scale_group_code - skipping.
Can't determine output label for r2we5sf,_refln.wavelength_id - skipping.
Converted structure factors saved to 2we5.mtz
local_archive None
archive PDB None
Reading from local mirror:
  /net/cci/pdb_mirror/pdb/we/pdb2we5.ent.gz
Model saved to /net/rebus/raid1/scratch1/nigel/amber/hi_lo/we/2we5/2we5.pdb
Sequence saved to /net/rebus/raid1/scratch1/nigel/amber/hi_lo/we/2we5/2we5.fa
Reading from local mirror:
  /net/cci/pdb_mirror/structure_factors/we/r2we5sf.ent.gz
Structure factors saved to /net/rebus/raid1/scratch1/nigel/amber/hi_lo/we/2we5/2we5-sf.cif
Reading from local mirror:
  /net/cci/pdb_mirror/mmcif/we/2we5.cif.gz
Model saved to /net/rebus/raid1/scratch1/nigel/amber/hi_lo/we/2we5/2we5.cif
Can't determine output label for r2we5sf,_refln.crystal_id - skipping.
Can't determine output label for r2we5sf,_refln.scale_group_code - skipping.
Can't determine output label for r2we5sf,_refln.wavelength_id - skipping.
Converted structure factors saved to 2we5.mtz
not prmtop_filename /net/rebus/scratch1/nigel/amber/hi_lo/we/2we5/4amber_2we5.prmtop

	Running AmberPrep : 2we5.pdb


==================================================
Running pdb4amber on 2we5.pdb
==================================================

==================================================
Setting up library files for non-standard residues
==================================================

==================================================
Running elbow/antechamber for ADP 
==================================================

MoleculeClass :  C:10  N: 5  O:10  P: 2 (CHEMICAL COMPONENTS format)
	39 atoms
	41 bonds
	71 angles
	98 dihedrals
	2 rings (groups, rings, atoms) 3 16
	4 chirals : R S R R 

~> antechamber -i 4antechamber_ADP.pdb -fi pdb -o ADP.mol2 -fo mol2       -nc -3 -m 1 -s 2 -pf y -c bcc -at gaff2 -ek "qm_theory='AM1', grms_tol=0.0005, scfconv=1.d-10, maxcyc=0, ndiis_attempts=700,"


~> parmchk2 -s 2 -i ADP.mol2 -f mol2 -o ADP.frcmod


  Residue "ACT" already in amber monomer library. Skipping elbow/antechamber
    run for this residue.
        

==================================================
Preparing asu files and 4phenix_2we5.pdb
==================================================

~> tleap -f 2we5_asu_tleap_input_run

Checking output filenames
  file : 2we5_asu.prmtop
  file : 2we5_asu.rst7

~> ChBox -c 2we5_asu.rst7 -o 2we5_asu.rst7 -X 103.522 -Y 103.522 -Z 155.414 -al 90.0 -bt 90.0 -gm 120.0 


============================================================
Preparing unit cell files: 4amber_2we5.prmtop and 4amber_2we5.rst7
============================================================

~> UnitCell -p 2we5_4UnitCell.pdb -o 2we5_4tleap_uc1.pdb


~> tleap -f 2we5_uc_tleap_input_run

Checking output filenames
  file : 2we5_uc.prmtop
  file : 2we5_uc.rst7

~> ChBox -c 2we5_uc.rst7 -o 2we5_uc.rst7 -X 103.522 -Y 103.522 -Z 155.414 -al 90.0 -bt 90.0 -gm 120.0 


==================================================
Minimizing input coordinates.
==================================================

~> sander -O -i 2we5_amber_all.in -p 4amber_2we5.prmtop -c 4amber_2we5.rst7 -o 2we5.min.out            -ref 4amber_2we5.rst7 -r 4amber_2we5.min.rst7

checking special positions in 4phenix_2we5.pdb

==================================================
Done.  Three new files have been made:
      4phenix_2we5.pdb
      4amber_2we5.prmtop
      4amber_2we5.rst7
==================================================

Example

  phenix.refine 4phenix_2we5.pdb use_amber=True \
    amber.topology_file_name=4amber_2we5.prmtop \
    amber.coordinate_file_name=4amber_2we5.rst7 \
    ....(other refinement keywords here).....



Substituting Amber PDB file for downloaded file

  Amber files
    PDB    : 2we5.pdb
    MTZ    : 2we5.mtz
    prmtop : 4amber_2we5.prmtop
    rst7   : 4amber_2we5.rst7
  
/net/rebus/raid1/scratch1/nigel/amber/hi_lo/we/2we5
return_files 2we5
/net/chevy/raid1/nigel/amber/hi_lo
4amber_2we5.pdb
4phenix_2we5.pdb
cp 4phenix_2we5.pdb /net/chevy/raid1/nigel/amber/hi_lo/we/2we5
2we5.pdb
cp 2we5.pdb /net/chevy/raid1/nigel/amber/hi_lo/we/2we5
4amber_2we5.mtz
4phenix_2we5.mtz
2we5.mtz
cp 2we5.mtz /net/chevy/raid1/nigel/amber/hi_lo/we/2we5
4amber_2we5.rst7
cp 4amber_2we5.rst7 /net/chevy/raid1/nigel/amber/hi_lo/we/2we5
4phenix_2we5.rst7
2we5.rst7
4amber_2we5.prmtop
cp 4amber_2we5.prmtop /net/chevy/raid1/nigel/amber/hi_lo/we/2we5
4phenix_2we5.prmtop
2we5.prmtop
4amber_2we5_refine_001.log
4phenix_2we5_refine_001.log
2we5_refine_001.log
4amber_2we5_refine_002.log
4phenix_2we5_refine_002.log
2we5_refine_002.log
4amber_2we5_refine_001.pdb
4phenix_2we5_refine_001.pdb
2we5_refine_001.pdb
4amber_2we5_refine_002.pdb
4phenix_2we5_refine_002.pdb
2we5_refine_002.pdb
local_archive /net/chevy/raid1/nigel/amber/hi_lo
archive PDB /net/chevy/raid1/nigel/amber/hi_lo/we/2we5/2we5.pdb
/net/rebus/raid1/scratch1/nigel/amber/hi_lo/we/2we5
------------------------------
phenix.refine log filename ? > /net/chevy/raid1/nigel/amber/hi_lo/we/2we5/2we5_refine_001.log
------------------------------

	Already done (on chevy) 2we5_refine_001
------------------------------
phenix.refine log filename ? > /net/chevy/raid1/nigel/amber/hi_lo/we/2we5/2we5_refine_002.log
------------------------------
------------------------------
phenix.refine log filename ? > 2we5_refine_002.log
------------------------------
Running phenix.refine

phenix.refine 2we5.pdb 2we5.mtz c_beta_restraints=False discard_psi_phi=False strategy="*individual_sites individual_sites_real_space rigid_body *individual_adp group_adp tls *occupancies group_anomalous" topology_file_name=/net/chevy/raid1/nigel/amber/hi_lo/we/2we5/4amber_2we5.prmtop amber.coordinate_file_name=/net/chevy/raid1/nigel/amber/hi_lo/we/2we5/4amber_2we5.rst7 use_amber=True refinement.target_weights.optimize_xyz_weight=True refinement.main.number_of_macro_cycles=10 write_geo=False amber.wxc_factor=0.300000 serial=2

