HOST morse.lbl.gov
only_i 156
only_code None
force_amber_prep True
dry_run False
... 156 2c6q
/net/chevy/raid1/nigel/amber/hi_lo
/net/chevy/raid1/nigel/amber/hi_lo/c6/2c6q
2c6q.pdb 4phenix_2c6q.pdb
2c6q.pdb 4phenix_2c6q.pdb
local_archive None
archive PDB None
Reading from local mirror:
  /net/cci/pdb_mirror/pdb/c6/pdb2c6q.ent.gz
Model saved to /net/morse/raid1/scratch1/nigel/amber/hi_lo/c6/2c6q/2c6q.pdb
Sequence saved to /net/morse/raid1/scratch1/nigel/amber/hi_lo/c6/2c6q/2c6q.fa
Reading from local mirror:
  /net/cci/pdb_mirror/structure_factors/c6/r2c6qsf.ent.gz
Structure factors saved to /net/morse/raid1/scratch1/nigel/amber/hi_lo/c6/2c6q/2c6q-sf.cif
Reading from local mirror:
  /net/cci/pdb_mirror/mmcif/c6/2c6q.cif.gz
Model saved to /net/morse/raid1/scratch1/nigel/amber/hi_lo/c6/2c6q/2c6q.cif
Can't determine output label for r2c6qsf,_refln.crystal_id - skipping.
Can't determine output label for r2c6qsf,_refln.scale_group_code - skipping.
Can't determine output label for r2c6qsf,_refln.wavelength_id - skipping.
Converted structure factors saved to 2c6q.mtz
local_archive None
archive PDB None
Reading from local mirror:
  /net/cci/pdb_mirror/pdb/c6/pdb2c6q.ent.gz
Model saved to /net/morse/raid1/scratch1/nigel/amber/hi_lo/c6/2c6q/2c6q.pdb
Sequence saved to /net/morse/raid1/scratch1/nigel/amber/hi_lo/c6/2c6q/2c6q.fa
Reading from local mirror:
  /net/cci/pdb_mirror/structure_factors/c6/r2c6qsf.ent.gz
Structure factors saved to /net/morse/raid1/scratch1/nigel/amber/hi_lo/c6/2c6q/2c6q-sf.cif
Reading from local mirror:
  /net/cci/pdb_mirror/mmcif/c6/2c6q.cif.gz
Model saved to /net/morse/raid1/scratch1/nigel/amber/hi_lo/c6/2c6q/2c6q.cif
Can't determine output label for r2c6qsf,_refln.crystal_id - skipping.
Can't determine output label for r2c6qsf,_refln.scale_group_code - skipping.
Can't determine output label for r2c6qsf,_refln.wavelength_id - skipping.
Converted structure factors saved to 2c6q.mtz

==================================================
Summary of pdb4amber for: 2c6q.pdb
===================================================

----------Chains
The following (original) chains have been found:
A
B
C
D
E
F
G
H

---------- Alternate Locations (Original Residues!))

The following residues had alternate locations:
CYS_388
LYS_389
ARG_955
ASP_956
CYS_1373
LYS_1374
SER_1619
THR_1620
THR_1622
TYR_1623
SER_1633
ARG_1634
CYS_2350
LYS_2351
SER_2389
SER_2390

---------- Gaps (Renumbered Residues!)
gap of 2.387093 A between CYS 388 and CYS 388
gap of 2.464757 A between ARG 955 and ARG 955
gap of 2.437416 A between CYS 1373 and CYS 1373
gap of 2.473743 A between SER 1619 and SER 1619
gap of 2.472285 A between THR 1622 and THR 1622
gap of 2.470560 A between SER 1633 and SER 1633
gap of 13.333571 A between TYR 2239 and ALA 2240
gap of 2.450996 A between CYS 2350 and CYS 2350
gap of 2.467200 A between SER 2389 and SER 2389

---------- Mising heavy atom(s)

None
The alternate coordinates have been discarded.
Only the first occurrence for each atom was kept.
not prmtop_filename /net/morse/scratch1/nigel/amber/hi_lo/c6/2c6q/4amber_2c6q.prmtop

	Running AmberPrep : 2c6q.pdb


==================================================
Running pdb4amber on 2c6q.pdb
==================================================

==================================================
Setting up library files for non-standard residues
==================================================

  Residue "IMP" already in amber monomer library. Skipping elbow/antechamber
    run for this residue.
        

==================================================
Running elbow/antechamber for NDP 
==================================================

==================================================
Summary of pdb4amber for: 2c6q_4tleap_uc1.pdb
===================================================

----------Chains
The following (original) chains have been found:
A
B
C
D
E
F
G
H

---------- Alternate Locations (Original Residues!))

The following residues had alternate locations:
None

---------- Gaps (Renumbered Residues!)
gap of 13.333571 A between TYR 2239 and ALA 2240
gap of 13.333571 A between TYR 7441 and ALA 7442
gap of 13.333571 A between TYR 12643 and ALA 12644
gap of 13.333571 A between TYR 17845 and ALA 17846

---------- Mising heavy atom(s)

None

MoleculeClass :  C:21  N: 7  O:17  P: 3 (CHEMICAL COMPONENTS format)
	74 atoms
	78 bonds
	138 angles
	197 dihedrals
	4 rings (groups, rings, atoms) 5 27
	8 chirals : R R R R R S R R 

~> antechamber -i 4antechamber_NDP.pdb -fi pdb -o NDP.mol2 -fo mol2       -nc -4 -m 1 -s 2 -pf y -c bcc -at gaff2 -ek "qm_theory='AM1',grms_tol=0.0005,scfconv=1.d-10,maxcyc=0,ndiis_attempts=700,"


~> parmchk2 -s 2 -i NDP.mol2 -f mol2 -o NDP.frcmod


==================================================
Preparing asu files and 4phenix_2c6q.pdb
==================================================

~> tleap -f 2c6q_asu_tleap_input_run

Checking output filenames
  file : 2c6q_asu.prmtop
  file : 2c6q_asu.rst7

~> ChBox -c 2c6q_asu.rst7 -o 2c6q_asu.rst7 -X 131.676 -Y 141.366 -Z 164.318 -al 90.0 -bt 90.0 -gm 90.0 


============================================================
Preparing unit cell files: 4amber_2c6q.prmtop and 4amber_2c6q.rst7
============================================================

~> UnitCell -p 2c6q_4UnitCell.pdb -o 2c6q_4tleap_uc1.pdb


~> tleap -f 2c6q_uc_tleap_input_run

Checking output filenames
  file : 2c6q_uc.prmtop
  file : 2c6q_uc.rst7

~> ChBox -c 2c6q_uc.rst7 -o 2c6q_uc.rst7 -X 131.676 -Y 141.366 -Z 164.318 -al 90.0 -bt 90.0 -gm 90.0 


==================================================
Minimizing input coordinates.
==================================================

~> sander -O -i 2c6q_amber_all.in -p 4amber_2c6q.prmtop -c 4amber_2c6q.rst7 -o 2c6q.min.out            -ref 4amber_2c6q.rst7 -r 4amber_2c6q.min.rst7

checking special positions in 4phenix_2c6q.pdb

==================================================
Done.  Three new files have been made:
      4phenix_2c6q.pdb
      4amber_2c6q.prmtop
      4amber_2c6q.rst7
==================================================

Example

  phenix.refine 4phenix_2c6q.pdb use_amber=True \
    amber.topology_file_name=4amber_2c6q.prmtop \
    amber.coordinate_file_name=4amber_2c6q.rst7 \
    ....(other refinement keywords here).....



Substituting Amber PDB file for downloaded file
run_tests_local.py:222: UserWarning: os.system() is not safe: please use the subprocess module or libtbx.easy_run instead.
  os.system(cmd)

  Amber files
    PDB    : 2c6q.pdb
    MTZ    : 2c6q.mtz
    prmtop : 4amber_2c6q.prmtop
    rst7   : 4amber_2c6q.rst7
  
/net/morse/raid1/scratch1/nigel/amber/hi_lo/c6/2c6q
return_files 2c6q
/net/chevy/raid1/nigel/amber/hi_lo
4amber_2c6q.pdb
4phenix_2c6q.pdb
cp 4phenix_2c6q.pdb /net/chevy/raid1/nigel/amber/hi_lo/c6/2c6q
2c6q.pdb
cp 2c6q.pdb /net/chevy/raid1/nigel/amber/hi_lo/c6/2c6q
4amber_2c6q.mtz
4phenix_2c6q.mtz
2c6q.mtz
cp 2c6q.mtz /net/chevy/raid1/nigel/amber/hi_lo/c6/2c6q
4amber_2c6q.rst7
cp 4amber_2c6q.rst7 /net/chevy/raid1/nigel/amber/hi_lo/c6/2c6q
4phenix_2c6q.rst7
2c6q.rst7
4amber_2c6q.prmtop
cp 4amber_2c6q.prmtop /net/chevy/raid1/nigel/amber/hi_lo/c6/2c6q
4phenix_2c6q.prmtop
2c6q.prmtop
4amber_2c6q_refine_001.log
4phenix_2c6q_refine_001.log
2c6q_refine_001.log
4amber_2c6q_refine_002.log
4phenix_2c6q_refine_002.log
2c6q_refine_002.log
4amber_2c6q_refine_001.pdb
4phenix_2c6q_refine_001.pdb
2c6q_refine_001.pdb
4amber_2c6q_refine_002.pdb
4phenix_2c6q_refine_002.pdb
2c6q_refine_002.pdb
local_archive /net/chevy/raid1/nigel/amber/hi_lo
archive PDB /net/chevy/raid1/nigel/amber/hi_lo/c6/2c6q/2c6q.pdb
/net/morse/raid1/scratch1/nigel/amber/hi_lo/c6/2c6q
------------------------------
phenix.refine log filename ? > /net/chevy/raid1/nigel/amber/hi_lo/c6/2c6q/2c6q_refine_001.log
------------------------------

	Already done (on chevy) 2c6q_refine_001
------------------------------
phenix.refine log filename ? > /net/chevy/raid1/nigel/amber/hi_lo/c6/2c6q/2c6q_refine_002.log
------------------------------

	Already done (on chevy) 2c6q_refine_002
