HOST lewis.lbl.gov
only_i 381
only_code None
force_amber_prep True
dry_run False
... 381 1qf6
/net/chevy/raid1/nigel/amber/hi_lo
/net/chevy/raid1/nigel/amber/hi_lo/qf/1qf6
1qf6.pdb 4phenix_1qf6.pdb
local_archive None
archive PDB None
Reading from local mirror:
  /net/cci/pdb_mirror/pdb/qf/pdb1qf6.ent.gz
Model saved to /net/lewis/raid1/scratch1/nigel/amber/hi_lo/qf/1qf6/1qf6.pdb
Traceback (most recent call last):
  File "/net/cci-filer2/raid1/xp/phenix/phenix-svn/build/../modules/cctbx_project/mmtbx/command_line/fetch_pdb.py", line 199, in <module>
    run2(sys.argv[1:])
  File "/net/cci-filer2/raid1/xp/phenix/phenix-svn/build/../modules/cctbx_project/mmtbx/command_line/fetch_pdb.py", line 155, in run2
    files.append(get_pdb(id, data_type_, mirror, log, format=data_format))
  File "/net/cci-filer2/raid1/xp/phenix/phenix-svn/modules/cctbx_project/iotbx/pdb/fetch.py", line 213, in get_pdb
    data = fetch(id, data_type, mirror=mirror, format=format, log=log)
  File "/net/cci-filer2/raid1/xp/phenix/phenix-svn/modules/cctbx_project/iotbx/pdb/fetch.py", line 150, in fetch
    data = libtbx.utils.urlopen(url)
  File "/net/cci-filer2/raid1/xp/phenix/phenix-svn/modules/cctbx_project/libtbx/utils.py", line 2069, in urlopen
    return urllib2.urlopen(*args, **kwds)
  File "/net/cci-filer2/raid1/xp/phenix/phenix-svn/base/lib/python2.7/urllib2.py", line 127, in urlopen
    return _opener.open(url, data, timeout)
  File "/net/cci-filer2/raid1/xp/phenix/phenix-svn/base/lib/python2.7/urllib2.py", line 404, in open
    response = self._open(req, data)
  File "/net/cci-filer2/raid1/xp/phenix/phenix-svn/base/lib/python2.7/urllib2.py", line 422, in _open
    '_open', req)
  File "/net/cci-filer2/raid1/xp/phenix/phenix-svn/base/lib/python2.7/urllib2.py", line 382, in _call_chain
    result = func(*args)
  File "/net/cci-filer2/raid1/xp/phenix/phenix-svn/base/lib/python2.7/urllib2.py", line 1214, in http_open
    return self.do_open(httplib.HTTPConnection, req)
  File "/net/cci-filer2/raid1/xp/phenix/phenix-svn/base/lib/python2.7/urllib2.py", line 1184, in do_open
    raise URLError(err)
urllib2.URLError: <urlopen error [Errno 110] Connection timed out>
local_archive None
archive PDB None
Reading from local mirror:
  /net/cci/pdb_mirror/pdb/qf/pdb1qf6.ent.gz
Model saved to /net/lewis/raid1/scratch1/nigel/amber/hi_lo/qf/1qf6/1qf6.pdb
Traceback (most recent call last):
  File "/net/cci-filer2/raid1/xp/phenix/phenix-svn/build/../modules/cctbx_project/mmtbx/command_line/fetch_pdb.py", line 199, in <module>
    run2(sys.argv[1:])
  File "/net/cci-filer2/raid1/xp/phenix/phenix-svn/build/../modules/cctbx_project/mmtbx/command_line/fetch_pdb.py", line 155, in run2
    files.append(get_pdb(id, data_type_, mirror, log, format=data_format))
  File "/net/cci-filer2/raid1/xp/phenix/phenix-svn/modules/cctbx_project/iotbx/pdb/fetch.py", line 213, in get_pdb
    data = fetch(id, data_type, mirror=mirror, format=format, log=log)
  File "/net/cci-filer2/raid1/xp/phenix/phenix-svn/modules/cctbx_project/iotbx/pdb/fetch.py", line 150, in fetch
    data = libtbx.utils.urlopen(url)
  File "/net/cci-filer2/raid1/xp/phenix/phenix-svn/modules/cctbx_project/libtbx/utils.py", line 2069, in urlopen
    return urllib2.urlopen(*args, **kwds)
  File "/net/cci-filer2/raid1/xp/phenix/phenix-svn/base/lib/python2.7/urllib2.py", line 127, in urlopen
    return _opener.open(url, data, timeout)
  File "/net/cci-filer2/raid1/xp/phenix/phenix-svn/base/lib/python2.7/urllib2.py", line 404, in open
    response = self._open(req, data)
  File "/net/cci-filer2/raid1/xp/phenix/phenix-svn/base/lib/python2.7/urllib2.py", line 422, in _open
    '_open', req)
  File "/net/cci-filer2/raid1/xp/phenix/phenix-svn/base/lib/python2.7/urllib2.py", line 382, in _call_chain
    result = func(*args)
  File "/net/cci-filer2/raid1/xp/phenix/phenix-svn/base/lib/python2.7/urllib2.py", line 1214, in http_open
    return self.do_open(httplib.HTTPConnection, req)
  File "/net/cci-filer2/raid1/xp/phenix/phenix-svn/base/lib/python2.7/urllib2.py", line 1184, in do_open
    raise URLError(err)
urllib2.URLError: <urlopen error [Errno 110] Connection timed out>

==================================================
Summary of pdb4amber for: 1qf6.pdb
===================================================

----------Chains
The following (original) chains have been found:
A
B

---------- Alternate Locations (Original Residues!))

The following residues had alternate locations:
None

---------- Mising heavy atom(s)

None
not prmtop_filename /net/lewis/scratch1/nigel/amber/hi_lo/qf/1qf6/4amber_1qf6.prmtop
not prmtop_filename /net/chevy/raid1/nigel/amber/hi_lo/qf/1qf6/4amber_1qf6.prmtop

	Running AmberPrep : 1qf6.pdb


==================================================
Running pdb4amber on 1qf6.pdb
==================================================

==================================================
Setting up library files for non-standard residues
==================================================

==================================================
Running elbow/antechamber for 5MU 
==================================================

MoleculeClass :  C:10  N: 2  O: 9  P: 1 (CHEMICAL COMPONENTS format)
	35 atoms
	36 bonds
	64 angles
	90 dihedrals
	2 rings (groups, rings, atoms) 2 11
	4 chirals : R R S R 

~> antechamber -i 4antechamber_5MU.pdb -fi pdb -o 5MU.mol2 -fo mol2       -nc -2 -m 1 -s 2 -pf y -c bcc -at gaff2 -ek "qm_theory='AM1',grms_tol=0.0005,scfconv=1.d-10,maxcyc=0,ndiis_attempts=700,"


~> parmchk2 -s 2 -i 5MU.mol2 -f mol2 -o 5MU.frcmod


==================================================
Running elbow/antechamber for AET 
==================================================

MoleculeClass :  C:16  N: 6  O:11  P: 1 (CHEMICAL COMPONENTS format)
	54 atoms
	56 bonds
	98 angles
	139 dihedrals
	2 rings (groups, rings, atoms) 3 16
	6 chirals : R S R R S R 

~> antechamber -i 4antechamber_AET.pdb -fi pdb -o AET.mol2 -fo mol2       -nc -3 -m 1 -s 2 -pf y -c bcc -at gaff2 -ek "qm_theory='AM1',grms_tol=0.0005,scfconv=1.d-10,maxcyc=0,ndiis_attempts=700,"


~> parmchk2 -s 2 -i AET.mol2 -f mol2 -o AET.frcmod


==================================================
Running elbow/antechamber for H2U 
==================================================

MoleculeClass :  C: 9  N: 2  O: 9  P: 1 (CHEMICAL COMPONENTS format)
	34 atoms
	35 bonds
	64 angles
	93 dihedrals
	2 rings (groups, rings, atoms) 2 11
	4 chirals : R S R R 

~> antechamber -i 4antechamber_H2U.pdb -fi pdb -o H2U.mol2 -fo mol2       -nc -2 -m 1 -s 2 -pf y -c bcc -at gaff2 -ek "qm_theory='AM1',grms_tol=0.0005,scfconv=1.d-10,maxcyc=0,ndiis_attempts=700,"


~> parmchk2 -s 2 -i H2U.mol2 -f mol2 -o H2U.frcmod


==================================================
Running elbow/antechamber for G7M 
==================================================

MoleculeClass :  C:11  N: 5  O: 8  P: 1 (CHEMICAL COMPONENTS format)
	40 atoms
	42 bonds
	74 angles
	106 dihedrals
	2 rings (groups, rings, atoms) 3 16
	4 chirals : R S R R 

~> antechamber -i 4antechamber_G7M.pdb -fi pdb -o G7M.mol2 -fo mol2       -nc -1 -m 1 -s 2 -pf y -c bcc -at gaff2 -ek "qm_theory='AM1',grms_tol=0.0005,scfconv=1.d-10,maxcyc=0,ndiis_attempts=700,"


~> parmchk2 -s 2 -i G7M.mol2 -f mol2 -o G7M.frcmod


  Residue "AMP" already in amber monomer library. Skipping elbow/antechamber
    run for this residue.
        

==================================================
Running elbow/antechamber for PSU 
==================================================

MoleculeClass :  C: 9  N: 2  O: 9  P: 1 (CHEMICAL COMPONENTS format)
	32 atoms
	33 bonds
	58 angles
	84 dihedrals
	2 rings (groups, rings, atoms) 2 11
	4 chirals : S R S R 

~> antechamber -i 4antechamber_PSU.pdb -fi pdb -o PSU.mol2 -fo mol2       -nc -2 -m 1 -s 2 -pf y -c bcc -at gaff2 -ek "qm_theory='AM1',grms_tol=0.0005,scfconv=1.d-10,maxcyc=0,ndiis_attempts=700,"


~> parmchk2 -s 2 -i PSU.mol2 -f mol2 -o PSU.frcmod


==================================================
Preparing asu files and 4phenix_1qf6.pdb
==================================================

~> tleap -f 1qf6_asu_tleap_input_run

Checking output filenames
  file : 1qf6_asu.prmtop
Sorry:   Output file is empty : 1qf6_asu.prmtop
  Check contents of "leap.log"
