HOST lewis.lbl.gov
only_i 51
only_code None
force_amber_prep True
dry_run False
... 51 1z8l
/net/chevy/raid1/nigel/amber/hi_lo
/net/chevy/raid1/nigel/amber/hi_lo/z8/1z8l
1z8l.pdb 4phenix_1z8l.pdb
1z8l.pdb 4phenix_1z8l.pdb
local_archive None
archive PDB None
Reading from local mirror:
  /net/cci/pdb_mirror/pdb/z8/pdb1z8l.ent.gz
Model saved to /net/lewis/raid1/scratch1/nigel/amber/hi_lo/z8/1z8l/1z8l.pdb
Traceback (most recent call last):
  File "/net/cci-filer2/raid1/xp/phenix/phenix-svn/build/../modules/cctbx_project/mmtbx/command_line/fetch_pdb.py", line 199, in <module>
    run2(sys.argv[1:])
  File "/net/cci-filer2/raid1/xp/phenix/phenix-svn/build/../modules/cctbx_project/mmtbx/command_line/fetch_pdb.py", line 155, in run2
    files.append(get_pdb(id, data_type_, mirror, log, format=data_format))
  File "/net/cci-filer2/raid1/xp/phenix/phenix-svn/modules/cctbx_project/iotbx/pdb/fetch.py", line 213, in get_pdb
    data = fetch(id, data_type, mirror=mirror, format=format, log=log)
  File "/net/cci-filer2/raid1/xp/phenix/phenix-svn/modules/cctbx_project/iotbx/pdb/fetch.py", line 150, in fetch
    data = libtbx.utils.urlopen(url)
  File "/net/cci-filer2/raid1/xp/phenix/phenix-svn/modules/cctbx_project/libtbx/utils.py", line 2069, in urlopen
    return urllib2.urlopen(*args, **kwds)
  File "/net/cci-filer2/raid1/xp/phenix/phenix-svn/base/lib/python2.7/urllib2.py", line 127, in urlopen
    return _opener.open(url, data, timeout)
  File "/net/cci-filer2/raid1/xp/phenix/phenix-svn/base/lib/python2.7/urllib2.py", line 404, in open
    response = self._open(req, data)
  File "/net/cci-filer2/raid1/xp/phenix/phenix-svn/base/lib/python2.7/urllib2.py", line 422, in _open
    '_open', req)
  File "/net/cci-filer2/raid1/xp/phenix/phenix-svn/base/lib/python2.7/urllib2.py", line 382, in _call_chain
    result = func(*args)
  File "/net/cci-filer2/raid1/xp/phenix/phenix-svn/base/lib/python2.7/urllib2.py", line 1214, in http_open
    return self.do_open(httplib.HTTPConnection, req)
  File "/net/cci-filer2/raid1/xp/phenix/phenix-svn/base/lib/python2.7/urllib2.py", line 1184, in do_open
    raise URLError(err)
urllib2.URLError: <urlopen error [Errno 110] Connection timed out>
local_archive None
archive PDB None
Reading from local mirror:
  /net/cci/pdb_mirror/pdb/z8/pdb1z8l.ent.gz
Model saved to /net/lewis/raid1/scratch1/nigel/amber/hi_lo/z8/1z8l/1z8l.pdb
Traceback (most recent call last):
  File "/net/cci-filer2/raid1/xp/phenix/phenix-svn/build/../modules/cctbx_project/mmtbx/command_line/fetch_pdb.py", line 199, in <module>
    run2(sys.argv[1:])
  File "/net/cci-filer2/raid1/xp/phenix/phenix-svn/build/../modules/cctbx_project/mmtbx/command_line/fetch_pdb.py", line 155, in run2
    files.append(get_pdb(id, data_type_, mirror, log, format=data_format))
  File "/net/cci-filer2/raid1/xp/phenix/phenix-svn/modules/cctbx_project/iotbx/pdb/fetch.py", line 213, in get_pdb
    data = fetch(id, data_type, mirror=mirror, format=format, log=log)
  File "/net/cci-filer2/raid1/xp/phenix/phenix-svn/modules/cctbx_project/iotbx/pdb/fetch.py", line 150, in fetch
    data = libtbx.utils.urlopen(url)
  File "/net/cci-filer2/raid1/xp/phenix/phenix-svn/modules/cctbx_project/libtbx/utils.py", line 2069, in urlopen
    return urllib2.urlopen(*args, **kwds)
  File "/net/cci-filer2/raid1/xp/phenix/phenix-svn/base/lib/python2.7/urllib2.py", line 127, in urlopen
    return _opener.open(url, data, timeout)
  File "/net/cci-filer2/raid1/xp/phenix/phenix-svn/base/lib/python2.7/urllib2.py", line 404, in open
    response = self._open(req, data)
  File "/net/cci-filer2/raid1/xp/phenix/phenix-svn/base/lib/python2.7/urllib2.py", line 422, in _open
    '_open', req)
  File "/net/cci-filer2/raid1/xp/phenix/phenix-svn/base/lib/python2.7/urllib2.py", line 382, in _call_chain
    result = func(*args)
  File "/net/cci-filer2/raid1/xp/phenix/phenix-svn/base/lib/python2.7/urllib2.py", line 1214, in http_open
    return self.do_open(httplib.HTTPConnection, req)
  File "/net/cci-filer2/raid1/xp/phenix/phenix-svn/base/lib/python2.7/urllib2.py", line 1184, in do_open
    raise URLError(err)
urllib2.URLError: <urlopen error [Errno 110] Connection timed out>

==================================================
Summary of pdb4amber for: 1z8l.pdb
===================================================

----------Chains
The following (original) chains have been found:
A
B
C
D

---------- Alternate Locations (Original Residues!))

The following residues had alternate locations:
None

---------- Mising heavy atom(s)

None
not prmtop_filename /net/lewis/scratch1/nigel/amber/hi_lo/z8/1z8l/4amber_1z8l.prmtop

	Running AmberPrep : 1z8l.pdb


==================================================
Running pdb4amber on 1z8l.pdb
==================================================

==================================================
Setting up library files for non-standard residues
==================================================

==================================================
Running elbow/antechamber for NAG 
==================================================

MoleculeClass :  C: 8  N: 1  O: 6 (CHEMICAL COMPONENTS format)
	30 atoms
	30 bonds
	53 angles
	79 dihedrals
	1 rings (groups, rings, atoms) 1 6
	5 chirals : R R R S R 

~> antechamber -i 4antechamber_NAG.pdb -fi pdb -o NAG.mol2 -fo mol2       -nc 0 -m 1 -s 2 -pf y -c bcc -at gaff2 -ek "qm_theory='AM1',grms_tol=0.0005,scfconv=1.d-10,maxcyc=0,ndiis_attempts=700,"


~> parmchk2 -s 2 -i NAG.mol2 -f mol2 -o NAG.frcmod


==================================================
Running elbow/antechamber for NDG 
==================================================

==================================================
Summary of pdb4amber for: 1z8l_4tleap_uc1.pdb
===================================================

----------Chains
The following (original) chains have been found:
A
B
C
D

---------- Alternate Locations (Original Residues!))

The following residues had alternate locations:
None

---------- Mising heavy atom(s)

None

MoleculeClass :  C: 8  N: 1  O: 6 (CHEMICAL COMPONENTS format)
	30 atoms
	30 bonds
	53 angles
	79 dihedrals
	1 rings (groups, rings, atoms) 1 6
	5 chirals : S R R S R 

~> antechamber -i 4antechamber_NDG.pdb -fi pdb -o NDG.mol2 -fo mol2       -nc 0 -m 1 -s 2 -pf y -c bcc -at gaff2 -ek "qm_theory='AM1',grms_tol=0.0005,scfconv=1.d-10,maxcyc=0,ndiis_attempts=700,"


~> parmchk2 -s 2 -i NDG.mol2 -f mol2 -o NDG.frcmod


==================================================
Preparing asu files and 4phenix_1z8l.pdb
==================================================

~> tleap -f 1z8l_asu_tleap_input_run

Checking output filenames
  file : 1z8l_asu.prmtop
  file : 1z8l_asu.rst7

~> ChBox -c 1z8l_asu.rst7 -o 1z8l_asu.rst7 -X 74.865 -Y 157.765 -Z 133.839 -al 90.0 -bt 93.24 -gm 90.0 


============================================================
Preparing unit cell files: 4amber_1z8l.prmtop and 4amber_1z8l.rst7
============================================================

~> UnitCell -p 1z8l_4UnitCell.pdb -o 1z8l_4tleap_uc1.pdb


~> tleap -f 1z8l_uc_tleap_input_run

Checking output filenames
  file : 1z8l_uc.prmtop
  file : 1z8l_uc.rst7

~> ChBox -c 1z8l_uc.rst7 -o 1z8l_uc.rst7 -X 74.865 -Y 157.765 -Z 133.839 -al 90.0 -bt 93.24 -gm 90.0 


==================================================
Minimizing input coordinates.
==================================================

~> sander -O -i 1z8l_amber_all.in -p 4amber_1z8l.prmtop -c 4amber_1z8l.rst7 -o 1z8l.min.out            -ref 4amber_1z8l.rst7 -r 4amber_1z8l.min.rst7

checking special positions in 4phenix_1z8l.pdb

==================================================
Done.  Three new files have been made:
      4phenix_1z8l.pdb
      4amber_1z8l.prmtop
      4amber_1z8l.rst7
==================================================

Example

  phenix.refine 4phenix_1z8l.pdb use_amber=True \
    amber.topology_file_name=4amber_1z8l.prmtop \
    amber.coordinate_file_name=4amber_1z8l.rst7 \
    ....(other refinement keywords here).....



Substituting Amber PDB file for downloaded file
run_tests_local.py:222: UserWarning: os.system() is not safe: please use the subprocess module or libtbx.easy_run instead.
  os.system(cmd)

  Amber files
    PDB    : 1z8l.pdb
    MTZ    : 1z8l.mtz
    prmtop : 4amber_1z8l.prmtop
    rst7   : 4amber_1z8l.rst7
  
/net/lewis/raid1/scratch1/nigel/amber/hi_lo/z8/1z8l
return_files 1z8l
/net/chevy/raid1/nigel/amber/hi_lo
4amber_1z8l.pdb
4phenix_1z8l.pdb
cp 4phenix_1z8l.pdb /net/chevy/raid1/nigel/amber/hi_lo/z8/1z8l
1z8l.pdb
cp 1z8l.pdb /net/chevy/raid1/nigel/amber/hi_lo/z8/1z8l
4amber_1z8l.mtz
4phenix_1z8l.mtz
1z8l.mtz
cp 1z8l.mtz /net/chevy/raid1/nigel/amber/hi_lo/z8/1z8l
4amber_1z8l.rst7
cp 4amber_1z8l.rst7 /net/chevy/raid1/nigel/amber/hi_lo/z8/1z8l
4phenix_1z8l.rst7
1z8l.rst7
4amber_1z8l.prmtop
cp 4amber_1z8l.prmtop /net/chevy/raid1/nigel/amber/hi_lo/z8/1z8l
4phenix_1z8l.prmtop
1z8l.prmtop
4amber_1z8l_refine_001.log
4phenix_1z8l_refine_001.log
1z8l_refine_001.log
4amber_1z8l_refine_002.log
4phenix_1z8l_refine_002.log
1z8l_refine_002.log
4amber_1z8l_refine_001.pdb
4phenix_1z8l_refine_001.pdb
1z8l_refine_001.pdb
4amber_1z8l_refine_002.pdb
4phenix_1z8l_refine_002.pdb
1z8l_refine_002.pdb
local_archive /net/chevy/raid1/nigel/amber/hi_lo
archive PDB /net/chevy/raid1/nigel/amber/hi_lo/z8/1z8l/1z8l.pdb
/net/lewis/raid1/scratch1/nigel/amber/hi_lo/z8/1z8l
------------------------------
phenix.refine log filename ? > /net/chevy/raid1/nigel/amber/hi_lo/z8/1z8l/1z8l_refine_001.log
------------------------------

	Already done (on chevy) 1z8l_refine_001
------------------------------
phenix.refine log filename ? > /net/chevy/raid1/nigel/amber/hi_lo/z8/1z8l/1z8l_refine_002.log
------------------------------

	Already done (on chevy) 1z8l_refine_002
