HOST morse.lbl.gov
only_i 377
only_code None
force_amber_prep True
dry_run False
... 377 1wmk
/net/chevy/raid1/nigel/amber/hi_lo
/net/chevy/raid1/nigel/amber/hi_lo/wm/1wmk
1wmk.pdb 4phenix_1wmk.pdb
1wmk.pdb 4phenix_1wmk.pdb
local_archive None
archive PDB None
Reading from local mirror:
  /net/cci/pdb_mirror/pdb/wm/pdb1wmk.ent.gz
Model saved to /net/morse/raid1/scratch1/nigel/amber/hi_lo/wm/1wmk/1wmk.pdb
Sequence saved to /net/morse/raid1/scratch1/nigel/amber/hi_lo/wm/1wmk/1wmk.fa
Reading from local mirror:
  /net/cci/pdb_mirror/structure_factors/wm/r1wmksf.ent.gz
Structure factors saved to /net/morse/raid1/scratch1/nigel/amber/hi_lo/wm/1wmk/1wmk-sf.cif
Reading from local mirror:
  /net/cci/pdb_mirror/mmcif/wm/1wmk.cif.gz
Model saved to /net/morse/raid1/scratch1/nigel/amber/hi_lo/wm/1wmk/1wmk.cif
Can't determine output label for r1wmksf,_refln.crystal_id - skipping.
Can't determine output label for r1wmksf,_refln.scale_group_code - skipping.
Can't determine output label for r1wmksf,_refln.wavelength_id - skipping.
Converted structure factors saved to 1wmk.mtz
local_archive None
archive PDB None
Reading from local mirror:
  /net/cci/pdb_mirror/pdb/wm/pdb1wmk.ent.gz
Model saved to /net/morse/raid1/scratch1/nigel/amber/hi_lo/wm/1wmk/1wmk.pdb
Sequence saved to /net/morse/raid1/scratch1/nigel/amber/hi_lo/wm/1wmk/1wmk.fa
Reading from local mirror:
  /net/cci/pdb_mirror/structure_factors/wm/r1wmksf.ent.gz
Structure factors saved to /net/morse/raid1/scratch1/nigel/amber/hi_lo/wm/1wmk/1wmk-sf.cif
Reading from local mirror:
  /net/cci/pdb_mirror/mmcif/wm/1wmk.cif.gz
Model saved to /net/morse/raid1/scratch1/nigel/amber/hi_lo/wm/1wmk/1wmk.cif
Can't determine output label for r1wmksf,_refln.crystal_id - skipping.
Can't determine output label for r1wmksf,_refln.scale_group_code - skipping.
Can't determine output label for r1wmksf,_refln.wavelength_id - skipping.
Converted structure factors saved to 1wmk.mtz

==================================================
Summary of pdb4amber for: 1wmk.pdb
===================================================
REDUCE returned non-zero exit status: See reduce_info.log for more details

----------Chains
The following (original) chains have been found:
A
B
C
D
E
F
G
H

---------- Alternate Locations (Original Residues!))

The following residues had alternate locations:
None

---------- Mising heavy atom(s)

ARG_303 misses 6 heavy atom(s)
ARG_606 misses 6 heavy atom(s)
TRP_607 misses 9 heavy atom(s)
LYS_608 misses 4 heavy atom(s)
LEU_609 misses 3 heavy atom(s)
ASP_610 misses 3 heavy atom(s)
PHE_611 misses 6 heavy atom(s)
SER_612 misses 1 heavy atom(s)
ILE_613 misses 3 heavy atom(s)
VAL_614 misses 2 heavy atom(s)
SER_615 misses 1 heavy atom(s)
LEU_616 misses 3 heavy atom(s)
ARG_919 misses 6 heavy atom(s)
ARG_1222 misses 6 heavy atom(s)
TRP_1223 misses 9 heavy atom(s)
LYS_1224 misses 4 heavy atom(s)
LEU_1225 misses 3 heavy atom(s)
ASP_1226 misses 3 heavy atom(s)
PHE_1227 misses 6 heavy atom(s)
SER_1228 misses 1 heavy atom(s)
ILE_1229 misses 3 heavy atom(s)
VAL_1230 misses 2 heavy atom(s)
SER_1231 misses 1 heavy atom(s)
LEU_1232 misses 3 heavy atom(s)
CYS_1233 misses 1 heavy atom(s)
ARG_1536 misses 6 heavy atom(s)
ARG_1839 misses 6 heavy atom(s)
TRP_1840 misses 9 heavy atom(s)
LYS_1841 misses 4 heavy atom(s)
LEU_1842 misses 3 heavy atom(s)
ASP_1843 misses 3 heavy atom(s)
PHE_1844 misses 6 heavy atom(s)
SER_1845 misses 1 heavy atom(s)
ILE_1846 misses 3 heavy atom(s)
VAL_1847 misses 2 heavy atom(s)
SER_1848 misses 1 heavy atom(s)
LEU_1849 misses 3 heavy atom(s)
CYS_1850 misses 1 heavy atom(s)
ARG_2153 misses 6 heavy atom(s)
TRP_2154 misses 9 heavy atom(s)
ARG_2457 misses 6 heavy atom(s)
TRP_2458 misses 9 heavy atom(s)
LYS_2459 misses 4 heavy atom(s)
LEU_2460 misses 3 heavy atom(s)
ASP_2461 misses 3 heavy atom(s)
PHE_2462 misses 6 heavy atom(s)
SER_2463 misses 1 heavy atom(s)
ILE_2464 misses 3 heavy atom(s)
VAL_2465 misses 2 heavy atom(s)
SER_2466 misses 1 heavy atom(s)
LEU_2467 misses 3 heavy atom(s)

==================================================
Summary of pdb4amber for: 1wmk_4tleap_uc1.pdb
===================================================

----------Chains
The following (original) chains have been found:
A
B
C
D
E
F
G
H

---------- Alternate Locations (Original Residues!))

The following residues had alternate locations:
None

---------- Mising heavy atom(s)

None
not prmtop_filename /net/morse/scratch1/nigel/amber/hi_lo/wm/1wmk/4amber_1wmk.prmtop

	Running AmberPrep : 1wmk.pdb


==================================================
Running pdb4amber on 1wmk.pdb
==================================================

==================================================
Setting up library files for non-standard residues
==================================================

==================================================
Preparing asu files and 4phenix_1wmk.pdb
==================================================

~> tleap -f 1wmk_asu_tleap_input_run

Checking output filenames
  file : 1wmk_asu.prmtop
  file : 1wmk_asu.rst7

~> ChBox -c 1wmk_asu.rst7 -o 1wmk_asu.rst7 -X 86.19 -Y 143.29 -Z 255.72 -al 90.0 -bt 90.0 -gm 90.0 


============================================================
Preparing unit cell files: 4amber_1wmk.prmtop and 4amber_1wmk.rst7
============================================================

~> UnitCell -p 1wmk_4UnitCell.pdb -o 1wmk_4tleap_uc1.pdb


~> tleap -f 1wmk_uc_tleap_input_run

Checking output filenames
  file : 1wmk_uc.prmtop
  file : 1wmk_uc.rst7

~> ChBox -c 1wmk_uc.rst7 -o 1wmk_uc.rst7 -X 86.19 -Y 143.29 -Z 255.72 -al 90.0 -bt 90.0 -gm 90.0 


==================================================
Minimizing input coordinates.
==================================================

~> sander -O -i 1wmk_amber_all.in -p 4amber_1wmk.prmtop -c 4amber_1wmk.rst7 -o 1wmk.min.out            -ref 4amber_1wmk.rst7 -r 4amber_1wmk.min.rst7

checking special positions in 4phenix_1wmk.pdb

==================================================
Done.  Three new files have been made:
      4phenix_1wmk.pdb
      4amber_1wmk.prmtop
      4amber_1wmk.rst7
==================================================

Example

  phenix.refine 4phenix_1wmk.pdb use_amber=True \
    amber.topology_file_name=4amber_1wmk.prmtop \
    amber.coordinate_file_name=4amber_1wmk.rst7 \
    ....(other refinement keywords here).....



Substituting Amber PDB file for downloaded file
run_tests_local.py:222: UserWarning: os.system() is not safe: please use the subprocess module or libtbx.easy_run instead.
  os.system(cmd)

  Amber files
    PDB    : 1wmk.pdb
    MTZ    : 1wmk.mtz
    prmtop : 4amber_1wmk.prmtop
    rst7   : 4amber_1wmk.rst7
  
/net/morse/raid1/scratch1/nigel/amber/hi_lo/wm/1wmk
return_files 1wmk
/net/chevy/raid1/nigel/amber/hi_lo
4amber_1wmk.pdb
4phenix_1wmk.pdb
cp 4phenix_1wmk.pdb /net/chevy/raid1/nigel/amber/hi_lo/wm/1wmk
1wmk.pdb
cp 1wmk.pdb /net/chevy/raid1/nigel/amber/hi_lo/wm/1wmk
4amber_1wmk.mtz
4phenix_1wmk.mtz
1wmk.mtz
cp 1wmk.mtz /net/chevy/raid1/nigel/amber/hi_lo/wm/1wmk
4amber_1wmk.rst7
cp 4amber_1wmk.rst7 /net/chevy/raid1/nigel/amber/hi_lo/wm/1wmk
4phenix_1wmk.rst7
1wmk.rst7
4amber_1wmk.prmtop
cp 4amber_1wmk.prmtop /net/chevy/raid1/nigel/amber/hi_lo/wm/1wmk
4phenix_1wmk.prmtop
1wmk.prmtop
4amber_1wmk_refine_001.log
4phenix_1wmk_refine_001.log
1wmk_refine_001.log
4amber_1wmk_refine_002.log
4phenix_1wmk_refine_002.log
1wmk_refine_002.log
4amber_1wmk_refine_001.pdb
4phenix_1wmk_refine_001.pdb
1wmk_refine_001.pdb
4amber_1wmk_refine_002.pdb
4phenix_1wmk_refine_002.pdb
1wmk_refine_002.pdb
local_archive /net/chevy/raid1/nigel/amber/hi_lo
archive PDB /net/chevy/raid1/nigel/amber/hi_lo/wm/1wmk/1wmk.pdb
/net/morse/raid1/scratch1/nigel/amber/hi_lo/wm/1wmk
------------------------------
phenix.refine log filename ? > /net/chevy/raid1/nigel/amber/hi_lo/wm/1wmk/1wmk_refine_001.log
------------------------------

	Already done (on chevy) 1wmk_refine_001
------------------------------
phenix.refine log filename ? > /net/chevy/raid1/nigel/amber/hi_lo/wm/1wmk/1wmk_refine_002.log
------------------------------

	Already done (on chevy) 1wmk_refine_002
