HOST lewis.lbl.gov
only_i 148
only_code None
force_amber_prep True
dry_run False
... 148 3hap
/net/chevy/raid1/nigel/amber/hi_lo
/net/chevy/raid1/nigel/amber/hi_lo/ha/3hap
3hap.pdb 4phenix_3hap.pdb
3hap.pdb 4phenix_3hap.pdb
local_archive None
archive PDB None
Reading from local mirror:
  /net/cci/pdb_mirror/pdb/ha/pdb3hap.ent.gz
Model saved to /net/lewis/raid1/scratch1/nigel/amber/hi_lo/ha/3hap/3hap.pdb
Traceback (most recent call last):
  File "/net/cci-filer2/raid1/xp/phenix/phenix-svn/build/../modules/cctbx_project/mmtbx/command_line/fetch_pdb.py", line 199, in <module>
    run2(sys.argv[1:])
  File "/net/cci-filer2/raid1/xp/phenix/phenix-svn/build/../modules/cctbx_project/mmtbx/command_line/fetch_pdb.py", line 155, in run2
    files.append(get_pdb(id, data_type_, mirror, log, format=data_format))
  File "/net/cci-filer2/raid1/xp/phenix/phenix-svn/modules/cctbx_project/iotbx/pdb/fetch.py", line 213, in get_pdb
    data = fetch(id, data_type, mirror=mirror, format=format, log=log)
  File "/net/cci-filer2/raid1/xp/phenix/phenix-svn/modules/cctbx_project/iotbx/pdb/fetch.py", line 150, in fetch
    data = libtbx.utils.urlopen(url)
  File "/net/cci-filer2/raid1/xp/phenix/phenix-svn/modules/cctbx_project/libtbx/utils.py", line 2069, in urlopen
    return urllib2.urlopen(*args, **kwds)
  File "/net/cci-filer2/raid1/xp/phenix/phenix-svn/base/lib/python2.7/urllib2.py", line 127, in urlopen
    return _opener.open(url, data, timeout)
  File "/net/cci-filer2/raid1/xp/phenix/phenix-svn/base/lib/python2.7/urllib2.py", line 404, in open
    response = self._open(req, data)
  File "/net/cci-filer2/raid1/xp/phenix/phenix-svn/base/lib/python2.7/urllib2.py", line 422, in _open
    '_open', req)
  File "/net/cci-filer2/raid1/xp/phenix/phenix-svn/base/lib/python2.7/urllib2.py", line 382, in _call_chain
    result = func(*args)
  File "/net/cci-filer2/raid1/xp/phenix/phenix-svn/base/lib/python2.7/urllib2.py", line 1214, in http_open
    return self.do_open(httplib.HTTPConnection, req)
  File "/net/cci-filer2/raid1/xp/phenix/phenix-svn/base/lib/python2.7/urllib2.py", line 1184, in do_open
    raise URLError(err)
urllib2.URLError: <urlopen error [Errno 110] Connection timed out>
local_archive None
archive PDB None
Reading from local mirror:
  /net/cci/pdb_mirror/pdb/ha/pdb3hap.ent.gz
Model saved to /net/lewis/raid1/scratch1/nigel/amber/hi_lo/ha/3hap/3hap.pdb
Traceback (most recent call last):
  File "/net/cci-filer2/raid1/xp/phenix/phenix-svn/build/../modules/cctbx_project/mmtbx/command_line/fetch_pdb.py", line 199, in <module>
    run2(sys.argv[1:])
  File "/net/cci-filer2/raid1/xp/phenix/phenix-svn/build/../modules/cctbx_project/mmtbx/command_line/fetch_pdb.py", line 155, in run2
    files.append(get_pdb(id, data_type_, mirror, log, format=data_format))
  File "/net/cci-filer2/raid1/xp/phenix/phenix-svn/modules/cctbx_project/iotbx/pdb/fetch.py", line 213, in get_pdb
    data = fetch(id, data_type, mirror=mirror, format=format, log=log)
  File "/net/cci-filer2/raid1/xp/phenix/phenix-svn/modules/cctbx_project/iotbx/pdb/fetch.py", line 150, in fetch
    data = libtbx.utils.urlopen(url)
  File "/net/cci-filer2/raid1/xp/phenix/phenix-svn/modules/cctbx_project/libtbx/utils.py", line 2069, in urlopen
    return urllib2.urlopen(*args, **kwds)
  File "/net/cci-filer2/raid1/xp/phenix/phenix-svn/base/lib/python2.7/urllib2.py", line 127, in urlopen
    return _opener.open(url, data, timeout)
  File "/net/cci-filer2/raid1/xp/phenix/phenix-svn/base/lib/python2.7/urllib2.py", line 404, in open
    response = self._open(req, data)
  File "/net/cci-filer2/raid1/xp/phenix/phenix-svn/base/lib/python2.7/urllib2.py", line 422, in _open
    '_open', req)
  File "/net/cci-filer2/raid1/xp/phenix/phenix-svn/base/lib/python2.7/urllib2.py", line 382, in _call_chain
    result = func(*args)
  File "/net/cci-filer2/raid1/xp/phenix/phenix-svn/base/lib/python2.7/urllib2.py", line 1214, in http_open
    return self.do_open(httplib.HTTPConnection, req)
  File "/net/cci-filer2/raid1/xp/phenix/phenix-svn/base/lib/python2.7/urllib2.py", line 1184, in do_open
    raise URLError(err)
urllib2.URLError: <urlopen error [Errno 110] Connection timed out>

==================================================
Summary of pdb4amber for: 3hap.pdb
===================================================

----------Chains
The following (original) chains have been found:
A

---------- Alternate Locations (Original Residues!))

The following residues had alternate locations:
ARG_2
LEU_10
THR_12
LEU_20
LEU_23
MET_27
VAL_29
SER_30
LYS_36
LEU_43
THR_50
MET_51
SER_54
LEU_82
LEU_90
LEU_95
ASP_97
THR_102
SER_127
THR_137
MET_140
VAL_146
SER_153
GLU_156
SER_157
ARG_159
GLU_161
SER_164
SER_188
ILE_198
MET_204
ARG_220
SER_221
ARG_222

---------- Mising heavy atom(s)

GLY_226 misses 1 heavy atom(s)
The alternate coordinates have been discarded.
Only the first occurrence for each atom was kept.
not prmtop_filename /net/lewis/scratch1/nigel/amber/hi_lo/ha/3hap/4amber_3hap.prmtop

	Running AmberPrep : 3hap.pdb


==================================================
Running pdb4amber on 3hap.pdb
==================================================

==================================================
Setting up library files for non-standard residues
==================================================

  Residue "R16" already in amber monomer library. Skipping elbow/antechamber
    run for this residue.
        

  Residue "DD9" already in amber monomer library. Skipping elbow/antechamber
    run for this residue.
        

  Residue "D10" already in amber monomer library. Skipping elbow/antechamber
    run for this residue.
        

  Residue "D12" already in amber monomer library. Skipping elbow/antechamber
    run for this residue.
        

  Residue "HP6" already in amber monomer library. Skipping elbow/antechamber
    run for this residue.
        

  Residue "RET" already in amber monomer library. Skipping elbow/antechamber
    run for this residue.
        

==================================================
Running elbow/antechamber for CPS 
==================================================

  group index 3
change? False

ChiralClass
	Atom  C10(10) xyz:(-1.150, -4.164, -5.153)     
	Atom  C5 ( 5) xyz:(-1.386, -3.098, -4.043)    R ring index: 1
	Atom  C6 ( 6) xyz:(-2.859, -3.317, -3.637)    S ring index: 1
	Atom  C9 ( 9) xyz:(-0.730, -3.499, -3.152)    R ring index: 1
	Atom  C4 ( 4) xyz:(-1.191, -2.004, -4.671)    S ring index: 1

	not correct chiralisation

  group index 9
change? False

ChiralClass
	Atom  H18(69) xyz:(-4.580, -2.131, -2.773)     
	Atom  C18(18) xyz:(-3.499, -1.987, -2.864)    R ring index: 1
	Atom  C19(19) xyz:(-3.287, -0.867, -3.543)    S ring index: 1
	Atom  C17(17) xyz:(-2.863, -1.937, -1.358)    R ring index: 1
	Atom  C6 ( 6) xyz:(-2.859, -3.317, -3.637)    S ring index: 1

	not correct chiralisation

==================================================
Summary of pdb4amber for: 3hap_4tleap_uc1.pdb
===================================================

----------Chains
The following (original) chains have been found:
A

---------- Alternate Locations (Original Residues!))

The following residues had alternate locations:
None

---------- Mising heavy atom(s)

None

MoleculeClass :  C:32  N: 2  O: 7  S: 1 (CHEMICAL COMPONENTS format)
	100 atoms
	103 bonds
	207 angles
	340 dihedrals
	1 rings (groups, rings, atoms) 4 23
	11 chirals : S S R S R R S R R S R 

~> antechamber -i 4antechamber_CPS.pdb -fi pdb -o CPS.mol2 -fo mol2       -nc 0 -m 1 -s 2 -pf y -c bcc -at gaff2 -ek "qm_theory='AM1',grms_tol=0.0005,scfconv=1.d-10,maxcyc=0,ndiis_attempts=700,"


~> parmchk2 -s 2 -i CPS.mol2 -f mol2 -o CPS.frcmod


==================================================
Preparing asu files and 4phenix_3hap.pdb
==================================================

~> tleap -f 3hap_asu_tleap_input_run

Checking output filenames
  file : 3hap_asu.prmtop
  file : 3hap_asu.rst7

~> ChBox -c 3hap_asu.rst7 -o 3hap_asu.rst7 -X 44.951 -Y 102.135 -Z 128.027 -al 90.0 -bt 90.0 -gm 90.0 


============================================================
Preparing unit cell files: 4amber_3hap.prmtop and 4amber_3hap.rst7
============================================================

~> UnitCell -p 3hap_4UnitCell.pdb -o 3hap_4tleap_uc1.pdb


~> tleap -f 3hap_uc_tleap_input_run

Checking output filenames
  file : 3hap_uc.prmtop
  file : 3hap_uc.rst7

~> ChBox -c 3hap_uc.rst7 -o 3hap_uc.rst7 -X 44.951 -Y 102.135 -Z 128.027 -al 90.0 -bt 90.0 -gm 90.0 


==================================================
Minimizing input coordinates.
==================================================

~> sander -O -i 3hap_amber_all.in -p 4amber_3hap.prmtop -c 4amber_3hap.rst7 -o 3hap.min.out            -ref 4amber_3hap.rst7 -r 4amber_3hap.min.rst7

checking special positions in 4phenix_3hap.pdb

==================================================
Done.  Three new files have been made:
      4phenix_3hap.pdb
      4amber_3hap.prmtop
      4amber_3hap.rst7
==================================================

Example

  phenix.refine 4phenix_3hap.pdb use_amber=True \
    amber.topology_file_name=4amber_3hap.prmtop \
    amber.coordinate_file_name=4amber_3hap.rst7 \
    ....(other refinement keywords here).....



Substituting Amber PDB file for downloaded file
run_tests_local.py:222: UserWarning: os.system() is not safe: please use the subprocess module or libtbx.easy_run instead.
  os.system(cmd)

  Amber files
    PDB    : 3hap.pdb
    MTZ    : 3hap.mtz
    prmtop : 4amber_3hap.prmtop
    rst7   : 4amber_3hap.rst7
  
/net/lewis/raid1/scratch1/nigel/amber/hi_lo/ha/3hap
return_files 3hap
/net/chevy/raid1/nigel/amber/hi_lo
4amber_3hap.pdb
4phenix_3hap.pdb
cp 4phenix_3hap.pdb /net/chevy/raid1/nigel/amber/hi_lo/ha/3hap
3hap.pdb
cp 3hap.pdb /net/chevy/raid1/nigel/amber/hi_lo/ha/3hap
4amber_3hap.mtz
4phenix_3hap.mtz
3hap.mtz
cp 3hap.mtz /net/chevy/raid1/nigel/amber/hi_lo/ha/3hap
4amber_3hap.rst7
cp 4amber_3hap.rst7 /net/chevy/raid1/nigel/amber/hi_lo/ha/3hap
4phenix_3hap.rst7
3hap.rst7
4amber_3hap.prmtop
cp 4amber_3hap.prmtop /net/chevy/raid1/nigel/amber/hi_lo/ha/3hap
4phenix_3hap.prmtop
3hap.prmtop
4amber_3hap_refine_001.log
4phenix_3hap_refine_001.log
3hap_refine_001.log
4amber_3hap_refine_002.log
4phenix_3hap_refine_002.log
3hap_refine_002.log
4amber_3hap_refine_001.pdb
4phenix_3hap_refine_001.pdb
3hap_refine_001.pdb
4amber_3hap_refine_002.pdb
4phenix_3hap_refine_002.pdb
3hap_refine_002.pdb
local_archive /net/chevy/raid1/nigel/amber/hi_lo
archive PDB /net/chevy/raid1/nigel/amber/hi_lo/ha/3hap/3hap.pdb
/net/lewis/raid1/scratch1/nigel/amber/hi_lo/ha/3hap
------------------------------
phenix.refine log filename ? > /net/chevy/raid1/nigel/amber/hi_lo/ha/3hap/3hap_refine_001.log
------------------------------

	Already done (on chevy) 3hap_refine_001
------------------------------
phenix.refine log filename ? > /net/chevy/raid1/nigel/amber/hi_lo/ha/3hap/3hap_refine_002.log
------------------------------

	Already done (on chevy) 3hap_refine_002
