HOST morse.lbl.gov
only_i 319
only_code None
force_amber_prep True
dry_run False
... 319 1ihi
/net/chevy/raid1/nigel/amber/hi_lo
/net/chevy/raid1/nigel/amber/hi_lo/ih/1ihi
1ihi.pdb 4phenix_1ihi.pdb
local_archive None
archive PDB None
Reading from local mirror:
  /net/cci/pdb_mirror/pdb/ih/pdb1ihi.ent.gz
Model saved to /net/morse/raid1/scratch1/nigel/amber/hi_lo/ih/1ihi/1ihi.pdb
Sequence saved to /net/morse/raid1/scratch1/nigel/amber/hi_lo/ih/1ihi/1ihi.fa
Reading from local mirror:
  /net/cci/pdb_mirror/structure_factors/ih/r1ihisf.ent.gz
Structure factors saved to /net/morse/raid1/scratch1/nigel/amber/hi_lo/ih/1ihi/1ihi-sf.cif
Reading from local mirror:
  /net/cci/pdb_mirror/mmcif/ih/1ihi.cif.gz
Model saved to /net/morse/raid1/scratch1/nigel/amber/hi_lo/ih/1ihi/1ihi.cif
Can't determine output label for r1ihisf,_refln.crystal_id - skipping.
Can't determine output label for r1ihisf,_refln.scale_group_code - skipping.
Can't determine output label for r1ihisf,_refln.wavelength_id - skipping.
Converted structure factors saved to 1ihi.mtz
local_archive None
archive PDB None
Reading from local mirror:
  /net/cci/pdb_mirror/pdb/ih/pdb1ihi.ent.gz
Model saved to /net/morse/raid1/scratch1/nigel/amber/hi_lo/ih/1ihi/1ihi.pdb
Sequence saved to /net/morse/raid1/scratch1/nigel/amber/hi_lo/ih/1ihi/1ihi.fa
Reading from local mirror:
  /net/cci/pdb_mirror/structure_factors/ih/r1ihisf.ent.gz
Structure factors saved to /net/morse/raid1/scratch1/nigel/amber/hi_lo/ih/1ihi/1ihi-sf.cif
Reading from local mirror:
  /net/cci/pdb_mirror/mmcif/ih/1ihi.cif.gz
Model saved to /net/morse/raid1/scratch1/nigel/amber/hi_lo/ih/1ihi/1ihi.cif
Can't determine output label for r1ihisf,_refln.crystal_id - skipping.
Can't determine output label for r1ihisf,_refln.scale_group_code - skipping.
Can't determine output label for r1ihisf,_refln.wavelength_id - skipping.
Converted structure factors saved to 1ihi.mtz

==================================================
Summary of pdb4amber for: 1ihi.pdb
===================================================

----------Chains
The following (original) chains have been found:
A
B

---------- Alternate Locations (Original Residues!))

The following residues had alternate locations:
None

---------- Mising heavy atom(s)

None
not prmtop_filename /net/morse/scratch1/nigel/amber/hi_lo/ih/1ihi/4amber_1ihi.prmtop
not prmtop_filename /net/chevy/raid1/nigel/amber/hi_lo/ih/1ihi/4amber_1ihi.prmtop

	Running AmberPrep : 1ihi.pdb


==================================================
Running pdb4amber on 1ihi.pdb
==================================================

==================================================
Setting up library files for non-standard residues
==================================================

==================================================
Running elbow/antechamber for NAP 
==================================================

MoleculeClass :  C:21  N: 7  O:17  P: 3 (CHEMICAL COMPONENTS format)
	73 atoms
	77 bonds
	135 angles
	193 dihedrals
	4 rings (groups, rings, atoms) 5 27
	8 chirals : R R R R R S R R 

~> antechamber -i 4antechamber_NAP.pdb -fi pdb -o NAP.mol2 -fo mol2       -nc -3 -m 1 -s 2 -pf y -c bcc -at gaff2 -ek "qm_theory='AM1',grms_tol=0.0005,scfconv=1.d-10,maxcyc=0,ndiis_attempts=700,"

Sorry: Error: cannot run "/net/cci-filer2/raid1/xp/phenix/phenix-svn/modules/amber/bin/sqm -O -i sqm.in -o sqm.out" of bcc() in charge.c properly, exit
