HOST rebus.lbl.gov
only_i 344
only_code None
force_amber_prep True
dry_run False
... 344 3kyo
/net/chevy/raid1/nigel/amber/hi_lo
/net/chevy/raid1/nigel/amber/hi_lo/ky/3kyo
3kyo.pdb 4phenix_3kyo.pdb
local_archive None
archive PDB None
Reading from local mirror:
  /net/cci/pdb_mirror/pdb/ky/pdb3kyo.ent.gz
Model saved to /net/rebus/raid1/scratch1/nigel/amber/hi_lo/ky/3kyo/3kyo.pdb
Sequence saved to /net/rebus/raid1/scratch1/nigel/amber/hi_lo/ky/3kyo/3kyo.fa
Reading from local mirror:
  /net/cci/pdb_mirror/structure_factors/ky/r3kyosf.ent.gz
Structure factors saved to /net/rebus/raid1/scratch1/nigel/amber/hi_lo/ky/3kyo/3kyo-sf.cif
Reading from local mirror:
  /net/cci/pdb_mirror/mmcif/ky/3kyo.cif.gz
Model saved to /net/rebus/raid1/scratch1/nigel/amber/hi_lo/ky/3kyo/3kyo.cif
Can't determine output label for r3kyosf,_refln.crystal_id - skipping.
Can't determine output label for r3kyosf,_refln.scale_group_code - skipping.
Can't determine output label for r3kyosf,_refln.wavelength_id - skipping.
Converted structure factors saved to 3kyo.mtz
local_archive None
archive PDB None
Reading from local mirror:
  /net/cci/pdb_mirror/pdb/ky/pdb3kyo.ent.gz
Model saved to /net/rebus/raid1/scratch1/nigel/amber/hi_lo/ky/3kyo/3kyo.pdb
Sequence saved to /net/rebus/raid1/scratch1/nigel/amber/hi_lo/ky/3kyo/3kyo.fa
Reading from local mirror:
  /net/cci/pdb_mirror/structure_factors/ky/r3kyosf.ent.gz
Structure factors saved to /net/rebus/raid1/scratch1/nigel/amber/hi_lo/ky/3kyo/3kyo-sf.cif
Reading from local mirror:
  /net/cci/pdb_mirror/mmcif/ky/3kyo.cif.gz
Model saved to /net/rebus/raid1/scratch1/nigel/amber/hi_lo/ky/3kyo/3kyo.cif
Can't determine output label for r3kyosf,_refln.crystal_id - skipping.
Can't determine output label for r3kyosf,_refln.scale_group_code - skipping.
Can't determine output label for r3kyosf,_refln.wavelength_id - skipping.
Converted structure factors saved to 3kyo.mtz
not prmtop_filename /net/rebus/scratch1/nigel/amber/hi_lo/ky/3kyo/4amber_3kyo.prmtop
not prmtop_filename /net/chevy/raid1/nigel/amber/hi_lo/ky/3kyo/4amber_3kyo.prmtop

	Running AmberPrep : 3kyo.pdb


==================================================
Running pdb4amber on 3kyo.pdb
==================================================

==================================================
Setting up library files for non-standard residues
==================================================

==================================================
Preparing asu files and 4phenix_3kyo.pdb
==================================================

~> tleap -f 3kyo_asu_tleap_input_run

Checking output filenames
  file : 3kyo_asu.prmtop
  file : 3kyo_asu.rst7

~> ChBox -c 3kyo_asu.rst7 -o 3kyo_asu.rst7 -X 58.606 -Y 85.982 -Z 111.57 -al 90.0 -bt 95.61 -gm 90.0 


============================================================
Preparing unit cell files: 4amber_3kyo.prmtop and 4amber_3kyo.rst7
============================================================

~> UnitCell -p 3kyo_4UnitCell.pdb -o 3kyo_4tleap_uc1.pdb


~> tleap -f 3kyo_uc_tleap_input_run

Checking output filenames
  file : 3kyo_uc.prmtop
