HOST lewis.lbl.gov
only_i 378
only_code None
force_amber_prep True
dry_run False
... 378 2a2a
/net/chevy/raid1/nigel/amber/hi_lo
/net/chevy/raid1/nigel/amber/hi_lo/a2/2a2a
2a2a.pdb 4phenix_2a2a.pdb
2a2a.pdb 4phenix_2a2a.pdb
local_archive None
archive PDB None
Reading from local mirror:
  /net/cci/pdb_mirror/pdb/a2/pdb2a2a.ent.gz
Model saved to /net/lewis/raid1/scratch1/nigel/amber/hi_lo/a2/2a2a/2a2a.pdb
Traceback (most recent call last):
  File "/net/cci-filer2/raid1/xp/phenix/phenix-svn/build/../modules/cctbx_project/mmtbx/command_line/fetch_pdb.py", line 199, in <module>
    run2(sys.argv[1:])
  File "/net/cci-filer2/raid1/xp/phenix/phenix-svn/build/../modules/cctbx_project/mmtbx/command_line/fetch_pdb.py", line 155, in run2
    files.append(get_pdb(id, data_type_, mirror, log, format=data_format))
  File "/net/cci-filer2/raid1/xp/phenix/phenix-svn/modules/cctbx_project/iotbx/pdb/fetch.py", line 213, in get_pdb
    data = fetch(id, data_type, mirror=mirror, format=format, log=log)
  File "/net/cci-filer2/raid1/xp/phenix/phenix-svn/modules/cctbx_project/iotbx/pdb/fetch.py", line 150, in fetch
    data = libtbx.utils.urlopen(url)
  File "/net/cci-filer2/raid1/xp/phenix/phenix-svn/modules/cctbx_project/libtbx/utils.py", line 2069, in urlopen
    return urllib2.urlopen(*args, **kwds)
  File "/net/cci-filer2/raid1/xp/phenix/phenix-svn/base/lib/python2.7/urllib2.py", line 127, in urlopen
    return _opener.open(url, data, timeout)
  File "/net/cci-filer2/raid1/xp/phenix/phenix-svn/base/lib/python2.7/urllib2.py", line 404, in open
    response = self._open(req, data)
  File "/net/cci-filer2/raid1/xp/phenix/phenix-svn/base/lib/python2.7/urllib2.py", line 422, in _open
    '_open', req)
  File "/net/cci-filer2/raid1/xp/phenix/phenix-svn/base/lib/python2.7/urllib2.py", line 382, in _call_chain
    result = func(*args)
  File "/net/cci-filer2/raid1/xp/phenix/phenix-svn/base/lib/python2.7/urllib2.py", line 1214, in http_open
    return self.do_open(httplib.HTTPConnection, req)
  File "/net/cci-filer2/raid1/xp/phenix/phenix-svn/base/lib/python2.7/urllib2.py", line 1184, in do_open
    raise URLError(err)
urllib2.URLError: <urlopen error [Errno 110] Connection timed out>
local_archive None
archive PDB None
Reading from local mirror:
  /net/cci/pdb_mirror/pdb/a2/pdb2a2a.ent.gz
Model saved to /net/lewis/raid1/scratch1/nigel/amber/hi_lo/a2/2a2a/2a2a.pdb
Traceback (most recent call last):
  File "/net/cci-filer2/raid1/xp/phenix/phenix-svn/build/../modules/cctbx_project/mmtbx/command_line/fetch_pdb.py", line 199, in <module>
    run2(sys.argv[1:])
  File "/net/cci-filer2/raid1/xp/phenix/phenix-svn/build/../modules/cctbx_project/mmtbx/command_line/fetch_pdb.py", line 155, in run2
    files.append(get_pdb(id, data_type_, mirror, log, format=data_format))
  File "/net/cci-filer2/raid1/xp/phenix/phenix-svn/modules/cctbx_project/iotbx/pdb/fetch.py", line 213, in get_pdb
    data = fetch(id, data_type, mirror=mirror, format=format, log=log)
  File "/net/cci-filer2/raid1/xp/phenix/phenix-svn/modules/cctbx_project/iotbx/pdb/fetch.py", line 150, in fetch
    data = libtbx.utils.urlopen(url)
  File "/net/cci-filer2/raid1/xp/phenix/phenix-svn/modules/cctbx_project/libtbx/utils.py", line 2069, in urlopen
    return urllib2.urlopen(*args, **kwds)
  File "/net/cci-filer2/raid1/xp/phenix/phenix-svn/base/lib/python2.7/urllib2.py", line 127, in urlopen
    return _opener.open(url, data, timeout)
  File "/net/cci-filer2/raid1/xp/phenix/phenix-svn/base/lib/python2.7/urllib2.py", line 404, in open
    response = self._open(req, data)
  File "/net/cci-filer2/raid1/xp/phenix/phenix-svn/base/lib/python2.7/urllib2.py", line 422, in _open
    '_open', req)
  File "/net/cci-filer2/raid1/xp/phenix/phenix-svn/base/lib/python2.7/urllib2.py", line 382, in _call_chain
    result = func(*args)
  File "/net/cci-filer2/raid1/xp/phenix/phenix-svn/base/lib/python2.7/urllib2.py", line 1214, in http_open
    return self.do_open(httplib.HTTPConnection, req)
  File "/net/cci-filer2/raid1/xp/phenix/phenix-svn/base/lib/python2.7/urllib2.py", line 1184, in do_open
    raise URLError(err)
urllib2.URLError: <urlopen error [Errno 110] Connection timed out>

==================================================
Summary of pdb4amber for: 2a2a.pdb
===================================================

----------Chains
The following (original) chains have been found:
A
B
C
D

---------- Alternate Locations (Original Residues!))

The following residues had alternate locations:
ARG_63
GLU_64
SER_66
ILE_67
THR_78
LEU_79
ASP_88
VAL_89
SER_118
PHE_119
ASP_149
LYS_150
GLU_169
ASP_170
GLU_197
ALA_198
VAL_257
LYS_258
GLU_294
ASN_295
ARG_366
GLU_367
THR_390
ASP_391
GLN_410
LYS_411
SER_413
LEU_414
SER_421
PHE_422
SER_536
TYR_537
LYS_557
LEU_558
LYS_611
GLN_612
GLU_623
GLU_624
ILE_683
THR_684
LEU_685
SER_724
PHE_725
ILE_751
MET_752
GLU_852
LEU_853
VAL_863
LYS_864
ARG_972
GLU_973
VAL_980
LEU_981
SER_1027
PHE_1028
ILE_1029
LYS_1030
ARG_1196
GLU_1197

---------- Mising heavy atom(s)

ARG_304 misses 6 heavy atom(s)
ARG_607 misses 6 heavy atom(s)
ARG_910 misses 6 heavy atom(s)
ARG_1213 misses 6 heavy atom(s)
The alternate coordinates have been discarded.
Only the first occurrence for each atom was kept.

==================================================
Summary of pdb4amber for: 2a2a_4tleap_uc1.pdb
===================================================

----------Chains
The following (original) chains have been found:
A
B
C
D

---------- Alternate Locations (Original Residues!))

The following residues had alternate locations:
None

---------- Mising heavy atom(s)

None
not prmtop_filename /net/lewis/scratch1/nigel/amber/hi_lo/a2/2a2a/4amber_2a2a.prmtop

	Running AmberPrep : 2a2a.pdb


==================================================
Running pdb4amber on 2a2a.pdb
==================================================

==================================================
Setting up library files for non-standard residues
==================================================

  Residue "GOL" already in amber monomer library. Skipping elbow/antechamber
    run for this residue.
        

  Residue "DTT" already in amber monomer library. Skipping elbow/antechamber
    run for this residue.
        

==================================================
Preparing asu files and 4phenix_2a2a.pdb
==================================================

~> tleap -f 2a2a_asu_tleap_input_run

Checking output filenames
  file : 2a2a_asu.prmtop
  file : 2a2a_asu.rst7

~> ChBox -c 2a2a_asu.rst7 -o 2a2a_asu.rst7 -X 55.3 -Y 60.65 -Z 98.71 -al 92.16 -bt 103.45 -gm 94.25 


============================================================
Preparing unit cell files: 4amber_2a2a.prmtop and 4amber_2a2a.rst7
============================================================

~> UnitCell -p 2a2a_4UnitCell.pdb -o 2a2a_4tleap_uc1.pdb


~> tleap -f 2a2a_uc_tleap_input_run

Checking output filenames
  file : 2a2a_uc.prmtop
  file : 2a2a_uc.rst7

~> ChBox -c 2a2a_uc.rst7 -o 2a2a_uc.rst7 -X 55.3 -Y 60.65 -Z 98.71 -al 92.16 -bt 103.45 -gm 94.25 


==================================================
Minimizing input coordinates.
==================================================

~> sander -O -i 2a2a_amber_all.in -p 4amber_2a2a.prmtop -c 4amber_2a2a.rst7 -o 2a2a.min.out            -ref 4amber_2a2a.rst7 -r 4amber_2a2a.min.rst7

checking special positions in 4phenix_2a2a.pdb

==================================================
Done.  Three new files have been made:
      4phenix_2a2a.pdb
      4amber_2a2a.prmtop
      4amber_2a2a.rst7
==================================================

Example

  phenix.refine 4phenix_2a2a.pdb use_amber=True \
    amber.topology_file_name=4amber_2a2a.prmtop \
    amber.coordinate_file_name=4amber_2a2a.rst7 \
    ....(other refinement keywords here).....



Substituting Amber PDB file for downloaded file
run_tests_local.py:222: UserWarning: os.system() is not safe: please use the subprocess module or libtbx.easy_run instead.
  os.system(cmd)

  Amber files
    PDB    : 2a2a.pdb
    MTZ    : 2a2a.mtz
    prmtop : 4amber_2a2a.prmtop
    rst7   : 4amber_2a2a.rst7
  
/net/lewis/raid1/scratch1/nigel/amber/hi_lo/a2/2a2a
return_files 2a2a
/net/chevy/raid1/nigel/amber/hi_lo
4amber_2a2a.pdb
4phenix_2a2a.pdb
cp 4phenix_2a2a.pdb /net/chevy/raid1/nigel/amber/hi_lo/a2/2a2a
2a2a.pdb
cp 2a2a.pdb /net/chevy/raid1/nigel/amber/hi_lo/a2/2a2a
4amber_2a2a.mtz
4phenix_2a2a.mtz
2a2a.mtz
cp 2a2a.mtz /net/chevy/raid1/nigel/amber/hi_lo/a2/2a2a
4amber_2a2a.rst7
cp 4amber_2a2a.rst7 /net/chevy/raid1/nigel/amber/hi_lo/a2/2a2a
4phenix_2a2a.rst7
2a2a.rst7
4amber_2a2a.prmtop
cp 4amber_2a2a.prmtop /net/chevy/raid1/nigel/amber/hi_lo/a2/2a2a
4phenix_2a2a.prmtop
2a2a.prmtop
4amber_2a2a_refine_001.log
4phenix_2a2a_refine_001.log
2a2a_refine_001.log
4amber_2a2a_refine_002.log
4phenix_2a2a_refine_002.log
2a2a_refine_002.log
4amber_2a2a_refine_001.pdb
4phenix_2a2a_refine_001.pdb
2a2a_refine_001.pdb
4amber_2a2a_refine_002.pdb
4phenix_2a2a_refine_002.pdb
2a2a_refine_002.pdb
local_archive /net/chevy/raid1/nigel/amber/hi_lo
archive PDB /net/chevy/raid1/nigel/amber/hi_lo/a2/2a2a/2a2a.pdb
/net/lewis/raid1/scratch1/nigel/amber/hi_lo/a2/2a2a
------------------------------
phenix.refine log filename ? > /net/chevy/raid1/nigel/amber/hi_lo/a2/2a2a/2a2a_refine_001.log
------------------------------

	Already done (on chevy) 2a2a_refine_001
------------------------------
phenix.refine log filename ? > /net/chevy/raid1/nigel/amber/hi_lo/a2/2a2a/2a2a_refine_002.log
------------------------------

	Already done (on chevy) 2a2a_refine_002
