HOST morse.lbl.gov
only_i 359
only_code None
force_amber_prep True
dry_run False
... 359 1aum
/net/chevy/raid1/nigel/amber/hi_lo
/net/chevy/raid1/nigel/amber/hi_lo/au/1aum
1aum.pdb 4phenix_1aum.pdb
1aum.pdb 4phenix_1aum.pdb
local_archive None
archive PDB None
Reading from local mirror:
  /net/cci/pdb_mirror/pdb/au/pdb1aum.ent.gz
Model saved to /net/morse/raid1/scratch1/nigel/amber/hi_lo/au/1aum/1aum.pdb
Sequence saved to /net/morse/raid1/scratch1/nigel/amber/hi_lo/au/1aum/1aum.fa
Reading from local mirror:
  /net/cci/pdb_mirror/structure_factors/au/r1aumsf.ent.gz
Structure factors saved to /net/morse/raid1/scratch1/nigel/amber/hi_lo/au/1aum/1aum-sf.cif
Reading from local mirror:
  /net/cci/pdb_mirror/mmcif/au/1aum.cif.gz
Model saved to /net/morse/raid1/scratch1/nigel/amber/hi_lo/au/1aum/1aum.cif
Can't determine output label for r1aumsf,_refln.crystal_id - skipping.
Can't determine output label for r1aumsf,_refln.scale_group_code - skipping.
Can't determine output label for r1aumsf,_refln.wavelength_id - skipping.
Converted structure factors saved to 1aum.mtz
local_archive None
archive PDB None
Reading from local mirror:
  /net/cci/pdb_mirror/pdb/au/pdb1aum.ent.gz
Model saved to /net/morse/raid1/scratch1/nigel/amber/hi_lo/au/1aum/1aum.pdb
Sequence saved to /net/morse/raid1/scratch1/nigel/amber/hi_lo/au/1aum/1aum.fa
Reading from local mirror:
  /net/cci/pdb_mirror/structure_factors/au/r1aumsf.ent.gz
Structure factors saved to /net/morse/raid1/scratch1/nigel/amber/hi_lo/au/1aum/1aum-sf.cif
Reading from local mirror:
  /net/cci/pdb_mirror/mmcif/au/1aum.cif.gz
Model saved to /net/morse/raid1/scratch1/nigel/amber/hi_lo/au/1aum/1aum.cif
Can't determine output label for r1aumsf,_refln.crystal_id - skipping.
Can't determine output label for r1aumsf,_refln.scale_group_code - skipping.
Can't determine output label for r1aumsf,_refln.wavelength_id - skipping.
Converted structure factors saved to 1aum.mtz

==================================================
Summary of pdb4amber for: 1aum.pdb
===================================================
REDUCE returned non-zero exit status: See reduce_info.log for more details

----------Chains
The following (original) chains have been found:
A

---------- Alternate Locations (Original Residues!))

The following residues had alternate locations:
None

---------- Mising heavy atom(s)

None

==================================================
Summary of pdb4amber for: 1aum_4tleap_uc1.pdb
===================================================

----------Chains
The following (original) chains have been found:
A

---------- Alternate Locations (Original Residues!))

The following residues had alternate locations:
None

---------- Mising heavy atom(s)

None
not prmtop_filename /net/morse/scratch1/nigel/amber/hi_lo/au/1aum/4amber_1aum.prmtop

	Running AmberPrep : 1aum.pdb


==================================================
Running pdb4amber on 1aum.pdb
==================================================

==================================================
Setting up library files for non-standard residues
==================================================

==================================================
Preparing asu files and 4phenix_1aum.pdb
==================================================

~> tleap -f 1aum_asu_tleap_input_run

Checking output filenames
  file : 1aum_asu.prmtop
  file : 1aum_asu.rst7

~> ChBox -c 1aum_asu.rst7 -o 1aum_asu.rst7 -X 60.48 -Y 60.48 -Z 59.69 -al 90.0 -bt 90.0 -gm 90.0 


============================================================
Preparing unit cell files: 4amber_1aum.prmtop and 4amber_1aum.rst7
============================================================

~> UnitCell -p 1aum_4UnitCell.pdb -o 1aum_4tleap_uc1.pdb


~> tleap -f 1aum_uc_tleap_input_run

Checking output filenames
  file : 1aum_uc.prmtop
  file : 1aum_uc.rst7

~> ChBox -c 1aum_uc.rst7 -o 1aum_uc.rst7 -X 60.48 -Y 60.48 -Z 59.69 -al 90.0 -bt 90.0 -gm 90.0 


==================================================
Minimizing input coordinates.
==================================================

~> sander -O -i 1aum_amber_all.in -p 4amber_1aum.prmtop -c 4amber_1aum.rst7 -o 1aum.min.out            -ref 4amber_1aum.rst7 -r 4amber_1aum.min.rst7

checking special positions in 4phenix_1aum.pdb

==================================================
Done.  Three new files have been made:
      4phenix_1aum.pdb
      4amber_1aum.prmtop
      4amber_1aum.rst7
==================================================

Example

  phenix.refine 4phenix_1aum.pdb use_amber=True \
    amber.topology_file_name=4amber_1aum.prmtop \
    amber.coordinate_file_name=4amber_1aum.rst7 \
    ....(other refinement keywords here).....



Substituting Amber PDB file for downloaded file
run_tests_local.py:222: UserWarning: os.system() is not safe: please use the subprocess module or libtbx.easy_run instead.
  os.system(cmd)

  Amber files
    PDB    : 1aum.pdb
    MTZ    : 1aum.mtz
    prmtop : 4amber_1aum.prmtop
    rst7   : 4amber_1aum.rst7
  
/net/morse/raid1/scratch1/nigel/amber/hi_lo/au/1aum
return_files 1aum
/net/chevy/raid1/nigel/amber/hi_lo
4amber_1aum.pdb
4phenix_1aum.pdb
cp 4phenix_1aum.pdb /net/chevy/raid1/nigel/amber/hi_lo/au/1aum
1aum.pdb
cp 1aum.pdb /net/chevy/raid1/nigel/amber/hi_lo/au/1aum
4amber_1aum.mtz
4phenix_1aum.mtz
1aum.mtz
cp 1aum.mtz /net/chevy/raid1/nigel/amber/hi_lo/au/1aum
4amber_1aum.rst7
cp 4amber_1aum.rst7 /net/chevy/raid1/nigel/amber/hi_lo/au/1aum
4phenix_1aum.rst7
1aum.rst7
4amber_1aum.prmtop
cp 4amber_1aum.prmtop /net/chevy/raid1/nigel/amber/hi_lo/au/1aum
4phenix_1aum.prmtop
1aum.prmtop
4amber_1aum_refine_001.log
4phenix_1aum_refine_001.log
1aum_refine_001.log
4amber_1aum_refine_002.log
4phenix_1aum_refine_002.log
1aum_refine_002.log
4amber_1aum_refine_001.pdb
4phenix_1aum_refine_001.pdb
1aum_refine_001.pdb
4amber_1aum_refine_002.pdb
4phenix_1aum_refine_002.pdb
1aum_refine_002.pdb
local_archive /net/chevy/raid1/nigel/amber/hi_lo
archive PDB /net/chevy/raid1/nigel/amber/hi_lo/au/1aum/1aum.pdb
/net/morse/raid1/scratch1/nigel/amber/hi_lo/au/1aum
------------------------------
phenix.refine log filename ? > /net/chevy/raid1/nigel/amber/hi_lo/au/1aum/1aum_refine_001.log
------------------------------

	Already done (on chevy) 1aum_refine_001
------------------------------
phenix.refine log filename ? > /net/chevy/raid1/nigel/amber/hi_lo/au/1aum/1aum_refine_002.log
------------------------------

	Already done (on chevy) 1aum_refine_002
