HOST morse.lbl.gov
only_i 212
only_code None
force_amber_prep True
dry_run False
... 212 2d0d
/net/chevy/raid1/nigel/amber/hi_lo
/net/chevy/raid1/nigel/amber/hi_lo/d0/2d0d
2d0d.pdb 4phenix_2d0d.pdb
2d0d.pdb 4phenix_2d0d.pdb
local_archive None
archive PDB None
Reading from local mirror:
  /net/cci/pdb_mirror/pdb/d0/pdb2d0d.ent.gz
Model saved to /net/morse/raid1/scratch1/nigel/amber/hi_lo/d0/2d0d/2d0d.pdb
Sequence saved to /net/morse/raid1/scratch1/nigel/amber/hi_lo/d0/2d0d/2d0d.fa
Reading from local mirror:
  /net/cci/pdb_mirror/structure_factors/d0/r2d0dsf.ent.gz
Structure factors saved to /net/morse/raid1/scratch1/nigel/amber/hi_lo/d0/2d0d/2d0d-sf.cif
Reading from local mirror:
  /net/cci/pdb_mirror/mmcif/d0/2d0d.cif.gz
Model saved to /net/morse/raid1/scratch1/nigel/amber/hi_lo/d0/2d0d/2d0d.cif
Can't determine output label for r2d0dsf,_refln.crystal_id - skipping.
Can't determine output label for r2d0dsf,_refln.scale_group_code - skipping.
R-free-flags: fraction_free=0.050
R-free-flags: missing 26 reflections
Can't determine output label for r2d0dsf,_refln.wavelength_id - skipping.
Converted structure factors saved to 2d0d.mtz
local_archive None
archive PDB None
Reading from local mirror:
  /net/cci/pdb_mirror/pdb/d0/pdb2d0d.ent.gz
Model saved to /net/morse/raid1/scratch1/nigel/amber/hi_lo/d0/2d0d/2d0d.pdb
Sequence saved to /net/morse/raid1/scratch1/nigel/amber/hi_lo/d0/2d0d/2d0d.fa
Reading from local mirror:
  /net/cci/pdb_mirror/structure_factors/d0/r2d0dsf.ent.gz
Structure factors saved to /net/morse/raid1/scratch1/nigel/amber/hi_lo/d0/2d0d/2d0d-sf.cif
Reading from local mirror:
  /net/cci/pdb_mirror/mmcif/d0/2d0d.cif.gz
Model saved to /net/morse/raid1/scratch1/nigel/amber/hi_lo/d0/2d0d/2d0d.cif
Can't determine output label for r2d0dsf,_refln.crystal_id - skipping.
Can't determine output label for r2d0dsf,_refln.scale_group_code - skipping.
R-free-flags: fraction_free=0.050
R-free-flags: missing 26 reflections
Can't determine output label for r2d0dsf,_refln.wavelength_id - skipping.
Converted structure factors saved to 2d0d.mtz

==================================================
Summary of pdb4amber for: 2d0d.pdb
===================================================
REDUCE returned non-zero exit status: See reduce_info.log for more details

----------Chains
The following (original) chains have been found:
A

---------- Alternate Locations (Original Residues!))

The following residues had alternate locations:
None

---------- Mising heavy atom(s)

None

==================================================
Summary of pdb4amber for: 2d0d_4tleap_uc1.pdb
===================================================

----------Chains
The following (original) chains have been found:
A

---------- Alternate Locations (Original Residues!))

The following residues had alternate locations:
None

---------- Mising heavy atom(s)

None
not prmtop_filename /net/morse/scratch1/nigel/amber/hi_lo/d0/2d0d/4amber_2d0d.prmtop

	Running AmberPrep : 2d0d.pdb


==================================================
Running pdb4amber on 2d0d.pdb
==================================================

==================================================
Setting up library files for non-standard residues
==================================================

  Residue "PO4" already in amber monomer library. Skipping elbow/antechamber
    run for this residue.
        

==================================================
Preparing asu files and 4phenix_2d0d.pdb
==================================================

~> tleap -f 2d0d_asu_tleap_input_run

Checking output filenames
  file : 2d0d_asu.prmtop
  file : 2d0d_asu.rst7

~> ChBox -c 2d0d_asu.rst7 -o 2d0d_asu.rst7 -X 76.65 -Y 116.623 -Z 78.64 -al 90.0 -bt 90.0 -gm 90.0 


============================================================
Preparing unit cell files: 4amber_2d0d.prmtop and 4amber_2d0d.rst7
============================================================

~> UnitCell -p 2d0d_4UnitCell.pdb -o 2d0d_4tleap_uc1.pdb


~> tleap -f 2d0d_uc_tleap_input_run

Checking output filenames
  file : 2d0d_uc.prmtop
  file : 2d0d_uc.rst7

~> ChBox -c 2d0d_uc.rst7 -o 2d0d_uc.rst7 -X 76.65 -Y 116.623 -Z 78.64 -al 90.0 -bt 90.0 -gm 90.0 


==================================================
Minimizing input coordinates.
==================================================

~> sander -O -i 2d0d_amber_all.in -p 4amber_2d0d.prmtop -c 4amber_2d0d.rst7 -o 2d0d.min.out            -ref 4amber_2d0d.rst7 -r 4amber_2d0d.min.rst7

checking special positions in 4phenix_2d0d.pdb

==================================================
Done.  Three new files have been made:
      4phenix_2d0d.pdb
      4amber_2d0d.prmtop
      4amber_2d0d.rst7
==================================================

Example

  phenix.refine 4phenix_2d0d.pdb use_amber=True \
    amber.topology_file_name=4amber_2d0d.prmtop \
    amber.coordinate_file_name=4amber_2d0d.rst7 \
    ....(other refinement keywords here).....



Substituting Amber PDB file for downloaded file
run_tests_local.py:222: UserWarning: os.system() is not safe: please use the subprocess module or libtbx.easy_run instead.
  os.system(cmd)

  Amber files
    PDB    : 2d0d.pdb
    MTZ    : 2d0d.mtz
    prmtop : 4amber_2d0d.prmtop
    rst7   : 4amber_2d0d.rst7
  
/net/morse/raid1/scratch1/nigel/amber/hi_lo/d0/2d0d
return_files 2d0d
/net/chevy/raid1/nigel/amber/hi_lo
4amber_2d0d.pdb
4phenix_2d0d.pdb
cp 4phenix_2d0d.pdb /net/chevy/raid1/nigel/amber/hi_lo/d0/2d0d
2d0d.pdb
cp 2d0d.pdb /net/chevy/raid1/nigel/amber/hi_lo/d0/2d0d
4amber_2d0d.mtz
4phenix_2d0d.mtz
2d0d.mtz
cp 2d0d.mtz /net/chevy/raid1/nigel/amber/hi_lo/d0/2d0d
4amber_2d0d.rst7
cp 4amber_2d0d.rst7 /net/chevy/raid1/nigel/amber/hi_lo/d0/2d0d
4phenix_2d0d.rst7
2d0d.rst7
4amber_2d0d.prmtop
cp 4amber_2d0d.prmtop /net/chevy/raid1/nigel/amber/hi_lo/d0/2d0d
4phenix_2d0d.prmtop
2d0d.prmtop
4amber_2d0d_refine_001.log
4phenix_2d0d_refine_001.log
2d0d_refine_001.log
4amber_2d0d_refine_002.log
4phenix_2d0d_refine_002.log
2d0d_refine_002.log
4amber_2d0d_refine_001.pdb
4phenix_2d0d_refine_001.pdb
2d0d_refine_001.pdb
4amber_2d0d_refine_002.pdb
4phenix_2d0d_refine_002.pdb
2d0d_refine_002.pdb
local_archive /net/chevy/raid1/nigel/amber/hi_lo
archive PDB /net/chevy/raid1/nigel/amber/hi_lo/d0/2d0d/2d0d.pdb
/net/morse/raid1/scratch1/nigel/amber/hi_lo/d0/2d0d
------------------------------
phenix.refine log filename ? > /net/chevy/raid1/nigel/amber/hi_lo/d0/2d0d/2d0d_refine_001.log
------------------------------

	Already done (on chevy) 2d0d_refine_001
------------------------------
phenix.refine log filename ? > /net/chevy/raid1/nigel/amber/hi_lo/d0/2d0d/2d0d_refine_002.log
------------------------------

	Already done (on chevy) 2d0d_refine_002
