HOST lewis.lbl.gov
only_i 49
only_code None
force_amber_prep True
dry_run False
... 49 2ecp
/net/chevy/raid1/nigel/amber/hi_lo
/net/chevy/raid1/nigel/amber/hi_lo/ec/2ecp
2ecp.pdb 4phenix_2ecp.pdb
2ecp.pdb 4phenix_2ecp.pdb
local_archive None
archive PDB None
Reading from local mirror:
  /net/cci/pdb_mirror/pdb/ec/pdb2ecp.ent.gz
Model saved to /net/lewis/raid1/scratch1/nigel/amber/hi_lo/ec/2ecp/2ecp.pdb
Traceback (most recent call last):
  File "/net/cci-filer2/raid1/xp/phenix/phenix-svn/build/../modules/cctbx_project/mmtbx/command_line/fetch_pdb.py", line 199, in <module>
    run2(sys.argv[1:])
  File "/net/cci-filer2/raid1/xp/phenix/phenix-svn/build/../modules/cctbx_project/mmtbx/command_line/fetch_pdb.py", line 155, in run2
    files.append(get_pdb(id, data_type_, mirror, log, format=data_format))
  File "/net/cci-filer2/raid1/xp/phenix/phenix-svn/modules/cctbx_project/iotbx/pdb/fetch.py", line 213, in get_pdb
    data = fetch(id, data_type, mirror=mirror, format=format, log=log)
  File "/net/cci-filer2/raid1/xp/phenix/phenix-svn/modules/cctbx_project/iotbx/pdb/fetch.py", line 150, in fetch
    data = libtbx.utils.urlopen(url)
  File "/net/cci-filer2/raid1/xp/phenix/phenix-svn/modules/cctbx_project/libtbx/utils.py", line 2069, in urlopen
    return urllib2.urlopen(*args, **kwds)
  File "/net/cci-filer2/raid1/xp/phenix/phenix-svn/base/lib/python2.7/urllib2.py", line 127, in urlopen
    return _opener.open(url, data, timeout)
  File "/net/cci-filer2/raid1/xp/phenix/phenix-svn/base/lib/python2.7/urllib2.py", line 404, in open
    response = self._open(req, data)
  File "/net/cci-filer2/raid1/xp/phenix/phenix-svn/base/lib/python2.7/urllib2.py", line 422, in _open
    '_open', req)
  File "/net/cci-filer2/raid1/xp/phenix/phenix-svn/base/lib/python2.7/urllib2.py", line 382, in _call_chain
    result = func(*args)
  File "/net/cci-filer2/raid1/xp/phenix/phenix-svn/base/lib/python2.7/urllib2.py", line 1214, in http_open
    return self.do_open(httplib.HTTPConnection, req)
  File "/net/cci-filer2/raid1/xp/phenix/phenix-svn/base/lib/python2.7/urllib2.py", line 1184, in do_open
    raise URLError(err)
urllib2.URLError: <urlopen error [Errno 110] Connection timed out>
local_archive None
archive PDB None
Reading from local mirror:
  /net/cci/pdb_mirror/pdb/ec/pdb2ecp.ent.gz
Model saved to /net/lewis/raid1/scratch1/nigel/amber/hi_lo/ec/2ecp/2ecp.pdb
Traceback (most recent call last):
  File "/net/cci-filer2/raid1/xp/phenix/phenix-svn/build/../modules/cctbx_project/mmtbx/command_line/fetch_pdb.py", line 199, in <module>
    run2(sys.argv[1:])
  File "/net/cci-filer2/raid1/xp/phenix/phenix-svn/build/../modules/cctbx_project/mmtbx/command_line/fetch_pdb.py", line 155, in run2
    files.append(get_pdb(id, data_type_, mirror, log, format=data_format))
  File "/net/cci-filer2/raid1/xp/phenix/phenix-svn/modules/cctbx_project/iotbx/pdb/fetch.py", line 213, in get_pdb
    data = fetch(id, data_type, mirror=mirror, format=format, log=log)
  File "/net/cci-filer2/raid1/xp/phenix/phenix-svn/modules/cctbx_project/iotbx/pdb/fetch.py", line 150, in fetch
    data = libtbx.utils.urlopen(url)
  File "/net/cci-filer2/raid1/xp/phenix/phenix-svn/modules/cctbx_project/libtbx/utils.py", line 2069, in urlopen
    return urllib2.urlopen(*args, **kwds)
  File "/net/cci-filer2/raid1/xp/phenix/phenix-svn/base/lib/python2.7/urllib2.py", line 127, in urlopen
    return _opener.open(url, data, timeout)
  File "/net/cci-filer2/raid1/xp/phenix/phenix-svn/base/lib/python2.7/urllib2.py", line 404, in open
    response = self._open(req, data)
  File "/net/cci-filer2/raid1/xp/phenix/phenix-svn/base/lib/python2.7/urllib2.py", line 422, in _open
    '_open', req)
  File "/net/cci-filer2/raid1/xp/phenix/phenix-svn/base/lib/python2.7/urllib2.py", line 382, in _call_chain
    result = func(*args)
  File "/net/cci-filer2/raid1/xp/phenix/phenix-svn/base/lib/python2.7/urllib2.py", line 1214, in http_open
    return self.do_open(httplib.HTTPConnection, req)
  File "/net/cci-filer2/raid1/xp/phenix/phenix-svn/base/lib/python2.7/urllib2.py", line 1184, in do_open
    raise URLError(err)
urllib2.URLError: <urlopen error [Errno 110] Connection timed out>

==================================================
Summary of pdb4amber for: 2ecp.pdb
===================================================

----------Chains
The following (original) chains have been found:
A
B

---------- Alternate Locations (Original Residues!))

The following residues had alternate locations:
None

---------- Mising heavy atom(s)

None
not prmtop_filename /net/lewis/scratch1/nigel/amber/hi_lo/ec/2ecp/4amber_2ecp.prmtop

	Running AmberPrep : 2ecp.pdb


==================================================
Running pdb4amber on 2ecp.pdb
==================================================

==================================================
Setting up library files for non-standard residues
==================================================

==================================================
Running elbow/antechamber for ACR 
==================================================

==================================================
Summary of pdb4amber for: 2ecp_4tleap_uc1.pdb
===================================================

----------Chains
The following (original) chains have been found:
A
B

---------- Alternate Locations (Original Residues!))

The following residues had alternate locations:
None

---------- Mising heavy atom(s)

None

MoleculeClass :  C:25  N: 1  O:18 (CHEMICAL COMPONENTS format)
	87 atoms
	90 bonds
	165 angles
	265 dihedrals
	4 rings (groups, rings, atoms) 4 24
	19 chirals : S S S R R R S S R R R R S R S R R S R 

~> antechamber -i 4antechamber_ACR.pdb -fi pdb -o ACR.mol2 -fo mol2       -nc 0 -m 1 -s 2 -pf y -c bcc -at gaff2 -ek "qm_theory='AM1',grms_tol=0.0005,scfconv=1.d-10,maxcyc=0,ndiis_attempts=700,"


~> parmchk2 -s 2 -i ACR.mol2 -f mol2 -o ACR.frcmod


  Residue "GOL" already in amber monomer library. Skipping elbow/antechamber
    run for this residue.
        

  Residue "PLP" already in amber monomer library. Skipping elbow/antechamber
    run for this residue.
        

==================================================
Preparing asu files and 4phenix_2ecp.pdb
==================================================

~> tleap -f 2ecp_asu_tleap_input_run

Checking output filenames
  file : 2ecp_asu.prmtop
  file : 2ecp_asu.rst7

~> ChBox -c 2ecp_asu.rst7 -o 2ecp_asu.rst7 -X 76.49 -Y 105.84 -Z 217.72 -al 90.0 -bt 90.0 -gm 90.0 


============================================================
Preparing unit cell files: 4amber_2ecp.prmtop and 4amber_2ecp.rst7
============================================================

~> UnitCell -p 2ecp_4UnitCell.pdb -o 2ecp_4tleap_uc1.pdb


~> tleap -f 2ecp_uc_tleap_input_run

Checking output filenames
  file : 2ecp_uc.prmtop
  file : 2ecp_uc.rst7

~> ChBox -c 2ecp_uc.rst7 -o 2ecp_uc.rst7 -X 76.49 -Y 105.84 -Z 217.72 -al 90.0 -bt 90.0 -gm 90.0 


==================================================
Minimizing input coordinates.
==================================================

~> sander -O -i 2ecp_amber_all.in -p 4amber_2ecp.prmtop -c 4amber_2ecp.rst7 -o 2ecp.min.out            -ref 4amber_2ecp.rst7 -r 4amber_2ecp.min.rst7

checking special positions in 4phenix_2ecp.pdb

==================================================
Done.  Three new files have been made:
      4phenix_2ecp.pdb
      4amber_2ecp.prmtop
      4amber_2ecp.rst7
==================================================

Example

  phenix.refine 4phenix_2ecp.pdb use_amber=True \
    amber.topology_file_name=4amber_2ecp.prmtop \
    amber.coordinate_file_name=4amber_2ecp.rst7 \
    ....(other refinement keywords here).....



Substituting Amber PDB file for downloaded file
run_tests_local.py:222: UserWarning: os.system() is not safe: please use the subprocess module or libtbx.easy_run instead.
  os.system(cmd)

  Amber files
    PDB    : 2ecp.pdb
    MTZ    : 2ecp.mtz
    prmtop : 4amber_2ecp.prmtop
    rst7   : 4amber_2ecp.rst7
  
/net/lewis/raid1/scratch1/nigel/amber/hi_lo/ec/2ecp
return_files 2ecp
/net/chevy/raid1/nigel/amber/hi_lo
4amber_2ecp.pdb
4phenix_2ecp.pdb
cp 4phenix_2ecp.pdb /net/chevy/raid1/nigel/amber/hi_lo/ec/2ecp
2ecp.pdb
cp 2ecp.pdb /net/chevy/raid1/nigel/amber/hi_lo/ec/2ecp
4amber_2ecp.mtz
4phenix_2ecp.mtz
2ecp.mtz
cp 2ecp.mtz /net/chevy/raid1/nigel/amber/hi_lo/ec/2ecp
4amber_2ecp.rst7
cp 4amber_2ecp.rst7 /net/chevy/raid1/nigel/amber/hi_lo/ec/2ecp
4phenix_2ecp.rst7
2ecp.rst7
4amber_2ecp.prmtop
cp 4amber_2ecp.prmtop /net/chevy/raid1/nigel/amber/hi_lo/ec/2ecp
4phenix_2ecp.prmtop
2ecp.prmtop
4amber_2ecp_refine_001.log
4phenix_2ecp_refine_001.log
2ecp_refine_001.log
4amber_2ecp_refine_002.log
4phenix_2ecp_refine_002.log
2ecp_refine_002.log
4amber_2ecp_refine_001.pdb
4phenix_2ecp_refine_001.pdb
2ecp_refine_001.pdb
4amber_2ecp_refine_002.pdb
4phenix_2ecp_refine_002.pdb
2ecp_refine_002.pdb
local_archive /net/chevy/raid1/nigel/amber/hi_lo
archive PDB /net/chevy/raid1/nigel/amber/hi_lo/ec/2ecp/2ecp.pdb
/net/lewis/raid1/scratch1/nigel/amber/hi_lo/ec/2ecp
------------------------------
phenix.refine log filename ? > /net/chevy/raid1/nigel/amber/hi_lo/ec/2ecp/2ecp_refine_001.log
------------------------------

	Already done (on chevy) 2ecp_refine_001
------------------------------
phenix.refine log filename ? > /net/chevy/raid1/nigel/amber/hi_lo/ec/2ecp/2ecp_refine_002.log
------------------------------

	Already done (on chevy) 2ecp_refine_002
