HOST lewis.lbl.gov
only_i 297
only_code None
force_amber_prep True
dry_run False
... 297 1a9b
/net/chevy/raid1/nigel/amber/hi_lo
/net/chevy/raid1/nigel/amber/hi_lo/a9/1a9b
1a9b.pdb 4phenix_1a9b.pdb
1a9b.pdb 4phenix_1a9b.pdb
local_archive None
archive PDB None
Reading from local mirror:
  /net/cci/pdb_mirror/pdb/a9/pdb1a9b.ent.gz
Model saved to /net/lewis/raid1/scratch1/nigel/amber/hi_lo/a9/1a9b/1a9b.pdb
Traceback (most recent call last):
  File "/net/cci-filer2/raid1/xp/phenix/phenix-svn/build/../modules/cctbx_project/mmtbx/command_line/fetch_pdb.py", line 199, in <module>
    run2(sys.argv[1:])
  File "/net/cci-filer2/raid1/xp/phenix/phenix-svn/build/../modules/cctbx_project/mmtbx/command_line/fetch_pdb.py", line 155, in run2
    files.append(get_pdb(id, data_type_, mirror, log, format=data_format))
  File "/net/cci-filer2/raid1/xp/phenix/phenix-svn/modules/cctbx_project/iotbx/pdb/fetch.py", line 213, in get_pdb
    data = fetch(id, data_type, mirror=mirror, format=format, log=log)
  File "/net/cci-filer2/raid1/xp/phenix/phenix-svn/modules/cctbx_project/iotbx/pdb/fetch.py", line 150, in fetch
    data = libtbx.utils.urlopen(url)
  File "/net/cci-filer2/raid1/xp/phenix/phenix-svn/modules/cctbx_project/libtbx/utils.py", line 2069, in urlopen
    return urllib2.urlopen(*args, **kwds)
  File "/net/cci-filer2/raid1/xp/phenix/phenix-svn/base/lib/python2.7/urllib2.py", line 127, in urlopen
    return _opener.open(url, data, timeout)
  File "/net/cci-filer2/raid1/xp/phenix/phenix-svn/base/lib/python2.7/urllib2.py", line 404, in open
    response = self._open(req, data)
  File "/net/cci-filer2/raid1/xp/phenix/phenix-svn/base/lib/python2.7/urllib2.py", line 422, in _open
    '_open', req)
  File "/net/cci-filer2/raid1/xp/phenix/phenix-svn/base/lib/python2.7/urllib2.py", line 382, in _call_chain
    result = func(*args)
  File "/net/cci-filer2/raid1/xp/phenix/phenix-svn/base/lib/python2.7/urllib2.py", line 1214, in http_open
    return self.do_open(httplib.HTTPConnection, req)
  File "/net/cci-filer2/raid1/xp/phenix/phenix-svn/base/lib/python2.7/urllib2.py", line 1184, in do_open
    raise URLError(err)
urllib2.URLError: <urlopen error [Errno 110] Connection timed out>
local_archive None
archive PDB None
Reading from local mirror:
  /net/cci/pdb_mirror/pdb/a9/pdb1a9b.ent.gz
Model saved to /net/lewis/raid1/scratch1/nigel/amber/hi_lo/a9/1a9b/1a9b.pdb
Traceback (most recent call last):
  File "/net/cci-filer2/raid1/xp/phenix/phenix-svn/build/../modules/cctbx_project/mmtbx/command_line/fetch_pdb.py", line 199, in <module>
    run2(sys.argv[1:])
  File "/net/cci-filer2/raid1/xp/phenix/phenix-svn/build/../modules/cctbx_project/mmtbx/command_line/fetch_pdb.py", line 155, in run2
    files.append(get_pdb(id, data_type_, mirror, log, format=data_format))
  File "/net/cci-filer2/raid1/xp/phenix/phenix-svn/modules/cctbx_project/iotbx/pdb/fetch.py", line 213, in get_pdb
    data = fetch(id, data_type, mirror=mirror, format=format, log=log)
  File "/net/cci-filer2/raid1/xp/phenix/phenix-svn/modules/cctbx_project/iotbx/pdb/fetch.py", line 150, in fetch
    data = libtbx.utils.urlopen(url)
  File "/net/cci-filer2/raid1/xp/phenix/phenix-svn/modules/cctbx_project/libtbx/utils.py", line 2069, in urlopen
    return urllib2.urlopen(*args, **kwds)
  File "/net/cci-filer2/raid1/xp/phenix/phenix-svn/base/lib/python2.7/urllib2.py", line 127, in urlopen
    return _opener.open(url, data, timeout)
  File "/net/cci-filer2/raid1/xp/phenix/phenix-svn/base/lib/python2.7/urllib2.py", line 404, in open
    response = self._open(req, data)
  File "/net/cci-filer2/raid1/xp/phenix/phenix-svn/base/lib/python2.7/urllib2.py", line 422, in _open
    '_open', req)
  File "/net/cci-filer2/raid1/xp/phenix/phenix-svn/base/lib/python2.7/urllib2.py", line 382, in _call_chain
    result = func(*args)
  File "/net/cci-filer2/raid1/xp/phenix/phenix-svn/base/lib/python2.7/urllib2.py", line 1214, in http_open
    return self.do_open(httplib.HTTPConnection, req)
  File "/net/cci-filer2/raid1/xp/phenix/phenix-svn/base/lib/python2.7/urllib2.py", line 1184, in do_open
    raise URLError(err)
urllib2.URLError: <urlopen error [Errno 110] Connection timed out>

==================================================
Summary of pdb4amber for: 1a9b.pdb
===================================================

----------Chains
The following (original) chains have been found:
A
B
C
D
E
F

---------- Alternate Locations (Original Residues!))

The following residues had alternate locations:
None

---------- Mising heavy atom(s)

None

==================================================
Summary of pdb4amber for: 1a9b_4tleap_uc1.pdb
===================================================

----------Chains
The following (original) chains have been found:
A
B
C
D
E
F

---------- Alternate Locations (Original Residues!))

The following residues had alternate locations:
None

---------- Mising heavy atom(s)

None
not prmtop_filename /net/lewis/scratch1/nigel/amber/hi_lo/a9/1a9b/4amber_1a9b.prmtop

	Running AmberPrep : 1a9b.pdb


==================================================
Running pdb4amber on 1a9b.pdb
==================================================

==================================================
Setting up library files for non-standard residues
==================================================

==================================================
Preparing asu files and 4phenix_1a9b.pdb
==================================================

~> tleap -f 1a9b_asu_tleap_input_run

Checking output filenames
  file : 1a9b_asu.prmtop
  file : 1a9b_asu.rst7

~> ChBox -c 1a9b_asu.rst7 -o 1a9b_asu.rst7 -X 45.74 -Y 116.39 -Z 169.34 -al 90.0 -bt 90.0 -gm 90.0 


============================================================
Preparing unit cell files: 4amber_1a9b.prmtop and 4amber_1a9b.rst7
============================================================

~> UnitCell -p 1a9b_4UnitCell.pdb -o 1a9b_4tleap_uc1.pdb


~> tleap -f 1a9b_uc_tleap_input_run

Checking output filenames
  file : 1a9b_uc.prmtop
  file : 1a9b_uc.rst7

~> ChBox -c 1a9b_uc.rst7 -o 1a9b_uc.rst7 -X 45.74 -Y 116.39 -Z 169.34 -al 90.0 -bt 90.0 -gm 90.0 


==================================================
Minimizing input coordinates.
==================================================

~> sander -O -i 1a9b_amber_all.in -p 4amber_1a9b.prmtop -c 4amber_1a9b.rst7 -o 1a9b.min.out            -ref 4amber_1a9b.rst7 -r 4amber_1a9b.min.rst7

checking special positions in 4phenix_1a9b.pdb

==================================================
Done.  Three new files have been made:
      4phenix_1a9b.pdb
      4amber_1a9b.prmtop
      4amber_1a9b.rst7
==================================================

Example

  phenix.refine 4phenix_1a9b.pdb use_amber=True \
    amber.topology_file_name=4amber_1a9b.prmtop \
    amber.coordinate_file_name=4amber_1a9b.rst7 \
    ....(other refinement keywords here).....



Substituting Amber PDB file for downloaded file
run_tests_local.py:222: UserWarning: os.system() is not safe: please use the subprocess module or libtbx.easy_run instead.
  os.system(cmd)

  Amber files
    PDB    : 1a9b.pdb
    MTZ    : 1a9b.mtz
    prmtop : 4amber_1a9b.prmtop
    rst7   : 4amber_1a9b.rst7
  
/net/lewis/raid1/scratch1/nigel/amber/hi_lo/a9/1a9b
return_files 1a9b
/net/chevy/raid1/nigel/amber/hi_lo
4amber_1a9b.pdb
4phenix_1a9b.pdb
cp 4phenix_1a9b.pdb /net/chevy/raid1/nigel/amber/hi_lo/a9/1a9b
1a9b.pdb
cp 1a9b.pdb /net/chevy/raid1/nigel/amber/hi_lo/a9/1a9b
4amber_1a9b.mtz
4phenix_1a9b.mtz
1a9b.mtz
cp 1a9b.mtz /net/chevy/raid1/nigel/amber/hi_lo/a9/1a9b
4amber_1a9b.rst7
cp 4amber_1a9b.rst7 /net/chevy/raid1/nigel/amber/hi_lo/a9/1a9b
4phenix_1a9b.rst7
1a9b.rst7
4amber_1a9b.prmtop
cp 4amber_1a9b.prmtop /net/chevy/raid1/nigel/amber/hi_lo/a9/1a9b
4phenix_1a9b.prmtop
1a9b.prmtop
4amber_1a9b_refine_001.log
4phenix_1a9b_refine_001.log
1a9b_refine_001.log
4amber_1a9b_refine_002.log
4phenix_1a9b_refine_002.log
1a9b_refine_002.log
4amber_1a9b_refine_001.pdb
4phenix_1a9b_refine_001.pdb
1a9b_refine_001.pdb
4amber_1a9b_refine_002.pdb
4phenix_1a9b_refine_002.pdb
1a9b_refine_002.pdb
local_archive /net/chevy/raid1/nigel/amber/hi_lo
archive PDB /net/chevy/raid1/nigel/amber/hi_lo/a9/1a9b/1a9b.pdb
/net/lewis/raid1/scratch1/nigel/amber/hi_lo/a9/1a9b
------------------------------
phenix.refine log filename ? > /net/chevy/raid1/nigel/amber/hi_lo/a9/1a9b/1a9b_refine_001.log
------------------------------

	Already done (on chevy) 1a9b_refine_001
------------------------------
phenix.refine log filename ? > /net/chevy/raid1/nigel/amber/hi_lo/a9/1a9b/1a9b_refine_002.log
------------------------------

	Already done (on chevy) 1a9b_refine_002
