HOST rebus.lbl.gov
only_i 86
only_code None
force_amber_prep True
dry_run False
... 86 2vjv
/net/chevy/raid1/nigel/amber/hi_lo
/net/chevy/raid1/nigel/amber/hi_lo/vj/2vjv
2vjv.pdb 4phenix_2vjv.pdb
2vjv.pdb 4phenix_2vjv.pdb
local_archive None
archive PDB None
Reading from local mirror:
  /net/cci/pdb_mirror/pdb/vj/pdb2vjv.ent.gz
Model saved to /net/rebus/raid1/scratch1/nigel/amber/hi_lo/vj/2vjv/2vjv.pdb
Sequence saved to /net/rebus/raid1/scratch1/nigel/amber/hi_lo/vj/2vjv/2vjv.fa
Reading from local mirror:
  /net/cci/pdb_mirror/structure_factors/vj/r2vjvsf.ent.gz
Structure factors saved to /net/rebus/raid1/scratch1/nigel/amber/hi_lo/vj/2vjv/2vjv-sf.cif
Reading from local mirror:
  /net/cci/pdb_mirror/mmcif/vj/2vjv.cif.gz
Model saved to /net/rebus/raid1/scratch1/nigel/amber/hi_lo/vj/2vjv/2vjv.cif
Can't determine output label for r2vjvsf,_refln.crystal_id - skipping.
Can't determine output label for r2vjvsf,_refln.scale_group_code - skipping.
Can't determine output label for r2vjvsf,_refln.wavelength_id - skipping.
Converted structure factors saved to 2vjv.mtz
local_archive None
archive PDB None
Reading from local mirror:
  /net/cci/pdb_mirror/pdb/vj/pdb2vjv.ent.gz
Model saved to /net/rebus/raid1/scratch1/nigel/amber/hi_lo/vj/2vjv/2vjv.pdb
Sequence saved to /net/rebus/raid1/scratch1/nigel/amber/hi_lo/vj/2vjv/2vjv.fa
Reading from local mirror:
  /net/cci/pdb_mirror/structure_factors/vj/r2vjvsf.ent.gz
Structure factors saved to /net/rebus/raid1/scratch1/nigel/amber/hi_lo/vj/2vjv/2vjv-sf.cif
Reading from local mirror:
  /net/cci/pdb_mirror/mmcif/vj/2vjv.cif.gz
Model saved to /net/rebus/raid1/scratch1/nigel/amber/hi_lo/vj/2vjv/2vjv.cif
Can't determine output label for r2vjvsf,_refln.crystal_id - skipping.
Can't determine output label for r2vjvsf,_refln.scale_group_code - skipping.
Can't determine output label for r2vjvsf,_refln.wavelength_id - skipping.
Converted structure factors saved to 2vjv.mtz
not prmtop_filename /net/rebus/scratch1/nigel/amber/hi_lo/vj/2vjv/4amber_2vjv.prmtop

	Running AmberPrep : 2vjv.pdb


==================================================
Running pdb4amber on 2vjv.pdb
==================================================

==================================================
Setting up library files for non-standard residues
==================================================

==================================================
Preparing asu files and 4phenix_2vjv.pdb
==================================================

~> tleap -f 2vjv_asu_tleap_input_run

Checking output filenames
  file : 2vjv_asu.prmtop
  file : 2vjv_asu.rst7

~> ChBox -c 2vjv_asu.rst7 -o 2vjv_asu.rst7 -X 66.292 -Y 72.407 -Z 110.174 -al 90.0 -bt 90.0 -gm 90.0 


============================================================
Preparing unit cell files: 4amber_2vjv.prmtop and 4amber_2vjv.rst7
============================================================

~> UnitCell -p 2vjv_4UnitCell.pdb -o 2vjv_4tleap_uc1.pdb


~> tleap -f 2vjv_uc_tleap_input_run

Checking output filenames
  file : 2vjv_uc.prmtop
  file : 2vjv_uc.rst7

~> ChBox -c 2vjv_uc.rst7 -o 2vjv_uc.rst7 -X 66.292 -Y 72.407 -Z 110.174 -al 90.0 -bt 90.0 -gm 90.0 


==================================================
Minimizing input coordinates.
==================================================

~> sander -O -i 2vjv_amber_all.in -p 4amber_2vjv.prmtop -c 4amber_2vjv.rst7 -o 2vjv.min.out            -ref 4amber_2vjv.rst7 -r 4amber_2vjv.min.rst7

checking special positions in 4phenix_2vjv.pdb

==================================================
Done.  Three new files have been made:
      4phenix_2vjv.pdb
      4amber_2vjv.prmtop
      4amber_2vjv.rst7
==================================================

Example

  phenix.refine 4phenix_2vjv.pdb use_amber=True \
    amber.topology_file_name=4amber_2vjv.prmtop \
    amber.coordinate_file_name=4amber_2vjv.rst7 \
    ....(other refinement keywords here).....



Substituting Amber PDB file for downloaded file

  Amber files
    PDB    : 2vjv.pdb
    MTZ    : 2vjv.mtz
    prmtop : 4amber_2vjv.prmtop
    rst7   : 4amber_2vjv.rst7
  
/net/rebus/raid1/scratch1/nigel/amber/hi_lo/vj/2vjv
return_files 2vjv
/net/chevy/raid1/nigel/amber/hi_lo
4amber_2vjv.pdb
4phenix_2vjv.pdb
cp 4phenix_2vjv.pdb /net/chevy/raid1/nigel/amber/hi_lo/vj/2vjv
2vjv.pdb
cp 2vjv.pdb /net/chevy/raid1/nigel/amber/hi_lo/vj/2vjv
4amber_2vjv.mtz
4phenix_2vjv.mtz
2vjv.mtz
cp 2vjv.mtz /net/chevy/raid1/nigel/amber/hi_lo/vj/2vjv
4amber_2vjv.rst7
cp 4amber_2vjv.rst7 /net/chevy/raid1/nigel/amber/hi_lo/vj/2vjv
4phenix_2vjv.rst7
2vjv.rst7
4amber_2vjv.prmtop
cp 4amber_2vjv.prmtop /net/chevy/raid1/nigel/amber/hi_lo/vj/2vjv
4phenix_2vjv.prmtop
2vjv.prmtop
4amber_2vjv_refine_001.log
4phenix_2vjv_refine_001.log
2vjv_refine_001.log
4amber_2vjv_refine_002.log
4phenix_2vjv_refine_002.log
2vjv_refine_002.log
4amber_2vjv_refine_001.pdb
4phenix_2vjv_refine_001.pdb
2vjv_refine_001.pdb
4amber_2vjv_refine_002.pdb
4phenix_2vjv_refine_002.pdb
2vjv_refine_002.pdb
local_archive /net/chevy/raid1/nigel/amber/hi_lo
archive PDB /net/chevy/raid1/nigel/amber/hi_lo/vj/2vjv/2vjv.pdb
/net/rebus/raid1/scratch1/nigel/amber/hi_lo/vj/2vjv
------------------------------
phenix.refine log filename ? > /net/chevy/raid1/nigel/amber/hi_lo/vj/2vjv/2vjv_refine_001.log
------------------------------

	Already done (on chevy) 2vjv_refine_001
------------------------------
phenix.refine log filename ? > /net/chevy/raid1/nigel/amber/hi_lo/vj/2vjv/2vjv_refine_002.log
------------------------------
------------------------------
phenix.refine log filename ? > 2vjv_refine_002.log
------------------------------
Running phenix.refine

phenix.refine 2vjv.pdb 2vjv.mtz c_beta_restraints=False discard_psi_phi=False strategy="*individual_sites individual_sites_real_space rigid_body *individual_adp group_adp tls *occupancies group_anomalous" topology_file_name=/net/chevy/raid1/nigel/amber/hi_lo/vj/2vjv/4amber_2vjv.prmtop amber.coordinate_file_name=/net/chevy/raid1/nigel/amber/hi_lo/vj/2vjv/4amber_2vjv.rst7 use_amber=True refinement.target_weights.optimize_xyz_weight=True refinement.main.number_of_macro_cycles=10 write_geo=False amber.wxc_factor=0.300000 serial=2

