HOST rebus.lbl.gov
only_i 87
only_code None
force_amber_prep True
dry_run False
1 1z3z,A,2.900,1zod,A,1.800
2 1psi,A,2.920,3ndd,A,1.500
3 3bpo,A,3.000,3l5w,I,2.000
4 1e6j,P,3.000,3mge,A,1.900
5 1r46,A,3.250,3hg3,A,1.900
6 2j0g,A,2.850,2j1g,A,1.950
7 1nsk,L,2.800,3bbb,A,1.300
8 1t04,B,3.000,1t3f,B,2.000
9 1kiu,B,3.000,1ze3,H,1.840
10 1kv3,A,2.800,2q3z,A,2.000
11 1wqs,A,2.800,2iph,A,1.750
12 3gwp,A,2.900,3i16,A,2.000
13 1c0n,A,2.800,1kmj,A,2.000
14 2r8j,A,3.100,3oha,A,2.000
15 1z5s,C,3.010,2grn,B,1.800
16 3icq,B,3.200,3m1i,A,2.000
17 1nb3,I,2.800,3kfq,C,1.990
18 1otc,A,2.800,2i0q,A,1.910
19 1ue8,A,3.000,3b4x,A,1.940
20 1a4o,A,2.800,2o02,A,1.500
21 1t6i,A,2.810,3g4z,A,1.870
22 1de9,A,3.000,2o3h,A,1.900
23 2j6e,L,3.000,3n9g,L,1.434
24 3hrk,A,3.050,3lc0,A,1.800
25 2ecp,A,2.950,2asv,A,1.950
26 1z8l,A,3.500,2xeg,A,1.590
27 1ere,A,3.100,2r6w,A,2.000
28 1xni,A,2.800,3lh0,A,1.900
29 2pl0,A,2.800,3mpm,A,1.950
30 1pxt,A,2.800,1afw,A,1.800
31 1bmf,A,2.850,2jdi,A,1.900
32 2g3k,A,3.050,2j9u,A,2.000
33 3m9b,A,3.940,3m9h,A,2.000
34 2i0v,A,2.800,3dpk,A,1.950
35 1kiu,A,3.000,3bwu,C,1.760
36 1nys,A,3.050,2h62,D,1.850
37 1rgq,C,2.900,2o8m,C,2.000
38 1fg5,N,2.800,2vs4,A,1.770
39 1sj5,A,2.800,1vjl,A,1.900
40 2f7k,A,2.800,2yxt,A,2.000
41 1yrp,A,3.100,3bqr,A,1.750
42 3a7a,B,3.100,3ab9,A,1.650
43 2vhg,A,2.900,2vjv,A,1.900
44 1blf,A,2.800,3kj7,A,1.910
... 87 1blf
/net/chevy/raid1/nigel/amber/hi_lo
/net/chevy/raid1/nigel/amber/hi_lo/bl/1blf
1blf.pdb 4phenix_1blf.pdb
1blf.pdb 4phenix_1blf.pdb
local_archive None
archive PDB None
Reading from local mirror:
  /net/cci/pdb_mirror/pdb/bl/pdb1blf.ent.gz
Model saved to /net/rebus/raid1/scratch1/nigel/amber/hi_lo/bl/1blf/1blf.pdb
Sequence saved to /net/rebus/raid1/scratch1/nigel/amber/hi_lo/bl/1blf/1blf.fa
Reading from local mirror:
  /net/cci/pdb_mirror/structure_factors/bl/r1blfsf.ent.gz
Structure factors saved to /net/rebus/raid1/scratch1/nigel/amber/hi_lo/bl/1blf/1blf-sf.cif
Reading from local mirror:
  /net/cci/pdb_mirror/mmcif/bl/1blf.cif.gz
Model saved to /net/rebus/raid1/scratch1/nigel/amber/hi_lo/bl/1blf/1blf.cif
Can't determine output label for r1blfsf,_refln.crystal_id - skipping.
Can't determine output label for r1blfsf,_refln.scale_group_code - skipping.
Can't determine output label for r1blfsf,_refln.wavelength_id - skipping.
Converted structure factors saved to 1blf.mtz
local_archive None
archive PDB None
Reading from local mirror:
  /net/cci/pdb_mirror/pdb/bl/pdb1blf.ent.gz
Model saved to /net/rebus/raid1/scratch1/nigel/amber/hi_lo/bl/1blf/1blf.pdb
Sequence saved to /net/rebus/raid1/scratch1/nigel/amber/hi_lo/bl/1blf/1blf.fa
Reading from local mirror:
  /net/cci/pdb_mirror/structure_factors/bl/r1blfsf.ent.gz
Structure factors saved to /net/rebus/raid1/scratch1/nigel/amber/hi_lo/bl/1blf/1blf-sf.cif
Reading from local mirror:
  /net/cci/pdb_mirror/mmcif/bl/1blf.cif.gz
Model saved to /net/rebus/raid1/scratch1/nigel/amber/hi_lo/bl/1blf/1blf.cif
Can't determine output label for r1blfsf,_refln.crystal_id - skipping.
Can't determine output label for r1blfsf,_refln.scale_group_code - skipping.
Can't determine output label for r1blfsf,_refln.wavelength_id - skipping.
Converted structure factors saved to 1blf.mtz

==================================================
Summary of pdb4amber for: 1blf.pdb
===================================================

----------Chains
The following (original) chains have been found:
A

---------- Alternate Locations (Original Residues!))

The following residues had alternate locations:
None

---------- Mising heavy atom(s)

None
not prmtop_filename /net/rebus/scratch1/nigel/amber/hi_lo/bl/1blf/4amber_1blf.prmtop

	Running AmberPrep : 1blf.pdb


==================================================
Running pdb4amber on 1blf.pdb
==================================================

==================================================
Setting up library files for non-standard residues
==================================================

  Residue "CO3" already in amber monomer library. Skipping elbow/antechamber
    run for this residue.
        

==================================================
Running elbow/antechamber for BMA 
==================================================

MoleculeClass :  C: 6  O: 6 (CHEMICAL COMPONENTS format)
	24 atoms
	24 bonds
	42 angles
	66 dihedrals
	1 rings (groups, rings, atoms) 1 6
	5 chirals : R S S S R 

~> antechamber -i 4antechamber_BMA.pdb -fi pdb -o BMA.mol2 -fo mol2       -nc 0 -m 1 -s 2 -pf y -c bcc -at gaff2 -ek "qm_theory='AM1', grms_tol=0.0005, scfconv=1.d-10, maxcyc=0, ndiis_attempts=700,"


~> parmchk2 -s 2 -i BMA.mol2 -f mol2 -o BMA.frcmod


==================================================
Running elbow/antechamber for NAG 
==================================================

MoleculeClass :  C: 8  N: 1  O: 6 (CHEMICAL COMPONENTS format)
	30 atoms
	30 bonds
	53 angles
	79 dihedrals
	1 rings (groups, rings, atoms) 1 6
	5 chirals : R R R S R 

~> antechamber -i 4antechamber_NAG.pdb -fi pdb -o NAG.mol2 -fo mol2       -nc 0 -m 1 -s 2 -pf y -c bcc -at gaff2 -ek "qm_theory='AM1', grms_tol=0.0005, scfconv=1.d-10, maxcyc=0, ndiis_attempts=700,"


~> parmchk2 -s 2 -i NAG.mol2 -f mol2 -o NAG.frcmod


==================================================
Running elbow/antechamber for MAN 
==================================================

==================================================
Summary of pdb4amber for: 1blf_4tleap_uc1.pdb
===================================================

----------Chains
The following (original) chains have been found:
A

---------- Alternate Locations (Original Residues!))

The following residues had alternate locations:
None

---------- Mising heavy atom(s)

None

MoleculeClass :  C: 6  O: 6 (CHEMICAL COMPONENTS format)
	24 atoms
	24 bonds
	42 angles
	66 dihedrals
	1 rings (groups, rings, atoms) 1 6
	5 chirals : S S S S R 

~> antechamber -i 4antechamber_MAN.pdb -fi pdb -o MAN.mol2 -fo mol2       -nc 0 -m 1 -s 2 -pf y -c bcc -at gaff2 -ek "qm_theory='AM1', grms_tol=0.0005, scfconv=1.d-10, maxcyc=0, ndiis_attempts=700,"


~> parmchk2 -s 2 -i MAN.mol2 -f mol2 -o MAN.frcmod


==================================================
Preparing asu files and 4phenix_1blf.pdb
==================================================

~> tleap -f 1blf_asu_tleap_input_run

Checking output filenames
  file : 1blf_asu.prmtop
  file : 1blf_asu.rst7

~> ChBox -c 1blf_asu.rst7 -o 1blf_asu.rst7 -X 138.86 -Y 87.01 -Z 73.35 -al 90.0 -bt 90.0 -gm 90.0 


============================================================
Preparing unit cell files: 4amber_1blf.prmtop and 4amber_1blf.rst7
============================================================

~> UnitCell -p 1blf_4UnitCell.pdb -o 1blf_4tleap_uc1.pdb


~> tleap -f 1blf_uc_tleap_input_run

Checking output filenames
  file : 1blf_uc.prmtop
  file : 1blf_uc.rst7

~> ChBox -c 1blf_uc.rst7 -o 1blf_uc.rst7 -X 138.86 -Y 87.01 -Z 73.35 -al 90.0 -bt 90.0 -gm 90.0 


==================================================
Minimizing input coordinates.
==================================================

~> sander -O -i 1blf_amber_all.in -p 4amber_1blf.prmtop -c 4amber_1blf.rst7 -o 1blf.min.out            -ref 4amber_1blf.rst7 -r 4amber_1blf.min.rst7

checking special positions in 4phenix_1blf.pdb

==================================================
Done.  Three new files have been made:
      4phenix_1blf.pdb
      4amber_1blf.prmtop
      4amber_1blf.rst7
==================================================

Example

  phenix.refine 4phenix_1blf.pdb use_amber=True \
    amber.topology_file_name=4amber_1blf.prmtop \
    amber.coordinate_file_name=4amber_1blf.rst7 \
    ....(other refinement keywords here).....



Substituting Amber PDB file for downloaded file
run_tests_local.py:220: UserWarning: os.system() is not safe: please use the subprocess module or libtbx.easy_run instead.
  os.system(cmd)

  Amber files
    PDB    : 1blf.pdb
    MTZ    : 1blf.mtz
    prmtop : 4amber_1blf.prmtop
    rst7   : 4amber_1blf.rst7
  
/net/rebus/raid1/scratch1/nigel/amber/hi_lo/bl/1blf
return_files 1blf
/net/chevy/raid1/nigel/amber/hi_lo
4amber_1blf.pdb
4phenix_1blf.pdb
cp 4phenix_1blf.pdb /net/chevy/raid1/nigel/amber/hi_lo/bl/1blf
1blf.pdb
cp 1blf.pdb /net/chevy/raid1/nigel/amber/hi_lo/bl/1blf
4amber_1blf.mtz
4phenix_1blf.mtz
1blf.mtz
cp 1blf.mtz /net/chevy/raid1/nigel/amber/hi_lo/bl/1blf
4amber_1blf.rst7
cp 4amber_1blf.rst7 /net/chevy/raid1/nigel/amber/hi_lo/bl/1blf
4phenix_1blf.rst7
1blf.rst7
4amber_1blf.prmtop
cp 4amber_1blf.prmtop /net/chevy/raid1/nigel/amber/hi_lo/bl/1blf
4phenix_1blf.prmtop
1blf.prmtop
4amber_1blf_refine_001.log
4phenix_1blf_refine_001.log
1blf_refine_001.log
4amber_1blf_refine_002.log
4phenix_1blf_refine_002.log
1blf_refine_002.log
4amber_1blf_refine_001.pdb
4phenix_1blf_refine_001.pdb
1blf_refine_001.pdb
4amber_1blf_refine_002.pdb
4phenix_1blf_refine_002.pdb
1blf_refine_002.pdb
local_archive /net/chevy/raid1/nigel/amber/hi_lo
archive PDB /net/chevy/raid1/nigel/amber/hi_lo/bl/1blf/1blf.pdb
/net/rebus/raid1/scratch1/nigel/amber/hi_lo/bl/1blf
------------------------------
phenix.refine log filename ? > /net/chevy/raid1/nigel/amber/hi_lo/bl/1blf/1blf_refine_001.log
------------------------------
------------------------------
phenix.refine log filename ? > 1blf_refine_001.log
------------------------------
Running phenix.refine

phenix.refine 1blf.pdb 1blf.mtz c_beta_restraints=False discard_psi_phi=False strategy="*individual_sites individual_sites_real_space rigid_body *individual_adp group_adp tls *occupancies group_anomalous" refinement.target_weights.optimize_xyz_weight=True refinement.main.number_of_macro_cycles=10 write_geo=False serial=1 cdl=True

------------------------------
phenix.refine log filename ? > /net/chevy/raid1/nigel/amber/hi_lo/bl/1blf/1blf_refine_002.log
------------------------------
------------------------------
phenix.refine log filename ? > 1blf_refine_002.log
------------------------------
Running phenix.refine

phenix.refine 1blf.pdb 1blf.mtz c_beta_restraints=False discard_psi_phi=False strategy="*individual_sites individual_sites_real_space rigid_body *individual_adp group_adp tls *occupancies group_anomalous" topology_file_name=/net/chevy/raid1/nigel/amber/hi_lo/bl/1blf/4amber_1blf.prmtop amber.coordinate_file_name=/net/chevy/raid1/nigel/amber/hi_lo/bl/1blf/4amber_1blf.rst7 use_amber=True refinement.target_weights.optimize_xyz_weight=True refinement.main.number_of_macro_cycles=10 write_geo=False amber.wxc_factor=0.300000 serial=2

