HOST morse.lbl.gov
only_i 30
only_code None
force_amber_prep True
dry_run False
... 30 2grn
/net/chevy/raid1/nigel/amber/hi_lo
/net/chevy/raid1/nigel/amber/hi_lo/gr/2grn
2grn.pdb 4phenix_2grn.pdb
2grn.pdb 4phenix_2grn.pdb
local_archive None
archive PDB None
Reading from local mirror:
  /net/cci/pdb_mirror/pdb/gr/pdb2grn.ent.gz
Model saved to /net/morse/raid1/scratch1/nigel/amber/hi_lo/gr/2grn/2grn.pdb
Sequence saved to /net/morse/raid1/scratch1/nigel/amber/hi_lo/gr/2grn/2grn.fa
Reading from local mirror:
  /net/cci/pdb_mirror/structure_factors/gr/r2grnsf.ent.gz
Structure factors saved to /net/morse/raid1/scratch1/nigel/amber/hi_lo/gr/2grn/2grn-sf.cif
Reading from local mirror:
  /net/cci/pdb_mirror/mmcif/gr/2grn.cif.gz
Model saved to /net/morse/raid1/scratch1/nigel/amber/hi_lo/gr/2grn/2grn.cif
Can't determine output label for r2grnsf,_refln.crystal_id - skipping.
Can't determine output label for r2grnsf,_refln.scale_group_code - skipping.
Can't determine output label for r2grnsf,_refln.wavelength_id - skipping.
Converted structure factors saved to 2grn.mtz
local_archive None
archive PDB None
Reading from local mirror:
  /net/cci/pdb_mirror/pdb/gr/pdb2grn.ent.gz
Model saved to /net/morse/raid1/scratch1/nigel/amber/hi_lo/gr/2grn/2grn.pdb
Sequence saved to /net/morse/raid1/scratch1/nigel/amber/hi_lo/gr/2grn/2grn.fa
Reading from local mirror:
  /net/cci/pdb_mirror/structure_factors/gr/r2grnsf.ent.gz
Structure factors saved to /net/morse/raid1/scratch1/nigel/amber/hi_lo/gr/2grn/2grn-sf.cif
Reading from local mirror:
  /net/cci/pdb_mirror/mmcif/gr/2grn.cif.gz
Model saved to /net/morse/raid1/scratch1/nigel/amber/hi_lo/gr/2grn/2grn.cif
Can't determine output label for r2grnsf,_refln.crystal_id - skipping.
Can't determine output label for r2grnsf,_refln.scale_group_code - skipping.
Can't determine output label for r2grnsf,_refln.wavelength_id - skipping.
Converted structure factors saved to 2grn.mtz

==================================================
Summary of pdb4amber for: 2grn.pdb
===================================================
REDUCE returned non-zero exit status: See reduce_info.log for more details

----------Chains
The following (original) chains have been found:
A
B

---------- Alternate Locations (Original Residues!))

The following residues had alternate locations:
None

---------- Mising heavy atom(s)

None

==================================================
Summary of pdb4amber for: 2grn_4tleap_uc1.pdb
===================================================

----------Chains
The following (original) chains have been found:
A
B

---------- Alternate Locations (Original Residues!))

The following residues had alternate locations:
None

---------- Mising heavy atom(s)

None
not prmtop_filename /net/morse/scratch1/nigel/amber/hi_lo/gr/2grn/4amber_2grn.prmtop

	Running AmberPrep : 2grn.pdb


==================================================
Running pdb4amber on 2grn.pdb
==================================================

==================================================
Setting up library files for non-standard residues
==================================================

==================================================
Preparing asu files and 4phenix_2grn.pdb
==================================================

~> tleap -f 2grn_asu_tleap_input_run

Checking output filenames
  file : 2grn_asu.prmtop
  file : 2grn_asu.rst7

~> ChBox -c 2grn_asu.rst7 -o 2grn_asu.rst7 -X 39.326 -Y 44.968 -Z 61.26 -al 72.42 -bt 72.09 -gm 75.4 


============================================================
Preparing unit cell files: 4amber_2grn.prmtop and 4amber_2grn.rst7
============================================================

~> UnitCell -p 2grn_4UnitCell.pdb -o 2grn_4tleap_uc1.pdb


~> tleap -f 2grn_uc_tleap_input_run

Checking output filenames
  file : 2grn_uc.prmtop
  file : 2grn_uc.rst7

~> ChBox -c 2grn_uc.rst7 -o 2grn_uc.rst7 -X 39.326 -Y 44.968 -Z 61.26 -al 72.42 -bt 72.09 -gm 75.4 


==================================================
Minimizing input coordinates.
==================================================

~> sander -O -i 2grn_amber_all.in -p 4amber_2grn.prmtop -c 4amber_2grn.rst7 -o 2grn.min.out            -ref 4amber_2grn.rst7 -r 4amber_2grn.min.rst7

checking special positions in 4phenix_2grn.pdb

==================================================
Done.  Three new files have been made:
      4phenix_2grn.pdb
      4amber_2grn.prmtop
      4amber_2grn.rst7
==================================================

Example

  phenix.refine 4phenix_2grn.pdb use_amber=True \
    amber.topology_file_name=4amber_2grn.prmtop \
    amber.coordinate_file_name=4amber_2grn.rst7 \
    ....(other refinement keywords here).....



Substituting Amber PDB file for downloaded file
run_tests_local.py:222: UserWarning: os.system() is not safe: please use the subprocess module or libtbx.easy_run instead.
  os.system(cmd)

  Amber files
    PDB    : 2grn.pdb
    MTZ    : 2grn.mtz
    prmtop : 4amber_2grn.prmtop
    rst7   : 4amber_2grn.rst7
  
/net/morse/raid1/scratch1/nigel/amber/hi_lo/gr/2grn
return_files 2grn
/net/chevy/raid1/nigel/amber/hi_lo
4amber_2grn.pdb
4phenix_2grn.pdb
cp 4phenix_2grn.pdb /net/chevy/raid1/nigel/amber/hi_lo/gr/2grn
2grn.pdb
cp 2grn.pdb /net/chevy/raid1/nigel/amber/hi_lo/gr/2grn
4amber_2grn.mtz
4phenix_2grn.mtz
2grn.mtz
cp 2grn.mtz /net/chevy/raid1/nigel/amber/hi_lo/gr/2grn
4amber_2grn.rst7
cp 4amber_2grn.rst7 /net/chevy/raid1/nigel/amber/hi_lo/gr/2grn
4phenix_2grn.rst7
2grn.rst7
4amber_2grn.prmtop
cp 4amber_2grn.prmtop /net/chevy/raid1/nigel/amber/hi_lo/gr/2grn
4phenix_2grn.prmtop
2grn.prmtop
4amber_2grn_refine_001.log
4phenix_2grn_refine_001.log
2grn_refine_001.log
4amber_2grn_refine_002.log
4phenix_2grn_refine_002.log
2grn_refine_002.log
4amber_2grn_refine_001.pdb
4phenix_2grn_refine_001.pdb
2grn_refine_001.pdb
4amber_2grn_refine_002.pdb
4phenix_2grn_refine_002.pdb
2grn_refine_002.pdb
local_archive /net/chevy/raid1/nigel/amber/hi_lo
archive PDB /net/chevy/raid1/nigel/amber/hi_lo/gr/2grn/2grn.pdb
/net/morse/raid1/scratch1/nigel/amber/hi_lo/gr/2grn
------------------------------
phenix.refine log filename ? > /net/chevy/raid1/nigel/amber/hi_lo/gr/2grn/2grn_refine_001.log
------------------------------

	Already done (on chevy) 2grn_refine_001
------------------------------
phenix.refine log filename ? > /net/chevy/raid1/nigel/amber/hi_lo/gr/2grn/2grn_refine_002.log
------------------------------

	Already done (on chevy) 2grn_refine_002
