HOST lewis.lbl.gov
only_i 153
only_code None
force_amber_prep True
dry_run False
... 153 1nys
/net/chevy/raid1/nigel/amber/hi_lo
/net/chevy/raid1/nigel/amber/hi_lo/ny/1nys
1nys.pdb 4phenix_1nys.pdb
1nys.pdb 4phenix_1nys.pdb
local_archive None
archive PDB None
Reading from local mirror:
  /net/cci/pdb_mirror/pdb/ny/pdb1nys.ent.gz
Model saved to /net/lewis/raid1/scratch1/nigel/amber/hi_lo/ny/1nys/1nys.pdb
Traceback (most recent call last):
  File "/net/cci-filer2/raid1/xp/phenix/phenix-svn/build/../modules/cctbx_project/mmtbx/command_line/fetch_pdb.py", line 199, in <module>
    run2(sys.argv[1:])
  File "/net/cci-filer2/raid1/xp/phenix/phenix-svn/build/../modules/cctbx_project/mmtbx/command_line/fetch_pdb.py", line 155, in run2
    files.append(get_pdb(id, data_type_, mirror, log, format=data_format))
  File "/net/cci-filer2/raid1/xp/phenix/phenix-svn/modules/cctbx_project/iotbx/pdb/fetch.py", line 213, in get_pdb
    data = fetch(id, data_type, mirror=mirror, format=format, log=log)
  File "/net/cci-filer2/raid1/xp/phenix/phenix-svn/modules/cctbx_project/iotbx/pdb/fetch.py", line 150, in fetch
    data = libtbx.utils.urlopen(url)
  File "/net/cci-filer2/raid1/xp/phenix/phenix-svn/modules/cctbx_project/libtbx/utils.py", line 2069, in urlopen
    return urllib2.urlopen(*args, **kwds)
  File "/net/cci-filer2/raid1/xp/phenix/phenix-svn/base/lib/python2.7/urllib2.py", line 127, in urlopen
    return _opener.open(url, data, timeout)
  File "/net/cci-filer2/raid1/xp/phenix/phenix-svn/base/lib/python2.7/urllib2.py", line 404, in open
    response = self._open(req, data)
  File "/net/cci-filer2/raid1/xp/phenix/phenix-svn/base/lib/python2.7/urllib2.py", line 422, in _open
    '_open', req)
  File "/net/cci-filer2/raid1/xp/phenix/phenix-svn/base/lib/python2.7/urllib2.py", line 382, in _call_chain
    result = func(*args)
  File "/net/cci-filer2/raid1/xp/phenix/phenix-svn/base/lib/python2.7/urllib2.py", line 1214, in http_open
    return self.do_open(httplib.HTTPConnection, req)
  File "/net/cci-filer2/raid1/xp/phenix/phenix-svn/base/lib/python2.7/urllib2.py", line 1184, in do_open
    raise URLError(err)
urllib2.URLError: <urlopen error [Errno 110] Connection timed out>

==================================================
Summary of pdb4amber for: 1nys.pdb
===================================================

----------Chains
The following (original) chains have been found:
A
B
C
D

---------- Alternate Locations (Original Residues!))

The following residues had alternate locations:
None

---------- Gaps (Renumbered Residues!)
gap of 5.492882 A between GLY 27 and ASP 28
gap of 6.073691 A between GLY 96 and ASN 97
gap of 7.821856 A between ILE 136 and LEU 137
gap of 3.807149 A between ILE 282 and TRP 283
gap of 4.004589 A between CYX 298 and GLY 299
gap of 6.625564 A between SER 303 and LEU 304

---------- Mising heavy atom(s)

GLU_1 misses 4 heavy atom(s)
THR_2 misses 2 heavy atom(s)
ARG_16 misses 6 heavy atom(s)
SER_40 misses 1 heavy atom(s)
SER_41 misses 1 heavy atom(s)
THR_43 misses 2 heavy atom(s)
GLN_62 misses 4 heavy atom(s)
GLN_72 misses 4 heavy atom(s)
ARG_86 misses 6 heavy atom(s)
PRO_91 misses 2 heavy atom(s)
GLU_93 misses 4 heavy atom(s)
ASP_95 misses 3 heavy atom(s)
ASN_97 misses 3 heavy atom(s)
LYS_102 misses 4 heavy atom(s)
GLU_129 misses 4 heavy atom(s)
LEU_137 misses 3 heavy atom(s)
LYS_138 misses 4 heavy atom(s)
GLU_177 misses 4 heavy atom(s)
GLN_205 misses 4 heavy atom(s)
ASP_206 misses 3 heavy atom(s)
SER_218 misses 1 heavy atom(s)
SER_219 misses 1 heavy atom(s)
THR_221 misses 2 heavy atom(s)
GLU_223 misses 4 heavy atom(s)
PHE_234 misses 6 heavy atom(s)
GLU_247 misses 4 heavy atom(s)
HIS_267 misses 5 heavy atom(s)
LEU_268 misses 3 heavy atom(s)
ILE_269 misses 3 heavy atom(s)
CYS_271 misses 1 heavy atom(s)
LYS_273 misses 4 heavy atom(s)
GLN_274 misses 4 heavy atom(s)
VAL_277 misses 2 heavy atom(s)
SER_278 misses 1 heavy atom(s)
LYS_280 misses 4 heavy atom(s)
HIS_294 misses 5 heavy atom(s)
TYR_297 misses 1 heavy atom(s)
GLU_300 misses 4 heavy atom(s)
LEU_304 misses 3 heavy atom(s)
LYS_305 misses 4 heavy atom(s)
SER_306 misses 1 heavy atom(s)
THR_311 misses 2 heavy atom(s)
LYS_312 misses 4 heavy atom(s)
ARG_314 misses 6 heavy atom(s)
GLN_325 misses 4 heavy atom(s)
LYS_330 misses 4 heavy atom(s)
GLU_338 misses 4 heavy atom(s)

==================================================
Summary of pdb4amber for: 1nys_4tleap_uc1.pdb
===================================================

----------Chains
The following (original) chains have been found:
A
B
C
D

---------- Alternate Locations (Original Residues!))

The following residues had alternate locations:
None

---------- Gaps (Renumbered Residues!)
gap of 5.492882 A between GLY 27 and ASP 28
gap of 6.073691 A between GLY 96 and ASN 97
gap of 7.821856 A between ILE 136 and LEU 137
gap of 3.807149 A between ILE 282 and TRP 283
gap of 4.004589 A between CYX 298 and GLY 299
gap of 6.625564 A between SER 303 and LEU 304
gap of 5.492882 A between GLY 370 and ASP 371
gap of 6.073691 A between GLY 439 and ASN 440
gap of 7.821856 A between ILE 479 and LEU 480
gap of 3.807149 A between ILE 625 and TRP 626
gap of 4.004589 A between CYX 641 and GLY 642
gap of 6.625564 A between SER 646 and LEU 647
gap of 5.492882 A between GLY 713 and ASP 714
gap of 6.073691 A between GLY 782 and ASN 783
gap of 7.821856 A between ILE 822 and LEU 823
gap of 3.807149 A between ILE 968 and TRP 969
gap of 4.004589 A between CYX 984 and GLY 985
gap of 6.625564 A between SER 989 and LEU 990
gap of 5.492882 A between GLY 1056 and ASP 1057
gap of 6.073691 A between GLY 1125 and ASN 1126
gap of 7.821856 A between ILE 1165 and LEU 1166
gap of 3.807149 A between ILE 1311 and TRP 1312
gap of 4.004589 A between CYX 1327 and GLY 1328
gap of 6.625564 A between SER 1332 and LEU 1333

---------- Mising heavy atom(s)

None

	Running AmberPrep : 1nys.pdb


==================================================
Running pdb4amber on 1nys.pdb
==================================================

==================================================
Setting up library files for non-standard residues
==================================================

==================================================
Preparing asu files and 4phenix_1nys.pdb
==================================================

~> tleap -f 1nys_asu_tleap_input_run

Checking output filenames
  file : 1nys_asu.prmtop
  file : 1nys_asu.rst7

~> ChBox -c 1nys_asu.rst7 -o 1nys_asu.rst7 -X 104.954 -Y 104.954 -Z 46.199 -al 90.0 -bt 90.0 -gm 90.0 


============================================================
Preparing unit cell files: 4amber_1nys.prmtop and 4amber_1nys.rst7
============================================================

~> UnitCell -p 1nys_4UnitCell.pdb -o 1nys_4tleap_uc1.pdb


~> tleap -f 1nys_uc_tleap_input_run

Checking output filenames
  file : 1nys_uc.prmtop
  file : 1nys_uc.rst7

~> ChBox -c 1nys_uc.rst7 -o 1nys_uc.rst7 -X 104.954 -Y 104.954 -Z 46.199 -al 90.0 -bt 90.0 -gm 90.0 


==================================================
Minimizing input coordinates.
==================================================

~> sander -O -i 1nys_amber_all.in -p 4amber_1nys.prmtop -c 4amber_1nys.rst7 -o 1nys.min.out            -ref 4amber_1nys.rst7 -r 4amber_1nys.min.rst7

checking special positions in 4phenix_1nys.pdb

==================================================
Done.  Three new files have been made:
      4phenix_1nys.pdb
      4amber_1nys.prmtop
      4amber_1nys.rst7
==================================================

Example

  phenix.refine 4phenix_1nys.pdb use_amber=True \
    amber.topology_file_name=4amber_1nys.prmtop \
    amber.coordinate_file_name=4amber_1nys.rst7 \
    ....(other refinement keywords here).....



Substituting Amber PDB file for downloaded file
run_tests_local.py:222: UserWarning: os.system() is not safe: please use the subprocess module or libtbx.easy_run instead.
  os.system(cmd)

  Amber files
    PDB    : 1nys.pdb
    MTZ    : 1nys.mtz
    prmtop : 4amber_1nys.prmtop
    rst7   : 4amber_1nys.rst7
  
/net/lewis/raid1/scratch1/nigel/amber/hi_lo/ny/1nys
return_files 1nys
/net/chevy/raid1/nigel/amber/hi_lo
4amber_1nys.pdb
4phenix_1nys.pdb
cp 4phenix_1nys.pdb /net/chevy/raid1/nigel/amber/hi_lo/ny/1nys
1nys.pdb
cp 1nys.pdb /net/chevy/raid1/nigel/amber/hi_lo/ny/1nys
4amber_1nys.mtz
4phenix_1nys.mtz
1nys.mtz
cp 1nys.mtz /net/chevy/raid1/nigel/amber/hi_lo/ny/1nys
4amber_1nys.rst7
cp 4amber_1nys.rst7 /net/chevy/raid1/nigel/amber/hi_lo/ny/1nys
4phenix_1nys.rst7
1nys.rst7
4amber_1nys.prmtop
cp 4amber_1nys.prmtop /net/chevy/raid1/nigel/amber/hi_lo/ny/1nys
4phenix_1nys.prmtop
1nys.prmtop
4amber_1nys_refine_001.log
4phenix_1nys_refine_001.log
1nys_refine_001.log
4amber_1nys_refine_002.log
4phenix_1nys_refine_002.log
1nys_refine_002.log
4amber_1nys_refine_001.pdb
4phenix_1nys_refine_001.pdb
1nys_refine_001.pdb
4amber_1nys_refine_002.pdb
4phenix_1nys_refine_002.pdb
1nys_refine_002.pdb
local_archive /net/chevy/raid1/nigel/amber/hi_lo
archive PDB /net/chevy/raid1/nigel/amber/hi_lo/ny/1nys/1nys.pdb
/net/lewis/raid1/scratch1/nigel/amber/hi_lo/ny/1nys
------------------------------
phenix.refine log filename ? > /net/chevy/raid1/nigel/amber/hi_lo/ny/1nys/1nys_refine_001.log
------------------------------

	Already done (on chevy) 1nys_refine_001
------------------------------
phenix.refine log filename ? > /net/chevy/raid1/nigel/amber/hi_lo/ny/1nys/1nys_refine_002.log
------------------------------

	Already done (on chevy) 1nys_refine_002
