HOST morse.lbl.gov
only_i 351
only_code None
force_amber_prep True
dry_run False
... 351 1akm
/net/chevy/raid1/nigel/amber/hi_lo
/net/chevy/raid1/nigel/amber/hi_lo/ak/1akm
1akm.pdb 4phenix_1akm.pdb
1akm.pdb 4phenix_1akm.pdb
local_archive None
archive PDB None
Reading from local mirror:
  /net/cci/pdb_mirror/pdb/ak/pdb1akm.ent.gz
Model saved to /net/morse/raid1/scratch1/nigel/amber/hi_lo/ak/1akm/1akm.pdb
Sequence saved to /net/morse/raid1/scratch1/nigel/amber/hi_lo/ak/1akm/1akm.fa
Reading from local mirror:
  /net/cci/pdb_mirror/structure_factors/ak/r1akmsf.ent.gz
Structure factors saved to /net/morse/raid1/scratch1/nigel/amber/hi_lo/ak/1akm/1akm-sf.cif
Reading from local mirror:
  /net/cci/pdb_mirror/mmcif/ak/1akm.cif.gz
Model saved to /net/morse/raid1/scratch1/nigel/amber/hi_lo/ak/1akm/1akm.cif
Can't determine output label for r1akmsf,_refln.crystal_id - skipping.
Can't determine output label for r1akmsf,_refln.scale_group_code - skipping.
Can't determine output label for r1akmsf,_refln.wavelength_id - skipping.
Converted structure factors saved to 1akm.mtz
local_archive None
archive PDB None
Reading from local mirror:
  /net/cci/pdb_mirror/pdb/ak/pdb1akm.ent.gz
Model saved to /net/morse/raid1/scratch1/nigel/amber/hi_lo/ak/1akm/1akm.pdb
Sequence saved to /net/morse/raid1/scratch1/nigel/amber/hi_lo/ak/1akm/1akm.fa
Reading from local mirror:
  /net/cci/pdb_mirror/structure_factors/ak/r1akmsf.ent.gz
Structure factors saved to /net/morse/raid1/scratch1/nigel/amber/hi_lo/ak/1akm/1akm-sf.cif
Reading from local mirror:
  /net/cci/pdb_mirror/mmcif/ak/1akm.cif.gz
Model saved to /net/morse/raid1/scratch1/nigel/amber/hi_lo/ak/1akm/1akm.cif
Can't determine output label for r1akmsf,_refln.crystal_id - skipping.
Can't determine output label for r1akmsf,_refln.scale_group_code - skipping.
Can't determine output label for r1akmsf,_refln.wavelength_id - skipping.
Converted structure factors saved to 1akm.mtz

==================================================
Summary of pdb4amber for: 1akm.pdb
===================================================
REDUCE returned non-zero exit status: See reduce_info.log for more details

----------Chains
The following (original) chains have been found:
A
B
C

---------- Alternate Locations (Original Residues!))

The following residues had alternate locations:
None

---------- Gaps (Renumbered Residues!)
gap of 8.446253 A between VAL 234 and ARG 235
gap of 8.247319 A between VAL 556 and ARG 557
gap of 8.297356 A between VAL 878 and ARG 879

---------- Mising heavy atom(s)

None

==================================================
Summary of pdb4amber for: 1akm_4tleap_uc1.pdb
===================================================

----------Chains
The following (original) chains have been found:
A
B
C

---------- Alternate Locations (Original Residues!))

The following residues had alternate locations:
None

---------- Gaps (Renumbered Residues!)
gap of 8.446253 A between VAL 234 and ARG 235
gap of 8.247319 A between VAL 556 and ARG 557
gap of 8.297356 A between VAL 878 and ARG 879
gap of 8.446460 A between VAL 1200 and ARG 1201
gap of 8.247507 A between VAL 1522 and ARG 1523
gap of 8.297298 A between VAL 1844 and ARG 1845
gap of 8.446770 A between VAL 2166 and ARG 2167
gap of 8.247421 A between VAL 2488 and ARG 2489
gap of 8.297848 A between VAL 2810 and ARG 2811

---------- Mising heavy atom(s)

None
not prmtop_filename /net/morse/scratch1/nigel/amber/hi_lo/ak/1akm/4amber_1akm.prmtop

	Running AmberPrep : 1akm.pdb


==================================================
Running pdb4amber on 1akm.pdb
==================================================

==================================================
Setting up library files for non-standard residues
==================================================

==================================================
Preparing asu files and 4phenix_1akm.pdb
==================================================

~> tleap -f 1akm_asu_tleap_input_run

Checking output filenames
  file : 1akm_asu.prmtop
  file : 1akm_asu.rst7

~> ChBox -c 1akm_asu.rst7 -o 1akm_asu.rst7 -X 104.6 -Y 104.6 -Z 86.7 -al 90.0 -bt 90.0 -gm 120.0 


============================================================
Preparing unit cell files: 4amber_1akm.prmtop and 4amber_1akm.rst7
============================================================

~> UnitCell -p 1akm_4UnitCell.pdb -o 1akm_4tleap_uc1.pdb


~> tleap -f 1akm_uc_tleap_input_run

Checking output filenames
  file : 1akm_uc.prmtop
  file : 1akm_uc.rst7

~> ChBox -c 1akm_uc.rst7 -o 1akm_uc.rst7 -X 104.6 -Y 104.6 -Z 86.7 -al 90.0 -bt 90.0 -gm 120.0 


==================================================
Minimizing input coordinates.
==================================================

~> sander -O -i 1akm_amber_all.in -p 4amber_1akm.prmtop -c 4amber_1akm.rst7 -o 1akm.min.out            -ref 4amber_1akm.rst7 -r 4amber_1akm.min.rst7

checking special positions in 4phenix_1akm.pdb

==================================================
Done.  Three new files have been made:
      4phenix_1akm.pdb
      4amber_1akm.prmtop
      4amber_1akm.rst7
==================================================

Example

  phenix.refine 4phenix_1akm.pdb use_amber=True \
    amber.topology_file_name=4amber_1akm.prmtop \
    amber.coordinate_file_name=4amber_1akm.rst7 \
    ....(other refinement keywords here).....



Substituting Amber PDB file for downloaded file
run_tests_local.py:222: UserWarning: os.system() is not safe: please use the subprocess module or libtbx.easy_run instead.
  os.system(cmd)

  Amber files
    PDB    : 1akm.pdb
    MTZ    : 1akm.mtz
    prmtop : 4amber_1akm.prmtop
    rst7   : 4amber_1akm.rst7
  
/net/morse/raid1/scratch1/nigel/amber/hi_lo/ak/1akm
return_files 1akm
/net/chevy/raid1/nigel/amber/hi_lo
4amber_1akm.pdb
4phenix_1akm.pdb
cp 4phenix_1akm.pdb /net/chevy/raid1/nigel/amber/hi_lo/ak/1akm
1akm.pdb
cp 1akm.pdb /net/chevy/raid1/nigel/amber/hi_lo/ak/1akm
4amber_1akm.mtz
4phenix_1akm.mtz
1akm.mtz
cp 1akm.mtz /net/chevy/raid1/nigel/amber/hi_lo/ak/1akm
4amber_1akm.rst7
cp 4amber_1akm.rst7 /net/chevy/raid1/nigel/amber/hi_lo/ak/1akm
4phenix_1akm.rst7
1akm.rst7
4amber_1akm.prmtop
cp 4amber_1akm.prmtop /net/chevy/raid1/nigel/amber/hi_lo/ak/1akm
4phenix_1akm.prmtop
1akm.prmtop
4amber_1akm_refine_001.log
4phenix_1akm_refine_001.log
1akm_refine_001.log
4amber_1akm_refine_002.log
4phenix_1akm_refine_002.log
1akm_refine_002.log
4amber_1akm_refine_001.pdb
4phenix_1akm_refine_001.pdb
1akm_refine_001.pdb
4amber_1akm_refine_002.pdb
4phenix_1akm_refine_002.pdb
1akm_refine_002.pdb
local_archive /net/chevy/raid1/nigel/amber/hi_lo
archive PDB /net/chevy/raid1/nigel/amber/hi_lo/ak/1akm/1akm.pdb
/net/morse/raid1/scratch1/nigel/amber/hi_lo/ak/1akm
------------------------------
phenix.refine log filename ? > /net/chevy/raid1/nigel/amber/hi_lo/ak/1akm/1akm_refine_001.log
------------------------------

	Already done (on chevy) 1akm_refine_001
------------------------------
phenix.refine log filename ? > /net/chevy/raid1/nigel/amber/hi_lo/ak/1akm/1akm_refine_002.log
------------------------------

	Already done (on chevy) 1akm_refine_002
