HOST rebus.lbl.gov
only_i 40
only_code None
force_amber_prep True
dry_run False
... 40 2o02
/net/chevy/raid1/nigel/amber/hi_lo
/net/chevy/raid1/nigel/amber/hi_lo/o0/2o02
2o02.pdb 4phenix_2o02.pdb
local_archive None
archive PDB None
Reading from local mirror:
  /net/cci/pdb_mirror/pdb/o0/pdb2o02.ent.gz
Model saved to /net/rebus/raid1/scratch1/nigel/amber/hi_lo/o0/2o02/2o02.pdb
Sequence saved to /net/rebus/raid1/scratch1/nigel/amber/hi_lo/o0/2o02/2o02.fa
Reading from local mirror:
  /net/cci/pdb_mirror/structure_factors/o0/r2o02sf.ent.gz
Structure factors saved to /net/rebus/raid1/scratch1/nigel/amber/hi_lo/o0/2o02/2o02-sf.cif
Reading from local mirror:
  /net/cci/pdb_mirror/mmcif/o0/2o02.cif.gz
Model saved to /net/rebus/raid1/scratch1/nigel/amber/hi_lo/o0/2o02/2o02.cif
Can't determine output label for r2o02sf,_refln.crystal_id - skipping.
Can't determine output label for r2o02sf,_refln.scale_group_code - skipping.
Can't determine output label for r2o02sf,_refln.wavelength_id - skipping.
Converted structure factors saved to 2o02.mtz
local_archive None
archive PDB None
Reading from local mirror:
  /net/cci/pdb_mirror/pdb/o0/pdb2o02.ent.gz
Model saved to /net/rebus/raid1/scratch1/nigel/amber/hi_lo/o0/2o02/2o02.pdb
Sequence saved to /net/rebus/raid1/scratch1/nigel/amber/hi_lo/o0/2o02/2o02.fa
Reading from local mirror:
  /net/cci/pdb_mirror/structure_factors/o0/r2o02sf.ent.gz
Structure factors saved to /net/rebus/raid1/scratch1/nigel/amber/hi_lo/o0/2o02/2o02-sf.cif
Reading from local mirror:
  /net/cci/pdb_mirror/mmcif/o0/2o02.cif.gz
Model saved to /net/rebus/raid1/scratch1/nigel/amber/hi_lo/o0/2o02/2o02.cif
Can't determine output label for r2o02sf,_refln.crystal_id - skipping.
Can't determine output label for r2o02sf,_refln.scale_group_code - skipping.
Can't determine output label for r2o02sf,_refln.wavelength_id - skipping.
Converted structure factors saved to 2o02.mtz
not prmtop_filename /net/rebus/scratch1/nigel/amber/hi_lo/o0/2o02/4amber_2o02.prmtop
not prmtop_filename /net/chevy/raid1/nigel/amber/hi_lo/o0/2o02/4amber_2o02.prmtop

	Running AmberPrep : 2o02.pdb


==================================================
Running pdb4amber on 2o02.pdb
==================================================

==================================================
Setting up library files for non-standard residues
==================================================

  Residue "BEZ" already in amber monomer library. Skipping elbow/antechamber
    run for this residue.
        

==================================================
Preparing asu files and 4phenix_2o02.pdb
==================================================

~> tleap -f 2o02_asu_tleap_input_run

Checking output filenames
  file : 2o02_asu.prmtop
