HOST lewis.lbl.gov
only_i 188
only_code None
force_amber_prep True
dry_run False
... 188 2b9v
/net/chevy/raid1/nigel/amber/hi_lo
/net/chevy/raid1/nigel/amber/hi_lo/b9/2b9v
2b9v.pdb 4phenix_2b9v.pdb
local_archive None
archive PDB None
Reading from local mirror:
  /net/cci/pdb_mirror/pdb/b9/pdb2b9v.ent.gz
Model saved to /net/lewis/raid1/scratch1/nigel/amber/hi_lo/b9/2b9v/2b9v.pdb
Traceback (most recent call last):
  File "/net/cci-filer2/raid1/xp/phenix/phenix-svn/build/../modules/cctbx_project/mmtbx/command_line/fetch_pdb.py", line 199, in <module>
    run2(sys.argv[1:])
  File "/net/cci-filer2/raid1/xp/phenix/phenix-svn/build/../modules/cctbx_project/mmtbx/command_line/fetch_pdb.py", line 155, in run2
    files.append(get_pdb(id, data_type_, mirror, log, format=data_format))
  File "/net/cci-filer2/raid1/xp/phenix/phenix-svn/modules/cctbx_project/iotbx/pdb/fetch.py", line 213, in get_pdb
    data = fetch(id, data_type, mirror=mirror, format=format, log=log)
  File "/net/cci-filer2/raid1/xp/phenix/phenix-svn/modules/cctbx_project/iotbx/pdb/fetch.py", line 150, in fetch
    data = libtbx.utils.urlopen(url)
  File "/net/cci-filer2/raid1/xp/phenix/phenix-svn/modules/cctbx_project/libtbx/utils.py", line 2069, in urlopen
    return urllib2.urlopen(*args, **kwds)
  File "/net/cci-filer2/raid1/xp/phenix/phenix-svn/base/lib/python2.7/urllib2.py", line 127, in urlopen
    return _opener.open(url, data, timeout)
  File "/net/cci-filer2/raid1/xp/phenix/phenix-svn/base/lib/python2.7/urllib2.py", line 404, in open
    response = self._open(req, data)
  File "/net/cci-filer2/raid1/xp/phenix/phenix-svn/base/lib/python2.7/urllib2.py", line 422, in _open
    '_open', req)
  File "/net/cci-filer2/raid1/xp/phenix/phenix-svn/base/lib/python2.7/urllib2.py", line 382, in _call_chain
    result = func(*args)
  File "/net/cci-filer2/raid1/xp/phenix/phenix-svn/base/lib/python2.7/urllib2.py", line 1214, in http_open
    return self.do_open(httplib.HTTPConnection, req)
  File "/net/cci-filer2/raid1/xp/phenix/phenix-svn/base/lib/python2.7/urllib2.py", line 1184, in do_open
    raise URLError(err)
urllib2.URLError: <urlopen error [Errno 110] Connection timed out>
local_archive None
archive PDB None
Reading from local mirror:
  /net/cci/pdb_mirror/pdb/b9/pdb2b9v.ent.gz
Model saved to /net/lewis/raid1/scratch1/nigel/amber/hi_lo/b9/2b9v/2b9v.pdb
Traceback (most recent call last):
  File "/net/cci-filer2/raid1/xp/phenix/phenix-svn/build/../modules/cctbx_project/mmtbx/command_line/fetch_pdb.py", line 199, in <module>
    run2(sys.argv[1:])
  File "/net/cci-filer2/raid1/xp/phenix/phenix-svn/build/../modules/cctbx_project/mmtbx/command_line/fetch_pdb.py", line 155, in run2
    files.append(get_pdb(id, data_type_, mirror, log, format=data_format))
  File "/net/cci-filer2/raid1/xp/phenix/phenix-svn/modules/cctbx_project/iotbx/pdb/fetch.py", line 213, in get_pdb
    data = fetch(id, data_type, mirror=mirror, format=format, log=log)
  File "/net/cci-filer2/raid1/xp/phenix/phenix-svn/modules/cctbx_project/iotbx/pdb/fetch.py", line 150, in fetch
    data = libtbx.utils.urlopen(url)
  File "/net/cci-filer2/raid1/xp/phenix/phenix-svn/modules/cctbx_project/libtbx/utils.py", line 2069, in urlopen
    return urllib2.urlopen(*args, **kwds)
  File "/net/cci-filer2/raid1/xp/phenix/phenix-svn/base/lib/python2.7/urllib2.py", line 127, in urlopen
    return _opener.open(url, data, timeout)
  File "/net/cci-filer2/raid1/xp/phenix/phenix-svn/base/lib/python2.7/urllib2.py", line 404, in open
    response = self._open(req, data)
  File "/net/cci-filer2/raid1/xp/phenix/phenix-svn/base/lib/python2.7/urllib2.py", line 422, in _open
    '_open', req)
  File "/net/cci-filer2/raid1/xp/phenix/phenix-svn/base/lib/python2.7/urllib2.py", line 382, in _call_chain
    result = func(*args)
  File "/net/cci-filer2/raid1/xp/phenix/phenix-svn/base/lib/python2.7/urllib2.py", line 1214, in http_open
    return self.do_open(httplib.HTTPConnection, req)
  File "/net/cci-filer2/raid1/xp/phenix/phenix-svn/base/lib/python2.7/urllib2.py", line 1184, in do_open
    raise URLError(err)
urllib2.URLError: <urlopen error [Errno 110] Connection timed out>

==================================================
Summary of pdb4amber for: 2b9v.pdb
===================================================

----------Chains
The following (original) chains have been found:
A
B
C
D
E
F
G
H
I
J
K
L
M
N
O
P

---------- Alternate Locations (Original Residues!))

The following residues had alternate locations:
None

---------- Gaps (Renumbered Residues!)
gap of 21.350577 A between PRO 13 and GLN 14
gap of 21.453852 A between PRO 621 and GLN 622
gap of 21.314365 A between PRO 1229 and GLN 1230
gap of 21.171960 A between PRO 1837 and GLN 1838
gap of 21.269052 A between PRO 2445 and GLN 2446
gap of 21.321794 A between PRO 3053 and GLN 3054
gap of 21.326092 A between PRO 3661 and GLN 3662
gap of 21.518784 A between PRO 4269 and GLN 4270
gap of 21.350785 A between PRO 4877 and GLN 4878
gap of 21.361441 A between PRO 5485 and GLN 5486
gap of 21.244355 A between PRO 6093 and GLN 6094
gap of 21.301860 A between PRO 6701 and GLN 6702
gap of 21.427979 A between PRO 7309 and GLN 7310
gap of 21.564910 A between PRO 7917 and GLN 7918
gap of 21.544221 A between PRO 8525 and GLN 8526
gap of 21.551529 A between PRO 9133 and GLN 9134

---------- Mising heavy atom(s)

None

==================================================
Summary of pdb4amber for: 2b9v_4tleap_uc1.pdb
===================================================

----------Chains
The following (original) chains have been found:
A
B
C
D
E
F
G
H
I
J
K
L
M
N
O
P

---------- Alternate Locations (Original Residues!))

The following residues had alternate locations:
None

---------- Gaps (Renumbered Residues!)
gap of 21.350577 A between PRO 13 and GLN 14
gap of 21.453852 A between PRO 621 and GLN 622
gap of 21.314365 A between PRO 1229 and GLN 1230
gap of 21.171960 A between PRO 1837 and GLN 1838
gap of 21.269052 A between PRO 2445 and GLN 2446
gap of 21.321794 A between PRO 3053 and GLN 3054
gap of 21.326092 A between PRO 3661 and GLN 3662
gap of 21.518784 A between PRO 4269 and GLN 4270
gap of 21.350785 A between PRO 4877 and GLN 4878
gap of 21.361441 A between PRO 5485 and GLN 5486
gap of 21.244355 A between PRO 6093 and GLN 6094
gap of 21.301860 A between PRO 6701 and GLN 6702
gap of 21.427979 A between PRO 7309 and GLN 7310
gap of 21.564910 A between PRO 7917 and GLN 7918
gap of 21.544221 A between PRO 8525 and GLN 8526
gap of 21.551529 A between PRO 9133 and GLN 9134
gap of 21.350577 A between PRO 13395 and GLN 13396
gap of 21.453852 A between PRO 14003 and GLN 14004
gap of 21.314365 A between PRO 14611 and GLN 14612
gap of 21.171960 A between PRO 15219 and GLN 15220
gap of 21.269052 A between PRO 15827 and GLN 15828
gap of 21.321794 A between PRO 16435 and GLN 16436
gap of 21.326092 A between PRO 17043 and GLN 17044
gap of 21.518784 A between PRO 17651 and GLN 17652
gap of 21.350785 A between PRO 18259 and GLN 18260
gap of 21.361441 A between PRO 18867 and GLN 18868
gap of 21.244355 A between PRO 19475 and GLN 19476
gap of 21.301860 A between PRO 20083 and GLN 20084
gap of 21.427979 A between PRO 20691 and GLN 20692
gap of 21.564910 A between PRO 21299 and GLN 21300
gap of 21.544221 A between PRO 21907 and GLN 21908
gap of 21.551529 A between PRO 22515 and GLN 22516

---------- Mising heavy atom(s)

None
not prmtop_filename /net/lewis/scratch1/nigel/amber/hi_lo/b9/2b9v/4amber_2b9v.prmtop
not prmtop_filename /net/chevy/raid1/nigel/amber/hi_lo/b9/2b9v/4amber_2b9v.prmtop

	Running AmberPrep : 2b9v.pdb


==================================================
Running pdb4amber on 2b9v.pdb
==================================================

==================================================
Setting up library files for non-standard residues
==================================================

==================================================
Preparing asu files and 4phenix_2b9v.pdb
==================================================

~> tleap -f 2b9v_asu_tleap_input_run

Checking output filenames
  file : 2b9v_asu.prmtop
  file : 2b9v_asu.rst7

~> ChBox -c 2b9v_asu.rst7 -o 2b9v_asu.rst7 -X 98.369 -Y 275.594 -Z 197.953 -al 90.0 -bt 90.11 -gm 90.0 


============================================================
Preparing unit cell files: 4amber_2b9v.prmtop and 4amber_2b9v.rst7
============================================================

~> UnitCell -p 2b9v_4UnitCell.pdb -o 2b9v_4tleap_uc1.pdb


~> tleap -f 2b9v_uc_tleap_input_run

Checking output filenames
  file : 2b9v_uc.prmtop
  file : 2b9v_uc.rst7

~> ChBox -c 2b9v_uc.rst7 -o 2b9v_uc.rst7 -X 98.369 -Y 275.594 -Z 197.953 -al 90.0 -bt 90.11 -gm 90.0 


==================================================
Minimizing input coordinates.
==================================================

~> sander -O -i 2b9v_amber_all.in -p 4amber_2b9v.prmtop -c 4amber_2b9v.rst7 -o 2b9v.min.out            -ref 4amber_2b9v.rst7 -r 4amber_2b9v.min.rst7

Traceback (most recent call last):
  File "run_tests_local.py", line 323, in <module>
    run(*tuple(args))
  File "run_tests_local.py", line 307, in run
    w2 = run_all_tests(code, force_amber_prep=force_amber_prep)
  File "run_tests_local.py", line 93, in run_all_tests
    "clean=on",
  File "/net/cci-filer2/raid1/xp/phenix/phenix-svn/modules/amber_adaptbx/command_line/AmberPrepClass.py", line 1034, in run
    minimization_options=actions.minimization_options)
  File "/net/cci-filer2/raid1/xp/phenix/phenix-svn/modules/amber_adaptbx/command_line/AmberPrepClass.py", line 689, in run_minimise
    output_pdb_file )
  File "/net/cci-filer2/raid1/xp/phenix/phenix-svn/modules/amber_adaptbx/command_line/AmberPrepClass.py", line 312, in uc_parm7_to_4phenix_pdb
    template_parm = parmed.load_file(template_pdb)
  File "/net/cci-filer2/raid1/xp/phenix/phenix-svn/modules/amber/lib/python2.7/site-packages/parmed/formats/registry.py", line 197, in load_file
    return cls.parse(filename, *args, **kwargs)
  File "/net/cci-filer2/raid1/xp/phenix/phenix-svn/modules/amber/lib/python2.7/site-packages/parmed/formats/pdb.py", line 400, in parse
    atnum = int(atnum, 16)
ValueError: invalid literal for int() with base 16: 'A000G'
