HOST rebus.lbl.gov
only_i 141
only_code None
force_amber_prep True
dry_run False
... 141 1aow
/net/chevy/raid1/nigel/amber/hi_lo
/net/chevy/raid1/nigel/amber/hi_lo/ao/1aow
1aow.pdb 4phenix_1aow.pdb
1aow.pdb 4phenix_1aow.pdb
local_archive None
archive PDB None
Reading from local mirror:
  /net/cci/pdb_mirror/pdb/ao/pdb1aow.ent.gz
Model saved to /net/rebus/raid1/scratch1/nigel/amber/hi_lo/ao/1aow/1aow.pdb
Sequence saved to /net/rebus/raid1/scratch1/nigel/amber/hi_lo/ao/1aow/1aow.fa
Reading from local mirror:
  /net/cci/pdb_mirror/structure_factors/ao/r1aowsf.ent.gz
Structure factors saved to /net/rebus/raid1/scratch1/nigel/amber/hi_lo/ao/1aow/1aow-sf.cif
Reading from local mirror:
  /net/cci/pdb_mirror/mmcif/ao/1aow.cif.gz
Model saved to /net/rebus/raid1/scratch1/nigel/amber/hi_lo/ao/1aow/1aow.cif
Can't determine output label for r1aowsf,_refln.crystal_id - skipping.
Can't determine output label for r1aowsf,_refln.scale_group_code - skipping.
Can't determine output label for r1aowsf,_refln.wavelength_id - skipping.
Converted structure factors saved to 1aow.mtz
local_archive None
archive PDB None
Reading from local mirror:
  /net/cci/pdb_mirror/pdb/ao/pdb1aow.ent.gz
Model saved to /net/rebus/raid1/scratch1/nigel/amber/hi_lo/ao/1aow/1aow.pdb
Sequence saved to /net/rebus/raid1/scratch1/nigel/amber/hi_lo/ao/1aow/1aow.fa
Reading from local mirror:
  /net/cci/pdb_mirror/structure_factors/ao/r1aowsf.ent.gz
Structure factors saved to /net/rebus/raid1/scratch1/nigel/amber/hi_lo/ao/1aow/1aow-sf.cif
Reading from local mirror:
  /net/cci/pdb_mirror/mmcif/ao/1aow.cif.gz
Model saved to /net/rebus/raid1/scratch1/nigel/amber/hi_lo/ao/1aow/1aow.cif
Can't determine output label for r1aowsf,_refln.crystal_id - skipping.
Can't determine output label for r1aowsf,_refln.scale_group_code - skipping.
Can't determine output label for r1aowsf,_refln.wavelength_id - skipping.
Converted structure factors saved to 1aow.mtz
not prmtop_filename /net/rebus/scratch1/nigel/amber/hi_lo/ao/1aow/4amber_1aow.prmtop

	Running AmberPrep : 1aow.pdb


==================================================
Running pdb4amber on 1aow.pdb
==================================================

==================================================
Setting up library files for non-standard residues
==================================================

==================================================
Preparing asu files and 4phenix_1aow.pdb
==================================================

~> tleap -f 1aow_asu_tleap_input_run

Checking output filenames
  file : 1aow_asu.prmtop
  file : 1aow_asu.rst7

~> ChBox -c 1aow_asu.rst7 -o 1aow_asu.rst7 -X 118.56 -Y 118.56 -Z 82.233 -al 90.0 -bt 90.0 -gm 120.0 


============================================================
Preparing unit cell files: 4amber_1aow.prmtop and 4amber_1aow.rst7
============================================================

~> UnitCell -p 1aow_4UnitCell.pdb -o 1aow_4tleap_uc1.pdb


~> tleap -f 1aow_uc_tleap_input_run

Checking output filenames
  file : 1aow_uc.prmtop
  file : 1aow_uc.rst7

~> ChBox -c 1aow_uc.rst7 -o 1aow_uc.rst7 -X 118.56 -Y 118.56 -Z 82.233 -al 90.0 -bt 90.0 -gm 120.0 


==================================================
Minimizing input coordinates.
==================================================

~> sander -O -i 1aow_amber_all.in -p 4amber_1aow.prmtop -c 4amber_1aow.rst7 -o 1aow.min.out            -ref 4amber_1aow.rst7 -r 4amber_1aow.min.rst7

checking special positions in 4phenix_1aow.pdb

==================================================
Done.  Three new files have been made:
      4phenix_1aow.pdb
      4amber_1aow.prmtop
      4amber_1aow.rst7
==================================================

Example

  phenix.refine 4phenix_1aow.pdb use_amber=True \
    amber.topology_file_name=4amber_1aow.prmtop \
    amber.coordinate_file_name=4amber_1aow.rst7 \
    ....(other refinement keywords here).....



Substituting Amber PDB file for downloaded file

  Amber files
    PDB    : 1aow.pdb
    MTZ    : 1aow.mtz
    prmtop : 4amber_1aow.prmtop
    rst7   : 4amber_1aow.rst7
  
/net/rebus/raid1/scratch1/nigel/amber/hi_lo/ao/1aow
return_files 1aow
/net/chevy/raid1/nigel/amber/hi_lo
4amber_1aow.pdb
4phenix_1aow.pdb
cp 4phenix_1aow.pdb /net/chevy/raid1/nigel/amber/hi_lo/ao/1aow
1aow.pdb
cp 1aow.pdb /net/chevy/raid1/nigel/amber/hi_lo/ao/1aow
4amber_1aow.mtz
4phenix_1aow.mtz
1aow.mtz
cp 1aow.mtz /net/chevy/raid1/nigel/amber/hi_lo/ao/1aow
4amber_1aow.rst7
cp 4amber_1aow.rst7 /net/chevy/raid1/nigel/amber/hi_lo/ao/1aow
4phenix_1aow.rst7
1aow.rst7
4amber_1aow.prmtop
cp 4amber_1aow.prmtop /net/chevy/raid1/nigel/amber/hi_lo/ao/1aow
4phenix_1aow.prmtop
1aow.prmtop
4amber_1aow_refine_001.log
4phenix_1aow_refine_001.log
1aow_refine_001.log
4amber_1aow_refine_002.log
4phenix_1aow_refine_002.log
1aow_refine_002.log
4amber_1aow_refine_001.pdb
4phenix_1aow_refine_001.pdb
1aow_refine_001.pdb
4amber_1aow_refine_002.pdb
4phenix_1aow_refine_002.pdb
1aow_refine_002.pdb
local_archive /net/chevy/raid1/nigel/amber/hi_lo
archive PDB /net/chevy/raid1/nigel/amber/hi_lo/ao/1aow/1aow.pdb
/net/rebus/raid1/scratch1/nigel/amber/hi_lo/ao/1aow
------------------------------
phenix.refine log filename ? > /net/chevy/raid1/nigel/amber/hi_lo/ao/1aow/1aow_refine_001.log
------------------------------

	Already done (on chevy) 1aow_refine_001
------------------------------
phenix.refine log filename ? > /net/chevy/raid1/nigel/amber/hi_lo/ao/1aow/1aow_refine_002.log
------------------------------

	Already done (on chevy) 1aow_refine_002
