HOST lewis.lbl.gov
only_i 31
only_code None
force_amber_prep True
dry_run False
1 1z3z,A,2.900,1zod,A,1.800
2 1psi,A,2.920,3ndd,A,1.500
3 3bpo,A,3.000,3l5w,I,2.000
4 1e6j,P,3.000,3mge,A,1.900
5 1r46,A,3.250,3hg3,A,1.900
6 2j0g,A,2.850,2j1g,A,1.950
7 1nsk,L,2.800,3bbb,A,1.300
8 1t04,B,3.000,1t3f,B,2.000
9 1kiu,B,3.000,1ze3,H,1.840
10 1kv3,A,2.800,2q3z,A,2.000
11 1wqs,A,2.800,2iph,A,1.750
12 3gwp,A,2.900,3i16,A,2.000
13 1c0n,A,2.800,1kmj,A,2.000
14 2r8j,A,3.100,3oha,A,2.000
15 1z5s,C,3.010,2grn,B,1.800
16 3icq,B,3.200,3m1i,A,2.000
... 31 3icq
/net/chevy/raid1/nigel/amber/hi_lo
/net/chevy/raid1/nigel/amber/hi_lo/ic/3icq
3icq.pdb 4phenix_3icq.pdb
local_archive None
archive PDB None
Reading from local mirror:
  /net/cci/pdb_mirror/pdb/ic/pdb3icq.ent.gz
Model saved to /net/lewis/raid1/scratch1/nigel/amber/hi_lo/ic/3icq/3icq.pdb
Traceback (most recent call last):
  File "/net/cci-filer2/raid1/xp/phenix/phenix-svn/build/../modules/cctbx_project/mmtbx/command_line/fetch_pdb.py", line 199, in <module>
    run2(sys.argv[1:])
  File "/net/cci-filer2/raid1/xp/phenix/phenix-svn/build/../modules/cctbx_project/mmtbx/command_line/fetch_pdb.py", line 155, in run2
    files.append(get_pdb(id, data_type_, mirror, log, format=data_format))
  File "/net/cci-filer2/raid1/xp/phenix/phenix-svn/modules/cctbx_project/iotbx/pdb/fetch.py", line 213, in get_pdb
    data = fetch(id, data_type, mirror=mirror, format=format, log=log)
  File "/net/cci-filer2/raid1/xp/phenix/phenix-svn/modules/cctbx_project/iotbx/pdb/fetch.py", line 150, in fetch
    data = libtbx.utils.urlopen(url)
  File "/net/cci-filer2/raid1/xp/phenix/phenix-svn/modules/cctbx_project/libtbx/utils.py", line 2069, in urlopen
    return urllib2.urlopen(*args, **kwds)
  File "/net/cci-filer2/raid1/xp/phenix/phenix-svn/base/lib/python2.7/urllib2.py", line 127, in urlopen
    return _opener.open(url, data, timeout)
  File "/net/cci-filer2/raid1/xp/phenix/phenix-svn/base/lib/python2.7/urllib2.py", line 404, in open
    response = self._open(req, data)
  File "/net/cci-filer2/raid1/xp/phenix/phenix-svn/base/lib/python2.7/urllib2.py", line 422, in _open
    '_open', req)
  File "/net/cci-filer2/raid1/xp/phenix/phenix-svn/base/lib/python2.7/urllib2.py", line 382, in _call_chain
    result = func(*args)
  File "/net/cci-filer2/raid1/xp/phenix/phenix-svn/base/lib/python2.7/urllib2.py", line 1214, in http_open
    return self.do_open(httplib.HTTPConnection, req)
  File "/net/cci-filer2/raid1/xp/phenix/phenix-svn/base/lib/python2.7/urllib2.py", line 1184, in do_open
    raise URLError(err)
urllib2.URLError: <urlopen error [Errno 110] Connection timed out>

==================================================
Summary of pdb4amber for: 3icq.pdb
===================================================
REDUCE returned non-zero exit status: See reduce_info.log for more details

----------Chains
The following (original) chains have been found:
B
C
D
E
T
U

---------- Alternate Locations (Original Residues!))

The following residues had alternate locations:
None

---------- Gaps (Renumbered Residues!)
gap of 6.409073 A between SER 281 and SER 282
gap of 6.446028 A between LYS 564 and VAL 565
gap of 6.039865 A between ARG 678 and GLU 679
gap of 7.296414 A between VAL 842 and PRO 843
gap of 14.691037 A between ASN 886 and GLN 887
gap of 11.715863 A between GLU 904 and SER 905
gap of 5.332891 A between LEU 932 and SER 933
gap of 7.359618 A between LEU 1191 and GLY 1192
gap of 5.737085 A between SER 1455 and SER 1456
gap of 3.874329 A between VAL 2020 and PRO 2021
gap of 9.615490 A between LYS 2041 and GLY 2042
gap of 10.618069 A between ASN 2062 and GLN 2063
gap of 4.325515 A between LEU 2082 and TYR 2083
gap of 7.379464 A between VAL 2095 and SER 2096
gap of 7.541575 A between SER 2103 and ASP 2104
gap of 4.781355 A between TYR 2166 and GLU 2167

---------- Mising heavy atom(s)

SER_1 misses 1 heavy atom(s)
GLN_3 misses 4 heavy atom(s)
GLU_10 misses 4 heavy atom(s)
LEU_13 misses 3 heavy atom(s)
SER_16 misses 1 heavy atom(s)
ILE_20 misses 3 heavy atom(s)
LYS_22 misses 4 heavy atom(s)
GLN_23 misses 4 heavy atom(s)
GLN_24 misses 4 heavy atom(s)
LYS_40 misses 4 heavy atom(s)
ILE_41 misses 3 heavy atom(s)
GLU_44 misses 4 heavy atom(s)
GLU_48 misses 4 heavy atom(s)
LYS_49 misses 4 heavy atom(s)
THR_50 misses 2 heavy atom(s)
LYS_51 misses 4 heavy atom(s)
ILE_59 misses 3 heavy atom(s)
GLU_66 misses 4 heavy atom(s)
GLU_70 misses 4 heavy atom(s)
GLU_74 misses 4 heavy atom(s)
LEU_77 misses 3 heavy atom(s)
LEU_78 misses 3 heavy atom(s)
LYS_92 misses 3 heavy atom(s)
SER_95 misses 1 heavy atom(s)
PHE_96 misses 6 heavy atom(s)
GLU_141 misses 4 heavy atom(s)
ASP_159 misses 3 heavy atom(s)
VAL_162 misses 2 heavy atom(s)
LEU_163 misses 3 heavy atom(s)
LYS_164 misses 4 heavy atom(s)
ASP_166 misses 3 heavy atom(s)
GLN_168 misses 4 heavy atom(s)
GLN_170 misses 4 heavy atom(s)
LYS_171 misses 4 heavy atom(s)
GLU_229 misses 4 heavy atom(s)
LYS_261 misses 4 heavy atom(s)
LEU_263 misses 3 heavy atom(s)
SER_279 misses 1 heavy atom(s)
LYS_280 misses 3 heavy atom(s)
SER_281 misses 1 heavy atom(s)
SER_282 misses 1 heavy atom(s)
THR_283 misses 2 heavy atom(s)
GLU_315 misses 4 heavy atom(s)
LEU_316 misses 3 heavy atom(s)
LYS_317 misses 4 heavy atom(s)
GLU_318 misses 4 heavy atom(s)
SER_321 misses 1 heavy atom(s)
GLU_341 misses 4 heavy atom(s)
LYS_359 misses 4 heavy atom(s)
GLU_360 misses 4 heavy atom(s)
SER_363 misses 1 heavy atom(s)
LYS_364 misses 4 heavy atom(s)
LEU_366 misses 3 heavy atom(s)
SER_369 misses 1 heavy atom(s)
ASP_398 misses 3 heavy atom(s)
GLU_407 misses 4 heavy atom(s)
ARG_469 misses 6 heavy atom(s)
GLU_477 misses 4 heavy atom(s)
LYS_480 misses 4 heavy atom(s)
GLN_496 misses 4 heavy atom(s)
ARG_499 misses 6 heavy atom(s)
LEU_530 misses 3 heavy atom(s)
GLU_532 misses 4 heavy atom(s)
GLU_545 misses 4 heavy atom(s)
ARG_546 misses 6 heavy atom(s)
LYS_563 misses 4 heavy atom(s)
LYS_564 misses 4 heavy atom(s)
VAL_565 misses 2 heavy atom(s)
ASN_566 misses 3 heavy atom(s)
TYR_567 misses 7 heavy atom(s)
SER_570 misses 1 heavy atom(s)
ARG_601 misses 6 heavy atom(s)
SER_621 misses 1 heavy atom(s)
ASN_623 misses 3 heavy atom(s)
THR_625 misses 2 heavy atom(s)
GLU_627 misses 4 heavy atom(s)
LEU_631 misses 3 heavy atom(s)
TYR_632 misses 7 heavy atom(s)
ASP_634 misses 3 heavy atom(s)
LYS_643 misses 4 heavy atom(s)
ARG_678 misses 6 heavy atom(s)
GLU_679 misses 4 heavy atom(s)
GLU_680 misses 4 heavy atom(s)
VAL_681 misses 2 heavy atom(s)
LYS_689 misses 4 heavy atom(s)
LEU_696 misses 3 heavy atom(s)
PHE_703 misses 6 heavy atom(s)
LYS_729 misses 4 heavy atom(s)
GLN_732 misses 4 heavy atom(s)
SER_740 misses 1 heavy atom(s)
MET_743 misses 3 heavy atom(s)
ASP_748 misses 3 heavy atom(s)
LYS_761 misses 4 heavy atom(s)
GLU_766 misses 4 heavy atom(s)
ARG_770 misses 6 heavy atom(s)
LYS_795 misses 4 heavy atom(s)
ASN_797 misses 3 heavy atom(s)
ASP_798 misses 3 heavy atom(s)
LYS_801 misses 4 heavy atom(s)
GLN_809 misses 4 heavy atom(s)
LEU_810 misses 3 heavy atom(s)
LYS_813 misses 4 heavy atom(s)
ILE_818 misses 3 heavy atom(s)
LEU_819 misses 3 heavy atom(s)
THR_821 misses 2 heavy atom(s)
GLU_822 misses 4 heavy atom(s)
GLN_825 misses 4 heavy atom(s)
SER_834 misses 1 heavy atom(s)
VAL_842 misses 2 heavy atom(s)
PRO_843 misses 2 heavy atom(s)
THR_845 misses 2 heavy atom(s)
SER_849 misses 1 heavy atom(s)
LYS_855 misses 3 heavy atom(s)
LEU_859 misses 3 heavy atom(s)
LYS_863 misses 4 heavy atom(s)
ASP_864 misses 3 heavy atom(s)
ILE_866 misses 3 heavy atom(s)
GLU_870 misses 4 heavy atom(s)
SER_875 misses 1 heavy atom(s)
ASN_886 misses 3 heavy atom(s)
GLN_887 misses 4 heavy atom(s)
SER_888 misses 1 heavy atom(s)
LEU_889 misses 3 heavy atom(s)
VAL_890 misses 2 heavy atom(s)
VAL_891 misses 2 heavy atom(s)
LEU_892 misses 3 heavy atom(s)
GLN_899 misses 4 heavy atom(s)
LYS_900 misses 4 heavy atom(s)
SER_905 misses 1 heavy atom(s)
TYR_906 misses 7 heavy atom(s)
LEU_907 misses 3 heavy atom(s)
TYR_911 misses 7 heavy atom(s)
PHE_912 misses 6 heavy atom(s)
VAL_915 misses 2 heavy atom(s)
PHE_917 misses 6 heavy atom(s)
ASP_919 misses 3 heavy atom(s)
GLN_927 misses 4 heavy atom(s)
LEU_929 misses 3 heavy atom(s)
ASN_931 misses 3 heavy atom(s)
SER_933 misses 1 heavy atom(s)
ARG_934 misses 6 heavy atom(s)
SER_935 misses 1 heavy atom(s)
LYS_937 misses 4 heavy atom(s)
GLN_938 misses 4 heavy atom(s)
GLN_941 misses 4 heavy atom(s)
LYS_942 misses 4 heavy atom(s)
SER_949 misses 1 heavy atom(s)
LYS_969 misses 4 heavy atom(s)
LEU_972 misses 3 heavy atom(s)
GLU_975 misses 4 heavy atom(s)
LYS_978 misses 4 heavy atom(s)
LYS_979 misses 4 heavy atom(s)
THR_995 misses 2 heavy atom(s)
ASN_996 misses 3 heavy atom(s)
PHE_997 misses 6 heavy atom(s)
GLU_999 misses 4 heavy atom(s)
LYS_1001 misses 4 heavy atom(s)
GLU_1011 misses 4 heavy atom(s)
LYS_1012 misses 4 heavy atom(s)
ARG_1036 misses 2 heavy atom(s)
LYS_1071 misses 4 heavy atom(s)
LYS_1075 misses 4 heavy atom(s)
ARG_1081 misses 6 heavy atom(s)
GLN_1114 misses 4 heavy atom(s)
LEU_1115 misses 3 heavy atom(s)
SER_1179 misses 1 heavy atom(s)
VAL_1183 misses 2 heavy atom(s)
GLU_1184 misses 4 heavy atom(s)
VAL_1187 misses 2 heavy atom(s)
GLU_1188 misses 4 heavy atom(s)
LEU_1191 misses 3 heavy atom(s)
ILE_1194 misses 3 heavy atom(s)
ILE_1195 misses 3 heavy atom(s)
LYS_1196 misses 4 heavy atom(s)
GLN_1197 misses 4 heavy atom(s)
GLN_1198 misses 4 heavy atom(s)
THR_1200 misses 2 heavy atom(s)
ASP_1201 misses 3 heavy atom(s)
SER_1205 misses 1 heavy atom(s)
ARG_1207 misses 6 heavy atom(s)
SER_1208 misses 1 heavy atom(s)
SER_1209 misses 1 heavy atom(s)
SER_1210 misses 1 heavy atom(s)
THR_1211 misses 2 heavy atom(s)
LYS_1214 misses 4 heavy atom(s)
ILE_1215 misses 3 heavy atom(s)
HIS_1217 misses 5 heavy atom(s)
GLU_1218 misses 4 heavy atom(s)
ILE_1219 misses 3 heavy atom(s)
PHE_1220 misses 6 heavy atom(s)
SER_1221 misses 1 heavy atom(s)
LYS_1223 misses 4 heavy atom(s)
THR_1224 misses 2 heavy atom(s)
LYS_1225 misses 4 heavy atom(s)
TYR_1226 misses 7 heavy atom(s)
PRO_1228 misses 2 heavy atom(s)
GLU_1240 misses 4 heavy atom(s)
LYS_1241 misses 4 heavy atom(s)
GLU_1244 misses 4 heavy atom(s)
ASN_1247 misses 3 heavy atom(s)
GLU_1248 misses 4 heavy atom(s)
LEU_1251 misses 3 heavy atom(s)
LEU_1252 misses 3 heavy atom(s)
GLU_1267 misses 4 heavy atom(s)
SER_1269 misses 1 heavy atom(s)
PHE_1270 misses 6 heavy atom(s)
GLU_1315 misses 4 heavy atom(s)
ASP_1333 misses 3 heavy atom(s)
VAL_1336 misses 2 heavy atom(s)
LYS_1338 misses 4 heavy atom(s)
ASP_1340 misses 3 heavy atom(s)
GLN_1344 misses 4 heavy atom(s)
LYS_1345 misses 4 heavy atom(s)
LYS_1376 misses 3 heavy atom(s)
GLU_1403 misses 4 heavy atom(s)
LYS_1435 misses 4 heavy atom(s)
LEU_1450 misses 3 heavy atom(s)
SER_1453 misses 1 heavy atom(s)
LYS_1454 misses 4 heavy atom(s)
SER_1455 misses 1 heavy atom(s)
SER_1456 misses 1 heavy atom(s)
THR_1457 misses 2 heavy atom(s)
ASN_1460 misses 3 heavy atom(s)
SER_1484 misses 1 heavy atom(s)
GLU_1485 misses 4 heavy atom(s)
LEU_1486 misses 3 heavy atom(s)
GLU_1489 misses 4 heavy atom(s)
LEU_1490 misses 3 heavy atom(s)
LYS_1491 misses 4 heavy atom(s)
GLU_1492 misses 4 heavy atom(s)
ASN_1493 misses 3 heavy atom(s)
TYR_1499 misses 1 heavy atom(s)
ARG_1507 misses 6 heavy atom(s)
GLU_1515 misses 4 heavy atom(s)
LYS_1533 misses 4 heavy atom(s)
SER_1536 misses 1 heavy atom(s)
SER_1537 misses 1 heavy atom(s)
LYS_1538 misses 4 heavy atom(s)
GLU_1539 misses 4 heavy atom(s)
LEU_1540 misses 3 heavy atom(s)
ASP_1562 misses 3 heavy atom(s)
GLU_1563 misses 4 heavy atom(s)
SER_1564 misses 1 heavy atom(s)
GLN_1565 misses 4 heavy atom(s)
GLU_1566 misses 4 heavy atom(s)
ASP_1572 misses 3 heavy atom(s)
GLU_1575 misses 4 heavy atom(s)
GLU_1576 misses 4 heavy atom(s)
GLU_1581 misses 4 heavy atom(s)
LYS_1584 misses 4 heavy atom(s)
LYS_1585 misses 3 heavy atom(s)
GLU_1622 misses 4 heavy atom(s)
ASN_1623 misses 3 heavy atom(s)
ARG_1643 misses 6 heavy atom(s)
GLU_1651 misses 4 heavy atom(s)
LYS_1654 misses 4 heavy atom(s)
GLN_1670 misses 4 heavy atom(s)
ARG_1673 misses 6 heavy atom(s)
GLU_1706 misses 4 heavy atom(s)
ARG_1712 misses 6 heavy atom(s)
GLU_1719 misses 4 heavy atom(s)
LYS_1737 misses 4 heavy atom(s)
LYS_1738 misses 4 heavy atom(s)
GLN_1739 misses 4 heavy atom(s)
VAL_1740 misses 2 heavy atom(s)
VAL_1741 misses 2 heavy atom(s)
ASN_1742 misses 3 heavy atom(s)
GLU_1745 misses 4 heavy atom(s)
ARG_1777 misses 6 heavy atom(s)
ASN_1778 misses 3 heavy atom(s)
SER_1797 misses 1 heavy atom(s)
ASN_1799 misses 3 heavy atom(s)
LEU_1807 misses 3 heavy atom(s)
SER_1826 misses 1 heavy atom(s)
ASP_1827 misses 3 heavy atom(s)
SER_1829 misses 1 heavy atom(s)
ARG_1854 misses 6 heavy atom(s)
SER_1856 misses 1 heavy atom(s)
GLU_1857 misses 4 heavy atom(s)
GLU_1858 misses 4 heavy atom(s)
LYS_1867 misses 4 heavy atom(s)
ASP_1870 misses 3 heavy atom(s)
GLU_1871 misses 4 heavy atom(s)
LEU_1874 misses 3 heavy atom(s)
LYS_1907 misses 4 heavy atom(s)
GLN_1910 misses 4 heavy atom(s)
LYS_1939 misses 4 heavy atom(s)
GLN_1966 misses 4 heavy atom(s)
LYS_1979 misses 4 heavy atom(s)
SER_1983 misses 1 heavy atom(s)
LEU_1986 misses 3 heavy atom(s)
GLN_1987 misses 4 heavy atom(s)
LYS_1991 misses 4 heavy atom(s)
GLU_2000 misses 4 heavy atom(s)
GLU_2001 misses 4 heavy atom(s)
ASN_2002 misses 3 heavy atom(s)
GLN_2003 misses 4 heavy atom(s)
ASP_2007 misses 3 heavy atom(s)
LEU_2014 misses 3 heavy atom(s)
HIS_2015 misses 5 heavy atom(s)
VAL_2020 misses 2 heavy atom(s)
PRO_2021 misses 2 heavy atom(s)
THR_2023 misses 2 heavy atom(s)
LYS_2025 misses 4 heavy atom(s)
LYS_2041 misses 4 heavy atom(s)
GLU_2044 misses 4 heavy atom(s)
ASN_2045 misses 3 heavy atom(s)
LEU_2048 misses 3 heavy atom(s)
SER_2049 misses 1 heavy atom(s)
CYS_2054 misses 1 heavy atom(s)
PHE_2055 misses 6 heavy atom(s)
ASN_2060 misses 3 heavy atom(s)
ASN_2062 misses 3 heavy atom(s)
GLN_2063 misses 4 heavy atom(s)
SER_2064 misses 1 heavy atom(s)
LEU_2065 misses 3 heavy atom(s)
VAL_2066 misses 2 heavy atom(s)
LEU_2068 misses 3 heavy atom(s)
LYS_2076 misses 4 heavy atom(s)
LEU_2079 misses 3 heavy atom(s)
GLU_2080 misses 4 heavy atom(s)
LYS_2081 misses 4 heavy atom(s)
LEU_2082 misses 3 heavy atom(s)
TYR_2083 misses 7 heavy atom(s)
LYS_2084 misses 4 heavy atom(s)
SER_2085 misses 1 heavy atom(s)
TYR_2086 misses 7 heavy atom(s)
LEU_2087 misses 3 heavy atom(s)
VAL_2088 misses 2 heavy atom(s)
THR_2089 misses 2 heavy atom(s)
VAL_2090 misses 2 heavy atom(s)
TYR_2091 misses 7 heavy atom(s)
PHE_2092 misses 6 heavy atom(s)
PRO_2093 misses 2 heavy atom(s)
THR_2094 misses 2 heavy atom(s)
VAL_2095 misses 2 heavy atom(s)
SER_2096 misses 1 heavy atom(s)
GLU_2097 misses 4 heavy atom(s)
TYR_2098 misses 7 heavy atom(s)
LEU_2099 misses 3 heavy atom(s)
GLN_2100 misses 4 heavy atom(s)
LEU_2102 misses 3 heavy atom(s)
SER_2103 misses 1 heavy atom(s)
ASP_2104 misses 3 heavy atom(s)
SER_2105 misses 1 heavy atom(s)
ARG_2106 misses 6 heavy atom(s)
SER_2107 misses 1 heavy atom(s)
PHE_2108 misses 5 heavy atom(s)
LYS_2109 misses 4 heavy atom(s)
GLN_2110 misses 4 heavy atom(s)
GLN_2113 misses 4 heavy atom(s)
LYS_2114 misses 4 heavy atom(s)
LEU_2119 misses 3 heavy atom(s)
LYS_2120 misses 4 heavy atom(s)
SER_2121 misses 1 heavy atom(s)
LYS_2141 misses 4 heavy atom(s)
ARG_2142 misses 6 heavy atom(s)
LEU_2144 misses 3 heavy atom(s)
GLU_2147 misses 4 heavy atom(s)
LYS_2150 misses 4 heavy atom(s)
LYS_2151 misses 4 heavy atom(s)
PHE_2165 misses 6 heavy atom(s)
GLU_2167 misses 4 heavy atom(s)
ILE_2168 misses 3 heavy atom(s)
LYS_2169 misses 4 heavy atom(s)
GLU_2179 misses 4 heavy atom(s)
LYS_2180 misses 4 heavy atom(s)
ARG_2204 misses 2 heavy atom(s)
GLU_2222 misses 4 heavy atom(s)
LYS_2239 misses 4 heavy atom(s)
LYS_2241 misses 4 heavy atom(s)
LYS_2243 misses 4 heavy atom(s)
ARG_2249 misses 6 heavy atom(s)
LYS_2250 misses 4 heavy atom(s)
LYS_2261 misses 4 heavy atom(s)
LYS_2276 misses 4 heavy atom(s)
GLN_2282 misses 4 heavy atom(s)
LEU_2283 misses 3 heavy atom(s)
not prmtop_filename /net/lewis/scratch1/nigel/amber/hi_lo/ic/3icq/4amber_3icq.prmtop
not prmtop_filename /net/chevy/raid1/nigel/amber/hi_lo/ic/3icq/4amber_3icq.prmtop

	Running AmberPrep : 3icq.pdb


==================================================
Running pdb4amber on 3icq.pdb
==================================================

==================================================
Setting up library files for non-standard residues
==================================================

==================================================
Running elbow/antechamber for A 
==================================================
Traceback (most recent call last):
  File "run_tests_local.py", line 321, in <module>
    run(*tuple(args))
  File "run_tests_local.py", line 305, in run
    w2 = run_all_tests(code, force_amber_prep=force_amber_prep)
  File "run_tests_local.py", line 93, in run_all_tests
    "clean=on",
  File "/net/cci-filer2/raid1/xp/phenix/phenix-svn/modules/amber_adaptbx/command_line/AmberPrepClass.py", line 961, in run
    prefer_input_method=inputs.antechamber.prefer_input_method,
  File "/net/cci-filer2/raid1/xp/phenix/phenix-svn/modules/amber_adaptbx/command_line/AmberPrepClass.py", line 393, in process_ligands
    _run_elbow_antechamber(self.pdb_hierarchy, residue_name, debug=debug)
  File "/net/cci-filer2/raid1/xp/phenix/phenix-svn/modules/amber_adaptbx/command_line/AmberPrepClass.py", line 877, in _run_elbow_antechamber
    pdb_mol.Bondise(add_bond_order=False)
  File "/net/cci-filer2/raid1/xp/phenix/phenix-svn/modules/elbow/elbow/chemistry/BondTopologyMixins.py", line 161, in Bondise
    self.CheckBondise(keep_all_atoms=keep_all_atoms)
  File "/net/cci-filer2/raid1/xp/phenix/phenix-svn/modules/elbow/elbow/chemistry/BondTopologyMixins.py", line 871, in CheckBondise
    bonded = self._get_bonded_to_atom()
  File "/net/cci-filer2/raid1/xp/phenix/phenix-svn/modules/elbow/elbow/chemistry/BondTopologyMixins.py", line 786, in _get_bonded_to_atom
    bonded = [self[i].index]
IndexError: list index out of range
