HOST lewis.lbl.gov
only_i 287
only_code None
force_amber_prep True
dry_run False
... 287 1clp
/net/chevy/raid1/nigel/amber/hi_lo
/net/chevy/raid1/nigel/amber/hi_lo/cl/1clp
1clp.pdb 4phenix_1clp.pdb
1clp.pdb 4phenix_1clp.pdb
local_archive None
archive PDB None
Reading from local mirror:
  /net/cci/pdb_mirror/pdb/cl/pdb1clp.ent.gz
Model saved to /net/lewis/raid1/scratch1/nigel/amber/hi_lo/cl/1clp/1clp.pdb
Traceback (most recent call last):
  File "/net/cci-filer2/raid1/xp/phenix/phenix-svn/build/../modules/cctbx_project/mmtbx/command_line/fetch_pdb.py", line 199, in <module>
    run2(sys.argv[1:])
  File "/net/cci-filer2/raid1/xp/phenix/phenix-svn/build/../modules/cctbx_project/mmtbx/command_line/fetch_pdb.py", line 155, in run2
    files.append(get_pdb(id, data_type_, mirror, log, format=data_format))
  File "/net/cci-filer2/raid1/xp/phenix/phenix-svn/modules/cctbx_project/iotbx/pdb/fetch.py", line 213, in get_pdb
    data = fetch(id, data_type, mirror=mirror, format=format, log=log)
  File "/net/cci-filer2/raid1/xp/phenix/phenix-svn/modules/cctbx_project/iotbx/pdb/fetch.py", line 150, in fetch
    data = libtbx.utils.urlopen(url)
  File "/net/cci-filer2/raid1/xp/phenix/phenix-svn/modules/cctbx_project/libtbx/utils.py", line 2069, in urlopen
    return urllib2.urlopen(*args, **kwds)
  File "/net/cci-filer2/raid1/xp/phenix/phenix-svn/base/lib/python2.7/urllib2.py", line 127, in urlopen
    return _opener.open(url, data, timeout)
  File "/net/cci-filer2/raid1/xp/phenix/phenix-svn/base/lib/python2.7/urllib2.py", line 404, in open
    response = self._open(req, data)
  File "/net/cci-filer2/raid1/xp/phenix/phenix-svn/base/lib/python2.7/urllib2.py", line 422, in _open
    '_open', req)
  File "/net/cci-filer2/raid1/xp/phenix/phenix-svn/base/lib/python2.7/urllib2.py", line 382, in _call_chain
    result = func(*args)
  File "/net/cci-filer2/raid1/xp/phenix/phenix-svn/base/lib/python2.7/urllib2.py", line 1214, in http_open
    return self.do_open(httplib.HTTPConnection, req)
  File "/net/cci-filer2/raid1/xp/phenix/phenix-svn/base/lib/python2.7/urllib2.py", line 1184, in do_open
    raise URLError(err)
urllib2.URLError: <urlopen error [Errno 110] Connection timed out>
local_archive None
archive PDB None
Reading from local mirror:
  /net/cci/pdb_mirror/pdb/cl/pdb1clp.ent.gz
Model saved to /net/lewis/raid1/scratch1/nigel/amber/hi_lo/cl/1clp/1clp.pdb
Traceback (most recent call last):
  File "/net/cci-filer2/raid1/xp/phenix/phenix-svn/build/../modules/cctbx_project/mmtbx/command_line/fetch_pdb.py", line 199, in <module>
    run2(sys.argv[1:])
  File "/net/cci-filer2/raid1/xp/phenix/phenix-svn/build/../modules/cctbx_project/mmtbx/command_line/fetch_pdb.py", line 155, in run2
    files.append(get_pdb(id, data_type_, mirror, log, format=data_format))
  File "/net/cci-filer2/raid1/xp/phenix/phenix-svn/modules/cctbx_project/iotbx/pdb/fetch.py", line 213, in get_pdb
    data = fetch(id, data_type, mirror=mirror, format=format, log=log)
  File "/net/cci-filer2/raid1/xp/phenix/phenix-svn/modules/cctbx_project/iotbx/pdb/fetch.py", line 150, in fetch
    data = libtbx.utils.urlopen(url)
  File "/net/cci-filer2/raid1/xp/phenix/phenix-svn/modules/cctbx_project/libtbx/utils.py", line 2069, in urlopen
    return urllib2.urlopen(*args, **kwds)
  File "/net/cci-filer2/raid1/xp/phenix/phenix-svn/base/lib/python2.7/urllib2.py", line 127, in urlopen
    return _opener.open(url, data, timeout)
  File "/net/cci-filer2/raid1/xp/phenix/phenix-svn/base/lib/python2.7/urllib2.py", line 404, in open
    response = self._open(req, data)
  File "/net/cci-filer2/raid1/xp/phenix/phenix-svn/base/lib/python2.7/urllib2.py", line 422, in _open
    '_open', req)
  File "/net/cci-filer2/raid1/xp/phenix/phenix-svn/base/lib/python2.7/urllib2.py", line 382, in _call_chain
    result = func(*args)
  File "/net/cci-filer2/raid1/xp/phenix/phenix-svn/base/lib/python2.7/urllib2.py", line 1214, in http_open
    return self.do_open(httplib.HTTPConnection, req)
  File "/net/cci-filer2/raid1/xp/phenix/phenix-svn/base/lib/python2.7/urllib2.py", line 1184, in do_open
    raise URLError(err)
urllib2.URLError: <urlopen error [Errno 110] Connection timed out>

==================================================
Summary of pdb4amber for: 1clp.pdb
===================================================

----------Chains
The following (original) chains have been found:
A
B

---------- Alternate Locations (Original Residues!))

The following residues had alternate locations:
None

---------- Mising heavy atom(s)

LYS_116 misses 4 heavy atom(s)
LYS_182 misses 4 heavy atom(s)
LEU_235 misses 4 heavy atom(s)
LYS_237 misses 4 heavy atom(s)

==================================================
Summary of pdb4amber for: 1clp_4tleap_uc1.pdb
===================================================

----------Chains
The following (original) chains have been found:
A
B

---------- Alternate Locations (Original Residues!))

The following residues had alternate locations:
None

---------- Mising heavy atom(s)

None
not prmtop_filename /net/lewis/scratch1/nigel/amber/hi_lo/cl/1clp/4amber_1clp.prmtop

	Running AmberPrep : 1clp.pdb


==================================================
Running pdb4amber on 1clp.pdb
==================================================

==================================================
Setting up library files for non-standard residues
==================================================

==================================================
Preparing asu files and 4phenix_1clp.pdb
==================================================

~> tleap -f 1clp_asu_tleap_input_run

Checking output filenames
  file : 1clp_asu.prmtop
  file : 1clp_asu.rst7

~> ChBox -c 1clp_asu.rst7 -o 1clp_asu.rst7 -X 50.18 -Y 67.76 -Z 88.0 -al 90.0 -bt 90.0 -gm 90.0 


============================================================
Preparing unit cell files: 4amber_1clp.prmtop and 4amber_1clp.rst7
============================================================

~> UnitCell -p 1clp_4UnitCell.pdb -o 1clp_4tleap_uc1.pdb


~> tleap -f 1clp_uc_tleap_input_run

Checking output filenames
  file : 1clp_uc.prmtop
  file : 1clp_uc.rst7

~> ChBox -c 1clp_uc.rst7 -o 1clp_uc.rst7 -X 50.18 -Y 67.76 -Z 88.0 -al 90.0 -bt 90.0 -gm 90.0 


==================================================
Minimizing input coordinates.
==================================================

~> sander -O -i 1clp_amber_all.in -p 4amber_1clp.prmtop -c 4amber_1clp.rst7 -o 1clp.min.out            -ref 4amber_1clp.rst7 -r 4amber_1clp.min.rst7

checking special positions in 4phenix_1clp.pdb

==================================================
Done.  Three new files have been made:
      4phenix_1clp.pdb
      4amber_1clp.prmtop
      4amber_1clp.rst7
==================================================

Example

  phenix.refine 4phenix_1clp.pdb use_amber=True \
    amber.topology_file_name=4amber_1clp.prmtop \
    amber.coordinate_file_name=4amber_1clp.rst7 \
    ....(other refinement keywords here).....



Substituting Amber PDB file for downloaded file
run_tests_local.py:222: UserWarning: os.system() is not safe: please use the subprocess module or libtbx.easy_run instead.
  os.system(cmd)

  Amber files
    PDB    : 1clp.pdb
    MTZ    : 1clp.mtz
    prmtop : 4amber_1clp.prmtop
    rst7   : 4amber_1clp.rst7
  
/net/lewis/raid1/scratch1/nigel/amber/hi_lo/cl/1clp
return_files 1clp
/net/chevy/raid1/nigel/amber/hi_lo
4amber_1clp.pdb
4phenix_1clp.pdb
cp 4phenix_1clp.pdb /net/chevy/raid1/nigel/amber/hi_lo/cl/1clp
1clp.pdb
cp 1clp.pdb /net/chevy/raid1/nigel/amber/hi_lo/cl/1clp
4amber_1clp.mtz
4phenix_1clp.mtz
1clp.mtz
cp 1clp.mtz /net/chevy/raid1/nigel/amber/hi_lo/cl/1clp
4amber_1clp.rst7
cp 4amber_1clp.rst7 /net/chevy/raid1/nigel/amber/hi_lo/cl/1clp
4phenix_1clp.rst7
1clp.rst7
4amber_1clp.prmtop
cp 4amber_1clp.prmtop /net/chevy/raid1/nigel/amber/hi_lo/cl/1clp
4phenix_1clp.prmtop
1clp.prmtop
4amber_1clp_refine_001.log
4phenix_1clp_refine_001.log
1clp_refine_001.log
4amber_1clp_refine_002.log
4phenix_1clp_refine_002.log
1clp_refine_002.log
4amber_1clp_refine_001.pdb
4phenix_1clp_refine_001.pdb
1clp_refine_001.pdb
4amber_1clp_refine_002.pdb
4phenix_1clp_refine_002.pdb
1clp_refine_002.pdb
local_archive /net/chevy/raid1/nigel/amber/hi_lo
archive PDB /net/chevy/raid1/nigel/amber/hi_lo/cl/1clp/1clp.pdb
/net/lewis/raid1/scratch1/nigel/amber/hi_lo/cl/1clp
------------------------------
phenix.refine log filename ? > /net/chevy/raid1/nigel/amber/hi_lo/cl/1clp/1clp_refine_001.log
------------------------------

	Already done (on chevy) 1clp_refine_001
------------------------------
phenix.refine log filename ? > /net/chevy/raid1/nigel/amber/hi_lo/cl/1clp/1clp_refine_002.log
------------------------------

	Already done (on chevy) 1clp_refine_002
