HOST morse.lbl.gov
only_i 325
only_code None
force_amber_prep True
dry_run False
... 325 1h1v
/net/chevy/raid1/nigel/amber/hi_lo
/net/chevy/raid1/nigel/amber/hi_lo/h1/1h1v
1h1v.pdb 4phenix_1h1v.pdb
1h1v.pdb 4phenix_1h1v.pdb
local_archive None
archive PDB None
Reading from local mirror:
  /net/cci/pdb_mirror/pdb/h1/pdb1h1v.ent.gz
Model saved to /net/morse/raid1/scratch1/nigel/amber/hi_lo/h1/1h1v/1h1v.pdb
Sequence saved to /net/morse/raid1/scratch1/nigel/amber/hi_lo/h1/1h1v/1h1v.fa
Reading from local mirror:
  /net/cci/pdb_mirror/structure_factors/h1/r1h1vsf.ent.gz
Structure factors saved to /net/morse/raid1/scratch1/nigel/amber/hi_lo/h1/1h1v/1h1v-sf.cif
Reading from local mirror:
  /net/cci/pdb_mirror/mmcif/h1/1h1v.cif.gz
Model saved to /net/morse/raid1/scratch1/nigel/amber/hi_lo/h1/1h1v/1h1v.cif
Can't determine output label for r1h1vsf,_refln.crystal_id - skipping.
Can't determine output label for r1h1vsf,_refln.scale_group_code - skipping.
Can't determine output label for r1h1vsf,_refln.wavelength_id - skipping.
Converted structure factors saved to 1h1v.mtz
local_archive None
archive PDB None
Reading from local mirror:
  /net/cci/pdb_mirror/pdb/h1/pdb1h1v.ent.gz
Model saved to /net/morse/raid1/scratch1/nigel/amber/hi_lo/h1/1h1v/1h1v.pdb
Sequence saved to /net/morse/raid1/scratch1/nigel/amber/hi_lo/h1/1h1v/1h1v.fa
Reading from local mirror:
  /net/cci/pdb_mirror/structure_factors/h1/r1h1vsf.ent.gz
Structure factors saved to /net/morse/raid1/scratch1/nigel/amber/hi_lo/h1/1h1v/1h1v-sf.cif
Reading from local mirror:
  /net/cci/pdb_mirror/mmcif/h1/1h1v.cif.gz
Model saved to /net/morse/raid1/scratch1/nigel/amber/hi_lo/h1/1h1v/1h1v.cif
Can't determine output label for r1h1vsf,_refln.crystal_id - skipping.
Can't determine output label for r1h1vsf,_refln.scale_group_code - skipping.
Can't determine output label for r1h1vsf,_refln.wavelength_id - skipping.
Converted structure factors saved to 1h1v.mtz

==================================================
Summary of pdb4amber for: 1h1v.pdb
===================================================
REDUCE returned non-zero exit status: See reduce_info.log for more details

----------Chains
The following (original) chains have been found:
A
G

---------- Alternate Locations (Original Residues!))

The following residues had alternate locations:
None

---------- Gaps (Renumbered Residues!)
gap of 6.627516 A between HIE 36 and MET 37
gap of 5.670455 A between HIE 412 and GLY 413

---------- Mising heavy atom(s)

GLU_50 misses 4 heavy atom(s)
not prmtop_filename /net/morse/scratch1/nigel/amber/hi_lo/h1/1h1v/4amber_1h1v.prmtop

	Running AmberPrep : 1h1v.pdb


==================================================
Running pdb4amber on 1h1v.pdb
==================================================

==================================================
Setting up library files for non-standard residues
==================================================

==================================================
Running elbow/antechamber for ATP 
==================================================

==================================================
Summary of pdb4amber for: 1h1v_4tleap_uc1.pdb
===================================================

----------Chains
The following (original) chains have been found:
A
G

---------- Alternate Locations (Original Residues!))

The following residues had alternate locations:
None

---------- Gaps (Renumbered Residues!)
gap of 6.627516 A between HIE 36 and MET 37
gap of 5.670455 A between HIE 412 and GLY 413
gap of 6.627516 A between HIE 1083 and MET 1084
gap of 5.670455 A between HIE 1459 and GLY 1460
gap of 6.627516 A between HIE 2130 and MET 2131
gap of 5.670455 A between HIE 2506 and GLY 2507
gap of 6.627516 A between HIE 3177 and MET 3178
gap of 5.670455 A between HIE 3553 and GLY 3554

---------- Mising heavy atom(s)

None

MoleculeClass :  C:10  N: 5  O:13  P: 3 (CHEMICAL COMPONENTS format)
	43 atoms
	45 bonds
	78 angles
	104 dihedrals
	2 rings (groups, rings, atoms) 3 16
	4 chirals : R S R R 

~> antechamber -i 4antechamber_ATP.pdb -fi pdb -o ATP.mol2 -fo mol2       -nc -4 -m 1 -s 2 -pf y -c bcc -at gaff2 -ek "qm_theory='AM1',grms_tol=0.0005,scfconv=1.d-10,maxcyc=0,ndiis_attempts=700,"


~> parmchk2 -s 2 -i ATP.mol2 -f mol2 -o ATP.frcmod


==================================================
Preparing asu files and 4phenix_1h1v.pdb
==================================================

~> tleap -f 1h1v_asu_tleap_input_run

Checking output filenames
  file : 1h1v_asu.prmtop
  file : 1h1v_asu.rst7

~> ChBox -c 1h1v_asu.rst7 -o 1h1v_asu.rst7 -X 54.35 -Y 113.45 -Z 159.35 -al 90.0 -bt 90.0 -gm 90.0 


============================================================
Preparing unit cell files: 4amber_1h1v.prmtop and 4amber_1h1v.rst7
============================================================

~> UnitCell -p 1h1v_4UnitCell.pdb -o 1h1v_4tleap_uc1.pdb


~> tleap -f 1h1v_uc_tleap_input_run

Checking output filenames
  file : 1h1v_uc.prmtop
  file : 1h1v_uc.rst7

~> ChBox -c 1h1v_uc.rst7 -o 1h1v_uc.rst7 -X 54.35 -Y 113.45 -Z 159.35 -al 90.0 -bt 90.0 -gm 90.0 


==================================================
Minimizing input coordinates.
==================================================

~> sander -O -i 1h1v_amber_all.in -p 4amber_1h1v.prmtop -c 4amber_1h1v.rst7 -o 1h1v.min.out            -ref 4amber_1h1v.rst7 -r 4amber_1h1v.min.rst7

checking special positions in 4phenix_1h1v.pdb

==================================================
Done.  Three new files have been made:
      4phenix_1h1v.pdb
      4amber_1h1v.prmtop
      4amber_1h1v.rst7
==================================================

Example

  phenix.refine 4phenix_1h1v.pdb use_amber=True \
    amber.topology_file_name=4amber_1h1v.prmtop \
    amber.coordinate_file_name=4amber_1h1v.rst7 \
    ....(other refinement keywords here).....



Substituting Amber PDB file for downloaded file
run_tests_local.py:222: UserWarning: os.system() is not safe: please use the subprocess module or libtbx.easy_run instead.
  os.system(cmd)

  Amber files
    PDB    : 1h1v.pdb
    MTZ    : 1h1v.mtz
    prmtop : 4amber_1h1v.prmtop
    rst7   : 4amber_1h1v.rst7
  
/net/morse/raid1/scratch1/nigel/amber/hi_lo/h1/1h1v
return_files 1h1v
/net/chevy/raid1/nigel/amber/hi_lo
4amber_1h1v.pdb
4phenix_1h1v.pdb
cp 4phenix_1h1v.pdb /net/chevy/raid1/nigel/amber/hi_lo/h1/1h1v
1h1v.pdb
cp 1h1v.pdb /net/chevy/raid1/nigel/amber/hi_lo/h1/1h1v
4amber_1h1v.mtz
4phenix_1h1v.mtz
1h1v.mtz
cp 1h1v.mtz /net/chevy/raid1/nigel/amber/hi_lo/h1/1h1v
4amber_1h1v.rst7
cp 4amber_1h1v.rst7 /net/chevy/raid1/nigel/amber/hi_lo/h1/1h1v
4phenix_1h1v.rst7
1h1v.rst7
4amber_1h1v.prmtop
cp 4amber_1h1v.prmtop /net/chevy/raid1/nigel/amber/hi_lo/h1/1h1v
4phenix_1h1v.prmtop
1h1v.prmtop
4amber_1h1v_refine_001.log
4phenix_1h1v_refine_001.log
1h1v_refine_001.log
4amber_1h1v_refine_002.log
4phenix_1h1v_refine_002.log
1h1v_refine_002.log
4amber_1h1v_refine_001.pdb
4phenix_1h1v_refine_001.pdb
1h1v_refine_001.pdb
4amber_1h1v_refine_002.pdb
4phenix_1h1v_refine_002.pdb
1h1v_refine_002.pdb
local_archive /net/chevy/raid1/nigel/amber/hi_lo
archive PDB /net/chevy/raid1/nigel/amber/hi_lo/h1/1h1v/1h1v.pdb
/net/morse/raid1/scratch1/nigel/amber/hi_lo/h1/1h1v
------------------------------
phenix.refine log filename ? > /net/chevy/raid1/nigel/amber/hi_lo/h1/1h1v/1h1v_refine_001.log
------------------------------

	Already done (on chevy) 1h1v_refine_001
------------------------------
phenix.refine log filename ? > /net/chevy/raid1/nigel/amber/hi_lo/h1/1h1v/1h1v_refine_002.log
------------------------------

	Already done (on chevy) 1h1v_refine_002
