HOST lewis.lbl.gov
only_i 164
only_code None
force_amber_prep True
dry_run False
... 164 3iag
/net/chevy/raid1/nigel/amber/hi_lo
/net/chevy/raid1/nigel/amber/hi_lo/ia/3iag
3iag.pdb 4phenix_3iag.pdb
3iag.pdb 4phenix_3iag.pdb
local_archive None
archive PDB None
Reading from local mirror:
  /net/cci/pdb_mirror/pdb/ia/pdb3iag.ent.gz
Model saved to /net/lewis/raid1/scratch1/nigel/amber/hi_lo/ia/3iag/3iag.pdb
Traceback (most recent call last):
  File "/net/cci-filer2/raid1/xp/phenix/phenix-svn/build/../modules/cctbx_project/mmtbx/command_line/fetch_pdb.py", line 199, in <module>
    run2(sys.argv[1:])
  File "/net/cci-filer2/raid1/xp/phenix/phenix-svn/build/../modules/cctbx_project/mmtbx/command_line/fetch_pdb.py", line 155, in run2
    files.append(get_pdb(id, data_type_, mirror, log, format=data_format))
  File "/net/cci-filer2/raid1/xp/phenix/phenix-svn/modules/cctbx_project/iotbx/pdb/fetch.py", line 213, in get_pdb
    data = fetch(id, data_type, mirror=mirror, format=format, log=log)
  File "/net/cci-filer2/raid1/xp/phenix/phenix-svn/modules/cctbx_project/iotbx/pdb/fetch.py", line 150, in fetch
    data = libtbx.utils.urlopen(url)
  File "/net/cci-filer2/raid1/xp/phenix/phenix-svn/modules/cctbx_project/libtbx/utils.py", line 2069, in urlopen
    return urllib2.urlopen(*args, **kwds)
  File "/net/cci-filer2/raid1/xp/phenix/phenix-svn/base/lib/python2.7/urllib2.py", line 127, in urlopen
    return _opener.open(url, data, timeout)
  File "/net/cci-filer2/raid1/xp/phenix/phenix-svn/base/lib/python2.7/urllib2.py", line 404, in open
    response = self._open(req, data)
  File "/net/cci-filer2/raid1/xp/phenix/phenix-svn/base/lib/python2.7/urllib2.py", line 422, in _open
    '_open', req)
  File "/net/cci-filer2/raid1/xp/phenix/phenix-svn/base/lib/python2.7/urllib2.py", line 382, in _call_chain
    result = func(*args)
  File "/net/cci-filer2/raid1/xp/phenix/phenix-svn/base/lib/python2.7/urllib2.py", line 1214, in http_open
    return self.do_open(httplib.HTTPConnection, req)
  File "/net/cci-filer2/raid1/xp/phenix/phenix-svn/base/lib/python2.7/urllib2.py", line 1184, in do_open
    raise URLError(err)
urllib2.URLError: <urlopen error [Errno 110] Connection timed out>
local_archive None
archive PDB None
Reading from local mirror:
  /net/cci/pdb_mirror/pdb/ia/pdb3iag.ent.gz
Model saved to /net/lewis/raid1/scratch1/nigel/amber/hi_lo/ia/3iag/3iag.pdb
Traceback (most recent call last):
  File "/net/cci-filer2/raid1/xp/phenix/phenix-svn/build/../modules/cctbx_project/mmtbx/command_line/fetch_pdb.py", line 199, in <module>
    run2(sys.argv[1:])
  File "/net/cci-filer2/raid1/xp/phenix/phenix-svn/build/../modules/cctbx_project/mmtbx/command_line/fetch_pdb.py", line 155, in run2
    files.append(get_pdb(id, data_type_, mirror, log, format=data_format))
  File "/net/cci-filer2/raid1/xp/phenix/phenix-svn/modules/cctbx_project/iotbx/pdb/fetch.py", line 213, in get_pdb
    data = fetch(id, data_type, mirror=mirror, format=format, log=log)
  File "/net/cci-filer2/raid1/xp/phenix/phenix-svn/modules/cctbx_project/iotbx/pdb/fetch.py", line 150, in fetch
    data = libtbx.utils.urlopen(url)
  File "/net/cci-filer2/raid1/xp/phenix/phenix-svn/modules/cctbx_project/libtbx/utils.py", line 2069, in urlopen
    return urllib2.urlopen(*args, **kwds)
  File "/net/cci-filer2/raid1/xp/phenix/phenix-svn/base/lib/python2.7/urllib2.py", line 127, in urlopen
    return _opener.open(url, data, timeout)
  File "/net/cci-filer2/raid1/xp/phenix/phenix-svn/base/lib/python2.7/urllib2.py", line 404, in open
    response = self._open(req, data)
  File "/net/cci-filer2/raid1/xp/phenix/phenix-svn/base/lib/python2.7/urllib2.py", line 422, in _open
    '_open', req)
  File "/net/cci-filer2/raid1/xp/phenix/phenix-svn/base/lib/python2.7/urllib2.py", line 382, in _call_chain
    result = func(*args)
  File "/net/cci-filer2/raid1/xp/phenix/phenix-svn/base/lib/python2.7/urllib2.py", line 1214, in http_open
    return self.do_open(httplib.HTTPConnection, req)
  File "/net/cci-filer2/raid1/xp/phenix/phenix-svn/base/lib/python2.7/urllib2.py", line 1184, in do_open
    raise URLError(err)
urllib2.URLError: <urlopen error [Errno 110] Connection timed out>

==================================================
Summary of pdb4amber for: 3iag.pdb
===================================================

----------Chains
The following (original) chains have been found:
A
B
C

---------- Alternate Locations (Original Residues!))

The following residues had alternate locations:
CYS_72
GLN_117
HIS_142
SER_146
ARG_242
LYS_253
CYS_290
THR_449

---------- Mising heavy atom(s)

None
The alternate coordinates have been discarded.
Only the first occurrence for each atom was kept.

==================================================
Summary of pdb4amber for: 3iag_4tleap_uc1.pdb
===================================================

----------Chains
The following (original) chains have been found:
A
B
C

---------- Alternate Locations (Original Residues!))

The following residues had alternate locations:
None

---------- Mising heavy atom(s)

None
not prmtop_filename /net/lewis/scratch1/nigel/amber/hi_lo/ia/3iag/4amber_3iag.prmtop

	Running AmberPrep : 3iag.pdb


==================================================
Running pdb4amber on 3iag.pdb
==================================================

==================================================
Setting up library files for non-standard residues
==================================================

  Residue "XYL" already in amber monomer library. Skipping elbow/antechamber
    run for this residue.
        

  Residue "EDO" already in amber monomer library. Skipping elbow/antechamber
    run for this residue.
        

==================================================
Preparing asu files and 4phenix_3iag.pdb
==================================================

~> tleap -f 3iag_asu_tleap_input_run

Checking output filenames
  file : 3iag_asu.prmtop
  file : 3iag_asu.rst7

~> ChBox -c 3iag_asu.rst7 -o 3iag_asu.rst7 -X 63.451 -Y 93.137 -Z 112.569 -al 90.0 -bt 90.0 -gm 90.0 


============================================================
Preparing unit cell files: 4amber_3iag.prmtop and 4amber_3iag.rst7
============================================================

~> UnitCell -p 3iag_4UnitCell.pdb -o 3iag_4tleap_uc1.pdb


~> tleap -f 3iag_uc_tleap_input_run

Checking output filenames
  file : 3iag_uc.prmtop
  file : 3iag_uc.rst7

~> ChBox -c 3iag_uc.rst7 -o 3iag_uc.rst7 -X 63.451 -Y 93.137 -Z 112.569 -al 90.0 -bt 90.0 -gm 90.0 


==================================================
Minimizing input coordinates.
==================================================

~> sander -O -i 3iag_amber_all.in -p 4amber_3iag.prmtop -c 4amber_3iag.rst7 -o 3iag.min.out            -ref 4amber_3iag.rst7 -r 4amber_3iag.min.rst7

checking special positions in 4phenix_3iag.pdb

==================================================
Done.  Three new files have been made:
      4phenix_3iag.pdb
      4amber_3iag.prmtop
      4amber_3iag.rst7
==================================================

Example

  phenix.refine 4phenix_3iag.pdb use_amber=True \
    amber.topology_file_name=4amber_3iag.prmtop \
    amber.coordinate_file_name=4amber_3iag.rst7 \
    ....(other refinement keywords here).....



Substituting Amber PDB file for downloaded file
run_tests_local.py:222: UserWarning: os.system() is not safe: please use the subprocess module or libtbx.easy_run instead.
  os.system(cmd)

  Amber files
    PDB    : 3iag.pdb
    MTZ    : 3iag.mtz
    prmtop : 4amber_3iag.prmtop
    rst7   : 4amber_3iag.rst7
  
/net/lewis/raid1/scratch1/nigel/amber/hi_lo/ia/3iag
return_files 3iag
/net/chevy/raid1/nigel/amber/hi_lo
4amber_3iag.pdb
4phenix_3iag.pdb
cp 4phenix_3iag.pdb /net/chevy/raid1/nigel/amber/hi_lo/ia/3iag
3iag.pdb
cp 3iag.pdb /net/chevy/raid1/nigel/amber/hi_lo/ia/3iag
4amber_3iag.mtz
4phenix_3iag.mtz
3iag.mtz
cp 3iag.mtz /net/chevy/raid1/nigel/amber/hi_lo/ia/3iag
4amber_3iag.rst7
cp 4amber_3iag.rst7 /net/chevy/raid1/nigel/amber/hi_lo/ia/3iag
4phenix_3iag.rst7
3iag.rst7
4amber_3iag.prmtop
cp 4amber_3iag.prmtop /net/chevy/raid1/nigel/amber/hi_lo/ia/3iag
4phenix_3iag.prmtop
3iag.prmtop
4amber_3iag_refine_001.log
4phenix_3iag_refine_001.log
3iag_refine_001.log
4amber_3iag_refine_002.log
4phenix_3iag_refine_002.log
3iag_refine_002.log
4amber_3iag_refine_001.pdb
4phenix_3iag_refine_001.pdb
3iag_refine_001.pdb
4amber_3iag_refine_002.pdb
4phenix_3iag_refine_002.pdb
3iag_refine_002.pdb
local_archive /net/chevy/raid1/nigel/amber/hi_lo
archive PDB /net/chevy/raid1/nigel/amber/hi_lo/ia/3iag/3iag.pdb
/net/lewis/raid1/scratch1/nigel/amber/hi_lo/ia/3iag
------------------------------
phenix.refine log filename ? > /net/chevy/raid1/nigel/amber/hi_lo/ia/3iag/3iag_refine_001.log
------------------------------

	Already done (on chevy) 3iag_refine_001
------------------------------
phenix.refine log filename ? > /net/chevy/raid1/nigel/amber/hi_lo/ia/3iag/3iag_refine_002.log
------------------------------

	Already done (on chevy) 3iag_refine_002
