HOST rebus.lbl.gov
only_i 63
only_code None
force_amber_prep True
dry_run False
... 63 2g3k
/net/chevy/raid1/nigel/amber/hi_lo
/net/chevy/raid1/nigel/amber/hi_lo/g3/2g3k
2g3k.pdb 4phenix_2g3k.pdb
local_archive None
archive PDB None
Reading from local mirror:
  /net/cci/pdb_mirror/pdb/g3/pdb2g3k.ent.gz
Model saved to /net/rebus/raid1/scratch1/nigel/amber/hi_lo/g3/2g3k/2g3k.pdb
Sequence saved to /net/rebus/raid1/scratch1/nigel/amber/hi_lo/g3/2g3k/2g3k.fa
Reading from local mirror:
  /net/cci/pdb_mirror/structure_factors/g3/r2g3ksf.ent.gz
Structure factors saved to /net/rebus/raid1/scratch1/nigel/amber/hi_lo/g3/2g3k/2g3k-sf.cif
Reading from local mirror:
  /net/cci/pdb_mirror/mmcif/g3/2g3k.cif.gz
Model saved to /net/rebus/raid1/scratch1/nigel/amber/hi_lo/g3/2g3k/2g3k.cif
Can't determine output label for r2g3ksf,_refln.crystal_id - skipping.
Can't determine output label for r2g3ksf,_refln.scale_group_code - skipping.
Can't determine output label for r2g3ksf,_refln.wavelength_id - skipping.
Can't determine output label for r2g3kAsf,_refln.crystal_id - skipping.
Can't determine output label for r2g3kAsf,_refln.scale_group_code - skipping.
Can't determine output label for r2g3kAsf,wavelength_id=1,_refln.status - skipping.
Can't determine output label for r2g3kAsf,_refln.wavelength_id - skipping.
Converted structure factors saved to 2g3k.mtz
  I(+),SIGI(+),I(-),SIGI(-) is anomalous
local_archive None
archive PDB None
Reading from local mirror:
  /net/cci/pdb_mirror/pdb/g3/pdb2g3k.ent.gz
Model saved to /net/rebus/raid1/scratch1/nigel/amber/hi_lo/g3/2g3k/2g3k.pdb
Sequence saved to /net/rebus/raid1/scratch1/nigel/amber/hi_lo/g3/2g3k/2g3k.fa
Reading from local mirror:
  /net/cci/pdb_mirror/structure_factors/g3/r2g3ksf.ent.gz
Structure factors saved to /net/rebus/raid1/scratch1/nigel/amber/hi_lo/g3/2g3k/2g3k-sf.cif
Reading from local mirror:
  /net/cci/pdb_mirror/mmcif/g3/2g3k.cif.gz
Model saved to /net/rebus/raid1/scratch1/nigel/amber/hi_lo/g3/2g3k/2g3k.cif
Can't determine output label for r2g3ksf,_refln.crystal_id - skipping.
Can't determine output label for r2g3ksf,_refln.scale_group_code - skipping.
Can't determine output label for r2g3ksf,_refln.wavelength_id - skipping.
Can't determine output label for r2g3kAsf,_refln.crystal_id - skipping.
Can't determine output label for r2g3kAsf,_refln.scale_group_code - skipping.
Can't determine output label for r2g3kAsf,wavelength_id=1,_refln.status - skipping.
Can't determine output label for r2g3kAsf,_refln.wavelength_id - skipping.
Converted structure factors saved to 2g3k.mtz
  I(+),SIGI(+),I(-),SIGI(-) is anomalous
not prmtop_filename /net/rebus/scratch1/nigel/amber/hi_lo/g3/2g3k/4amber_2g3k.prmtop
not prmtop_filename /net/chevy/raid1/nigel/amber/hi_lo/g3/2g3k/4amber_2g3k.prmtop

	Running AmberPrep : 2g3k.pdb


==================================================
Running pdb4amber on 2g3k.pdb
==================================================

==================================================
Setting up library files for non-standard residues
==================================================

==================================================
Running elbow/antechamber for MSE 
==================================================
--------------------------------------------------------------------------------
['/tmp/6368462.63.all.q/tmpNoI3f0', '/tmp/6368462.63.all.q/tmpcHPZlR']
/tmp/6368462.63.all.q/tmpNoI3f0
  Monomer Library directory:
    "/net/cci-filer2/raid1/xp/phenix/phenix-svn/modules/chem_data/mon_lib"
  Total number of atoms: 19
  Number of models: 1
  Model: ""
    Number of chains: 1
    Chain: "A"
      Number of atoms: 19
      Number of conformers: 1
      Conformer: ""
        Number of residues, atoms: 1, 17
          Duplicate atoms: {'MSE,HB2': 1, 'MSE,HG2': 1}
          Classifications: {'peptide': 1}
  Number of atoms with unknown nonbonded energy type symbols: 2
    "HETATM   13  HB3 MSE A   1 .*.A    H  "
    "HETATM   15  HG3 MSE A   1 .*.A    H  "
  Time building chain proxies: 0.01, per 1000 atoms: 0.53

--------------------------------------------------------------------------------

  Not all atoms are connected (distances greater than 1.95 A)
  Attempting to connect the groups using a longer cutoff

MoleculeClass :  C: 5  N: 1  O: 2 Se: 1 (CHEMICAL COMPONENTS format)
	19 atoms
	18 bonds
	31 angles
	36 dihedrals
	0 rings (groups, rings, atoms) 0 0
	1 chirals : S 

~> antechamber -i 4antechamber_MSE.pdb -fi pdb -o MSE.mol2 -fo mol2       -nc -1 -m 1 -s 2 -pf y -c bcc -at gaff2 -ek "qm_theory='AM1', grms_tol=0.0005, scfconv=1.d-10, maxcyc=0, ndiis_attempts=700,"


~> parmchk2 -s 2 -i MSE.mol2 -f mol2 -o MSE.frcmod


==================================================
Preparing asu files and 4phenix_2g3k.pdb
==================================================

~> tleap -f 2g3k_asu_tleap_input_run

Checking output filenames
  file : 2g3k_asu.prmtop
