HOST rebus.lbl.gov
only_i 62
only_code None
force_amber_prep True
dry_run False
1 1z3z,A,2.900,1zod,A,1.800
2 1psi,A,2.920,3ndd,A,1.500
3 3bpo,A,3.000,3l5w,I,2.000
4 1e6j,P,3.000,3mge,A,1.900
5 1r46,A,3.250,3hg3,A,1.900
6 2j0g,A,2.850,2j1g,A,1.950
7 1nsk,L,2.800,3bbb,A,1.300
8 1t04,B,3.000,1t3f,B,2.000
9 1kiu,B,3.000,1ze3,H,1.840
10 1kv3,A,2.800,2q3z,A,2.000
11 1wqs,A,2.800,2iph,A,1.750
12 3gwp,A,2.900,3i16,A,2.000
13 1c0n,A,2.800,1kmj,A,2.000
14 2r8j,A,3.100,3oha,A,2.000
15 1z5s,C,3.010,2grn,B,1.800
16 3icq,B,3.200,3m1i,A,2.000
17 1nb3,I,2.800,3kfq,C,1.990
18 1otc,A,2.800,2i0q,A,1.910
19 1ue8,A,3.000,3b4x,A,1.940
20 1a4o,A,2.800,2o02,A,1.500
21 1t6i,A,2.810,3g4z,A,1.870
22 1de9,A,3.000,2o3h,A,1.900
23 2j6e,L,3.000,3n9g,L,1.434
24 3hrk,A,3.050,3lc0,A,1.800
25 2ecp,A,2.950,2asv,A,1.950
26 1z8l,A,3.500,2xeg,A,1.590
27 1ere,A,3.100,2r6w,A,2.000
28 1xni,A,2.800,3lh0,A,1.900
29 2pl0,A,2.800,3mpm,A,1.950
30 1pxt,A,2.800,1afw,A,1.800
31 1bmf,A,2.850,2jdi,A,1.900
... 62 2jdi
/net/chevy/raid1/nigel/amber/hi_lo
/net/chevy/raid1/nigel/amber/hi_lo/jd/2jdi
2jdi.pdb 4phenix_2jdi.pdb
local_archive None
archive PDB None
Reading from local mirror:
  /net/cci/pdb_mirror/pdb/jd/pdb2jdi.ent.gz
Model saved to /net/rebus/raid1/scratch1/nigel/amber/hi_lo/jd/2jdi/2jdi.pdb
Sequence saved to /net/rebus/raid1/scratch1/nigel/amber/hi_lo/jd/2jdi/2jdi.fa
Reading from local mirror:
  /net/cci/pdb_mirror/structure_factors/jd/r2jdisf.ent.gz
Structure factors saved to /net/rebus/raid1/scratch1/nigel/amber/hi_lo/jd/2jdi/2jdi-sf.cif
Reading from local mirror:
  /net/cci/pdb_mirror/mmcif/jd/2jdi.cif.gz
Model saved to /net/rebus/raid1/scratch1/nigel/amber/hi_lo/jd/2jdi/2jdi.cif
Can't determine output label for r2jdisf,_refln.crystal_id - skipping.
Can't determine output label for r2jdisf,_refln.scale_group_code - skipping.
R-free-flags: fraction_free=0.050
R-free-flags: missing 94109 reflections
Can't determine output label for r2jdisf,_refln.wavelength_id - skipping.
Converted structure factors saved to 2jdi.mtz
local_archive None
archive PDB None
Reading from local mirror:
  /net/cci/pdb_mirror/pdb/jd/pdb2jdi.ent.gz
Model saved to /net/rebus/raid1/scratch1/nigel/amber/hi_lo/jd/2jdi/2jdi.pdb
Sequence saved to /net/rebus/raid1/scratch1/nigel/amber/hi_lo/jd/2jdi/2jdi.fa
Reading from local mirror:
  /net/cci/pdb_mirror/structure_factors/jd/r2jdisf.ent.gz
Structure factors saved to /net/rebus/raid1/scratch1/nigel/amber/hi_lo/jd/2jdi/2jdi-sf.cif
Reading from local mirror:
  /net/cci/pdb_mirror/mmcif/jd/2jdi.cif.gz
Model saved to /net/rebus/raid1/scratch1/nigel/amber/hi_lo/jd/2jdi/2jdi.cif
Can't determine output label for r2jdisf,_refln.crystal_id - skipping.
Can't determine output label for r2jdisf,_refln.scale_group_code - skipping.
R-free-flags: fraction_free=0.050
R-free-flags: missing 94109 reflections
Can't determine output label for r2jdisf,_refln.wavelength_id - skipping.
Converted structure factors saved to 2jdi.mtz

==================================================
Summary of pdb4amber for: 2jdi.pdb
===================================================
REDUCE returned non-zero exit status: See reduce_info.log for more details

----------Chains
The following (original) chains have been found:
A
B
C
D
E
F
G
H
I

---------- Alternate Locations (Original Residues!))

The following residues had alternate locations:
SER_321
ARG_350
ILE_1721
THR_1973
ASN_2170
VAL_2468
VAL_2531
not prmtop_filename /net/rebus/scratch1/nigel/amber/hi_lo/jd/2jdi/4amber_2jdi.prmtop
not prmtop_filename /net/chevy/raid1/nigel/amber/hi_lo/jd/2jdi/4amber_2jdi.prmtop

	Running AmberPrep : 2jdi.pdb


==================================================
Running pdb4amber on 2jdi.pdb
==================================================
Traceback (most recent call last):
  File "run_tests_local.py", line 321, in <module>
    run(*tuple(args))
  File "run_tests_local.py", line 305, in run
    w2 = run_all_tests(code, force_amber_prep=force_amber_prep)
  File "run_tests_local.py", line 93, in run_all_tests
    "clean=on",
  File "/net/cci-filer2/raid1/xp/phenix/phenix-svn/modules/amber_adaptbx/command_line/AmberPrepClass.py", line 951, in run
    arg_conect=False,
  File "/net/cci-filer2/raid1/xp/phenix/phenix-svn/modules/amber/lib/python2.7/site-packages/pdb4amber/pdb4amber.py", line 522, in run
    gaplist = pdbfixer.find_gaps()
  File "/net/cci-filer2/raid1/xp/phenix/phenix-svn/modules/amber/lib/python2.7/site-packages/pdb4amber/pdb4amber.py", line 213, in find_gaps
    N_atom = parm.atoms[N_atoms[i + 1]]
IndexError: list index out of range
