HOST morse.lbl.gov
only_i 253
only_code None
force_amber_prep True
dry_run False
... 253 1r24
/net/chevy/raid1/nigel/amber/hi_lo
/net/chevy/raid1/nigel/amber/hi_lo/r2/1r24
1r24.pdb 4phenix_1r24.pdb
1r24.pdb 4phenix_1r24.pdb
local_archive None
archive PDB None
Reading from local mirror:
  /net/cci/pdb_mirror/pdb/r2/pdb1r24.ent.gz
Model saved to /net/morse/raid1/scratch1/nigel/amber/hi_lo/r2/1r24/1r24.pdb
Sequence saved to /net/morse/raid1/scratch1/nigel/amber/hi_lo/r2/1r24/1r24.fa
Reading from local mirror:
  /net/cci/pdb_mirror/structure_factors/r2/r1r24sf.ent.gz
Structure factors saved to /net/morse/raid1/scratch1/nigel/amber/hi_lo/r2/1r24/1r24-sf.cif
Reading from local mirror:
  /net/cci/pdb_mirror/mmcif/r2/1r24.cif.gz
Model saved to /net/morse/raid1/scratch1/nigel/amber/hi_lo/r2/1r24/1r24.cif
Can't determine output label for r1r24sf,_refln.crystal_id - skipping.
Can't determine output label for r1r24sf,_refln.scale_group_code - skipping.
Can't determine output label for r1r24sf,_refln.wavelength_id - skipping.
Converted structure factors saved to 1r24.mtz
local_archive None
archive PDB None
Reading from local mirror:
  /net/cci/pdb_mirror/pdb/r2/pdb1r24.ent.gz
Model saved to /net/morse/raid1/scratch1/nigel/amber/hi_lo/r2/1r24/1r24.pdb
Sequence saved to /net/morse/raid1/scratch1/nigel/amber/hi_lo/r2/1r24/1r24.fa
Reading from local mirror:
  /net/cci/pdb_mirror/structure_factors/r2/r1r24sf.ent.gz
Structure factors saved to /net/morse/raid1/scratch1/nigel/amber/hi_lo/r2/1r24/1r24-sf.cif
Reading from local mirror:
  /net/cci/pdb_mirror/mmcif/r2/1r24.cif.gz
Model saved to /net/morse/raid1/scratch1/nigel/amber/hi_lo/r2/1r24/1r24.cif
Can't determine output label for r1r24sf,_refln.crystal_id - skipping.
Can't determine output label for r1r24sf,_refln.scale_group_code - skipping.
Can't determine output label for r1r24sf,_refln.wavelength_id - skipping.
Converted structure factors saved to 1r24.mtz

==================================================
Summary of pdb4amber for: 1r24.pdb
===================================================
REDUCE returned non-zero exit status: See reduce_info.log for more details

----------Chains
The following (original) chains have been found:
A
B
C
D

---------- Alternate Locations (Original Residues!))

The following residues had alternate locations:
None

---------- Mising heavy atom(s)

None

==================================================
Summary of pdb4amber for: 1r24_4tleap_uc1.pdb
===================================================

----------Chains
The following (original) chains have been found:
A
B
C
D

---------- Alternate Locations (Original Residues!))

The following residues had alternate locations:
None

---------- Mising heavy atom(s)

None
not prmtop_filename /net/morse/scratch1/nigel/amber/hi_lo/r2/1r24/4amber_1r24.prmtop

	Running AmberPrep : 1r24.pdb


==================================================
Running pdb4amber on 1r24.pdb
==================================================

==================================================
Setting up library files for non-standard residues
==================================================

==================================================
Preparing asu files and 4phenix_1r24.pdb
==================================================

~> tleap -f 1r24_asu_tleap_input_run

Checking output filenames
  file : 1r24_asu.prmtop
  file : 1r24_asu.rst7

~> ChBox -c 1r24_asu.rst7 -o 1r24_asu.rst7 -X 139.24 -Y 82.07 -Z 73.58 -al 90.0 -bt 94.13 -gm 90.0 


============================================================
Preparing unit cell files: 4amber_1r24.prmtop and 4amber_1r24.rst7
============================================================

~> UnitCell -p 1r24_4UnitCell.pdb -o 1r24_4tleap_uc1.pdb


~> tleap -f 1r24_uc_tleap_input_run

Checking output filenames
  file : 1r24_uc.prmtop
  file : 1r24_uc.rst7

~> ChBox -c 1r24_uc.rst7 -o 1r24_uc.rst7 -X 139.24 -Y 82.07 -Z 73.58 -al 90.0 -bt 94.13 -gm 90.0 


==================================================
Minimizing input coordinates.
==================================================

~> sander -O -i 1r24_amber_all.in -p 4amber_1r24.prmtop -c 4amber_1r24.rst7 -o 1r24.min.out            -ref 4amber_1r24.rst7 -r 4amber_1r24.min.rst7

checking special positions in 4phenix_1r24.pdb

==================================================
Done.  Three new files have been made:
      4phenix_1r24.pdb
      4amber_1r24.prmtop
      4amber_1r24.rst7
==================================================

Example

  phenix.refine 4phenix_1r24.pdb use_amber=True \
    amber.topology_file_name=4amber_1r24.prmtop \
    amber.coordinate_file_name=4amber_1r24.rst7 \
    ....(other refinement keywords here).....



Substituting Amber PDB file for downloaded file
run_tests_local.py:222: UserWarning: os.system() is not safe: please use the subprocess module or libtbx.easy_run instead.
  os.system(cmd)

  Amber files
    PDB    : 1r24.pdb
    MTZ    : 1r24.mtz
    prmtop : 4amber_1r24.prmtop
    rst7   : 4amber_1r24.rst7
  
/net/morse/raid1/scratch1/nigel/amber/hi_lo/r2/1r24
return_files 1r24
/net/chevy/raid1/nigel/amber/hi_lo
4amber_1r24.pdb
4phenix_1r24.pdb
cp 4phenix_1r24.pdb /net/chevy/raid1/nigel/amber/hi_lo/r2/1r24
1r24.pdb
cp 1r24.pdb /net/chevy/raid1/nigel/amber/hi_lo/r2/1r24
4amber_1r24.mtz
4phenix_1r24.mtz
1r24.mtz
cp 1r24.mtz /net/chevy/raid1/nigel/amber/hi_lo/r2/1r24
4amber_1r24.rst7
cp 4amber_1r24.rst7 /net/chevy/raid1/nigel/amber/hi_lo/r2/1r24
4phenix_1r24.rst7
1r24.rst7
4amber_1r24.prmtop
cp 4amber_1r24.prmtop /net/chevy/raid1/nigel/amber/hi_lo/r2/1r24
4phenix_1r24.prmtop
1r24.prmtop
4amber_1r24_refine_001.log
4phenix_1r24_refine_001.log
1r24_refine_001.log
4amber_1r24_refine_002.log
4phenix_1r24_refine_002.log
1r24_refine_002.log
4amber_1r24_refine_001.pdb
4phenix_1r24_refine_001.pdb
1r24_refine_001.pdb
4amber_1r24_refine_002.pdb
4phenix_1r24_refine_002.pdb
1r24_refine_002.pdb
local_archive /net/chevy/raid1/nigel/amber/hi_lo
archive PDB /net/chevy/raid1/nigel/amber/hi_lo/r2/1r24/1r24.pdb
/net/morse/raid1/scratch1/nigel/amber/hi_lo/r2/1r24
------------------------------
phenix.refine log filename ? > /net/chevy/raid1/nigel/amber/hi_lo/r2/1r24/1r24_refine_001.log
------------------------------

	Already done (on chevy) 1r24_refine_001
------------------------------
phenix.refine log filename ? > /net/chevy/raid1/nigel/amber/hi_lo/r2/1r24/1r24_refine_002.log
------------------------------

	Already done (on chevy) 1r24_refine_002
