HOST rebus.lbl.gov
only_i 42
only_code None
force_amber_prep True
dry_run False
1 1z3z,A,2.900,1zod,A,1.800
2 1psi,A,2.920,3ndd,A,1.500
3 3bpo,A,3.000,3l5w,I,2.000
4 1e6j,P,3.000,3mge,A,1.900
5 1r46,A,3.250,3hg3,A,1.900
6 2j0g,A,2.850,2j1g,A,1.950
7 1nsk,L,2.800,3bbb,A,1.300
8 1t04,B,3.000,1t3f,B,2.000
9 1kiu,B,3.000,1ze3,H,1.840
10 1kv3,A,2.800,2q3z,A,2.000
11 1wqs,A,2.800,2iph,A,1.750
12 3gwp,A,2.900,3i16,A,2.000
13 1c0n,A,2.800,1kmj,A,2.000
14 2r8j,A,3.100,3oha,A,2.000
15 1z5s,C,3.010,2grn,B,1.800
16 3icq,B,3.200,3m1i,A,2.000
17 1nb3,I,2.800,3kfq,C,1.990
18 1otc,A,2.800,2i0q,A,1.910
19 1ue8,A,3.000,3b4x,A,1.940
20 1a4o,A,2.800,2o02,A,1.500
21 1t6i,A,2.810,3g4z,A,1.870
... 42 3g4z
/net/chevy/raid1/nigel/amber/hi_lo
/net/chevy/raid1/nigel/amber/hi_lo/g4/3g4z
3g4z.pdb 4phenix_3g4z.pdb
3g4z.pdb 4phenix_3g4z.pdb
local_archive None
archive PDB None
Reading from local mirror:
  /net/cci/pdb_mirror/pdb/g4/pdb3g4z.ent.gz
Model saved to /net/rebus/raid1/scratch1/nigel/amber/hi_lo/g4/3g4z/3g4z.pdb
Sequence saved to /net/rebus/raid1/scratch1/nigel/amber/hi_lo/g4/3g4z/3g4z.fa
Reading from local mirror:
  /net/cci/pdb_mirror/structure_factors/g4/r3g4zsf.ent.gz
Structure factors saved to /net/rebus/raid1/scratch1/nigel/amber/hi_lo/g4/3g4z/3g4z-sf.cif
Reading from local mirror:
  /net/cci/pdb_mirror/mmcif/g4/3g4z.cif.gz
Model saved to /net/rebus/raid1/scratch1/nigel/amber/hi_lo/g4/3g4z/3g4z.cif
Can't determine output label for r3g4zsf,_refln.crystal_id - skipping.
Can't determine output label for r3g4zsf,_refln.scale_group_code - skipping.
Can't determine output label for r3g4zsf,_refln.wavelength_id - skipping.
Converted structure factors saved to 3g4z.mtz
local_archive None
archive PDB None
Reading from local mirror:
  /net/cci/pdb_mirror/pdb/g4/pdb3g4z.ent.gz
Model saved to /net/rebus/raid1/scratch1/nigel/amber/hi_lo/g4/3g4z/3g4z.pdb
Sequence saved to /net/rebus/raid1/scratch1/nigel/amber/hi_lo/g4/3g4z/3g4z.fa
Reading from local mirror:
  /net/cci/pdb_mirror/structure_factors/g4/r3g4zsf.ent.gz
Structure factors saved to /net/rebus/raid1/scratch1/nigel/amber/hi_lo/g4/3g4z/3g4z-sf.cif
Reading from local mirror:
  /net/cci/pdb_mirror/mmcif/g4/3g4z.cif.gz
Model saved to /net/rebus/raid1/scratch1/nigel/amber/hi_lo/g4/3g4z/3g4z.cif
Can't determine output label for r3g4zsf,_refln.crystal_id - skipping.
Can't determine output label for r3g4zsf,_refln.scale_group_code - skipping.
Can't determine output label for r3g4zsf,_refln.wavelength_id - skipping.
Converted structure factors saved to 3g4z.mtz

==================================================
Summary of pdb4amber for: 3g4z.pdb
===================================================
REDUCE returned non-zero exit status: See reduce_info.log for more details

----------Chains
The following (original) chains have been found:
A
B
C

---------- Alternate Locations (Original Residues!))

The following residues had alternate locations:
ARG_15
ARG_132

---------- Mising heavy atom(s)

None
The alternate coordinates have been discarded.
Only the first occurrence for each atom was kept.

==================================================
Summary of pdb4amber for: 3g4z_4tleap_uc1.pdb
===================================================

----------Chains
The following (original) chains have been found:
A
B
C

---------- Alternate Locations (Original Residues!))

The following residues had alternate locations:
None

---------- Mising heavy atom(s)

None
not prmtop_filename /net/rebus/scratch1/nigel/amber/hi_lo/g4/3g4z/4amber_3g4z.prmtop

	Running AmberPrep : 3g4z.pdb


==================================================
Running pdb4amber on 3g4z.pdb
==================================================

==================================================
Setting up library files for non-standard residues
==================================================

==================================================
Preparing asu files and 4phenix_3g4z.pdb
==================================================

~> tleap -f 3g4z_asu_tleap_input_run

Checking output filenames
  file : 3g4z_asu.prmtop
  file : 3g4z_asu.rst7

~> ChBox -c 3g4z_asu.rst7 -o 3g4z_asu.rst7 -X 59.876 -Y 111.577 -Z 111.553 -al 90.0 -bt 90.0 -gm 90.0 


============================================================
Preparing unit cell files: 4amber_3g4z.prmtop and 4amber_3g4z.rst7
============================================================

~> UnitCell -p 3g4z_4UnitCell.pdb -o 3g4z_4tleap_uc1.pdb


~> tleap -f 3g4z_uc_tleap_input_run

Checking output filenames
  file : 3g4z_uc.prmtop
  file : 3g4z_uc.rst7

~> ChBox -c 3g4z_uc.rst7 -o 3g4z_uc.rst7 -X 59.876 -Y 111.577 -Z 111.553 -al 90.0 -bt 90.0 -gm 90.0 


==================================================
Minimizing input coordinates.
==================================================

~> sander -O -i 3g4z_amber_all.in -p 4amber_3g4z.prmtop -c 4amber_3g4z.rst7 -o 3g4z.min.out            -ref 4amber_3g4z.rst7 -r 4amber_3g4z.min.rst7

checking special positions in 4phenix_3g4z.pdb

==================================================
Done.  Three new files have been made:
      4phenix_3g4z.pdb
      4amber_3g4z.prmtop
      4amber_3g4z.rst7
==================================================

Example

  phenix.refine 4phenix_3g4z.pdb use_amber=True \
    amber.topology_file_name=4amber_3g4z.prmtop \
    amber.coordinate_file_name=4amber_3g4z.rst7 \
    ....(other refinement keywords here).....



Substituting Amber PDB file for downloaded file
run_tests_local.py:220: UserWarning: os.system() is not safe: please use the subprocess module or libtbx.easy_run instead.
  os.system(cmd)

  Amber files
    PDB    : 3g4z.pdb
    MTZ    : 3g4z.mtz
    prmtop : 4amber_3g4z.prmtop
    rst7   : 4amber_3g4z.rst7
  
/net/rebus/raid1/scratch1/nigel/amber/hi_lo/g4/3g4z
return_files 3g4z
/net/chevy/raid1/nigel/amber/hi_lo
4amber_3g4z.pdb
4phenix_3g4z.pdb
cp 4phenix_3g4z.pdb /net/chevy/raid1/nigel/amber/hi_lo/g4/3g4z
3g4z.pdb
cp 3g4z.pdb /net/chevy/raid1/nigel/amber/hi_lo/g4/3g4z
4amber_3g4z.mtz
4phenix_3g4z.mtz
3g4z.mtz
cp 3g4z.mtz /net/chevy/raid1/nigel/amber/hi_lo/g4/3g4z
4amber_3g4z.rst7
cp 4amber_3g4z.rst7 /net/chevy/raid1/nigel/amber/hi_lo/g4/3g4z
4phenix_3g4z.rst7
3g4z.rst7
4amber_3g4z.prmtop
cp 4amber_3g4z.prmtop /net/chevy/raid1/nigel/amber/hi_lo/g4/3g4z
4phenix_3g4z.prmtop
3g4z.prmtop
4amber_3g4z_refine_001.log
4phenix_3g4z_refine_001.log
3g4z_refine_001.log
4amber_3g4z_refine_002.log
4phenix_3g4z_refine_002.log
3g4z_refine_002.log
4amber_3g4z_refine_001.pdb
4phenix_3g4z_refine_001.pdb
3g4z_refine_001.pdb
4amber_3g4z_refine_002.pdb
4phenix_3g4z_refine_002.pdb
3g4z_refine_002.pdb
local_archive /net/chevy/raid1/nigel/amber/hi_lo
archive PDB /net/chevy/raid1/nigel/amber/hi_lo/g4/3g4z/3g4z.pdb
/net/rebus/raid1/scratch1/nigel/amber/hi_lo/g4/3g4z
------------------------------
phenix.refine log filename ? > /net/chevy/raid1/nigel/amber/hi_lo/g4/3g4z/3g4z_refine_001.log
------------------------------
------------------------------
phenix.refine log filename ? > 3g4z_refine_001.log
------------------------------
Running phenix.refine

phenix.refine 3g4z.pdb 3g4z.mtz c_beta_restraints=False discard_psi_phi=False strategy="*individual_sites individual_sites_real_space rigid_body *individual_adp group_adp tls *occupancies group_anomalous" refinement.target_weights.optimize_xyz_weight=True refinement.main.number_of_macro_cycles=10 write_geo=False serial=1 cdl=True

------------------------------
phenix.refine log filename ? > /net/chevy/raid1/nigel/amber/hi_lo/g4/3g4z/3g4z_refine_002.log
------------------------------
------------------------------
phenix.refine log filename ? > 3g4z_refine_002.log
------------------------------
Running phenix.refine

phenix.refine 3g4z.pdb 3g4z.mtz c_beta_restraints=False discard_psi_phi=False strategy="*individual_sites individual_sites_real_space rigid_body *individual_adp group_adp tls *occupancies group_anomalous" topology_file_name=/net/chevy/raid1/nigel/amber/hi_lo/g4/3g4z/4amber_3g4z.prmtop amber.coordinate_file_name=/net/chevy/raid1/nigel/amber/hi_lo/g4/3g4z/4amber_3g4z.rst7 use_amber=True refinement.target_weights.optimize_xyz_weight=True refinement.main.number_of_macro_cycles=10 write_geo=False amber.wxc_factor=0.300000 serial=2

