HOST morse.lbl.gov
only_i 95
only_code None
force_amber_prep True
dry_run False
... 95 1fvv
/net/chevy/raid1/nigel/amber/hi_lo
/net/chevy/raid1/nigel/amber/hi_lo/fv/1fvv
1fvv.pdb 4phenix_1fvv.pdb
local_archive None
archive PDB None
Reading from local mirror:
  /net/cci/pdb_mirror/pdb/fv/pdb1fvv.ent.gz
Model saved to /net/morse/raid1/scratch1/nigel/amber/hi_lo/fv/1fvv/1fvv.pdb
Sequence saved to /net/morse/raid1/scratch1/nigel/amber/hi_lo/fv/1fvv/1fvv.fa
Reading from local mirror:
  /net/cci/pdb_mirror/structure_factors/fv/r1fvvsf.ent.gz
Structure factors saved to /net/morse/raid1/scratch1/nigel/amber/hi_lo/fv/1fvv/1fvv-sf.cif
Reading from local mirror:
  /net/cci/pdb_mirror/mmcif/fv/1fvv.cif.gz
Model saved to /net/morse/raid1/scratch1/nigel/amber/hi_lo/fv/1fvv/1fvv.cif
Can't determine output label for r1fvvsf,wavelength_id=1,_refln.F_meas_au,_refln.F_meas_sigma_au - skipping.
Can't determine output label for r1fvvsf,_refln.crystal_id - skipping.
Can't determine output label for r1fvvsf,_refln.scale_group_code - skipping.
Can't determine output label for r1fvvsf,_refln.wavelength_id - skipping.
Converted structure factors saved to 1fvv.mtz
local_archive None
archive PDB None
Reading from local mirror:
  /net/cci/pdb_mirror/pdb/fv/pdb1fvv.ent.gz
Model saved to /net/morse/raid1/scratch1/nigel/amber/hi_lo/fv/1fvv/1fvv.pdb
Sequence saved to /net/morse/raid1/scratch1/nigel/amber/hi_lo/fv/1fvv/1fvv.fa
Reading from local mirror:
  /net/cci/pdb_mirror/structure_factors/fv/r1fvvsf.ent.gz
Structure factors saved to /net/morse/raid1/scratch1/nigel/amber/hi_lo/fv/1fvv/1fvv-sf.cif
Reading from local mirror:
  /net/cci/pdb_mirror/mmcif/fv/1fvv.cif.gz
Model saved to /net/morse/raid1/scratch1/nigel/amber/hi_lo/fv/1fvv/1fvv.cif
Can't determine output label for r1fvvsf,wavelength_id=1,_refln.F_meas_au,_refln.F_meas_sigma_au - skipping.
Can't determine output label for r1fvvsf,_refln.crystal_id - skipping.
Can't determine output label for r1fvvsf,_refln.scale_group_code - skipping.
Can't determine output label for r1fvvsf,_refln.wavelength_id - skipping.
Converted structure factors saved to 1fvv.mtz

==================================================
Summary of pdb4amber for: 1fvv.pdb
===================================================
REDUCE returned non-zero exit status: See reduce_info.log for more details

----------Chains
The following (original) chains have been found:
A
B
C
D

---------- Alternate Locations (Original Residues!))

The following residues had alternate locations:
None

---------- Mising heavy atom(s)

TYR_15 misses 7 heavy atom(s)
ARG_36 misses 6 heavy atom(s)
GLU_40 misses 4 heavy atom(s)
GLU_162 misses 4 heavy atom(s)
TYR_573 misses 7 heavy atom(s)
GLU_720 misses 4 heavy atom(s)
ARG_855 misses 6 heavy atom(s)
not prmtop_filename /net/morse/scratch1/nigel/amber/hi_lo/fv/1fvv/4amber_1fvv.prmtop
not prmtop_filename /net/chevy/raid1/nigel/amber/hi_lo/fv/1fvv/4amber_1fvv.prmtop

	Running AmberPrep : 1fvv.pdb


==================================================
Running pdb4amber on 1fvv.pdb
==================================================

==================================================
Setting up library files for non-standard residues
==================================================

==================================================
Running elbow/antechamber for 107 
==================================================

MoleculeClass :  C:21  N: 5  O: 3  S: 2 (CHEMICAL COMPONENTS format)
	46 atoms
	50 bonds
	82 angles
	120 dihedrals
	3 rings (groups, rings, atoms) 5 28
	0 chirals

~> antechamber -i 4antechamber_107.pdb -fi pdb -o 107.mol2 -fo mol2       -nc 0 -m 1 -s 2 -pf y -c bcc -at gaff2 -ek "qm_theory='AM1',grms_tol=0.0005,scfconv=1.d-10,maxcyc=0,ndiis_attempts=700,"


~> parmchk2 -s 2 -i 107.mol2 -f mol2 -o 107.frcmod


==================================================
Preparing asu files and 4phenix_1fvv.pdb
==================================================

~> tleap -f 1fvv_asu_tleap_input_run

Checking output filenames
  file : 1fvv_asu.prmtop
Sorry:   Output file not present : 1fvv_asu.prmtop
  Check contents of "leap.log"
