HOST morse.lbl.gov
only_i 154
only_code None
force_amber_prep True
dry_run False
... 154 2arv
/net/chevy/raid1/nigel/amber/hi_lo
/net/chevy/raid1/nigel/amber/hi_lo/ar/2arv
2arv.pdb 4phenix_2arv.pdb
2arv.pdb 4phenix_2arv.pdb
local_archive None
archive PDB None
Reading from local mirror:
  /net/cci/pdb_mirror/pdb/ar/pdb2arv.ent.gz
Model saved to /net/morse/raid1/scratch1/nigel/amber/hi_lo/ar/2arv/2arv.pdb
Sequence saved to /net/morse/raid1/scratch1/nigel/amber/hi_lo/ar/2arv/2arv.fa
Reading from local mirror:
  /net/cci/pdb_mirror/structure_factors/ar/r2arvsf.ent.gz
Structure factors saved to /net/morse/raid1/scratch1/nigel/amber/hi_lo/ar/2arv/2arv-sf.cif
Reading from local mirror:
  /net/cci/pdb_mirror/mmcif/ar/2arv.cif.gz
Model saved to /net/morse/raid1/scratch1/nigel/amber/hi_lo/ar/2arv/2arv.cif
Can't determine output label for r2arvsf,_refln.crystal_id - skipping.
Can't determine output label for r2arvsf,_refln.scale_group_code - skipping.
R-free-flags: fraction_free=0.049
R-free-flags: missing 1548 reflections
Can't determine output label for r2arvsf,_refln.wavelength_id - skipping.
Converted structure factors saved to 2arv.mtz
local_archive None
archive PDB None
Reading from local mirror:
  /net/cci/pdb_mirror/pdb/ar/pdb2arv.ent.gz
Model saved to /net/morse/raid1/scratch1/nigel/amber/hi_lo/ar/2arv/2arv.pdb
Sequence saved to /net/morse/raid1/scratch1/nigel/amber/hi_lo/ar/2arv/2arv.fa
Reading from local mirror:
  /net/cci/pdb_mirror/structure_factors/ar/r2arvsf.ent.gz
Structure factors saved to /net/morse/raid1/scratch1/nigel/amber/hi_lo/ar/2arv/2arv-sf.cif
Reading from local mirror:
  /net/cci/pdb_mirror/mmcif/ar/2arv.cif.gz
Model saved to /net/morse/raid1/scratch1/nigel/amber/hi_lo/ar/2arv/2arv.cif
Can't determine output label for r2arvsf,_refln.crystal_id - skipping.
Can't determine output label for r2arvsf,_refln.scale_group_code - skipping.
R-free-flags: fraction_free=0.049
R-free-flags: missing 1548 reflections
Can't determine output label for r2arvsf,_refln.wavelength_id - skipping.
Converted structure factors saved to 2arv.mtz

==================================================
Summary of pdb4amber for: 2arv.pdb
===================================================

----------Chains
The following (original) chains have been found:
A
B

---------- Alternate Locations (Original Residues!))

The following residues had alternate locations:
TRP_28

---------- Gaps (Renumbered Residues!)
gap of 13.304148 A between SER 162 and SER 163

---------- Mising heavy atom(s)

None
The alternate coordinates have been discarded.
Only the first occurrence for each atom was kept.

==================================================
Summary of pdb4amber for: 2arv_4tleap_uc1.pdb
===================================================

----------Chains
The following (original) chains have been found:
A
B

---------- Alternate Locations (Original Residues!))

The following residues had alternate locations:
None

---------- Gaps (Renumbered Residues!)
gap of 13.304148 A between SER 162 and SER 163
gap of 13.304148 A between SER 446 and SER 447
gap of 13.304148 A between SER 730 and SER 731
gap of 13.304148 A between SER 1014 and SER 1015
gap of 13.304722 A between SER 1298 and SER 1299
gap of 13.304722 A between SER 1582 and SER 1583
gap of 13.304722 A between SER 1866 and SER 1867
gap of 13.304722 A between SER 2150 and SER 2151

---------- Mising heavy atom(s)

None
not prmtop_filename /net/morse/scratch1/nigel/amber/hi_lo/ar/2arv/4amber_2arv.prmtop

	Running AmberPrep : 2arv.pdb


==================================================
Running pdb4amber on 2arv.pdb
==================================================

==================================================
Setting up library files for non-standard residues
==================================================

  Residue "GOL" already in amber monomer library. Skipping elbow/antechamber
    run for this residue.
        

  Residue "SO4" already in amber monomer library. Skipping elbow/antechamber
    run for this residue.
        

  Residue "1PG" already in amber monomer library. Skipping elbow/antechamber
    run for this residue.
        

==================================================
Preparing asu files and 4phenix_2arv.pdb
==================================================

~> tleap -f 2arv_asu_tleap_input_run

Checking output filenames
  file : 2arv_asu.prmtop
  file : 2arv_asu.rst7

~> ChBox -c 2arv_asu.rst7 -o 2arv_asu.rst7 -X 63.572 -Y 96.247 -Z 118.038 -al 90.0 -bt 90.0 -gm 90.0 


============================================================
Preparing unit cell files: 4amber_2arv.prmtop and 4amber_2arv.rst7
============================================================

~> UnitCell -p 2arv_4UnitCell.pdb -o 2arv_4tleap_uc1.pdb


~> tleap -f 2arv_uc_tleap_input_run

Checking output filenames
  file : 2arv_uc.prmtop
  file : 2arv_uc.rst7

~> ChBox -c 2arv_uc.rst7 -o 2arv_uc.rst7 -X 63.572 -Y 96.247 -Z 118.038 -al 90.0 -bt 90.0 -gm 90.0 


==================================================
Minimizing input coordinates.
==================================================

~> sander -O -i 2arv_amber_all.in -p 4amber_2arv.prmtop -c 4amber_2arv.rst7 -o 2arv.min.out            -ref 4amber_2arv.rst7 -r 4amber_2arv.min.rst7

checking special positions in 4phenix_2arv.pdb

==================================================
Done.  Three new files have been made:
      4phenix_2arv.pdb
      4amber_2arv.prmtop
      4amber_2arv.rst7
==================================================

Example

  phenix.refine 4phenix_2arv.pdb use_amber=True \
    amber.topology_file_name=4amber_2arv.prmtop \
    amber.coordinate_file_name=4amber_2arv.rst7 \
    ....(other refinement keywords here).....



Substituting Amber PDB file for downloaded file
run_tests_local.py:222: UserWarning: os.system() is not safe: please use the subprocess module or libtbx.easy_run instead.
  os.system(cmd)

  Amber files
    PDB    : 2arv.pdb
    MTZ    : 2arv.mtz
    prmtop : 4amber_2arv.prmtop
    rst7   : 4amber_2arv.rst7
  
/net/morse/raid1/scratch1/nigel/amber/hi_lo/ar/2arv
return_files 2arv
/net/chevy/raid1/nigel/amber/hi_lo
4amber_2arv.pdb
4phenix_2arv.pdb
cp 4phenix_2arv.pdb /net/chevy/raid1/nigel/amber/hi_lo/ar/2arv
2arv.pdb
cp 2arv.pdb /net/chevy/raid1/nigel/amber/hi_lo/ar/2arv
4amber_2arv.mtz
4phenix_2arv.mtz
2arv.mtz
cp 2arv.mtz /net/chevy/raid1/nigel/amber/hi_lo/ar/2arv
4amber_2arv.rst7
cp 4amber_2arv.rst7 /net/chevy/raid1/nigel/amber/hi_lo/ar/2arv
4phenix_2arv.rst7
2arv.rst7
4amber_2arv.prmtop
cp 4amber_2arv.prmtop /net/chevy/raid1/nigel/amber/hi_lo/ar/2arv
4phenix_2arv.prmtop
2arv.prmtop
4amber_2arv_refine_001.log
4phenix_2arv_refine_001.log
2arv_refine_001.log
4amber_2arv_refine_002.log
4phenix_2arv_refine_002.log
2arv_refine_002.log
4amber_2arv_refine_001.pdb
4phenix_2arv_refine_001.pdb
2arv_refine_001.pdb
4amber_2arv_refine_002.pdb
4phenix_2arv_refine_002.pdb
2arv_refine_002.pdb
local_archive /net/chevy/raid1/nigel/amber/hi_lo
archive PDB /net/chevy/raid1/nigel/amber/hi_lo/ar/2arv/2arv.pdb
/net/morse/raid1/scratch1/nigel/amber/hi_lo/ar/2arv
------------------------------
phenix.refine log filename ? > /net/chevy/raid1/nigel/amber/hi_lo/ar/2arv/2arv_refine_001.log
------------------------------

	Already done (on chevy) 2arv_refine_001
------------------------------
phenix.refine log filename ? > /net/chevy/raid1/nigel/amber/hi_lo/ar/2arv/2arv_refine_002.log
------------------------------

	Already done (on chevy) 2arv_refine_002
