HOST morse.lbl.gov
only_i 291
only_code None
force_amber_prep True
dry_run False
... 291 3f6l
/net/chevy/raid1/nigel/amber/hi_lo
/net/chevy/raid1/nigel/amber/hi_lo/f6/3f6l
3f6l.pdb 4phenix_3f6l.pdb
3f6l.pdb 4phenix_3f6l.pdb
local_archive None
archive PDB None
Reading from local mirror:
  /net/cci/pdb_mirror/pdb/f6/pdb3f6l.ent.gz
Model saved to /net/morse/raid1/scratch1/nigel/amber/hi_lo/f6/3f6l/3f6l.pdb
Sequence saved to /net/morse/raid1/scratch1/nigel/amber/hi_lo/f6/3f6l/3f6l.fa
Reading from local mirror:
  /net/cci/pdb_mirror/structure_factors/f6/r3f6lsf.ent.gz
Structure factors saved to /net/morse/raid1/scratch1/nigel/amber/hi_lo/f6/3f6l/3f6l-sf.cif
Reading from local mirror:
  /net/cci/pdb_mirror/mmcif/f6/3f6l.cif.gz
Model saved to /net/morse/raid1/scratch1/nigel/amber/hi_lo/f6/3f6l/3f6l.cif
Can't determine output label for r3f6lsf,_refln.crystal_id - skipping.
Can't determine output label for r3f6lsf,_refln.scale_group_code - skipping.
R-free-flags: fraction_free=0.051
R-free-flags: missing 131 reflections
Can't determine output label for r3f6lsf,_refln.wavelength_id - skipping.
Converted structure factors saved to 3f6l.mtz
local_archive None
archive PDB None
Reading from local mirror:
  /net/cci/pdb_mirror/pdb/f6/pdb3f6l.ent.gz
Model saved to /net/morse/raid1/scratch1/nigel/amber/hi_lo/f6/3f6l/3f6l.pdb
Sequence saved to /net/morse/raid1/scratch1/nigel/amber/hi_lo/f6/3f6l/3f6l.fa
Reading from local mirror:
  /net/cci/pdb_mirror/structure_factors/f6/r3f6lsf.ent.gz
Structure factors saved to /net/morse/raid1/scratch1/nigel/amber/hi_lo/f6/3f6l/3f6l-sf.cif
Reading from local mirror:
  /net/cci/pdb_mirror/mmcif/f6/3f6l.cif.gz
Model saved to /net/morse/raid1/scratch1/nigel/amber/hi_lo/f6/3f6l/3f6l.cif
Can't determine output label for r3f6lsf,_refln.crystal_id - skipping.
Can't determine output label for r3f6lsf,_refln.scale_group_code - skipping.
R-free-flags: fraction_free=0.051
R-free-flags: missing 131 reflections
Can't determine output label for r3f6lsf,_refln.wavelength_id - skipping.
Converted structure factors saved to 3f6l.mtz

==================================================
Summary of pdb4amber for: 3f6l.pdb
===================================================
REDUCE returned non-zero exit status: See reduce_info.log for more details

----------Chains
The following (original) chains have been found:
A
B

---------- Alternate Locations (Original Residues!))

The following residues had alternate locations:
None

---------- Mising heavy atom(s)

LYS_27 misses 4 heavy atom(s)
ARG_29 misses 6 heavy atom(s)
VAL_41 misses 2 heavy atom(s)
LYS_43 misses 4 heavy atom(s)
LYS_57 misses 4 heavy atom(s)
LYS_59 misses 4 heavy atom(s)
LYS_77 misses 4 heavy atom(s)
LYS_121 misses 4 heavy atom(s)
ASN_156 misses 3 heavy atom(s)
LYS_158 misses 4 heavy atom(s)
ILE_160 misses 3 heavy atom(s)
ASP_163 misses 3 heavy atom(s)
ASN_164 misses 3 heavy atom(s)
GLN_168 misses 4 heavy atom(s)
LYS_187 misses 3 heavy atom(s)
GLU_196 misses 4 heavy atom(s)
LYS_231 misses 4 heavy atom(s)
ARG_233 misses 6 heavy atom(s)
GLU_246 misses 4 heavy atom(s)
LYS_247 misses 4 heavy atom(s)
PHE_259 misses 6 heavy atom(s)
LYS_261 misses 4 heavy atom(s)
LYS_263 misses 4 heavy atom(s)
ASP_277 misses 3 heavy atom(s)
LYS_281 misses 4 heavy atom(s)
LYS_283 misses 4 heavy atom(s)
GLU_299 misses 4 heavy atom(s)
LYS_318 misses 2 heavy atom(s)
GLU_322 misses 4 heavy atom(s)
LYS_325 misses 4 heavy atom(s)
ASN_360 misses 3 heavy atom(s)
LYS_362 misses 4 heavy atom(s)
ILE_364 misses 3 heavy atom(s)
ASP_367 misses 3 heavy atom(s)
LYS_373 misses 4 heavy atom(s)
LYS_386 misses 4 heavy atom(s)
LYS_391 misses 4 heavy atom(s)
GLU_400 misses 4 heavy atom(s)
LYS_408 misses 4 heavy atom(s)

==================================================
Summary of pdb4amber for: 3f6l_4tleap_uc1.pdb
===================================================

----------Chains
The following (original) chains have been found:
A
B

---------- Alternate Locations (Original Residues!))

The following residues had alternate locations:
None

---------- Mising heavy atom(s)

None
not prmtop_filename /net/morse/scratch1/nigel/amber/hi_lo/f6/3f6l/4amber_3f6l.prmtop

	Running AmberPrep : 3f6l.pdb


==================================================
Running pdb4amber on 3f6l.pdb
==================================================

==================================================
Setting up library files for non-standard residues
==================================================

==================================================
Preparing asu files and 4phenix_3f6l.pdb
==================================================

~> tleap -f 3f6l_asu_tleap_input_run

Checking output filenames
  file : 3f6l_asu.prmtop
  file : 3f6l_asu.rst7

~> ChBox -c 3f6l_asu.rst7 -o 3f6l_asu.rst7 -X 109.73 -Y 78.653 -Z 87.842 -al 90.0 -bt 96.42 -gm 90.0 


============================================================
Preparing unit cell files: 4amber_3f6l.prmtop and 4amber_3f6l.rst7
============================================================

~> UnitCell -p 3f6l_4UnitCell.pdb -o 3f6l_4tleap_uc1.pdb


~> tleap -f 3f6l_uc_tleap_input_run

Checking output filenames
  file : 3f6l_uc.prmtop
  file : 3f6l_uc.rst7

~> ChBox -c 3f6l_uc.rst7 -o 3f6l_uc.rst7 -X 109.73 -Y 78.653 -Z 87.842 -al 90.0 -bt 96.42 -gm 90.0 


==================================================
Minimizing input coordinates.
==================================================

~> sander -O -i 3f6l_amber_all.in -p 4amber_3f6l.prmtop -c 4amber_3f6l.rst7 -o 3f6l.min.out            -ref 4amber_3f6l.rst7 -r 4amber_3f6l.min.rst7

checking special positions in 4phenix_3f6l.pdb

==================================================
Done.  Three new files have been made:
      4phenix_3f6l.pdb
      4amber_3f6l.prmtop
      4amber_3f6l.rst7
==================================================

Example

  phenix.refine 4phenix_3f6l.pdb use_amber=True \
    amber.topology_file_name=4amber_3f6l.prmtop \
    amber.coordinate_file_name=4amber_3f6l.rst7 \
    ....(other refinement keywords here).....



Substituting Amber PDB file for downloaded file
run_tests_local.py:222: UserWarning: os.system() is not safe: please use the subprocess module or libtbx.easy_run instead.
  os.system(cmd)

  Amber files
    PDB    : 3f6l.pdb
    MTZ    : 3f6l.mtz
    prmtop : 4amber_3f6l.prmtop
    rst7   : 4amber_3f6l.rst7
  
/net/morse/raid1/scratch1/nigel/amber/hi_lo/f6/3f6l
return_files 3f6l
/net/chevy/raid1/nigel/amber/hi_lo
4amber_3f6l.pdb
4phenix_3f6l.pdb
cp 4phenix_3f6l.pdb /net/chevy/raid1/nigel/amber/hi_lo/f6/3f6l
3f6l.pdb
cp 3f6l.pdb /net/chevy/raid1/nigel/amber/hi_lo/f6/3f6l
4amber_3f6l.mtz
4phenix_3f6l.mtz
3f6l.mtz
cp 3f6l.mtz /net/chevy/raid1/nigel/amber/hi_lo/f6/3f6l
4amber_3f6l.rst7
cp 4amber_3f6l.rst7 /net/chevy/raid1/nigel/amber/hi_lo/f6/3f6l
4phenix_3f6l.rst7
3f6l.rst7
4amber_3f6l.prmtop
cp 4amber_3f6l.prmtop /net/chevy/raid1/nigel/amber/hi_lo/f6/3f6l
4phenix_3f6l.prmtop
3f6l.prmtop
4amber_3f6l_refine_001.log
4phenix_3f6l_refine_001.log
3f6l_refine_001.log
4amber_3f6l_refine_002.log
4phenix_3f6l_refine_002.log
3f6l_refine_002.log
4amber_3f6l_refine_001.pdb
4phenix_3f6l_refine_001.pdb
3f6l_refine_001.pdb
4amber_3f6l_refine_002.pdb
4phenix_3f6l_refine_002.pdb
3f6l_refine_002.pdb
local_archive /net/chevy/raid1/nigel/amber/hi_lo
archive PDB /net/chevy/raid1/nigel/amber/hi_lo/f6/3f6l/3f6l.pdb
/net/morse/raid1/scratch1/nigel/amber/hi_lo/f6/3f6l
------------------------------
phenix.refine log filename ? > /net/chevy/raid1/nigel/amber/hi_lo/f6/3f6l/3f6l_refine_001.log
------------------------------

	Already done (on chevy) 3f6l_refine_001
------------------------------
phenix.refine log filename ? > /net/chevy/raid1/nigel/amber/hi_lo/f6/3f6l/3f6l_refine_002.log
------------------------------

	Already done (on chevy) 3f6l_refine_002
