HOST morse.lbl.gov
only_i 318
only_code None
force_amber_prep True
dry_run False
... 318 3lex
/net/chevy/raid1/nigel/amber/hi_lo
/net/chevy/raid1/nigel/amber/hi_lo/le/3lex
3lex.pdb 4phenix_3lex.pdb
local_archive None
archive PDB None
Reading from local mirror:
  /net/cci/pdb_mirror/pdb/le/pdb3lex.ent.gz
Model saved to /net/morse/raid1/scratch1/nigel/amber/hi_lo/le/3lex/3lex.pdb
Sequence saved to /net/morse/raid1/scratch1/nigel/amber/hi_lo/le/3lex/3lex.fa
Reading from local mirror:
  /net/cci/pdb_mirror/structure_factors/le/r3lexsf.ent.gz
Structure factors saved to /net/morse/raid1/scratch1/nigel/amber/hi_lo/le/3lex/3lex-sf.cif
Reading from local mirror:
  /net/cci/pdb_mirror/mmcif/le/3lex.cif.gz
Model saved to /net/morse/raid1/scratch1/nigel/amber/hi_lo/le/3lex/3lex.cif
Can't determine output label for r3lexsf,_refln.crystal_id - skipping.
Can't determine output label for r3lexsf,_refln.scale_group_code - skipping.
Can't determine output label for r3lexsf,_refln.wavelength_id - skipping.
Converted structure factors saved to 3lex.mtz
local_archive None
archive PDB None
Reading from local mirror:
  /net/cci/pdb_mirror/pdb/le/pdb3lex.ent.gz
Model saved to /net/morse/raid1/scratch1/nigel/amber/hi_lo/le/3lex/3lex.pdb
Sequence saved to /net/morse/raid1/scratch1/nigel/amber/hi_lo/le/3lex/3lex.fa
Reading from local mirror:
  /net/cci/pdb_mirror/structure_factors/le/r3lexsf.ent.gz
Structure factors saved to /net/morse/raid1/scratch1/nigel/amber/hi_lo/le/3lex/3lex-sf.cif
Reading from local mirror:
  /net/cci/pdb_mirror/mmcif/le/3lex.cif.gz
Model saved to /net/morse/raid1/scratch1/nigel/amber/hi_lo/le/3lex/3lex.cif
Can't determine output label for r3lexsf,_refln.crystal_id - skipping.
Can't determine output label for r3lexsf,_refln.scale_group_code - skipping.
Can't determine output label for r3lexsf,_refln.wavelength_id - skipping.
Converted structure factors saved to 3lex.mtz

==================================================
Summary of pdb4amber for: 3lex.pdb
===================================================
REDUCE returned non-zero exit status: See reduce_info.log for more details

----------Chains
The following (original) chains have been found:
A
B
C
H
L
P

---------- Alternate Locations (Original Residues!))

The following residues had alternate locations:
None

---------- Gaps (Renumbered Residues!)
gap of 9.815163 A between VAL 130 and GLY 131
gap of 3.922097 A between LEU 432 and GLU 434
gap of 4.030190 A between LEU 433 and LEU 435
gap of 4.006187 A between GLU 434 and ASP 436
gap of 4.536847 A between LEU 435 and LYS 437
gap of 3.117900 A between ASP 436 and TRP 438
gap of 3.287900 A between LYS 437 and ALA 439
gap of 93.149115 A between TRP 438 and ASP 441
gap of 93.040455 A between ALA 439 and VAL 442
gap of 4.370661 A between ASP 441 and GLN 443
gap of 4.303426 A between VAL 442 and LEU 444
gap of 4.351184 A between GLN 443 and GLN 445
gap of 4.279281 A between LEU 444 and GLU 446
gap of 4.125045 A between GLN 445 and SER 447
gap of 4.695225 A between GLU 446 and GLY 448
gap of 4.813547 A between SER 447 and PRO 449
gap of 3.792559 A between GLY 448 and GLY 450
gap of 3.245449 A between PRO 449 and LEU 451
gap of 4.383972 A between GLY 450 and VAL 452
gap of 4.464178 A between LEU 451 and LYS 453
gap of 4.067723 A between VAL 452 and PRO 454
gap of 3.991151 A between LYS 453 and SER 455
gap of 3.039108 A between PRO 454 and GLN 456
gap of 4.400793 A between SER 455 and SER 457
gap of 4.394748 A between GLN 456 and LEU 458
gap of 4.103818 A between SER 457 and SER 459
gap of 4.324414 A between LEU 458 and LEU 460
gap of 4.515570 A between SER 459 and THR 461
gap of 4.304584 A between LEU 460 and CYX 462
gap of 4.000531 A between THR 461 and THR 463
gap of 3.884454 A between CYX 462 and VAL 464
gap of 4.253402 A between THR 463 and THR 465
gap of 4.429318 A between VAL 464 and GLY 466
gap of 3.353492 A between THR 465 and TYR 467
gap of 4.679392 A between GLY 466 and SER 468
gap of 3.955041 A between TYR 467 and ILE 469
gap of 2.949697 A between SER 468 and THR 470
gap of 3.387366 A between ILE 469 and SER 471
gap of 3.550841 A between THR 470 and ASP 472
gap of 4.814558 A between SER 471 and TYR 473
gap of 4.544139 A between ASP 472 and ALA 474
gap of 4.218174 A between TYR 473 and TRP 475
gap of 3.949231 A between ALA 474 and SER 476
gap of 4.431035 A between TRP 475 and TRP 477
gap of 4.210821 A between SER 476 and ILE 478
gap of 4.460001 A between TRP 477 and ARG 479
gap of 4.412652 A between ILE 478 and GLN 480
gap of 4.075404 A between ARG 479 and PHE 481
gap of 4.255083 A between GLN 480 and PRO 482
gap of 3.712459 A between PHE 481 and GLY 483
gap of 3.299775 A between PRO 482 and ASN 484
gap of 3.336613 A between GLY 483 and LYS 485
gap of 3.895368 A between ASN 484 and LEU 486
gap of 4.248349 A between LYS 485 and GLU 487
gap of 4.317943 A between LEU 486 and TRP 488
gap of 3.803647 A between GLU 487 and MET 489
gap of 3.805961 A between TRP 488 and GLY 490
gap of 4.798423 A between MET 489 and TYR 491
gap of 4.658180 A between GLY 490 and ILE 492
gap of 4.253823 A between TYR 491 and ASN 493
gap of 4.398155 A between ILE 492 and TYR 494
gap of 3.047672 A between ASN 493 and SER 495
gap of 3.342727 A between TYR 494 and GLY 496
gap of 3.364047 A between SER 495 and TYR 497
gap of 3.961221 A between GLY 496 and THR 498
gap of 4.442242 A between TYR 497 and SER 499
gap of 4.482635 A between THR 498 and TYR 500
gap of 4.448711 A between SER 499 and ASN 501
gap of 3.637921 A between TYR 500 and PRO 502
gap of 3.023795 A between ASN 501 and SER 503
gap of 3.111013 A between PRO 502 and LEU 504
gap of 3.718842 A between SER 503 and LYS 505
gap of 3.260157 A between LEU 504 and SER 506
gap of 2.986120 A between LYS 505 and ARG 507
gap of 3.751724 A between SER 506 and ILE 508
gap of 4.488532 A between ARG 507 and SER 509
gap of 4.557688 A between ILE 508 and ILE 510
gap of 4.218227 A between SER 509 and THR 511
gap of 4.698099 A between ILE 510 and ARG 512
gap of 4.704696 A between THR 511 and ASP 513
gap of 4.100087 A between ARG 512 and THR 514
gap of 3.172389 A between ASP 513 and SER 515
gap of 3.260658 A between THR 514 and GLU 516
gap of 3.408531 A between SER 515 and ASN 517
gap of 3.253898 A between GLU 516 and GLN 518
gap of 4.508959 A between ASN 517 and PHE 519
gap of 4.536017 A between GLN 518 and PHE 520
gap of 4.468842 A between PHE 519 and LEU 521
gap of 4.139678 A between PHE 520 and GLN 522
gap of 4.182504 A between LEU 521 and LEU 523
gap of 4.238050 A between GLN 522 and HIE 524
gap of 4.471023 A between LEU 523 and SER 525
gap of 3.185114 A between HIE 524 and VAL 526
gap of 4.100827 A between SER 525 and THR 527
gap of 4.626640 A between VAL 526 and PRO 528
gap of 2.976188 A between THR 527 and GLU 529
gap of 3.001580 A between PRO 528 and ASP 530
gap of 3.163039 A between GLU 529 and THR 531
gap of 3.725816 A between ASP 530 and ALA 532
gap of 4.802640 A between THR 531 and THR 533
gap of 3.865444 A between ALA 532 and TYR 534
gap of 4.000669 A between THR 533 and PHE 535
gap of 4.299361 A between TYR 534 and CYX 536
gap of 4.300876 A between PHE 535 and ALA 537
gap of 4.746175 A between CYX 536 and TYR 538
gap of 4.621260 A between ALA 537 and GLY 539
gap of 4.788725 A between TYR 538 and ASN 540
gap of 3.877639 A between GLY 539 and TYR 541
gap of 3.543631 A between ASN 540 and LEU 542
gap of 3.776667 A between TYR 541 and PRO 543
gap of 3.845172 A between LEU 542 and ALA 544
gap of 3.833853 A between PRO 543 and TYR 545
gap of 4.526549 A between ALA 544 and TRP 546
gap of 4.502260 A between TYR 545 and GLY 547
gap of 4.388002 A between TRP 546 and GLN 548
gap of 3.262118 A between GLY 547 and GLY 549
gap of 4.481798 A between GLN 548 and THR 550
gap of 4.469814 A between GLY 549 and LEU 551
gap of 3.952029 A between THR 550 and VAL 552
gap of 4.229985 A between LEU 551 and THR 553
gap of 4.148834 A between VAL 552 and VAL 554
gap of 3.909923 A between THR 553 and SER 555
gap of 4.731875 A between VAL 554 and ALA 556
gap of 3.287780 A between SER 555 and ALA 557
gap of 3.962857 A between ALA 556 and LYS 558
gap of 4.305074 A between ALA 557 and THR 559
gap of 3.779392 A between LYS 558 and THR 560
gap of 4.314869 A between THR 559 and ALA 561
gap of 4.071027 A between THR 560 and PRO 562
gap of 4.252712 A between ALA 561 and SER 563
gap of 4.038933 A between PRO 562 and VAL 564
gap of 4.174661 A between SER 563 and TYR 565
gap of 4.295056 A between VAL 564 and PRO 566
gap of 3.988093 A between TYR 565 and LEU 567
gap of 3.896229 A between PRO 566 and ALA 568
gap of 4.240367 A between LEU 567 and PRO 569
gap of 4.185902 A between ALA 568 and VAL 570
gap of 10.853150 A between PRO 569 and GLY 571
gap of 12.896884 A between VAL 570 and SER 572
gap of 3.505886 A between GLY 571 and SER 573
gap of 4.479234 A between SER 572 and VAL 574
gap of 4.438336 A between SER 573 and THR 575
gap of 4.137010 A between VAL 574 and LEU 576
gap of 4.426500 A between THR 575 and GLY 577
gap of 4.640274 A between LEU 576 and CYX 578
gap of 4.386286 A between GLY 577 and LEU 579
gap of 4.097139 A between CYX 578 and VAL 580
gap of 3.961502 A between LEU 579 and LYS 581
gap of 4.444667 A between VAL 580 and GLY 582
gap of 3.498436 A between LYS 581 and TYR 583
gap of 4.500191 A between GLY 582 and PHE 584
gap of 4.663845 A between TYR 583 and PRO 585
gap of 4.584207 A between PHE 584 and GLU 586
gap of 4.122299 A between PRO 585 and PRO 587
gap of 4.599705 A between GLU 586 and VAL 588
gap of 4.443750 A between PRO 587 and THR 589
gap of 4.207715 A between VAL 588 and LEU 590
gap of 4.354425 A between THR 589 and THR 591
gap of 4.626881 A between LEU 590 and TRP 592
gap of 4.169166 A between THR 591 and ASN 593
gap of 3.260794 A between TRP 592 and SER 594
gap of 3.080696 A between ASN 593 and GLY 595
gap of 3.256204 A between SER 594 and SER 596
gap of 3.098352 A between GLY 595 and LEU 597
gap of 3.980041 A between SER 596 and SER 598
gap of 3.867494 A between LEU 597 and SER 599
gap of 4.032934 A between SER 598 and GLY 600
gap of 3.123197 A between SER 599 and VAL 601
gap of 4.131168 A between GLY 600 and HIE 602
gap of 4.137466 A between VAL 601 and THR 603
gap of 4.005483 A between HIE 602 and PHE 604
gap of 4.186235 A between THR 603 and PRO 605
gap of 3.953916 A between PHE 604 and ALA 606
gap of 3.997630 A between PRO 605 and VAL 607
gap of 4.258137 A between ALA 606 and LEU 608
gap of 3.744228 A between VAL 607 and GLN 609
gap of 3.939147 A between LEU 608 and SER 610
gap of 3.751301 A between GLN 609 and ASP 611
gap of 2.957423 A between SER 610 and LEU 612
gap of 4.547205 A between ASP 611 and TYR 613
gap of 4.198961 A between LEU 612 and THR 614
gap of 4.327430 A between TYR 613 and LEU 615
gap of 4.557792 A between THR 614 and SER 616
gap of 4.609553 A between LEU 615 and SER 617
gap of 4.508278 A between SER 616 and SER 618
gap of 4.416770 A between SER 617 and VAL 619
gap of 4.368560 A between SER 618 and THR 620
gap of 4.117693 A between VAL 619 and VAL 621
gap of 4.637944 A between THR 620 and THR 622
gap of 3.952002 A between VAL 621 and SER 623
gap of 3.068974 A between THR 622 and SER 624
gap of 3.290107 A between SER 623 and THR 625
gap of 3.702276 A between SER 624 and TRP 626
gap of 4.443627 A between THR 625 and PRO 627
gap of 3.336680 A between TRP 626 and SER 628
gap of 3.137034 A between PRO 627 and GLN 629
gap of 4.006072 A between SER 628 and SER 630
gap of 4.045991 A between GLN 629 and ILE 631
gap of 4.365230 A between SER 630 and THR 632
gap of 4.475678 A between ILE 631 and CYX 633
gap of 4.056344 A between THR 632 and ASN 634
gap of 4.130195 A between CYX 633 and VAL 635
gap of 4.284848 A between ASN 634 and ALA 636
gap of 4.245201 A between VAL 635 and HIE 637
gap of 3.827565 A between ALA 636 and PRO 638
gap of 3.198064 A between HIE 637 and ALA 639
gap of 3.139582 A between PRO 638 and SER 640
gap of 3.379038 A between ALA 639 and SER 641
gap of 3.124700 A between SER 640 and THR 642
gap of 4.213259 A between SER 641 and LYS 643
gap of 4.328975 A between THR 642 and VAL 644
gap of 4.380723 A between LYS 643 and ASP 645
gap of 4.038739 A between VAL 644 and LYS 646
gap of 4.051458 A between ASP 645 and LYS 647
gap of 4.037601 A between LYS 646 and ILE 648
gap of 3.605627 A between LYS 647 and GLU 649
gap of 4.116544 A between ILE 648 and PRO 650
gap of 4.097268 A between GLU 649 and ARG 651
gap of 4.232161 A between PRO 650 and GLY 652
gap of 62.377315 A between GLY 652 and VAL 654
gap of 3.754610 A between ASP 653 and VAL 655
gap of 4.031377 A between VAL 654 and MET 656
gap of 4.126912 A between VAL 655 and THR 657
gap of 4.274286 A between MET 656 and GLN 658
gap of 4.394847 A between THR 657 and THR 659
gap of 4.505136 A between GLN 658 and PRO 660
gap of 4.425581 A between THR 659 and LEU 661
gap of 3.268780 A between PRO 660 and SER 662
gap of 4.467938 A between LEU 661 and LEU 663
gap of 4.382605 A between SER 662 and SER 664
gap of 4.106410 A between LEU 663 and VAL 665
gap of 4.497583 A between SER 664 and THR 666
gap of 4.076766 A between VAL 665 and ILE 667
gap of 3.868186 A between THR 666 and GLY 668
gap of 3.167231 A between ILE 667 and GLN 669
gap of 4.429509 A between GLY 668 and PRO 670
gap of 4.128826 A between GLN 669 and ALA 671
gap of 4.543679 A between PRO 670 and SER 672
gap of 4.636089 A between ALA 671 and ILE 673
gap of 4.444969 A between SER 672 and SER 674
gap of 4.222402 A between ILE 673 and CYX 675
gap of 4.370380 A between SER 674 and LYS 676
gap of 4.421309 A between CYX 675 and SER 677
gap of 4.392736 A between LYS 676 and SER 678
gap of 3.213942 A between SER 677 and GLN 679
gap of 4.721187 A between SER 678 and SER 680
gap of 3.922747 A between GLN 679 and LEU 681
gap of 3.315868 A between SER 680 and LEU 682
gap of 3.673985 A between LEU 681 and ASP 683
gap of 4.259880 A between LEU 682 and SER 684
gap of 3.014377 A between ASP 683 and ASP 685
gap of 3.070789 A between SER 684 and GLY 686
gap of 3.309643 A between ASP 685 and LYS 687
gap of 4.449512 A between GLY 686 and THR 688
gap of 4.060062 A between LYS 687 and TYR 689
gap of 3.290819 A between THR 688 and LEU 690
gap of 4.093658 A between TYR 689 and ASN 691
gap of 4.525146 A between LEU 690 and TRP 692
gap of 4.392939 A between ASN 691 and LEU 693
gap of 4.443398 A between TRP 692 and LEU 694
gap of 4.260682 A between LEU 693 and GLN 695
gap of 4.003862 A between LEU 694 and ARG 696
gap of 4.231626 A between GLN 695 and PRO 697
gap of 3.835998 A between ARG 696 and GLY 698
gap of 3.217238 A between PRO 697 and GLN 699
gap of 4.637491 A between GLY 698 and SER 700
gap of 4.095770 A between GLN 699 and PRO 701
gap of 3.891923 A between SER 700 and LYS 702
gap of 4.461641 A between PRO 701 and ARG 703
gap of 3.815768 A between LYS 702 and LEU 704
gap of 3.916038 A between ARG 703 and ILE 705
gap of 4.542678 A between LEU 704 and TYR 706
gap of 4.650204 A between ILE 705 and LEU 707
gap of 3.139415 A between TYR 706 and VAL 708
gap of 3.070687 A between LEU 707 and SER 709
gap of 3.961097 A between VAL 708 and LYS 710
gap of 3.928466 A between SER 709 and LEU 711
gap of 3.990631 A between LYS 710 and ALA 712
gap of 4.112322 A between LEU 711 and SER 713
gap of 3.885141 A between ALA 712 and GLY 714
gap of 3.197707 A between SER 713 and VAL 715
gap of 3.889870 A between GLY 714 and PRO 716
gap of 4.152845 A between VAL 715 and ASP 717
gap of 2.962252 A between PRO 716 and ARG 718
gap of 3.027780 A between ASP 717 and PHE 719
gap of 3.984570 A between ARG 718 and THR 720
gap of 4.437960 A between PHE 719 and GLY 721
gap of 4.357638 A between THR 720 and SER 722
gap of 4.760119 A between GLY 721 and GLY 723
gap of 4.679892 A between SER 722 and SER 724
gap of 4.776955 A between GLY 723 and GLY 725
gap of 3.450276 A between SER 724 and THR 726
gap of 3.689903 A between GLY 725 and ASP 727
gap of 4.204259 A between THR 726 and PHE 728
gap of 4.634316 A between ASP 727 and THR 729
gap of 4.527410 A between PHE 728 and LEU 730
gap of 4.092672 A between THR 729 and LYS 731
gap of 4.302782 A between LEU 730 and ILE 732
gap of 3.989632 A between LYS 731 and SER 733
gap of 3.346479 A between ILE 732 and ARG 734
gap of 4.238558 A between SER 733 and VAL 735
gap of 3.965116 A between ARG 734 and GLU 736
gap of 4.469814 A between VAL 735 and ALA 737
gap of 3.125817 A between GLU 736 and GLU 738
gap of 2.977135 A between ALA 737 and ASP 739
gap of 3.258918 A between GLU 738 and LEU 740
gap of 3.913028 A between ASP 739 and GLY 741
gap of 4.670828 A between LEU 740 and VAL 742
gap of 4.217814 A between GLY 741 and TYR 743
gap of 4.256692 A between VAL 742 and TYR 744
gap of 4.340187 A between TYR 743 and CYX 745
gap of 4.160187 A between TYR 744 and TRP 746
gap of 4.648177 A between CYX 745 and GLN 747
gap of 4.283778 A between TRP 746 and GLY 748
gap of 3.632021 A between GLN 747 and THR 749
gap of 3.416061 A between GLY 748 and HIE 750
gap of 4.383554 A between THR 749 and PHE 751
gap of 4.056352 A between HIE 750 and PRO 752
gap of 4.334177 A between PHE 751 and TRP 753
gap of 3.851813 A between PRO 752 and THR 754
gap of 4.569008 A between TRP 753 and PHE 755
gap of 4.363081 A between THR 754 and GLY 756
gap of 4.345264 A between PHE 755 and GLY 757
gap of 3.912113 A between GLY 756 and TYR 758
gap of 4.210681 A between GLY 757 and THR 759
gap of 4.181332 A between TYR 758 and LYS 760
gap of 3.969714 A between THR 759 and LEU 761
gap of 3.939801 A between LYS 760 and GLU 762
gap of 4.371186 A between LEU 761 and ILE 763
gap of 3.799812 A between GLU 762 and LYS 764
gap of 3.737456 A between ILE 763 and ARG 765
gap of 4.679916 A between LYS 764 and ALA 766
gap of 4.081001 A between ARG 765 and ASP 767
gap of 3.963470 A between ALA 766 and ALA 768
gap of 4.470051 A between ASP 767 and ALA 769
gap of 4.104360 A between ALA 768 and PRO 770
gap of 3.962294 A between ALA 769 and THR 771
gap of 3.563608 A between PRO 770 and VAL 772
gap of 4.113267 A between THR 771 and SER 773
gap of 4.407981 A between VAL 772 and ILE 774
gap of 4.294274 A between SER 773 and PHE 775
gap of 4.239523 A between ILE 774 and PRO 776
gap of 4.133507 A between PHE 775 and PRO 777
gap of 3.781909 A between PRO 776 and SER 778
gap of 3.946492 A between PRO 777 and SER 779
gap of 2.847629 A between SER 778 and GLU 780
gap of 3.580540 A between SER 779 and GLN 781
gap of 3.240494 A between GLU 780 and LEU 782
gap of 3.444786 A between GLN 781 and THR 783
gap of 3.151383 A between LEU 782 and SER 784
gap of 3.029988 A between THR 783 and GLY 785
gap of 3.514850 A between SER 784 and GLY 786
gap of 4.472327 A between GLY 785 and ALA 787
gap of 4.271382 A between GLY 786 and SER 788
gap of 4.215071 A between ALA 787 and VAL 789
gap of 4.132831 A between SER 788 and VAL 790
gap of 4.375155 A between VAL 789 and CYX 791
gap of 4.257410 A between VAL 790 and PHE 792
gap of 4.072037 A between CYX 791 and LEU 793
gap of 3.897609 A between PHE 792 and ASN 794
gap of 4.290312 A between LEU 793 and ASN 795
gap of 3.553696 A between ASN 794 and PHE 796
gap of 4.589283 A between ASN 795 and TYR 797
gap of 4.709075 A between PHE 796 and PRO 798
gap of 4.466470 A between TYR 797 and LYS 799
gap of 3.094224 A between PRO 798 and ASP 800
gap of 3.629751 A between LYS 799 and ILE 801
gap of 4.687096 A between ASP 800 and ASN 802
gap of 4.135457 A between ILE 801 and VAL 803
gap of 4.242274 A between ASN 802 and LYS 804
gap of 4.375151 A between VAL 803 and TRP 805
gap of 4.050301 A between LYS 804 and LYS 806
gap of 4.222867 A between TRP 805 and ILE 807
gap of 4.059364 A between LYS 806 and ASP 808
gap of 3.074307 A between ILE 807 and GLY 809
gap of 3.111149 A between ASP 808 and SER 810
gap of 3.990108 A between GLY 809 and GLU 811
gap of 3.914721 A between SER 810 and ARG 812
gap of 4.263879 A between GLU 811 and GLN 813
gap of 3.814693 A between ARG 812 and ASN 814
gap of 4.185130 A between GLN 813 and GLY 815
gap of 3.433576 A between ASN 814 and VAL 816
gap of 3.830678 A between GLY 815 and LEU 817
gap of 3.857001 A between VAL 816 and ASN 818
gap of 4.146210 A between LEU 817 and SER 819
gap of 4.492047 A between ASN 818 and TRP 820
gap of 4.383055 A between SER 819 and THR 821
gap of 4.128009 A between TRP 820 and ASP 822
gap of 4.065190 A between THR 821 and GLN 823
gap of 3.772449 A between ASP 822 and ASP 824
gap of 3.784800 A between GLN 823 and SER 825
gap of 2.965845 A between ASP 824 and LYS 826
gap of 3.575063 A between SER 825 and ASP 827
gap of 3.770277 A between LYS 826 and SER 828
gap of 3.016176 A between ASP 827 and THR 829
gap of 4.457502 A between SER 828 and TYR 830
gap of 4.419272 A between THR 829 and SER 831
gap of 4.510765 A between TYR 830 and MET 832
gap of 4.528014 A between SER 831 and SER 833
gap of 4.224021 A between MET 832 and SER 834
gap of 4.232737 A between SER 833 and THR 835
gap of 4.315988 A between SER 834 and LEU 836
gap of 3.986568 A between THR 835 and THR 837
gap of 3.956320 A between LEU 836 and LEU 838
gap of 4.659299 A between THR 837 and THR 839
gap of 4.469314 A between LEU 838 and LYS 840
gap of 3.157573 A between THR 839 and ASP 841
gap of 3.440637 A between LYS 840 and GLU 842
gap of 3.308586 A between ASP 841 and TYR 843
gap of 3.079094 A between GLU 842 and GLU 844
gap of 3.252967 A between TYR 843 and ARG 845
gap of 3.278419 A between GLU 844 and HID 846
gap of 4.576823 A between ARG 845 and ASN 847
gap of 4.052731 A between HID 846 and SER 848
gap of 4.110051 A between ASN 847 and TYR 849
gap of 4.206504 A between SER 848 and THR 850
gap of 4.358247 A between TYR 849 and CYX 851
gap of 3.983664 A between THR 850 and GLU 852
gap of 4.146828 A between CYX 851 and ALA 853
gap of 4.236172 A between GLU 852 and THR 854
gap of 4.064528 A between ALA 853 and HIE 855
gap of 4.596481 A between THR 854 and LYS 856
gap of 2.977836 A between HIE 855 and THR 857
gap of 3.221761 A between LYS 856 and SER 858
gap of 4.466755 A between THR 857 and THR 859
gap of 3.346137 A between SER 858 and SER 860
gap of 4.248143 A between THR 859 and PRO 861
gap of 3.935950 A between SER 860 and ILE 862
gap of 3.689661 A between PRO 861 and VAL 863
gap of 4.166785 A between ILE 862 and LYS 864
gap of 4.230881 A between VAL 863 and SER 865
gap of 4.649533 A between LYS 864 and PHE 866
gap of 4.600792 A between SER 865 and ASN 867
gap of 4.097330 A between PHE 866 and ARG 868
gap of 3.135923 A between ASN 867 and ASN 869
gap of 3.022113 A between ARG 868 and GLU 870
gap of 3.830390 A between ASN 869 and CYS 871
gap of 66.472345 A between CYS 871 and GLU 874
gap of 7.018279 A between LEU 872 and LEU 875
gap of 6.723911 A between LEU 873 and ASP 876
gap of 7.583178 A between GLU 874 and LYS 877
gap of 6.247681 A between LEU 875 and TRP 878
gap of 3.913179 A between ASP 876 and ALA 879

---------- Mising heavy atom(s)

LEU_432 misses 6 heavy atom(s)
LEU_872 misses 6 heavy atom(s)
not prmtop_filename /net/morse/scratch1/nigel/amber/hi_lo/le/3lex/4amber_3lex.prmtop
not prmtop_filename /net/chevy/raid1/nigel/amber/hi_lo/le/3lex/4amber_3lex.prmtop

	Running AmberPrep : 3lex.pdb


==================================================
Running pdb4amber on 3lex.pdb
==================================================

==================================================
Setting up library files for non-standard residues
==================================================

==================================================
Running elbow/antechamber for NH2 
==================================================

MoleculeClass :  N: 1 (CHEMICAL COMPONENTS format)
	3 atoms
	2 bonds
	1 angles
	0 dihedrals
	0 rings (groups, rings, atoms) 0 0
	0 chirals

~> antechamber -i 4antechamber_NH2.pdb -fi pdb -o NH2.mol2 -fo mol2       -nc 0 -m 2 -s 2 -pf y -c bcc -at gaff2 -ek "qm_theory='AM1',grms_tol=0.0005,scfconv=1.d-10,maxcyc=0,ndiis_attempts=700,"

Sorry: Error: cannot run "/net/cci-filer2/raid1/xp/phenix/phenix-svn/modules/amber/bin/sqm -O -i sqm.in -o sqm.out" of bcc() in charge.c properly, exit
