HOST morse.lbl.gov
only_i 5
only_code None
force_amber_prep True
dry_run False
... 5 3bpo
/net/chevy/raid1/nigel/amber/hi_lo
/net/chevy/raid1/nigel/amber/hi_lo/bp/3bpo
3bpo.pdb 4phenix_3bpo.pdb
local_archive None
archive PDB None
Reading from local mirror:
  /net/cci/pdb_mirror/pdb/bp/pdb3bpo.ent.gz
Model saved to /net/morse/raid1/scratch1/nigel/amber/hi_lo/bp/3bpo/3bpo.pdb
Sequence saved to /net/morse/raid1/scratch1/nigel/amber/hi_lo/bp/3bpo/3bpo.fa
Reading from local mirror:
  /net/cci/pdb_mirror/structure_factors/bp/r3bposf.ent.gz
Structure factors saved to /net/morse/raid1/scratch1/nigel/amber/hi_lo/bp/3bpo/3bpo-sf.cif
Reading from local mirror:
  /net/cci/pdb_mirror/mmcif/bp/3bpo.cif.gz
Model saved to /net/morse/raid1/scratch1/nigel/amber/hi_lo/bp/3bpo/3bpo.cif
Can't determine output label for r3bposf,_refln.crystal_id - skipping.
Can't determine output label for r3bposf,_refln.scale_group_code - skipping.
R-free-flags: fraction_free=0.051
R-free-flags: missing 219 reflections
Can't determine output label for r3bposf,_refln.wavelength_id - skipping.
Converted structure factors saved to 3bpo.mtz
local_archive None
archive PDB None
Reading from local mirror:
  /net/cci/pdb_mirror/pdb/bp/pdb3bpo.ent.gz
Model saved to /net/morse/raid1/scratch1/nigel/amber/hi_lo/bp/3bpo/3bpo.pdb
Sequence saved to /net/morse/raid1/scratch1/nigel/amber/hi_lo/bp/3bpo/3bpo.fa
Reading from local mirror:
  /net/cci/pdb_mirror/structure_factors/bp/r3bposf.ent.gz
Structure factors saved to /net/morse/raid1/scratch1/nigel/amber/hi_lo/bp/3bpo/3bpo-sf.cif
Reading from local mirror:
  /net/cci/pdb_mirror/mmcif/bp/3bpo.cif.gz
Model saved to /net/morse/raid1/scratch1/nigel/amber/hi_lo/bp/3bpo/3bpo.cif
Can't determine output label for r3bposf,_refln.crystal_id - skipping.
Can't determine output label for r3bposf,_refln.scale_group_code - skipping.
R-free-flags: fraction_free=0.051
R-free-flags: missing 219 reflections
Can't determine output label for r3bposf,_refln.wavelength_id - skipping.
Converted structure factors saved to 3bpo.mtz

==================================================
Summary of pdb4amber for: 3bpo.pdb
===================================================
REDUCE returned non-zero exit status: See reduce_info.log for more details

----------Chains
The following (original) chains have been found:
A
B
C

---------- Alternate Locations (Original Residues!))

The following residues had alternate locations:
None

---------- Gaps (Renumbered Residues!)
gap of 8.748215 A between GLN 21 and ALA 22
gap of 8.534480 A between ASN 34 and ALA 35
gap of 12.043105 A between HIS 67 and SER 68
gap of 5.612157 A between GLY 336 and GLN 337
gap of 13.052134 A between CYX 365 and ILE 366
gap of 3.079388 A between GLY 377 and PRO 378
gap of 8.139385 A between ARG 403 and PRO 404
gap of 9.583756 A between LYS 441 and HIS 442
gap of 6.930089 A between ASN 508 and THR 509

---------- Mising heavy atom(s)

VAL_3 misses 2 heavy atom(s)
ASN_26 misses 4 heavy atom(s)
ASN_34 misses 3 heavy atom(s)
SER_49 misses 1 heavy atom(s)
LYS_56 misses 4 heavy atom(s)
HIS_67 misses 5 heavy atom(s)
VAL_71 misses 2 heavy atom(s)
ARG_72 misses 6 heavy atom(s)
ASP_84 misses 3 heavy atom(s)
ASP_99 misses 3 heavy atom(s)
LEU_136 misses 3 heavy atom(s)
LEU_143 misses 3 heavy atom(s)
SER_144 misses 1 heavy atom(s)
GLU_145 misses 4 heavy atom(s)
GLU_152 misses 4 heavy atom(s)
ASP_166 misses 3 heavy atom(s)
GLN_182 misses 4 heavy atom(s)
LEU_185 misses 3 heavy atom(s)
LYS_187 misses 4 heavy atom(s)
LYS_191 misses 4 heavy atom(s)
GLU_194 misses 4 heavy atom(s)
LYS_267 misses 4 heavy atom(s)
ARG_273 misses 6 heavy atom(s)
GLN_281 misses 4 heavy atom(s)
CYS_282 misses 1 heavy atom(s)
LYS_295 misses 4 heavy atom(s)
GLN_297 misses 4 heavy atom(s)
LEU_329 misses 3 heavy atom(s)
ILE_366 misses 3 heavy atom(s)
GLU_376 misses 4 heavy atom(s)
PRO_378 misses 2 heavy atom(s)
GLU_379 misses 4 heavy atom(s)
THR_383 misses 2 heavy atom(s)
GLU_384 misses 4 heavy atom(s)
ARG_403 misses 6 heavy atom(s)
ASP_405 misses 3 heavy atom(s)
ARG_415 misses 6 heavy atom(s)
LYS_419 misses 4 heavy atom(s)
GLU_424 misses 4 heavy atom(s)
GLU_429 misses 4 heavy atom(s)
GLN_431 misses 4 heavy atom(s)
LYS_441 misses 4 heavy atom(s)
HIS_442 misses 5 heavy atom(s)
ASP_450 misses 3 heavy atom(s)
LYS_454 misses 4 heavy atom(s)
LYS_456 misses 4 heavy atom(s)
HIS_481 misses 5 heavy atom(s)
ASN_482 misses 3 heavy atom(s)
ASP_483 misses 3 heavy atom(s)
GLN_493 misses 4 heavy atom(s)
PHE_527 misses 6 heavy atom(s)
LYS_565 misses 4 heavy atom(s)
GLN_572 misses 4 heavy atom(s)
GLU_573 misses 4 heavy atom(s)
ARG_580 misses 6 heavy atom(s)
not prmtop_filename /net/morse/scratch1/nigel/amber/hi_lo/bp/3bpo/4amber_3bpo.prmtop
not prmtop_filename /net/chevy/raid1/nigel/amber/hi_lo/bp/3bpo/4amber_3bpo.prmtop

	Running AmberPrep : 3bpo.pdb


==================================================
Running pdb4amber on 3bpo.pdb
==================================================

==================================================
Setting up library files for non-standard residues
==================================================

==================================================
Running elbow/antechamber for NAG 
==================================================

==================================================
Summary of pdb4amber for: 3bpo_4tleap_uc1.pdb
===================================================

----------Chains
The following (original) chains have been found:
A
B
C

---------- Alternate Locations (Original Residues!))

The following residues had alternate locations:
None

---------- Gaps (Renumbered Residues!)
gap of 8.748215 A between GLN 21 and ALA 22
gap of 8.534480 A between ASN 34 and ALA 35
gap of 12.043105 A between HIE 67 and SER 68
gap of 5.612157 A between GLY 336 and GLN 337
gap of 13.052134 A between CYX 365 and ILE 366
gap of 3.079388 A between GLY 377 and PRO 378
gap of 8.139385 A between ARG 403 and PRO 404
gap of 9.583756 A between LYS 441 and HIE 442
gap of 6.930089 A between ASN 508 and THR 509
gap of 8.748215 A between GLN 660 and ALA 661
gap of 8.534480 A between ASN 673 and ALA 674
gap of 12.043105 A between HIE 706 and SER 707
gap of 5.612157 A between GLY 975 and GLN 976
gap of 13.052134 A between CYX 1004 and ILE 1005
gap of 3.079388 A between GLY 1016 and PRO 1017
gap of 8.139385 A between ARG 1042 and PRO 1043
gap of 9.583756 A between LYS 1080 and HIE 1081
gap of 6.930089 A between ASN 1147 and THR 1148
gap of 8.748215 A between GLN 1299 and ALA 1300
gap of 8.534480 A between ASN 1312 and ALA 1313
gap of 12.043764 A between HIE 1345 and SER 1346
gap of 5.612157 A between GLY 1614 and GLN 1615
gap of 13.052134 A between CYX 1643 and ILE 1644
gap of 3.080005 A between GLY 1655 and PRO 1656
gap of 8.139586 A between ARG 1681 and PRO 1682
gap of 9.583756 A between LYS 1719 and HIE 1720
gap of 6.930089 A between ASN 1786 and THR 1787
gap of 8.748215 A between GLN 1938 and ALA 1939
gap of 8.534480 A between ASN 1951 and ALA 1952
gap of 12.043764 A between HIE 1984 and SER 1985
gap of 5.612157 A between GLY 2253 and GLN 2254
gap of 13.052134 A between CYX 2282 and ILE 2283
gap of 3.080005 A between GLY 2294 and PRO 2295
gap of 8.139586 A between ARG 2320 and PRO 2321
gap of 9.583756 A between LYS 2358 and HIE 2359
gap of 6.930089 A between ASN 2425 and THR 2426

---------- Mising heavy atom(s)

None

MoleculeClass :  C: 8  N: 1  O: 6 (CHEMICAL COMPONENTS format)
	30 atoms
	30 bonds
	53 angles
	79 dihedrals
	1 rings (groups, rings, atoms) 1 6
	5 chirals : R R R S R 

~> antechamber -i 4antechamber_NAG.pdb -fi pdb -o NAG.mol2 -fo mol2       -nc 0 -m 1 -s 2 -pf y -c bcc -at gaff2 -ek "qm_theory='AM1',grms_tol=0.0005,scfconv=1.d-10,maxcyc=0,ndiis_attempts=700,"


~> parmchk2 -s 2 -i NAG.mol2 -f mol2 -o NAG.frcmod


==================================================
Preparing asu files and 4phenix_3bpo.pdb
==================================================

~> tleap -f 3bpo_asu_tleap_input_run

Checking output filenames
  file : 3bpo_asu.prmtop
  file : 3bpo_asu.rst7

~> ChBox -c 3bpo_asu.rst7 -o 3bpo_asu.rst7 -X 211.51 -Y 58.169 -Z 64.236 -al 90.0 -bt 100.51 -gm 90.0 


============================================================
Preparing unit cell files: 4amber_3bpo.prmtop and 4amber_3bpo.rst7
============================================================

~> UnitCell -p 3bpo_4UnitCell.pdb -o 3bpo_4tleap_uc1.pdb


~> tleap -f 3bpo_uc_tleap_input_run

Checking output filenames
  file : 3bpo_uc.prmtop
  file : 3bpo_uc.rst7

~> ChBox -c 3bpo_uc.rst7 -o 3bpo_uc.rst7 -X 211.51 -Y 58.169 -Z 64.236 -al 90.0 -bt 100.51 -gm 90.0 


==================================================
Minimizing input coordinates.
==================================================

~> sander -O -i 3bpo_amber_all.in -p 4amber_3bpo.prmtop -c 4amber_3bpo.rst7 -o 3bpo.min.out            -ref 4amber_3bpo.rst7 -r 4amber_3bpo.min.rst7

checking special positions in 4phenix_3bpo.pdb

==================================================
Done.  Three new files have been made:
      4phenix_3bpo.pdb
      4amber_3bpo.prmtop
      4amber_3bpo.rst7
==================================================

Example

  phenix.refine 4phenix_3bpo.pdb use_amber=True \
    amber.topology_file_name=4amber_3bpo.prmtop \
    amber.coordinate_file_name=4amber_3bpo.rst7 \
    ....(other refinement keywords here).....



Substituting Amber PDB file for downloaded file
run_tests_local.py:222: UserWarning: os.system() is not safe: please use the subprocess module or libtbx.easy_run instead.
  os.system(cmd)

  Amber files
    PDB    : 3bpo.pdb
    MTZ    : 3bpo.mtz
    prmtop : 4amber_3bpo.prmtop
    rst7   : 4amber_3bpo.rst7
  
/net/morse/raid1/scratch1/nigel/amber/hi_lo/bp/3bpo
return_files 3bpo
/net/chevy/raid1/nigel/amber/hi_lo
4amber_3bpo.pdb
4phenix_3bpo.pdb
cp 4phenix_3bpo.pdb /net/chevy/raid1/nigel/amber/hi_lo/bp/3bpo
3bpo.pdb
cp 3bpo.pdb /net/chevy/raid1/nigel/amber/hi_lo/bp/3bpo
4amber_3bpo.mtz
4phenix_3bpo.mtz
3bpo.mtz
cp 3bpo.mtz /net/chevy/raid1/nigel/amber/hi_lo/bp/3bpo
4amber_3bpo.rst7
cp 4amber_3bpo.rst7 /net/chevy/raid1/nigel/amber/hi_lo/bp/3bpo
4phenix_3bpo.rst7
3bpo.rst7
4amber_3bpo.prmtop
cp 4amber_3bpo.prmtop /net/chevy/raid1/nigel/amber/hi_lo/bp/3bpo
4phenix_3bpo.prmtop
3bpo.prmtop
4amber_3bpo_refine_001.log
4phenix_3bpo_refine_001.log
3bpo_refine_001.log
4amber_3bpo_refine_002.log
4phenix_3bpo_refine_002.log
3bpo_refine_002.log
4amber_3bpo_refine_001.pdb
4phenix_3bpo_refine_001.pdb
3bpo_refine_001.pdb
4amber_3bpo_refine_002.pdb
4phenix_3bpo_refine_002.pdb
3bpo_refine_002.pdb
local_archive /net/chevy/raid1/nigel/amber/hi_lo
archive PDB /net/chevy/raid1/nigel/amber/hi_lo/bp/3bpo/3bpo.pdb
/net/morse/raid1/scratch1/nigel/amber/hi_lo/bp/3bpo
------------------------------
phenix.refine log filename ? > /net/chevy/raid1/nigel/amber/hi_lo/bp/3bpo/3bpo_refine_001.log
------------------------------
------------------------------
phenix.refine log filename ? > 3bpo_refine_001.log
------------------------------
Running phenix.refine

phenix.refine 3bpo.pdb 3bpo.mtz c_beta_restraints=False discard_psi_phi=False strategy="*individual_sites individual_sites_real_space rigid_body *individual_adp group_adp tls *occupancies group_anomalous" refinement.target_weights.optimize_xyz_weight=True refinement.main.number_of_macro_cycles=10 write_geo=False serial=1 cdl=True

