HOST rebus.lbl.gov
only_i 56
only_code None
force_amber_prep True
dry_run False
1 1z3z,A,2.900,1zod,A,1.800
2 1psi,A,2.920,3ndd,A,1.500
3 3bpo,A,3.000,3l5w,I,2.000
4 1e6j,P,3.000,3mge,A,1.900
5 1r46,A,3.250,3hg3,A,1.900
6 2j0g,A,2.850,2j1g,A,1.950
7 1nsk,L,2.800,3bbb,A,1.300
8 1t04,B,3.000,1t3f,B,2.000
9 1kiu,B,3.000,1ze3,H,1.840
10 1kv3,A,2.800,2q3z,A,2.000
11 1wqs,A,2.800,2iph,A,1.750
12 3gwp,A,2.900,3i16,A,2.000
13 1c0n,A,2.800,1kmj,A,2.000
14 2r8j,A,3.100,3oha,A,2.000
15 1z5s,C,3.010,2grn,B,1.800
16 3icq,B,3.200,3m1i,A,2.000
17 1nb3,I,2.800,3kfq,C,1.990
18 1otc,A,2.800,2i0q,A,1.910
19 1ue8,A,3.000,3b4x,A,1.940
20 1a4o,A,2.800,2o02,A,1.500
21 1t6i,A,2.810,3g4z,A,1.870
22 1de9,A,3.000,2o3h,A,1.900
23 2j6e,L,3.000,3n9g,L,1.434
24 3hrk,A,3.050,3lc0,A,1.800
25 2ecp,A,2.950,2asv,A,1.950
26 1z8l,A,3.500,2xeg,A,1.590
27 1ere,A,3.100,2r6w,A,2.000
28 1xni,A,2.800,3lh0,A,1.900
... 56 3lh0
/net/chevy/raid1/nigel/amber/hi_lo
/net/chevy/raid1/nigel/amber/hi_lo/lh/3lh0
3lh0.pdb 4phenix_3lh0.pdb
3lh0.pdb 4phenix_3lh0.pdb
local_archive None
archive PDB None
Reading from local mirror:
  /net/cci/pdb_mirror/pdb/lh/pdb3lh0.ent.gz
Model saved to /net/rebus/raid1/scratch1/nigel/amber/hi_lo/lh/3lh0/3lh0.pdb
Sequence saved to /net/rebus/raid1/scratch1/nigel/amber/hi_lo/lh/3lh0/3lh0.fa
Reading from local mirror:
  /net/cci/pdb_mirror/structure_factors/lh/r3lh0sf.ent.gz
Structure factors saved to /net/rebus/raid1/scratch1/nigel/amber/hi_lo/lh/3lh0/3lh0-sf.cif
Reading from local mirror:
  /net/cci/pdb_mirror/mmcif/lh/3lh0.cif.gz
Model saved to /net/rebus/raid1/scratch1/nigel/amber/hi_lo/lh/3lh0/3lh0.cif
Can't determine output label for r3lh0sf,_refln.crystal_id - skipping.
Can't determine output label for r3lh0sf,_refln.scale_group_code - skipping.
Can't determine output label for r3lh0sf,_refln.wavelength_id - skipping.
Converted structure factors saved to 3lh0.mtz
local_archive None
archive PDB None
Reading from local mirror:
  /net/cci/pdb_mirror/pdb/lh/pdb3lh0.ent.gz
Model saved to /net/rebus/raid1/scratch1/nigel/amber/hi_lo/lh/3lh0/3lh0.pdb
Sequence saved to /net/rebus/raid1/scratch1/nigel/amber/hi_lo/lh/3lh0/3lh0.fa
Reading from local mirror:
  /net/cci/pdb_mirror/structure_factors/lh/r3lh0sf.ent.gz
Structure factors saved to /net/rebus/raid1/scratch1/nigel/amber/hi_lo/lh/3lh0/3lh0-sf.cif
Reading from local mirror:
  /net/cci/pdb_mirror/mmcif/lh/3lh0.cif.gz
Model saved to /net/rebus/raid1/scratch1/nigel/amber/hi_lo/lh/3lh0/3lh0.cif
Can't determine output label for r3lh0sf,_refln.crystal_id - skipping.
Can't determine output label for r3lh0sf,_refln.scale_group_code - skipping.
Can't determine output label for r3lh0sf,_refln.wavelength_id - skipping.
Converted structure factors saved to 3lh0.mtz

==================================================
Summary of pdb4amber for: 3lh0.pdb
===================================================

----------Chains
The following (original) chains have been found:
A
B

---------- Alternate Locations (Original Residues!))

The following residues had alternate locations:
CYS_52
ASP_53
PHE_70
SER_71
ARG_79
LYS_80
MET_101
ALA_102

---------- Mising heavy atom(s)

None
The alternate coordinates have been discarded.
Only the first occurrence for each atom was kept.
not prmtop_filename /net/rebus/scratch1/nigel/amber/hi_lo/lh/3lh0/4amber_3lh0.prmtop

	Running AmberPrep : 3lh0.pdb


==================================================
Running pdb4amber on 3lh0.pdb
==================================================

==================================================
Setting up library files for non-standard residues
==================================================

==================================================
Running elbow/antechamber for MLY 
==================================================

==================================================
Summary of pdb4amber for: 3lh0_4tleap_uc1.pdb
===================================================

----------Chains
The following (original) chains have been found:
A
B

---------- Alternate Locations (Original Residues!))

The following residues had alternate locations:
None

---------- Mising heavy atom(s)

None

MoleculeClass :  C: 8  N: 2  O: 2 (CHEMICAL COMPONENTS format)
	29 atoms
	28 bonds
	51 angles
	66 dihedrals
	0 rings (groups, rings, atoms) 0 0
	1 chirals : S 

~> antechamber -i 4antechamber_MLY.pdb -fi pdb -o MLY.mol2 -fo mol2       -nc -1 -m 1 -s 2 -pf y -c bcc -at gaff2 -ek "qm_theory='AM1', grms_tol=0.0005, scfconv=1.d-10, maxcyc=0, ndiis_attempts=700,"


~> parmchk2 -s 2 -i MLY.mol2 -f mol2 -o MLY.frcmod


  Residue "PGE" already in amber monomer library. Skipping elbow/antechamber
    run for this residue.
        

  Residue "SO4" already in amber monomer library. Skipping elbow/antechamber
    run for this residue.
        

==================================================
Preparing asu files and 4phenix_3lh0.pdb
==================================================

~> tleap -f 3lh0_asu_tleap_input_run

Checking output filenames
  file : 3lh0_asu.prmtop
  file : 3lh0_asu.rst7

~> ChBox -c 3lh0_asu.rst7 -o 3lh0_asu.rst7 -X 56.7 -Y 78.28 -Z 36.54 -al 90.0 -bt 122.18 -gm 90.0 


============================================================
Preparing unit cell files: 4amber_3lh0.prmtop and 4amber_3lh0.rst7
============================================================

~> UnitCell -p 3lh0_4UnitCell.pdb -o 3lh0_4tleap_uc1.pdb


~> tleap -f 3lh0_uc_tleap_input_run

Checking output filenames
  file : 3lh0_uc.prmtop
  file : 3lh0_uc.rst7

~> ChBox -c 3lh0_uc.rst7 -o 3lh0_uc.rst7 -X 56.7 -Y 78.28 -Z 36.54 -al 90.0 -bt 122.18 -gm 90.0 


==================================================
Minimizing input coordinates.
==================================================

~> sander -O -i 3lh0_amber_all.in -p 4amber_3lh0.prmtop -c 4amber_3lh0.rst7 -o 3lh0.min.out            -ref 4amber_3lh0.rst7 -r 4amber_3lh0.min.rst7

checking special positions in 4phenix_3lh0.pdb

==================================================
Done.  Three new files have been made:
      4phenix_3lh0.pdb
      4amber_3lh0.prmtop
      4amber_3lh0.rst7
==================================================

Example

  phenix.refine 4phenix_3lh0.pdb use_amber=True \
    amber.topology_file_name=4amber_3lh0.prmtop \
    amber.coordinate_file_name=4amber_3lh0.rst7 \
    ....(other refinement keywords here).....



Substituting Amber PDB file for downloaded file
run_tests_local.py:220: UserWarning: os.system() is not safe: please use the subprocess module or libtbx.easy_run instead.
  os.system(cmd)

  Amber files
    PDB    : 3lh0.pdb
    MTZ    : 3lh0.mtz
    prmtop : 4amber_3lh0.prmtop
    rst7   : 4amber_3lh0.rst7
  
/net/rebus/raid1/scratch1/nigel/amber/hi_lo/lh/3lh0
return_files 3lh0
/net/chevy/raid1/nigel/amber/hi_lo
4amber_3lh0.pdb
4phenix_3lh0.pdb
cp 4phenix_3lh0.pdb /net/chevy/raid1/nigel/amber/hi_lo/lh/3lh0
3lh0.pdb
cp 3lh0.pdb /net/chevy/raid1/nigel/amber/hi_lo/lh/3lh0
4amber_3lh0.mtz
4phenix_3lh0.mtz
3lh0.mtz
cp 3lh0.mtz /net/chevy/raid1/nigel/amber/hi_lo/lh/3lh0
4amber_3lh0.rst7
cp 4amber_3lh0.rst7 /net/chevy/raid1/nigel/amber/hi_lo/lh/3lh0
4phenix_3lh0.rst7
3lh0.rst7
4amber_3lh0.prmtop
cp 4amber_3lh0.prmtop /net/chevy/raid1/nigel/amber/hi_lo/lh/3lh0
4phenix_3lh0.prmtop
3lh0.prmtop
4amber_3lh0_refine_001.log
4phenix_3lh0_refine_001.log
3lh0_refine_001.log
4amber_3lh0_refine_002.log
4phenix_3lh0_refine_002.log
3lh0_refine_002.log
4amber_3lh0_refine_001.pdb
4phenix_3lh0_refine_001.pdb
3lh0_refine_001.pdb
4amber_3lh0_refine_002.pdb
4phenix_3lh0_refine_002.pdb
3lh0_refine_002.pdb
local_archive /net/chevy/raid1/nigel/amber/hi_lo
archive PDB /net/chevy/raid1/nigel/amber/hi_lo/lh/3lh0/3lh0.pdb
/net/rebus/raid1/scratch1/nigel/amber/hi_lo/lh/3lh0
------------------------------
phenix.refine log filename ? > /net/chevy/raid1/nigel/amber/hi_lo/lh/3lh0/3lh0_refine_001.log
------------------------------
------------------------------
phenix.refine log filename ? > 3lh0_refine_001.log
------------------------------
Running phenix.refine

phenix.refine 3lh0.pdb 3lh0.mtz c_beta_restraints=False discard_psi_phi=False strategy="*individual_sites individual_sites_real_space rigid_body *individual_adp group_adp tls *occupancies group_anomalous" refinement.target_weights.optimize_xyz_weight=True refinement.main.number_of_macro_cycles=10 write_geo=False serial=1 cdl=True

------------------------------
phenix.refine log filename ? > /net/chevy/raid1/nigel/amber/hi_lo/lh/3lh0/3lh0_refine_002.log
------------------------------
------------------------------
phenix.refine log filename ? > 3lh0_refine_002.log
------------------------------
Running phenix.refine

phenix.refine 3lh0.pdb 3lh0.mtz c_beta_restraints=False discard_psi_phi=False strategy="*individual_sites individual_sites_real_space rigid_body *individual_adp group_adp tls *occupancies group_anomalous" topology_file_name=/net/chevy/raid1/nigel/amber/hi_lo/lh/3lh0/4amber_3lh0.prmtop amber.coordinate_file_name=/net/chevy/raid1/nigel/amber/hi_lo/lh/3lh0/4amber_3lh0.rst7 use_amber=True refinement.target_weights.optimize_xyz_weight=True refinement.main.number_of_macro_cycles=10 write_geo=False amber.wxc_factor=0.300000 serial=2

