HOST morse.lbl.gov
only_i 170
only_code None
force_amber_prep True
dry_run False
... 170 1xm3
/net/chevy/raid1/nigel/amber/hi_lo
/net/chevy/raid1/nigel/amber/hi_lo/xm/1xm3
1xm3.pdb 4phenix_1xm3.pdb
local_archive None
archive PDB None
Reading from local mirror:
  /net/cci/pdb_mirror/pdb/xm/pdb1xm3.ent.gz
Model saved to /net/morse/raid1/scratch1/nigel/amber/hi_lo/xm/1xm3/1xm3.pdb
Sequence saved to /net/morse/raid1/scratch1/nigel/amber/hi_lo/xm/1xm3/1xm3.fa
Reading from local mirror:
  /net/cci/pdb_mirror/structure_factors/xm/r1xm3sf.ent.gz
Structure factors saved to /net/morse/raid1/scratch1/nigel/amber/hi_lo/xm/1xm3/1xm3-sf.cif
Reading from local mirror:
  /net/cci/pdb_mirror/mmcif/xm/1xm3.cif.gz
Model saved to /net/morse/raid1/scratch1/nigel/amber/hi_lo/xm/1xm3/1xm3.cif
Can't determine output label for r1xm3sf,_refln.crystal_id - skipping.
Can't determine output label for r1xm3sf,_refln.scale_group_code - skipping.
Can't determine output label for r1xm3sf,wavelength_id=1,_refln.status - skipping.
Can't determine output label for r1xm3sf,_refln.wavelength_id - skipping.
Converted structure factors saved to 1xm3.mtz
  F(+),SIGF(+),F(-),SIGF(-) is anomalous
  I(+),SIGI(+),I(-),SIGI(-) is anomalous
local_archive None
archive PDB None
Reading from local mirror:
  /net/cci/pdb_mirror/pdb/xm/pdb1xm3.ent.gz
Model saved to /net/morse/raid1/scratch1/nigel/amber/hi_lo/xm/1xm3/1xm3.pdb
Sequence saved to /net/morse/raid1/scratch1/nigel/amber/hi_lo/xm/1xm3/1xm3.fa
Reading from local mirror:
  /net/cci/pdb_mirror/structure_factors/xm/r1xm3sf.ent.gz
Structure factors saved to /net/morse/raid1/scratch1/nigel/amber/hi_lo/xm/1xm3/1xm3-sf.cif
Reading from local mirror:
  /net/cci/pdb_mirror/mmcif/xm/1xm3.cif.gz
Model saved to /net/morse/raid1/scratch1/nigel/amber/hi_lo/xm/1xm3/1xm3.cif
Can't determine output label for r1xm3sf,_refln.crystal_id - skipping.
Can't determine output label for r1xm3sf,_refln.scale_group_code - skipping.
Can't determine output label for r1xm3sf,wavelength_id=1,_refln.status - skipping.
Can't determine output label for r1xm3sf,_refln.wavelength_id - skipping.
Converted structure factors saved to 1xm3.mtz
  F(+),SIGF(+),F(-),SIGF(-) is anomalous
  I(+),SIGI(+),I(-),SIGI(-) is anomalous

==================================================
Summary of pdb4amber for: 1xm3.pdb
===================================================

----------Chains
The following (original) chains have been found:
A
B
C
D

---------- Alternate Locations (Original Residues!))

The following residues had alternate locations:
None

---------- Gaps (Renumbered Residues!)
gap of 3.926487 A between SER 1 and LEU 3
gap of 4.700715 A between ARG 45 and ASN 47
gap of 13.780856 A between PHE 49 and LEU 50
gap of 4.681676 A between ASP 87 and ILE 89
gap of 3.834299 A between ILE 143 and PRO 145
gap of 3.234863 A between ALA 188 and GLU 190
gap of 3.228929 A between LYS 210 and ALA 212
gap of 3.296240 A between ALA 214 and LYS 216
gap of 4.261097 A between SER 245 and LEU 247
gap of 4.555395 A between ARG 289 and ASN 291
gap of 4.668579 A between ASP 338 and ILE 340
gap of 3.829430 A between ILE 394 and PRO 396
gap of 3.259061 A between ALA 439 and GLU 441
gap of 3.187690 A between LYS 461 and ALA 463
gap of 3.319889 A between ALA 465 and LYS 467
gap of 4.542161 A between SER 496 and LEU 498
gap of 4.624500 A between ARG 540 and ASN 542
gap of 4.664483 A between ASP 589 and ILE 591
gap of 3.867453 A between ILE 645 and PRO 647
gap of 3.328204 A between ALA 690 and GLU 692
gap of 3.249547 A between LYS 712 and ALA 714
gap of 3.297181 A between ALA 716 and LYS 718
gap of 4.567569 A between SER 745 and LEU 747
gap of 4.495912 A between ARG 789 and ASN 791
gap of 4.695337 A between ASP 838 and ILE 840
gap of 3.886807 A between ILE 894 and PRO 896
gap of 3.337058 A between ALA 939 and GLU 941
gap of 3.214934 A between LYS 961 and ALA 963
gap of 3.227143 A between ALA 965 and LYS 967

---------- Mising heavy atom(s)

None
not prmtop_filename /net/morse/scratch1/nigel/amber/hi_lo/xm/1xm3/4amber_1xm3.prmtop
not prmtop_filename /net/chevy/raid1/nigel/amber/hi_lo/xm/1xm3/4amber_1xm3.prmtop

	Running AmberPrep : 1xm3.pdb


==================================================
Running pdb4amber on 1xm3.pdb
==================================================

==================================================
Setting up library files for non-standard residues
==================================================

==================================================
Running elbow/antechamber for MSE 
==================================================
--------------------------------------------------------------------------------
['/tmp/6368472.170.all.q/tmplRXHxK', '/tmp/6368472.170.all.q/tmpJ4ITQt']
/tmp/6368472.170.all.q/tmplRXHxK
  Monomer Library directory:
    "/net/cci-filer2/raid1/xp/phenix/phenix-svn/modules/chem_data/mon_lib"
  Total number of atoms: 19
  Number of models: 1
  Model: ""
    Number of chains: 1
    Chain: "A"
      Number of atoms: 19
      Number of conformers: 1
      Conformer: ""
        Number of residues, atoms: 1, 17
          Duplicate atoms: {'MSE,HB2': 1, 'MSE,HG2': 1}
          Classifications: {'peptide': 1}
  Number of atoms with unknown nonbonded energy type symbols: 2
    "HETATM   13  HB3 MSE A   1 .*.A    H  "
    "HETATM   15  HG3 MSE A   1 .*.A    H  "
  Time building chain proxies: 0.02, per 1000 atoms: 1.05

--------------------------------------------------------------------------------

MoleculeClass :  C: 5  N: 1  O: 2 Se: 1 (CHEMICAL COMPONENTS format)
	19 atoms
	18 bonds
	31 angles
	36 dihedrals
	0 rings (groups, rings, atoms) 0 0
	1 chirals : S 

~> antechamber -i 4antechamber_MSE.pdb -fi pdb -o MSE.mol2 -fo mol2       -nc -1 -m 1 -s 2 -pf y -c bcc -at gaff2 -ek "qm_theory='AM1',grms_tol=0.0005,scfconv=1.d-10,maxcyc=0,ndiis_attempts=700,"


~> parmchk2 -s 2 -i MSE.mol2 -f mol2 -o MSE.frcmod


==================================================
Preparing asu files and 4phenix_1xm3.pdb
==================================================

~> tleap -f 1xm3_asu_tleap_input_run

Checking output filenames
  file : 1xm3_asu.prmtop
Sorry:   Output file is empty : 1xm3_asu.prmtop
  Check contents of "leap.log"
