HOST rebus.lbl.gov
only_i 29
only_code None
force_amber_prep True
dry_run False
... 29 1z5s
/net/chevy/raid1/nigel/amber/hi_lo
/net/chevy/raid1/nigel/amber/hi_lo/z5/1z5s
1z5s.pdb 4phenix_1z5s.pdb
1z5s.pdb 4phenix_1z5s.pdb
local_archive None
archive PDB None
Reading from local mirror:
  /net/cci/pdb_mirror/pdb/z5/pdb1z5s.ent.gz
Model saved to /net/rebus/raid1/scratch1/nigel/amber/hi_lo/z5/1z5s/1z5s.pdb
Sequence saved to /net/rebus/raid1/scratch1/nigel/amber/hi_lo/z5/1z5s/1z5s.fa
Reading from local mirror:
  /net/cci/pdb_mirror/structure_factors/z5/r1z5ssf.ent.gz
Structure factors saved to /net/rebus/raid1/scratch1/nigel/amber/hi_lo/z5/1z5s/1z5s-sf.cif
Reading from local mirror:
  /net/cci/pdb_mirror/mmcif/z5/1z5s.cif.gz
Model saved to /net/rebus/raid1/scratch1/nigel/amber/hi_lo/z5/1z5s/1z5s.cif
Can't determine output label for r1z5ssf,_refln.crystal_id - skipping.
Can't determine output label for r1z5ssf,_refln.scale_group_code - skipping.
Can't determine output label for r1z5ssf,_refln.wavelength_id - skipping.
Converted structure factors saved to 1z5s.mtz
local_archive None
archive PDB None
Reading from local mirror:
  /net/cci/pdb_mirror/pdb/z5/pdb1z5s.ent.gz
Model saved to /net/rebus/raid1/scratch1/nigel/amber/hi_lo/z5/1z5s/1z5s.pdb
Sequence saved to /net/rebus/raid1/scratch1/nigel/amber/hi_lo/z5/1z5s/1z5s.fa
Reading from local mirror:
  /net/cci/pdb_mirror/structure_factors/z5/r1z5ssf.ent.gz
Structure factors saved to /net/rebus/raid1/scratch1/nigel/amber/hi_lo/z5/1z5s/1z5s-sf.cif
Reading from local mirror:
  /net/cci/pdb_mirror/mmcif/z5/1z5s.cif.gz
Model saved to /net/rebus/raid1/scratch1/nigel/amber/hi_lo/z5/1z5s/1z5s.cif
Can't determine output label for r1z5ssf,_refln.crystal_id - skipping.
Can't determine output label for r1z5ssf,_refln.scale_group_code - skipping.
Can't determine output label for r1z5ssf,_refln.wavelength_id - skipping.
Converted structure factors saved to 1z5s.mtz
not prmtop_filename /net/rebus/scratch1/nigel/amber/hi_lo/z5/1z5s/4amber_1z5s.prmtop

	Running AmberPrep : 1z5s.pdb


==================================================
Running pdb4amber on 1z5s.pdb
==================================================

==================================================
Setting up library files for non-standard residues
==================================================

==================================================
Preparing asu files and 4phenix_1z5s.pdb
==================================================

~> tleap -f 1z5s_asu_tleap_input_run

Checking output filenames
  file : 1z5s_asu.prmtop
  file : 1z5s_asu.rst7

~> ChBox -c 1z5s_asu.rst7 -o 1z5s_asu.rst7 -X 157.123 -Y 157.123 -Z 59.613 -al 90.0 -bt 90.0 -gm 120.0 


============================================================
Preparing unit cell files: 4amber_1z5s.prmtop and 4amber_1z5s.rst7
============================================================

~> UnitCell -p 1z5s_4UnitCell.pdb -o 1z5s_4tleap_uc1.pdb


~> tleap -f 1z5s_uc_tleap_input_run

Checking output filenames
  file : 1z5s_uc.prmtop
  file : 1z5s_uc.rst7

~> ChBox -c 1z5s_uc.rst7 -o 1z5s_uc.rst7 -X 157.123 -Y 157.123 -Z 59.613 -al 90.0 -bt 90.0 -gm 120.0 


==================================================
Minimizing input coordinates.
==================================================

~> sander -O -i 1z5s_amber_all.in -p 4amber_1z5s.prmtop -c 4amber_1z5s.rst7 -o 1z5s.min.out            -ref 4amber_1z5s.rst7 -r 4amber_1z5s.min.rst7

checking special positions in 4phenix_1z5s.pdb

==================================================
Done.  Three new files have been made:
      4phenix_1z5s.pdb
      4amber_1z5s.prmtop
      4amber_1z5s.rst7
==================================================

Example

  phenix.refine 4phenix_1z5s.pdb use_amber=True \
    amber.topology_file_name=4amber_1z5s.prmtop \
    amber.coordinate_file_name=4amber_1z5s.rst7 \
    ....(other refinement keywords here).....



Substituting Amber PDB file for downloaded file

  Amber files
    PDB    : 1z5s.pdb
    MTZ    : 1z5s.mtz
    prmtop : 4amber_1z5s.prmtop
    rst7   : 4amber_1z5s.rst7
  
/net/rebus/raid1/scratch1/nigel/amber/hi_lo/z5/1z5s
return_files 1z5s
/net/chevy/raid1/nigel/amber/hi_lo
4amber_1z5s.pdb
4phenix_1z5s.pdb
cp 4phenix_1z5s.pdb /net/chevy/raid1/nigel/amber/hi_lo/z5/1z5s
1z5s.pdb
cp 1z5s.pdb /net/chevy/raid1/nigel/amber/hi_lo/z5/1z5s
4amber_1z5s.mtz
4phenix_1z5s.mtz
1z5s.mtz
cp 1z5s.mtz /net/chevy/raid1/nigel/amber/hi_lo/z5/1z5s
4amber_1z5s.rst7
cp 4amber_1z5s.rst7 /net/chevy/raid1/nigel/amber/hi_lo/z5/1z5s
4phenix_1z5s.rst7
1z5s.rst7
4amber_1z5s.prmtop
cp 4amber_1z5s.prmtop /net/chevy/raid1/nigel/amber/hi_lo/z5/1z5s
4phenix_1z5s.prmtop
1z5s.prmtop
4amber_1z5s_refine_001.log
4phenix_1z5s_refine_001.log
1z5s_refine_001.log
4amber_1z5s_refine_002.log
4phenix_1z5s_refine_002.log
1z5s_refine_002.log
4amber_1z5s_refine_001.pdb
4phenix_1z5s_refine_001.pdb
1z5s_refine_001.pdb
4amber_1z5s_refine_002.pdb
4phenix_1z5s_refine_002.pdb
1z5s_refine_002.pdb
local_archive /net/chevy/raid1/nigel/amber/hi_lo
archive PDB /net/chevy/raid1/nigel/amber/hi_lo/z5/1z5s/1z5s.pdb
/net/rebus/raid1/scratch1/nigel/amber/hi_lo/z5/1z5s
------------------------------
phenix.refine log filename ? > /net/chevy/raid1/nigel/amber/hi_lo/z5/1z5s/1z5s_refine_001.log
------------------------------

	Already done (on chevy) 1z5s_refine_001
------------------------------
phenix.refine log filename ? > /net/chevy/raid1/nigel/amber/hi_lo/z5/1z5s/1z5s_refine_002.log
------------------------------

	Already done (on chevy) 1z5s_refine_002
