HOST lewis.lbl.gov
only_i 158
only_code None
force_amber_prep True
dry_run False
... 158 3g5y
/net/chevy/raid1/nigel/amber/hi_lo
/net/chevy/raid1/nigel/amber/hi_lo/g5/3g5y
3g5y.pdb 4phenix_3g5y.pdb
3g5y.pdb 4phenix_3g5y.pdb
local_archive None
archive PDB None
Reading from local mirror:
  /net/cci/pdb_mirror/pdb/g5/pdb3g5y.ent.gz
Model saved to /net/lewis/raid1/scratch1/nigel/amber/hi_lo/g5/3g5y/3g5y.pdb
Traceback (most recent call last):
  File "/net/cci-filer2/raid1/xp/phenix/phenix-svn/build/../modules/cctbx_project/mmtbx/command_line/fetch_pdb.py", line 199, in <module>
    run2(sys.argv[1:])
  File "/net/cci-filer2/raid1/xp/phenix/phenix-svn/build/../modules/cctbx_project/mmtbx/command_line/fetch_pdb.py", line 155, in run2
    files.append(get_pdb(id, data_type_, mirror, log, format=data_format))
  File "/net/cci-filer2/raid1/xp/phenix/phenix-svn/modules/cctbx_project/iotbx/pdb/fetch.py", line 213, in get_pdb
    data = fetch(id, data_type, mirror=mirror, format=format, log=log)
  File "/net/cci-filer2/raid1/xp/phenix/phenix-svn/modules/cctbx_project/iotbx/pdb/fetch.py", line 150, in fetch
    data = libtbx.utils.urlopen(url)
  File "/net/cci-filer2/raid1/xp/phenix/phenix-svn/modules/cctbx_project/libtbx/utils.py", line 2069, in urlopen
    return urllib2.urlopen(*args, **kwds)
  File "/net/cci-filer2/raid1/xp/phenix/phenix-svn/base/lib/python2.7/urllib2.py", line 127, in urlopen
    return _opener.open(url, data, timeout)
  File "/net/cci-filer2/raid1/xp/phenix/phenix-svn/base/lib/python2.7/urllib2.py", line 404, in open
    response = self._open(req, data)
  File "/net/cci-filer2/raid1/xp/phenix/phenix-svn/base/lib/python2.7/urllib2.py", line 422, in _open
    '_open', req)
  File "/net/cci-filer2/raid1/xp/phenix/phenix-svn/base/lib/python2.7/urllib2.py", line 382, in _call_chain
    result = func(*args)
  File "/net/cci-filer2/raid1/xp/phenix/phenix-svn/base/lib/python2.7/urllib2.py", line 1214, in http_open
    return self.do_open(httplib.HTTPConnection, req)
  File "/net/cci-filer2/raid1/xp/phenix/phenix-svn/base/lib/python2.7/urllib2.py", line 1184, in do_open
    raise URLError(err)
urllib2.URLError: <urlopen error [Errno 110] Connection timed out>
local_archive None
archive PDB None
Reading from local mirror:
  /net/cci/pdb_mirror/pdb/g5/pdb3g5y.ent.gz
Model saved to /net/lewis/raid1/scratch1/nigel/amber/hi_lo/g5/3g5y/3g5y.pdb
Traceback (most recent call last):
  File "/net/cci-filer2/raid1/xp/phenix/phenix-svn/build/../modules/cctbx_project/mmtbx/command_line/fetch_pdb.py", line 199, in <module>
    run2(sys.argv[1:])
  File "/net/cci-filer2/raid1/xp/phenix/phenix-svn/build/../modules/cctbx_project/mmtbx/command_line/fetch_pdb.py", line 155, in run2
    files.append(get_pdb(id, data_type_, mirror, log, format=data_format))
  File "/net/cci-filer2/raid1/xp/phenix/phenix-svn/modules/cctbx_project/iotbx/pdb/fetch.py", line 213, in get_pdb
    data = fetch(id, data_type, mirror=mirror, format=format, log=log)
  File "/net/cci-filer2/raid1/xp/phenix/phenix-svn/modules/cctbx_project/iotbx/pdb/fetch.py", line 150, in fetch
    data = libtbx.utils.urlopen(url)
  File "/net/cci-filer2/raid1/xp/phenix/phenix-svn/modules/cctbx_project/libtbx/utils.py", line 2069, in urlopen
    return urllib2.urlopen(*args, **kwds)
  File "/net/cci-filer2/raid1/xp/phenix/phenix-svn/base/lib/python2.7/urllib2.py", line 127, in urlopen
    return _opener.open(url, data, timeout)
  File "/net/cci-filer2/raid1/xp/phenix/phenix-svn/base/lib/python2.7/urllib2.py", line 404, in open
    response = self._open(req, data)
  File "/net/cci-filer2/raid1/xp/phenix/phenix-svn/base/lib/python2.7/urllib2.py", line 422, in _open
    '_open', req)
  File "/net/cci-filer2/raid1/xp/phenix/phenix-svn/base/lib/python2.7/urllib2.py", line 382, in _call_chain
    result = func(*args)
  File "/net/cci-filer2/raid1/xp/phenix/phenix-svn/base/lib/python2.7/urllib2.py", line 1214, in http_open
    return self.do_open(httplib.HTTPConnection, req)
  File "/net/cci-filer2/raid1/xp/phenix/phenix-svn/base/lib/python2.7/urllib2.py", line 1184, in do_open
    raise URLError(err)
urllib2.URLError: <urlopen error [Errno 110] Connection timed out>

==================================================
Summary of pdb4amber for: 3g5y.pdb
===================================================

----------Chains
The following (original) chains have been found:
A
B
E

---------- Alternate Locations (Original Residues!))

The following residues had alternate locations:
GLN_218
GLN_229
GLN_321
CYS_350
CYS_405
MET_431

---------- Gaps (Renumbered Residues!)
gap of 15.251594 A between VAL 343 and SER 344

---------- Mising heavy atom(s)

None
The alternate coordinates have been discarded.
Only the first occurrence for each atom was kept.

==================================================
Summary of pdb4amber for: 3g5y_4tleap_uc1.pdb
===================================================

----------Chains
The following (original) chains have been found:
A
B
E

---------- Alternate Locations (Original Residues!))

The following residues had alternate locations:
None

---------- Gaps (Renumbered Residues!)
gap of 15.251594 A between VAL 343 and SER 344
gap of 15.251594 A between VAL 1029 and SER 1030
gap of 15.251594 A between VAL 1715 and SER 1716
gap of 15.251594 A between VAL 2401 and SER 2402

---------- Mising heavy atom(s)

None
not prmtop_filename /net/lewis/scratch1/nigel/amber/hi_lo/g5/3g5y/4amber_3g5y.prmtop

	Running AmberPrep : 3g5y.pdb


==================================================
Running pdb4amber on 3g5y.pdb
==================================================

==================================================
Setting up library files for non-standard residues
==================================================

==================================================
Preparing asu files and 4phenix_3g5y.pdb
==================================================

~> tleap -f 3g5y_asu_tleap_input_run

Checking output filenames
  file : 3g5y_asu.prmtop
  file : 3g5y_asu.rst7

~> ChBox -c 3g5y_asu.rst7 -o 3g5y_asu.rst7 -X 83.176 -Y 69.267 -Z 71.477 -al 90.0 -bt 90.0 -gm 90.0 


============================================================
Preparing unit cell files: 4amber_3g5y.prmtop and 4amber_3g5y.rst7
============================================================

~> UnitCell -p 3g5y_4UnitCell.pdb -o 3g5y_4tleap_uc1.pdb


~> tleap -f 3g5y_uc_tleap_input_run

Checking output filenames
  file : 3g5y_uc.prmtop
  file : 3g5y_uc.rst7

~> ChBox -c 3g5y_uc.rst7 -o 3g5y_uc.rst7 -X 83.176 -Y 69.267 -Z 71.477 -al 90.0 -bt 90.0 -gm 90.0 


==================================================
Minimizing input coordinates.
==================================================

~> sander -O -i 3g5y_amber_all.in -p 4amber_3g5y.prmtop -c 4amber_3g5y.rst7 -o 3g5y.min.out            -ref 4amber_3g5y.rst7 -r 4amber_3g5y.min.rst7

checking special positions in 4phenix_3g5y.pdb

==================================================
Done.  Three new files have been made:
      4phenix_3g5y.pdb
      4amber_3g5y.prmtop
      4amber_3g5y.rst7
==================================================

Example

  phenix.refine 4phenix_3g5y.pdb use_amber=True \
    amber.topology_file_name=4amber_3g5y.prmtop \
    amber.coordinate_file_name=4amber_3g5y.rst7 \
    ....(other refinement keywords here).....



Substituting Amber PDB file for downloaded file
run_tests_local.py:222: UserWarning: os.system() is not safe: please use the subprocess module or libtbx.easy_run instead.
  os.system(cmd)

  Amber files
    PDB    : 3g5y.pdb
    MTZ    : 3g5y.mtz
    prmtop : 4amber_3g5y.prmtop
    rst7   : 4amber_3g5y.rst7
  
/net/lewis/raid1/scratch1/nigel/amber/hi_lo/g5/3g5y
return_files 3g5y
/net/chevy/raid1/nigel/amber/hi_lo
4amber_3g5y.pdb
4phenix_3g5y.pdb
cp 4phenix_3g5y.pdb /net/chevy/raid1/nigel/amber/hi_lo/g5/3g5y
3g5y.pdb
cp 3g5y.pdb /net/chevy/raid1/nigel/amber/hi_lo/g5/3g5y
4amber_3g5y.mtz
4phenix_3g5y.mtz
3g5y.mtz
cp 3g5y.mtz /net/chevy/raid1/nigel/amber/hi_lo/g5/3g5y
4amber_3g5y.rst7
cp 4amber_3g5y.rst7 /net/chevy/raid1/nigel/amber/hi_lo/g5/3g5y
4phenix_3g5y.rst7
3g5y.rst7
4amber_3g5y.prmtop
cp 4amber_3g5y.prmtop /net/chevy/raid1/nigel/amber/hi_lo/g5/3g5y
4phenix_3g5y.prmtop
3g5y.prmtop
4amber_3g5y_refine_001.log
4phenix_3g5y_refine_001.log
3g5y_refine_001.log
4amber_3g5y_refine_002.log
4phenix_3g5y_refine_002.log
3g5y_refine_002.log
4amber_3g5y_refine_001.pdb
4phenix_3g5y_refine_001.pdb
3g5y_refine_001.pdb
4amber_3g5y_refine_002.pdb
4phenix_3g5y_refine_002.pdb
3g5y_refine_002.pdb
local_archive /net/chevy/raid1/nigel/amber/hi_lo
archive PDB /net/chevy/raid1/nigel/amber/hi_lo/g5/3g5y/3g5y.pdb
/net/lewis/raid1/scratch1/nigel/amber/hi_lo/g5/3g5y
------------------------------
phenix.refine log filename ? > /net/chevy/raid1/nigel/amber/hi_lo/g5/3g5y/3g5y_refine_001.log
------------------------------

	Already done (on chevy) 3g5y_refine_001
------------------------------
phenix.refine log filename ? > /net/chevy/raid1/nigel/amber/hi_lo/g5/3g5y/3g5y_refine_002.log
------------------------------

	Already done (on chevy) 3g5y_refine_002
