HOST rebus.lbl.gov
only_i 184
only_code None
force_amber_prep True
dry_run False
1 1z3z,A,2.900,1zod,A,1.800
2 1psi,A,2.920,3ndd,A,1.500
3 3bpo,A,3.000,3l5w,I,2.000
4 1e6j,P,3.000,3mge,A,1.900
5 1r46,A,3.250,3hg3,A,1.900
6 2j0g,A,2.850,2j1g,A,1.950
7 1nsk,L,2.800,3bbb,A,1.300
8 1t04,B,3.000,1t3f,B,2.000
9 1kiu,B,3.000,1ze3,H,1.840
10 1kv3,A,2.800,2q3z,A,2.000
11 1wqs,A,2.800,2iph,A,1.750
12 3gwp,A,2.900,3i16,A,2.000
13 1c0n,A,2.800,1kmj,A,2.000
14 2r8j,A,3.100,3oha,A,2.000
15 1z5s,C,3.010,2grn,B,1.800
16 3icq,B,3.200,3m1i,A,2.000
17 1nb3,I,2.800,3kfq,C,1.990
18 1otc,A,2.800,2i0q,A,1.910
19 1ue8,A,3.000,3b4x,A,1.940
20 1a4o,A,2.800,2o02,A,1.500
21 1t6i,A,2.810,3g4z,A,1.870
22 1de9,A,3.000,2o3h,A,1.900
23 2j6e,L,3.000,3n9g,L,1.434
24 3hrk,A,3.050,3lc0,A,1.800
25 2ecp,A,2.950,2asv,A,1.950
26 1z8l,A,3.500,2xeg,A,1.590
27 1ere,A,3.100,2r6w,A,2.000
28 1xni,A,2.800,3lh0,A,1.900
29 2pl0,A,2.800,3mpm,A,1.950
30 1pxt,A,2.800,1afw,A,1.800
31 1bmf,A,2.850,2jdi,A,1.900
32 2g3k,A,3.050,2j9u,A,2.000
33 3m9b,A,3.940,3m9h,A,2.000
34 2i0v,A,2.800,3dpk,A,1.950
35 1kiu,A,3.000,3bwu,C,1.760
36 1nys,A,3.050,2h62,D,1.850
37 1rgq,C,2.900,2o8m,C,2.000
38 1fg5,N,2.800,2vs4,A,1.770
39 1sj5,A,2.800,1vjl,A,1.900
40 2f7k,A,2.800,2yxt,A,2.000
41 1yrp,A,3.100,3bqr,A,1.750
42 3a7a,B,3.100,3ab9,A,1.650
43 2vhg,A,2.900,2vjv,A,1.900
44 1blf,A,2.800,3kj7,A,1.910
45 1pma,1,3.400,1yar,H,1.900
46 2bp2,A,3.000,2zp3,A,1.900
47 2oqj,A,2.800,3oaz,K,1.750
48 1fvv,B,2.800,3ddq,B,1.800
49 1qlr,A,2.830,3eo0,A,1.750
50 2fhg,2,3.230,2jay,A,1.990
51 1io4,A,3.000,2e42,A,1.800
52 2i22,A,2.800,2i2w,A,1.950
53 1bot,O,3.050,3ezw,A,2.000
54 1fnt,c,3.200,1yar,O,1.900
55 1htn,A,2.800,1tn3,A,2.000
56 1x75,C,2.800,3hpw,A,1.452
57 1b7b,A,2.800,2we5,A,1.390
58 2not,A,3.000,1ae7,A,2.000
59 1kfl,A,2.800,1n8f,A,1.750
60 2jla,A,2.810,3hww,A,1.950
61 2bct,A,2.900,1i7w,A,2.000
62 2pcb,B,2.800,2b4z,A,1.500
63 1h0y,A,2.800,2bky,A,1.700
64 1bz9,A,2.800,3cc5,A,1.910
65 1mru,A,3.000,3ori,A,2.000
66 1cx2,A,3.000,3nt1,A,1.730
67 1fss,A,3.000,2wfz,A,1.950
68 2onk,E,3.100,3cij,A,1.070
69 3hfm,L,3.000,3d9a,L,1.200
70 2o39,A,2.850,3f0y,A,1.800
71 1aow,A,3.000,2zoc,A,2.000
72 1p7d,A,2.950,2oxo,A,2.000
73 1bzq,K,2.800,2p49,B,1.380
74 1brr,A,2.900,3hap,A,1.600
75 2nty,C,3.100,3bwd,D,1.530
76 1x75,A,2.800,3ku8,A,1.932
77 1nys,B,3.050,2arv,A,2.000
78 2a7r,A,3.000,2c6q,A,1.700
79 2vc2,L,3.100,3g5y,A,1.590
80 3hfm,H,3.000,3d9a,H,1.200
81 1h88,C,2.800,1gvd,A,1.450
82 2f8x,C,3.250,3iag,C,2.000
83 1bkn,A,2.900,1nhi,A,2.000
84 1cdd,A,2.800,1jkx,A,1.600
85 1tyg,A,3.150,1xm3,A,1.800
86 2gps,A,2.800,3g8c,A,2.000
87 1kd7,A,2.800,1kxg,A,2.000
88 2bsq,A,3.000,2h1c,A,1.800
89 3vtk,A,3.000,3f0t,A,2.000
90 1pge,A,3.500,2ayl,A,2.000
91 1fsz,A,2.800,2vap,A,1.700
92 1zcf,A,3.000,2gvn,A,1.900
... 184 2gvn
/net/chevy/raid1/nigel/amber/hi_lo
/net/chevy/raid1/nigel/amber/hi_lo/gv/2gvn
2gvn.pdb 4phenix_2gvn.pdb
2gvn.pdb 4phenix_2gvn.pdb
local_archive None
archive PDB None
Reading from local mirror:
  /net/cci/pdb_mirror/pdb/gv/pdb2gvn.ent.gz
Model saved to /net/rebus/raid1/scratch1/nigel/amber/hi_lo/gv/2gvn/2gvn.pdb
Sequence saved to /net/rebus/raid1/scratch1/nigel/amber/hi_lo/gv/2gvn/2gvn.fa
Reading from local mirror:
  /net/cci/pdb_mirror/structure_factors/gv/r2gvnsf.ent.gz
Structure factors saved to /net/rebus/raid1/scratch1/nigel/amber/hi_lo/gv/2gvn/2gvn-sf.cif
Reading from local mirror:
  /net/cci/pdb_mirror/mmcif/gv/2gvn.cif.gz
Model saved to /net/rebus/raid1/scratch1/nigel/amber/hi_lo/gv/2gvn/2gvn.cif
Can't determine output label for r2gvnsf,_refln.crystal_id - skipping.
Can't determine output label for r2gvnsf,_refln.scale_group_code - skipping.
R-free-flags: fraction_free=0.050
R-free-flags: missing 5423 reflections
Can't determine output label for r2gvnsf,_refln.wavelength_id - skipping.
Converted structure factors saved to 2gvn.mtz
local_archive None
archive PDB None
Reading from local mirror:
  /net/cci/pdb_mirror/pdb/gv/pdb2gvn.ent.gz
Model saved to /net/rebus/raid1/scratch1/nigel/amber/hi_lo/gv/2gvn/2gvn.pdb
Sequence saved to /net/rebus/raid1/scratch1/nigel/amber/hi_lo/gv/2gvn/2gvn.fa
Reading from local mirror:
  /net/cci/pdb_mirror/structure_factors/gv/r2gvnsf.ent.gz
Structure factors saved to /net/rebus/raid1/scratch1/nigel/amber/hi_lo/gv/2gvn/2gvn-sf.cif
Reading from local mirror:
  /net/cci/pdb_mirror/mmcif/gv/2gvn.cif.gz
Model saved to /net/rebus/raid1/scratch1/nigel/amber/hi_lo/gv/2gvn/2gvn.cif
Can't determine output label for r2gvnsf,_refln.crystal_id - skipping.
Can't determine output label for r2gvnsf,_refln.scale_group_code - skipping.
R-free-flags: fraction_free=0.050
R-free-flags: missing 5423 reflections
Can't determine output label for r2gvnsf,_refln.wavelength_id - skipping.
Converted structure factors saved to 2gvn.mtz

==================================================
Summary of pdb4amber for: 2gvn.pdb
===================================================
REDUCE returned non-zero exit status: See reduce_info.log for more details

----------Chains
The following (original) chains have been found:
A
B
C
D
E
F
G
H

---------- Alternate Locations (Original Residues!))

The following residues had alternate locations:
None

---------- Mising heavy atom(s)

None

==================================================
Summary of pdb4amber for: 2gvn_4tleap_uc1.pdb
===================================================

----------Chains
The following (original) chains have been found:
A
B
C
D
E
F
G
H

---------- Alternate Locations (Original Residues!))

The following residues had alternate locations:
None

---------- Mising heavy atom(s)

LYS_10342 misses 1 heavy atom(s)
not prmtop_filename /net/rebus/scratch1/nigel/amber/hi_lo/gv/2gvn/4amber_2gvn.prmtop

	Running AmberPrep : 2gvn.pdb


==================================================
Running pdb4amber on 2gvn.pdb
==================================================

==================================================
Setting up library files for non-standard residues
==================================================

==================================================
Preparing asu files and 4phenix_2gvn.pdb
==================================================

~> tleap -f 2gvn_asu_tleap_input_run

Checking output filenames
  file : 2gvn_asu.prmtop
  file : 2gvn_asu.rst7

~> ChBox -c 2gvn_asu.rst7 -o 2gvn_asu.rst7 -X 73.061 -Y 135.88 -Z 251.525 -al 90.0 -bt 90.0 -gm 90.0 


============================================================
Preparing unit cell files: 4amber_2gvn.prmtop and 4amber_2gvn.rst7
============================================================

~> UnitCell -p 2gvn_4UnitCell.pdb -o 2gvn_4tleap_uc1.pdb


~> tleap -f 2gvn_uc_tleap_input_run

Checking output filenames
  file : 2gvn_uc.prmtop
  file : 2gvn_uc.rst7

~> ChBox -c 2gvn_uc.rst7 -o 2gvn_uc.rst7 -X 73.061 -Y 135.88 -Z 251.525 -al 90.0 -bt 90.0 -gm 90.0 


==================================================
Minimizing input coordinates.
==================================================

~> sander -O -i 2gvn_amber_all.in -p 4amber_2gvn.prmtop -c 4amber_2gvn.rst7 -o 2gvn.min.out            -ref 4amber_2gvn.rst7 -r 4amber_2gvn.min.rst7

checking special positions in 4phenix_2gvn.pdb

==================================================
Done.  Three new files have been made:
      4phenix_2gvn.pdb
      4amber_2gvn.prmtop
      4amber_2gvn.rst7
==================================================

Example

  phenix.refine 4phenix_2gvn.pdb use_amber=True \
    amber.topology_file_name=4amber_2gvn.prmtop \
    amber.coordinate_file_name=4amber_2gvn.rst7 \
    ....(other refinement keywords here).....



Substituting Amber PDB file for downloaded file
run_tests_local.py:220: UserWarning: os.system() is not safe: please use the subprocess module or libtbx.easy_run instead.
  os.system(cmd)
