HOST lewis.lbl.gov
only_i 28
only_code None
force_amber_prep True
dry_run False
... 28 3oha
/net/chevy/raid1/nigel/amber/hi_lo
/net/chevy/raid1/nigel/amber/hi_lo/oh/3oha
3oha.pdb 4phenix_3oha.pdb
local_archive None
archive PDB None
Reading from local mirror:
  /net/cci/pdb_mirror/pdb/oh/pdb3oha.ent.gz
Model saved to /net/lewis/raid1/scratch1/nigel/amber/hi_lo/oh/3oha/3oha.pdb
Traceback (most recent call last):
  File "/net/cci-filer2/raid1/xp/phenix/phenix-svn/build/../modules/cctbx_project/mmtbx/command_line/fetch_pdb.py", line 199, in <module>
    run2(sys.argv[1:])
  File "/net/cci-filer2/raid1/xp/phenix/phenix-svn/build/../modules/cctbx_project/mmtbx/command_line/fetch_pdb.py", line 155, in run2
    files.append(get_pdb(id, data_type_, mirror, log, format=data_format))
  File "/net/cci-filer2/raid1/xp/phenix/phenix-svn/modules/cctbx_project/iotbx/pdb/fetch.py", line 213, in get_pdb
    data = fetch(id, data_type, mirror=mirror, format=format, log=log)
  File "/net/cci-filer2/raid1/xp/phenix/phenix-svn/modules/cctbx_project/iotbx/pdb/fetch.py", line 150, in fetch
    data = libtbx.utils.urlopen(url)
  File "/net/cci-filer2/raid1/xp/phenix/phenix-svn/modules/cctbx_project/libtbx/utils.py", line 2069, in urlopen
    return urllib2.urlopen(*args, **kwds)
  File "/net/cci-filer2/raid1/xp/phenix/phenix-svn/base/lib/python2.7/urllib2.py", line 127, in urlopen
    return _opener.open(url, data, timeout)
  File "/net/cci-filer2/raid1/xp/phenix/phenix-svn/base/lib/python2.7/urllib2.py", line 404, in open
    response = self._open(req, data)
  File "/net/cci-filer2/raid1/xp/phenix/phenix-svn/base/lib/python2.7/urllib2.py", line 422, in _open
    '_open', req)
  File "/net/cci-filer2/raid1/xp/phenix/phenix-svn/base/lib/python2.7/urllib2.py", line 382, in _call_chain
    result = func(*args)
  File "/net/cci-filer2/raid1/xp/phenix/phenix-svn/base/lib/python2.7/urllib2.py", line 1214, in http_open
    return self.do_open(httplib.HTTPConnection, req)
  File "/net/cci-filer2/raid1/xp/phenix/phenix-svn/base/lib/python2.7/urllib2.py", line 1184, in do_open
    raise URLError(err)
urllib2.URLError: <urlopen error [Errno 110] Connection timed out>
local_archive None
archive PDB None
Reading from local mirror:
  /net/cci/pdb_mirror/pdb/oh/pdb3oha.ent.gz
Model saved to /net/lewis/raid1/scratch1/nigel/amber/hi_lo/oh/3oha/3oha.pdb
Traceback (most recent call last):
  File "/net/cci-filer2/raid1/xp/phenix/phenix-svn/build/../modules/cctbx_project/mmtbx/command_line/fetch_pdb.py", line 199, in <module>
    run2(sys.argv[1:])
  File "/net/cci-filer2/raid1/xp/phenix/phenix-svn/build/../modules/cctbx_project/mmtbx/command_line/fetch_pdb.py", line 155, in run2
    files.append(get_pdb(id, data_type_, mirror, log, format=data_format))
  File "/net/cci-filer2/raid1/xp/phenix/phenix-svn/modules/cctbx_project/iotbx/pdb/fetch.py", line 213, in get_pdb
    data = fetch(id, data_type, mirror=mirror, format=format, log=log)
  File "/net/cci-filer2/raid1/xp/phenix/phenix-svn/modules/cctbx_project/iotbx/pdb/fetch.py", line 150, in fetch
    data = libtbx.utils.urlopen(url)
  File "/net/cci-filer2/raid1/xp/phenix/phenix-svn/modules/cctbx_project/libtbx/utils.py", line 2069, in urlopen
    return urllib2.urlopen(*args, **kwds)
  File "/net/cci-filer2/raid1/xp/phenix/phenix-svn/base/lib/python2.7/urllib2.py", line 127, in urlopen
    return _opener.open(url, data, timeout)
  File "/net/cci-filer2/raid1/xp/phenix/phenix-svn/base/lib/python2.7/urllib2.py", line 404, in open
    response = self._open(req, data)
  File "/net/cci-filer2/raid1/xp/phenix/phenix-svn/base/lib/python2.7/urllib2.py", line 422, in _open
    '_open', req)
  File "/net/cci-filer2/raid1/xp/phenix/phenix-svn/base/lib/python2.7/urllib2.py", line 382, in _call_chain
    result = func(*args)
  File "/net/cci-filer2/raid1/xp/phenix/phenix-svn/base/lib/python2.7/urllib2.py", line 1214, in http_open
    return self.do_open(httplib.HTTPConnection, req)
  File "/net/cci-filer2/raid1/xp/phenix/phenix-svn/base/lib/python2.7/urllib2.py", line 1184, in do_open
    raise URLError(err)
urllib2.URLError: <urlopen error [Errno 110] Connection timed out>

==================================================
Summary of pdb4amber for: 3oha.pdb
===================================================

----------Chains
The following (original) chains have been found:
A
P
T

---------- Alternate Locations (Original Residues!))

The following residues had alternate locations:
MET_5
SER_6
GLN_15
LEU_16
GLU_24
SER_25
ASN_90
LEU_91
ASP_110
GLY_111
ASN_202
TYR_203
SER_207
HIS_208
ASP_232
LEU_233
CYS_249
LYS_250
ASN_273
VAL_274
ASP_322
VAL_323
ASP_325
LEU_326
ASP_358
TYR_359
ASP_360
ARG_361
SER_418
TRP_419
SER_429
ARG_430
ASP_487
LEU_488
ASN_509
PHE_510

---------- Mising heavy atom(s)

LYS_21 misses 2 heavy atom(s)
LYS_51 misses 3 heavy atom(s)
GLN_117 misses 4 heavy atom(s)
LYS_215 misses 2 heavy atom(s)
LYS_355 misses 4 heavy atom(s)
ARG_361 misses 6 heavy atom(s)
LYS_397 misses 2 heavy atom(s)
ARG_406 misses 6 heavy atom(s)
LYS_408 misses 2 heavy atom(s)
LYS_483 misses 2 heavy atom(s)
LYS_491 misses 2 heavy atom(s)
LYS_493 misses 2 heavy atom(s)
LYS_495 misses 2 heavy atom(s)
GLN_516 misses 4 heavy atom(s)
The alternate coordinates have been discarded.
Only the first occurrence for each atom was kept.
not prmtop_filename /net/lewis/scratch1/nigel/amber/hi_lo/oh/3oha/4amber_3oha.prmtop
not prmtop_filename /net/chevy/raid1/nigel/amber/hi_lo/oh/3oha/4amber_3oha.prmtop

	Running AmberPrep : 3oha.pdb


==================================================
Running pdb4amber on 3oha.pdb
==================================================

==================================================
Setting up library files for non-standard residues
==================================================

==================================================
Running elbow/antechamber for DOC 
==================================================

MoleculeClass :  C: 9  N: 3  O: 6  P: 1 (CHEMICAL COMPONENTS format)
	31 atoms
	32 bonds
	57 angles
	78 dihedrals
	2 rings (groups, rings, atoms) 2 11
	2 chirals : R S 

~> antechamber -i 4antechamber_DOC.pdb -fi pdb -o DOC.mol2 -fo mol2       -nc -2 -m 1 -s 2 -pf y -c bcc -at gaff2 -ek "qm_theory='AM1',grms_tol=0.0005,scfconv=1.d-10,maxcyc=0,ndiis_attempts=700,"


~> parmchk2 -s 2 -i DOC.mol2 -f mol2 -o DOC.frcmod


  Residue "SO4" already in amber monomer library. Skipping elbow/antechamber
    run for this residue.
        

==================================================
Running elbow/antechamber for DCP 
==================================================

MoleculeClass :  C: 9  N: 3  O:13  P: 3 (CHEMICAL COMPONENTS format)
	40 atoms
	41 bonds
	72 angles
	93 dihedrals
	2 rings (groups, rings, atoms) 2 11
	3 chirals : R S R 

~> antechamber -i 4antechamber_DCP.pdb -fi pdb -o DCP.mol2 -fo mol2       -nc -4 -m 1 -s 2 -pf y -c bcc -at gaff2 -ek "qm_theory='AM1',grms_tol=0.0005,scfconv=1.d-10,maxcyc=0,ndiis_attempts=700,"

Sorry: Error: cannot run "/net/cci-filer2/raid1/xp/phenix/phenix-svn/modules/amber/bin/sqm -O -i sqm.in -o sqm.out" of bcc() in charge.c properly, exit
