HOST rebus.lbl.gov
only_i 145
only_code None
force_amber_prep True
dry_run False
... 145 1bzq
/net/chevy/raid1/nigel/amber/hi_lo
/net/chevy/raid1/nigel/amber/hi_lo/bz/1bzq
1bzq.pdb 4phenix_1bzq.pdb
1bzq.pdb 4phenix_1bzq.pdb
local_archive None
archive PDB None
Reading from local mirror:
  /net/cci/pdb_mirror/pdb/bz/pdb1bzq.ent.gz
Model saved to /net/rebus/raid1/scratch1/nigel/amber/hi_lo/bz/1bzq/1bzq.pdb
Sequence saved to /net/rebus/raid1/scratch1/nigel/amber/hi_lo/bz/1bzq/1bzq.fa
Reading from local mirror:
  /net/cci/pdb_mirror/structure_factors/bz/r1bzqsf.ent.gz
Structure factors saved to /net/rebus/raid1/scratch1/nigel/amber/hi_lo/bz/1bzq/1bzq-sf.cif
Reading from local mirror:
  /net/cci/pdb_mirror/mmcif/bz/1bzq.cif.gz
Model saved to /net/rebus/raid1/scratch1/nigel/amber/hi_lo/bz/1bzq/1bzq.cif
Can't determine output label for r1bzqsf,_refln.crystal_id - skipping.
Can't determine output label for r1bzqsf,_refln.scale_group_code - skipping.
Can't determine output label for r1bzqsf,_refln.wavelength_id - skipping.
Converted structure factors saved to 1bzq.mtz
local_archive None
archive PDB None
Reading from local mirror:
  /net/cci/pdb_mirror/pdb/bz/pdb1bzq.ent.gz
Model saved to /net/rebus/raid1/scratch1/nigel/amber/hi_lo/bz/1bzq/1bzq.pdb
Sequence saved to /net/rebus/raid1/scratch1/nigel/amber/hi_lo/bz/1bzq/1bzq.fa
Reading from local mirror:
  /net/cci/pdb_mirror/structure_factors/bz/r1bzqsf.ent.gz
Structure factors saved to /net/rebus/raid1/scratch1/nigel/amber/hi_lo/bz/1bzq/1bzq-sf.cif
Reading from local mirror:
  /net/cci/pdb_mirror/mmcif/bz/1bzq.cif.gz
Model saved to /net/rebus/raid1/scratch1/nigel/amber/hi_lo/bz/1bzq/1bzq.cif
Can't determine output label for r1bzqsf,_refln.crystal_id - skipping.
Can't determine output label for r1bzqsf,_refln.scale_group_code - skipping.
Can't determine output label for r1bzqsf,_refln.wavelength_id - skipping.
Converted structure factors saved to 1bzq.mtz
not prmtop_filename /net/rebus/scratch1/nigel/amber/hi_lo/bz/1bzq/4amber_1bzq.prmtop

	Running AmberPrep : 1bzq.pdb


==================================================
Running pdb4amber on 1bzq.pdb
==================================================

==================================================
Setting up library files for non-standard residues
==================================================

  Residue "PO4" already in amber monomer library. Skipping elbow/antechamber
    run for this residue.
        

==================================================
Preparing asu files and 4phenix_1bzq.pdb
==================================================

~> tleap -f 1bzq_asu_tleap_input_run

Checking output filenames
  file : 1bzq_asu.prmtop
  file : 1bzq_asu.rst7

~> ChBox -c 1bzq_asu.rst7 -o 1bzq_asu.rst7 -X 66.52 -Y 66.82 -Z 69.34 -al 91.43 -bt 117.34 -gm 97.33 


============================================================
Preparing unit cell files: 4amber_1bzq.prmtop and 4amber_1bzq.rst7
============================================================

~> UnitCell -p 1bzq_4UnitCell.pdb -o 1bzq_4tleap_uc1.pdb


~> tleap -f 1bzq_uc_tleap_input_run

Checking output filenames
  file : 1bzq_uc.prmtop
  file : 1bzq_uc.rst7

~> ChBox -c 1bzq_uc.rst7 -o 1bzq_uc.rst7 -X 66.52 -Y 66.82 -Z 69.34 -al 91.43 -bt 117.34 -gm 97.33 


==================================================
Minimizing input coordinates.
==================================================

~> sander -O -i 1bzq_amber_all.in -p 4amber_1bzq.prmtop -c 4amber_1bzq.rst7 -o 1bzq.min.out            -ref 4amber_1bzq.rst7 -r 4amber_1bzq.min.rst7

checking special positions in 4phenix_1bzq.pdb

==================================================
Done.  Three new files have been made:
      4phenix_1bzq.pdb
      4amber_1bzq.prmtop
      4amber_1bzq.rst7
==================================================

Example

  phenix.refine 4phenix_1bzq.pdb use_amber=True \
    amber.topology_file_name=4amber_1bzq.prmtop \
    amber.coordinate_file_name=4amber_1bzq.rst7 \
    ....(other refinement keywords here).....



Substituting Amber PDB file for downloaded file

  Amber files
    PDB    : 1bzq.pdb
    MTZ    : 1bzq.mtz
    prmtop : 4amber_1bzq.prmtop
    rst7   : 4amber_1bzq.rst7
  
/net/rebus/raid1/scratch1/nigel/amber/hi_lo/bz/1bzq
return_files 1bzq
/net/chevy/raid1/nigel/amber/hi_lo
4amber_1bzq.pdb
4phenix_1bzq.pdb
cp 4phenix_1bzq.pdb /net/chevy/raid1/nigel/amber/hi_lo/bz/1bzq
1bzq.pdb
cp 1bzq.pdb /net/chevy/raid1/nigel/amber/hi_lo/bz/1bzq
4amber_1bzq.mtz
4phenix_1bzq.mtz
1bzq.mtz
cp 1bzq.mtz /net/chevy/raid1/nigel/amber/hi_lo/bz/1bzq
4amber_1bzq.rst7
cp 4amber_1bzq.rst7 /net/chevy/raid1/nigel/amber/hi_lo/bz/1bzq
4phenix_1bzq.rst7
1bzq.rst7
4amber_1bzq.prmtop
cp 4amber_1bzq.prmtop /net/chevy/raid1/nigel/amber/hi_lo/bz/1bzq
4phenix_1bzq.prmtop
1bzq.prmtop
4amber_1bzq_refine_001.log
4phenix_1bzq_refine_001.log
1bzq_refine_001.log
4amber_1bzq_refine_002.log
4phenix_1bzq_refine_002.log
1bzq_refine_002.log
4amber_1bzq_refine_001.pdb
4phenix_1bzq_refine_001.pdb
1bzq_refine_001.pdb
4amber_1bzq_refine_002.pdb
4phenix_1bzq_refine_002.pdb
1bzq_refine_002.pdb
local_archive /net/chevy/raid1/nigel/amber/hi_lo
archive PDB /net/chevy/raid1/nigel/amber/hi_lo/bz/1bzq/1bzq.pdb
/net/rebus/raid1/scratch1/nigel/amber/hi_lo/bz/1bzq
------------------------------
phenix.refine log filename ? > /net/chevy/raid1/nigel/amber/hi_lo/bz/1bzq/1bzq_refine_001.log
------------------------------

	Already done (on chevy) 1bzq_refine_001
------------------------------
phenix.refine log filename ? > /net/chevy/raid1/nigel/amber/hi_lo/bz/1bzq/1bzq_refine_002.log
------------------------------

	Already done (on chevy) 1bzq_refine_002
