HOST lewis.lbl.gov
only_i 142
only_code None
force_amber_prep True
dry_run False
... 142 2zoc
/net/chevy/raid1/nigel/amber/hi_lo
/net/chevy/raid1/nigel/amber/hi_lo/zo/2zoc
2zoc.pdb 4phenix_2zoc.pdb
2zoc.pdb 4phenix_2zoc.pdb
local_archive None
archive PDB None
Reading from local mirror:
  /net/cci/pdb_mirror/pdb/zo/pdb2zoc.ent.gz
Model saved to /net/lewis/raid1/scratch1/nigel/amber/hi_lo/zo/2zoc/2zoc.pdb
Traceback (most recent call last):
  File "/net/cci-filer2/raid1/xp/phenix/phenix-svn/build/../modules/cctbx_project/mmtbx/command_line/fetch_pdb.py", line 199, in <module>
    run2(sys.argv[1:])
  File "/net/cci-filer2/raid1/xp/phenix/phenix-svn/build/../modules/cctbx_project/mmtbx/command_line/fetch_pdb.py", line 155, in run2
    files.append(get_pdb(id, data_type_, mirror, log, format=data_format))
  File "/net/cci-filer2/raid1/xp/phenix/phenix-svn/modules/cctbx_project/iotbx/pdb/fetch.py", line 213, in get_pdb
    data = fetch(id, data_type, mirror=mirror, format=format, log=log)
  File "/net/cci-filer2/raid1/xp/phenix/phenix-svn/modules/cctbx_project/iotbx/pdb/fetch.py", line 150, in fetch
    data = libtbx.utils.urlopen(url)
  File "/net/cci-filer2/raid1/xp/phenix/phenix-svn/modules/cctbx_project/libtbx/utils.py", line 2069, in urlopen
    return urllib2.urlopen(*args, **kwds)
  File "/net/cci-filer2/raid1/xp/phenix/phenix-svn/base/lib/python2.7/urllib2.py", line 127, in urlopen
    return _opener.open(url, data, timeout)
  File "/net/cci-filer2/raid1/xp/phenix/phenix-svn/base/lib/python2.7/urllib2.py", line 404, in open
    response = self._open(req, data)
  File "/net/cci-filer2/raid1/xp/phenix/phenix-svn/base/lib/python2.7/urllib2.py", line 422, in _open
    '_open', req)
  File "/net/cci-filer2/raid1/xp/phenix/phenix-svn/base/lib/python2.7/urllib2.py", line 382, in _call_chain
    result = func(*args)
  File "/net/cci-filer2/raid1/xp/phenix/phenix-svn/base/lib/python2.7/urllib2.py", line 1214, in http_open
    return self.do_open(httplib.HTTPConnection, req)
  File "/net/cci-filer2/raid1/xp/phenix/phenix-svn/base/lib/python2.7/urllib2.py", line 1184, in do_open
    raise URLError(err)
urllib2.URLError: <urlopen error [Errno 110] Connection timed out>
local_archive None
archive PDB None
Reading from local mirror:
  /net/cci/pdb_mirror/pdb/zo/pdb2zoc.ent.gz
Model saved to /net/lewis/raid1/scratch1/nigel/amber/hi_lo/zo/2zoc/2zoc.pdb
Traceback (most recent call last):
  File "/net/cci-filer2/raid1/xp/phenix/phenix-svn/build/../modules/cctbx_project/mmtbx/command_line/fetch_pdb.py", line 199, in <module>
    run2(sys.argv[1:])
  File "/net/cci-filer2/raid1/xp/phenix/phenix-svn/build/../modules/cctbx_project/mmtbx/command_line/fetch_pdb.py", line 155, in run2
    files.append(get_pdb(id, data_type_, mirror, log, format=data_format))
  File "/net/cci-filer2/raid1/xp/phenix/phenix-svn/modules/cctbx_project/iotbx/pdb/fetch.py", line 213, in get_pdb
    data = fetch(id, data_type, mirror=mirror, format=format, log=log)
  File "/net/cci-filer2/raid1/xp/phenix/phenix-svn/modules/cctbx_project/iotbx/pdb/fetch.py", line 150, in fetch
    data = libtbx.utils.urlopen(url)
  File "/net/cci-filer2/raid1/xp/phenix/phenix-svn/modules/cctbx_project/libtbx/utils.py", line 2069, in urlopen
    return urllib2.urlopen(*args, **kwds)
  File "/net/cci-filer2/raid1/xp/phenix/phenix-svn/base/lib/python2.7/urllib2.py", line 127, in urlopen
    return _opener.open(url, data, timeout)
  File "/net/cci-filer2/raid1/xp/phenix/phenix-svn/base/lib/python2.7/urllib2.py", line 404, in open
    response = self._open(req, data)
  File "/net/cci-filer2/raid1/xp/phenix/phenix-svn/base/lib/python2.7/urllib2.py", line 422, in _open
    '_open', req)
  File "/net/cci-filer2/raid1/xp/phenix/phenix-svn/base/lib/python2.7/urllib2.py", line 382, in _call_chain
    result = func(*args)
  File "/net/cci-filer2/raid1/xp/phenix/phenix-svn/base/lib/python2.7/urllib2.py", line 1214, in http_open
    return self.do_open(httplib.HTTPConnection, req)
  File "/net/cci-filer2/raid1/xp/phenix/phenix-svn/base/lib/python2.7/urllib2.py", line 1184, in do_open
    raise URLError(err)
urllib2.URLError: <urlopen error [Errno 110] Connection timed out>

==================================================
Summary of pdb4amber for: 2zoc.pdb
===================================================

----------Chains
The following (original) chains have been found:
A
B

---------- Alternate Locations (Original Residues!))

The following residues had alternate locations:
None

---------- Mising heavy atom(s)

MET_1 misses 3 heavy atom(s)

==================================================
Summary of pdb4amber for: 2zoc_4tleap_uc1.pdb
===================================================

----------Chains
The following (original) chains have been found:
A
B

---------- Alternate Locations (Original Residues!))

The following residues had alternate locations:
None

---------- Mising heavy atom(s)

None
not prmtop_filename /net/lewis/scratch1/nigel/amber/hi_lo/zo/2zoc/4amber_2zoc.prmtop

	Running AmberPrep : 2zoc.pdb


==================================================
Running pdb4amber on 2zoc.pdb
==================================================

==================================================
Setting up library files for non-standard residues
==================================================

==================================================
Preparing asu files and 4phenix_2zoc.pdb
==================================================

~> tleap -f 2zoc_asu_tleap_input_run

Checking output filenames
  file : 2zoc_asu.prmtop
  file : 2zoc_asu.rst7

~> ChBox -c 2zoc_asu.rst7 -o 2zoc_asu.rst7 -X 44.223 -Y 55.132 -Z 127.147 -al 90.0 -bt 91.45 -gm 90.0 


============================================================
Preparing unit cell files: 4amber_2zoc.prmtop and 4amber_2zoc.rst7
============================================================

~> UnitCell -p 2zoc_4UnitCell.pdb -o 2zoc_4tleap_uc1.pdb


~> tleap -f 2zoc_uc_tleap_input_run

Checking output filenames
  file : 2zoc_uc.prmtop
  file : 2zoc_uc.rst7

~> ChBox -c 2zoc_uc.rst7 -o 2zoc_uc.rst7 -X 44.223 -Y 55.132 -Z 127.147 -al 90.0 -bt 91.45 -gm 90.0 


==================================================
Minimizing input coordinates.
==================================================

~> sander -O -i 2zoc_amber_all.in -p 4amber_2zoc.prmtop -c 4amber_2zoc.rst7 -o 2zoc.min.out            -ref 4amber_2zoc.rst7 -r 4amber_2zoc.min.rst7

checking special positions in 4phenix_2zoc.pdb

==================================================
Done.  Three new files have been made:
      4phenix_2zoc.pdb
      4amber_2zoc.prmtop
      4amber_2zoc.rst7
==================================================

Example

  phenix.refine 4phenix_2zoc.pdb use_amber=True \
    amber.topology_file_name=4amber_2zoc.prmtop \
    amber.coordinate_file_name=4amber_2zoc.rst7 \
    ....(other refinement keywords here).....



Substituting Amber PDB file for downloaded file
run_tests_local.py:222: UserWarning: os.system() is not safe: please use the subprocess module or libtbx.easy_run instead.
  os.system(cmd)

  Amber files
    PDB    : 2zoc.pdb
    MTZ    : 2zoc.mtz
    prmtop : 4amber_2zoc.prmtop
    rst7   : 4amber_2zoc.rst7
  
/net/lewis/raid1/scratch1/nigel/amber/hi_lo/zo/2zoc
return_files 2zoc
/net/chevy/raid1/nigel/amber/hi_lo
4amber_2zoc.pdb
4phenix_2zoc.pdb
cp 4phenix_2zoc.pdb /net/chevy/raid1/nigel/amber/hi_lo/zo/2zoc
2zoc.pdb
cp 2zoc.pdb /net/chevy/raid1/nigel/amber/hi_lo/zo/2zoc
4amber_2zoc.mtz
4phenix_2zoc.mtz
2zoc.mtz
cp 2zoc.mtz /net/chevy/raid1/nigel/amber/hi_lo/zo/2zoc
4amber_2zoc.rst7
cp 4amber_2zoc.rst7 /net/chevy/raid1/nigel/amber/hi_lo/zo/2zoc
4phenix_2zoc.rst7
2zoc.rst7
4amber_2zoc.prmtop
cp 4amber_2zoc.prmtop /net/chevy/raid1/nigel/amber/hi_lo/zo/2zoc
4phenix_2zoc.prmtop
2zoc.prmtop
4amber_2zoc_refine_001.log
4phenix_2zoc_refine_001.log
2zoc_refine_001.log
4amber_2zoc_refine_002.log
4phenix_2zoc_refine_002.log
2zoc_refine_002.log
4amber_2zoc_refine_001.pdb
4phenix_2zoc_refine_001.pdb
2zoc_refine_001.pdb
4amber_2zoc_refine_002.pdb
4phenix_2zoc_refine_002.pdb
2zoc_refine_002.pdb
local_archive /net/chevy/raid1/nigel/amber/hi_lo
archive PDB /net/chevy/raid1/nigel/amber/hi_lo/zo/2zoc/2zoc.pdb
/net/lewis/raid1/scratch1/nigel/amber/hi_lo/zo/2zoc
------------------------------
phenix.refine log filename ? > /net/chevy/raid1/nigel/amber/hi_lo/zo/2zoc/2zoc_refine_001.log
------------------------------

	Already done (on chevy) 2zoc_refine_001
------------------------------
phenix.refine log filename ? > /net/chevy/raid1/nigel/amber/hi_lo/zo/2zoc/2zoc_refine_002.log
------------------------------

	Already done (on chevy) 2zoc_refine_002
