HOST morse.lbl.gov
only_i 99
only_code None
force_amber_prep True
dry_run False
... 99 2fhg
/net/chevy/raid1/nigel/amber/hi_lo
/net/chevy/raid1/nigel/amber/hi_lo/fh/2fhg
2fhg.pdb 4phenix_2fhg.pdb
2fhg.pdb 4phenix_2fhg.pdb
local_archive None
archive PDB None
Reading from local mirror:
  /net/cci/pdb_mirror/pdb/fh/pdb2fhg.ent.gz
Model saved to /net/morse/raid1/scratch1/nigel/amber/hi_lo/fh/2fhg/2fhg.pdb
Sequence saved to /net/morse/raid1/scratch1/nigel/amber/hi_lo/fh/2fhg/2fhg.fa
Reading from local mirror:
  /net/cci/pdb_mirror/structure_factors/fh/r2fhgsf.ent.gz
Structure factors saved to /net/morse/raid1/scratch1/nigel/amber/hi_lo/fh/2fhg/2fhg-sf.cif
Reading from local mirror:
  /net/cci/pdb_mirror/mmcif/fh/2fhg.cif.gz
Model saved to /net/morse/raid1/scratch1/nigel/amber/hi_lo/fh/2fhg/2fhg.cif
Can't determine output label for r2fhgsf,_refln.crystal_id - skipping.
Can't determine output label for r2fhgsf,_refln.scale_group_code - skipping.
Can't determine output label for r2fhgsf,_refln.wavelength_id - skipping.
Converted structure factors saved to 2fhg.mtz
local_archive None
archive PDB None
Reading from local mirror:
  /net/cci/pdb_mirror/pdb/fh/pdb2fhg.ent.gz
Model saved to /net/morse/raid1/scratch1/nigel/amber/hi_lo/fh/2fhg/2fhg.pdb
Sequence saved to /net/morse/raid1/scratch1/nigel/amber/hi_lo/fh/2fhg/2fhg.fa
Reading from local mirror:
  /net/cci/pdb_mirror/structure_factors/fh/r2fhgsf.ent.gz
Structure factors saved to /net/morse/raid1/scratch1/nigel/amber/hi_lo/fh/2fhg/2fhg-sf.cif
Reading from local mirror:
  /net/cci/pdb_mirror/mmcif/fh/2fhg.cif.gz
Model saved to /net/morse/raid1/scratch1/nigel/amber/hi_lo/fh/2fhg/2fhg.cif
Can't determine output label for r2fhgsf,_refln.crystal_id - skipping.
Can't determine output label for r2fhgsf,_refln.scale_group_code - skipping.
Can't determine output label for r2fhgsf,_refln.wavelength_id - skipping.
Converted structure factors saved to 2fhg.mtz

==================================================
Summary of pdb4amber for: 2fhg.pdb
===================================================
REDUCE returned non-zero exit status: See reduce_info.log for more details

----------Chains
The following (original) chains have been found:
1
2
A
B
C
D
E
F
G
H
I
J
K
L
M
N
O
P
Q
R
S
T
U
V
W
X
Y
Z

---------- Alternate Locations (Original Residues!))

The following residues had alternate locations:
None

---------- Gaps (Renumbered Residues!)
gap of 9.937909 A between SER 185 and LEU 186
gap of 9.906284 A between SER 627 and LEU 628
gap of 9.875777 A between SER 1069 and LEU 1070
gap of 9.903060 A between SER 1511 and LEU 1512
gap of 9.886402 A between SER 1953 and LEU 1954
gap of 9.898917 A between SER 2395 and LEU 2396
gap of 9.918485 A between SER 2837 and LEU 2838
gap of 9.904964 A between SER 3279 and LEU 3280
gap of 9.907595 A between SER 3721 and LEU 3722
gap of 9.898925 A between SER 4163 and LEU 4164
gap of 9.911575 A between SER 4605 and LEU 4606
gap of 9.891922 A between SER 5047 and LEU 5048
gap of 9.908024 A between SER 5489 and LEU 5490
gap of 9.889675 A between SER 5931 and LEU 5932

---------- Mising heavy atom(s)

None

==================================================
Summary of pdb4amber for: 2fhg_4tleap_uc1.pdb
===================================================

----------Chains
The following (original) chains have been found:
1
2
A
B
C
D
E
F
G
H
I
J
K
L
M
N
O
P
Q
R
S
T
U
V
W
X
Y
Z

---------- Alternate Locations (Original Residues!))

The following residues had alternate locations:
None

---------- Gaps (Renumbered Residues!)
gap of 9.937909 A between SER 185 and LEU 186
gap of 9.906284 A between SER 627 and LEU 628
gap of 9.875777 A between SER 1069 and LEU 1070
gap of 9.903060 A between SER 1511 and LEU 1512
gap of 9.886402 A between SER 1953 and LEU 1954
gap of 9.898917 A between SER 2395 and LEU 2396
gap of 9.918485 A between SER 2837 and LEU 2838
gap of 9.904964 A between SER 3279 and LEU 3280
gap of 9.907595 A between SER 3721 and LEU 3722
gap of 9.898925 A between SER 4163 and LEU 4164
gap of 9.911575 A between SER 4605 and LEU 4606
gap of 9.891922 A between SER 5047 and LEU 5048
gap of 9.908024 A between SER 5489 and LEU 5490
gap of 9.889675 A between SER 5931 and LEU 5932
gap of 9.937909 A between SER 6599 and LEU 6600
gap of 9.906284 A between SER 7041 and LEU 7042
gap of 9.875777 A between SER 7483 and LEU 7484
gap of 9.903060 A between SER 7925 and LEU 7926
gap of 9.886402 A between SER 8367 and LEU 8368
gap of 9.898917 A between SER 8809 and LEU 8810
gap of 9.918485 A between SER 9251 and LEU 9252
gap of 9.904964 A between SER 9693 and LEU 9694
gap of 9.907595 A between SER 10135 and LEU 10136
gap of 9.898925 A between SER 10577 and LEU 10578
gap of 9.911575 A between SER 11019 and LEU 11020
gap of 9.891922 A between SER 11461 and LEU 11462
gap of 9.908024 A between SER 11903 and LEU 11904
gap of 9.889675 A between SER 12345 and LEU 12346

---------- Mising heavy atom(s)

None
not prmtop_filename /net/morse/scratch1/nigel/amber/hi_lo/fh/2fhg/4amber_2fhg.prmtop

	Running AmberPrep : 2fhg.pdb


==================================================
Running pdb4amber on 2fhg.pdb
==================================================

==================================================
Setting up library files for non-standard residues
==================================================

==================================================
Preparing asu files and 4phenix_2fhg.pdb
==================================================

~> tleap -f 2fhg_asu_tleap_input_run

Checking output filenames
  file : 2fhg_asu.prmtop
  file : 2fhg_asu.rst7

~> ChBox -c 2fhg_asu.rst7 -o 2fhg_asu.rst7 -X 173.327 -Y 113.802 -Z 200.133 -al 90.0 -bt 113.93 -gm 90.0 


============================================================
Preparing unit cell files: 4amber_2fhg.prmtop and 4amber_2fhg.rst7
============================================================

~> UnitCell -p 2fhg_4UnitCell.pdb -o 2fhg_4tleap_uc1.pdb


~> tleap -f 2fhg_uc_tleap_input_run

Checking output filenames
  file : 2fhg_uc.prmtop
  file : 2fhg_uc.rst7

~> ChBox -c 2fhg_uc.rst7 -o 2fhg_uc.rst7 -X 173.327 -Y 113.802 -Z 200.133 -al 90.0 -bt 113.93 -gm 90.0 


==================================================
Minimizing input coordinates.
==================================================

~> sander -O -i 2fhg_amber_all.in -p 4amber_2fhg.prmtop -c 4amber_2fhg.rst7 -o 2fhg.min.out            -ref 4amber_2fhg.rst7 -r 4amber_2fhg.min.rst7

checking special positions in 4phenix_2fhg.pdb

==================================================
Done.  Three new files have been made:
      4phenix_2fhg.pdb
      4amber_2fhg.prmtop
      4amber_2fhg.rst7
==================================================

Example

  phenix.refine 4phenix_2fhg.pdb use_amber=True \
    amber.topology_file_name=4amber_2fhg.prmtop \
    amber.coordinate_file_name=4amber_2fhg.rst7 \
    ....(other refinement keywords here).....



Substituting Amber PDB file for downloaded file
run_tests_local.py:222: UserWarning: os.system() is not safe: please use the subprocess module or libtbx.easy_run instead.
  os.system(cmd)

  Amber files
    PDB    : 2fhg.pdb
    MTZ    : 2fhg.mtz
    prmtop : 4amber_2fhg.prmtop
    rst7   : 4amber_2fhg.rst7
  
/net/morse/raid1/scratch1/nigel/amber/hi_lo/fh/2fhg
return_files 2fhg
/net/chevy/raid1/nigel/amber/hi_lo
4amber_2fhg.pdb
4phenix_2fhg.pdb
cp 4phenix_2fhg.pdb /net/chevy/raid1/nigel/amber/hi_lo/fh/2fhg
2fhg.pdb
cp 2fhg.pdb /net/chevy/raid1/nigel/amber/hi_lo/fh/2fhg
4amber_2fhg.mtz
4phenix_2fhg.mtz
2fhg.mtz
cp 2fhg.mtz /net/chevy/raid1/nigel/amber/hi_lo/fh/2fhg
4amber_2fhg.rst7
cp 4amber_2fhg.rst7 /net/chevy/raid1/nigel/amber/hi_lo/fh/2fhg
4phenix_2fhg.rst7
2fhg.rst7
4amber_2fhg.prmtop
cp 4amber_2fhg.prmtop /net/chevy/raid1/nigel/amber/hi_lo/fh/2fhg
4phenix_2fhg.prmtop
2fhg.prmtop
4amber_2fhg_refine_001.log
4phenix_2fhg_refine_001.log
2fhg_refine_001.log
4amber_2fhg_refine_002.log
4phenix_2fhg_refine_002.log
2fhg_refine_002.log
4amber_2fhg_refine_001.pdb
4phenix_2fhg_refine_001.pdb
2fhg_refine_001.pdb
4amber_2fhg_refine_002.pdb
4phenix_2fhg_refine_002.pdb
2fhg_refine_002.pdb
local_archive /net/chevy/raid1/nigel/amber/hi_lo
archive PDB /net/chevy/raid1/nigel/amber/hi_lo/fh/2fhg/2fhg.pdb
/net/morse/raid1/scratch1/nigel/amber/hi_lo/fh/2fhg
------------------------------
phenix.refine log filename ? > /net/chevy/raid1/nigel/amber/hi_lo/fh/2fhg/2fhg_refine_001.log
------------------------------

	Already done (on chevy) 2fhg_refine_001
------------------------------
phenix.refine log filename ? > /net/chevy/raid1/nigel/amber/hi_lo/fh/2fhg/2fhg_refine_002.log
------------------------------

	Already done (on chevy) 2fhg_refine_002
