HOST rebus.lbl.gov
only_i 47
only_code None
force_amber_prep True
dry_run False
1 1z3z,A,2.900,1zod,A,1.800
2 1psi,A,2.920,3ndd,A,1.500
3 3bpo,A,3.000,3l5w,I,2.000
4 1e6j,P,3.000,3mge,A,1.900
5 1r46,A,3.250,3hg3,A,1.900
6 2j0g,A,2.850,2j1g,A,1.950
7 1nsk,L,2.800,3bbb,A,1.300
8 1t04,B,3.000,1t3f,B,2.000
9 1kiu,B,3.000,1ze3,H,1.840
10 1kv3,A,2.800,2q3z,A,2.000
11 1wqs,A,2.800,2iph,A,1.750
12 3gwp,A,2.900,3i16,A,2.000
13 1c0n,A,2.800,1kmj,A,2.000
14 2r8j,A,3.100,3oha,A,2.000
15 1z5s,C,3.010,2grn,B,1.800
16 3icq,B,3.200,3m1i,A,2.000
17 1nb3,I,2.800,3kfq,C,1.990
18 1otc,A,2.800,2i0q,A,1.910
19 1ue8,A,3.000,3b4x,A,1.940
20 1a4o,A,2.800,2o02,A,1.500
21 1t6i,A,2.810,3g4z,A,1.870
22 1de9,A,3.000,2o3h,A,1.900
23 2j6e,L,3.000,3n9g,L,1.434
24 3hrk,A,3.050,3lc0,A,1.800
... 47 3hrk
/net/chevy/raid1/nigel/amber/hi_lo
/net/chevy/raid1/nigel/amber/hi_lo/hr/3hrk
3hrk.pdb 4phenix_3hrk.pdb
3hrk.pdb 4phenix_3hrk.pdb
local_archive None
archive PDB None
Reading from local mirror:
  /net/cci/pdb_mirror/pdb/hr/pdb3hrk.ent.gz
Model saved to /net/rebus/raid1/scratch1/nigel/amber/hi_lo/hr/3hrk/3hrk.pdb
Sequence saved to /net/rebus/raid1/scratch1/nigel/amber/hi_lo/hr/3hrk/3hrk.fa
Reading from local mirror:
  /net/cci/pdb_mirror/structure_factors/hr/r3hrksf.ent.gz
Structure factors saved to /net/rebus/raid1/scratch1/nigel/amber/hi_lo/hr/3hrk/3hrk-sf.cif
Reading from local mirror:
  /net/cci/pdb_mirror/mmcif/hr/3hrk.cif.gz
Model saved to /net/rebus/raid1/scratch1/nigel/amber/hi_lo/hr/3hrk/3hrk.cif
Can't determine output label for r3hrksf,_refln.crystal_id - skipping.
Can't determine output label for r3hrksf,_refln.scale_group_code - skipping.
Can't determine output label for r3hrksf,_refln.wavelength_id - skipping.
Warning: merging non-unique data
Converted structure factors saved to 3hrk.mtz
  I(+),SIGI(+),I(-),SIGI(-) is anomalous
local_archive None
archive PDB None
Reading from local mirror:
  /net/cci/pdb_mirror/pdb/hr/pdb3hrk.ent.gz
Model saved to /net/rebus/raid1/scratch1/nigel/amber/hi_lo/hr/3hrk/3hrk.pdb
Sequence saved to /net/rebus/raid1/scratch1/nigel/amber/hi_lo/hr/3hrk/3hrk.fa
Reading from local mirror:
  /net/cci/pdb_mirror/structure_factors/hr/r3hrksf.ent.gz
Structure factors saved to /net/rebus/raid1/scratch1/nigel/amber/hi_lo/hr/3hrk/3hrk-sf.cif
Reading from local mirror:
  /net/cci/pdb_mirror/mmcif/hr/3hrk.cif.gz
Model saved to /net/rebus/raid1/scratch1/nigel/amber/hi_lo/hr/3hrk/3hrk.cif
Can't determine output label for r3hrksf,_refln.crystal_id - skipping.
Can't determine output label for r3hrksf,_refln.scale_group_code - skipping.
Can't determine output label for r3hrksf,_refln.wavelength_id - skipping.
Warning: merging non-unique data
Converted structure factors saved to 3hrk.mtz
  I(+),SIGI(+),I(-),SIGI(-) is anomalous

==================================================
Summary of pdb4amber for: 3hrk.pdb
===================================================
REDUCE returned non-zero exit status: See reduce_info.log for more details

----------Chains
The following (original) chains have been found:
A
B

---------- Alternate Locations (Original Residues!))

The following residues had alternate locations:
GLU_15
GLU_250
LEU_298
GLU_431
SER_515
GLU_663
LEU_711

---------- Gaps (Renumbered Residues!)
gap of 13.251203 A between LEU 407 and PHE 408
gap of 6.116934 A between THR 483 and HIE 484
gap of 12.719599 A between LEU 820 and PHE 821

---------- Mising heavy atom(s)

GLN_7 misses 4 heavy atom(s)
GLU_48 misses 4 heavy atom(s)
LYS_68 misses 3 heavy atom(s)
ARG_92 misses 6 heavy atom(s)
LYS_155 misses 2 heavy atom(s)
LYS_180 misses 4 heavy atom(s)
GLU_192 misses 4 heavy atom(s)
LYS_193 misses 4 heavy atom(s)
ARG_196 misses 6 heavy atom(s)
ARG_231 misses 6 heavy atom(s)
GLN_423 misses 4 heavy atom(s)
GLU_464 misses 4 heavy atom(s)
ARG_505 misses 6 heavy atom(s)
THR_526 misses 2 heavy atom(s)
ARG_529 misses 6 heavy atom(s)
LYS_568 misses 2 heavy atom(s)
LYS_593 misses 4 heavy atom(s)
LYS_603 misses 4 heavy atom(s)
GLU_605 misses 4 heavy atom(s)
LYS_606 misses 4 heavy atom(s)
ILE_607 misses 3 heavy atom(s)
ARG_644 misses 6 heavy atom(s)
The alternate coordinates have been discarded.
Only the first occurrence for each atom was kept.

==================================================
Summary of pdb4amber for: 3hrk_4tleap_uc1.pdb
===================================================

----------Chains
The following (original) chains have been found:
A
B

---------- Alternate Locations (Original Residues!))

The following residues had alternate locations:
None

---------- Gaps (Renumbered Residues!)
gap of 13.251203 A between LEU 407 and PHE 408
gap of 6.116934 A between THR 483 and HIE 484
gap of 12.719599 A between LEU 820 and PHE 821
gap of 13.251203 A between LEU 1239 and PHE 1240
gap of 6.116934 A between THR 1315 and HIE 1316
gap of 12.719599 A between LEU 1652 and PHE 1653
gap of 13.251203 A between LEU 2071 and PHE 2072
gap of 6.117148 A between THR 2147 and HIE 2148
gap of 12.718600 A between LEU 2484 and PHE 2485
gap of 13.251203 A between LEU 2903 and PHE 2904
gap of 6.116934 A between THR 2979 and HIE 2980
gap of 12.719599 A between LEU 3316 and PHE 3317

---------- Mising heavy atom(s)

None
not prmtop_filename /net/rebus/scratch1/nigel/amber/hi_lo/hr/3hrk/4amber_3hrk.prmtop

	Running AmberPrep : 3hrk.pdb


==================================================
Running pdb4amber on 3hrk.pdb
==================================================

==================================================
Setting up library files for non-standard residues
==================================================

  Residue "HAM" already in amber monomer library. Skipping elbow/antechamber
    run for this residue.
        

==================================================
Preparing asu files and 4phenix_3hrk.pdb
==================================================

~> tleap -f 3hrk_asu_tleap_input_run

Checking output filenames
  file : 3hrk_asu.prmtop
  file : 3hrk_asu.rst7

~> ChBox -c 3hrk_asu.rst7 -o 3hrk_asu.rst7 -X 112.36 -Y 166.987 -Z 66.021 -al 90.0 -bt 90.0 -gm 90.0 


============================================================
Preparing unit cell files: 4amber_3hrk.prmtop and 4amber_3hrk.rst7
============================================================

~> UnitCell -p 3hrk_4UnitCell.pdb -o 3hrk_4tleap_uc1.pdb


~> tleap -f 3hrk_uc_tleap_input_run

Checking output filenames
  file : 3hrk_uc.prmtop
  file : 3hrk_uc.rst7

~> ChBox -c 3hrk_uc.rst7 -o 3hrk_uc.rst7 -X 112.36 -Y 166.987 -Z 66.021 -al 90.0 -bt 90.0 -gm 90.0 


==================================================
Minimizing input coordinates.
==================================================

~> sander -O -i 3hrk_amber_all.in -p 4amber_3hrk.prmtop -c 4amber_3hrk.rst7 -o 3hrk.min.out            -ref 4amber_3hrk.rst7 -r 4amber_3hrk.min.rst7

checking special positions in 4phenix_3hrk.pdb

==================================================
Done.  Three new files have been made:
      4phenix_3hrk.pdb
      4amber_3hrk.prmtop
      4amber_3hrk.rst7
==================================================

Example

  phenix.refine 4phenix_3hrk.pdb use_amber=True \
    amber.topology_file_name=4amber_3hrk.prmtop \
    amber.coordinate_file_name=4amber_3hrk.rst7 \
    ....(other refinement keywords here).....



Substituting Amber PDB file for downloaded file
run_tests_local.py:220: UserWarning: os.system() is not safe: please use the subprocess module or libtbx.easy_run instead.
  os.system(cmd)

  Amber files
    PDB    : 3hrk.pdb
    MTZ    : 3hrk.mtz
    prmtop : 4amber_3hrk.prmtop
    rst7   : 4amber_3hrk.rst7
  
/net/rebus/raid1/scratch1/nigel/amber/hi_lo/hr/3hrk
return_files 3hrk
/net/chevy/raid1/nigel/amber/hi_lo
4amber_3hrk.pdb
4phenix_3hrk.pdb
cp 4phenix_3hrk.pdb /net/chevy/raid1/nigel/amber/hi_lo/hr/3hrk
3hrk.pdb
cp 3hrk.pdb /net/chevy/raid1/nigel/amber/hi_lo/hr/3hrk
4amber_3hrk.mtz
4phenix_3hrk.mtz
3hrk.mtz
cp 3hrk.mtz /net/chevy/raid1/nigel/amber/hi_lo/hr/3hrk
4amber_3hrk.rst7
cp 4amber_3hrk.rst7 /net/chevy/raid1/nigel/amber/hi_lo/hr/3hrk
4phenix_3hrk.rst7
3hrk.rst7
4amber_3hrk.prmtop
cp 4amber_3hrk.prmtop /net/chevy/raid1/nigel/amber/hi_lo/hr/3hrk
4phenix_3hrk.prmtop
3hrk.prmtop
4amber_3hrk_refine_001.log
4phenix_3hrk_refine_001.log
3hrk_refine_001.log
4amber_3hrk_refine_002.log
4phenix_3hrk_refine_002.log
3hrk_refine_002.log
4amber_3hrk_refine_001.pdb
4phenix_3hrk_refine_001.pdb
3hrk_refine_001.pdb
4amber_3hrk_refine_002.pdb
4phenix_3hrk_refine_002.pdb
3hrk_refine_002.pdb
local_archive /net/chevy/raid1/nigel/amber/hi_lo
archive PDB /net/chevy/raid1/nigel/amber/hi_lo/hr/3hrk/3hrk.pdb
/net/rebus/raid1/scratch1/nigel/amber/hi_lo/hr/3hrk
------------------------------
phenix.refine log filename ? > /net/chevy/raid1/nigel/amber/hi_lo/hr/3hrk/3hrk_refine_001.log
------------------------------

	Already done (on chevy) 3hrk_refine_001
------------------------------
phenix.refine log filename ? > /net/chevy/raid1/nigel/amber/hi_lo/hr/3hrk/3hrk_refine_002.log
------------------------------

	Already done (on chevy) 3hrk_refine_002
