HOST morse.lbl.gov
only_i 361
only_code None
force_amber_prep True
dry_run False
... 361 2xbm
/net/chevy/raid1/nigel/amber/hi_lo
/net/chevy/raid1/nigel/amber/hi_lo/xb/2xbm
2xbm.pdb 4phenix_2xbm.pdb
local_archive None
archive PDB None
Reading from local mirror:
  /net/cci/pdb_mirror/pdb/xb/pdb2xbm.ent.gz
Model saved to /net/morse/raid1/scratch1/nigel/amber/hi_lo/xb/2xbm/2xbm.pdb
Sequence saved to /net/morse/raid1/scratch1/nigel/amber/hi_lo/xb/2xbm/2xbm.fa
Reading from local mirror:
  /net/cci/pdb_mirror/structure_factors/xb/r2xbmsf.ent.gz
Structure factors saved to /net/morse/raid1/scratch1/nigel/amber/hi_lo/xb/2xbm/2xbm-sf.cif
Reading from local mirror:
  /net/cci/pdb_mirror/mmcif/xb/2xbm.cif.gz
Model saved to /net/morse/raid1/scratch1/nigel/amber/hi_lo/xb/2xbm/2xbm.cif
Can't determine output label for r2xbmsf,_refln.crystal_id - skipping.
Can't determine output label for r2xbmsf,_refln.scale_group_code - skipping.
R-free-flags: fraction_free=0.051
R-free-flags: missing 214 reflections
Can't determine output label for r2xbmsf,_refln.wavelength_id - skipping.
Converted structure factors saved to 2xbm.mtz
local_archive None
archive PDB None
Reading from local mirror:
  /net/cci/pdb_mirror/pdb/xb/pdb2xbm.ent.gz
Model saved to /net/morse/raid1/scratch1/nigel/amber/hi_lo/xb/2xbm/2xbm.pdb
Sequence saved to /net/morse/raid1/scratch1/nigel/amber/hi_lo/xb/2xbm/2xbm.fa
Reading from local mirror:
  /net/cci/pdb_mirror/structure_factors/xb/r2xbmsf.ent.gz
Structure factors saved to /net/morse/raid1/scratch1/nigel/amber/hi_lo/xb/2xbm/2xbm-sf.cif
Reading from local mirror:
  /net/cci/pdb_mirror/mmcif/xb/2xbm.cif.gz
Model saved to /net/morse/raid1/scratch1/nigel/amber/hi_lo/xb/2xbm/2xbm.cif
Can't determine output label for r2xbmsf,_refln.crystal_id - skipping.
Can't determine output label for r2xbmsf,_refln.scale_group_code - skipping.
R-free-flags: fraction_free=0.051
R-free-flags: missing 214 reflections
Can't determine output label for r2xbmsf,_refln.wavelength_id - skipping.
Converted structure factors saved to 2xbm.mtz

==================================================
Summary of pdb4amber for: 2xbm.pdb
===================================================

----------Chains
The following (original) chains have been found:
A
B
C
D
E
F

---------- Alternate Locations (Original Residues!))

The following residues had alternate locations:
MET_201
MET_459
not prmtop_filename /net/morse/scratch1/nigel/amber/hi_lo/xb/2xbm/4amber_2xbm.prmtop
not prmtop_filename /net/chevy/raid1/nigel/amber/hi_lo/xb/2xbm/4amber_2xbm.prmtop

	Running AmberPrep : 2xbm.pdb


==================================================
Running pdb4amber on 2xbm.pdb
==================================================
Traceback (most recent call last):
  File "run_tests_local.py", line 323, in <module>
    run(*tuple(args))
  File "run_tests_local.py", line 307, in run
    w2 = run_all_tests(code, force_amber_prep=force_amber_prep)
  File "run_tests_local.py", line 93, in run_all_tests
    "clean=on",
  File "/net/cci-filer2/raid1/xp/phenix/phenix-svn/modules/amber_adaptbx/command_line/AmberPrepClass.py", line 951, in run
    arg_conect=False,
  File "/net/cci-filer2/raid1/xp/phenix/phenix-svn/modules/amber/lib/python2.7/site-packages/pdb4amber/pdb4amber.py", line 522, in run
    gaplist = pdbfixer.find_gaps()
  File "/net/cci-filer2/raid1/xp/phenix/phenix-svn/modules/amber/lib/python2.7/site-packages/pdb4amber/pdb4amber.py", line 213, in find_gaps
    N_atom = parm.atoms[N_atoms[i + 1]]
IndexError: list index out of range
