HOST rebus.lbl.gov
only_i 376
only_code None
force_amber_prep True
dry_run False
... 376 1i6k
/net/chevy/raid1/nigel/amber/hi_lo
/net/chevy/raid1/nigel/amber/hi_lo/i6/1i6k
1i6k.pdb 4phenix_1i6k.pdb
local_archive None
archive PDB None
Reading from local mirror:
  /net/cci/pdb_mirror/pdb/i6/pdb1i6k.ent.gz
Model saved to /net/rebus/raid1/scratch1/nigel/amber/hi_lo/i6/1i6k/1i6k.pdb
Sequence saved to /net/rebus/raid1/scratch1/nigel/amber/hi_lo/i6/1i6k/1i6k.fa
Reading from local mirror:
  /net/cci/pdb_mirror/structure_factors/i6/r1i6ksf.ent.gz
Structure factors saved to /net/rebus/raid1/scratch1/nigel/amber/hi_lo/i6/1i6k/1i6k-sf.cif
Reading from local mirror:
  /net/cci/pdb_mirror/mmcif/i6/1i6k.cif.gz
Model saved to /net/rebus/raid1/scratch1/nigel/amber/hi_lo/i6/1i6k/1i6k.cif
Can't determine output label for r1i6ksf,_refln.crystal_id - skipping.
Can't determine output label for r1i6ksf,_refln.scale_group_code - skipping.
Can't determine output label for r1i6ksf,_refln.wavelength_id - skipping.
Converted structure factors saved to 1i6k.mtz
local_archive None
archive PDB None
Reading from local mirror:
  /net/cci/pdb_mirror/pdb/i6/pdb1i6k.ent.gz
Model saved to /net/rebus/raid1/scratch1/nigel/amber/hi_lo/i6/1i6k/1i6k.pdb
Sequence saved to /net/rebus/raid1/scratch1/nigel/amber/hi_lo/i6/1i6k/1i6k.fa
Reading from local mirror:
  /net/cci/pdb_mirror/structure_factors/i6/r1i6ksf.ent.gz
Structure factors saved to /net/rebus/raid1/scratch1/nigel/amber/hi_lo/i6/1i6k/1i6k-sf.cif
Reading from local mirror:
  /net/cci/pdb_mirror/mmcif/i6/1i6k.cif.gz
Model saved to /net/rebus/raid1/scratch1/nigel/amber/hi_lo/i6/1i6k/1i6k.cif
Can't determine output label for r1i6ksf,_refln.crystal_id - skipping.
Can't determine output label for r1i6ksf,_refln.scale_group_code - skipping.
Can't determine output label for r1i6ksf,_refln.wavelength_id - skipping.
Converted structure factors saved to 1i6k.mtz
not prmtop_filename /net/rebus/scratch1/nigel/amber/hi_lo/i6/1i6k/4amber_1i6k.prmtop
not prmtop_filename /net/chevy/raid1/nigel/amber/hi_lo/i6/1i6k/4amber_1i6k.prmtop

	Running AmberPrep : 1i6k.pdb


==================================================
Running pdb4amber on 1i6k.pdb
==================================================

==================================================
Setting up library files for non-standard residues
==================================================

  Residue "TYM" already in amber monomer library. Skipping elbow/antechamber
    run for this residue.
        

==================================================
Running elbow/antechamber for MSE 
==================================================
--------------------------------------------------------------------------------
['/tmp/6368462.376.all.q/tmpZpWhvk', '/tmp/6368462.376.all.q/tmpU3wfWJ']
/tmp/6368462.376.all.q/tmpZpWhvk
  Monomer Library directory:
    "/net/cci-filer2/raid1/xp/phenix/phenix-svn/modules/chem_data/mon_lib"
  Total number of atoms: 19
  Number of models: 1
  Model: ""
    Number of chains: 1
    Chain: "A"
      Number of atoms: 19
      Number of conformers: 1
      Conformer: ""
        Number of residues, atoms: 1, 17
          Duplicate atoms: {'MSE,HB2': 1, 'MSE,HG2': 1}
          Classifications: {'peptide': 1}
  Number of atoms with unknown nonbonded energy type symbols: 2
    "HETATM   13  HB3 MSE A   1 .*.A    H  "
    "HETATM   15  HG3 MSE A   1 .*.A    H  "
  Time building chain proxies: 0.02, per 1000 atoms: 1.05

--------------------------------------------------------------------------------

MoleculeClass :  C: 5  N: 1  O: 2 Se: 1 (CHEMICAL COMPONENTS format)
	19 atoms
	18 bonds
	31 angles
	36 dihedrals
	0 rings (groups, rings, atoms) 0 0
	1 chirals : S 

~> antechamber -i 4antechamber_MSE.pdb -fi pdb -o MSE.mol2 -fo mol2       -nc -1 -m 1 -s 2 -pf y -c bcc -at gaff2 -ek "qm_theory='AM1', grms_tol=0.0005, scfconv=1.d-10, maxcyc=0, ndiis_attempts=700,"


~> parmchk2 -s 2 -i MSE.mol2 -f mol2 -o MSE.frcmod


  Residue "SO4" already in amber monomer library. Skipping elbow/antechamber
    run for this residue.
        

  Residue "GOL" already in amber monomer library. Skipping elbow/antechamber
    run for this residue.
        

==================================================
Preparing asu files and 4phenix_1i6k.pdb
==================================================

~> tleap -f 1i6k_asu_tleap_input_run

Checking output filenames
  file : 1i6k_asu.prmtop
