HOST morse.lbl.gov
only_i 83
only_code None
force_amber_prep True
dry_run False
... 83 3a7a
/net/chevy/raid1/nigel/amber/hi_lo
/net/chevy/raid1/nigel/amber/hi_lo/a7/3a7a
3a7a.pdb 4phenix_3a7a.pdb
3a7a.pdb 4phenix_3a7a.pdb
local_archive None
archive PDB None
Reading from local mirror:
  /net/cci/pdb_mirror/pdb/a7/pdb3a7a.ent.gz
Model saved to /net/morse/raid1/scratch1/nigel/amber/hi_lo/a7/3a7a/3a7a.pdb
Sequence saved to /net/morse/raid1/scratch1/nigel/amber/hi_lo/a7/3a7a/3a7a.fa
Reading from local mirror:
  /net/cci/pdb_mirror/structure_factors/a7/r3a7asf.ent.gz
Structure factors saved to /net/morse/raid1/scratch1/nigel/amber/hi_lo/a7/3a7a/3a7a-sf.cif
Reading from local mirror:
  /net/cci/pdb_mirror/mmcif/a7/3a7a.cif.gz
Model saved to /net/morse/raid1/scratch1/nigel/amber/hi_lo/a7/3a7a/3a7a.cif
Can't determine output label for r3a7asf,_refln.crystal_id - skipping.
Can't determine output label for r3a7asf,_refln.scale_group_code - skipping.
R-free-flags: fraction_free=0.051
R-free-flags: missing 850 reflections
Can't determine output label for r3a7asf,_refln.wavelength_id - skipping.
Converted structure factors saved to 3a7a.mtz
local_archive None
archive PDB None
Reading from local mirror:
  /net/cci/pdb_mirror/pdb/a7/pdb3a7a.ent.gz
Model saved to /net/morse/raid1/scratch1/nigel/amber/hi_lo/a7/3a7a/3a7a.pdb
Sequence saved to /net/morse/raid1/scratch1/nigel/amber/hi_lo/a7/3a7a/3a7a.fa
Reading from local mirror:
  /net/cci/pdb_mirror/structure_factors/a7/r3a7asf.ent.gz
Structure factors saved to /net/morse/raid1/scratch1/nigel/amber/hi_lo/a7/3a7a/3a7a-sf.cif
Reading from local mirror:
  /net/cci/pdb_mirror/mmcif/a7/3a7a.cif.gz
Model saved to /net/morse/raid1/scratch1/nigel/amber/hi_lo/a7/3a7a/3a7a.cif
Can't determine output label for r3a7asf,_refln.crystal_id - skipping.
Can't determine output label for r3a7asf,_refln.scale_group_code - skipping.
R-free-flags: fraction_free=0.051
R-free-flags: missing 850 reflections
Can't determine output label for r3a7asf,_refln.wavelength_id - skipping.
Converted structure factors saved to 3a7a.mtz

==================================================
Summary of pdb4amber for: 3a7a.pdb
===================================================
REDUCE returned non-zero exit status: See reduce_info.log for more details

----------Chains
The following (original) chains have been found:
A
B
C
D

---------- Alternate Locations (Original Residues!))

The following residues had alternate locations:
None

---------- Mising heavy atom(s)

None

==================================================
Summary of pdb4amber for: 3a7a_4tleap_uc1.pdb
===================================================

----------Chains
The following (original) chains have been found:
A
B
C
D

---------- Alternate Locations (Original Residues!))

The following residues had alternate locations:
None

---------- Mising heavy atom(s)

None
not prmtop_filename /net/morse/scratch1/nigel/amber/hi_lo/a7/3a7a/4amber_3a7a.prmtop

	Running AmberPrep : 3a7a.pdb


==================================================
Running pdb4amber on 3a7a.pdb
==================================================

==================================================
Setting up library files for non-standard residues
==================================================

  Residue "AMP" already in amber monomer library. Skipping elbow/antechamber
    run for this residue.
        

  Residue "OCT" already in amber monomer library. Skipping elbow/antechamber
    run for this residue.
        

==================================================
Preparing asu files and 4phenix_3a7a.pdb
==================================================

~> tleap -f 3a7a_asu_tleap_input_run

Checking output filenames
  file : 3a7a_asu.prmtop
  file : 3a7a_asu.rst7

~> ChBox -c 3a7a_asu.rst7 -o 3a7a_asu.rst7 -X 70.013 -Y 102.016 -Z 159.934 -al 90.0 -bt 90.0 -gm 90.0 


============================================================
Preparing unit cell files: 4amber_3a7a.prmtop and 4amber_3a7a.rst7
============================================================

~> UnitCell -p 3a7a_4UnitCell.pdb -o 3a7a_4tleap_uc1.pdb


~> tleap -f 3a7a_uc_tleap_input_run

Checking output filenames
  file : 3a7a_uc.prmtop
  file : 3a7a_uc.rst7

~> ChBox -c 3a7a_uc.rst7 -o 3a7a_uc.rst7 -X 70.013 -Y 102.016 -Z 159.934 -al 90.0 -bt 90.0 -gm 90.0 


==================================================
Minimizing input coordinates.
==================================================

~> sander -O -i 3a7a_amber_all.in -p 4amber_3a7a.prmtop -c 4amber_3a7a.rst7 -o 3a7a.min.out            -ref 4amber_3a7a.rst7 -r 4amber_3a7a.min.rst7

checking special positions in 4phenix_3a7a.pdb

==================================================
Done.  Three new files have been made:
      4phenix_3a7a.pdb
      4amber_3a7a.prmtop
      4amber_3a7a.rst7
==================================================

Example

  phenix.refine 4phenix_3a7a.pdb use_amber=True \
    amber.topology_file_name=4amber_3a7a.prmtop \
    amber.coordinate_file_name=4amber_3a7a.rst7 \
    ....(other refinement keywords here).....



Substituting Amber PDB file for downloaded file
run_tests_local.py:222: UserWarning: os.system() is not safe: please use the subprocess module or libtbx.easy_run instead.
  os.system(cmd)

  Amber files
    PDB    : 3a7a.pdb
    MTZ    : 3a7a.mtz
    prmtop : 4amber_3a7a.prmtop
    rst7   : 4amber_3a7a.rst7
  
/net/morse/raid1/scratch1/nigel/amber/hi_lo/a7/3a7a
return_files 3a7a
/net/chevy/raid1/nigel/amber/hi_lo
4amber_3a7a.pdb
4phenix_3a7a.pdb
cp 4phenix_3a7a.pdb /net/chevy/raid1/nigel/amber/hi_lo/a7/3a7a
3a7a.pdb
cp 3a7a.pdb /net/chevy/raid1/nigel/amber/hi_lo/a7/3a7a
4amber_3a7a.mtz
4phenix_3a7a.mtz
3a7a.mtz
cp 3a7a.mtz /net/chevy/raid1/nigel/amber/hi_lo/a7/3a7a
4amber_3a7a.rst7
cp 4amber_3a7a.rst7 /net/chevy/raid1/nigel/amber/hi_lo/a7/3a7a
4phenix_3a7a.rst7
3a7a.rst7
4amber_3a7a.prmtop
cp 4amber_3a7a.prmtop /net/chevy/raid1/nigel/amber/hi_lo/a7/3a7a
4phenix_3a7a.prmtop
3a7a.prmtop
4amber_3a7a_refine_001.log
4phenix_3a7a_refine_001.log
3a7a_refine_001.log
4amber_3a7a_refine_002.log
4phenix_3a7a_refine_002.log
3a7a_refine_002.log
4amber_3a7a_refine_001.pdb
4phenix_3a7a_refine_001.pdb
3a7a_refine_001.pdb
4amber_3a7a_refine_002.pdb
4phenix_3a7a_refine_002.pdb
3a7a_refine_002.pdb
local_archive /net/chevy/raid1/nigel/amber/hi_lo
archive PDB /net/chevy/raid1/nigel/amber/hi_lo/a7/3a7a/3a7a.pdb
/net/morse/raid1/scratch1/nigel/amber/hi_lo/a7/3a7a
------------------------------
phenix.refine log filename ? > /net/chevy/raid1/nigel/amber/hi_lo/a7/3a7a/3a7a_refine_001.log
------------------------------

	Already done (on chevy) 3a7a_refine_001
------------------------------
phenix.refine log filename ? > /net/chevy/raid1/nigel/amber/hi_lo/a7/3a7a/3a7a_refine_002.log
------------------------------

	Already done (on chevy) 3a7a_refine_002
