HOST morse.lbl.gov
only_i 187
only_code None
force_amber_prep True
dry_run False
... 187 1ryy
/net/chevy/raid1/nigel/amber/hi_lo
/net/chevy/raid1/nigel/amber/hi_lo/ry/1ryy
1ryy.pdb 4phenix_1ryy.pdb
1ryy.pdb 4phenix_1ryy.pdb
local_archive None
archive PDB None
Reading from local mirror:
  /net/cci/pdb_mirror/pdb/ry/pdb1ryy.ent.gz
Model saved to /net/morse/raid1/scratch1/nigel/amber/hi_lo/ry/1ryy/1ryy.pdb
Sequence saved to /net/morse/raid1/scratch1/nigel/amber/hi_lo/ry/1ryy/1ryy.fa
Reading from local mirror:
  /net/cci/pdb_mirror/structure_factors/ry/r1ryysf.ent.gz
Structure factors saved to /net/morse/raid1/scratch1/nigel/amber/hi_lo/ry/1ryy/1ryy-sf.cif
Reading from local mirror:
  /net/cci/pdb_mirror/mmcif/ry/1ryy.cif.gz
Model saved to /net/morse/raid1/scratch1/nigel/amber/hi_lo/ry/1ryy/1ryy.cif
Can't determine output label for r1ryysf,_refln.crystal_id - skipping.
Can't determine output label for r1ryysf,_refln.scale_group_code - skipping.
R-free-flags: fraction_free=0.050
R-free-flags: missing 723 reflections
Can't determine output label for r1ryysf,_refln.wavelength_id - skipping.
Converted structure factors saved to 1ryy.mtz
local_archive None
archive PDB None
Reading from local mirror:
  /net/cci/pdb_mirror/pdb/ry/pdb1ryy.ent.gz
Model saved to /net/morse/raid1/scratch1/nigel/amber/hi_lo/ry/1ryy/1ryy.pdb
Sequence saved to /net/morse/raid1/scratch1/nigel/amber/hi_lo/ry/1ryy/1ryy.fa
Reading from local mirror:
  /net/cci/pdb_mirror/structure_factors/ry/r1ryysf.ent.gz
Structure factors saved to /net/morse/raid1/scratch1/nigel/amber/hi_lo/ry/1ryy/1ryy-sf.cif
Reading from local mirror:
  /net/cci/pdb_mirror/mmcif/ry/1ryy.cif.gz
Model saved to /net/morse/raid1/scratch1/nigel/amber/hi_lo/ry/1ryy/1ryy.cif
Can't determine output label for r1ryysf,_refln.crystal_id - skipping.
Can't determine output label for r1ryysf,_refln.scale_group_code - skipping.
R-free-flags: fraction_free=0.050
R-free-flags: missing 723 reflections
Can't determine output label for r1ryysf,_refln.wavelength_id - skipping.
Converted structure factors saved to 1ryy.mtz

==================================================
Summary of pdb4amber for: 1ryy.pdb
===================================================

----------Chains
The following (original) chains have been found:
A
B
C
D
E
F
G
H

---------- Alternate Locations (Original Residues!))

The following residues had alternate locations:
None

---------- Gaps (Renumbered Residues!)
gap of 13.278507 A between VAL 16 and GLN 17
gap of 13.235497 A between VAL 628 and GLN 629
gap of 12.727280 A between VAL 1240 and GLN 1241
gap of 12.509099 A between VAL 1852 and GLN 1853
gap of 12.458567 A between VAL 2464 and GLN 2465
gap of 12.679186 A between VAL 3076 and GLN 3077
gap of 12.683629 A between VAL 3688 and GLN 3689
gap of 13.059189 A between VAL 4300 and GLN 4301

---------- Mising heavy atom(s)

None

==================================================
Summary of pdb4amber for: 1ryy_4tleap_uc1.pdb
===================================================

----------Chains
The following (original) chains have been found:
A
B
C
D
E
F
G
H

---------- Alternate Locations (Original Residues!))

The following residues had alternate locations:
None

---------- Gaps (Renumbered Residues!)
gap of 13.278507 A between VAL 16 and GLN 17
gap of 13.235497 A between VAL 628 and GLN 629
gap of 12.727280 A between VAL 1240 and GLN 1241
gap of 12.509099 A between VAL 1852 and GLN 1853
gap of 12.458567 A between VAL 2464 and GLN 2465
gap of 12.679186 A between VAL 3076 and GLN 3077
gap of 12.683629 A between VAL 3688 and GLN 3689
gap of 13.059189 A between VAL 4300 and GLN 4301
gap of 13.278507 A between VAL 5233 and GLN 5234
gap of 13.234988 A between VAL 5845 and GLN 5846
gap of 12.726636 A between VAL 6457 and GLN 6458
gap of 12.509567 A between VAL 7069 and GLN 7070
gap of 12.458460 A between VAL 7681 and GLN 7682
gap of 12.679186 A between VAL 8293 and GLN 8294
gap of 12.683070 A between VAL 8905 and GLN 8906
gap of 13.059189 A between VAL 9517 and GLN 9518

---------- Mising heavy atom(s)

None
not prmtop_filename /net/morse/scratch1/nigel/amber/hi_lo/ry/1ryy/4amber_1ryy.prmtop

	Running AmberPrep : 1ryy.pdb


==================================================
Running pdb4amber on 1ryy.pdb
==================================================

==================================================
Setting up library files for non-standard residues
==================================================

==================================================
Preparing asu files and 4phenix_1ryy.pdb
==================================================

~> tleap -f 1ryy_asu_tleap_input_run

Checking output filenames
  file : 1ryy_asu.prmtop
  file : 1ryy_asu.rst7

~> ChBox -c 1ryy_asu.rst7 -o 1ryy_asu.rst7 -X 91.649 -Y 177.513 -Z 169.967 -al 90.0 -bt 91.03 -gm 90.0 


============================================================
Preparing unit cell files: 4amber_1ryy.prmtop and 4amber_1ryy.rst7
============================================================

~> UnitCell -p 1ryy_4UnitCell.pdb -o 1ryy_4tleap_uc1.pdb


~> tleap -f 1ryy_uc_tleap_input_run

Checking output filenames
  file : 1ryy_uc.prmtop
  file : 1ryy_uc.rst7

~> ChBox -c 1ryy_uc.rst7 -o 1ryy_uc.rst7 -X 91.649 -Y 177.513 -Z 169.967 -al 90.0 -bt 91.03 -gm 90.0 


==================================================
Minimizing input coordinates.
==================================================

~> sander -O -i 1ryy_amber_all.in -p 4amber_1ryy.prmtop -c 4amber_1ryy.rst7 -o 1ryy.min.out            -ref 4amber_1ryy.rst7 -r 4amber_1ryy.min.rst7

checking special positions in 4phenix_1ryy.pdb

==================================================
Done.  Three new files have been made:
      4phenix_1ryy.pdb
      4amber_1ryy.prmtop
      4amber_1ryy.rst7
==================================================

Example

  phenix.refine 4phenix_1ryy.pdb use_amber=True \
    amber.topology_file_name=4amber_1ryy.prmtop \
    amber.coordinate_file_name=4amber_1ryy.rst7 \
    ....(other refinement keywords here).....



Substituting Amber PDB file for downloaded file
run_tests_local.py:222: UserWarning: os.system() is not safe: please use the subprocess module or libtbx.easy_run instead.
  os.system(cmd)

  Amber files
    PDB    : 1ryy.pdb
    MTZ    : 1ryy.mtz
    prmtop : 4amber_1ryy.prmtop
    rst7   : 4amber_1ryy.rst7
  
/net/morse/raid1/scratch1/nigel/amber/hi_lo/ry/1ryy
return_files 1ryy
/net/chevy/raid1/nigel/amber/hi_lo
4amber_1ryy.pdb
4phenix_1ryy.pdb
cp 4phenix_1ryy.pdb /net/chevy/raid1/nigel/amber/hi_lo/ry/1ryy
1ryy.pdb
cp 1ryy.pdb /net/chevy/raid1/nigel/amber/hi_lo/ry/1ryy
4amber_1ryy.mtz
4phenix_1ryy.mtz
1ryy.mtz
cp 1ryy.mtz /net/chevy/raid1/nigel/amber/hi_lo/ry/1ryy
4amber_1ryy.rst7
cp 4amber_1ryy.rst7 /net/chevy/raid1/nigel/amber/hi_lo/ry/1ryy
4phenix_1ryy.rst7
1ryy.rst7
4amber_1ryy.prmtop
cp 4amber_1ryy.prmtop /net/chevy/raid1/nigel/amber/hi_lo/ry/1ryy
4phenix_1ryy.prmtop
1ryy.prmtop
4amber_1ryy_refine_001.log
4phenix_1ryy_refine_001.log
1ryy_refine_001.log
4amber_1ryy_refine_002.log
4phenix_1ryy_refine_002.log
1ryy_refine_002.log
4amber_1ryy_refine_001.pdb
4phenix_1ryy_refine_001.pdb
1ryy_refine_001.pdb
4amber_1ryy_refine_002.pdb
4phenix_1ryy_refine_002.pdb
1ryy_refine_002.pdb
local_archive /net/chevy/raid1/nigel/amber/hi_lo
archive PDB /net/chevy/raid1/nigel/amber/hi_lo/ry/1ryy/1ryy.pdb
/net/morse/raid1/scratch1/nigel/amber/hi_lo/ry/1ryy
------------------------------
phenix.refine log filename ? > /net/chevy/raid1/nigel/amber/hi_lo/ry/1ryy/1ryy_refine_001.log
------------------------------

	Already done (on chevy) 1ryy_refine_001
------------------------------
phenix.refine log filename ? > /net/chevy/raid1/nigel/amber/hi_lo/ry/1ryy/1ryy_refine_002.log
------------------------------

	Already done (on chevy) 1ryy_refine_002
