HOST morse.lbl.gov
only_i 201
only_code None
force_amber_prep True
dry_run False
... 201 1gqw
/net/chevy/raid1/nigel/amber/hi_lo
/net/chevy/raid1/nigel/amber/hi_lo/gq/1gqw
1gqw.pdb 4phenix_1gqw.pdb
local_archive None
archive PDB None
Reading from local mirror:
  /net/cci/pdb_mirror/pdb/gq/pdb1gqw.ent.gz
Model saved to /net/morse/raid1/scratch1/nigel/amber/hi_lo/gq/1gqw/1gqw.pdb
Sequence saved to /net/morse/raid1/scratch1/nigel/amber/hi_lo/gq/1gqw/1gqw.fa
Reading from local mirror:
  /net/cci/pdb_mirror/structure_factors/gq/r1gqwsf.ent.gz
Structure factors saved to /net/morse/raid1/scratch1/nigel/amber/hi_lo/gq/1gqw/1gqw-sf.cif
Reading from local mirror:
  /net/cci/pdb_mirror/mmcif/gq/1gqw.cif.gz
Model saved to /net/morse/raid1/scratch1/nigel/amber/hi_lo/gq/1gqw/1gqw.cif
Can't determine output label for r1gqwsf,_refln.crystal_id - skipping.
Can't determine output label for r1gqwsf,_refln.scale_group_code - skipping.
Can't determine output label for r1gqwsf,_refln.wavelength_id - skipping.
Converted structure factors saved to 1gqw.mtz
local_archive None
archive PDB None
Reading from local mirror:
  /net/cci/pdb_mirror/pdb/gq/pdb1gqw.ent.gz
Model saved to /net/morse/raid1/scratch1/nigel/amber/hi_lo/gq/1gqw/1gqw.pdb
Sequence saved to /net/morse/raid1/scratch1/nigel/amber/hi_lo/gq/1gqw/1gqw.fa
Reading from local mirror:
  /net/cci/pdb_mirror/structure_factors/gq/r1gqwsf.ent.gz
Structure factors saved to /net/morse/raid1/scratch1/nigel/amber/hi_lo/gq/1gqw/1gqw-sf.cif
Reading from local mirror:
  /net/cci/pdb_mirror/mmcif/gq/1gqw.cif.gz
Model saved to /net/morse/raid1/scratch1/nigel/amber/hi_lo/gq/1gqw/1gqw.cif
Can't determine output label for r1gqwsf,_refln.crystal_id - skipping.
Can't determine output label for r1gqwsf,_refln.scale_group_code - skipping.
Can't determine output label for r1gqwsf,_refln.wavelength_id - skipping.
Converted structure factors saved to 1gqw.mtz

==================================================
Summary of pdb4amber for: 1gqw.pdb
===================================================
REDUCE returned non-zero exit status: See reduce_info.log for more details

----------Chains
The following (original) chains have been found:
A
B

---------- Alternate Locations (Original Residues!))

The following residues had alternate locations:
None

---------- Gaps (Renumbered Residues!)
gap of 3.180310 A between ASP 19 and ARG 20
gap of 3.177129 A between ASP 297 and ARG 298
gap of 6.703947 A between TYR 437 and GLU 438

---------- Mising heavy atom(s)

ARG_20 misses 6 heavy atom(s)
GLN_50 misses 4 heavy atom(s)
GLU_72 misses 4 heavy atom(s)
ARG_160 misses 6 heavy atom(s)
LYS_161 misses 4 heavy atom(s)
THR_162 misses 2 heavy atom(s)
GLU_163 misses 4 heavy atom(s)
GLU_164 misses 4 heavy atom(s)
HIS_166 misses 5 heavy atom(s)
GLN_167 misses 4 heavy atom(s)
ARG_170 misses 6 heavy atom(s)
LYS_175 misses 4 heavy atom(s)
ARG_276 misses 6 heavy atom(s)
ARG_298 misses 6 heavy atom(s)
GLN_328 misses 4 heavy atom(s)
GLU_350 misses 4 heavy atom(s)
PHE_428 misses 6 heavy atom(s)
ARG_429 misses 6 heavy atom(s)
GLU_434 misses 4 heavy atom(s)
LYS_436 misses 4 heavy atom(s)
HIS_439 misses 5 heavy atom(s)
GLN_440 misses 4 heavy atom(s)
ARG_441 misses 6 heavy atom(s)
ARG_443 misses 6 heavy atom(s)
GLU_444 misses 4 heavy atom(s)
LYS_448 misses 4 heavy atom(s)
ARG_549 misses 6 heavy atom(s)
not prmtop_filename /net/morse/scratch1/nigel/amber/hi_lo/gq/1gqw/4amber_1gqw.prmtop
not prmtop_filename /net/chevy/raid1/nigel/amber/hi_lo/gq/1gqw/4amber_1gqw.prmtop

	Running AmberPrep : 1gqw.pdb


==================================================
Running pdb4amber on 1gqw.pdb
==================================================

==================================================
Setting up library files for non-standard residues
==================================================

  Residue "TAU" already in amber monomer library. Skipping elbow/antechamber
    run for this residue.
        

  Residue "AKG" already in amber monomer library. Skipping elbow/antechamber
    run for this residue.
        

==================================================
Preparing asu files and 4phenix_1gqw.pdb
==================================================

~> tleap -f 1gqw_asu_tleap_input_run

Checking output filenames
  file : 1gqw_asu.prmtop
Sorry:   Output file is empty : 1gqw_asu.prmtop
  Check contents of "leap.log"
