HOST lewis.lbl.gov
only_i 256
only_code None
force_amber_prep True
dry_run False
... 256 3owj
/net/chevy/raid1/nigel/amber/hi_lo
/net/chevy/raid1/nigel/amber/hi_lo/ow/3owj
3owj.pdb 4phenix_3owj.pdb
3owj.pdb 4phenix_3owj.pdb
local_archive None
archive PDB None
Reading from local mirror:
  /net/cci/pdb_mirror/pdb/ow/pdb3owj.ent.gz
Model saved to /net/lewis/raid1/scratch1/nigel/amber/hi_lo/ow/3owj/3owj.pdb
Traceback (most recent call last):
  File "/net/cci-filer2/raid1/xp/phenix/phenix-svn/build/../modules/cctbx_project/mmtbx/command_line/fetch_pdb.py", line 199, in <module>
    run2(sys.argv[1:])
  File "/net/cci-filer2/raid1/xp/phenix/phenix-svn/build/../modules/cctbx_project/mmtbx/command_line/fetch_pdb.py", line 155, in run2
    files.append(get_pdb(id, data_type_, mirror, log, format=data_format))
  File "/net/cci-filer2/raid1/xp/phenix/phenix-svn/modules/cctbx_project/iotbx/pdb/fetch.py", line 213, in get_pdb
    data = fetch(id, data_type, mirror=mirror, format=format, log=log)
  File "/net/cci-filer2/raid1/xp/phenix/phenix-svn/modules/cctbx_project/iotbx/pdb/fetch.py", line 150, in fetch
    data = libtbx.utils.urlopen(url)
  File "/net/cci-filer2/raid1/xp/phenix/phenix-svn/modules/cctbx_project/libtbx/utils.py", line 2069, in urlopen
    return urllib2.urlopen(*args, **kwds)
  File "/net/cci-filer2/raid1/xp/phenix/phenix-svn/base/lib/python2.7/urllib2.py", line 127, in urlopen
    return _opener.open(url, data, timeout)
  File "/net/cci-filer2/raid1/xp/phenix/phenix-svn/base/lib/python2.7/urllib2.py", line 404, in open
    response = self._open(req, data)
  File "/net/cci-filer2/raid1/xp/phenix/phenix-svn/base/lib/python2.7/urllib2.py", line 422, in _open
    '_open', req)
  File "/net/cci-filer2/raid1/xp/phenix/phenix-svn/base/lib/python2.7/urllib2.py", line 382, in _call_chain
    result = func(*args)
  File "/net/cci-filer2/raid1/xp/phenix/phenix-svn/base/lib/python2.7/urllib2.py", line 1214, in http_open
    return self.do_open(httplib.HTTPConnection, req)
  File "/net/cci-filer2/raid1/xp/phenix/phenix-svn/base/lib/python2.7/urllib2.py", line 1184, in do_open
    raise URLError(err)
urllib2.URLError: <urlopen error [Errno 110] Connection timed out>
local_archive None
archive PDB None
Reading from local mirror:
  /net/cci/pdb_mirror/pdb/ow/pdb3owj.ent.gz
Model saved to /net/lewis/raid1/scratch1/nigel/amber/hi_lo/ow/3owj/3owj.pdb
Traceback (most recent call last):
  File "/net/cci-filer2/raid1/xp/phenix/phenix-svn/build/../modules/cctbx_project/mmtbx/command_line/fetch_pdb.py", line 199, in <module>
    run2(sys.argv[1:])
  File "/net/cci-filer2/raid1/xp/phenix/phenix-svn/build/../modules/cctbx_project/mmtbx/command_line/fetch_pdb.py", line 155, in run2
    files.append(get_pdb(id, data_type_, mirror, log, format=data_format))
  File "/net/cci-filer2/raid1/xp/phenix/phenix-svn/modules/cctbx_project/iotbx/pdb/fetch.py", line 213, in get_pdb
    data = fetch(id, data_type, mirror=mirror, format=format, log=log)
  File "/net/cci-filer2/raid1/xp/phenix/phenix-svn/modules/cctbx_project/iotbx/pdb/fetch.py", line 150, in fetch
    data = libtbx.utils.urlopen(url)
  File "/net/cci-filer2/raid1/xp/phenix/phenix-svn/modules/cctbx_project/libtbx/utils.py", line 2069, in urlopen
    return urllib2.urlopen(*args, **kwds)
  File "/net/cci-filer2/raid1/xp/phenix/phenix-svn/base/lib/python2.7/urllib2.py", line 127, in urlopen
    return _opener.open(url, data, timeout)
  File "/net/cci-filer2/raid1/xp/phenix/phenix-svn/base/lib/python2.7/urllib2.py", line 404, in open
    response = self._open(req, data)
  File "/net/cci-filer2/raid1/xp/phenix/phenix-svn/base/lib/python2.7/urllib2.py", line 422, in _open
    '_open', req)
  File "/net/cci-filer2/raid1/xp/phenix/phenix-svn/base/lib/python2.7/urllib2.py", line 382, in _call_chain
    result = func(*args)
  File "/net/cci-filer2/raid1/xp/phenix/phenix-svn/base/lib/python2.7/urllib2.py", line 1214, in http_open
    return self.do_open(httplib.HTTPConnection, req)
  File "/net/cci-filer2/raid1/xp/phenix/phenix-svn/base/lib/python2.7/urllib2.py", line 1184, in do_open
    raise URLError(err)
urllib2.URLError: <urlopen error [Errno 110] Connection timed out>

==================================================
Summary of pdb4amber for: 3owj.pdb
===================================================

----------Chains
The following (original) chains have been found:
A

---------- Alternate Locations (Original Residues!))

The following residues had alternate locations:
MET_148
MET_161
GLU_228
LEU_247
SER_309
MET_317

---------- Mising heavy atom(s)

None
The alternate coordinates have been discarded.
Only the first occurrence for each atom was kept.

==================================================
Summary of pdb4amber for: 3owj_4tleap_uc1.pdb
===================================================

----------Chains
The following (original) chains have been found:
A

---------- Alternate Locations (Original Residues!))

The following residues had alternate locations:
None

---------- Mising heavy atom(s)

None
not prmtop_filename /net/lewis/scratch1/nigel/amber/hi_lo/ow/3owj/4amber_3owj.prmtop

	Running AmberPrep : 3owj.pdb


==================================================
Running pdb4amber on 3owj.pdb
==================================================

==================================================
Setting up library files for non-standard residues
==================================================

  Residue "1EL" already in amber monomer library. Skipping elbow/antechamber
    run for this residue.
        

==================================================
Preparing asu files and 4phenix_3owj.pdb
==================================================

~> tleap -f 3owj_asu_tleap_input_run

Checking output filenames
  file : 3owj_asu.prmtop
  file : 3owj_asu.rst7

~> ChBox -c 3owj_asu.rst7 -o 3owj_asu.rst7 -X 58.51 -Y 46.03 -Z 63.62 -al 90.0 -bt 111.79 -gm 90.0 


============================================================
Preparing unit cell files: 4amber_3owj.prmtop and 4amber_3owj.rst7
============================================================

~> UnitCell -p 3owj_4UnitCell.pdb -o 3owj_4tleap_uc1.pdb


~> tleap -f 3owj_uc_tleap_input_run

Checking output filenames
  file : 3owj_uc.prmtop
  file : 3owj_uc.rst7

~> ChBox -c 3owj_uc.rst7 -o 3owj_uc.rst7 -X 58.51 -Y 46.03 -Z 63.62 -al 90.0 -bt 111.79 -gm 90.0 


==================================================
Minimizing input coordinates.
==================================================

~> sander -O -i 3owj_amber_all.in -p 4amber_3owj.prmtop -c 4amber_3owj.rst7 -o 3owj.min.out            -ref 4amber_3owj.rst7 -r 4amber_3owj.min.rst7

checking special positions in 4phenix_3owj.pdb

==================================================
Done.  Three new files have been made:
      4phenix_3owj.pdb
      4amber_3owj.prmtop
      4amber_3owj.rst7
==================================================

Example

  phenix.refine 4phenix_3owj.pdb use_amber=True \
    amber.topology_file_name=4amber_3owj.prmtop \
    amber.coordinate_file_name=4amber_3owj.rst7 \
    ....(other refinement keywords here).....



Substituting Amber PDB file for downloaded file
run_tests_local.py:222: UserWarning: os.system() is not safe: please use the subprocess module or libtbx.easy_run instead.
  os.system(cmd)

  Amber files
    PDB    : 3owj.pdb
    MTZ    : 3owj.mtz
    prmtop : 4amber_3owj.prmtop
    rst7   : 4amber_3owj.rst7
  
/net/lewis/raid1/scratch1/nigel/amber/hi_lo/ow/3owj
return_files 3owj
/net/chevy/raid1/nigel/amber/hi_lo
4amber_3owj.pdb
4phenix_3owj.pdb
cp 4phenix_3owj.pdb /net/chevy/raid1/nigel/amber/hi_lo/ow/3owj
3owj.pdb
cp 3owj.pdb /net/chevy/raid1/nigel/amber/hi_lo/ow/3owj
4amber_3owj.mtz
4phenix_3owj.mtz
3owj.mtz
cp 3owj.mtz /net/chevy/raid1/nigel/amber/hi_lo/ow/3owj
4amber_3owj.rst7
cp 4amber_3owj.rst7 /net/chevy/raid1/nigel/amber/hi_lo/ow/3owj
4phenix_3owj.rst7
3owj.rst7
4amber_3owj.prmtop
cp 4amber_3owj.prmtop /net/chevy/raid1/nigel/amber/hi_lo/ow/3owj
4phenix_3owj.prmtop
3owj.prmtop
4amber_3owj_refine_001.log
4phenix_3owj_refine_001.log
3owj_refine_001.log
4amber_3owj_refine_002.log
4phenix_3owj_refine_002.log
3owj_refine_002.log
4amber_3owj_refine_001.pdb
4phenix_3owj_refine_001.pdb
3owj_refine_001.pdb
4amber_3owj_refine_002.pdb
4phenix_3owj_refine_002.pdb
3owj_refine_002.pdb
local_archive /net/chevy/raid1/nigel/amber/hi_lo
archive PDB /net/chevy/raid1/nigel/amber/hi_lo/ow/3owj/3owj.pdb
/net/lewis/raid1/scratch1/nigel/amber/hi_lo/ow/3owj
------------------------------
phenix.refine log filename ? > /net/chevy/raid1/nigel/amber/hi_lo/ow/3owj/3owj_refine_001.log
------------------------------

	Already done (on chevy) 3owj_refine_001
------------------------------
phenix.refine log filename ? > /net/chevy/raid1/nigel/amber/hi_lo/ow/3owj/3owj_refine_002.log
------------------------------

	Already done (on chevy) 3owj_refine_002
