HOST lewis.lbl.gov
only_i 231
only_code None
force_amber_prep True
dry_run False
... 231 1izy
/net/chevy/raid1/nigel/amber/hi_lo
/net/chevy/raid1/nigel/amber/hi_lo/iz/1izy
1izy.pdb 4phenix_1izy.pdb
1izy.pdb 4phenix_1izy.pdb
local_archive None
archive PDB None
Reading from local mirror:
  /net/cci/pdb_mirror/pdb/iz/pdb1izy.ent.gz
Model saved to /net/lewis/raid1/scratch1/nigel/amber/hi_lo/iz/1izy/1izy.pdb
Traceback (most recent call last):
  File "/net/cci-filer2/raid1/xp/phenix/phenix-svn/build/../modules/cctbx_project/mmtbx/command_line/fetch_pdb.py", line 199, in <module>
    run2(sys.argv[1:])
  File "/net/cci-filer2/raid1/xp/phenix/phenix-svn/build/../modules/cctbx_project/mmtbx/command_line/fetch_pdb.py", line 155, in run2
    files.append(get_pdb(id, data_type_, mirror, log, format=data_format))
  File "/net/cci-filer2/raid1/xp/phenix/phenix-svn/modules/cctbx_project/iotbx/pdb/fetch.py", line 213, in get_pdb
    data = fetch(id, data_type, mirror=mirror, format=format, log=log)
  File "/net/cci-filer2/raid1/xp/phenix/phenix-svn/modules/cctbx_project/iotbx/pdb/fetch.py", line 150, in fetch
    data = libtbx.utils.urlopen(url)
  File "/net/cci-filer2/raid1/xp/phenix/phenix-svn/modules/cctbx_project/libtbx/utils.py", line 2069, in urlopen
    return urllib2.urlopen(*args, **kwds)
  File "/net/cci-filer2/raid1/xp/phenix/phenix-svn/base/lib/python2.7/urllib2.py", line 127, in urlopen
    return _opener.open(url, data, timeout)
  File "/net/cci-filer2/raid1/xp/phenix/phenix-svn/base/lib/python2.7/urllib2.py", line 404, in open
    response = self._open(req, data)
  File "/net/cci-filer2/raid1/xp/phenix/phenix-svn/base/lib/python2.7/urllib2.py", line 422, in _open
    '_open', req)
  File "/net/cci-filer2/raid1/xp/phenix/phenix-svn/base/lib/python2.7/urllib2.py", line 382, in _call_chain
    result = func(*args)
  File "/net/cci-filer2/raid1/xp/phenix/phenix-svn/base/lib/python2.7/urllib2.py", line 1214, in http_open
    return self.do_open(httplib.HTTPConnection, req)
  File "/net/cci-filer2/raid1/xp/phenix/phenix-svn/base/lib/python2.7/urllib2.py", line 1184, in do_open
    raise URLError(err)
urllib2.URLError: <urlopen error [Errno 110] Connection timed out>
local_archive None
archive PDB None
Reading from local mirror:
  /net/cci/pdb_mirror/pdb/iz/pdb1izy.ent.gz
Model saved to /net/lewis/raid1/scratch1/nigel/amber/hi_lo/iz/1izy/1izy.pdb
Traceback (most recent call last):
  File "/net/cci-filer2/raid1/xp/phenix/phenix-svn/build/../modules/cctbx_project/mmtbx/command_line/fetch_pdb.py", line 199, in <module>
    run2(sys.argv[1:])
  File "/net/cci-filer2/raid1/xp/phenix/phenix-svn/build/../modules/cctbx_project/mmtbx/command_line/fetch_pdb.py", line 155, in run2
    files.append(get_pdb(id, data_type_, mirror, log, format=data_format))
  File "/net/cci-filer2/raid1/xp/phenix/phenix-svn/modules/cctbx_project/iotbx/pdb/fetch.py", line 213, in get_pdb
    data = fetch(id, data_type, mirror=mirror, format=format, log=log)
  File "/net/cci-filer2/raid1/xp/phenix/phenix-svn/modules/cctbx_project/iotbx/pdb/fetch.py", line 150, in fetch
    data = libtbx.utils.urlopen(url)
  File "/net/cci-filer2/raid1/xp/phenix/phenix-svn/modules/cctbx_project/libtbx/utils.py", line 2069, in urlopen
    return urllib2.urlopen(*args, **kwds)
  File "/net/cci-filer2/raid1/xp/phenix/phenix-svn/base/lib/python2.7/urllib2.py", line 127, in urlopen
    return _opener.open(url, data, timeout)
  File "/net/cci-filer2/raid1/xp/phenix/phenix-svn/base/lib/python2.7/urllib2.py", line 404, in open
    response = self._open(req, data)
  File "/net/cci-filer2/raid1/xp/phenix/phenix-svn/base/lib/python2.7/urllib2.py", line 422, in _open
    '_open', req)
  File "/net/cci-filer2/raid1/xp/phenix/phenix-svn/base/lib/python2.7/urllib2.py", line 382, in _call_chain
    result = func(*args)
  File "/net/cci-filer2/raid1/xp/phenix/phenix-svn/base/lib/python2.7/urllib2.py", line 1214, in http_open
    return self.do_open(httplib.HTTPConnection, req)
  File "/net/cci-filer2/raid1/xp/phenix/phenix-svn/base/lib/python2.7/urllib2.py", line 1184, in do_open
    raise URLError(err)
urllib2.URLError: <urlopen error [Errno 110] Connection timed out>

==================================================
Summary of pdb4amber for: 1izy.pdb
===================================================

----------Chains
The following (original) chains have been found:
A
B

---------- Alternate Locations (Original Residues!))

The following residues had alternate locations:
None

---------- Mising heavy atom(s)

SER_1 misses 1 heavy atom(s)
LYS_2 misses 4 heavy atom(s)
ILE_8 misses 3 heavy atom(s)
GLU_18 misses 4 heavy atom(s)
ASP_35 misses 3 heavy atom(s)
LYS_38 misses 4 heavy atom(s)
ARG_41 misses 6 heavy atom(s)
LYS_43 misses 4 heavy atom(s)
GLU_86 misses 4 heavy atom(s)
LYS_107 misses 4 heavy atom(s)
GLU_140 misses 4 heavy atom(s)
GLN_160 misses 4 heavy atom(s)
ASP_193 misses 3 heavy atom(s)
GLN_211 misses 4 heavy atom(s)
GLU_214 misses 4 heavy atom(s)
SER_277 misses 1 heavy atom(s)
LYS_278 misses 4 heavy atom(s)
ILE_284 misses 3 heavy atom(s)
GLU_294 misses 4 heavy atom(s)
ASP_311 misses 3 heavy atom(s)
LYS_314 misses 4 heavy atom(s)
ARG_317 misses 6 heavy atom(s)
LYS_319 misses 4 heavy atom(s)
GLU_362 misses 4 heavy atom(s)
LYS_383 misses 4 heavy atom(s)
GLU_416 misses 4 heavy atom(s)
GLN_436 misses 4 heavy atom(s)
ASP_469 misses 3 heavy atom(s)
GLN_487 misses 4 heavy atom(s)
GLU_490 misses 4 heavy atom(s)

==================================================
Summary of pdb4amber for: 1izy_4tleap_uc1.pdb
===================================================

----------Chains
The following (original) chains have been found:
A
B

---------- Alternate Locations (Original Residues!))

The following residues had alternate locations:
None

---------- Mising heavy atom(s)

None
not prmtop_filename /net/lewis/scratch1/nigel/amber/hi_lo/iz/1izy/4amber_1izy.prmtop

	Running AmberPrep : 1izy.pdb


==================================================
Running pdb4amber on 1izy.pdb
==================================================

==================================================
Setting up library files for non-standard residues
==================================================

==================================================
Preparing asu files and 4phenix_1izy.pdb
==================================================

~> tleap -f 1izy_asu_tleap_input_run

Checking output filenames
  file : 1izy_asu.prmtop
  file : 1izy_asu.rst7

~> ChBox -c 1izy_asu.rst7 -o 1izy_asu.rst7 -X 52.91 -Y 52.91 -Z 316.6 -al 90.0 -bt 90.0 -gm 120.0 


============================================================
Preparing unit cell files: 4amber_1izy.prmtop and 4amber_1izy.rst7
============================================================

~> UnitCell -p 1izy_4UnitCell.pdb -o 1izy_4tleap_uc1.pdb


~> tleap -f 1izy_uc_tleap_input_run

Checking output filenames
  file : 1izy_uc.prmtop
  file : 1izy_uc.rst7

~> ChBox -c 1izy_uc.rst7 -o 1izy_uc.rst7 -X 52.91 -Y 52.91 -Z 316.6 -al 90.0 -bt 90.0 -gm 120.0 


==================================================
Minimizing input coordinates.
==================================================

~> sander -O -i 1izy_amber_all.in -p 4amber_1izy.prmtop -c 4amber_1izy.rst7 -o 1izy.min.out            -ref 4amber_1izy.rst7 -r 4amber_1izy.min.rst7

checking special positions in 4phenix_1izy.pdb

==================================================
Done.  Three new files have been made:
      4phenix_1izy.pdb
      4amber_1izy.prmtop
      4amber_1izy.rst7
==================================================

Example

  phenix.refine 4phenix_1izy.pdb use_amber=True \
    amber.topology_file_name=4amber_1izy.prmtop \
    amber.coordinate_file_name=4amber_1izy.rst7 \
    ....(other refinement keywords here).....



Substituting Amber PDB file for downloaded file
run_tests_local.py:222: UserWarning: os.system() is not safe: please use the subprocess module or libtbx.easy_run instead.
  os.system(cmd)

  Amber files
    PDB    : 1izy.pdb
    MTZ    : 1izy.mtz
    prmtop : 4amber_1izy.prmtop
    rst7   : 4amber_1izy.rst7
  
/net/lewis/raid1/scratch1/nigel/amber/hi_lo/iz/1izy
return_files 1izy
/net/chevy/raid1/nigel/amber/hi_lo
4amber_1izy.pdb
4phenix_1izy.pdb
cp 4phenix_1izy.pdb /net/chevy/raid1/nigel/amber/hi_lo/iz/1izy
1izy.pdb
cp 1izy.pdb /net/chevy/raid1/nigel/amber/hi_lo/iz/1izy
4amber_1izy.mtz
4phenix_1izy.mtz
1izy.mtz
cp 1izy.mtz /net/chevy/raid1/nigel/amber/hi_lo/iz/1izy
4amber_1izy.rst7
cp 4amber_1izy.rst7 /net/chevy/raid1/nigel/amber/hi_lo/iz/1izy
4phenix_1izy.rst7
1izy.rst7
4amber_1izy.prmtop
cp 4amber_1izy.prmtop /net/chevy/raid1/nigel/amber/hi_lo/iz/1izy
4phenix_1izy.prmtop
1izy.prmtop
4amber_1izy_refine_001.log
4phenix_1izy_refine_001.log
1izy_refine_001.log
4amber_1izy_refine_002.log
4phenix_1izy_refine_002.log
1izy_refine_002.log
4amber_1izy_refine_001.pdb
4phenix_1izy_refine_001.pdb
1izy_refine_001.pdb
4amber_1izy_refine_002.pdb
4phenix_1izy_refine_002.pdb
1izy_refine_002.pdb
local_archive /net/chevy/raid1/nigel/amber/hi_lo
archive PDB /net/chevy/raid1/nigel/amber/hi_lo/iz/1izy/1izy.pdb
/net/lewis/raid1/scratch1/nigel/amber/hi_lo/iz/1izy
------------------------------
phenix.refine log filename ? > /net/chevy/raid1/nigel/amber/hi_lo/iz/1izy/1izy_refine_001.log
------------------------------

	Already done (on chevy) 1izy_refine_001
------------------------------
phenix.refine log filename ? > /net/chevy/raid1/nigel/amber/hi_lo/iz/1izy/1izy_refine_002.log
------------------------------

	Already done (on chevy) 1izy_refine_002
