HOST morse.lbl.gov
only_i 124
only_code None
force_amber_prep True
dry_run False
... 124 2b4z
/net/chevy/raid1/nigel/amber/hi_lo
/net/chevy/raid1/nigel/amber/hi_lo/b4/2b4z
2b4z.pdb 4phenix_2b4z.pdb
local_archive None
archive PDB None
Reading from local mirror:
  /net/cci/pdb_mirror/pdb/b4/pdb2b4z.ent.gz
Model saved to /net/morse/raid1/scratch1/nigel/amber/hi_lo/b4/2b4z/2b4z.pdb
Sequence saved to /net/morse/raid1/scratch1/nigel/amber/hi_lo/b4/2b4z/2b4z.fa
Reading from local mirror:
  /net/cci/pdb_mirror/structure_factors/b4/r2b4zsf.ent.gz
Structure factors saved to /net/morse/raid1/scratch1/nigel/amber/hi_lo/b4/2b4z/2b4z-sf.cif
Reading from local mirror:
  /net/cci/pdb_mirror/mmcif/b4/2b4z.cif.gz
Model saved to /net/morse/raid1/scratch1/nigel/amber/hi_lo/b4/2b4z/2b4z.cif
Can't determine output label for r2b4zsf,_refln.crystal_id - skipping.
Can't determine output label for r2b4zsf,_refln.scale_group_code - skipping.
Can't determine output label for r2b4zsf,_refln.wavelength_id - skipping.
Converted structure factors saved to 2b4z.mtz
local_archive None
archive PDB None
Reading from local mirror:
  /net/cci/pdb_mirror/pdb/b4/pdb2b4z.ent.gz
Model saved to /net/morse/raid1/scratch1/nigel/amber/hi_lo/b4/2b4z/2b4z.pdb
Sequence saved to /net/morse/raid1/scratch1/nigel/amber/hi_lo/b4/2b4z/2b4z.fa
Reading from local mirror:
  /net/cci/pdb_mirror/structure_factors/b4/r2b4zsf.ent.gz
Structure factors saved to /net/morse/raid1/scratch1/nigel/amber/hi_lo/b4/2b4z/2b4z-sf.cif
Reading from local mirror:
  /net/cci/pdb_mirror/mmcif/b4/2b4z.cif.gz
Model saved to /net/morse/raid1/scratch1/nigel/amber/hi_lo/b4/2b4z/2b4z.cif
Can't determine output label for r2b4zsf,_refln.crystal_id - skipping.
Can't determine output label for r2b4zsf,_refln.scale_group_code - skipping.
Can't determine output label for r2b4zsf,_refln.wavelength_id - skipping.
Converted structure factors saved to 2b4z.mtz

==================================================
Summary of pdb4amber for: 2b4z.pdb
===================================================

----------Chains
The following (original) chains have been found:
A

---------- Alternate Locations (Original Residues!))

The following residues had alternate locations:
VAL_11
GLN_12
LYS_13
ASN_52
LYS_53
GLU_61
GLU_62
THR_63
MET_65
GLU_66
ARG_91
GLU_92

---------- Mising heavy atom(s)

None
The alternate coordinates have been discarded.
Only the first occurrence for each atom was kept.
not prmtop_filename /net/morse/scratch1/nigel/amber/hi_lo/b4/2b4z/4amber_2b4z.prmtop
not prmtop_filename /net/chevy/raid1/nigel/amber/hi_lo/b4/2b4z/4amber_2b4z.prmtop

	Running AmberPrep : 2b4z.pdb


==================================================
Running pdb4amber on 2b4z.pdb
==================================================

==================================================
Setting up library files for non-standard residues
==================================================

==================================================
Running elbow/antechamber for HEM 
==================================================
	Difficulties in the ring structures may lead to problems later

   Residue has metal at the centre of a coordination sphere. Using input
   geometry to generate restraints. Hydrogens may not be added.
   

MoleculeClass :  C:34  N: 4  O: 4 Fe: 1 (CHEMICAL COMPONENTS format)
	73 atoms
	80 bonds
	144 angles
	218 dihedrals
	1 rings (groups, rings, atoms) 8 44
	0 chirals

~> antechamber -i 4antechamber_HEM.pdb -fi pdb -o HEM.mol2 -fo mol2       -nc -2 -m 1 -s 2 -pf y -c bcc -at gaff2 -ek "qm_theory='AM1',grms_tol=0.0005,scfconv=1.d-10,maxcyc=0,ndiis_attempts=700,"

(2) adjust atom valence penalty parameters in APS.DAT, and/or 
Sorry: Error: cannot run "/net/cci-filer2/raid1/xp/phenix/phenix-svn/modules/amber/bin/sqm -O -i sqm.in -o sqm.out" of bcc() in charge.c properly, exit
