HOST rebus.lbl.gov
only_i 56
only_code None
force_amber_prep True
dry_run False
... 56 3lh0
/net/chevy/raid1/nigel/amber/hi_lo
/net/chevy/raid1/nigel/amber/hi_lo/lh/3lh0
3lh0.pdb 4phenix_3lh0.pdb
3lh0.pdb 4phenix_3lh0.pdb
local_archive None
archive PDB None
Reading from local mirror:
  /net/cci/pdb_mirror/pdb/lh/pdb3lh0.ent.gz
Model saved to /net/rebus/raid1/scratch1/nigel/amber/hi_lo/lh/3lh0/3lh0.pdb
Sequence saved to /net/rebus/raid1/scratch1/nigel/amber/hi_lo/lh/3lh0/3lh0.fa
Reading from local mirror:
  /net/cci/pdb_mirror/structure_factors/lh/r3lh0sf.ent.gz
Structure factors saved to /net/rebus/raid1/scratch1/nigel/amber/hi_lo/lh/3lh0/3lh0-sf.cif
Reading from local mirror:
  /net/cci/pdb_mirror/mmcif/lh/3lh0.cif.gz
Model saved to /net/rebus/raid1/scratch1/nigel/amber/hi_lo/lh/3lh0/3lh0.cif
Can't determine output label for r3lh0sf,_refln.crystal_id - skipping.
Can't determine output label for r3lh0sf,_refln.scale_group_code - skipping.
Can't determine output label for r3lh0sf,_refln.wavelength_id - skipping.
Converted structure factors saved to 3lh0.mtz
local_archive None
archive PDB None
Reading from local mirror:
  /net/cci/pdb_mirror/pdb/lh/pdb3lh0.ent.gz
Model saved to /net/rebus/raid1/scratch1/nigel/amber/hi_lo/lh/3lh0/3lh0.pdb
Sequence saved to /net/rebus/raid1/scratch1/nigel/amber/hi_lo/lh/3lh0/3lh0.fa
Reading from local mirror:
  /net/cci/pdb_mirror/structure_factors/lh/r3lh0sf.ent.gz
Structure factors saved to /net/rebus/raid1/scratch1/nigel/amber/hi_lo/lh/3lh0/3lh0-sf.cif
Reading from local mirror:
  /net/cci/pdb_mirror/mmcif/lh/3lh0.cif.gz
Model saved to /net/rebus/raid1/scratch1/nigel/amber/hi_lo/lh/3lh0/3lh0.cif
Can't determine output label for r3lh0sf,_refln.crystal_id - skipping.
Can't determine output label for r3lh0sf,_refln.scale_group_code - skipping.
Can't determine output label for r3lh0sf,_refln.wavelength_id - skipping.
Converted structure factors saved to 3lh0.mtz
not prmtop_filename /net/rebus/scratch1/nigel/amber/hi_lo/lh/3lh0/4amber_3lh0.prmtop

	Running AmberPrep : 3lh0.pdb


==================================================
Running pdb4amber on 3lh0.pdb
==================================================

==================================================
Setting up library files for non-standard residues
==================================================

==================================================
Running elbow/antechamber for MLY 
==================================================

MoleculeClass :  C: 8  N: 2  O: 2 (CHEMICAL COMPONENTS format)
	29 atoms
	28 bonds
	51 angles
	66 dihedrals
	0 rings (groups, rings, atoms) 0 0
	1 chirals : S 

~> antechamber -i 4antechamber_MLY.pdb -fi pdb -o MLY.mol2 -fo mol2       -nc -1 -m 1 -s 2 -pf y -c bcc -at gaff2 -ek "qm_theory='AM1', grms_tol=0.0005, scfconv=1.d-10, maxcyc=0, ndiis_attempts=700,"


~> parmchk2 -s 2 -i MLY.mol2 -f mol2 -o MLY.frcmod


  Residue "PGE" already in amber monomer library. Skipping elbow/antechamber
    run for this residue.
        

  Residue "SO4" already in amber monomer library. Skipping elbow/antechamber
    run for this residue.
        

==================================================
Preparing asu files and 4phenix_3lh0.pdb
==================================================

~> tleap -f 3lh0_asu_tleap_input_run

Checking output filenames
  file : 3lh0_asu.prmtop
  file : 3lh0_asu.rst7

~> ChBox -c 3lh0_asu.rst7 -o 3lh0_asu.rst7 -X 56.7 -Y 78.28 -Z 36.54 -al 90.0 -bt 122.18 -gm 90.0 


============================================================
Preparing unit cell files: 4amber_3lh0.prmtop and 4amber_3lh0.rst7
============================================================

~> UnitCell -p 3lh0_4UnitCell.pdb -o 3lh0_4tleap_uc1.pdb


~> tleap -f 3lh0_uc_tleap_input_run

Checking output filenames
  file : 3lh0_uc.prmtop
  file : 3lh0_uc.rst7

~> ChBox -c 3lh0_uc.rst7 -o 3lh0_uc.rst7 -X 56.7 -Y 78.28 -Z 36.54 -al 90.0 -bt 122.18 -gm 90.0 


==================================================
Minimizing input coordinates.
==================================================

~> sander -O -i 3lh0_amber_all.in -p 4amber_3lh0.prmtop -c 4amber_3lh0.rst7 -o 3lh0.min.out            -ref 4amber_3lh0.rst7 -r 4amber_3lh0.min.rst7

checking special positions in 4phenix_3lh0.pdb

==================================================
Done.  Three new files have been made:
      4phenix_3lh0.pdb
      4amber_3lh0.prmtop
      4amber_3lh0.rst7
==================================================

Example

  phenix.refine 4phenix_3lh0.pdb use_amber=True \
    amber.topology_file_name=4amber_3lh0.prmtop \
    amber.coordinate_file_name=4amber_3lh0.rst7 \
    ....(other refinement keywords here).....



Substituting Amber PDB file for downloaded file

  Amber files
    PDB    : 3lh0.pdb
    MTZ    : 3lh0.mtz
    prmtop : 4amber_3lh0.prmtop
    rst7   : 4amber_3lh0.rst7
  
/net/rebus/raid1/scratch1/nigel/amber/hi_lo/lh/3lh0
return_files 3lh0
/net/chevy/raid1/nigel/amber/hi_lo
4amber_3lh0.pdb
4phenix_3lh0.pdb
cp 4phenix_3lh0.pdb /net/chevy/raid1/nigel/amber/hi_lo/lh/3lh0
3lh0.pdb
cp 3lh0.pdb /net/chevy/raid1/nigel/amber/hi_lo/lh/3lh0
4amber_3lh0.mtz
4phenix_3lh0.mtz
3lh0.mtz
cp 3lh0.mtz /net/chevy/raid1/nigel/amber/hi_lo/lh/3lh0
4amber_3lh0.rst7
cp 4amber_3lh0.rst7 /net/chevy/raid1/nigel/amber/hi_lo/lh/3lh0
4phenix_3lh0.rst7
3lh0.rst7
4amber_3lh0.prmtop
cp 4amber_3lh0.prmtop /net/chevy/raid1/nigel/amber/hi_lo/lh/3lh0
4phenix_3lh0.prmtop
3lh0.prmtop
4amber_3lh0_refine_001.log
4phenix_3lh0_refine_001.log
3lh0_refine_001.log
4amber_3lh0_refine_002.log
4phenix_3lh0_refine_002.log
3lh0_refine_002.log
4amber_3lh0_refine_001.pdb
4phenix_3lh0_refine_001.pdb
3lh0_refine_001.pdb
4amber_3lh0_refine_002.pdb
4phenix_3lh0_refine_002.pdb
3lh0_refine_002.pdb
local_archive /net/chevy/raid1/nigel/amber/hi_lo
archive PDB /net/chevy/raid1/nigel/amber/hi_lo/lh/3lh0/3lh0.pdb
/net/rebus/raid1/scratch1/nigel/amber/hi_lo/lh/3lh0
------------------------------
phenix.refine log filename ? > /net/chevy/raid1/nigel/amber/hi_lo/lh/3lh0/3lh0_refine_001.log
------------------------------

	Already done (on chevy) 3lh0_refine_001
------------------------------
phenix.refine log filename ? > /net/chevy/raid1/nigel/amber/hi_lo/lh/3lh0/3lh0_refine_002.log
------------------------------

	Already done (on chevy) 3lh0_refine_002
