HOST lewis.lbl.gov
only_i 242
only_code None
force_amber_prep True
dry_run False
... 242 3ngi
/net/chevy/raid1/nigel/amber/hi_lo
/net/chevy/raid1/nigel/amber/hi_lo/ng/3ngi
3ngi.pdb 4phenix_3ngi.pdb
3ngi.pdb 4phenix_3ngi.pdb
local_archive None
archive PDB None
Reading from local mirror:
  /net/cci/pdb_mirror/pdb/ng/pdb3ngi.ent.gz
Model saved to /net/lewis/raid1/scratch1/nigel/amber/hi_lo/ng/3ngi/3ngi.pdb
Traceback (most recent call last):
  File "/net/cci-filer2/raid1/xp/phenix/phenix-svn/build/../modules/cctbx_project/mmtbx/command_line/fetch_pdb.py", line 199, in <module>
    run2(sys.argv[1:])
  File "/net/cci-filer2/raid1/xp/phenix/phenix-svn/build/../modules/cctbx_project/mmtbx/command_line/fetch_pdb.py", line 155, in run2
    files.append(get_pdb(id, data_type_, mirror, log, format=data_format))
  File "/net/cci-filer2/raid1/xp/phenix/phenix-svn/modules/cctbx_project/iotbx/pdb/fetch.py", line 213, in get_pdb
    data = fetch(id, data_type, mirror=mirror, format=format, log=log)
  File "/net/cci-filer2/raid1/xp/phenix/phenix-svn/modules/cctbx_project/iotbx/pdb/fetch.py", line 150, in fetch
    data = libtbx.utils.urlopen(url)
  File "/net/cci-filer2/raid1/xp/phenix/phenix-svn/modules/cctbx_project/libtbx/utils.py", line 2069, in urlopen
    return urllib2.urlopen(*args, **kwds)
  File "/net/cci-filer2/raid1/xp/phenix/phenix-svn/base/lib/python2.7/urllib2.py", line 127, in urlopen
    return _opener.open(url, data, timeout)
  File "/net/cci-filer2/raid1/xp/phenix/phenix-svn/base/lib/python2.7/urllib2.py", line 404, in open
    response = self._open(req, data)
  File "/net/cci-filer2/raid1/xp/phenix/phenix-svn/base/lib/python2.7/urllib2.py", line 422, in _open
    '_open', req)
  File "/net/cci-filer2/raid1/xp/phenix/phenix-svn/base/lib/python2.7/urllib2.py", line 382, in _call_chain
    result = func(*args)
  File "/net/cci-filer2/raid1/xp/phenix/phenix-svn/base/lib/python2.7/urllib2.py", line 1214, in http_open
    return self.do_open(httplib.HTTPConnection, req)
  File "/net/cci-filer2/raid1/xp/phenix/phenix-svn/base/lib/python2.7/urllib2.py", line 1184, in do_open
    raise URLError(err)
urllib2.URLError: <urlopen error [Errno 110] Connection timed out>
local_archive None
archive PDB None
Reading from local mirror:
  /net/cci/pdb_mirror/pdb/ng/pdb3ngi.ent.gz
Model saved to /net/lewis/raid1/scratch1/nigel/amber/hi_lo/ng/3ngi/3ngi.pdb
Traceback (most recent call last):
  File "/net/cci-filer2/raid1/xp/phenix/phenix-svn/build/../modules/cctbx_project/mmtbx/command_line/fetch_pdb.py", line 199, in <module>
    run2(sys.argv[1:])
  File "/net/cci-filer2/raid1/xp/phenix/phenix-svn/build/../modules/cctbx_project/mmtbx/command_line/fetch_pdb.py", line 155, in run2
    files.append(get_pdb(id, data_type_, mirror, log, format=data_format))
  File "/net/cci-filer2/raid1/xp/phenix/phenix-svn/modules/cctbx_project/iotbx/pdb/fetch.py", line 213, in get_pdb
    data = fetch(id, data_type, mirror=mirror, format=format, log=log)
  File "/net/cci-filer2/raid1/xp/phenix/phenix-svn/modules/cctbx_project/iotbx/pdb/fetch.py", line 150, in fetch
    data = libtbx.utils.urlopen(url)
  File "/net/cci-filer2/raid1/xp/phenix/phenix-svn/modules/cctbx_project/libtbx/utils.py", line 2069, in urlopen
    return urllib2.urlopen(*args, **kwds)
  File "/net/cci-filer2/raid1/xp/phenix/phenix-svn/base/lib/python2.7/urllib2.py", line 127, in urlopen
    return _opener.open(url, data, timeout)
  File "/net/cci-filer2/raid1/xp/phenix/phenix-svn/base/lib/python2.7/urllib2.py", line 404, in open
    response = self._open(req, data)
  File "/net/cci-filer2/raid1/xp/phenix/phenix-svn/base/lib/python2.7/urllib2.py", line 422, in _open
    '_open', req)
  File "/net/cci-filer2/raid1/xp/phenix/phenix-svn/base/lib/python2.7/urllib2.py", line 382, in _call_chain
    result = func(*args)
  File "/net/cci-filer2/raid1/xp/phenix/phenix-svn/base/lib/python2.7/urllib2.py", line 1214, in http_open
    return self.do_open(httplib.HTTPConnection, req)
  File "/net/cci-filer2/raid1/xp/phenix/phenix-svn/base/lib/python2.7/urllib2.py", line 1184, in do_open
    raise URLError(err)
urllib2.URLError: <urlopen error [Errno 110] Connection timed out>

==================================================
Summary of pdb4amber for: 3ngi.pdb
===================================================

----------Chains
The following (original) chains have been found:
A
P
T

---------- Alternate Locations (Original Residues!))

The following residues had alternate locations:
THR_58
SER_69
ASN_112
PHE_113
SER_127
SER_180
ASP_192
GLU_196
LEU_197
GLU_200
GLN_206
LYS_240
SER_294
GLU_295
ASN_299
ARG_330
VAL_331
ILE_341
ASN_342
GLN_376
SER_414
HIS_440
ASP_441
SER_457
ASN_505
LEU_580
THR_584
SER_639
ARG_668
GLU_672
TYR_673
ARG_772
GLU_837
GLU_881
SER_885
LEU_889

---------- Mising heavy atom(s)

None
The alternate coordinates have been discarded.
Only the first occurrence for each atom was kept.
not prmtop_filename /net/lewis/scratch1/nigel/amber/hi_lo/ng/3ngi/4amber_3ngi.prmtop

	Running AmberPrep : 3ngi.pdb


==================================================
Running pdb4amber on 3ngi.pdb
==================================================

==================================================
Setting up library files for non-standard residues
==================================================

==================================================
Running elbow/antechamber for DOC 
==================================================

MoleculeClass :  C: 9  N: 3  O: 6  P: 1 (CHEMICAL COMPONENTS format)
	31 atoms
	32 bonds
	57 angles
	78 dihedrals
	2 rings (groups, rings, atoms) 2 11
	2 chirals : R S 

~> antechamber -i 4antechamber_DOC.pdb -fi pdb -o DOC.mol2 -fo mol2       -nc -2 -m 1 -s 2 -pf y -c bcc -at gaff2 -ek "qm_theory='AM1',grms_tol=0.0005,scfconv=1.d-10,maxcyc=0,ndiis_attempts=700,"


~> parmchk2 -s 2 -i DOC.mol2 -f mol2 -o DOC.frcmod


==================================================
Running elbow/antechamber for TTP 
==================================================

==================================================
Summary of pdb4amber for: 3ngi_4tleap_uc1.pdb
===================================================

----------Chains
The following (original) chains have been found:
A
P
T

---------- Alternate Locations (Original Residues!))

The following residues had alternate locations:
None

---------- Mising heavy atom(s)

None

MoleculeClass :  C:10  N: 2  O:14  P: 3 (CHEMICAL COMPONENTS format)
	42 atoms
	43 bonds
	77 angles
	99 dihedrals
	2 rings (groups, rings, atoms) 2 11
	3 chirals : R S R 

~> antechamber -i 4antechamber_TTP.pdb -fi pdb -o TTP.mol2 -fo mol2       -nc -4 -m 1 -s 2 -pf y -c bcc -at gaff2 -ek "qm_theory='AM1',grms_tol=0.0005,scfconv=1.d-10,maxcyc=0,ndiis_attempts=700,"


~> parmchk2 -s 2 -i TTP.mol2 -f mol2 -o TTP.frcmod


==================================================
Preparing asu files and 4phenix_3ngi.pdb
==================================================

~> tleap -f 3ngi_asu_tleap_input_run

Checking output filenames
  file : 3ngi_asu.prmtop
  file : 3ngi_asu.rst7

~> ChBox -c 3ngi_asu.rst7 -o 3ngi_asu.rst7 -X 74.989 -Y 120.336 -Z 130.768 -al 90.0 -bt 90.0 -gm 90.0 


============================================================
Preparing unit cell files: 4amber_3ngi.prmtop and 4amber_3ngi.rst7
============================================================

~> UnitCell -p 3ngi_4UnitCell.pdb -o 3ngi_4tleap_uc1.pdb


~> tleap -f 3ngi_uc_tleap_input_run

Checking output filenames
  file : 3ngi_uc.prmtop
  file : 3ngi_uc.rst7

~> ChBox -c 3ngi_uc.rst7 -o 3ngi_uc.rst7 -X 74.989 -Y 120.336 -Z 130.768 -al 90.0 -bt 90.0 -gm 90.0 


==================================================
Minimizing input coordinates.
==================================================

~> sander -O -i 3ngi_amber_all.in -p 4amber_3ngi.prmtop -c 4amber_3ngi.rst7 -o 3ngi.min.out            -ref 4amber_3ngi.rst7 -r 4amber_3ngi.min.rst7

checking special positions in 4phenix_3ngi.pdb

==================================================
Done.  Three new files have been made:
      4phenix_3ngi.pdb
      4amber_3ngi.prmtop
      4amber_3ngi.rst7
==================================================

Example

  phenix.refine 4phenix_3ngi.pdb use_amber=True \
    amber.topology_file_name=4amber_3ngi.prmtop \
    amber.coordinate_file_name=4amber_3ngi.rst7 \
    ....(other refinement keywords here).....



Substituting Amber PDB file for downloaded file
run_tests_local.py:222: UserWarning: os.system() is not safe: please use the subprocess module or libtbx.easy_run instead.
  os.system(cmd)

  Amber files
    PDB    : 3ngi.pdb
    MTZ    : 3ngi.mtz
    prmtop : 4amber_3ngi.prmtop
    rst7   : 4amber_3ngi.rst7
  
/net/lewis/raid1/scratch1/nigel/amber/hi_lo/ng/3ngi
return_files 3ngi
/net/chevy/raid1/nigel/amber/hi_lo
4amber_3ngi.pdb
4phenix_3ngi.pdb
cp 4phenix_3ngi.pdb /net/chevy/raid1/nigel/amber/hi_lo/ng/3ngi
3ngi.pdb
cp 3ngi.pdb /net/chevy/raid1/nigel/amber/hi_lo/ng/3ngi
4amber_3ngi.mtz
4phenix_3ngi.mtz
3ngi.mtz
cp 3ngi.mtz /net/chevy/raid1/nigel/amber/hi_lo/ng/3ngi
4amber_3ngi.rst7
cp 4amber_3ngi.rst7 /net/chevy/raid1/nigel/amber/hi_lo/ng/3ngi
4phenix_3ngi.rst7
3ngi.rst7
4amber_3ngi.prmtop
cp 4amber_3ngi.prmtop /net/chevy/raid1/nigel/amber/hi_lo/ng/3ngi
4phenix_3ngi.prmtop
3ngi.prmtop
4amber_3ngi_refine_001.log
4phenix_3ngi_refine_001.log
3ngi_refine_001.log
4amber_3ngi_refine_002.log
4phenix_3ngi_refine_002.log
3ngi_refine_002.log
4amber_3ngi_refine_001.pdb
4phenix_3ngi_refine_001.pdb
3ngi_refine_001.pdb
4amber_3ngi_refine_002.pdb
4phenix_3ngi_refine_002.pdb
3ngi_refine_002.pdb
local_archive /net/chevy/raid1/nigel/amber/hi_lo
archive PDB /net/chevy/raid1/nigel/amber/hi_lo/ng/3ngi/3ngi.pdb
/net/lewis/raid1/scratch1/nigel/amber/hi_lo/ng/3ngi
------------------------------
phenix.refine log filename ? > /net/chevy/raid1/nigel/amber/hi_lo/ng/3ngi/3ngi_refine_001.log
------------------------------

	Already done (on chevy) 3ngi_refine_001
------------------------------
phenix.refine log filename ? > /net/chevy/raid1/nigel/amber/hi_lo/ng/3ngi/3ngi_refine_002.log
------------------------------

	Already done (on chevy) 3ngi_refine_002
