HOST lewis.lbl.gov
only_i 43
only_code None
force_amber_prep True
dry_run False
... 43 1de9
/net/chevy/raid1/nigel/amber/hi_lo
/net/chevy/raid1/nigel/amber/hi_lo/de/1de9
1de9.pdb 4phenix_1de9.pdb
1de9.pdb 4phenix_1de9.pdb
local_archive None
archive PDB None
Reading from local mirror:
  /net/cci/pdb_mirror/pdb/de/pdb1de9.ent.gz
Model saved to /net/lewis/raid1/scratch1/nigel/amber/hi_lo/de/1de9/1de9.pdb
Traceback (most recent call last):
  File "/net/cci-filer2/raid1/xp/phenix/phenix-svn/build/../modules/cctbx_project/mmtbx/command_line/fetch_pdb.py", line 199, in <module>
    run2(sys.argv[1:])
  File "/net/cci-filer2/raid1/xp/phenix/phenix-svn/build/../modules/cctbx_project/mmtbx/command_line/fetch_pdb.py", line 155, in run2
    files.append(get_pdb(id, data_type_, mirror, log, format=data_format))
  File "/net/cci-filer2/raid1/xp/phenix/phenix-svn/modules/cctbx_project/iotbx/pdb/fetch.py", line 213, in get_pdb
    data = fetch(id, data_type, mirror=mirror, format=format, log=log)
  File "/net/cci-filer2/raid1/xp/phenix/phenix-svn/modules/cctbx_project/iotbx/pdb/fetch.py", line 150, in fetch
    data = libtbx.utils.urlopen(url)
  File "/net/cci-filer2/raid1/xp/phenix/phenix-svn/modules/cctbx_project/libtbx/utils.py", line 2069, in urlopen
    return urllib2.urlopen(*args, **kwds)
  File "/net/cci-filer2/raid1/xp/phenix/phenix-svn/base/lib/python2.7/urllib2.py", line 127, in urlopen
    return _opener.open(url, data, timeout)
  File "/net/cci-filer2/raid1/xp/phenix/phenix-svn/base/lib/python2.7/urllib2.py", line 404, in open
    response = self._open(req, data)
  File "/net/cci-filer2/raid1/xp/phenix/phenix-svn/base/lib/python2.7/urllib2.py", line 422, in _open
    '_open', req)
  File "/net/cci-filer2/raid1/xp/phenix/phenix-svn/base/lib/python2.7/urllib2.py", line 382, in _call_chain
    result = func(*args)
  File "/net/cci-filer2/raid1/xp/phenix/phenix-svn/base/lib/python2.7/urllib2.py", line 1214, in http_open
    return self.do_open(httplib.HTTPConnection, req)
  File "/net/cci-filer2/raid1/xp/phenix/phenix-svn/base/lib/python2.7/urllib2.py", line 1184, in do_open
    raise URLError(err)
urllib2.URLError: <urlopen error [Errno 110] Connection timed out>
local_archive None
archive PDB None
Reading from local mirror:
  /net/cci/pdb_mirror/pdb/de/pdb1de9.ent.gz
Model saved to /net/lewis/raid1/scratch1/nigel/amber/hi_lo/de/1de9/1de9.pdb
Traceback (most recent call last):
  File "/net/cci-filer2/raid1/xp/phenix/phenix-svn/build/../modules/cctbx_project/mmtbx/command_line/fetch_pdb.py", line 199, in <module>
    run2(sys.argv[1:])
  File "/net/cci-filer2/raid1/xp/phenix/phenix-svn/build/../modules/cctbx_project/mmtbx/command_line/fetch_pdb.py", line 155, in run2
    files.append(get_pdb(id, data_type_, mirror, log, format=data_format))
  File "/net/cci-filer2/raid1/xp/phenix/phenix-svn/modules/cctbx_project/iotbx/pdb/fetch.py", line 213, in get_pdb
    data = fetch(id, data_type, mirror=mirror, format=format, log=log)
  File "/net/cci-filer2/raid1/xp/phenix/phenix-svn/modules/cctbx_project/iotbx/pdb/fetch.py", line 150, in fetch
    data = libtbx.utils.urlopen(url)
  File "/net/cci-filer2/raid1/xp/phenix/phenix-svn/modules/cctbx_project/libtbx/utils.py", line 2069, in urlopen
    return urllib2.urlopen(*args, **kwds)
  File "/net/cci-filer2/raid1/xp/phenix/phenix-svn/base/lib/python2.7/urllib2.py", line 127, in urlopen
    return _opener.open(url, data, timeout)
  File "/net/cci-filer2/raid1/xp/phenix/phenix-svn/base/lib/python2.7/urllib2.py", line 404, in open
    response = self._open(req, data)
  File "/net/cci-filer2/raid1/xp/phenix/phenix-svn/base/lib/python2.7/urllib2.py", line 422, in _open
    '_open', req)
  File "/net/cci-filer2/raid1/xp/phenix/phenix-svn/base/lib/python2.7/urllib2.py", line 382, in _call_chain
    result = func(*args)
  File "/net/cci-filer2/raid1/xp/phenix/phenix-svn/base/lib/python2.7/urllib2.py", line 1214, in http_open
    return self.do_open(httplib.HTTPConnection, req)
  File "/net/cci-filer2/raid1/xp/phenix/phenix-svn/base/lib/python2.7/urllib2.py", line 1184, in do_open
    raise URLError(err)
urllib2.URLError: <urlopen error [Errno 110] Connection timed out>

==================================================
Summary of pdb4amber for: 1de9.pdb
===================================================

----------Chains
The following (original) chains have been found:
A
B
U
V
W
X
Y
Z

---------- Alternate Locations (Original Residues!))

The following residues had alternate locations:
None

---------- Mising heavy atom(s)

LYS_119 misses 4 heavy atom(s)
GLU_210 misses 4 heavy atom(s)
LYS_218 misses 4 heavy atom(s)
LYS_395 misses 4 heavy atom(s)
GLU_486 misses 4 heavy atom(s)
LYS_494 misses 4 heavy atom(s)
not prmtop_filename /net/lewis/scratch1/nigel/amber/hi_lo/de/1de9/4amber_1de9.prmtop

	Running AmberPrep : 1de9.pdb


==================================================
Running pdb4amber on 1de9.pdb
==================================================

==================================================
Setting up library files for non-standard residues
==================================================

==================================================
Running elbow/antechamber for 3DR 
==================================================

==================================================
Summary of pdb4amber for: 1de9_4tleap_uc1.pdb
===================================================

----------Chains
The following (original) chains have been found:
A
B
U
V
W
X
Y
Z

---------- Alternate Locations (Original Residues!))

The following residues had alternate locations:
None

---------- Mising heavy atom(s)

None

MoleculeClass :  C: 5  O: 6  P: 1 (CHEMICAL COMPONENTS format)
	21 atoms
	21 bonds
	39 angles
	51 dihedrals
	1 rings (groups, rings, atoms) 1 5
	2 chirals : R S 

~> antechamber -i 4antechamber_3DR.pdb -fi pdb -o 3DR.mol2 -fo mol2       -nc -2 -m 1 -s 2 -pf y -c bcc -at gaff2 -ek "qm_theory='AM1',grms_tol=0.0005,scfconv=1.d-10,maxcyc=0,ndiis_attempts=700,"


~> parmchk2 -s 2 -i 3DR.mol2 -f mol2 -o 3DR.frcmod


==================================================
Preparing asu files and 4phenix_1de9.pdb
==================================================

~> tleap -f 1de9_asu_tleap_input_run

Checking output filenames
  file : 1de9_asu.prmtop
  file : 1de9_asu.rst7

~> ChBox -c 1de9_asu.rst7 -o 1de9_asu.rst7 -X 90.06 -Y 98.35 -Z 101.05 -al 90.0 -bt 90.0 -gm 90.0 


============================================================
Preparing unit cell files: 4amber_1de9.prmtop and 4amber_1de9.rst7
============================================================

~> UnitCell -p 1de9_4UnitCell.pdb -o 1de9_4tleap_uc1.pdb


~> tleap -f 1de9_uc_tleap_input_run

Checking output filenames
  file : 1de9_uc.prmtop
  file : 1de9_uc.rst7

~> ChBox -c 1de9_uc.rst7 -o 1de9_uc.rst7 -X 90.06 -Y 98.35 -Z 101.05 -al 90.0 -bt 90.0 -gm 90.0 


==================================================
Minimizing input coordinates.
==================================================

~> sander -O -i 1de9_amber_all.in -p 4amber_1de9.prmtop -c 4amber_1de9.rst7 -o 1de9.min.out            -ref 4amber_1de9.rst7 -r 4amber_1de9.min.rst7

checking special positions in 4phenix_1de9.pdb

==================================================
Done.  Three new files have been made:
      4phenix_1de9.pdb
      4amber_1de9.prmtop
      4amber_1de9.rst7
==================================================

Example

  phenix.refine 4phenix_1de9.pdb use_amber=True \
    amber.topology_file_name=4amber_1de9.prmtop \
    amber.coordinate_file_name=4amber_1de9.rst7 \
    ....(other refinement keywords here).....



Substituting Amber PDB file for downloaded file
run_tests_local.py:222: UserWarning: os.system() is not safe: please use the subprocess module or libtbx.easy_run instead.
  os.system(cmd)

  Amber files
    PDB    : 1de9.pdb
    MTZ    : 1de9.mtz
    prmtop : 4amber_1de9.prmtop
    rst7   : 4amber_1de9.rst7
  
/net/lewis/raid1/scratch1/nigel/amber/hi_lo/de/1de9
return_files 1de9
/net/chevy/raid1/nigel/amber/hi_lo
4amber_1de9.pdb
4phenix_1de9.pdb
cp 4phenix_1de9.pdb /net/chevy/raid1/nigel/amber/hi_lo/de/1de9
1de9.pdb
cp 1de9.pdb /net/chevy/raid1/nigel/amber/hi_lo/de/1de9
4amber_1de9.mtz
4phenix_1de9.mtz
1de9.mtz
cp 1de9.mtz /net/chevy/raid1/nigel/amber/hi_lo/de/1de9
4amber_1de9.rst7
cp 4amber_1de9.rst7 /net/chevy/raid1/nigel/amber/hi_lo/de/1de9
4phenix_1de9.rst7
1de9.rst7
4amber_1de9.prmtop
cp 4amber_1de9.prmtop /net/chevy/raid1/nigel/amber/hi_lo/de/1de9
4phenix_1de9.prmtop
1de9.prmtop
4amber_1de9_refine_001.log
4phenix_1de9_refine_001.log
1de9_refine_001.log
4amber_1de9_refine_002.log
4phenix_1de9_refine_002.log
1de9_refine_002.log
4amber_1de9_refine_001.pdb
4phenix_1de9_refine_001.pdb
1de9_refine_001.pdb
4amber_1de9_refine_002.pdb
4phenix_1de9_refine_002.pdb
1de9_refine_002.pdb
local_archive /net/chevy/raid1/nigel/amber/hi_lo
archive PDB /net/chevy/raid1/nigel/amber/hi_lo/de/1de9/1de9.pdb
/net/lewis/raid1/scratch1/nigel/amber/hi_lo/de/1de9
------------------------------
phenix.refine log filename ? > /net/chevy/raid1/nigel/amber/hi_lo/de/1de9/1de9_refine_001.log
------------------------------

	Already done (on chevy) 1de9_refine_001
------------------------------
phenix.refine log filename ? > /net/chevy/raid1/nigel/amber/hi_lo/de/1de9/1de9_refine_002.log
------------------------------

	Already done (on chevy) 1de9_refine_002
