HOST morse.lbl.gov
only_i 313
only_code None
force_amber_prep True
dry_run False
... 313 1lgn
/net/chevy/raid1/nigel/amber/hi_lo
/net/chevy/raid1/nigel/amber/hi_lo/lg/1lgn
1lgn.pdb 4phenix_1lgn.pdb
local_archive None
archive PDB None
Reading from local mirror:
  /net/cci/pdb_mirror/pdb/lg/pdb1lgn.ent.gz
Model saved to /net/morse/raid1/scratch1/nigel/amber/hi_lo/lg/1lgn/1lgn.pdb
Sequence saved to /net/morse/raid1/scratch1/nigel/amber/hi_lo/lg/1lgn/1lgn.fa
Reading from local mirror:
  /net/cci/pdb_mirror/structure_factors/lg/r1lgnsf.ent.gz
Structure factors saved to /net/morse/raid1/scratch1/nigel/amber/hi_lo/lg/1lgn/1lgn-sf.cif
Reading from local mirror:
  /net/cci/pdb_mirror/mmcif/lg/1lgn.cif.gz
Model saved to /net/morse/raid1/scratch1/nigel/amber/hi_lo/lg/1lgn/1lgn.cif
Can't determine output label for r1lgnsf,_refln.crystal_id - skipping.
Can't determine output label for r1lgnsf,_refln.scale_group_code - skipping.
Can't determine output label for r1lgnsf,_refln.wavelength_id - skipping.
Converted structure factors saved to 1lgn.mtz
local_archive None
archive PDB None
Reading from local mirror:
  /net/cci/pdb_mirror/pdb/lg/pdb1lgn.ent.gz
Model saved to /net/morse/raid1/scratch1/nigel/amber/hi_lo/lg/1lgn/1lgn.pdb
Sequence saved to /net/morse/raid1/scratch1/nigel/amber/hi_lo/lg/1lgn/1lgn.fa
Reading from local mirror:
  /net/cci/pdb_mirror/structure_factors/lg/r1lgnsf.ent.gz
Structure factors saved to /net/morse/raid1/scratch1/nigel/amber/hi_lo/lg/1lgn/1lgn-sf.cif
Reading from local mirror:
  /net/cci/pdb_mirror/mmcif/lg/1lgn.cif.gz
Model saved to /net/morse/raid1/scratch1/nigel/amber/hi_lo/lg/1lgn/1lgn.cif
Can't determine output label for r1lgnsf,_refln.crystal_id - skipping.
Can't determine output label for r1lgnsf,_refln.scale_group_code - skipping.
Can't determine output label for r1lgnsf,_refln.wavelength_id - skipping.
Converted structure factors saved to 1lgn.mtz

==================================================
Summary of pdb4amber for: 1lgn.pdb
===================================================

----------Chains
The following (original) chains have been found:
A
B
C
D
E

---------- Alternate Locations (Original Residues!))

The following residues had alternate locations:
None

---------- Mising heavy atom(s)

None
not prmtop_filename /net/morse/scratch1/nigel/amber/hi_lo/lg/1lgn/4amber_1lgn.prmtop
not prmtop_filename /net/chevy/raid1/nigel/amber/hi_lo/lg/1lgn/4amber_1lgn.prmtop

	Running AmberPrep : 1lgn.pdb


==================================================
Running pdb4amber on 1lgn.pdb
==================================================

==================================================
Setting up library files for non-standard residues
==================================================

==================================================
Preparing asu files and 4phenix_1lgn.pdb
==================================================

~> tleap -f 1lgn_asu_tleap_input_run

Checking output filenames
  file : 1lgn_asu.prmtop
Sorry:   Output file is empty : 1lgn_asu.prmtop
  Check contents of "leap.log"
