HOST rebus.lbl.gov
only_i 114
only_code None
force_amber_prep True
dry_run False
1 1z3z,A,2.900,1zod,A,1.800
2 1psi,A,2.920,3ndd,A,1.500
3 3bpo,A,3.000,3l5w,I,2.000
4 1e6j,P,3.000,3mge,A,1.900
5 1r46,A,3.250,3hg3,A,1.900
6 2j0g,A,2.850,2j1g,A,1.950
7 1nsk,L,2.800,3bbb,A,1.300
8 1t04,B,3.000,1t3f,B,2.000
9 1kiu,B,3.000,1ze3,H,1.840
10 1kv3,A,2.800,2q3z,A,2.000
11 1wqs,A,2.800,2iph,A,1.750
12 3gwp,A,2.900,3i16,A,2.000
13 1c0n,A,2.800,1kmj,A,2.000
14 2r8j,A,3.100,3oha,A,2.000
15 1z5s,C,3.010,2grn,B,1.800
16 3icq,B,3.200,3m1i,A,2.000
17 1nb3,I,2.800,3kfq,C,1.990
18 1otc,A,2.800,2i0q,A,1.910
19 1ue8,A,3.000,3b4x,A,1.940
20 1a4o,A,2.800,2o02,A,1.500
21 1t6i,A,2.810,3g4z,A,1.870
22 1de9,A,3.000,2o3h,A,1.900
23 2j6e,L,3.000,3n9g,L,1.434
24 3hrk,A,3.050,3lc0,A,1.800
25 2ecp,A,2.950,2asv,A,1.950
26 1z8l,A,3.500,2xeg,A,1.590
27 1ere,A,3.100,2r6w,A,2.000
28 1xni,A,2.800,3lh0,A,1.900
29 2pl0,A,2.800,3mpm,A,1.950
30 1pxt,A,2.800,1afw,A,1.800
31 1bmf,A,2.850,2jdi,A,1.900
32 2g3k,A,3.050,2j9u,A,2.000
33 3m9b,A,3.940,3m9h,A,2.000
34 2i0v,A,2.800,3dpk,A,1.950
35 1kiu,A,3.000,3bwu,C,1.760
36 1nys,A,3.050,2h62,D,1.850
37 1rgq,C,2.900,2o8m,C,2.000
38 1fg5,N,2.800,2vs4,A,1.770
39 1sj5,A,2.800,1vjl,A,1.900
40 2f7k,A,2.800,2yxt,A,2.000
41 1yrp,A,3.100,3bqr,A,1.750
42 3a7a,B,3.100,3ab9,A,1.650
43 2vhg,A,2.900,2vjv,A,1.900
44 1blf,A,2.800,3kj7,A,1.910
45 1pma,1,3.400,1yar,H,1.900
46 2bp2,A,3.000,2zp3,A,1.900
47 2oqj,A,2.800,3oaz,K,1.750
48 1fvv,B,2.800,3ddq,B,1.800
49 1qlr,A,2.830,3eo0,A,1.750
50 2fhg,2,3.230,2jay,A,1.990
51 1io4,A,3.000,2e42,A,1.800
52 2i22,A,2.800,2i2w,A,1.950
53 1bot,O,3.050,3ezw,A,2.000
54 1fnt,c,3.200,1yar,O,1.900
55 1htn,A,2.800,1tn3,A,2.000
56 1x75,C,2.800,3hpw,A,1.452
57 1b7b,A,2.800,2we5,A,1.390
... 114 2we5
/net/chevy/raid1/nigel/amber/hi_lo
/net/chevy/raid1/nigel/amber/hi_lo/we/2we5
2we5.pdb 4phenix_2we5.pdb
2we5.pdb 4phenix_2we5.pdb
local_archive None
archive PDB None
Reading from local mirror:
  /net/cci/pdb_mirror/pdb/we/pdb2we5.ent.gz
Model saved to /net/rebus/raid1/scratch1/nigel/amber/hi_lo/we/2we5/2we5.pdb
Sequence saved to /net/rebus/raid1/scratch1/nigel/amber/hi_lo/we/2we5/2we5.fa
Reading from local mirror:
  /net/cci/pdb_mirror/structure_factors/we/r2we5sf.ent.gz
Structure factors saved to /net/rebus/raid1/scratch1/nigel/amber/hi_lo/we/2we5/2we5-sf.cif
Reading from local mirror:
  /net/cci/pdb_mirror/mmcif/we/2we5.cif.gz
Model saved to /net/rebus/raid1/scratch1/nigel/amber/hi_lo/we/2we5/2we5.cif
Can't determine output label for r2we5sf,_refln.crystal_id - skipping.
Can't determine output label for r2we5sf,_refln.scale_group_code - skipping.
Can't determine output label for r2we5sf,_refln.wavelength_id - skipping.
Converted structure factors saved to 2we5.mtz
local_archive None
archive PDB None
Reading from local mirror:
  /net/cci/pdb_mirror/pdb/we/pdb2we5.ent.gz
Model saved to /net/rebus/raid1/scratch1/nigel/amber/hi_lo/we/2we5/2we5.pdb
Sequence saved to /net/rebus/raid1/scratch1/nigel/amber/hi_lo/we/2we5/2we5.fa
Reading from local mirror:
  /net/cci/pdb_mirror/structure_factors/we/r2we5sf.ent.gz
Structure factors saved to /net/rebus/raid1/scratch1/nigel/amber/hi_lo/we/2we5/2we5-sf.cif
Reading from local mirror:
  /net/cci/pdb_mirror/mmcif/we/2we5.cif.gz
Model saved to /net/rebus/raid1/scratch1/nigel/amber/hi_lo/we/2we5/2we5.cif
Can't determine output label for r2we5sf,_refln.crystal_id - skipping.
Can't determine output label for r2we5sf,_refln.scale_group_code - skipping.
Can't determine output label for r2we5sf,_refln.wavelength_id - skipping.
Converted structure factors saved to 2we5.mtz

==================================================
Summary of pdb4amber for: 2we5.pdb
===================================================
REDUCE returned non-zero exit status: See reduce_info.log for more details

----------Chains
The following (original) chains have been found:
A
B
C

---------- Alternate Locations (Original Residues!))

The following residues had alternate locations:
GLN_62
ALA_63
SER_84
ILE_85
SER_90
ASN_91
LEU_93
ASN_94
VAL_159
VAL_160
SER_162
ILE_168
HIS_169
ILE_178
LYS_179
VAL_195
GLY_196
VAL_202
GLU_203
SER_399
ASN_400
LEU_402
ASN_403
THR_420
GLN_421
LYS_432
ASN_433
ILE_477
HIS_478
SER_575
MET_576
ARG_661
LEU_662
ASN_742
LYS_767
GLU_768
LYS_782
GLU_790
THR_791
ASN_793
THR_794
GLU_910
ASN_911

---------- Gaps (Renumbered Residues!)
gap of 2.490369 A between GLN 62 and GLN 62
gap of 2.494187 A between SER 84 and SER 84
gap of 2.451276 A between SER 90 and SER 90
gap of 2.457756 A between LEU 93 and LEU 93
gap of 2.434449 A between VAL 159 and VAL 159
gap of 2.369753 A between SER 162 and SER 162
gap of 2.518214 A between PRO 163 and PRO 163
gap of 2.455398 A between LYS 164 and LYS 164
gap of 2.423925 A between PRO 165 and PRO 165
gap of 2.486921 A between ILE 166 and ILE 166
gap of 2.437651 A between ASP 167 and ASP 167
gap of 2.366808 A between ILE 168 and ILE 168
gap of 2.356298 A between ILE 168 and ILE 168
gap of 2.523326 A between HIE 169 and HIE 169
gap of 2.515170 A between GLU 170 and GLU 170
gap of 2.517137 A between ALA 171 and ALA 171
gap of 2.479715 A between GLU 172 and GLU 172
gap of 2.417199 A between THR 173 and THR 173
gap of 2.421394 A between ILE 174 and ILE 174
gap of 2.452720 A between ASN 175 and ASN 175
gap of 2.437828 A between THR 176 and THR 176
gap of 2.458064 A between LEU 177 and LEU 177
gap of 2.447405 A between ILE 178 and ILE 178
gap of 2.460805 A between ILE 178 and ILE 178
gap of 2.480120 A between LYS 179 and LYS 179
gap of 2.452603 A between ASN 180 and ASN 180
gap of 2.507969 A between ASP 181 and ASP 181
gap of 2.397244 A between ILE 182 and ILE 182
gap of 2.394949 A between ILE 183 and ILE 183
gap of 2.478753 A between THR 184 and THR 184
gap of 2.317379 A between ILE 185 and ILE 185
gap of 2.449938 A between SER 186 and SER 186
gap of 2.491707 A between CYS 187 and CYS 187
gap of 2.464306 A between GLY 188 and GLY 188
gap of 2.490232 A between GLY 189 and GLY 189
gap of 2.448393 A between GLY 190 and GLY 190
gap of 2.508167 A between GLY 191 and GLY 191
gap of 2.336702 A between ILE 192 and ILE 192
gap of 2.534001 A between PRO 193 and PRO 193
gap of 2.451470 A between VAL 194 and VAL 194
gap of 2.474078 A between VAL 195 and VAL 195
gap of 2.476330 A between VAL 195 and VAL 195
gap of 2.539989 A between GLY 196 and GLY 196
gap of 2.439399 A between GLN 197 and GLN 197
gap of 2.452852 A between GLU 198 and GLU 198
gap of 2.458671 A between LEU 199 and LEU 199
gap of 2.444095 A between LYS 200 and LYS 200
gap of 2.457024 A between GLY 201 and GLY 201
gap of 2.440074 A between VAL 202 and VAL 202
gap of 2.439311 A between VAL 202 and VAL 202
gap of 2.395406 A between GLU 203 and GLU 203
gap of 2.398228 A between ALA 204 and ALA 204
gap of 2.396907 A between VAL 205 and VAL 205
gap of 2.417220 A between ILE 206 and ILE 206
gap of 2.428167 A between ASP 207 and ASP 207
gap of 2.502591 A between LYS 208 and LYS 208
gap of 2.467626 A between ASP 209 and ASP 209
gap of 2.425403 A between PHE 210 and PHE 210
gap of 2.409886 A between ALA 211 and ALA 211
gap of 2.460966 A between SER 212 and SER 212
gap of 2.438237 A between GLU 213 and GLU 213
gap of 2.430976 A between LYS 214 and LYS 214
gap of 2.426968 A between LEU 215 and LEU 215
gap of 2.457001 A between ALA 216 and ALA 216
gap of 2.451984 A between GLU 217 and GLU 217
gap of 2.535039 A between LEU 218 and LEU 218
gap of 2.450537 A between VAL 219 and VAL 219
gap of 2.467634 A between ASP 220 and ASP 220
gap of 2.434307 A between ALA 221 and ALA 221
gap of 2.431650 A between ASP 222 and ASP 222
gap of 2.485709 A between ALA 223 and ALA 223
gap of 2.328946 A between LEU 224 and LEU 224
gap of 2.433547 A between VAL 225 and VAL 225
gap of 2.406776 A between ILE 226 and ILE 226
gap of 2.420800 A between LEU 227 and LEU 227
gap of 2.480871 A between THR 228 and THR 228
gap of 2.577966 A between GLY 229 and GLY 229
gap of 2.433278 A between VAL 230 and VAL 230
gap of 2.444272 A between ASP 231 and ASP 231
gap of 2.455299 A between TYR 232 and TYR 232
gap of 2.299331 A between VAL 233 and VAL 233
gap of 2.472428 A between CYS 234 and CYS 234
gap of 2.247427 A between ILE 235 and ILE 235
gap of 2.439021 A between ASN 236 and ASN 236
gap of 2.476834 A between TYR 237 and TYR 237
gap of 2.488819 A between GLY 238 and GLY 238
gap of 2.465734 A between LYS 239 and LYS 239
gap of 2.507548 A between PRO 240 and PRO 240
gap of 2.488024 A between ASP 241 and ASP 241
gap of 2.429482 A between GLU 242 and GLU 242
gap of 2.419422 A between LYS 243 and LYS 243
gap of 2.448108 A between GLN 244 and GLN 244
gap of 2.418255 A between LEU 245 and LEU 245
gap of 2.417266 A between THR 246 and THR 246
gap of 2.406704 A between ASN 247 and ASN 247
gap of 2.455422 A between VAL 248 and VAL 248
gap of 2.393957 A between THR 249 and THR 249
gap of 2.499492 A between VAL 250 and VAL 250
gap of 2.478046 A between ALA 251 and ALA 251
gap of 2.431307 A between GLU 252 and GLU 252
gap of 2.471625 A between LEU 253 and LEU 253
gap of 2.453203 A between GLU 254 and GLU 254
gap of 2.424512 A between GLU 255 and GLU 255
gap of 2.480299 A between TYR 256 and TYR 256
gap of 2.445664 A between LYS 257 and LYS 257
gap of 2.493195 A between GLN 258 and GLN 258
gap of 2.451677 A between ALA 259 and ALA 259
gap of 2.549843 A between GLY 260 and GLY 260
gap of 2.533347 A between HIE 261 and HIE 261
gap of 2.470816 A between PHE 262 and PHE 262
gap of 2.480751 A between ALA 263 and ALA 263
gap of 2.436200 A between PRO 264 and PRO 264
gap of 2.510792 A between GLY 265 and GLY 265
gap of 2.486135 A between SER 266 and SER 266
gap of 2.532226 A between MET 267 and MET 267
gap of 2.517886 A between LEU 268 and LEU 268
gap of 2.491907 A between PRO 269 and PRO 269
gap of 2.449262 A between LYS 270 and LYS 270
gap of 2.434992 A between ILE 271 and ILE 271
gap of 2.477977 A between GLU 272 and GLU 272
gap of 2.445644 A between ALA 273 and ALA 273
gap of 2.441546 A between ALA 274 and ALA 274
gap of 2.432886 A between ILE 275 and ILE 275
gap of 2.458297 A between GLN 276 and GLN 276
gap of 2.469161 A between PHE 277 and PHE 277
gap of 2.467237 A between VAL 278 and VAL 278
gap of 2.489505 A between GLU 279 and GLU 279
gap of 2.534003 A between SER 280 and SER 280
gap of 2.419713 A between GLN 281 and GLN 281
gap of 2.468797 A between PRO 282 and PRO 282
gap of 2.517127 A between ASN 283 and ASN 283
gap of 2.413268 A between LYS 284 and LYS 284
gap of 2.450860 A between GLN 285 and GLN 285
gap of 2.377005 A between ALA 286 and ALA 286
gap of 2.430897 A between ILE 287 and ILE 287
gap of 2.366843 A between ILE 288 and ILE 288
gap of 2.420405 A between THR 289 and THR 289
gap of 2.449030 A between SER 290 and SER 290
gap of 2.432018 A between LEU 291 and LEU 291
gap of 2.475315 A between GLU 292 and GLU 292
gap of 2.480977 A between ASN 293 and ASN 293
gap of 2.431255 A between LEU 294 and LEU 294
gap of 2.435858 A between GLY 295 and GLY 295
gap of 2.495315 A between SER 296 and SER 296
gap of 2.436040 A between MET 297 and MET 297
gap of 2.332733 A between SER 298 and SER 298
gap of 2.376321 A between GLY 299 and GLY 299
gap of 2.474763 A between ASP 300 and ASP 300
gap of 2.503034 A between GLU 301 and GLU 301
gap of 2.413799 A between ILE 302 and ILE 302
gap of 2.403070 A between VAL 303 and VAL 303
gap of 2.352504 A between GLY 304 and GLY 304
gap of 2.370095 A between THR 305 and THR 305
gap of 2.445595 A between VAL 306 and VAL 306
gap of 2.498787 A between VAL 307 and VAL 307
gap of 2.397517 A between THR 308 and THR 308
gap of 2.518870 A between LYS 309 and LYS 309
gap of 2.448166 A between LYS 311 and LYS 311
gap of 2.345828 A between LYS 312 and LYS 312
gap of 2.495694 A between MET 313 and MET 313
gap of 2.357098 A between VAL 314 and VAL 314
gap of 2.410564 A between VAL 315 and VAL 315
gap of 2.457807 A between ALA 316 and ALA 316
gap of 2.454169 A between LEU 317 and LEU 317
gap of 2.457165 A between GLY 318 and GLY 318
gap of 2.528924 A between GLY 319 and GLY 319
gap of 2.500882 A between ASN 320 and ASN 320
gap of 2.407791 A between ALA 321 and ALA 321
gap of 2.389207 A between ILE 322 and ILE 322
gap of 2.459953 A between LEU 323 and LEU 323
gap of 2.490026 A between SER 324 and SER 324
gap of 2.447343 A between ASN 325 and ASN 325
gap of 2.430724 A between ASP 326 and ASP 326
gap of 2.537323 A between ALA 327 and ALA 327
gap of 2.433291 A between SER 328 and SER 328
gap of 2.419161 A between ALA 329 and ALA 329
gap of 2.484705 A between HIE 330 and HIE 330
gap of 2.460091 A between ALA 331 and ALA 331
gap of 2.453522 A between GLN 332 and GLN 332
gap of 2.439361 A between GLN 333 and GLN 333
gap of 2.444994 A between GLN 334 and GLN 334
gap of 2.434892 A between ALA 335 and ALA 335
gap of 2.468210 A between LEU 336 and LEU 336
gap of 2.394276 A between VAL 337 and VAL 337
gap of 2.429083 A between GLN 338 and GLN 338
gap of 2.436955 A between THR 339 and THR 339
gap of 2.469120 A between SER 340 and SER 340
gap of 2.421716 A between ALA 341 and ALA 341
gap of 2.456838 A between TYR 342 and TYR 342
gap of 2.459679 A between LEU 343 and LEU 343
gap of 2.436979 A between VAL 344 and VAL 344
gap of 2.422641 A between HIE 345 and HIE 345
gap of 2.457554 A between LEU 346 and LEU 346
gap of 2.458077 A between ILE 347 and ILE 347
gap of 2.444683 A between LYS 348 and LYS 348
gap of 2.483014 A between GLN 349 and GLN 349
gap of 2.540243 A between GLY 350 and GLY 350
gap of 2.477435 A between HIE 351 and HIE 351
gap of 2.403273 A between ARG 352 and ARG 352
gap of 2.569398 A between LEU 353 and LEU 353
gap of 2.272179 A between ILE 354 and ILE 354
gap of 2.549090 A between VAL 355 and VAL 355
gap of 2.380473 A between SER 356 and SER 356
gap of 2.456167 A between HID 357 and HID 357
gap of 2.414009 A between GLY 358 and GLY 358
gap of 2.495289 A between ASN 359 and ASN 359
gap of 2.540859 A between GLY 360 and GLY 360
gap of 2.490841 A between PRO 361 and PRO 361
gap of 2.482877 A between GLN 362 and GLN 362
gap of 2.419155 A between VAL 363 and VAL 363
gap of 2.446230 A between GLY 364 and GLY 364
gap of 2.466511 A between ASN 365 and ASN 365
gap of 2.450808 A between LEU 366 and LEU 366
gap of 2.456348 A between LEU 367 and LEU 367
gap of 2.437222 A between LEU 368 and LEU 368
gap of 2.435738 A between GLN 369 and GLN 369
gap of 2.432737 A between GLN 370 and GLN 370
gap of 2.482652 A between GLN 371 and GLN 371
gap of 2.529952 A between ALA 372 and ALA 372
gap of 2.492512 A between ALA 373 and ALA 373
gap of 2.504205 A between ASP 374 and ASP 374
gap of 2.402355 A between SER 375 and SER 375
gap of 2.454903 A between GLU 376 and GLU 376
gap of 2.503353 A between LYS 377 and LYS 377
gap of 2.404788 A between ASN 378 and ASN 378
gap of 2.526760 A between PRO 379 and PRO 379
gap of 2.418402 A between ALA 380 and ALA 380
gap of 2.409367 A between MET 381 and MET 381
gap of 2.450678 A between PRO 382 and PRO 382
gap of 2.519311 A between LEU 383 and LEU 383
gap of 2.476373 A between ASP 384 and ASP 384
gap of 2.438123 A between THR 385 and THR 385
gap of 2.457737 A between CYS 386 and CYS 386
gap of 2.423578 A between VAL 387 and VAL 387
gap of 2.441433 A between ALA 388 and ALA 388
gap of 2.459130 A between MET 389 and MET 389
gap of 2.469683 A between THR 390 and THR 390
gap of 2.375726 A between GLN 391 and GLN 391
gap of 2.471337 A between GLY 392 and GLY 392
gap of 2.497156 A between SER 393 and SER 393
gap of 2.442859 A between ILE 394 and ILE 394
gap of 2.435268 A between GLY 395 and GLY 395
gap of 2.435682 A between TYR 396 and TYR 396
gap of 2.488645 A between TRP 397 and TRP 397
gap of 2.498763 A between LEU 398 and LEU 398
gap of 2.442119 A between SER 399 and SER 399
gap of 2.435870 A between SER 399 and SER 399
gap of 2.445116 A between ASN 400 and ASN 400
gap of 2.461269 A between ALA 401 and ALA 401
gap of 2.464546 A between LEU 402 and LEU 402
gap of 2.464317 A between LEU 402 and LEU 402
gap of 2.422435 A between ASN 403 and ASN 403
gap of 2.470349 A between GLN 404 and GLN 404
gap of 2.476872 A between GLU 405 and GLU 405
gap of 2.427569 A between LEU 406 and LEU 406
gap of 2.446713 A between ASN 407 and ASN 407
gap of 2.450369 A between LYS 408 and LYS 408
gap of 2.463140 A between ALA 409 and ALA 409
gap of 2.476292 A between GLY 410 and GLY 410
gap of 2.461618 A between ILE 411 and ILE 411
gap of 2.447723 A between LYS 412 and LYS 412
gap of 2.416883 A between LYS 413 and LYS 413
gap of 2.459571 A between GLN 414 and GLN 414
gap of 2.424722 A between VAL 415 and VAL 415
gap of 2.456037 A between ALA 416 and ALA 416
gap of 2.416728 A between THR 417 and THR 417
gap of 2.402256 A between VAL 418 and VAL 418
gap of 2.364303 A between LEU 419 and LEU 419
gap of 2.511997 A between THR 420 and THR 420
gap of 2.492261 A between THR 420 and THR 420
gap of 2.346604 A between GLN 421 and GLN 421
gap of 2.407179 A between VAL 422 and VAL 422
gap of 2.483560 A between VAL 423 and VAL 423
gap of 2.403952 A between VAL 424 and VAL 424
gap of 2.424940 A between ASP 425 and ASP 425
gap of 2.511903 A between PRO 426 and PRO 426
gap of 2.479734 A between ALA 427 and ALA 427
gap of 2.448197 A between ASP 428 and ASP 428
gap of 2.477550 A between GLU 429 and GLU 429
gap of 2.508515 A between ALA 430 and ALA 430
gap of 2.463016 A between PHE 431 and PHE 431
gap of 2.460943 A between LYS 432 and LYS 432
gap of 2.447530 A between LYS 432 and LYS 432
gap of 2.476316 A between ASN 433 and ASN 433
gap of 2.468446 A between PRO 434 and PRO 434
gap of 2.537363 A between THR 435 and THR 435
gap of 2.502417 A between LYS 436 and LYS 436
gap of 2.420080 A between PRO 437 and PRO 437
gap of 2.449237 A between ILE 438 and ILE 438
gap of 2.502176 A between GLY 439 and GLY 439
gap of 2.510098 A between PRO 440 and PRO 440
gap of 2.371400 A between PHE 441 and PHE 441
gap of 2.464599 A between LEU 442 and LEU 442
gap of 2.398858 A between THR 443 and THR 443
gap of 2.448297 A between GLU 444 and GLU 444
gap of 2.465265 A between ALA 445 and ALA 445
gap of 2.450455 A between GLU 446 and GLU 446
gap of 2.452956 A between ALA 447 and ALA 447
gap of 2.448635 A between LYS 448 and LYS 448
gap of 2.462552 A between GLU 449 and GLU 449
gap of 2.511507 A between ALA 450 and ALA 450
gap of 2.515520 A between MET 451 and MET 451
gap of 2.517747 A between GLN 452 and GLN 452
gap of 2.489483 A between ALA 453 and ALA 453
gap of 2.547324 A between GLY 454 and GLY 454
gap of 2.434350 A between ALA 455 and ALA 455
gap of 2.450661 A between ILE 456 and ILE 456
gap of 2.367443 A between PHE 457 and PHE 457
gap of 2.417783 A between LYS 458 and LYS 458
gap of 2.466742 A between GLU 459 and GLU 459
gap of 2.273263 A between ASP 460 and ASP 460
gap of 2.522277 A between ALA 461 and ALA 461
gap of 2.490371 A between GLY 462 and GLY 462
gap of 2.486243 A between ARG 463 and ARG 463
gap of 2.434621 A between GLY 464 and GLY 464
gap of 2.452065 A between TRP 465 and TRP 465
gap of 2.475294 A between ARG 466 and ARG 466
gap of 2.383345 A between LYS 467 and LYS 467
gap of 2.367170 A between VAL 468 and VAL 468
gap of 2.483334 A between VAL 469 and VAL 469
gap of 2.515278 A between PRO 470 and PRO 470
gap of 2.370021 A between SER 471 and SER 471
gap of 2.500890 A between PRO 472 and PRO 472
gap of 2.456389 A between LYS 473 and LYS 473
gap of 2.480091 A between PRO 474 and PRO 474
gap of 2.449520 A between ILE 475 and ILE 475
gap of 2.450278 A between ASP 476 and ASP 476
gap of 2.308194 A between ILE 477 and ILE 477
gap of 2.302907 A between ILE 477 and ILE 477
gap of 2.543818 A between HIE 478 and HIE 478
gap of 2.502431 A between GLU 479 and GLU 479
gap of 2.509342 A between ALA 480 and ALA 480
gap of 2.474298 A between GLU 481 and GLU 481
gap of 2.420224 A between THR 482 and THR 482
gap of 2.442697 A between ILE 483 and ILE 483
gap of 2.440337 A between ASN 484 and ASN 484
gap of 2.447697 A between THR 485 and THR 485
gap of 2.422216 A between LEU 486 and LEU 486
gap of 2.443556 A between ILE 487 and ILE 487
gap of 2.471068 A between LYS 488 and LYS 488
gap of 2.465162 A between ASN 489 and ASN 489
gap of 2.533908 A between ASP 490 and ASP 490
gap of 2.408710 A between ILE 491 and ILE 491
gap of 2.400885 A between ILE 492 and ILE 492
gap of 2.486048 A between THR 493 and THR 493
gap of 2.302196 A between ILE 494 and ILE 494
gap of 2.444090 A between SER 495 and SER 495
gap of 2.471622 A between CYS 496 and CYS 496
gap of 2.448563 A between GLY 497 and GLY 497
gap of 2.482099 A between GLY 498 and GLY 498
gap of 2.457699 A between GLY 499 and GLY 499
gap of 2.491331 A between GLY 500 and GLY 500
gap of 2.342794 A between ILE 501 and ILE 501
gap of 2.522445 A between PRO 502 and PRO 502
gap of 2.458349 A between VAL 503 and VAL 503
gap of 2.510067 A between VAL 504 and VAL 504
gap of 2.557706 A between GLY 505 and GLY 505
gap of 2.510258 A between GLN 506 and GLN 506
gap of 2.470305 A between GLU 507 and GLU 507
gap of 2.426566 A between LEU 508 and LEU 508
gap of 2.420764 A between LYS 509 and LYS 509
gap of 2.447213 A between GLY 510 and GLY 510
gap of 2.407994 A between VAL 511 and VAL 511
gap of 2.411324 A between GLU 512 and GLU 512
gap of 2.379073 A between ALA 513 and ALA 513
gap of 2.386029 A between VAL 514 and VAL 514
gap of 2.375649 A between ILE 515 and ILE 515
gap of 2.434261 A between ASP 516 and ASP 516
gap of 2.499762 A between LYS 517 and LYS 517
gap of 2.468365 A between ASP 518 and ASP 518
gap of 2.397668 A between PHE 519 and PHE 519
gap of 2.429798 A between ALA 520 and ALA 520
gap of 2.474910 A between SER 521 and SER 521
gap of 2.436781 A between GLU 522 and GLU 522
gap of 2.428429 A between LYS 523 and LYS 523
gap of 2.422322 A between LEU 524 and LEU 524
gap of 2.461060 A between ALA 525 and ALA 525
gap of 2.449905 A between GLU 526 and GLU 526
gap of 2.526301 A between LEU 527 and LEU 527
gap of 2.468796 A between VAL 528 and VAL 528
gap of 2.488001 A between ASP 529 and ASP 529
gap of 2.435025 A between ALA 530 and ALA 530
gap of 2.436666 A between ASP 531 and ASP 531
gap of 2.494412 A between ALA 532 and ALA 532
gap of 2.326008 A between LEU 533 and LEU 533
gap of 2.440929 A between VAL 534 and VAL 534
gap of 2.422179 A between ILE 535 and ILE 535
gap of 2.426126 A between LEU 536 and LEU 536
gap of 2.516498 A between THR 537 and THR 537
gap of 2.583008 A between GLY 538 and GLY 538
gap of 2.421027 A between VAL 539 and VAL 539
gap of 2.434565 A between ASP 540 and ASP 540
gap of 2.459017 A between TYR 541 and TYR 541
gap of 2.341175 A between VAL 542 and VAL 542
gap of 2.487014 A between CYS 543 and CYS 543
gap of 2.276832 A between ILE 544 and ILE 544
gap of 2.409482 A between ASN 545 and ASN 545
gap of 2.498779 A between TYR 546 and TYR 546
gap of 2.516237 A between GLY 547 and GLY 547
gap of 2.456727 A between LYS 548 and LYS 548
gap of 2.486346 A between PRO 549 and PRO 549
gap of 2.497986 A between ASP 550 and ASP 550
gap of 2.454727 A between GLU 551 and GLU 551
gap of 2.438858 A between LYS 552 and LYS 552
gap of 2.435331 A between GLN 553 and GLN 553
gap of 2.434150 A between LEU 554 and LEU 554
gap of 2.374171 A between THR 555 and THR 555
gap of 2.376027 A between ASN 556 and ASN 556
gap of 2.447376 A between VAL 557 and VAL 557
gap of 2.458989 A between THR 558 and THR 558
gap of 2.444127 A between VAL 559 and VAL 559
gap of 2.459733 A between ALA 560 and ALA 560
gap of 2.446913 A between GLU 561 and GLU 561
gap of 2.473381 A between LEU 562 and LEU 562
gap of 2.441256 A between GLU 563 and GLU 563
gap of 2.434140 A between GLU 564 and GLU 564
gap of 2.445485 A between TYR 565 and TYR 565
gap of 2.447285 A between LYS 566 and LYS 566
gap of 2.450736 A between GLN 567 and GLN 567
gap of 2.466751 A between ALA 568 and ALA 568
gap of 2.543299 A between GLY 569 and GLY 569
gap of 2.531407 A between HIE 570 and HIE 570
gap of 2.469846 A between PHE 571 and PHE 571
gap of 2.528100 A between ALA 572 and ALA 572
gap of 2.450582 A between PRO 573 and PRO 573
gap of 2.519298 A between GLY 574 and GLY 574
gap of 2.484910 A between SER 575 and SER 575
gap of 2.472470 A between SER 575 and SER 575
gap of 2.509488 A between MET 576 and MET 576
gap of 2.524169 A between LEU 577 and LEU 577
gap of 2.505068 A between PRO 578 and PRO 578
gap of 2.443097 A between LYS 579 and LYS 579
gap of 2.437113 A between ILE 580 and ILE 580
gap of 2.457838 A between GLU 581 and GLU 581
gap of 2.456056 A between ALA 582 and ALA 582
gap of 2.448492 A between ALA 583 and ALA 583
gap of 2.442800 A between ILE 584 and ILE 584
gap of 2.467033 A between GLN 585 and GLN 585
gap of 2.479489 A between PHE 586 and PHE 586
gap of 2.466003 A between VAL 587 and VAL 587
gap of 2.478439 A between GLU 588 and GLU 588
gap of 2.520725 A between SER 589 and SER 589
gap of 2.444273 A between GLN 590 and GLN 590
gap of 2.472544 A between PRO 591 and PRO 591
gap of 2.510583 A between ASN 592 and ASN 592
gap of 2.418772 A between LYS 593 and LYS 593
gap of 2.459212 A between GLN 594 and GLN 594
gap of 2.401821 A between ALA 595 and ALA 595
gap of 2.458013 A between ILE 596 and ILE 596
gap of 2.372116 A between ILE 597 and ILE 597
gap of 2.399897 A between THR 598 and THR 598
gap of 2.463213 A between SER 599 and SER 599
gap of 2.416082 A between LEU 600 and LEU 600
gap of 2.476909 A between GLU 601 and GLU 601
gap of 2.481906 A between ASN 602 and ASN 602
gap of 2.423100 A between LEU 603 and LEU 603
gap of 2.432078 A between GLY 604 and GLY 604
gap of 2.476279 A between SER 605 and SER 605
gap of 2.462757 A between MET 606 and MET 606
gap of 2.362504 A between SER 607 and SER 607
gap of 2.391143 A between GLY 608 and GLY 608
gap of 2.437403 A between ASP 609 and ASP 609
gap of 2.486187 A between GLU 610 and GLU 610
gap of 2.446023 A between ILE 611 and ILE 611
gap of 2.420927 A between VAL 612 and VAL 612
gap of 2.379150 A between GLY 613 and GLY 613
gap of 2.359949 A between THR 614 and THR 614
gap of 2.453238 A between VAL 615 and VAL 615
gap of 2.459365 A between VAL 616 and VAL 616
gap of 2.422821 A between THR 617 and THR 617
gap of 2.444864 A between LYS 618 and LYS 618
gap of 2.488960 A between LYS 620 and LYS 620
gap of 2.311440 A between LYS 621 and LYS 621
gap of 2.531761 A between MET 622 and MET 622
gap of 2.346828 A between VAL 623 and VAL 623
gap of 2.410846 A between VAL 624 and VAL 624
gap of 2.461248 A between ALA 625 and ALA 625
gap of 2.448305 A between LEU 626 and LEU 626
gap of 2.456423 A between GLY 627 and GLY 627
gap of 2.486274 A between GLY 628 and GLY 628
gap of 2.492159 A between ASN 629 and ASN 629
gap of 2.465691 A between ALA 630 and ALA 630
gap of 2.382967 A between ILE 631 and ILE 631
gap of 2.452424 A between LEU 632 and LEU 632
gap of 2.452008 A between SER 633 and SER 633
gap of 2.425792 A between ASN 634 and ASN 634
gap of 2.416201 A between ASP 635 and ASP 635
gap of 2.509179 A between ALA 636 and ALA 636
gap of 2.439959 A between SER 637 and SER 637
gap of 2.432370 A between ALA 638 and ALA 638
gap of 2.482451 A between HIE 639 and HIE 639
gap of 2.454308 A between ALA 640 and ALA 640
gap of 2.459983 A between GLN 641 and GLN 641
gap of 2.423287 A between GLN 642 and GLN 642
gap of 2.437840 A between GLN 643 and GLN 643
gap of 2.432806 A between ALA 644 and ALA 644
gap of 2.470298 A between LEU 645 and LEU 645
gap of 2.401370 A between VAL 646 and VAL 646
gap of 2.434464 A between GLN 647 and GLN 647
gap of 2.429255 A between THR 648 and THR 648
gap of 2.486435 A between SER 649 and SER 649
gap of 2.422962 A between ALA 650 and ALA 650
gap of 2.463026 A between TYR 651 and TYR 651
gap of 2.475771 A between LEU 652 and LEU 652
gap of 2.451349 A between VAL 653 and VAL 653
gap of 2.419171 A between HID 654 and HID 654
gap of 2.453984 A between LEU 655 and LEU 655
gap of 2.458100 A between ILE 656 and ILE 656
gap of 2.434155 A between LYS 657 and LYS 657
gap of 2.498749 A between GLN 658 and GLN 658
gap of 2.567329 A between GLY 659 and GLY 659
gap of 2.457560 A between HIE 660 and HIE 660
gap of 2.408999 A between ARG 661 and ARG 661
gap of 2.410661 A between ARG 661 and ARG 661
gap of 2.560563 A between LEU 662 and LEU 662
gap of 2.278047 A between ILE 663 and ILE 663
gap of 2.565204 A between VAL 664 and VAL 664
gap of 2.369309 A between SER 665 and SER 665
gap of 2.460486 A between HID 666 and HID 666
gap of 2.425247 A between GLY 667 and GLY 667
gap of 2.479008 A between ASN 668 and ASN 668
gap of 2.554964 A between GLY 669 and GLY 669
gap of 2.500864 A between PRO 670 and PRO 670
gap of 2.469223 A between GLN 671 and GLN 671
gap of 2.412713 A between VAL 672 and VAL 672
gap of 2.456474 A between GLY 673 and GLY 673
gap of 2.465405 A between ASN 674 and ASN 674
gap of 2.438640 A between LEU 675 and LEU 675
gap of 2.446188 A between LEU 676 and LEU 676
gap of 2.440567 A between LEU 677 and LEU 677
gap of 2.450004 A between GLN 678 and GLN 678
gap of 2.441582 A between GLN 679 and GLN 679
gap of 2.497603 A between GLN 680 and GLN 680
gap of 2.492344 A between ALA 681 and ALA 681
gap of 2.507289 A between ALA 682 and ALA 682
gap of 2.511552 A between ASP 683 and ASP 683
gap of 2.391908 A between SER 684 and SER 684
gap of 2.459647 A between GLU 685 and GLU 685
gap of 2.490795 A between LYS 686 and LYS 686
gap of 2.411628 A between ASN 687 and ASN 687
gap of 2.526388 A between PRO 688 and PRO 688
gap of 2.417796 A between ALA 689 and ALA 689
gap of 2.420576 A between MET 690 and MET 690
gap of 2.447810 A between PRO 691 and PRO 691
gap of 2.502003 A between LEU 692 and LEU 692
gap of 2.485856 A between ASP 693 and ASP 693
gap of 2.447639 A between THR 694 and THR 694
gap of 2.434240 A between CYS 695 and CYS 695
gap of 2.428079 A between VAL 696 and VAL 696
gap of 2.441570 A between ALA 697 and ALA 697
gap of 2.459808 A between MET 698 and MET 698
gap of 2.467089 A between THR 699 and THR 699
gap of 2.374114 A between GLN 700 and GLN 700
gap of 2.478488 A between GLY 701 and GLY 701
gap of 2.490115 A between SER 702 and SER 702
gap of 2.458094 A between ILE 703 and ILE 703
gap of 2.444712 A between GLY 704 and GLY 704
gap of 2.428293 A between TYR 705 and TYR 705
gap of 2.479177 A between TRP 706 and TRP 706
gap of 2.492724 A between LEU 707 and LEU 707
gap of 2.433147 A between SER 708 and SER 708
gap of 2.463727 A between ASN 709 and ASN 709
gap of 2.448712 A between ALA 710 and ALA 710
gap of 2.440613 A between LEU 711 and LEU 711
gap of 2.439105 A between ASN 712 and ASN 712
gap of 2.481797 A between GLN 713 and GLN 713
gap of 2.486289 A between GLU 714 and GLU 714
gap of 2.382842 A between LEU 715 and LEU 715
gap of 2.458695 A between ASN 716 and ASN 716
gap of 2.454145 A between LYS 717 and LYS 717
gap of 2.468247 A between ALA 718 and ALA 718
gap of 2.458419 A between GLY 719 and GLY 719
gap of 2.490257 A between ILE 720 and ILE 720
gap of 2.455670 A between LYS 721 and LYS 721
gap of 2.425300 A between LYS 722 and LYS 722
gap of 2.453741 A between GLN 723 and GLN 723
gap of 2.391520 A between VAL 724 and VAL 724
gap of 2.449359 A between ALA 725 and ALA 725
gap of 2.414336 A between THR 726 and THR 726
gap of 2.434756 A between VAL 727 and VAL 727
gap of 2.361119 A between LEU 728 and LEU 728
gap of 2.504606 A between THR 729 and THR 729
gap of 2.378618 A between GLN 730 and GLN 730
gap of 2.398368 A between VAL 731 and VAL 731
gap of 2.474337 A between VAL 732 and VAL 732
gap of 2.408875 A between VAL 733 and VAL 733
gap of 2.393204 A between ASP 734 and ASP 734
gap of 2.516296 A between PRO 735 and PRO 735
gap of 2.478173 A between ALA 736 and ALA 736
gap of 2.462170 A between ASP 737 and ASP 737
gap of 2.464698 A between GLU 738 and GLU 738
gap of 2.472756 A between ALA 739 and ALA 739
gap of 2.486330 A between PHE 740 and PHE 740
gap of 2.425230 A between LYS 741 and LYS 741
gap of 2.458422 A between ASN 742 and ASN 742
gap of 2.459230 A between ASN 742 and ASN 742
gap of 2.463226 A between PRO 743 and PRO 743
gap of 2.544855 A between THR 744 and THR 744
gap of 2.482297 A between LYS 745 and LYS 745
gap of 2.491946 A between PRO 746 and PRO 746
gap of 2.419501 A between ILE 747 and ILE 747
gap of 2.488799 A between GLY 748 and GLY 748
gap of 2.494814 A between PRO 749 and PRO 749
gap of 2.384847 A between PHE 750 and PHE 750
gap of 2.455839 A between LEU 751 and LEU 751
gap of 2.381032 A between THR 752 and THR 752
gap of 2.460918 A between GLU 753 and GLU 753
gap of 2.452256 A between ALA 754 and ALA 754
gap of 2.462926 A between GLU 755 and GLU 755
gap of 2.475381 A between ALA 756 and ALA 756
gap of 2.464527 A between LYS 757 and LYS 757
gap of 2.436064 A between GLU 758 and GLU 758
gap of 2.462414 A between ALA 759 and ALA 759
gap of 2.438434 A between MET 760 and MET 760
gap of 2.460817 A between GLN 761 and GLN 761
gap of 2.468290 A between ALA 762 and ALA 762
gap of 2.476958 A between GLY 763 and GLY 763
gap of 2.449483 A between ALA 764 and ALA 764
gap of 2.448493 A between ILE 765 and ILE 765
gap of 2.490697 A between PHE 766 and PHE 766
gap of 2.452806 A between LYS 767 and LYS 767
gap of 2.465234 A between LYS 767 and LYS 767
gap of 2.450084 A between GLU 768 and GLU 768
gap of 2.449670 A between ASP 769 and ASP 769
gap of 2.495898 A between ALA 770 and ALA 770
gap of 2.507288 A between GLY 771 and GLY 771
gap of 2.471928 A between ARG 772 and ARG 772
gap of 2.471736 A between GLY 773 and GLY 773
gap of 2.470160 A between TRP 774 and TRP 774
gap of 2.436668 A between ARG 775 and ARG 775
gap of 2.407113 A between LYS 776 and LYS 776
gap of 2.431694 A between VAL 777 and VAL 777
gap of 2.453370 A between VAL 778 and VAL 778
gap of 2.507234 A between PRO 779 and PRO 779
gap of 2.373057 A between SER 780 and SER 780
gap of 2.521283 A between PRO 781 and PRO 781
gap of 2.436379 A between LYS 782 and LYS 782
gap of 2.479404 A between LYS 782 and LYS 782
gap of 2.457170 A between PRO 783 and PRO 783
gap of 2.467473 A between ILE 784 and ILE 784
gap of 2.436257 A between ASP 785 and ASP 785
gap of 2.277958 A between ILE 786 and ILE 786
gap of 2.514714 A between HIE 787 and HIE 787
gap of 2.509496 A between GLU 788 and GLU 788
gap of 2.530066 A between ALA 789 and ALA 789
gap of 2.463306 A between GLU 790 and GLU 790
gap of 2.481062 A between GLU 790 and GLU 790
gap of 2.420313 A between THR 791 and THR 791
gap of 2.429355 A between ILE 792 and ILE 792
gap of 2.447812 A between ASN 793 and ASN 793
gap of 2.440615 A between ASN 793 and ASN 793
gap of 2.450990 A between THR 794 and THR 794
gap of 2.461530 A between LEU 795 and LEU 795
gap of 2.445544 A between ILE 796 and ILE 796
gap of 2.475430 A between LYS 797 and LYS 797
gap of 2.462958 A between ASN 798 and ASN 798
gap of 2.499636 A between ASP 799 and ASP 799
gap of 2.395488 A between ILE 800 and ILE 800
gap of 2.385934 A between ILE 801 and ILE 801
gap of 2.469395 A between THR 802 and THR 802
gap of 2.305271 A between ILE 803 and ILE 803
gap of 2.450289 A between SER 804 and SER 804
gap of 2.487217 A between CYS 805 and CYS 805
gap of 2.469839 A between GLY 806 and GLY 806
gap of 2.481688 A between GLY 807 and GLY 807
gap of 2.454396 A between GLY 808 and GLY 808
gap of 2.493240 A between GLY 809 and GLY 809
gap of 2.350712 A between ILE 810 and ILE 810
gap of 2.523510 A between PRO 811 and PRO 811
gap of 2.466691 A between VAL 812 and VAL 812
gap of 2.494298 A between VAL 813 and VAL 813
gap of 2.564262 A between GLY 814 and GLY 814
gap of 2.507317 A between GLN 815 and GLN 815
gap of 2.483673 A between GLU 816 and GLU 816
gap of 2.430931 A between LEU 817 and LEU 817
gap of 2.433684 A between LYS 818 and LYS 818
gap of 2.443927 A between GLY 819 and GLY 819
gap of 2.434982 A between VAL 820 and VAL 820
gap of 2.412107 A between GLU 821 and GLU 821
gap of 2.404314 A between ALA 822 and ALA 822
gap of 2.358847 A between VAL 823 and VAL 823
gap of 2.381150 A between ILE 824 and ILE 824
gap of 2.419216 A between ASP 825 and ASP 825
gap of 2.485775 A between LYS 826 and LYS 826
gap of 2.455457 A between ASP 827 and ASP 827
gap of 2.411823 A between PHE 828 and PHE 828
gap of 2.434189 A between ALA 829 and ALA 829
gap of 2.458584 A between SER 830 and SER 830
gap of 2.441613 A between GLU 831 and GLU 831
gap of 2.431336 A between LYS 832 and LYS 832
gap of 2.419017 A between LEU 833 and LEU 833
gap of 2.457918 A between ALA 834 and ALA 834
gap of 2.446749 A between GLU 835 and GLU 835
gap of 2.525161 A between LEU 836 and LEU 836
gap of 2.451196 A between VAL 837 and VAL 837
gap of 2.472575 A between ASP 838 and ASP 838
gap of 2.418510 A between ALA 839 and ALA 839
gap of 2.433571 A between ASP 840 and ASP 840
gap of 2.488883 A between ALA 841 and ALA 841
gap of 2.336372 A between LEU 842 and LEU 842
gap of 2.431788 A between VAL 843 and VAL 843
gap of 2.399868 A between ILE 844 and ILE 844
gap of 2.400639 A between LEU 845 and LEU 845
gap of 2.491531 A between THR 846 and THR 846
gap of 2.575226 A between GLY 847 and GLY 847
gap of 2.434553 A between VAL 848 and VAL 848
gap of 2.438852 A between ASP 849 and ASP 849
gap of 2.456260 A between TYR 850 and TYR 850
gap of 2.326415 A between VAL 851 and VAL 851
gap of 2.485951 A between CYS 852 and CYS 852
gap of 2.274812 A between ILE 853 and ILE 853
gap of 2.403948 A between ASN 854 and ASN 854
gap of 2.472479 A between TYR 855 and TYR 855
gap of 2.470121 A between GLY 856 and GLY 856
gap of 2.443938 A between LYS 857 and LYS 857
gap of 2.488916 A between PRO 858 and PRO 858
gap of 2.477815 A between ASP 859 and ASP 859
gap of 2.441670 A between GLU 860 and GLU 860
gap of 2.439410 A between LYS 861 and LYS 861
gap of 2.443355 A between GLN 862 and GLN 862
gap of 2.434283 A between LEU 863 and LEU 863
gap of 2.407985 A between THR 864 and THR 864
gap of 2.428621 A between ASN 865 and ASN 865
gap of 2.481182 A between VAL 866 and VAL 866
gap of 2.422980 A between THR 867 and THR 867
gap of 2.445278 A between VAL 868 and VAL 868
gap of 2.471494 A between ALA 869 and ALA 869
gap of 2.465001 A between GLU 870 and GLU 870
gap of 2.456891 A between LEU 871 and LEU 871
gap of 2.421759 A between GLU 872 and GLU 872
gap of 2.440725 A between GLU 873 and GLU 873
gap of 2.458888 A between TYR 874 and TYR 874
gap of 2.438997 A between LYS 875 and LYS 875
gap of 2.444091 A between GLN 876 and GLN 876
gap of 2.445144 A between ALA 877 and ALA 877
gap of 2.507869 A between GLY 878 and GLY 878
gap of 2.495361 A between HIE 879 and HIE 879
gap of 2.483968 A between PHE 880 and PHE 880
gap of 2.482014 A between ALA 881 and ALA 881
gap of 2.468375 A between PRO 882 and PRO 882
gap of 2.510941 A between GLY 883 and GLY 883
gap of 2.494526 A between SER 884 and SER 884
gap of 2.514302 A between MET 885 and MET 885
gap of 2.506693 A between LEU 886 and LEU 886
gap of 2.489620 A between PRO 887 and PRO 887
gap of 2.445209 A between LYS 888 and LYS 888
gap of 2.432488 A between ILE 889 and ILE 889
gap of 2.453700 A between GLU 890 and GLU 890
gap of 2.440116 A between ALA 891 and ALA 891
gap of 2.443570 A between ALA 892 and ALA 892
gap of 2.439858 A between ILE 893 and ILE 893
gap of 2.462647 A between GLN 894 and GLN 894
gap of 2.476658 A between PHE 895 and PHE 895
gap of 2.462908 A between VAL 896 and VAL 896
gap of 2.490119 A between GLU 897 and GLU 897
gap of 2.493725 A between SER 898 and SER 898
gap of 2.433115 A between GLN 899 and GLN 899
gap of 2.472945 A between PRO 900 and PRO 900
gap of 2.488496 A between ASN 901 and ASN 901
gap of 2.410610 A between LYS 902 and LYS 902
gap of 2.466902 A between GLN 903 and GLN 903
gap of 2.383188 A between ALA 904 and ALA 904
gap of 2.435807 A between ILE 905 and ILE 905
gap of 2.374206 A between ILE 906 and ILE 906
gap of 2.420647 A between THR 907 and THR 907
gap of 2.456819 A between SER 908 and SER 908
gap of 2.435292 A between LEU 909 and LEU 909
gap of 2.478187 A between GLU 910 and GLU 910
gap of 2.479655 A between GLU 910 and GLU 910
gap of 2.488773 A between ASN 911 and ASN 911
gap of 2.418650 A between LEU 912 and LEU 912
gap of 2.414915 A between GLY 913 and GLY 913
gap of 2.476844 A between SER 914 and SER 914
gap of 2.445236 A between MET 915 and MET 915
gap of 2.358396 A between SER 916 and SER 916
gap of 2.361159 A between GLY 917 and GLY 917
gap of 2.451577 A between ASP 918 and ASP 918
gap of 2.510084 A between GLU 919 and GLU 919
gap of 2.430149 A between ILE 920 and ILE 920
gap of 2.432440 A between VAL 921 and VAL 921
gap of 2.361354 A between GLY 922 and GLY 922
gap of 2.372143 A between THR 923 and THR 923
gap of 2.454776 A between VAL 924 and VAL 924
gap of 2.475139 A between VAL 925 and VAL 925
gap of 2.425326 A between THR 926 and THR 926
gap of 2.490367 A between LYS 927 and LYS 927

---------- Mising heavy atom(s)

None
The alternate coordinates have been discarded.
Only the first occurrence for each atom was kept.
not prmtop_filename /net/rebus/scratch1/nigel/amber/hi_lo/we/2we5/4amber_2we5.prmtop

	Running AmberPrep : 2we5.pdb


==================================================
Running pdb4amber on 2we5.pdb
==================================================

==================================================
Setting up library files for non-standard residues
==================================================

==================================================
Running elbow/antechamber for ADP 
==================================================

==================================================
Summary of pdb4amber for: 2we5_4tleap_uc1.pdb
===================================================

----------Chains
The following (original) chains have been found:
A
B
C

---------- Alternate Locations (Original Residues!))

The following residues had alternate locations:
None

---------- Mising heavy atom(s)

None

MoleculeClass :  C:10  N: 5  O:10  P: 2 (CHEMICAL COMPONENTS format)
	39 atoms
	41 bonds
	71 angles
	98 dihedrals
	2 rings (groups, rings, atoms) 3 16
	4 chirals : R S R R 

~> antechamber -i 4antechamber_ADP.pdb -fi pdb -o ADP.mol2 -fo mol2       -nc -3 -m 1 -s 2 -pf y -c bcc -at gaff2 -ek "qm_theory='AM1', grms_tol=0.0005, scfconv=1.d-10, maxcyc=0, ndiis_attempts=700,"


~> parmchk2 -s 2 -i ADP.mol2 -f mol2 -o ADP.frcmod


  Residue "ACT" already in amber monomer library. Skipping elbow/antechamber
    run for this residue.
        

==================================================
Preparing asu files and 4phenix_2we5.pdb
==================================================

~> tleap -f 2we5_asu_tleap_input_run

Checking output filenames
  file : 2we5_asu.prmtop
  file : 2we5_asu.rst7

~> ChBox -c 2we5_asu.rst7 -o 2we5_asu.rst7 -X 103.522 -Y 103.522 -Z 155.414 -al 90.0 -bt 90.0 -gm 120.0 


============================================================
Preparing unit cell files: 4amber_2we5.prmtop and 4amber_2we5.rst7
============================================================

~> UnitCell -p 2we5_4UnitCell.pdb -o 2we5_4tleap_uc1.pdb


~> tleap -f 2we5_uc_tleap_input_run

Checking output filenames
  file : 2we5_uc.prmtop
  file : 2we5_uc.rst7

~> ChBox -c 2we5_uc.rst7 -o 2we5_uc.rst7 -X 103.522 -Y 103.522 -Z 155.414 -al 90.0 -bt 90.0 -gm 120.0 


==================================================
Minimizing input coordinates.
==================================================

~> sander -O -i 2we5_amber_all.in -p 4amber_2we5.prmtop -c 4amber_2we5.rst7 -o 2we5.min.out            -ref 4amber_2we5.rst7 -r 4amber_2we5.min.rst7

checking special positions in 4phenix_2we5.pdb

==================================================
Done.  Three new files have been made:
      4phenix_2we5.pdb
      4amber_2we5.prmtop
      4amber_2we5.rst7
==================================================

Example

  phenix.refine 4phenix_2we5.pdb use_amber=True \
    amber.topology_file_name=4amber_2we5.prmtop \
    amber.coordinate_file_name=4amber_2we5.rst7 \
    ....(other refinement keywords here).....



Substituting Amber PDB file for downloaded file
run_tests_local.py:220: UserWarning: os.system() is not safe: please use the subprocess module or libtbx.easy_run instead.
  os.system(cmd)

  Amber files
    PDB    : 2we5.pdb
    MTZ    : 2we5.mtz
    prmtop : 4amber_2we5.prmtop
    rst7   : 4amber_2we5.rst7
  
/net/rebus/raid1/scratch1/nigel/amber/hi_lo/we/2we5
return_files 2we5
/net/chevy/raid1/nigel/amber/hi_lo
4amber_2we5.pdb
4phenix_2we5.pdb
cp 4phenix_2we5.pdb /net/chevy/raid1/nigel/amber/hi_lo/we/2we5
2we5.pdb
cp 2we5.pdb /net/chevy/raid1/nigel/amber/hi_lo/we/2we5
4amber_2we5.mtz
4phenix_2we5.mtz
2we5.mtz
cp 2we5.mtz /net/chevy/raid1/nigel/amber/hi_lo/we/2we5
4amber_2we5.rst7
cp 4amber_2we5.rst7 /net/chevy/raid1/nigel/amber/hi_lo/we/2we5
4phenix_2we5.rst7
2we5.rst7
4amber_2we5.prmtop
cp 4amber_2we5.prmtop /net/chevy/raid1/nigel/amber/hi_lo/we/2we5
4phenix_2we5.prmtop
2we5.prmtop
4amber_2we5_refine_001.log
4phenix_2we5_refine_001.log
2we5_refine_001.log
4amber_2we5_refine_002.log
4phenix_2we5_refine_002.log
2we5_refine_002.log
4amber_2we5_refine_001.pdb
4phenix_2we5_refine_001.pdb
2we5_refine_001.pdb
4amber_2we5_refine_002.pdb
4phenix_2we5_refine_002.pdb
2we5_refine_002.pdb
local_archive /net/chevy/raid1/nigel/amber/hi_lo
archive PDB /net/chevy/raid1/nigel/amber/hi_lo/we/2we5/2we5.pdb
/net/rebus/raid1/scratch1/nigel/amber/hi_lo/we/2we5
------------------------------
phenix.refine log filename ? > /net/chevy/raid1/nigel/amber/hi_lo/we/2we5/2we5_refine_001.log
------------------------------
------------------------------
phenix.refine log filename ? > 2we5_refine_001.log
------------------------------
Running phenix.refine

phenix.refine 2we5.pdb 2we5.mtz c_beta_restraints=False discard_psi_phi=False strategy="*individual_sites individual_sites_real_space rigid_body *individual_adp group_adp tls *occupancies group_anomalous" refinement.target_weights.optimize_xyz_weight=True refinement.main.number_of_macro_cycles=10 write_geo=False serial=1 cdl=True

