HOST lewis.lbl.gov
only_i 225
only_code None
force_amber_prep True
dry_run False
... 225 1adu
/net/chevy/raid1/nigel/amber/hi_lo
/net/chevy/raid1/nigel/amber/hi_lo/ad/1adu
1adu.pdb 4phenix_1adu.pdb
1adu.pdb 4phenix_1adu.pdb
local_archive None
archive PDB None
Reading from local mirror:
  /net/cci/pdb_mirror/pdb/ad/pdb1adu.ent.gz
Model saved to /net/lewis/raid1/scratch1/nigel/amber/hi_lo/ad/1adu/1adu.pdb
Traceback (most recent call last):
  File "/net/cci-filer2/raid1/xp/phenix/phenix-svn/build/../modules/cctbx_project/mmtbx/command_line/fetch_pdb.py", line 199, in <module>
    run2(sys.argv[1:])
  File "/net/cci-filer2/raid1/xp/phenix/phenix-svn/build/../modules/cctbx_project/mmtbx/command_line/fetch_pdb.py", line 155, in run2
    files.append(get_pdb(id, data_type_, mirror, log, format=data_format))
  File "/net/cci-filer2/raid1/xp/phenix/phenix-svn/modules/cctbx_project/iotbx/pdb/fetch.py", line 213, in get_pdb
    data = fetch(id, data_type, mirror=mirror, format=format, log=log)
  File "/net/cci-filer2/raid1/xp/phenix/phenix-svn/modules/cctbx_project/iotbx/pdb/fetch.py", line 150, in fetch
    data = libtbx.utils.urlopen(url)
  File "/net/cci-filer2/raid1/xp/phenix/phenix-svn/modules/cctbx_project/libtbx/utils.py", line 2069, in urlopen
    return urllib2.urlopen(*args, **kwds)
  File "/net/cci-filer2/raid1/xp/phenix/phenix-svn/base/lib/python2.7/urllib2.py", line 127, in urlopen
    return _opener.open(url, data, timeout)
  File "/net/cci-filer2/raid1/xp/phenix/phenix-svn/base/lib/python2.7/urllib2.py", line 404, in open
    response = self._open(req, data)
  File "/net/cci-filer2/raid1/xp/phenix/phenix-svn/base/lib/python2.7/urllib2.py", line 422, in _open
    '_open', req)
  File "/net/cci-filer2/raid1/xp/phenix/phenix-svn/base/lib/python2.7/urllib2.py", line 382, in _call_chain
    result = func(*args)
  File "/net/cci-filer2/raid1/xp/phenix/phenix-svn/base/lib/python2.7/urllib2.py", line 1214, in http_open
    return self.do_open(httplib.HTTPConnection, req)
  File "/net/cci-filer2/raid1/xp/phenix/phenix-svn/base/lib/python2.7/urllib2.py", line 1184, in do_open
    raise URLError(err)
urllib2.URLError: <urlopen error [Errno 110] Connection timed out>
local_archive None
archive PDB None
Reading from local mirror:
  /net/cci/pdb_mirror/pdb/ad/pdb1adu.ent.gz
Model saved to /net/lewis/raid1/scratch1/nigel/amber/hi_lo/ad/1adu/1adu.pdb
Traceback (most recent call last):
  File "/net/cci-filer2/raid1/xp/phenix/phenix-svn/build/../modules/cctbx_project/mmtbx/command_line/fetch_pdb.py", line 199, in <module>
    run2(sys.argv[1:])
  File "/net/cci-filer2/raid1/xp/phenix/phenix-svn/build/../modules/cctbx_project/mmtbx/command_line/fetch_pdb.py", line 155, in run2
    files.append(get_pdb(id, data_type_, mirror, log, format=data_format))
  File "/net/cci-filer2/raid1/xp/phenix/phenix-svn/modules/cctbx_project/iotbx/pdb/fetch.py", line 213, in get_pdb
    data = fetch(id, data_type, mirror=mirror, format=format, log=log)
  File "/net/cci-filer2/raid1/xp/phenix/phenix-svn/modules/cctbx_project/iotbx/pdb/fetch.py", line 150, in fetch
    data = libtbx.utils.urlopen(url)
  File "/net/cci-filer2/raid1/xp/phenix/phenix-svn/modules/cctbx_project/libtbx/utils.py", line 2069, in urlopen
    return urllib2.urlopen(*args, **kwds)
  File "/net/cci-filer2/raid1/xp/phenix/phenix-svn/base/lib/python2.7/urllib2.py", line 127, in urlopen
    return _opener.open(url, data, timeout)
  File "/net/cci-filer2/raid1/xp/phenix/phenix-svn/base/lib/python2.7/urllib2.py", line 404, in open
    response = self._open(req, data)
  File "/net/cci-filer2/raid1/xp/phenix/phenix-svn/base/lib/python2.7/urllib2.py", line 422, in _open
    '_open', req)
  File "/net/cci-filer2/raid1/xp/phenix/phenix-svn/base/lib/python2.7/urllib2.py", line 382, in _call_chain
    result = func(*args)
  File "/net/cci-filer2/raid1/xp/phenix/phenix-svn/base/lib/python2.7/urllib2.py", line 1214, in http_open
    return self.do_open(httplib.HTTPConnection, req)
  File "/net/cci-filer2/raid1/xp/phenix/phenix-svn/base/lib/python2.7/urllib2.py", line 1184, in do_open
    raise URLError(err)
urllib2.URLError: <urlopen error [Errno 110] Connection timed out>

==================================================
Summary of pdb4amber for: 1adu.pdb
===================================================

----------Chains
The following (original) chains have been found:
A
B

---------- Alternate Locations (Original Residues!))

The following residues had alternate locations:
None

---------- Gaps (Renumbered Residues!)
gap of 4.215619 A between LYS 114 and ASP 115
gap of 11.143707 A between SER 180 and PRO 181
gap of 11.363279 A between LEU 201 and ASP 202
gap of 9.473501 A between PRO 222 and PRO 223
gap of 6.277257 A between ASN 400 and ASP 401
gap of 8.878877 A between ALA 409 and PHE 410
gap of 10.060161 A between SER 460 and PRO 461
gap of 9.792117 A between PRO 508 and PRO 509

---------- Mising heavy atom(s)

None

==================================================
Summary of pdb4amber for: 1adu_4tleap_uc1.pdb
===================================================

----------Chains
The following (original) chains have been found:
A
B

---------- Alternate Locations (Original Residues!))

The following residues had alternate locations:
None

---------- Gaps (Renumbered Residues!)
gap of 4.215619 A between LYS 114 and ASP 115
gap of 11.143707 A between SER 180 and PRO 181
gap of 11.363279 A between LEU 201 and ASP 202
gap of 9.473501 A between PRO 222 and PRO 223
gap of 6.277257 A between ASN 400 and ASP 401
gap of 8.878877 A between ALA 409 and PHE 410
gap of 10.060161 A between SER 460 and PRO 461
gap of 9.792117 A between PRO 508 and PRO 509
gap of 4.215619 A between LYS 691 and ASP 692
gap of 11.143707 A between SER 757 and PRO 758
gap of 11.363279 A between LEU 778 and ASP 779
gap of 9.473501 A between PRO 799 and PRO 800
gap of 6.277257 A between ASN 977 and ASP 978
gap of 8.878877 A between ALA 986 and PHE 987
gap of 10.060161 A between SER 1037 and PRO 1038
gap of 9.792117 A between PRO 1085 and PRO 1086
gap of 4.215619 A between LYS 1268 and ASP 1269
gap of 11.143707 A between SER 1334 and PRO 1335
gap of 11.363279 A between LEU 1355 and ASP 1356
gap of 9.473501 A between PRO 1376 and PRO 1377
gap of 6.277257 A between ASN 1554 and ASP 1555
gap of 8.878877 A between ALA 1563 and PHE 1564
gap of 10.060161 A between SER 1614 and PRO 1615
gap of 9.792117 A between PRO 1662 and PRO 1663
gap of 4.215619 A between LYS 1845 and ASP 1846
gap of 11.143707 A between SER 1911 and PRO 1912
gap of 11.363279 A between LEU 1932 and ASP 1933
gap of 9.473501 A between PRO 1953 and PRO 1954
gap of 6.277257 A between ASN 2131 and ASP 2132
gap of 8.878877 A between ALA 2140 and PHE 2141
gap of 10.060161 A between SER 2191 and PRO 2192
gap of 9.792117 A between PRO 2239 and PRO 2240

---------- Mising heavy atom(s)

None
not prmtop_filename /net/lewis/scratch1/nigel/amber/hi_lo/ad/1adu/4amber_1adu.prmtop

	Running AmberPrep : 1adu.pdb


==================================================
Running pdb4amber on 1adu.pdb
==================================================

==================================================
Setting up library files for non-standard residues
==================================================

==================================================
Preparing asu files and 4phenix_1adu.pdb
==================================================

~> tleap -f 1adu_asu_tleap_input_run

Checking output filenames
  file : 1adu_asu.prmtop
  file : 1adu_asu.rst7

~> ChBox -c 1adu_asu.rst7 -o 1adu_asu.rst7 -X 61.0 -Y 91.2 -Z 149.4 -al 90.0 -bt 90.0 -gm 90.0 


============================================================
Preparing unit cell files: 4amber_1adu.prmtop and 4amber_1adu.rst7
============================================================

~> UnitCell -p 1adu_4UnitCell.pdb -o 1adu_4tleap_uc1.pdb


~> tleap -f 1adu_uc_tleap_input_run

Checking output filenames
  file : 1adu_uc.prmtop
  file : 1adu_uc.rst7

~> ChBox -c 1adu_uc.rst7 -o 1adu_uc.rst7 -X 61.0 -Y 91.2 -Z 149.4 -al 90.0 -bt 90.0 -gm 90.0 


==================================================
Minimizing input coordinates.
==================================================

~> sander -O -i 1adu_amber_all.in -p 4amber_1adu.prmtop -c 4amber_1adu.rst7 -o 1adu.min.out            -ref 4amber_1adu.rst7 -r 4amber_1adu.min.rst7

checking special positions in 4phenix_1adu.pdb

==================================================
Done.  Three new files have been made:
      4phenix_1adu.pdb
      4amber_1adu.prmtop
      4amber_1adu.rst7
==================================================

Example

  phenix.refine 4phenix_1adu.pdb use_amber=True \
    amber.topology_file_name=4amber_1adu.prmtop \
    amber.coordinate_file_name=4amber_1adu.rst7 \
    ....(other refinement keywords here).....



Substituting Amber PDB file for downloaded file
run_tests_local.py:222: UserWarning: os.system() is not safe: please use the subprocess module or libtbx.easy_run instead.
  os.system(cmd)

  Amber files
    PDB    : 1adu.pdb
    MTZ    : 1adu.mtz
    prmtop : 4amber_1adu.prmtop
    rst7   : 4amber_1adu.rst7
  
/net/lewis/raid1/scratch1/nigel/amber/hi_lo/ad/1adu
return_files 1adu
/net/chevy/raid1/nigel/amber/hi_lo
4amber_1adu.pdb
4phenix_1adu.pdb
cp 4phenix_1adu.pdb /net/chevy/raid1/nigel/amber/hi_lo/ad/1adu
1adu.pdb
cp 1adu.pdb /net/chevy/raid1/nigel/amber/hi_lo/ad/1adu
4amber_1adu.mtz
4phenix_1adu.mtz
1adu.mtz
cp 1adu.mtz /net/chevy/raid1/nigel/amber/hi_lo/ad/1adu
4amber_1adu.rst7
cp 4amber_1adu.rst7 /net/chevy/raid1/nigel/amber/hi_lo/ad/1adu
4phenix_1adu.rst7
1adu.rst7
4amber_1adu.prmtop
cp 4amber_1adu.prmtop /net/chevy/raid1/nigel/amber/hi_lo/ad/1adu
4phenix_1adu.prmtop
1adu.prmtop
4amber_1adu_refine_001.log
4phenix_1adu_refine_001.log
1adu_refine_001.log
4amber_1adu_refine_002.log
4phenix_1adu_refine_002.log
1adu_refine_002.log
4amber_1adu_refine_001.pdb
4phenix_1adu_refine_001.pdb
1adu_refine_001.pdb
4amber_1adu_refine_002.pdb
4phenix_1adu_refine_002.pdb
1adu_refine_002.pdb
local_archive /net/chevy/raid1/nigel/amber/hi_lo
archive PDB /net/chevy/raid1/nigel/amber/hi_lo/ad/1adu/1adu.pdb
/net/lewis/raid1/scratch1/nigel/amber/hi_lo/ad/1adu
------------------------------
phenix.refine log filename ? > /net/chevy/raid1/nigel/amber/hi_lo/ad/1adu/1adu_refine_001.log
------------------------------

	Already done (on chevy) 1adu_refine_001
------------------------------
phenix.refine log filename ? > /net/chevy/raid1/nigel/amber/hi_lo/ad/1adu/1adu_refine_002.log
------------------------------

	Already done (on chevy) 1adu_refine_002
