HOST rebus.lbl.gov
only_i 104
only_code None
force_amber_prep True
dry_run False
... 104 2i2w
/net/chevy/raid1/nigel/amber/hi_lo
/net/chevy/raid1/nigel/amber/hi_lo/i2/2i2w
2i2w.pdb 4phenix_2i2w.pdb
2i2w.pdb 4phenix_2i2w.pdb
local_archive None
archive PDB None
Reading from local mirror:
  /net/cci/pdb_mirror/pdb/i2/pdb2i2w.ent.gz
Model saved to /net/rebus/raid1/scratch1/nigel/amber/hi_lo/i2/2i2w/2i2w.pdb
Sequence saved to /net/rebus/raid1/scratch1/nigel/amber/hi_lo/i2/2i2w/2i2w.fa
Reading from local mirror:
  /net/cci/pdb_mirror/structure_factors/i2/r2i2wsf.ent.gz
Structure factors saved to /net/rebus/raid1/scratch1/nigel/amber/hi_lo/i2/2i2w/2i2w-sf.cif
Reading from local mirror:
  /net/cci/pdb_mirror/mmcif/i2/2i2w.cif.gz
Model saved to /net/rebus/raid1/scratch1/nigel/amber/hi_lo/i2/2i2w/2i2w.cif
Can't determine output label for r2i2wsf,_refln.crystal_id - skipping.
Can't determine output label for r2i2wsf,_refln.scale_group_code - skipping.
Can't determine output label for r2i2wsf,_refln.wavelength_id - skipping.
Converted structure factors saved to 2i2w.mtz
local_archive None
archive PDB None
Reading from local mirror:
  /net/cci/pdb_mirror/pdb/i2/pdb2i2w.ent.gz
Model saved to /net/rebus/raid1/scratch1/nigel/amber/hi_lo/i2/2i2w/2i2w.pdb
Sequence saved to /net/rebus/raid1/scratch1/nigel/amber/hi_lo/i2/2i2w/2i2w.fa
Reading from local mirror:
  /net/cci/pdb_mirror/structure_factors/i2/r2i2wsf.ent.gz
Structure factors saved to /net/rebus/raid1/scratch1/nigel/amber/hi_lo/i2/2i2w/2i2w-sf.cif
Reading from local mirror:
  /net/cci/pdb_mirror/mmcif/i2/2i2w.cif.gz
Model saved to /net/rebus/raid1/scratch1/nigel/amber/hi_lo/i2/2i2w/2i2w.cif
Can't determine output label for r2i2wsf,_refln.crystal_id - skipping.
Can't determine output label for r2i2wsf,_refln.scale_group_code - skipping.
Can't determine output label for r2i2wsf,_refln.wavelength_id - skipping.
Converted structure factors saved to 2i2w.mtz
not prmtop_filename /net/rebus/scratch1/nigel/amber/hi_lo/i2/2i2w/4amber_2i2w.prmtop

	Running AmberPrep : 2i2w.pdb


==================================================
Running pdb4amber on 2i2w.pdb
==================================================

==================================================
Setting up library files for non-standard residues
==================================================

  Residue "GOL" already in amber monomer library. Skipping elbow/antechamber
    run for this residue.
        

==================================================
Preparing asu files and 4phenix_2i2w.pdb
==================================================

~> tleap -f 2i2w_asu_tleap_input_run

Checking output filenames
  file : 2i2w_asu.prmtop
  file : 2i2w_asu.rst7

~> ChBox -c 2i2w_asu.rst7 -o 2i2w_asu.rst7 -X 83.93 -Y 89.61 -Z 106.91 -al 90.0 -bt 90.0 -gm 90.0 


============================================================
Preparing unit cell files: 4amber_2i2w.prmtop and 4amber_2i2w.rst7
============================================================

~> UnitCell -p 2i2w_4UnitCell.pdb -o 2i2w_4tleap_uc1.pdb


~> tleap -f 2i2w_uc_tleap_input_run

Checking output filenames
  file : 2i2w_uc.prmtop
  file : 2i2w_uc.rst7

~> ChBox -c 2i2w_uc.rst7 -o 2i2w_uc.rst7 -X 83.93 -Y 89.61 -Z 106.91 -al 90.0 -bt 90.0 -gm 90.0 


==================================================
Minimizing input coordinates.
==================================================

~> sander -O -i 2i2w_amber_all.in -p 4amber_2i2w.prmtop -c 4amber_2i2w.rst7 -o 2i2w.min.out            -ref 4amber_2i2w.rst7 -r 4amber_2i2w.min.rst7

checking special positions in 4phenix_2i2w.pdb

==================================================
Done.  Three new files have been made:
      4phenix_2i2w.pdb
      4amber_2i2w.prmtop
      4amber_2i2w.rst7
==================================================

Example

  phenix.refine 4phenix_2i2w.pdb use_amber=True \
    amber.topology_file_name=4amber_2i2w.prmtop \
    amber.coordinate_file_name=4amber_2i2w.rst7 \
    ....(other refinement keywords here).....



Substituting Amber PDB file for downloaded file

  Amber files
    PDB    : 2i2w.pdb
    MTZ    : 2i2w.mtz
    prmtop : 4amber_2i2w.prmtop
    rst7   : 4amber_2i2w.rst7
  
/net/rebus/raid1/scratch1/nigel/amber/hi_lo/i2/2i2w
return_files 2i2w
/net/chevy/raid1/nigel/amber/hi_lo
4amber_2i2w.pdb
4phenix_2i2w.pdb
cp 4phenix_2i2w.pdb /net/chevy/raid1/nigel/amber/hi_lo/i2/2i2w
2i2w.pdb
cp 2i2w.pdb /net/chevy/raid1/nigel/amber/hi_lo/i2/2i2w
4amber_2i2w.mtz
4phenix_2i2w.mtz
2i2w.mtz
cp 2i2w.mtz /net/chevy/raid1/nigel/amber/hi_lo/i2/2i2w
4amber_2i2w.rst7
cp 4amber_2i2w.rst7 /net/chevy/raid1/nigel/amber/hi_lo/i2/2i2w
4phenix_2i2w.rst7
2i2w.rst7
4amber_2i2w.prmtop
cp 4amber_2i2w.prmtop /net/chevy/raid1/nigel/amber/hi_lo/i2/2i2w
4phenix_2i2w.prmtop
2i2w.prmtop
4amber_2i2w_refine_001.log
4phenix_2i2w_refine_001.log
2i2w_refine_001.log
4amber_2i2w_refine_002.log
4phenix_2i2w_refine_002.log
2i2w_refine_002.log
4amber_2i2w_refine_001.pdb
4phenix_2i2w_refine_001.pdb
2i2w_refine_001.pdb
4amber_2i2w_refine_002.pdb
4phenix_2i2w_refine_002.pdb
2i2w_refine_002.pdb
local_archive /net/chevy/raid1/nigel/amber/hi_lo
archive PDB /net/chevy/raid1/nigel/amber/hi_lo/i2/2i2w/2i2w.pdb
/net/rebus/raid1/scratch1/nigel/amber/hi_lo/i2/2i2w
------------------------------
phenix.refine log filename ? > /net/chevy/raid1/nigel/amber/hi_lo/i2/2i2w/2i2w_refine_001.log
------------------------------

	Already done (on chevy) 2i2w_refine_001
------------------------------
phenix.refine log filename ? > /net/chevy/raid1/nigel/amber/hi_lo/i2/2i2w/2i2w_refine_002.log
------------------------------

	Already done (on chevy) 2i2w_refine_002
