HOST rebus.lbl.gov
only_i 144
only_code None
force_amber_prep True
dry_run False
... 144 2oxo
/net/chevy/raid1/nigel/amber/hi_lo
/net/chevy/raid1/nigel/amber/hi_lo/ox/2oxo
2oxo.pdb 4phenix_2oxo.pdb
2oxo.pdb 4phenix_2oxo.pdb
local_archive None
archive PDB None
Reading from local mirror:
  /net/cci/pdb_mirror/pdb/ox/pdb2oxo.ent.gz
Model saved to /net/rebus/raid1/scratch1/nigel/amber/hi_lo/ox/2oxo/2oxo.pdb
Sequence saved to /net/rebus/raid1/scratch1/nigel/amber/hi_lo/ox/2oxo/2oxo.fa
Reading from local mirror:
  /net/cci/pdb_mirror/structure_factors/ox/r2oxosf.ent.gz
Structure factors saved to /net/rebus/raid1/scratch1/nigel/amber/hi_lo/ox/2oxo/2oxo-sf.cif
Reading from local mirror:
  /net/cci/pdb_mirror/mmcif/ox/2oxo.cif.gz
Model saved to /net/rebus/raid1/scratch1/nigel/amber/hi_lo/ox/2oxo/2oxo.cif
Can't determine output label for r2oxosf,_refln.crystal_id - skipping.
Can't determine output label for r2oxosf,_refln.scale_group_code - skipping.
R-free-flags: fraction_free=0.099
R-free-flags: missing 413 reflections
Can't determine output label for r2oxosf,_refln.wavelength_id - skipping.
Converted structure factors saved to 2oxo.mtz
local_archive None
archive PDB None
Reading from local mirror:
  /net/cci/pdb_mirror/pdb/ox/pdb2oxo.ent.gz
Model saved to /net/rebus/raid1/scratch1/nigel/amber/hi_lo/ox/2oxo/2oxo.pdb
Sequence saved to /net/rebus/raid1/scratch1/nigel/amber/hi_lo/ox/2oxo/2oxo.fa
Reading from local mirror:
  /net/cci/pdb_mirror/structure_factors/ox/r2oxosf.ent.gz
Structure factors saved to /net/rebus/raid1/scratch1/nigel/amber/hi_lo/ox/2oxo/2oxo-sf.cif
Reading from local mirror:
  /net/cci/pdb_mirror/mmcif/ox/2oxo.cif.gz
Model saved to /net/rebus/raid1/scratch1/nigel/amber/hi_lo/ox/2oxo/2oxo.cif
Can't determine output label for r2oxosf,_refln.crystal_id - skipping.
Can't determine output label for r2oxosf,_refln.scale_group_code - skipping.
R-free-flags: fraction_free=0.099
R-free-flags: missing 413 reflections
Can't determine output label for r2oxosf,_refln.wavelength_id - skipping.
Converted structure factors saved to 2oxo.mtz
not prmtop_filename /net/rebus/scratch1/nigel/amber/hi_lo/ox/2oxo/4amber_2oxo.prmtop

	Running AmberPrep : 2oxo.pdb


==================================================
Running pdb4amber on 2oxo.pdb
==================================================

==================================================
Setting up library files for non-standard residues
==================================================

  Residue "SO4" already in amber monomer library. Skipping elbow/antechamber
    run for this residue.
        

==================================================
Preparing asu files and 4phenix_2oxo.pdb
==================================================

~> tleap -f 2oxo_asu_tleap_input_run

Checking output filenames
  file : 2oxo_asu.prmtop
  file : 2oxo_asu.rst7

~> ChBox -c 2oxo_asu.rst7 -o 2oxo_asu.rst7 -X 46.693 -Y 46.693 -Z 111.533 -al 90.0 -bt 90.0 -gm 90.0 


============================================================
Preparing unit cell files: 4amber_2oxo.prmtop and 4amber_2oxo.rst7
============================================================

~> UnitCell -p 2oxo_4UnitCell.pdb -o 2oxo_4tleap_uc1.pdb


~> tleap -f 2oxo_uc_tleap_input_run

Checking output filenames
  file : 2oxo_uc.prmtop
  file : 2oxo_uc.rst7

~> ChBox -c 2oxo_uc.rst7 -o 2oxo_uc.rst7 -X 46.693 -Y 46.693 -Z 111.533 -al 90.0 -bt 90.0 -gm 90.0 


==================================================
Minimizing input coordinates.
==================================================

~> sander -O -i 2oxo_amber_all.in -p 4amber_2oxo.prmtop -c 4amber_2oxo.rst7 -o 2oxo.min.out            -ref 4amber_2oxo.rst7 -r 4amber_2oxo.min.rst7

checking special positions in 4phenix_2oxo.pdb

==================================================
Done.  Three new files have been made:
      4phenix_2oxo.pdb
      4amber_2oxo.prmtop
      4amber_2oxo.rst7
==================================================

Example

  phenix.refine 4phenix_2oxo.pdb use_amber=True \
    amber.topology_file_name=4amber_2oxo.prmtop \
    amber.coordinate_file_name=4amber_2oxo.rst7 \
    ....(other refinement keywords here).....



Substituting Amber PDB file for downloaded file

  Amber files
    PDB    : 2oxo.pdb
    MTZ    : 2oxo.mtz
    prmtop : 4amber_2oxo.prmtop
    rst7   : 4amber_2oxo.rst7
  
/net/rebus/raid1/scratch1/nigel/amber/hi_lo/ox/2oxo
return_files 2oxo
/net/chevy/raid1/nigel/amber/hi_lo
4amber_2oxo.pdb
4phenix_2oxo.pdb
cp 4phenix_2oxo.pdb /net/chevy/raid1/nigel/amber/hi_lo/ox/2oxo
2oxo.pdb
cp 2oxo.pdb /net/chevy/raid1/nigel/amber/hi_lo/ox/2oxo
4amber_2oxo.mtz
4phenix_2oxo.mtz
2oxo.mtz
cp 2oxo.mtz /net/chevy/raid1/nigel/amber/hi_lo/ox/2oxo
4amber_2oxo.rst7
cp 4amber_2oxo.rst7 /net/chevy/raid1/nigel/amber/hi_lo/ox/2oxo
4phenix_2oxo.rst7
2oxo.rst7
4amber_2oxo.prmtop
cp 4amber_2oxo.prmtop /net/chevy/raid1/nigel/amber/hi_lo/ox/2oxo
4phenix_2oxo.prmtop
2oxo.prmtop
4amber_2oxo_refine_001.log
4phenix_2oxo_refine_001.log
2oxo_refine_001.log
4amber_2oxo_refine_002.log
4phenix_2oxo_refine_002.log
2oxo_refine_002.log
4amber_2oxo_refine_001.pdb
4phenix_2oxo_refine_001.pdb
2oxo_refine_001.pdb
4amber_2oxo_refine_002.pdb
4phenix_2oxo_refine_002.pdb
2oxo_refine_002.pdb
local_archive /net/chevy/raid1/nigel/amber/hi_lo
archive PDB /net/chevy/raid1/nigel/amber/hi_lo/ox/2oxo/2oxo.pdb
/net/rebus/raid1/scratch1/nigel/amber/hi_lo/ox/2oxo
------------------------------
phenix.refine log filename ? > /net/chevy/raid1/nigel/amber/hi_lo/ox/2oxo/2oxo_refine_001.log
------------------------------

	Already done (on chevy) 2oxo_refine_001
------------------------------
phenix.refine log filename ? > /net/chevy/raid1/nigel/amber/hi_lo/ox/2oxo/2oxo_refine_002.log
------------------------------

	Already done (on chevy) 2oxo_refine_002
