HOST morse.lbl.gov
only_i 349
only_code None
force_amber_prep True
dry_run False
... 349 1t5a
/net/chevy/raid1/nigel/amber/hi_lo
/net/chevy/raid1/nigel/amber/hi_lo/t5/1t5a
1t5a.pdb 4phenix_1t5a.pdb
1t5a.pdb 4phenix_1t5a.pdb
local_archive None
archive PDB None
Reading from local mirror:
  /net/cci/pdb_mirror/pdb/t5/pdb1t5a.ent.gz
Model saved to /net/morse/raid1/scratch1/nigel/amber/hi_lo/t5/1t5a/1t5a.pdb
Sequence saved to /net/morse/raid1/scratch1/nigel/amber/hi_lo/t5/1t5a/1t5a.fa
Reading from local mirror:
  /net/cci/pdb_mirror/structure_factors/t5/r1t5asf.ent.gz
Structure factors saved to /net/morse/raid1/scratch1/nigel/amber/hi_lo/t5/1t5a/1t5a-sf.cif
Reading from local mirror:
  /net/cci/pdb_mirror/mmcif/t5/1t5a.cif.gz
Model saved to /net/morse/raid1/scratch1/nigel/amber/hi_lo/t5/1t5a/1t5a.cif
Can't determine output label for r1t5asf,_refln.crystal_id - skipping.
Can't determine output label for r1t5asf,_refln.scale_group_code - skipping.
Can't determine output label for r1t5asf,_refln.wavelength_id - skipping.
Converted structure factors saved to 1t5a.mtz
local_archive None
archive PDB None
Reading from local mirror:
  /net/cci/pdb_mirror/pdb/t5/pdb1t5a.ent.gz
Model saved to /net/morse/raid1/scratch1/nigel/amber/hi_lo/t5/1t5a/1t5a.pdb
Sequence saved to /net/morse/raid1/scratch1/nigel/amber/hi_lo/t5/1t5a/1t5a.fa
Reading from local mirror:
  /net/cci/pdb_mirror/structure_factors/t5/r1t5asf.ent.gz
Structure factors saved to /net/morse/raid1/scratch1/nigel/amber/hi_lo/t5/1t5a/1t5a-sf.cif
Reading from local mirror:
  /net/cci/pdb_mirror/mmcif/t5/1t5a.cif.gz
Model saved to /net/morse/raid1/scratch1/nigel/amber/hi_lo/t5/1t5a/1t5a.cif
Can't determine output label for r1t5asf,_refln.crystal_id - skipping.
Can't determine output label for r1t5asf,_refln.scale_group_code - skipping.
Can't determine output label for r1t5asf,_refln.wavelength_id - skipping.
Converted structure factors saved to 1t5a.mtz

==================================================
Summary of pdb4amber for: 1t5a.pdb
===================================================
REDUCE returned non-zero exit status: See reduce_info.log for more details

----------Chains
The following (original) chains have been found:
A
B
C
D

---------- Alternate Locations (Original Residues!))

The following residues had alternate locations:
None

---------- Mising heavy atom(s)

None
not prmtop_filename /net/morse/scratch1/nigel/amber/hi_lo/t5/1t5a/4amber_1t5a.prmtop

	Running AmberPrep : 1t5a.pdb


==================================================
Running pdb4amber on 1t5a.pdb
==================================================

==================================================
Setting up library files for non-standard residues
==================================================

  Residue "OXL" already in amber monomer library. Skipping elbow/antechamber
    run for this residue.
        

  Residue "GOL" already in amber monomer library. Skipping elbow/antechamber
    run for this residue.
        

  Residue "PO4" already in amber monomer library. Skipping elbow/antechamber
    run for this residue.
        

==================================================
Running elbow/antechamber for FBP 
==================================================

==================================================
Summary of pdb4amber for: 1t5a_4tleap_uc1.pdb
===================================================

----------Chains
The following (original) chains have been found:
A
B
C
D

---------- Alternate Locations (Original Residues!))

The following residues had alternate locations:
None

---------- Mising heavy atom(s)

None

MoleculeClass :  C: 6  O:12  P: 2 (CHEMICAL COMPONENTS format)
	30 atoms
	30 bonds
	54 angles
	72 dihedrals
	1 rings (groups, rings, atoms) 1 5
	4 chirals : R S S R 

~> antechamber -i 4antechamber_FBP.pdb -fi pdb -o FBP.mol2 -fo mol2       -nc -4 -m 1 -s 2 -pf y -c bcc -at gaff2 -ek "qm_theory='AM1',grms_tol=0.0005,scfconv=1.d-10,maxcyc=0,ndiis_attempts=700,"


~> parmchk2 -s 2 -i FBP.mol2 -f mol2 -o FBP.frcmod


==================================================
Preparing asu files and 4phenix_1t5a.pdb
==================================================

~> tleap -f 1t5a_asu_tleap_input_run

Checking output filenames
  file : 1t5a_asu.prmtop
  file : 1t5a_asu.rst7

~> ChBox -c 1t5a_asu.rst7 -o 1t5a_asu.rst7 -X 108.209 -Y 145.006 -Z 159.26 -al 90.0 -bt 90.0 -gm 90.0 


============================================================
Preparing unit cell files: 4amber_1t5a.prmtop and 4amber_1t5a.rst7
============================================================

~> UnitCell -p 1t5a_4UnitCell.pdb -o 1t5a_4tleap_uc1.pdb


~> tleap -f 1t5a_uc_tleap_input_run

Checking output filenames
  file : 1t5a_uc.prmtop
  file : 1t5a_uc.rst7

~> ChBox -c 1t5a_uc.rst7 -o 1t5a_uc.rst7 -X 108.209 -Y 145.006 -Z 159.26 -al 90.0 -bt 90.0 -gm 90.0 


==================================================
Minimizing input coordinates.
==================================================

~> sander -O -i 1t5a_amber_all.in -p 4amber_1t5a.prmtop -c 4amber_1t5a.rst7 -o 1t5a.min.out            -ref 4amber_1t5a.rst7 -r 4amber_1t5a.min.rst7

checking special positions in 4phenix_1t5a.pdb

==================================================
Done.  Three new files have been made:
      4phenix_1t5a.pdb
      4amber_1t5a.prmtop
      4amber_1t5a.rst7
==================================================

Example

  phenix.refine 4phenix_1t5a.pdb use_amber=True \
    amber.topology_file_name=4amber_1t5a.prmtop \
    amber.coordinate_file_name=4amber_1t5a.rst7 \
    ....(other refinement keywords here).....



Substituting Amber PDB file for downloaded file
run_tests_local.py:222: UserWarning: os.system() is not safe: please use the subprocess module or libtbx.easy_run instead.
  os.system(cmd)

  Amber files
    PDB    : 1t5a.pdb
    MTZ    : 1t5a.mtz
    prmtop : 4amber_1t5a.prmtop
    rst7   : 4amber_1t5a.rst7
  
/net/morse/raid1/scratch1/nigel/amber/hi_lo/t5/1t5a
return_files 1t5a
/net/chevy/raid1/nigel/amber/hi_lo
4amber_1t5a.pdb
4phenix_1t5a.pdb
cp 4phenix_1t5a.pdb /net/chevy/raid1/nigel/amber/hi_lo/t5/1t5a
1t5a.pdb
cp 1t5a.pdb /net/chevy/raid1/nigel/amber/hi_lo/t5/1t5a
4amber_1t5a.mtz
4phenix_1t5a.mtz
1t5a.mtz
cp 1t5a.mtz /net/chevy/raid1/nigel/amber/hi_lo/t5/1t5a
4amber_1t5a.rst7
cp 4amber_1t5a.rst7 /net/chevy/raid1/nigel/amber/hi_lo/t5/1t5a
4phenix_1t5a.rst7
1t5a.rst7
4amber_1t5a.prmtop
cp 4amber_1t5a.prmtop /net/chevy/raid1/nigel/amber/hi_lo/t5/1t5a
4phenix_1t5a.prmtop
1t5a.prmtop
4amber_1t5a_refine_001.log
4phenix_1t5a_refine_001.log
1t5a_refine_001.log
4amber_1t5a_refine_002.log
4phenix_1t5a_refine_002.log
1t5a_refine_002.log
4amber_1t5a_refine_001.pdb
4phenix_1t5a_refine_001.pdb
1t5a_refine_001.pdb
4amber_1t5a_refine_002.pdb
4phenix_1t5a_refine_002.pdb
1t5a_refine_002.pdb
local_archive /net/chevy/raid1/nigel/amber/hi_lo
archive PDB /net/chevy/raid1/nigel/amber/hi_lo/t5/1t5a/1t5a.pdb
/net/morse/raid1/scratch1/nigel/amber/hi_lo/t5/1t5a
------------------------------
phenix.refine log filename ? > /net/chevy/raid1/nigel/amber/hi_lo/t5/1t5a/1t5a_refine_001.log
------------------------------

	Already done (on chevy) 1t5a_refine_001
------------------------------
phenix.refine log filename ? > /net/chevy/raid1/nigel/amber/hi_lo/t5/1t5a/1t5a_refine_002.log
------------------------------

	Already done (on chevy) 1t5a_refine_002
