HOST rebus.lbl.gov
only_i 176
only_code None
force_amber_prep True
dry_run False
... 176 2h1c
/net/chevy/raid1/nigel/amber/hi_lo
/net/chevy/raid1/nigel/amber/hi_lo/h1/2h1c
2h1c.pdb 4phenix_2h1c.pdb
2h1c.pdb 4phenix_2h1c.pdb
local_archive None
archive PDB None
Reading from local mirror:
  /net/cci/pdb_mirror/pdb/h1/pdb2h1c.ent.gz
Model saved to /net/rebus/raid1/scratch1/nigel/amber/hi_lo/h1/2h1c/2h1c.pdb
Sequence saved to /net/rebus/raid1/scratch1/nigel/amber/hi_lo/h1/2h1c/2h1c.fa
Reading from local mirror:
  /net/cci/pdb_mirror/structure_factors/h1/r2h1csf.ent.gz
Structure factors saved to /net/rebus/raid1/scratch1/nigel/amber/hi_lo/h1/2h1c/2h1c-sf.cif
Reading from local mirror:
  /net/cci/pdb_mirror/mmcif/h1/2h1c.cif.gz
Model saved to /net/rebus/raid1/scratch1/nigel/amber/hi_lo/h1/2h1c/2h1c.cif
Can't determine output label for r2h1csf,_refln.crystal_id - skipping.
Can't determine output label for r2h1csf,_refln.scale_group_code - skipping.
Can't determine output label for r2h1csf,_refln.wavelength_id - skipping.
Converted structure factors saved to 2h1c.mtz
local_archive None
archive PDB None
Reading from local mirror:
  /net/cci/pdb_mirror/pdb/h1/pdb2h1c.ent.gz
Model saved to /net/rebus/raid1/scratch1/nigel/amber/hi_lo/h1/2h1c/2h1c.pdb
Sequence saved to /net/rebus/raid1/scratch1/nigel/amber/hi_lo/h1/2h1c/2h1c.fa
Reading from local mirror:
  /net/cci/pdb_mirror/structure_factors/h1/r2h1csf.ent.gz
Structure factors saved to /net/rebus/raid1/scratch1/nigel/amber/hi_lo/h1/2h1c/2h1c-sf.cif
Reading from local mirror:
  /net/cci/pdb_mirror/mmcif/h1/2h1c.cif.gz
Model saved to /net/rebus/raid1/scratch1/nigel/amber/hi_lo/h1/2h1c/2h1c.cif
Can't determine output label for r2h1csf,_refln.crystal_id - skipping.
Can't determine output label for r2h1csf,_refln.scale_group_code - skipping.
Can't determine output label for r2h1csf,_refln.wavelength_id - skipping.
Converted structure factors saved to 2h1c.mtz
not prmtop_filename /net/rebus/scratch1/nigel/amber/hi_lo/h1/2h1c/4amber_2h1c.prmtop

	Running AmberPrep : 2h1c.pdb


==================================================
Running pdb4amber on 2h1c.pdb
==================================================

==================================================
Setting up library files for non-standard residues
==================================================

  Residue "SO4" already in amber monomer library. Skipping elbow/antechamber
    run for this residue.
        

  Residue "ACT" already in amber monomer library. Skipping elbow/antechamber
    run for this residue.
        

==================================================
Preparing asu files and 4phenix_2h1c.pdb
==================================================

~> tleap -f 2h1c_asu_tleap_input_run

Checking output filenames
  file : 2h1c_asu.prmtop
  file : 2h1c_asu.rst7

~> ChBox -c 2h1c_asu.rst7 -o 2h1c_asu.rst7 -X 69.97 -Y 50.7 -Z 48.28 -al 90.0 -bt 118.55 -gm 90.0 


============================================================
Preparing unit cell files: 4amber_2h1c.prmtop and 4amber_2h1c.rst7
============================================================

~> UnitCell -p 2h1c_4UnitCell.pdb -o 2h1c_4tleap_uc1.pdb


~> tleap -f 2h1c_uc_tleap_input_run

Checking output filenames
  file : 2h1c_uc.prmtop
  file : 2h1c_uc.rst7

~> ChBox -c 2h1c_uc.rst7 -o 2h1c_uc.rst7 -X 69.97 -Y 50.7 -Z 48.28 -al 90.0 -bt 118.55 -gm 90.0 


==================================================
Minimizing input coordinates.
==================================================

~> sander -O -i 2h1c_amber_all.in -p 4amber_2h1c.prmtop -c 4amber_2h1c.rst7 -o 2h1c.min.out            -ref 4amber_2h1c.rst7 -r 4amber_2h1c.min.rst7

checking special positions in 4phenix_2h1c.pdb

==================================================
Done.  Three new files have been made:
      4phenix_2h1c.pdb
      4amber_2h1c.prmtop
      4amber_2h1c.rst7
==================================================

Example

  phenix.refine 4phenix_2h1c.pdb use_amber=True \
    amber.topology_file_name=4amber_2h1c.prmtop \
    amber.coordinate_file_name=4amber_2h1c.rst7 \
    ....(other refinement keywords here).....



Substituting Amber PDB file for downloaded file

  Amber files
    PDB    : 2h1c.pdb
    MTZ    : 2h1c.mtz
    prmtop : 4amber_2h1c.prmtop
    rst7   : 4amber_2h1c.rst7
  
/net/rebus/raid1/scratch1/nigel/amber/hi_lo/h1/2h1c
return_files 2h1c
/net/chevy/raid1/nigel/amber/hi_lo
4amber_2h1c.pdb
4phenix_2h1c.pdb
cp 4phenix_2h1c.pdb /net/chevy/raid1/nigel/amber/hi_lo/h1/2h1c
2h1c.pdb
cp 2h1c.pdb /net/chevy/raid1/nigel/amber/hi_lo/h1/2h1c
4amber_2h1c.mtz
4phenix_2h1c.mtz
2h1c.mtz
cp 2h1c.mtz /net/chevy/raid1/nigel/amber/hi_lo/h1/2h1c
4amber_2h1c.rst7
cp 4amber_2h1c.rst7 /net/chevy/raid1/nigel/amber/hi_lo/h1/2h1c
4phenix_2h1c.rst7
2h1c.rst7
4amber_2h1c.prmtop
cp 4amber_2h1c.prmtop /net/chevy/raid1/nigel/amber/hi_lo/h1/2h1c
4phenix_2h1c.prmtop
2h1c.prmtop
4amber_2h1c_refine_001.log
4phenix_2h1c_refine_001.log
2h1c_refine_001.log
4amber_2h1c_refine_002.log
4phenix_2h1c_refine_002.log
2h1c_refine_002.log
4amber_2h1c_refine_001.pdb
4phenix_2h1c_refine_001.pdb
2h1c_refine_001.pdb
4amber_2h1c_refine_002.pdb
4phenix_2h1c_refine_002.pdb
2h1c_refine_002.pdb
local_archive /net/chevy/raid1/nigel/amber/hi_lo
archive PDB /net/chevy/raid1/nigel/amber/hi_lo/h1/2h1c/2h1c.pdb
/net/rebus/raid1/scratch1/nigel/amber/hi_lo/h1/2h1c
------------------------------
phenix.refine log filename ? > /net/chevy/raid1/nigel/amber/hi_lo/h1/2h1c/2h1c_refine_001.log
------------------------------

	Already done (on chevy) 2h1c_refine_001
------------------------------
phenix.refine log filename ? > /net/chevy/raid1/nigel/amber/hi_lo/h1/2h1c/2h1c_refine_002.log
------------------------------

	Already done (on chevy) 2h1c_refine_002
