HOST morse.lbl.gov
only_i 337
only_code None
force_amber_prep True
dry_run False
... 337 8icn
/net/chevy/raid1/nigel/amber/hi_lo
/net/chevy/raid1/nigel/amber/hi_lo/ic/8icn
8icn.pdb 4phenix_8icn.pdb
local_archive None
archive PDB None
Reading from local mirror:
  /net/cci/pdb_mirror/pdb/ic/pdb8icn.ent.gz
Model saved to /net/morse/raid1/scratch1/nigel/amber/hi_lo/ic/8icn/8icn.pdb
Sequence saved to /net/morse/raid1/scratch1/nigel/amber/hi_lo/ic/8icn/8icn.fa
Reading from local mirror:
  /net/cci/pdb_mirror/structure_factors/ic/r8icnsf.ent.gz
Structure factors saved to /net/morse/raid1/scratch1/nigel/amber/hi_lo/ic/8icn/8icn-sf.cif
Reading from local mirror:
  /net/cci/pdb_mirror/mmcif/ic/8icn.cif.gz
Model saved to /net/morse/raid1/scratch1/nigel/amber/hi_lo/ic/8icn/8icn.cif
Can't determine output label for r8icnsf,_refln.crystal_id - skipping.
Can't determine output label for r8icnsf,_refln.scale_group_code - skipping.
Can't determine output label for r8icnsf,_refln.wavelength_id - skipping.
Converted structure factors saved to 8icn.mtz
local_archive None
archive PDB None
Reading from local mirror:
  /net/cci/pdb_mirror/pdb/ic/pdb8icn.ent.gz
Model saved to /net/morse/raid1/scratch1/nigel/amber/hi_lo/ic/8icn/8icn.pdb
Sequence saved to /net/morse/raid1/scratch1/nigel/amber/hi_lo/ic/8icn/8icn.fa
Reading from local mirror:
  /net/cci/pdb_mirror/structure_factors/ic/r8icnsf.ent.gz
Structure factors saved to /net/morse/raid1/scratch1/nigel/amber/hi_lo/ic/8icn/8icn-sf.cif
Reading from local mirror:
  /net/cci/pdb_mirror/mmcif/ic/8icn.cif.gz
Model saved to /net/morse/raid1/scratch1/nigel/amber/hi_lo/ic/8icn/8icn.cif
Can't determine output label for r8icnsf,_refln.crystal_id - skipping.
Can't determine output label for r8icnsf,_refln.scale_group_code - skipping.
Can't determine output label for r8icnsf,_refln.wavelength_id - skipping.
Converted structure factors saved to 8icn.mtz

==================================================
Summary of pdb4amber for: 8icn.pdb
===================================================
REDUCE returned non-zero exit status: See reduce_info.log for more details

----------Chains
The following (original) chains have been found:
A
P
T

---------- Alternate Locations (Original Residues!))

The following residues had alternate locations:
None

---------- Mising heavy atom(s)

None
not prmtop_filename /net/morse/scratch1/nigel/amber/hi_lo/ic/8icn/4amber_8icn.prmtop
not prmtop_filename /net/chevy/raid1/nigel/amber/hi_lo/ic/8icn/4amber_8icn.prmtop

	Running AmberPrep : 8icn.pdb


==================================================
Running pdb4amber on 8icn.pdb
==================================================

==================================================
Setting up library files for non-standard residues
==================================================

==================================================
Running elbow/antechamber for ATP 
==================================================

MoleculeClass :  C:10  N: 5  O:13  P: 3 (CHEMICAL COMPONENTS format)
	43 atoms
	45 bonds
	78 angles
	104 dihedrals
	2 rings (groups, rings, atoms) 3 16
	4 chirals : R S R R 

~> antechamber -i 4antechamber_ATP.pdb -fi pdb -o ATP.mol2 -fo mol2       -nc -4 -m 1 -s 2 -pf y -c bcc -at gaff2 -ek "qm_theory='AM1',grms_tol=0.0005,scfconv=1.d-10,maxcyc=0,ndiis_attempts=700,"


~> parmchk2 -s 2 -i ATP.mol2 -f mol2 -o ATP.frcmod


==================================================
Preparing asu files and 4phenix_8icn.pdb
==================================================

~> tleap -f 8icn_asu_tleap_input_run

Checking output filenames
  file : 8icn_asu.prmtop
Sorry:   Output file is empty : 8icn_asu.prmtop
  Check contents of "leap.log"
