HOST rebus.lbl.gov
only_i 46
only_code None
force_amber_prep True
dry_run False
... 46 3n9g
/net/chevy/raid1/nigel/amber/hi_lo
/net/chevy/raid1/nigel/amber/hi_lo/n9/3n9g
3n9g.pdb 4phenix_3n9g.pdb
local_archive None
archive PDB None
Reading from local mirror:
  /net/cci/pdb_mirror/pdb/n9/pdb3n9g.ent.gz
Model saved to /net/rebus/raid1/scratch1/nigel/amber/hi_lo/n9/3n9g/3n9g.pdb
Sequence saved to /net/rebus/raid1/scratch1/nigel/amber/hi_lo/n9/3n9g/3n9g.fa
Reading from local mirror:
  /net/cci/pdb_mirror/structure_factors/n9/r3n9gsf.ent.gz
Structure factors saved to /net/rebus/raid1/scratch1/nigel/amber/hi_lo/n9/3n9g/3n9g-sf.cif
Reading from local mirror:
  /net/cci/pdb_mirror/mmcif/n9/3n9g.cif.gz
Model saved to /net/rebus/raid1/scratch1/nigel/amber/hi_lo/n9/3n9g/3n9g.cif
Can't determine output label for r3n9gsf,_refln.crystal_id - skipping.
Can't determine output label for r3n9gsf,_refln.scale_group_code - skipping.
Can't determine output label for r3n9gsf,_refln.wavelength_id - skipping.
Converted structure factors saved to 3n9g.mtz
local_archive None
archive PDB None
Reading from local mirror:
  /net/cci/pdb_mirror/pdb/n9/pdb3n9g.ent.gz
Model saved to /net/rebus/raid1/scratch1/nigel/amber/hi_lo/n9/3n9g/3n9g.pdb
Sequence saved to /net/rebus/raid1/scratch1/nigel/amber/hi_lo/n9/3n9g/3n9g.fa
Reading from local mirror:
  /net/cci/pdb_mirror/structure_factors/n9/r3n9gsf.ent.gz
Structure factors saved to /net/rebus/raid1/scratch1/nigel/amber/hi_lo/n9/3n9g/3n9g-sf.cif
Reading from local mirror:
  /net/cci/pdb_mirror/mmcif/n9/3n9g.cif.gz
Model saved to /net/rebus/raid1/scratch1/nigel/amber/hi_lo/n9/3n9g/3n9g.cif
Can't determine output label for r3n9gsf,_refln.crystal_id - skipping.
Can't determine output label for r3n9gsf,_refln.scale_group_code - skipping.
Can't determine output label for r3n9gsf,_refln.wavelength_id - skipping.
Converted structure factors saved to 3n9g.mtz
not prmtop_filename /net/rebus/scratch1/nigel/amber/hi_lo/n9/3n9g/4amber_3n9g.prmtop
not prmtop_filename /net/chevy/raid1/nigel/amber/hi_lo/n9/3n9g/4amber_3n9g.prmtop

	Running AmberPrep : 3n9g.pdb


==================================================
Running pdb4amber on 3n9g.pdb
==================================================

==================================================
Setting up library files for non-standard residues
==================================================

==================================================
Running elbow/antechamber for PCA 
==================================================

MoleculeClass :  C: 5  N: 1  O: 3 (CHEMICAL COMPONENTS format)
	15 atoms
	15 bonds
	27 angles
	40 dihedrals
	1 rings (groups, rings, atoms) 1 5
	1 chirals : S 

~> antechamber -i 4antechamber_PCA.pdb -fi pdb -o PCA.mol2 -fo mol2       -nc -1 -m 1 -s 2 -pf y -c bcc -at gaff2 -ek "qm_theory='AM1', grms_tol=0.0005, scfconv=1.d-10, maxcyc=0, ndiis_attempts=700,"


~> parmchk2 -s 2 -i PCA.mol2 -f mol2 -o PCA.frcmod


==================================================
Preparing asu files and 4phenix_3n9g.pdb
==================================================

~> tleap -f 3n9g_asu_tleap_input_run

Checking output filenames
  file : 3n9g_asu.prmtop
