HOST morse.lbl.gov
only_i 357
only_code None
force_amber_prep True
dry_run False
... 357 1rrp
/net/chevy/raid1/nigel/amber/hi_lo
/net/chevy/raid1/nigel/amber/hi_lo/rr/1rrp
1rrp.pdb 4phenix_1rrp.pdb
1rrp.pdb 4phenix_1rrp.pdb
local_archive None
archive PDB None
Reading from local mirror:
  /net/cci/pdb_mirror/pdb/rr/pdb1rrp.ent.gz
Model saved to /net/morse/raid1/scratch1/nigel/amber/hi_lo/rr/1rrp/1rrp.pdb
Sequence saved to /net/morse/raid1/scratch1/nigel/amber/hi_lo/rr/1rrp/1rrp.fa
Reading from local mirror:
  /net/cci/pdb_mirror/structure_factors/rr/r1rrpsf.ent.gz
Structure factors saved to /net/morse/raid1/scratch1/nigel/amber/hi_lo/rr/1rrp/1rrp-sf.cif
Reading from local mirror:
  /net/cci/pdb_mirror/mmcif/rr/1rrp.cif.gz
Model saved to /net/morse/raid1/scratch1/nigel/amber/hi_lo/rr/1rrp/1rrp.cif
Can't determine output label for r1rrpsf,_refln.crystal_id - skipping.
Can't determine output label for r1rrpsf,_refln.scale_group_code - skipping.
Can't determine output label for r1rrpsf,_refln.wavelength_id - skipping.
Converted structure factors saved to 1rrp.mtz
local_archive None
archive PDB None
Reading from local mirror:
  /net/cci/pdb_mirror/pdb/rr/pdb1rrp.ent.gz
Model saved to /net/morse/raid1/scratch1/nigel/amber/hi_lo/rr/1rrp/1rrp.pdb
Sequence saved to /net/morse/raid1/scratch1/nigel/amber/hi_lo/rr/1rrp/1rrp.fa
Reading from local mirror:
  /net/cci/pdb_mirror/structure_factors/rr/r1rrpsf.ent.gz
Structure factors saved to /net/morse/raid1/scratch1/nigel/amber/hi_lo/rr/1rrp/1rrp-sf.cif
Reading from local mirror:
  /net/cci/pdb_mirror/mmcif/rr/1rrp.cif.gz
Model saved to /net/morse/raid1/scratch1/nigel/amber/hi_lo/rr/1rrp/1rrp.cif
Can't determine output label for r1rrpsf,_refln.crystal_id - skipping.
Can't determine output label for r1rrpsf,_refln.scale_group_code - skipping.
Can't determine output label for r1rrpsf,_refln.wavelength_id - skipping.
Converted structure factors saved to 1rrp.mtz

==================================================
Summary of pdb4amber for: 1rrp.pdb
===================================================
REDUCE returned non-zero exit status: See reduce_info.log for more details

----------Chains
The following (original) chains have been found:
A
B
C
D

---------- Alternate Locations (Original Residues!))

The following residues had alternate locations:
None

---------- Mising heavy atom(s)

None
not prmtop_filename /net/morse/scratch1/nigel/amber/hi_lo/rr/1rrp/4amber_1rrp.prmtop

	Running AmberPrep : 1rrp.pdb


==================================================
Running pdb4amber on 1rrp.pdb
==================================================

==================================================
Setting up library files for non-standard residues
==================================================

==================================================
Running elbow/antechamber for GNP 
==================================================

==================================================
Summary of pdb4amber for: 1rrp_4tleap_uc1.pdb
===================================================

----------Chains
The following (original) chains have been found:
A
B
C
D

---------- Alternate Locations (Original Residues!))

The following residues had alternate locations:
None

---------- Mising heavy atom(s)

None

MoleculeClass :  C:10  N: 6  O:13  P: 3 (CHEMICAL COMPONENTS format)
	45 atoms
	47 bonds
	82 angles
	114 dihedrals
	2 rings (groups, rings, atoms) 3 16
	4 chirals : R S R R 

~> antechamber -i 4antechamber_GNP.pdb -fi pdb -o GNP.mol2 -fo mol2       -nc -4 -m 1 -s 2 -pf y -c bcc -at gaff2 -ek "qm_theory='AM1',grms_tol=0.0005,scfconv=1.d-10,maxcyc=0,ndiis_attempts=700,"


~> parmchk2 -s 2 -i GNP.mol2 -f mol2 -o GNP.frcmod


==================================================
Preparing asu files and 4phenix_1rrp.pdb
==================================================

~> tleap -f 1rrp_asu_tleap_input_run

Checking output filenames
  file : 1rrp_asu.prmtop
  file : 1rrp_asu.rst7

~> ChBox -c 1rrp_asu.rst7 -o 1rrp_asu.rst7 -X 121.339 -Y 139.463 -Z 91.654 -al 90.0 -bt 135.78 -gm 90.0 


============================================================
Preparing unit cell files: 4amber_1rrp.prmtop and 4amber_1rrp.rst7
============================================================

~> UnitCell -p 1rrp_4UnitCell.pdb -o 1rrp_4tleap_uc1.pdb


~> tleap -f 1rrp_uc_tleap_input_run

Checking output filenames
  file : 1rrp_uc.prmtop
  file : 1rrp_uc.rst7

~> ChBox -c 1rrp_uc.rst7 -o 1rrp_uc.rst7 -X 121.339 -Y 139.463 -Z 91.654 -al 90.0 -bt 135.78 -gm 90.0 


==================================================
Minimizing input coordinates.
==================================================

~> sander -O -i 1rrp_amber_all.in -p 4amber_1rrp.prmtop -c 4amber_1rrp.rst7 -o 1rrp.min.out            -ref 4amber_1rrp.rst7 -r 4amber_1rrp.min.rst7

checking special positions in 4phenix_1rrp.pdb

==================================================
Done.  Three new files have been made:
      4phenix_1rrp.pdb
      4amber_1rrp.prmtop
      4amber_1rrp.rst7
==================================================

Example

  phenix.refine 4phenix_1rrp.pdb use_amber=True \
    amber.topology_file_name=4amber_1rrp.prmtop \
    amber.coordinate_file_name=4amber_1rrp.rst7 \
    ....(other refinement keywords here).....



Substituting Amber PDB file for downloaded file
run_tests_local.py:222: UserWarning: os.system() is not safe: please use the subprocess module or libtbx.easy_run instead.
  os.system(cmd)

  Amber files
    PDB    : 1rrp.pdb
    MTZ    : 1rrp.mtz
    prmtop : 4amber_1rrp.prmtop
    rst7   : 4amber_1rrp.rst7
  
/net/morse/raid1/scratch1/nigel/amber/hi_lo/rr/1rrp
return_files 1rrp
/net/chevy/raid1/nigel/amber/hi_lo
4amber_1rrp.pdb
4phenix_1rrp.pdb
cp 4phenix_1rrp.pdb /net/chevy/raid1/nigel/amber/hi_lo/rr/1rrp
1rrp.pdb
cp 1rrp.pdb /net/chevy/raid1/nigel/amber/hi_lo/rr/1rrp
4amber_1rrp.mtz
4phenix_1rrp.mtz
1rrp.mtz
cp 1rrp.mtz /net/chevy/raid1/nigel/amber/hi_lo/rr/1rrp
4amber_1rrp.rst7
cp 4amber_1rrp.rst7 /net/chevy/raid1/nigel/amber/hi_lo/rr/1rrp
4phenix_1rrp.rst7
1rrp.rst7
4amber_1rrp.prmtop
cp 4amber_1rrp.prmtop /net/chevy/raid1/nigel/amber/hi_lo/rr/1rrp
4phenix_1rrp.prmtop
1rrp.prmtop
4amber_1rrp_refine_001.log
4phenix_1rrp_refine_001.log
1rrp_refine_001.log
4amber_1rrp_refine_002.log
4phenix_1rrp_refine_002.log
1rrp_refine_002.log
4amber_1rrp_refine_001.pdb
4phenix_1rrp_refine_001.pdb
1rrp_refine_001.pdb
4amber_1rrp_refine_002.pdb
4phenix_1rrp_refine_002.pdb
1rrp_refine_002.pdb
local_archive /net/chevy/raid1/nigel/amber/hi_lo
archive PDB /net/chevy/raid1/nigel/amber/hi_lo/rr/1rrp/1rrp.pdb
/net/morse/raid1/scratch1/nigel/amber/hi_lo/rr/1rrp
------------------------------
phenix.refine log filename ? > /net/chevy/raid1/nigel/amber/hi_lo/rr/1rrp/1rrp_refine_001.log
------------------------------

	Already done (on chevy) 1rrp_refine_001
------------------------------
phenix.refine log filename ? > /net/chevy/raid1/nigel/amber/hi_lo/rr/1rrp/1rrp_refine_002.log
------------------------------

	Already done (on chevy) 1rrp_refine_002
