HOST rebus.lbl.gov
only_i 14
only_code None
force_amber_prep True
dry_run False
... 14 3bbb
/net/chevy/raid1/nigel/amber/hi_lo
/net/chevy/raid1/nigel/amber/hi_lo/bb/3bbb
3bbb.pdb 4phenix_3bbb.pdb
local_archive None
archive PDB None
Reading from local mirror:
  /net/cci/pdb_mirror/pdb/bb/pdb3bbb.ent.gz
Model saved to /net/rebus/raid1/scratch1/nigel/amber/hi_lo/bb/3bbb/3bbb.pdb
Sequence saved to /net/rebus/raid1/scratch1/nigel/amber/hi_lo/bb/3bbb/3bbb.fa
Reading from local mirror:
  /net/cci/pdb_mirror/structure_factors/bb/r3bbbsf.ent.gz
Structure factors saved to /net/rebus/raid1/scratch1/nigel/amber/hi_lo/bb/3bbb/3bbb-sf.cif
Reading from local mirror:
  /net/cci/pdb_mirror/mmcif/bb/3bbb.cif.gz
Model saved to /net/rebus/raid1/scratch1/nigel/amber/hi_lo/bb/3bbb/3bbb.cif
Can't determine output label for r3bbbsf,_refln.crystal_id - skipping.
Can't determine output label for r3bbbsf,_refln.scale_group_code - skipping.
R-free-flags: fraction_free=0.050
R-free-flags: missing 3563 reflections
Can't determine output label for r3bbbsf,_refln.wavelength_id - skipping.
Converted structure factors saved to 3bbb.mtz
local_archive None
archive PDB None
Reading from local mirror:
  /net/cci/pdb_mirror/pdb/bb/pdb3bbb.ent.gz
Model saved to /net/rebus/raid1/scratch1/nigel/amber/hi_lo/bb/3bbb/3bbb.pdb
Sequence saved to /net/rebus/raid1/scratch1/nigel/amber/hi_lo/bb/3bbb/3bbb.fa
Reading from local mirror:
  /net/cci/pdb_mirror/structure_factors/bb/r3bbbsf.ent.gz
Structure factors saved to /net/rebus/raid1/scratch1/nigel/amber/hi_lo/bb/3bbb/3bbb-sf.cif
Reading from local mirror:
  /net/cci/pdb_mirror/mmcif/bb/3bbb.cif.gz
Model saved to /net/rebus/raid1/scratch1/nigel/amber/hi_lo/bb/3bbb/3bbb.cif
Can't determine output label for r3bbbsf,_refln.crystal_id - skipping.
Can't determine output label for r3bbbsf,_refln.scale_group_code - skipping.
R-free-flags: fraction_free=0.050
R-free-flags: missing 3563 reflections
Can't determine output label for r3bbbsf,_refln.wavelength_id - skipping.
Converted structure factors saved to 3bbb.mtz
not prmtop_filename /net/rebus/scratch1/nigel/amber/hi_lo/bb/3bbb/4amber_3bbb.prmtop
not prmtop_filename /net/chevy/raid1/nigel/amber/hi_lo/bb/3bbb/4amber_3bbb.prmtop

	Running AmberPrep : 3bbb.pdb


==================================================
Running pdb4amber on 3bbb.pdb
==================================================

==================================================
Setting up library files for non-standard residues
==================================================

==================================================
Preparing asu files and 4phenix_3bbb.pdb
==================================================

~> tleap -f 3bbb_asu_tleap_input_run

Checking output filenames
  file : 3bbb_asu.prmtop
