HOST lewis.lbl.gov
only_i 88
only_code None
force_amber_prep True
dry_run False
... 88 3kj7
/net/chevy/raid1/nigel/amber/hi_lo
/net/chevy/raid1/nigel/amber/hi_lo/kj/3kj7
3kj7.pdb 4phenix_3kj7.pdb
3kj7.pdb 4phenix_3kj7.pdb
local_archive None
archive PDB None
Reading from local mirror:
  /net/cci/pdb_mirror/pdb/kj/pdb3kj7.ent.gz
Model saved to /net/lewis/raid1/scratch1/nigel/amber/hi_lo/kj/3kj7/3kj7.pdb
Traceback (most recent call last):
  File "/net/cci-filer2/raid1/xp/phenix/phenix-svn/build/../modules/cctbx_project/mmtbx/command_line/fetch_pdb.py", line 199, in <module>
    run2(sys.argv[1:])
  File "/net/cci-filer2/raid1/xp/phenix/phenix-svn/build/../modules/cctbx_project/mmtbx/command_line/fetch_pdb.py", line 155, in run2
    files.append(get_pdb(id, data_type_, mirror, log, format=data_format))
  File "/net/cci-filer2/raid1/xp/phenix/phenix-svn/modules/cctbx_project/iotbx/pdb/fetch.py", line 213, in get_pdb
    data = fetch(id, data_type, mirror=mirror, format=format, log=log)
  File "/net/cci-filer2/raid1/xp/phenix/phenix-svn/modules/cctbx_project/iotbx/pdb/fetch.py", line 150, in fetch
    data = libtbx.utils.urlopen(url)
  File "/net/cci-filer2/raid1/xp/phenix/phenix-svn/modules/cctbx_project/libtbx/utils.py", line 2069, in urlopen
    return urllib2.urlopen(*args, **kwds)
  File "/net/cci-filer2/raid1/xp/phenix/phenix-svn/base/lib/python2.7/urllib2.py", line 127, in urlopen
    return _opener.open(url, data, timeout)
  File "/net/cci-filer2/raid1/xp/phenix/phenix-svn/base/lib/python2.7/urllib2.py", line 404, in open
    response = self._open(req, data)
  File "/net/cci-filer2/raid1/xp/phenix/phenix-svn/base/lib/python2.7/urllib2.py", line 422, in _open
    '_open', req)
  File "/net/cci-filer2/raid1/xp/phenix/phenix-svn/base/lib/python2.7/urllib2.py", line 382, in _call_chain
    result = func(*args)
  File "/net/cci-filer2/raid1/xp/phenix/phenix-svn/base/lib/python2.7/urllib2.py", line 1214, in http_open
    return self.do_open(httplib.HTTPConnection, req)
  File "/net/cci-filer2/raid1/xp/phenix/phenix-svn/base/lib/python2.7/urllib2.py", line 1184, in do_open
    raise URLError(err)
urllib2.URLError: <urlopen error [Errno 110] Connection timed out>
local_archive None
archive PDB None
Reading from local mirror:
  /net/cci/pdb_mirror/pdb/kj/pdb3kj7.ent.gz
Model saved to /net/lewis/raid1/scratch1/nigel/amber/hi_lo/kj/3kj7/3kj7.pdb
Traceback (most recent call last):
  File "/net/cci-filer2/raid1/xp/phenix/phenix-svn/build/../modules/cctbx_project/mmtbx/command_line/fetch_pdb.py", line 199, in <module>
    run2(sys.argv[1:])
  File "/net/cci-filer2/raid1/xp/phenix/phenix-svn/build/../modules/cctbx_project/mmtbx/command_line/fetch_pdb.py", line 155, in run2
    files.append(get_pdb(id, data_type_, mirror, log, format=data_format))
  File "/net/cci-filer2/raid1/xp/phenix/phenix-svn/modules/cctbx_project/iotbx/pdb/fetch.py", line 213, in get_pdb
    data = fetch(id, data_type, mirror=mirror, format=format, log=log)
  File "/net/cci-filer2/raid1/xp/phenix/phenix-svn/modules/cctbx_project/iotbx/pdb/fetch.py", line 150, in fetch
    data = libtbx.utils.urlopen(url)
  File "/net/cci-filer2/raid1/xp/phenix/phenix-svn/modules/cctbx_project/libtbx/utils.py", line 2069, in urlopen
    return urllib2.urlopen(*args, **kwds)
  File "/net/cci-filer2/raid1/xp/phenix/phenix-svn/base/lib/python2.7/urllib2.py", line 127, in urlopen
    return _opener.open(url, data, timeout)
  File "/net/cci-filer2/raid1/xp/phenix/phenix-svn/base/lib/python2.7/urllib2.py", line 404, in open
    response = self._open(req, data)
  File "/net/cci-filer2/raid1/xp/phenix/phenix-svn/base/lib/python2.7/urllib2.py", line 422, in _open
    '_open', req)
  File "/net/cci-filer2/raid1/xp/phenix/phenix-svn/base/lib/python2.7/urllib2.py", line 382, in _call_chain
    result = func(*args)
  File "/net/cci-filer2/raid1/xp/phenix/phenix-svn/base/lib/python2.7/urllib2.py", line 1214, in http_open
    return self.do_open(httplib.HTTPConnection, req)
  File "/net/cci-filer2/raid1/xp/phenix/phenix-svn/base/lib/python2.7/urllib2.py", line 1184, in do_open
    raise URLError(err)
urllib2.URLError: <urlopen error [Errno 110] Connection timed out>

==================================================
Summary of pdb4amber for: 3kj7.pdb
===================================================

----------Chains
The following (original) chains have been found:
A

---------- Alternate Locations (Original Residues!))

The following residues had alternate locations:
None

---------- Gaps (Renumbered Residues!)
gap of 11.276046 A between SER 335 and LEU 336

---------- Mising heavy atom(s)

None
not prmtop_filename /net/lewis/scratch1/nigel/amber/hi_lo/kj/3kj7/4amber_3kj7.prmtop

	Running AmberPrep : 3kj7.pdb


==================================================
Running pdb4amber on 3kj7.pdb
==================================================

==================================================
Setting up library files for non-standard residues
==================================================

  Residue "CO3" already in amber monomer library. Skipping elbow/antechamber
    run for this residue.
        

  Residue "SO4" already in amber monomer library. Skipping elbow/antechamber
    run for this residue.
        

==================================================
Running elbow/antechamber for NAG 
==================================================

MoleculeClass :  C: 8  N: 1  O: 6 (CHEMICAL COMPONENTS format)
	30 atoms
	30 bonds
	53 angles
	79 dihedrals
	1 rings (groups, rings, atoms) 1 6
	5 chirals : R R R S R 

~> antechamber -i 4antechamber_NAG.pdb -fi pdb -o NAG.mol2 -fo mol2       -nc 0 -m 1 -s 2 -pf y -c bcc -at gaff2 -ek "qm_theory='AM1',grms_tol=0.0005,scfconv=1.d-10,maxcyc=0,ndiis_attempts=700,"


~> parmchk2 -s 2 -i NAG.mol2 -f mol2 -o NAG.frcmod


==================================================
Running elbow/antechamber for CTR 
==================================================

MoleculeClass :  C:18  O:16 (CHEMICAL COMPONENTS format)
	66 atoms
	68 bonds
	124 angles
	198 dihedrals
	3 rings (groups, rings, atoms) 3 18
	15 chirals : S R S S R S R R S R S R R S R 

~> antechamber -i 4antechamber_CTR.pdb -fi pdb -o CTR.mol2 -fo mol2       -nc 0 -m 1 -s 2 -pf y -c bcc -at gaff2 -ek "qm_theory='AM1',grms_tol=0.0005,scfconv=1.d-10,maxcyc=0,ndiis_attempts=700,"


~> parmchk2 -s 2 -i CTR.mol2 -f mol2 -o CTR.frcmod


==================================================
Running elbow/antechamber for MAN 
==================================================

==================================================
Summary of pdb4amber for: 3kj7_4tleap_uc1.pdb
===================================================

----------Chains
The following (original) chains have been found:
A

---------- Alternate Locations (Original Residues!))

The following residues had alternate locations:
None

---------- Gaps (Renumbered Residues!)
gap of 11.276046 A between SER 335 and LEU 336
gap of 11.276046 A between SER 1097 and LEU 1098

---------- Mising heavy atom(s)

None

MoleculeClass :  C: 6  O: 6 (CHEMICAL COMPONENTS format)
	24 atoms
	24 bonds
	42 angles
	66 dihedrals
	1 rings (groups, rings, atoms) 1 6
	5 chirals : S S S S R 

~> antechamber -i 4antechamber_MAN.pdb -fi pdb -o MAN.mol2 -fo mol2       -nc 0 -m 1 -s 2 -pf y -c bcc -at gaff2 -ek "qm_theory='AM1',grms_tol=0.0005,scfconv=1.d-10,maxcyc=0,ndiis_attempts=700,"


~> parmchk2 -s 2 -i MAN.mol2 -f mol2 -o MAN.frcmod


==================================================
Preparing asu files and 4phenix_3kj7.pdb
==================================================

~> tleap -f 3kj7_asu_tleap_input_run

Checking output filenames
  file : 3kj7_asu.prmtop
  file : 3kj7_asu.rst7

~> ChBox -c 3kj7_asu.rst7 -o 3kj7_asu.rst7 -X 61.81 -Y 50.134 -Z 65.545 -al 90.0 -bt 107.1 -gm 90.0 


============================================================
Preparing unit cell files: 4amber_3kj7.prmtop and 4amber_3kj7.rst7
============================================================

~> UnitCell -p 3kj7_4UnitCell.pdb -o 3kj7_4tleap_uc1.pdb


~> tleap -f 3kj7_uc_tleap_input_run

Checking output filenames
  file : 3kj7_uc.prmtop
  file : 3kj7_uc.rst7

~> ChBox -c 3kj7_uc.rst7 -o 3kj7_uc.rst7 -X 61.81 -Y 50.134 -Z 65.545 -al 90.0 -bt 107.1 -gm 90.0 


==================================================
Minimizing input coordinates.
==================================================

~> sander -O -i 3kj7_amber_all.in -p 4amber_3kj7.prmtop -c 4amber_3kj7.rst7 -o 3kj7.min.out            -ref 4amber_3kj7.rst7 -r 4amber_3kj7.min.rst7

checking special positions in 4phenix_3kj7.pdb

==================================================
Done.  Three new files have been made:
      4phenix_3kj7.pdb
      4amber_3kj7.prmtop
      4amber_3kj7.rst7
==================================================

Example

  phenix.refine 4phenix_3kj7.pdb use_amber=True \
    amber.topology_file_name=4amber_3kj7.prmtop \
    amber.coordinate_file_name=4amber_3kj7.rst7 \
    ....(other refinement keywords here).....



Substituting Amber PDB file for downloaded file
run_tests_local.py:222: UserWarning: os.system() is not safe: please use the subprocess module or libtbx.easy_run instead.
  os.system(cmd)

  Amber files
    PDB    : 3kj7.pdb
    MTZ    : 3kj7.mtz
    prmtop : 4amber_3kj7.prmtop
    rst7   : 4amber_3kj7.rst7
  
/net/lewis/raid1/scratch1/nigel/amber/hi_lo/kj/3kj7
return_files 3kj7
/net/chevy/raid1/nigel/amber/hi_lo
4amber_3kj7.pdb
4phenix_3kj7.pdb
cp 4phenix_3kj7.pdb /net/chevy/raid1/nigel/amber/hi_lo/kj/3kj7
3kj7.pdb
cp 3kj7.pdb /net/chevy/raid1/nigel/amber/hi_lo/kj/3kj7
4amber_3kj7.mtz
4phenix_3kj7.mtz
3kj7.mtz
cp 3kj7.mtz /net/chevy/raid1/nigel/amber/hi_lo/kj/3kj7
4amber_3kj7.rst7
cp 4amber_3kj7.rst7 /net/chevy/raid1/nigel/amber/hi_lo/kj/3kj7
4phenix_3kj7.rst7
3kj7.rst7
4amber_3kj7.prmtop
cp 4amber_3kj7.prmtop /net/chevy/raid1/nigel/amber/hi_lo/kj/3kj7
4phenix_3kj7.prmtop
3kj7.prmtop
4amber_3kj7_refine_001.log
4phenix_3kj7_refine_001.log
3kj7_refine_001.log
4amber_3kj7_refine_002.log
4phenix_3kj7_refine_002.log
3kj7_refine_002.log
4amber_3kj7_refine_001.pdb
4phenix_3kj7_refine_001.pdb
3kj7_refine_001.pdb
4amber_3kj7_refine_002.pdb
4phenix_3kj7_refine_002.pdb
3kj7_refine_002.pdb
local_archive /net/chevy/raid1/nigel/amber/hi_lo
archive PDB /net/chevy/raid1/nigel/amber/hi_lo/kj/3kj7/3kj7.pdb
/net/lewis/raid1/scratch1/nigel/amber/hi_lo/kj/3kj7
------------------------------
phenix.refine log filename ? > /net/chevy/raid1/nigel/amber/hi_lo/kj/3kj7/3kj7_refine_001.log
------------------------------

	Already done (on chevy) 3kj7_refine_001
------------------------------
phenix.refine log filename ? > /net/chevy/raid1/nigel/amber/hi_lo/kj/3kj7/3kj7_refine_002.log
------------------------------

	Already done (on chevy) 3kj7_refine_002
