HOST rebus.lbl.gov
only_i 23
only_code None
force_amber_prep True
dry_run False
... 23 3gwp
/net/chevy/raid1/nigel/amber/hi_lo
/net/chevy/raid1/nigel/amber/hi_lo/gw/3gwp
3gwp.pdb 4phenix_3gwp.pdb
local_archive None
archive PDB None
Reading from local mirror:
  /net/cci/pdb_mirror/pdb/gw/pdb3gwp.ent.gz
Model saved to /net/rebus/raid1/scratch1/nigel/amber/hi_lo/gw/3gwp/3gwp.pdb
Sequence saved to /net/rebus/raid1/scratch1/nigel/amber/hi_lo/gw/3gwp/3gwp.fa
Reading from local mirror:
  /net/cci/pdb_mirror/structure_factors/gw/r3gwpsf.ent.gz
Structure factors saved to /net/rebus/raid1/scratch1/nigel/amber/hi_lo/gw/3gwp/3gwp-sf.cif
Reading from local mirror:
  /net/cci/pdb_mirror/mmcif/gw/3gwp.cif.gz
Model saved to /net/rebus/raid1/scratch1/nigel/amber/hi_lo/gw/3gwp/3gwp.cif
Can't determine output label for r3gwpsf,_refln.crystal_id - skipping.
Can't determine output label for r3gwpsf,_refln.scale_group_code - skipping.
Can't determine output label for r3gwpsf,_refln.wavelength_id - skipping.
Can't determine output label for r3gwpAsf,_refln.crystal_id - skipping.
Warning: merging non-unique data
Can't determine output label for r3gwpAsf,_refln.scale_group_code - skipping.
Can't determine output label for r3gwpAsf,wavelength_id=1,_refln.status - skipping.
Can't determine output label for r3gwpAsf,_refln.wavelength_id - skipping.
Converted structure factors saved to 3gwp.mtz
  I(+),SIGI(+),I(-),SIGI(-) is anomalous
local_archive None
archive PDB None
Reading from local mirror:
  /net/cci/pdb_mirror/pdb/gw/pdb3gwp.ent.gz
Model saved to /net/rebus/raid1/scratch1/nigel/amber/hi_lo/gw/3gwp/3gwp.pdb
Sequence saved to /net/rebus/raid1/scratch1/nigel/amber/hi_lo/gw/3gwp/3gwp.fa
Reading from local mirror:
  /net/cci/pdb_mirror/structure_factors/gw/r3gwpsf.ent.gz
Structure factors saved to /net/rebus/raid1/scratch1/nigel/amber/hi_lo/gw/3gwp/3gwp-sf.cif
Reading from local mirror:
  /net/cci/pdb_mirror/mmcif/gw/3gwp.cif.gz
Model saved to /net/rebus/raid1/scratch1/nigel/amber/hi_lo/gw/3gwp/3gwp.cif
Can't determine output label for r3gwpsf,_refln.crystal_id - skipping.
Can't determine output label for r3gwpsf,_refln.scale_group_code - skipping.
Can't determine output label for r3gwpsf,_refln.wavelength_id - skipping.
Can't determine output label for r3gwpAsf,_refln.crystal_id - skipping.
Warning: merging non-unique data
Can't determine output label for r3gwpAsf,_refln.scale_group_code - skipping.
Can't determine output label for r3gwpAsf,wavelength_id=1,_refln.status - skipping.
Can't determine output label for r3gwpAsf,_refln.wavelength_id - skipping.
Converted structure factors saved to 3gwp.mtz
  I(+),SIGI(+),I(-),SIGI(-) is anomalous
not prmtop_filename /net/rebus/scratch1/nigel/amber/hi_lo/gw/3gwp/4amber_3gwp.prmtop
not prmtop_filename /net/chevy/raid1/nigel/amber/hi_lo/gw/3gwp/4amber_3gwp.prmtop

	Running AmberPrep : 3gwp.pdb


==================================================
Running pdb4amber on 3gwp.pdb
==================================================

==================================================
Setting up library files for non-standard residues
==================================================

==================================================
Running elbow/antechamber for MSE 
==================================================
--------------------------------------------------------------------------------
['/tmp/6368462.23.all.q/tmp6u7L3w', '/tmp/6368462.23.all.q/tmpri1B1z']
/tmp/6368462.23.all.q/tmp6u7L3w
  Monomer Library directory:
    "/net/cci-filer2/raid1/xp/phenix/phenix-svn/modules/chem_data/mon_lib"
  Total number of atoms: 19
  Number of models: 1
  Model: ""
    Number of chains: 1
    Chain: "A"
      Number of atoms: 19
      Number of conformers: 1
      Conformer: ""
        Number of residues, atoms: 1, 17
          Duplicate atoms: {'MSE,HB2': 1, 'MSE,HG2': 1}
          Classifications: {'peptide': 1}
  Number of atoms with unknown nonbonded energy type symbols: 2
    "HETATM   13  HB3 MSE A   1 .*.A    H  "
    "HETATM   15  HG3 MSE A   1 .*.A    H  "
  Time building chain proxies: 0.01, per 1000 atoms: 0.53

--------------------------------------------------------------------------------

MoleculeClass :  C: 5  N: 1  O: 2 Se: 1 (CHEMICAL COMPONENTS format)
	19 atoms
	18 bonds
	31 angles
	36 dihedrals
	0 rings (groups, rings, atoms) 0 0
	1 chirals : S 

~> antechamber -i 4antechamber_MSE.pdb -fi pdb -o MSE.mol2 -fo mol2       -nc -1 -m 1 -s 2 -pf y -c bcc -at gaff2 -ek "qm_theory='AM1', grms_tol=0.0005, scfconv=1.d-10, maxcyc=0, ndiis_attempts=700,"


~> parmchk2 -s 2 -i MSE.mol2 -f mol2 -o MSE.frcmod


==================================================
Running elbow/antechamber for LLP 
==================================================

MoleculeClass :  C:14  N: 3  O: 7  P: 1 (CHEMICAL COMPONENTS format)
	44 atoms
	44 bonds
	76 angles
	97 dihedrals
	1 rings (groups, rings, atoms) 1 6
	1 chirals : S 

~> antechamber -i 4antechamber_LLP.pdb -fi pdb -o LLP.mol2 -fo mol2       -nc -3 -m 1 -s 2 -pf y -c bcc -at gaff2 -ek "qm_theory='AM1', grms_tol=0.0005, scfconv=1.d-10, maxcyc=0, ndiis_attempts=700,"


~> parmchk2 -s 2 -i LLP.mol2 -f mol2 -o LLP.frcmod


==================================================
Preparing asu files and 4phenix_3gwp.pdb
==================================================

~> tleap -f 3gwp_asu_tleap_input_run

Checking output filenames
  file : 3gwp_asu.prmtop
