HOST lewis.lbl.gov
only_i 281
only_code None
force_amber_prep True
dry_run False
... 281 3bta
/net/chevy/raid1/nigel/amber/hi_lo
/net/chevy/raid1/nigel/amber/hi_lo/bt/3bta
3bta.pdb 4phenix_3bta.pdb
3bta.pdb 4phenix_3bta.pdb
local_archive None
archive PDB None
Reading from local mirror:
  /net/cci/pdb_mirror/pdb/bt/pdb3bta.ent.gz
Model saved to /net/lewis/raid1/scratch1/nigel/amber/hi_lo/bt/3bta/3bta.pdb
Traceback (most recent call last):
  File "/net/cci-filer2/raid1/xp/phenix/phenix-svn/build/../modules/cctbx_project/mmtbx/command_line/fetch_pdb.py", line 199, in <module>
    run2(sys.argv[1:])
  File "/net/cci-filer2/raid1/xp/phenix/phenix-svn/build/../modules/cctbx_project/mmtbx/command_line/fetch_pdb.py", line 155, in run2
    files.append(get_pdb(id, data_type_, mirror, log, format=data_format))
  File "/net/cci-filer2/raid1/xp/phenix/phenix-svn/modules/cctbx_project/iotbx/pdb/fetch.py", line 213, in get_pdb
    data = fetch(id, data_type, mirror=mirror, format=format, log=log)
  File "/net/cci-filer2/raid1/xp/phenix/phenix-svn/modules/cctbx_project/iotbx/pdb/fetch.py", line 150, in fetch
    data = libtbx.utils.urlopen(url)
  File "/net/cci-filer2/raid1/xp/phenix/phenix-svn/modules/cctbx_project/libtbx/utils.py", line 2069, in urlopen
    return urllib2.urlopen(*args, **kwds)
  File "/net/cci-filer2/raid1/xp/phenix/phenix-svn/base/lib/python2.7/urllib2.py", line 127, in urlopen
    return _opener.open(url, data, timeout)
  File "/net/cci-filer2/raid1/xp/phenix/phenix-svn/base/lib/python2.7/urllib2.py", line 404, in open
    response = self._open(req, data)
  File "/net/cci-filer2/raid1/xp/phenix/phenix-svn/base/lib/python2.7/urllib2.py", line 422, in _open
    '_open', req)
  File "/net/cci-filer2/raid1/xp/phenix/phenix-svn/base/lib/python2.7/urllib2.py", line 382, in _call_chain
    result = func(*args)
  File "/net/cci-filer2/raid1/xp/phenix/phenix-svn/base/lib/python2.7/urllib2.py", line 1214, in http_open
    return self.do_open(httplib.HTTPConnection, req)
  File "/net/cci-filer2/raid1/xp/phenix/phenix-svn/base/lib/python2.7/urllib2.py", line 1184, in do_open
    raise URLError(err)
urllib2.URLError: <urlopen error [Errno 110] Connection timed out>
local_archive None
archive PDB None
Reading from local mirror:
  /net/cci/pdb_mirror/pdb/bt/pdb3bta.ent.gz
Model saved to /net/lewis/raid1/scratch1/nigel/amber/hi_lo/bt/3bta/3bta.pdb
Traceback (most recent call last):
  File "/net/cci-filer2/raid1/xp/phenix/phenix-svn/build/../modules/cctbx_project/mmtbx/command_line/fetch_pdb.py", line 199, in <module>
    run2(sys.argv[1:])
  File "/net/cci-filer2/raid1/xp/phenix/phenix-svn/build/../modules/cctbx_project/mmtbx/command_line/fetch_pdb.py", line 155, in run2
    files.append(get_pdb(id, data_type_, mirror, log, format=data_format))
  File "/net/cci-filer2/raid1/xp/phenix/phenix-svn/modules/cctbx_project/iotbx/pdb/fetch.py", line 213, in get_pdb
    data = fetch(id, data_type, mirror=mirror, format=format, log=log)
  File "/net/cci-filer2/raid1/xp/phenix/phenix-svn/modules/cctbx_project/iotbx/pdb/fetch.py", line 150, in fetch
    data = libtbx.utils.urlopen(url)
  File "/net/cci-filer2/raid1/xp/phenix/phenix-svn/modules/cctbx_project/libtbx/utils.py", line 2069, in urlopen
    return urllib2.urlopen(*args, **kwds)
  File "/net/cci-filer2/raid1/xp/phenix/phenix-svn/base/lib/python2.7/urllib2.py", line 127, in urlopen
    return _opener.open(url, data, timeout)
  File "/net/cci-filer2/raid1/xp/phenix/phenix-svn/base/lib/python2.7/urllib2.py", line 404, in open
    response = self._open(req, data)
  File "/net/cci-filer2/raid1/xp/phenix/phenix-svn/base/lib/python2.7/urllib2.py", line 422, in _open
    '_open', req)
  File "/net/cci-filer2/raid1/xp/phenix/phenix-svn/base/lib/python2.7/urllib2.py", line 382, in _call_chain
    result = func(*args)
  File "/net/cci-filer2/raid1/xp/phenix/phenix-svn/base/lib/python2.7/urllib2.py", line 1214, in http_open
    return self.do_open(httplib.HTTPConnection, req)
  File "/net/cci-filer2/raid1/xp/phenix/phenix-svn/base/lib/python2.7/urllib2.py", line 1184, in do_open
    raise URLError(err)
urllib2.URLError: <urlopen error [Errno 110] Connection timed out>

==================================================
Summary of pdb4amber for: 3bta.pdb
===================================================

----------Chains
The following (original) chains have been found:
A

---------- Alternate Locations (Original Residues!))

The following residues had alternate locations:
None

---------- Gaps (Renumbered Residues!)
gap of 9.735295 A between ARG 431 and ASN 432

---------- Mising heavy atom(s)

ARG_431 misses 6 heavy atom(s)
ASN_432 misses 3 heavy atom(s)

==================================================
Summary of pdb4amber for: 3bta_4tleap_uc1.pdb
===================================================

----------Chains
The following (original) chains have been found:
A

---------- Alternate Locations (Original Residues!))

The following residues had alternate locations:
None

---------- Gaps (Renumbered Residues!)
gap of 9.735295 A between ARG 431 and ASN 432
gap of 9.735331 A between ARG 1709 and ASN 1710
gap of 9.735642 A between ARG 2987 and ASN 2988
gap of 9.735642 A between ARG 4265 and ASN 4266
gap of 9.735295 A between ARG 5543 and ASN 5544
gap of 9.735331 A between ARG 6821 and ASN 6822

---------- Mising heavy atom(s)

None
not prmtop_filename /net/lewis/scratch1/nigel/amber/hi_lo/bt/3bta/4amber_3bta.prmtop

	Running AmberPrep : 3bta.pdb


==================================================
Running pdb4amber on 3bta.pdb
==================================================

==================================================
Setting up library files for non-standard residues
==================================================

==================================================
Preparing asu files and 4phenix_3bta.pdb
==================================================

~> tleap -f 3bta_asu_tleap_input_run

Checking output filenames
  file : 3bta_asu.prmtop
  file : 3bta_asu.rst7

~> ChBox -c 3bta_asu.rst7 -o 3bta_asu.rst7 -X 170.12 -Y 170.12 -Z 161.0 -al 90.0 -bt 90.0 -gm 120.0 


============================================================
Preparing unit cell files: 4amber_3bta.prmtop and 4amber_3bta.rst7
============================================================

~> UnitCell -p 3bta_4UnitCell.pdb -o 3bta_4tleap_uc1.pdb


~> tleap -f 3bta_uc_tleap_input_run

Checking output filenames
  file : 3bta_uc.prmtop
  file : 3bta_uc.rst7

~> ChBox -c 3bta_uc.rst7 -o 3bta_uc.rst7 -X 170.12 -Y 170.12 -Z 161.0 -al 90.0 -bt 90.0 -gm 120.0 


==================================================
Minimizing input coordinates.
==================================================

~> sander -O -i 3bta_amber_all.in -p 4amber_3bta.prmtop -c 4amber_3bta.rst7 -o 3bta.min.out            -ref 4amber_3bta.rst7 -r 4amber_3bta.min.rst7

checking special positions in 4phenix_3bta.pdb

==================================================
Done.  Three new files have been made:
      4phenix_3bta.pdb
      4amber_3bta.prmtop
      4amber_3bta.rst7
==================================================

Example

  phenix.refine 4phenix_3bta.pdb use_amber=True \
    amber.topology_file_name=4amber_3bta.prmtop \
    amber.coordinate_file_name=4amber_3bta.rst7 \
    ....(other refinement keywords here).....



Substituting Amber PDB file for downloaded file
run_tests_local.py:222: UserWarning: os.system() is not safe: please use the subprocess module or libtbx.easy_run instead.
  os.system(cmd)

  Amber files
    PDB    : 3bta.pdb
    MTZ    : 3bta.mtz
    prmtop : 4amber_3bta.prmtop
    rst7   : 4amber_3bta.rst7
  
/net/lewis/raid1/scratch1/nigel/amber/hi_lo/bt/3bta
return_files 3bta
/net/chevy/raid1/nigel/amber/hi_lo
4amber_3bta.pdb
4phenix_3bta.pdb
cp 4phenix_3bta.pdb /net/chevy/raid1/nigel/amber/hi_lo/bt/3bta
3bta.pdb
cp 3bta.pdb /net/chevy/raid1/nigel/amber/hi_lo/bt/3bta
4amber_3bta.mtz
4phenix_3bta.mtz
3bta.mtz
cp 3bta.mtz /net/chevy/raid1/nigel/amber/hi_lo/bt/3bta
4amber_3bta.rst7
cp 4amber_3bta.rst7 /net/chevy/raid1/nigel/amber/hi_lo/bt/3bta
4phenix_3bta.rst7
3bta.rst7
4amber_3bta.prmtop
cp 4amber_3bta.prmtop /net/chevy/raid1/nigel/amber/hi_lo/bt/3bta
4phenix_3bta.prmtop
3bta.prmtop
4amber_3bta_refine_001.log
4phenix_3bta_refine_001.log
3bta_refine_001.log
4amber_3bta_refine_002.log
4phenix_3bta_refine_002.log
3bta_refine_002.log
4amber_3bta_refine_001.pdb
4phenix_3bta_refine_001.pdb
3bta_refine_001.pdb
4amber_3bta_refine_002.pdb
4phenix_3bta_refine_002.pdb
3bta_refine_002.pdb
local_archive /net/chevy/raid1/nigel/amber/hi_lo
archive PDB /net/chevy/raid1/nigel/amber/hi_lo/bt/3bta/3bta.pdb
/net/lewis/raid1/scratch1/nigel/amber/hi_lo/bt/3bta
------------------------------
phenix.refine log filename ? > /net/chevy/raid1/nigel/amber/hi_lo/bt/3bta/3bta_refine_001.log
------------------------------

	Already done (on chevy) 3bta_refine_001
------------------------------
phenix.refine log filename ? > /net/chevy/raid1/nigel/amber/hi_lo/bt/3bta/3bta_refine_002.log
------------------------------

	Already done (on chevy) 3bta_refine_002
