HOST lewis.lbl.gov
only_i 77
only_code None
force_amber_prep True
dry_run False
1 1z3z,A,2.900,1zod,A,1.800
2 1psi,A,2.920,3ndd,A,1.500
3 3bpo,A,3.000,3l5w,I,2.000
4 1e6j,P,3.000,3mge,A,1.900
5 1r46,A,3.250,3hg3,A,1.900
6 2j0g,A,2.850,2j1g,A,1.950
7 1nsk,L,2.800,3bbb,A,1.300
8 1t04,B,3.000,1t3f,B,2.000
9 1kiu,B,3.000,1ze3,H,1.840
10 1kv3,A,2.800,2q3z,A,2.000
11 1wqs,A,2.800,2iph,A,1.750
12 3gwp,A,2.900,3i16,A,2.000
13 1c0n,A,2.800,1kmj,A,2.000
14 2r8j,A,3.100,3oha,A,2.000
15 1z5s,C,3.010,2grn,B,1.800
16 3icq,B,3.200,3m1i,A,2.000
17 1nb3,I,2.800,3kfq,C,1.990
18 1otc,A,2.800,2i0q,A,1.910
19 1ue8,A,3.000,3b4x,A,1.940
20 1a4o,A,2.800,2o02,A,1.500
21 1t6i,A,2.810,3g4z,A,1.870
22 1de9,A,3.000,2o3h,A,1.900
23 2j6e,L,3.000,3n9g,L,1.434
24 3hrk,A,3.050,3lc0,A,1.800
25 2ecp,A,2.950,2asv,A,1.950
26 1z8l,A,3.500,2xeg,A,1.590
27 1ere,A,3.100,2r6w,A,2.000
28 1xni,A,2.800,3lh0,A,1.900
29 2pl0,A,2.800,3mpm,A,1.950
30 1pxt,A,2.800,1afw,A,1.800
31 1bmf,A,2.850,2jdi,A,1.900
32 2g3k,A,3.050,2j9u,A,2.000
33 3m9b,A,3.940,3m9h,A,2.000
34 2i0v,A,2.800,3dpk,A,1.950
35 1kiu,A,3.000,3bwu,C,1.760
36 1nys,A,3.050,2h62,D,1.850
37 1rgq,C,2.900,2o8m,C,2.000
38 1fg5,N,2.800,2vs4,A,1.770
39 1sj5,A,2.800,1vjl,A,1.900
... 77 1sj5
/net/chevy/raid1/nigel/amber/hi_lo
/net/chevy/raid1/nigel/amber/hi_lo/sj/1sj5
1sj5.pdb 4phenix_1sj5.pdb
local_archive None
archive PDB None
Reading from local mirror:
  /net/cci/pdb_mirror/pdb/sj/pdb1sj5.ent.gz
Model saved to /net/lewis/raid1/scratch1/nigel/amber/hi_lo/sj/1sj5/1sj5.pdb
Traceback (most recent call last):
  File "/net/cci-filer2/raid1/xp/phenix/phenix-svn/build/../modules/cctbx_project/mmtbx/command_line/fetch_pdb.py", line 199, in <module>
    run2(sys.argv[1:])
  File "/net/cci-filer2/raid1/xp/phenix/phenix-svn/build/../modules/cctbx_project/mmtbx/command_line/fetch_pdb.py", line 155, in run2
    files.append(get_pdb(id, data_type_, mirror, log, format=data_format))
  File "/net/cci-filer2/raid1/xp/phenix/phenix-svn/modules/cctbx_project/iotbx/pdb/fetch.py", line 213, in get_pdb
    data = fetch(id, data_type, mirror=mirror, format=format, log=log)
  File "/net/cci-filer2/raid1/xp/phenix/phenix-svn/modules/cctbx_project/iotbx/pdb/fetch.py", line 150, in fetch
    data = libtbx.utils.urlopen(url)
  File "/net/cci-filer2/raid1/xp/phenix/phenix-svn/modules/cctbx_project/libtbx/utils.py", line 2069, in urlopen
    return urllib2.urlopen(*args, **kwds)
  File "/net/cci-filer2/raid1/xp/phenix/phenix-svn/base/lib/python2.7/urllib2.py", line 127, in urlopen
    return _opener.open(url, data, timeout)
  File "/net/cci-filer2/raid1/xp/phenix/phenix-svn/base/lib/python2.7/urllib2.py", line 404, in open
    response = self._open(req, data)
  File "/net/cci-filer2/raid1/xp/phenix/phenix-svn/base/lib/python2.7/urllib2.py", line 422, in _open
    '_open', req)
  File "/net/cci-filer2/raid1/xp/phenix/phenix-svn/base/lib/python2.7/urllib2.py", line 382, in _call_chain
    result = func(*args)
  File "/net/cci-filer2/raid1/xp/phenix/phenix-svn/base/lib/python2.7/urllib2.py", line 1214, in http_open
    return self.do_open(httplib.HTTPConnection, req)
  File "/net/cci-filer2/raid1/xp/phenix/phenix-svn/base/lib/python2.7/urllib2.py", line 1184, in do_open
    raise URLError(err)
urllib2.URLError: <urlopen error [Errno 110] Connection timed out>

==================================================
Summary of pdb4amber for: 1sj5.pdb
===================================================

----------Chains
The following (original) chains have been found:
A
B

---------- Alternate Locations (Original Residues!))

The following residues had alternate locations:
None

---------- Gaps (Renumbered Residues!)
gap of 10.498840 A between THR 96 and ALA 97
gap of 5.687785 A between TYR 240 and GLU 241

---------- Mising heavy atom(s)

GLU_52 misses 4 heavy atom(s)
LYS_225 misses 4 heavy atom(s)
LYS_275 misses 3 heavy atom(s)

==================================================
Summary of pdb4amber for: 1sj5_4tleap_uc1.pdb
===================================================

----------Chains
The following (original) chains have been found:
A
B

---------- Alternate Locations (Original Residues!))

The following residues had alternate locations:
None

---------- Gaps (Renumbered Residues!)
gap of 10.498840 A between THR 114 and ALA 115
gap of 5.687785 A between TYR 276 and GLU 277
gap of 10.498840 A between THR 430 and ALA 431
gap of 5.687785 A between TYR 592 and GLU 593

---------- Mising heavy atom(s)

HIS_1 misses 9 heavy atom(s)
HIS_2 misses 10 heavy atom(s)
HIS_3 misses 10 heavy atom(s)
HIS_4 misses 10 heavy atom(s)
HIS_5 misses 9 heavy atom(s)
HIS_6 misses 10 heavy atom(s)
HIS_7 misses 9 heavy atom(s)
HIS_8 misses 10 heavy atom(s)
HIS_9 misses 10 heavy atom(s)
HIS_10 misses 9 heavy atom(s)
HIS_11 misses 9 heavy atom(s)
HIS_12 misses 9 heavy atom(s)
HIS_13 misses 10 heavy atom(s)
HIS_14 misses 9 heavy atom(s)
HIE_15 misses 10 heavy atom(s)
HIS_16 misses 9 heavy atom(s)
HIS_17 misses 10 heavy atom(s)
HIS_18 misses 9 heavy atom(s)
HIS_19 misses 9 heavy atom(s)
HIS_162 misses 9 heavy atom(s)
HIS_163 misses 10 heavy atom(s)
HIS_164 misses 10 heavy atom(s)
HIS_165 misses 10 heavy atom(s)
HIS_166 misses 9 heavy atom(s)
HIS_167 misses 10 heavy atom(s)
HIS_168 misses 9 heavy atom(s)
HIS_169 misses 10 heavy atom(s)
HIS_170 misses 10 heavy atom(s)
HIS_171 misses 9 heavy atom(s)
HIS_172 misses 9 heavy atom(s)
HIS_173 misses 9 heavy atom(s)
HIS_174 misses 10 heavy atom(s)
HIS_175 misses 9 heavy atom(s)
HIE_176 misses 10 heavy atom(s)
HIS_177 misses 9 heavy atom(s)
HIS_178 misses 10 heavy atom(s)
HIS_179 misses 9 heavy atom(s)
HIS_180 misses 9 heavy atom(s)
HIS_317 misses 9 heavy atom(s)
HIS_318 misses 10 heavy atom(s)
HIS_319 misses 10 heavy atom(s)
HIS_320 misses 10 heavy atom(s)
HIS_321 misses 9 heavy atom(s)
HIS_322 misses 10 heavy atom(s)
HIS_323 misses 9 heavy atom(s)
HIS_324 misses 10 heavy atom(s)
HIS_325 misses 10 heavy atom(s)
HIS_326 misses 9 heavy atom(s)
HIS_327 misses 9 heavy atom(s)
HIS_328 misses 9 heavy atom(s)
HIS_329 misses 10 heavy atom(s)
HIS_330 misses 9 heavy atom(s)
HIE_331 misses 10 heavy atom(s)
HIS_332 misses 9 heavy atom(s)
HIS_333 misses 10 heavy atom(s)
HIS_334 misses 9 heavy atom(s)
HIS_335 misses 9 heavy atom(s)
HIS_478 misses 9 heavy atom(s)
HIS_479 misses 10 heavy atom(s)
HIS_480 misses 10 heavy atom(s)
HIS_481 misses 10 heavy atom(s)
HIS_482 misses 9 heavy atom(s)
HIS_483 misses 10 heavy atom(s)
HIS_484 misses 9 heavy atom(s)
HIS_485 misses 10 heavy atom(s)
HIS_486 misses 10 heavy atom(s)
HIS_487 misses 9 heavy atom(s)
HIS_488 misses 9 heavy atom(s)
HIS_489 misses 9 heavy atom(s)
HIS_490 misses 10 heavy atom(s)
HIS_491 misses 9 heavy atom(s)
HIE_492 misses 10 heavy atom(s)
HIS_493 misses 9 heavy atom(s)
HIS_494 misses 10 heavy atom(s)
HIS_495 misses 9 heavy atom(s)
HIS_496 misses 9 heavy atom(s)
not prmtop_filename /net/lewis/scratch1/nigel/amber/hi_lo/sj/1sj5/4amber_1sj5.prmtop
not prmtop_filename /net/chevy/raid1/nigel/amber/hi_lo/sj/1sj5/4amber_1sj5.prmtop

	Running AmberPrep : 1sj5.pdb


==================================================
Running pdb4amber on 1sj5.pdb
==================================================

==================================================
Setting up library files for non-standard residues
==================================================

==================================================
Preparing asu files and 4phenix_1sj5.pdb
==================================================

~> tleap -f 1sj5_asu_tleap_input_run

Checking output filenames
  file : 1sj5_asu.prmtop
  file : 1sj5_asu.rst7

~> ChBox -c 1sj5_asu.rst7 -o 1sj5_asu.rst7 -X 44.001 -Y 52.136 -Z 73.33 -al 90.0 -bt 97.64 -gm 90.0 


============================================================
Preparing unit cell files: 4amber_1sj5.prmtop and 4amber_1sj5.rst7
============================================================

~> UnitCell -p 1sj5_4UnitCell.pdb -o 1sj5_4tleap_uc1.pdb


~> tleap -f 1sj5_uc_tleap_input_run

Checking output filenames
  file : 1sj5_uc.prmtop
Sorry:   Output file is empty : 1sj5_uc.prmtop
  Check contents of "leap.log"
