HOST rebus.lbl.gov
only_i 71
only_code None
force_amber_prep True
dry_run False
1 1z3z,A,2.900,1zod,A,1.800
2 1psi,A,2.920,3ndd,A,1.500
3 3bpo,A,3.000,3l5w,I,2.000
4 1e6j,P,3.000,3mge,A,1.900
5 1r46,A,3.250,3hg3,A,1.900
6 2j0g,A,2.850,2j1g,A,1.950
7 1nsk,L,2.800,3bbb,A,1.300
8 1t04,B,3.000,1t3f,B,2.000
9 1kiu,B,3.000,1ze3,H,1.840
10 1kv3,A,2.800,2q3z,A,2.000
11 1wqs,A,2.800,2iph,A,1.750
12 3gwp,A,2.900,3i16,A,2.000
13 1c0n,A,2.800,1kmj,A,2.000
14 2r8j,A,3.100,3oha,A,2.000
15 1z5s,C,3.010,2grn,B,1.800
16 3icq,B,3.200,3m1i,A,2.000
17 1nb3,I,2.800,3kfq,C,1.990
18 1otc,A,2.800,2i0q,A,1.910
19 1ue8,A,3.000,3b4x,A,1.940
20 1a4o,A,2.800,2o02,A,1.500
21 1t6i,A,2.810,3g4z,A,1.870
22 1de9,A,3.000,2o3h,A,1.900
23 2j6e,L,3.000,3n9g,L,1.434
24 3hrk,A,3.050,3lc0,A,1.800
25 2ecp,A,2.950,2asv,A,1.950
26 1z8l,A,3.500,2xeg,A,1.590
27 1ere,A,3.100,2r6w,A,2.000
28 1xni,A,2.800,3lh0,A,1.900
29 2pl0,A,2.800,3mpm,A,1.950
30 1pxt,A,2.800,1afw,A,1.800
31 1bmf,A,2.850,2jdi,A,1.900
32 2g3k,A,3.050,2j9u,A,2.000
33 3m9b,A,3.940,3m9h,A,2.000
34 2i0v,A,2.800,3dpk,A,1.950
35 1kiu,A,3.000,3bwu,C,1.760
36 1nys,A,3.050,2h62,D,1.850
... 71 1nys
/net/chevy/raid1/nigel/amber/hi_lo
/net/chevy/raid1/nigel/amber/hi_lo/ny/1nys
1nys.pdb 4phenix_1nys.pdb
1nys.pdb 4phenix_1nys.pdb
local_archive None
archive PDB None
Reading from local mirror:
  /net/cci/pdb_mirror/pdb/ny/pdb1nys.ent.gz
Model saved to /net/rebus/raid1/scratch1/nigel/amber/hi_lo/ny/1nys/1nys.pdb
Sequence saved to /net/rebus/raid1/scratch1/nigel/amber/hi_lo/ny/1nys/1nys.fa
Reading from local mirror:
  /net/cci/pdb_mirror/structure_factors/ny/r1nyssf.ent.gz
Structure factors saved to /net/rebus/raid1/scratch1/nigel/amber/hi_lo/ny/1nys/1nys-sf.cif
Reading from local mirror:
  /net/cci/pdb_mirror/mmcif/ny/1nys.cif.gz
Model saved to /net/rebus/raid1/scratch1/nigel/amber/hi_lo/ny/1nys/1nys.cif
Can't determine output label for r1nyssf,_refln.crystal_id - skipping.
Can't determine output label for r1nyssf,_refln.scale_group_code - skipping.
Can't determine output label for r1nyssf,_refln.wavelength_id - skipping.
Converted structure factors saved to 1nys.mtz
local_archive None
archive PDB None
Reading from local mirror:
  /net/cci/pdb_mirror/pdb/ny/pdb1nys.ent.gz
Model saved to /net/rebus/raid1/scratch1/nigel/amber/hi_lo/ny/1nys/1nys.pdb
Sequence saved to /net/rebus/raid1/scratch1/nigel/amber/hi_lo/ny/1nys/1nys.fa
Reading from local mirror:
  /net/cci/pdb_mirror/structure_factors/ny/r1nyssf.ent.gz
Structure factors saved to /net/rebus/raid1/scratch1/nigel/amber/hi_lo/ny/1nys/1nys-sf.cif
Reading from local mirror:
  /net/cci/pdb_mirror/mmcif/ny/1nys.cif.gz
Model saved to /net/rebus/raid1/scratch1/nigel/amber/hi_lo/ny/1nys/1nys.cif
Can't determine output label for r1nyssf,_refln.crystal_id - skipping.
Can't determine output label for r1nyssf,_refln.scale_group_code - skipping.
Can't determine output label for r1nyssf,_refln.wavelength_id - skipping.
Converted structure factors saved to 1nys.mtz

==================================================
Summary of pdb4amber for: 1nys.pdb
===================================================
REDUCE returned non-zero exit status: See reduce_info.log for more details

----------Chains
The following (original) chains have been found:
A
B
C
D

---------- Alternate Locations (Original Residues!))

The following residues had alternate locations:
None

---------- Gaps (Renumbered Residues!)
gap of 5.492882 A between GLY 27 and ASP 28
gap of 6.073691 A between GLY 96 and ASN 97
gap of 7.821856 A between ILE 136 and LEU 137
gap of 3.807149 A between ILE 282 and TRP 283
gap of 4.004589 A between CYX 298 and GLY 299
gap of 6.625564 A between SER 303 and LEU 304

---------- Mising heavy atom(s)

GLU_1 misses 4 heavy atom(s)
THR_2 misses 2 heavy atom(s)
ARG_16 misses 6 heavy atom(s)
SER_40 misses 1 heavy atom(s)
SER_41 misses 1 heavy atom(s)
THR_43 misses 2 heavy atom(s)
GLN_62 misses 4 heavy atom(s)
GLN_72 misses 4 heavy atom(s)
ARG_86 misses 6 heavy atom(s)
PRO_91 misses 2 heavy atom(s)
GLU_93 misses 4 heavy atom(s)
ASP_95 misses 3 heavy atom(s)
ASN_97 misses 3 heavy atom(s)
LYS_102 misses 4 heavy atom(s)
GLU_129 misses 4 heavy atom(s)
LEU_137 misses 3 heavy atom(s)
LYS_138 misses 4 heavy atom(s)
GLU_177 misses 4 heavy atom(s)
GLN_205 misses 4 heavy atom(s)
ASP_206 misses 3 heavy atom(s)
SER_218 misses 1 heavy atom(s)
SER_219 misses 1 heavy atom(s)
THR_221 misses 2 heavy atom(s)
GLU_223 misses 4 heavy atom(s)
PHE_234 misses 6 heavy atom(s)
GLU_247 misses 4 heavy atom(s)
HIS_267 misses 5 heavy atom(s)
LEU_268 misses 3 heavy atom(s)
ILE_269 misses 3 heavy atom(s)
CYS_271 misses 1 heavy atom(s)
LYS_273 misses 4 heavy atom(s)
GLN_274 misses 4 heavy atom(s)
VAL_277 misses 2 heavy atom(s)
SER_278 misses 1 heavy atom(s)
LYS_280 misses 4 heavy atom(s)
HIS_294 misses 5 heavy atom(s)
TYR_297 misses 1 heavy atom(s)
GLU_300 misses 4 heavy atom(s)
LEU_304 misses 3 heavy atom(s)
LYS_305 misses 4 heavy atom(s)
SER_306 misses 1 heavy atom(s)
THR_311 misses 2 heavy atom(s)
LYS_312 misses 4 heavy atom(s)
ARG_314 misses 6 heavy atom(s)
GLN_325 misses 4 heavy atom(s)
LYS_330 misses 4 heavy atom(s)
GLU_338 misses 4 heavy atom(s)

==================================================
Summary of pdb4amber for: 1nys_4tleap_uc1.pdb
===================================================

----------Chains
The following (original) chains have been found:
A
B
C
D

---------- Alternate Locations (Original Residues!))

The following residues had alternate locations:
None

---------- Gaps (Renumbered Residues!)
gap of 5.492882 A between GLY 27 and ASP 28
gap of 6.073691 A between GLY 96 and ASN 97
gap of 7.821856 A between ILE 136 and LEU 137
gap of 3.807149 A between ILE 282 and TRP 283
gap of 4.004589 A between CYX 298 and GLY 299
gap of 6.625564 A between SER 303 and LEU 304
gap of 5.492882 A between GLY 370 and ASP 371
gap of 6.073691 A between GLY 439 and ASN 440
gap of 7.821856 A between ILE 479 and LEU 480
gap of 3.807149 A between ILE 625 and TRP 626
gap of 4.004589 A between CYX 641 and GLY 642
gap of 6.625564 A between SER 646 and LEU 647
gap of 5.492882 A between GLY 713 and ASP 714
gap of 6.073691 A between GLY 782 and ASN 783
gap of 7.821856 A between ILE 822 and LEU 823
gap of 3.807149 A between ILE 968 and TRP 969
gap of 4.004589 A between CYX 984 and GLY 985
gap of 6.625564 A between SER 989 and LEU 990
gap of 5.492882 A between GLY 1056 and ASP 1057
gap of 6.073691 A between GLY 1125 and ASN 1126
gap of 7.821856 A between ILE 1165 and LEU 1166
gap of 3.807149 A between ILE 1311 and TRP 1312
gap of 4.004589 A between CYX 1327 and GLY 1328
gap of 6.625564 A between SER 1332 and LEU 1333

---------- Mising heavy atom(s)

None
not prmtop_filename /net/rebus/scratch1/nigel/amber/hi_lo/ny/1nys/4amber_1nys.prmtop

	Running AmberPrep : 1nys.pdb


==================================================
Running pdb4amber on 1nys.pdb
==================================================

==================================================
Setting up library files for non-standard residues
==================================================

==================================================
Preparing asu files and 4phenix_1nys.pdb
==================================================

~> tleap -f 1nys_asu_tleap_input_run

Checking output filenames
  file : 1nys_asu.prmtop
  file : 1nys_asu.rst7

~> ChBox -c 1nys_asu.rst7 -o 1nys_asu.rst7 -X 104.954 -Y 104.954 -Z 46.199 -al 90.0 -bt 90.0 -gm 90.0 


============================================================
Preparing unit cell files: 4amber_1nys.prmtop and 4amber_1nys.rst7
============================================================

~> UnitCell -p 1nys_4UnitCell.pdb -o 1nys_4tleap_uc1.pdb


~> tleap -f 1nys_uc_tleap_input_run

Checking output filenames
  file : 1nys_uc.prmtop
  file : 1nys_uc.rst7

~> ChBox -c 1nys_uc.rst7 -o 1nys_uc.rst7 -X 104.954 -Y 104.954 -Z 46.199 -al 90.0 -bt 90.0 -gm 90.0 


==================================================
Minimizing input coordinates.
==================================================

~> sander -O -i 1nys_amber_all.in -p 4amber_1nys.prmtop -c 4amber_1nys.rst7 -o 1nys.min.out            -ref 4amber_1nys.rst7 -r 4amber_1nys.min.rst7

checking special positions in 4phenix_1nys.pdb

==================================================
Done.  Three new files have been made:
      4phenix_1nys.pdb
      4amber_1nys.prmtop
      4amber_1nys.rst7
==================================================

Example

  phenix.refine 4phenix_1nys.pdb use_amber=True \
    amber.topology_file_name=4amber_1nys.prmtop \
    amber.coordinate_file_name=4amber_1nys.rst7 \
    ....(other refinement keywords here).....



Substituting Amber PDB file for downloaded file
run_tests_local.py:220: UserWarning: os.system() is not safe: please use the subprocess module or libtbx.easy_run instead.
  os.system(cmd)

  Amber files
    PDB    : 1nys.pdb
    MTZ    : 1nys.mtz
    prmtop : 4amber_1nys.prmtop
    rst7   : 4amber_1nys.rst7
  
/net/rebus/raid1/scratch1/nigel/amber/hi_lo/ny/1nys
return_files 1nys
/net/chevy/raid1/nigel/amber/hi_lo
4amber_1nys.pdb
4phenix_1nys.pdb
cp 4phenix_1nys.pdb /net/chevy/raid1/nigel/amber/hi_lo/ny/1nys
1nys.pdb
cp 1nys.pdb /net/chevy/raid1/nigel/amber/hi_lo/ny/1nys
4amber_1nys.mtz
4phenix_1nys.mtz
1nys.mtz
cp 1nys.mtz /net/chevy/raid1/nigel/amber/hi_lo/ny/1nys
4amber_1nys.rst7
cp 4amber_1nys.rst7 /net/chevy/raid1/nigel/amber/hi_lo/ny/1nys
4phenix_1nys.rst7
1nys.rst7
4amber_1nys.prmtop
cp 4amber_1nys.prmtop /net/chevy/raid1/nigel/amber/hi_lo/ny/1nys
4phenix_1nys.prmtop
1nys.prmtop
4amber_1nys_refine_001.log
4phenix_1nys_refine_001.log
1nys_refine_001.log
4amber_1nys_refine_002.log
4phenix_1nys_refine_002.log
1nys_refine_002.log
4amber_1nys_refine_001.pdb
4phenix_1nys_refine_001.pdb
1nys_refine_001.pdb
4amber_1nys_refine_002.pdb
4phenix_1nys_refine_002.pdb
1nys_refine_002.pdb
local_archive /net/chevy/raid1/nigel/amber/hi_lo
archive PDB /net/chevy/raid1/nigel/amber/hi_lo/ny/1nys/1nys.pdb
/net/rebus/raid1/scratch1/nigel/amber/hi_lo/ny/1nys
------------------------------
phenix.refine log filename ? > /net/chevy/raid1/nigel/amber/hi_lo/ny/1nys/1nys_refine_001.log
------------------------------

	Already done (on chevy) 1nys_refine_001
------------------------------
phenix.refine log filename ? > /net/chevy/raid1/nigel/amber/hi_lo/ny/1nys/1nys_refine_002.log
------------------------------

	Already done (on chevy) 1nys_refine_002
