HOST morse.lbl.gov
only_i 259
only_code None
force_amber_prep True
dry_run False
... 259 1vea
/net/chevy/raid1/nigel/amber/hi_lo
/net/chevy/raid1/nigel/amber/hi_lo/ve/1vea
1vea.pdb 4phenix_1vea.pdb
1vea.pdb 4phenix_1vea.pdb
local_archive None
archive PDB None
Reading from local mirror:
  /net/cci/pdb_mirror/pdb/ve/pdb1vea.ent.gz
Model saved to /net/morse/raid1/scratch1/nigel/amber/hi_lo/ve/1vea/1vea.pdb
Sequence saved to /net/morse/raid1/scratch1/nigel/amber/hi_lo/ve/1vea/1vea.fa
Reading from local mirror:
  /net/cci/pdb_mirror/structure_factors/ve/r1veasf.ent.gz
Structure factors saved to /net/morse/raid1/scratch1/nigel/amber/hi_lo/ve/1vea/1vea-sf.cif
Reading from local mirror:
  /net/cci/pdb_mirror/mmcif/ve/1vea.cif.gz
Model saved to /net/morse/raid1/scratch1/nigel/amber/hi_lo/ve/1vea/1vea.cif
Can't determine output label for r1veasf,_refln.crystal_id - skipping.
Can't determine output label for r1veasf,_refln.scale_group_code - skipping.
Can't determine output label for r1veasf,_refln.wavelength_id - skipping.
Converted structure factors saved to 1vea.mtz
local_archive None
archive PDB None
Reading from local mirror:
  /net/cci/pdb_mirror/pdb/ve/pdb1vea.ent.gz
Model saved to /net/morse/raid1/scratch1/nigel/amber/hi_lo/ve/1vea/1vea.pdb
Sequence saved to /net/morse/raid1/scratch1/nigel/amber/hi_lo/ve/1vea/1vea.fa
Reading from local mirror:
  /net/cci/pdb_mirror/structure_factors/ve/r1veasf.ent.gz
Structure factors saved to /net/morse/raid1/scratch1/nigel/amber/hi_lo/ve/1vea/1vea-sf.cif
Reading from local mirror:
  /net/cci/pdb_mirror/mmcif/ve/1vea.cif.gz
Model saved to /net/morse/raid1/scratch1/nigel/amber/hi_lo/ve/1vea/1vea.cif
Can't determine output label for r1veasf,_refln.crystal_id - skipping.
Can't determine output label for r1veasf,_refln.scale_group_code - skipping.
Can't determine output label for r1veasf,_refln.wavelength_id - skipping.
Converted structure factors saved to 1vea.mtz

==================================================
Summary of pdb4amber for: 1vea.pdb
===================================================
REDUCE returned non-zero exit status: See reduce_info.log for more details

----------Chains
The following (original) chains have been found:
A
B

---------- Alternate Locations (Original Residues!))

The following residues had alternate locations:
None

---------- Mising heavy atom(s)

ARG_93 misses 6 heavy atom(s)
GLU_108 misses 4 heavy atom(s)
SER_109 misses 1 heavy atom(s)
GLU_110 misses 4 heavy atom(s)
ILE_128 misses 3 heavy atom(s)
LYS_129 misses 4 heavy atom(s)
LYS_144 misses 4 heavy atom(s)
LYS_188 misses 4 heavy atom(s)
TYR_208 misses 7 heavy atom(s)
LEU_235 misses 3 heavy atom(s)
LEU_236 misses 3 heavy atom(s)
GLU_252 misses 4 heavy atom(s)
SER_253 misses 1 heavy atom(s)
GLU_254 misses 4 heavy atom(s)
GLU_256 misses 4 heavy atom(s)
LYS_273 misses 4 heavy atom(s)
not prmtop_filename /net/morse/scratch1/nigel/amber/hi_lo/ve/1vea/4amber_1vea.prmtop

	Running AmberPrep : 1vea.pdb


==================================================
Running pdb4amber on 1vea.pdb
==================================================

==================================================
Setting up library files for non-standard residues
==================================================

==================================================
Running elbow/antechamber for HBN 
==================================================

==================================================
Summary of pdb4amber for: 1vea_4tleap_uc1.pdb
===================================================

----------Chains
The following (original) chains have been found:
A
B

---------- Alternate Locations (Original Residues!))

The following residues had alternate locations:
None

---------- Mising heavy atom(s)

None

MoleculeClass :  C:16  N: 4  O: 1 (CHEMICAL COMPONENTS format)
	37 atoms
	39 bonds
	64 angles
	95 dihedrals
	2 rings (groups, rings, atoms) 3 17
	1 chirals : R 

~> antechamber -i 4antechamber_HBN.pdb -fi pdb -o HBN.mol2 -fo mol2       -nc 0 -m 1 -s 2 -pf y -c bcc -at gaff2 -ek "qm_theory='AM1',grms_tol=0.0005,scfconv=1.d-10,maxcyc=0,ndiis_attempts=700,"


~> parmchk2 -s 2 -i HBN.mol2 -f mol2 -o HBN.frcmod


==================================================
Preparing asu files and 4phenix_1vea.pdb
==================================================

~> tleap -f 1vea_asu_tleap_input_run

Checking output filenames
  file : 1vea_asu.prmtop
  file : 1vea_asu.rst7

~> ChBox -c 1vea_asu.rst7 -o 1vea_asu.rst7 -X 95.41 -Y 95.41 -Z 95.41 -al 90.0 -bt 90.0 -gm 90.0 


============================================================
Preparing unit cell files: 4amber_1vea.prmtop and 4amber_1vea.rst7
============================================================

~> UnitCell -p 1vea_4UnitCell.pdb -o 1vea_4tleap_uc1.pdb


~> tleap -f 1vea_uc_tleap_input_run

Checking output filenames
  file : 1vea_uc.prmtop
  file : 1vea_uc.rst7

~> ChBox -c 1vea_uc.rst7 -o 1vea_uc.rst7 -X 95.41 -Y 95.41 -Z 95.41 -al 90.0 -bt 90.0 -gm 90.0 


==================================================
Minimizing input coordinates.
==================================================

~> sander -O -i 1vea_amber_all.in -p 4amber_1vea.prmtop -c 4amber_1vea.rst7 -o 1vea.min.out            -ref 4amber_1vea.rst7 -r 4amber_1vea.min.rst7

checking special positions in 4phenix_1vea.pdb

==================================================
Done.  Three new files have been made:
      4phenix_1vea.pdb
      4amber_1vea.prmtop
      4amber_1vea.rst7
==================================================

Example

  phenix.refine 4phenix_1vea.pdb use_amber=True \
    amber.topology_file_name=4amber_1vea.prmtop \
    amber.coordinate_file_name=4amber_1vea.rst7 \
    ....(other refinement keywords here).....



Substituting Amber PDB file for downloaded file
run_tests_local.py:222: UserWarning: os.system() is not safe: please use the subprocess module or libtbx.easy_run instead.
  os.system(cmd)

  Amber files
    PDB    : 1vea.pdb
    MTZ    : 1vea.mtz
    prmtop : 4amber_1vea.prmtop
    rst7   : 4amber_1vea.rst7
  
/net/morse/raid1/scratch1/nigel/amber/hi_lo/ve/1vea
return_files 1vea
/net/chevy/raid1/nigel/amber/hi_lo
4amber_1vea.pdb
4phenix_1vea.pdb
cp 4phenix_1vea.pdb /net/chevy/raid1/nigel/amber/hi_lo/ve/1vea
1vea.pdb
cp 1vea.pdb /net/chevy/raid1/nigel/amber/hi_lo/ve/1vea
4amber_1vea.mtz
4phenix_1vea.mtz
1vea.mtz
cp 1vea.mtz /net/chevy/raid1/nigel/amber/hi_lo/ve/1vea
4amber_1vea.rst7
cp 4amber_1vea.rst7 /net/chevy/raid1/nigel/amber/hi_lo/ve/1vea
4phenix_1vea.rst7
1vea.rst7
4amber_1vea.prmtop
cp 4amber_1vea.prmtop /net/chevy/raid1/nigel/amber/hi_lo/ve/1vea
4phenix_1vea.prmtop
1vea.prmtop
4amber_1vea_refine_001.log
4phenix_1vea_refine_001.log
1vea_refine_001.log
4amber_1vea_refine_002.log
4phenix_1vea_refine_002.log
1vea_refine_002.log
4amber_1vea_refine_001.pdb
4phenix_1vea_refine_001.pdb
1vea_refine_001.pdb
4amber_1vea_refine_002.pdb
4phenix_1vea_refine_002.pdb
1vea_refine_002.pdb
local_archive /net/chevy/raid1/nigel/amber/hi_lo
archive PDB /net/chevy/raid1/nigel/amber/hi_lo/ve/1vea/1vea.pdb
/net/morse/raid1/scratch1/nigel/amber/hi_lo/ve/1vea
------------------------------
phenix.refine log filename ? > /net/chevy/raid1/nigel/amber/hi_lo/ve/1vea/1vea_refine_001.log
------------------------------

	Already done (on chevy) 1vea_refine_001
------------------------------
phenix.refine log filename ? > /net/chevy/raid1/nigel/amber/hi_lo/ve/1vea/1vea_refine_002.log
------------------------------

	Already done (on chevy) 1vea_refine_002
