HOST lewis.lbl.gov
only_i 185
only_code None
force_amber_prep True
dry_run False
... 185 1tgz
/net/chevy/raid1/nigel/amber/hi_lo
/net/chevy/raid1/nigel/amber/hi_lo/tg/1tgz
1tgz.pdb 4phenix_1tgz.pdb
1tgz.pdb 4phenix_1tgz.pdb
local_archive None
archive PDB None
Reading from local mirror:
  /net/cci/pdb_mirror/pdb/tg/pdb1tgz.ent.gz
Model saved to /net/lewis/raid1/scratch1/nigel/amber/hi_lo/tg/1tgz/1tgz.pdb
Traceback (most recent call last):
  File "/net/cci-filer2/raid1/xp/phenix/phenix-svn/build/../modules/cctbx_project/mmtbx/command_line/fetch_pdb.py", line 199, in <module>
    run2(sys.argv[1:])
  File "/net/cci-filer2/raid1/xp/phenix/phenix-svn/build/../modules/cctbx_project/mmtbx/command_line/fetch_pdb.py", line 155, in run2
    files.append(get_pdb(id, data_type_, mirror, log, format=data_format))
  File "/net/cci-filer2/raid1/xp/phenix/phenix-svn/modules/cctbx_project/iotbx/pdb/fetch.py", line 213, in get_pdb
    data = fetch(id, data_type, mirror=mirror, format=format, log=log)
  File "/net/cci-filer2/raid1/xp/phenix/phenix-svn/modules/cctbx_project/iotbx/pdb/fetch.py", line 150, in fetch
    data = libtbx.utils.urlopen(url)
  File "/net/cci-filer2/raid1/xp/phenix/phenix-svn/modules/cctbx_project/libtbx/utils.py", line 2069, in urlopen
    return urllib2.urlopen(*args, **kwds)
  File "/net/cci-filer2/raid1/xp/phenix/phenix-svn/base/lib/python2.7/urllib2.py", line 127, in urlopen
    return _opener.open(url, data, timeout)
  File "/net/cci-filer2/raid1/xp/phenix/phenix-svn/base/lib/python2.7/urllib2.py", line 404, in open
    response = self._open(req, data)
  File "/net/cci-filer2/raid1/xp/phenix/phenix-svn/base/lib/python2.7/urllib2.py", line 422, in _open
    '_open', req)
  File "/net/cci-filer2/raid1/xp/phenix/phenix-svn/base/lib/python2.7/urllib2.py", line 382, in _call_chain
    result = func(*args)
  File "/net/cci-filer2/raid1/xp/phenix/phenix-svn/base/lib/python2.7/urllib2.py", line 1214, in http_open
    return self.do_open(httplib.HTTPConnection, req)
  File "/net/cci-filer2/raid1/xp/phenix/phenix-svn/base/lib/python2.7/urllib2.py", line 1184, in do_open
    raise URLError(err)
urllib2.URLError: <urlopen error [Errno 110] Connection timed out>
local_archive None
archive PDB None
Reading from local mirror:
  /net/cci/pdb_mirror/pdb/tg/pdb1tgz.ent.gz
Model saved to /net/lewis/raid1/scratch1/nigel/amber/hi_lo/tg/1tgz/1tgz.pdb
Traceback (most recent call last):
  File "/net/cci-filer2/raid1/xp/phenix/phenix-svn/build/../modules/cctbx_project/mmtbx/command_line/fetch_pdb.py", line 199, in <module>
    run2(sys.argv[1:])
  File "/net/cci-filer2/raid1/xp/phenix/phenix-svn/build/../modules/cctbx_project/mmtbx/command_line/fetch_pdb.py", line 155, in run2
    files.append(get_pdb(id, data_type_, mirror, log, format=data_format))
  File "/net/cci-filer2/raid1/xp/phenix/phenix-svn/modules/cctbx_project/iotbx/pdb/fetch.py", line 213, in get_pdb
    data = fetch(id, data_type, mirror=mirror, format=format, log=log)
  File "/net/cci-filer2/raid1/xp/phenix/phenix-svn/modules/cctbx_project/iotbx/pdb/fetch.py", line 150, in fetch
    data = libtbx.utils.urlopen(url)
  File "/net/cci-filer2/raid1/xp/phenix/phenix-svn/modules/cctbx_project/libtbx/utils.py", line 2069, in urlopen
    return urllib2.urlopen(*args, **kwds)
  File "/net/cci-filer2/raid1/xp/phenix/phenix-svn/base/lib/python2.7/urllib2.py", line 127, in urlopen
    return _opener.open(url, data, timeout)
  File "/net/cci-filer2/raid1/xp/phenix/phenix-svn/base/lib/python2.7/urllib2.py", line 404, in open
    response = self._open(req, data)
  File "/net/cci-filer2/raid1/xp/phenix/phenix-svn/base/lib/python2.7/urllib2.py", line 422, in _open
    '_open', req)
  File "/net/cci-filer2/raid1/xp/phenix/phenix-svn/base/lib/python2.7/urllib2.py", line 382, in _call_chain
    result = func(*args)
  File "/net/cci-filer2/raid1/xp/phenix/phenix-svn/base/lib/python2.7/urllib2.py", line 1214, in http_open
    return self.do_open(httplib.HTTPConnection, req)
  File "/net/cci-filer2/raid1/xp/phenix/phenix-svn/base/lib/python2.7/urllib2.py", line 1184, in do_open
    raise URLError(err)
urllib2.URLError: <urlopen error [Errno 110] Connection timed out>

==================================================
Summary of pdb4amber for: 1tgz.pdb
===================================================

----------Chains
The following (original) chains have been found:
A
B

---------- Alternate Locations (Original Residues!))

The following residues had alternate locations:
None

---------- Mising heavy atom(s)

LEU_1 misses 3 heavy atom(s)

==================================================
Summary of pdb4amber for: 1tgz_4tleap_uc1.pdb
===================================================

----------Chains
The following (original) chains have been found:
A
B

---------- Alternate Locations (Original Residues!))

The following residues had alternate locations:
None

---------- Mising heavy atom(s)

None
not prmtop_filename /net/lewis/scratch1/nigel/amber/hi_lo/tg/1tgz/4amber_1tgz.prmtop

	Running AmberPrep : 1tgz.pdb


==================================================
Running pdb4amber on 1tgz.pdb
==================================================

==================================================
Setting up library files for non-standard residues
==================================================

  Residue "SO4" already in amber monomer library. Skipping elbow/antechamber
    run for this residue.
        

==================================================
Preparing asu files and 4phenix_1tgz.pdb
==================================================

~> tleap -f 1tgz_asu_tleap_input_run

Checking output filenames
  file : 1tgz_asu.prmtop
  file : 1tgz_asu.rst7

~> ChBox -c 1tgz_asu.rst7 -o 1tgz_asu.rst7 -X 111.163 -Y 111.163 -Z 143.106 -al 90.0 -bt 90.0 -gm 120.0 


============================================================
Preparing unit cell files: 4amber_1tgz.prmtop and 4amber_1tgz.rst7
============================================================

~> UnitCell -p 1tgz_4UnitCell.pdb -o 1tgz_4tleap_uc1.pdb


~> tleap -f 1tgz_uc_tleap_input_run

Checking output filenames
  file : 1tgz_uc.prmtop
  file : 1tgz_uc.rst7

~> ChBox -c 1tgz_uc.rst7 -o 1tgz_uc.rst7 -X 111.163 -Y 111.163 -Z 143.106 -al 90.0 -bt 90.0 -gm 120.0 


==================================================
Minimizing input coordinates.
==================================================

~> sander -O -i 1tgz_amber_all.in -p 4amber_1tgz.prmtop -c 4amber_1tgz.rst7 -o 1tgz.min.out            -ref 4amber_1tgz.rst7 -r 4amber_1tgz.min.rst7

checking special positions in 4phenix_1tgz.pdb

==================================================
Done.  Three new files have been made:
      4phenix_1tgz.pdb
      4amber_1tgz.prmtop
      4amber_1tgz.rst7
==================================================

Example

  phenix.refine 4phenix_1tgz.pdb use_amber=True \
    amber.topology_file_name=4amber_1tgz.prmtop \
    amber.coordinate_file_name=4amber_1tgz.rst7 \
    ....(other refinement keywords here).....



Substituting Amber PDB file for downloaded file
run_tests_local.py:222: UserWarning: os.system() is not safe: please use the subprocess module or libtbx.easy_run instead.
  os.system(cmd)

  Amber files
    PDB    : 1tgz.pdb
    MTZ    : 1tgz.mtz
    prmtop : 4amber_1tgz.prmtop
    rst7   : 4amber_1tgz.rst7
  
/net/lewis/raid1/scratch1/nigel/amber/hi_lo/tg/1tgz
return_files 1tgz
/net/chevy/raid1/nigel/amber/hi_lo
4amber_1tgz.pdb
4phenix_1tgz.pdb
cp 4phenix_1tgz.pdb /net/chevy/raid1/nigel/amber/hi_lo/tg/1tgz
1tgz.pdb
cp 1tgz.pdb /net/chevy/raid1/nigel/amber/hi_lo/tg/1tgz
4amber_1tgz.mtz
4phenix_1tgz.mtz
1tgz.mtz
cp 1tgz.mtz /net/chevy/raid1/nigel/amber/hi_lo/tg/1tgz
4amber_1tgz.rst7
cp 4amber_1tgz.rst7 /net/chevy/raid1/nigel/amber/hi_lo/tg/1tgz
4phenix_1tgz.rst7
1tgz.rst7
4amber_1tgz.prmtop
cp 4amber_1tgz.prmtop /net/chevy/raid1/nigel/amber/hi_lo/tg/1tgz
4phenix_1tgz.prmtop
1tgz.prmtop
4amber_1tgz_refine_001.log
4phenix_1tgz_refine_001.log
1tgz_refine_001.log
4amber_1tgz_refine_002.log
4phenix_1tgz_refine_002.log
1tgz_refine_002.log
4amber_1tgz_refine_001.pdb
4phenix_1tgz_refine_001.pdb
1tgz_refine_001.pdb
4amber_1tgz_refine_002.pdb
4phenix_1tgz_refine_002.pdb
1tgz_refine_002.pdb
local_archive /net/chevy/raid1/nigel/amber/hi_lo
archive PDB /net/chevy/raid1/nigel/amber/hi_lo/tg/1tgz/1tgz.pdb
/net/lewis/raid1/scratch1/nigel/amber/hi_lo/tg/1tgz
------------------------------
phenix.refine log filename ? > /net/chevy/raid1/nigel/amber/hi_lo/tg/1tgz/1tgz_refine_001.log
------------------------------

	Already done (on chevy) 1tgz_refine_001
------------------------------
phenix.refine log filename ? > /net/chevy/raid1/nigel/amber/hi_lo/tg/1tgz/1tgz_refine_002.log
------------------------------

	Already done (on chevy) 1tgz_refine_002
