HOST lewis.lbl.gov
only_i 193
only_code None
force_amber_prep True
dry_run False
... 193 1obt
/net/chevy/raid1/nigel/amber/hi_lo
/net/chevy/raid1/nigel/amber/hi_lo/ob/1obt
1obt.pdb 4phenix_1obt.pdb
1obt.pdb 4phenix_1obt.pdb
local_archive None
archive PDB None
Reading from local mirror:
  /net/cci/pdb_mirror/pdb/ob/pdb1obt.ent.gz
Model saved to /net/lewis/raid1/scratch1/nigel/amber/hi_lo/ob/1obt/1obt.pdb
Traceback (most recent call last):
  File "/net/cci-filer2/raid1/xp/phenix/phenix-svn/build/../modules/cctbx_project/mmtbx/command_line/fetch_pdb.py", line 199, in <module>
    run2(sys.argv[1:])
  File "/net/cci-filer2/raid1/xp/phenix/phenix-svn/build/../modules/cctbx_project/mmtbx/command_line/fetch_pdb.py", line 155, in run2
    files.append(get_pdb(id, data_type_, mirror, log, format=data_format))
  File "/net/cci-filer2/raid1/xp/phenix/phenix-svn/modules/cctbx_project/iotbx/pdb/fetch.py", line 213, in get_pdb
    data = fetch(id, data_type, mirror=mirror, format=format, log=log)
  File "/net/cci-filer2/raid1/xp/phenix/phenix-svn/modules/cctbx_project/iotbx/pdb/fetch.py", line 150, in fetch
    data = libtbx.utils.urlopen(url)
  File "/net/cci-filer2/raid1/xp/phenix/phenix-svn/modules/cctbx_project/libtbx/utils.py", line 2069, in urlopen
    return urllib2.urlopen(*args, **kwds)
  File "/net/cci-filer2/raid1/xp/phenix/phenix-svn/base/lib/python2.7/urllib2.py", line 127, in urlopen
    return _opener.open(url, data, timeout)
  File "/net/cci-filer2/raid1/xp/phenix/phenix-svn/base/lib/python2.7/urllib2.py", line 404, in open
    response = self._open(req, data)
  File "/net/cci-filer2/raid1/xp/phenix/phenix-svn/base/lib/python2.7/urllib2.py", line 422, in _open
    '_open', req)
  File "/net/cci-filer2/raid1/xp/phenix/phenix-svn/base/lib/python2.7/urllib2.py", line 382, in _call_chain
    result = func(*args)
  File "/net/cci-filer2/raid1/xp/phenix/phenix-svn/base/lib/python2.7/urllib2.py", line 1214, in http_open
    return self.do_open(httplib.HTTPConnection, req)
  File "/net/cci-filer2/raid1/xp/phenix/phenix-svn/base/lib/python2.7/urllib2.py", line 1184, in do_open
    raise URLError(err)
urllib2.URLError: <urlopen error [Errno 110] Connection timed out>
local_archive None
archive PDB None
Reading from local mirror:
  /net/cci/pdb_mirror/pdb/ob/pdb1obt.ent.gz
Model saved to /net/lewis/raid1/scratch1/nigel/amber/hi_lo/ob/1obt/1obt.pdb
Traceback (most recent call last):
  File "/net/cci-filer2/raid1/xp/phenix/phenix-svn/build/../modules/cctbx_project/mmtbx/command_line/fetch_pdb.py", line 199, in <module>
    run2(sys.argv[1:])
  File "/net/cci-filer2/raid1/xp/phenix/phenix-svn/build/../modules/cctbx_project/mmtbx/command_line/fetch_pdb.py", line 155, in run2
    files.append(get_pdb(id, data_type_, mirror, log, format=data_format))
  File "/net/cci-filer2/raid1/xp/phenix/phenix-svn/modules/cctbx_project/iotbx/pdb/fetch.py", line 213, in get_pdb
    data = fetch(id, data_type, mirror=mirror, format=format, log=log)
  File "/net/cci-filer2/raid1/xp/phenix/phenix-svn/modules/cctbx_project/iotbx/pdb/fetch.py", line 150, in fetch
    data = libtbx.utils.urlopen(url)
  File "/net/cci-filer2/raid1/xp/phenix/phenix-svn/modules/cctbx_project/libtbx/utils.py", line 2069, in urlopen
    return urllib2.urlopen(*args, **kwds)
  File "/net/cci-filer2/raid1/xp/phenix/phenix-svn/base/lib/python2.7/urllib2.py", line 127, in urlopen
    return _opener.open(url, data, timeout)
  File "/net/cci-filer2/raid1/xp/phenix/phenix-svn/base/lib/python2.7/urllib2.py", line 404, in open
    response = self._open(req, data)
  File "/net/cci-filer2/raid1/xp/phenix/phenix-svn/base/lib/python2.7/urllib2.py", line 422, in _open
    '_open', req)
  File "/net/cci-filer2/raid1/xp/phenix/phenix-svn/base/lib/python2.7/urllib2.py", line 382, in _call_chain
    result = func(*args)
  File "/net/cci-filer2/raid1/xp/phenix/phenix-svn/base/lib/python2.7/urllib2.py", line 1214, in http_open
    return self.do_open(httplib.HTTPConnection, req)
  File "/net/cci-filer2/raid1/xp/phenix/phenix-svn/base/lib/python2.7/urllib2.py", line 1184, in do_open
    raise URLError(err)
urllib2.URLError: <urlopen error [Errno 110] Connection timed out>

==================================================
Summary of pdb4amber for: 1obt.pdb
===================================================

----------Chains
The following (original) chains have been found:
A

---------- Alternate Locations (Original Residues!))

The following residues had alternate locations:
None

---------- Mising heavy atom(s)

None

==================================================
Summary of pdb4amber for: 1obt_4tleap_uc1.pdb
===================================================

----------Chains
The following (original) chains have been found:
A

---------- Alternate Locations (Original Residues!))

The following residues had alternate locations:
None

---------- Mising heavy atom(s)

None
not prmtop_filename /net/lewis/scratch1/nigel/amber/hi_lo/ob/1obt/4amber_1obt.prmtop

	Running AmberPrep : 1obt.pdb


==================================================
Running pdb4amber on 1obt.pdb
==================================================

==================================================
Setting up library files for non-standard residues
==================================================

  Residue "AMP" already in amber monomer library. Skipping elbow/antechamber
    run for this residue.
        

==================================================
Preparing asu files and 4phenix_1obt.pdb
==================================================

~> tleap -f 1obt_asu_tleap_input_run

Checking output filenames
  file : 1obt_asu.prmtop
  file : 1obt_asu.rst7

~> ChBox -c 1obt_asu.rst7 -o 1obt_asu.rst7 -X 68.65 -Y 68.65 -Z 141.1 -al 90.0 -bt 90.0 -gm 90.0 


============================================================
Preparing unit cell files: 4amber_1obt.prmtop and 4amber_1obt.rst7
============================================================

~> UnitCell -p 1obt_4UnitCell.pdb -o 1obt_4tleap_uc1.pdb


~> tleap -f 1obt_uc_tleap_input_run

Checking output filenames
  file : 1obt_uc.prmtop
  file : 1obt_uc.rst7

~> ChBox -c 1obt_uc.rst7 -o 1obt_uc.rst7 -X 68.65 -Y 68.65 -Z 141.1 -al 90.0 -bt 90.0 -gm 90.0 


==================================================
Minimizing input coordinates.
==================================================

~> sander -O -i 1obt_amber_all.in -p 4amber_1obt.prmtop -c 4amber_1obt.rst7 -o 1obt.min.out            -ref 4amber_1obt.rst7 -r 4amber_1obt.min.rst7

checking special positions in 4phenix_1obt.pdb

==================================================
Done.  Three new files have been made:
      4phenix_1obt.pdb
      4amber_1obt.prmtop
      4amber_1obt.rst7
==================================================

Example

  phenix.refine 4phenix_1obt.pdb use_amber=True \
    amber.topology_file_name=4amber_1obt.prmtop \
    amber.coordinate_file_name=4amber_1obt.rst7 \
    ....(other refinement keywords here).....



Substituting Amber PDB file for downloaded file
run_tests_local.py:222: UserWarning: os.system() is not safe: please use the subprocess module or libtbx.easy_run instead.
  os.system(cmd)

  Amber files
    PDB    : 1obt.pdb
    MTZ    : 1obt.mtz
    prmtop : 4amber_1obt.prmtop
    rst7   : 4amber_1obt.rst7
  
/net/lewis/raid1/scratch1/nigel/amber/hi_lo/ob/1obt
return_files 1obt
/net/chevy/raid1/nigel/amber/hi_lo
4amber_1obt.pdb
4phenix_1obt.pdb
cp 4phenix_1obt.pdb /net/chevy/raid1/nigel/amber/hi_lo/ob/1obt
1obt.pdb
cp 1obt.pdb /net/chevy/raid1/nigel/amber/hi_lo/ob/1obt
4amber_1obt.mtz
4phenix_1obt.mtz
1obt.mtz
cp 1obt.mtz /net/chevy/raid1/nigel/amber/hi_lo/ob/1obt
4amber_1obt.rst7
cp 4amber_1obt.rst7 /net/chevy/raid1/nigel/amber/hi_lo/ob/1obt
4phenix_1obt.rst7
1obt.rst7
4amber_1obt.prmtop
cp 4amber_1obt.prmtop /net/chevy/raid1/nigel/amber/hi_lo/ob/1obt
4phenix_1obt.prmtop
1obt.prmtop
4amber_1obt_refine_001.log
4phenix_1obt_refine_001.log
1obt_refine_001.log
4amber_1obt_refine_002.log
4phenix_1obt_refine_002.log
1obt_refine_002.log
4amber_1obt_refine_001.pdb
4phenix_1obt_refine_001.pdb
1obt_refine_001.pdb
4amber_1obt_refine_002.pdb
4phenix_1obt_refine_002.pdb
1obt_refine_002.pdb
local_archive /net/chevy/raid1/nigel/amber/hi_lo
archive PDB /net/chevy/raid1/nigel/amber/hi_lo/ob/1obt/1obt.pdb
/net/lewis/raid1/scratch1/nigel/amber/hi_lo/ob/1obt
------------------------------
phenix.refine log filename ? > /net/chevy/raid1/nigel/amber/hi_lo/ob/1obt/1obt_refine_001.log
------------------------------

	Already done (on chevy) 1obt_refine_001
------------------------------
phenix.refine log filename ? > /net/chevy/raid1/nigel/amber/hi_lo/ob/1obt/1obt_refine_002.log
------------------------------

	Already done (on chevy) 1obt_refine_002
