HOST morse.lbl.gov
only_i 203
only_code None
force_amber_prep True
dry_run False
... 203 2ckd
/net/chevy/raid1/nigel/amber/hi_lo
/net/chevy/raid1/nigel/amber/hi_lo/ck/2ckd
2ckd.pdb 4phenix_2ckd.pdb
2ckd.pdb 4phenix_2ckd.pdb
local_archive None
archive PDB None
Reading from local mirror:
  /net/cci/pdb_mirror/pdb/ck/pdb2ckd.ent.gz
Model saved to /net/morse/raid1/scratch1/nigel/amber/hi_lo/ck/2ckd/2ckd.pdb
Sequence saved to /net/morse/raid1/scratch1/nigel/amber/hi_lo/ck/2ckd/2ckd.fa
Reading from local mirror:
  /net/cci/pdb_mirror/structure_factors/ck/r2ckdsf.ent.gz
Structure factors saved to /net/morse/raid1/scratch1/nigel/amber/hi_lo/ck/2ckd/2ckd-sf.cif
Reading from local mirror:
  /net/cci/pdb_mirror/mmcif/ck/2ckd.cif.gz
Model saved to /net/morse/raid1/scratch1/nigel/amber/hi_lo/ck/2ckd/2ckd.cif
Can't determine output label for r2ckdsf,_refln.crystal_id - skipping.
Can't determine output label for r2ckdsf,_refln.scale_group_code - skipping.
Can't determine output label for r2ckdsf,_refln.wavelength_id - skipping.
Converted structure factors saved to 2ckd.mtz
local_archive None
archive PDB None
Reading from local mirror:
  /net/cci/pdb_mirror/pdb/ck/pdb2ckd.ent.gz
Model saved to /net/morse/raid1/scratch1/nigel/amber/hi_lo/ck/2ckd/2ckd.pdb
Sequence saved to /net/morse/raid1/scratch1/nigel/amber/hi_lo/ck/2ckd/2ckd.fa
Reading from local mirror:
  /net/cci/pdb_mirror/structure_factors/ck/r2ckdsf.ent.gz
Structure factors saved to /net/morse/raid1/scratch1/nigel/amber/hi_lo/ck/2ckd/2ckd-sf.cif
Reading from local mirror:
  /net/cci/pdb_mirror/mmcif/ck/2ckd.cif.gz
Model saved to /net/morse/raid1/scratch1/nigel/amber/hi_lo/ck/2ckd/2ckd.cif
Can't determine output label for r2ckdsf,_refln.crystal_id - skipping.
Can't determine output label for r2ckdsf,_refln.scale_group_code - skipping.
Can't determine output label for r2ckdsf,_refln.wavelength_id - skipping.
Converted structure factors saved to 2ckd.mtz

==================================================
Summary of pdb4amber for: 2ckd.pdb
===================================================

----------Chains
The following (original) chains have been found:
A
B

---------- Alternate Locations (Original Residues!))

The following residues had alternate locations:
None

---------- Mising heavy atom(s)

None

==================================================
Summary of pdb4amber for: 2ckd_4tleap_uc1.pdb
===================================================

----------Chains
The following (original) chains have been found:
A
B

---------- Alternate Locations (Original Residues!))

The following residues had alternate locations:
None

---------- Mising heavy atom(s)

None
not prmtop_filename /net/morse/scratch1/nigel/amber/hi_lo/ck/2ckd/4amber_2ckd.prmtop

	Running AmberPrep : 2ckd.pdb


==================================================
Running pdb4amber on 2ckd.pdb
==================================================

==================================================
Setting up library files for non-standard residues
==================================================

==================================================
Preparing asu files and 4phenix_2ckd.pdb
==================================================

~> tleap -f 2ckd_asu_tleap_input_run

Checking output filenames
  file : 2ckd_asu.prmtop
  file : 2ckd_asu.rst7

~> ChBox -c 2ckd_asu.rst7 -o 2ckd_asu.rst7 -X 96.78 -Y 96.78 -Z 169.367 -al 90.0 -bt 90.0 -gm 90.0 


============================================================
Preparing unit cell files: 4amber_2ckd.prmtop and 4amber_2ckd.rst7
============================================================

~> UnitCell -p 2ckd_4UnitCell.pdb -o 2ckd_4tleap_uc1.pdb


~> tleap -f 2ckd_uc_tleap_input_run

Checking output filenames
  file : 2ckd_uc.prmtop
  file : 2ckd_uc.rst7

~> ChBox -c 2ckd_uc.rst7 -o 2ckd_uc.rst7 -X 96.78 -Y 96.78 -Z 169.367 -al 90.0 -bt 90.0 -gm 90.0 


==================================================
Minimizing input coordinates.
==================================================

~> sander -O -i 2ckd_amber_all.in -p 4amber_2ckd.prmtop -c 4amber_2ckd.rst7 -o 2ckd.min.out            -ref 4amber_2ckd.rst7 -r 4amber_2ckd.min.rst7

checking special positions in 4phenix_2ckd.pdb

==================================================
Done.  Three new files have been made:
      4phenix_2ckd.pdb
      4amber_2ckd.prmtop
      4amber_2ckd.rst7
==================================================

Example

  phenix.refine 4phenix_2ckd.pdb use_amber=True \
    amber.topology_file_name=4amber_2ckd.prmtop \
    amber.coordinate_file_name=4amber_2ckd.rst7 \
    ....(other refinement keywords here).....



Substituting Amber PDB file for downloaded file
run_tests_local.py:222: UserWarning: os.system() is not safe: please use the subprocess module or libtbx.easy_run instead.
  os.system(cmd)

  Amber files
    PDB    : 2ckd.pdb
    MTZ    : 2ckd.mtz
    prmtop : 4amber_2ckd.prmtop
    rst7   : 4amber_2ckd.rst7
  
/net/morse/raid1/scratch1/nigel/amber/hi_lo/ck/2ckd
return_files 2ckd
/net/chevy/raid1/nigel/amber/hi_lo
4amber_2ckd.pdb
4phenix_2ckd.pdb
cp 4phenix_2ckd.pdb /net/chevy/raid1/nigel/amber/hi_lo/ck/2ckd
2ckd.pdb
cp 2ckd.pdb /net/chevy/raid1/nigel/amber/hi_lo/ck/2ckd
4amber_2ckd.mtz
4phenix_2ckd.mtz
2ckd.mtz
cp 2ckd.mtz /net/chevy/raid1/nigel/amber/hi_lo/ck/2ckd
4amber_2ckd.rst7
cp 4amber_2ckd.rst7 /net/chevy/raid1/nigel/amber/hi_lo/ck/2ckd
4phenix_2ckd.rst7
2ckd.rst7
4amber_2ckd.prmtop
cp 4amber_2ckd.prmtop /net/chevy/raid1/nigel/amber/hi_lo/ck/2ckd
4phenix_2ckd.prmtop
2ckd.prmtop
4amber_2ckd_refine_001.log
4phenix_2ckd_refine_001.log
2ckd_refine_001.log
4amber_2ckd_refine_002.log
4phenix_2ckd_refine_002.log
2ckd_refine_002.log
4amber_2ckd_refine_001.pdb
4phenix_2ckd_refine_001.pdb
2ckd_refine_001.pdb
4amber_2ckd_refine_002.pdb
4phenix_2ckd_refine_002.pdb
2ckd_refine_002.pdb
local_archive /net/chevy/raid1/nigel/amber/hi_lo
archive PDB /net/chevy/raid1/nigel/amber/hi_lo/ck/2ckd/2ckd.pdb
/net/morse/raid1/scratch1/nigel/amber/hi_lo/ck/2ckd
------------------------------
phenix.refine log filename ? > /net/chevy/raid1/nigel/amber/hi_lo/ck/2ckd/2ckd_refine_001.log
------------------------------

	Already done (on chevy) 2ckd_refine_001
------------------------------
phenix.refine log filename ? > /net/chevy/raid1/nigel/amber/hi_lo/ck/2ckd/2ckd_refine_002.log
------------------------------

	Already done (on chevy) 2ckd_refine_002
