HOST morse.lbl.gov
only_i 109
only_code None
force_amber_prep True
dry_run False
... 109 1htn
/net/chevy/raid1/nigel/amber/hi_lo
/net/chevy/raid1/nigel/amber/hi_lo/ht/1htn
1htn.pdb 4phenix_1htn.pdb
1htn.pdb 4phenix_1htn.pdb
local_archive None
archive PDB None
Reading from local mirror:
  /net/cci/pdb_mirror/pdb/ht/pdb1htn.ent.gz
Model saved to /net/morse/raid1/scratch1/nigel/amber/hi_lo/ht/1htn/1htn.pdb
Sequence saved to /net/morse/raid1/scratch1/nigel/amber/hi_lo/ht/1htn/1htn.fa
Reading from local mirror:
  /net/cci/pdb_mirror/structure_factors/ht/r1htnsf.ent.gz
Structure factors saved to /net/morse/raid1/scratch1/nigel/amber/hi_lo/ht/1htn/1htn-sf.cif
Reading from local mirror:
  /net/cci/pdb_mirror/mmcif/ht/1htn.cif.gz
Model saved to /net/morse/raid1/scratch1/nigel/amber/hi_lo/ht/1htn/1htn.cif
Can't determine output label for r1htnsf,_refln.crystal_id - skipping.
Can't determine output label for r1htnsf,_refln.scale_group_code - skipping.
Can't determine output label for r1htnsf,_refln.wavelength_id - skipping.
Converted structure factors saved to 1htn.mtz
local_archive None
archive PDB None
Reading from local mirror:
  /net/cci/pdb_mirror/pdb/ht/pdb1htn.ent.gz
Model saved to /net/morse/raid1/scratch1/nigel/amber/hi_lo/ht/1htn/1htn.pdb
Sequence saved to /net/morse/raid1/scratch1/nigel/amber/hi_lo/ht/1htn/1htn.fa
Reading from local mirror:
  /net/cci/pdb_mirror/structure_factors/ht/r1htnsf.ent.gz
Structure factors saved to /net/morse/raid1/scratch1/nigel/amber/hi_lo/ht/1htn/1htn-sf.cif
Reading from local mirror:
  /net/cci/pdb_mirror/mmcif/ht/1htn.cif.gz
Model saved to /net/morse/raid1/scratch1/nigel/amber/hi_lo/ht/1htn/1htn.cif
Can't determine output label for r1htnsf,_refln.crystal_id - skipping.
Can't determine output label for r1htnsf,_refln.scale_group_code - skipping.
Can't determine output label for r1htnsf,_refln.wavelength_id - skipping.
Converted structure factors saved to 1htn.mtz

==================================================
Summary of pdb4amber for: 1htn.pdb
===================================================

----------Chains
The following (original) chains have been found:
A

---------- Alternate Locations (Original Residues!))

The following residues had alternate locations:
None

---------- Mising heavy atom(s)

None

==================================================
Summary of pdb4amber for: 1htn_4tleap_uc1.pdb
===================================================

----------Chains
The following (original) chains have been found:
A

---------- Alternate Locations (Original Residues!))

The following residues had alternate locations:
None

---------- Mising heavy atom(s)

None
not prmtop_filename /net/morse/scratch1/nigel/amber/hi_lo/ht/1htn/4amber_1htn.prmtop

	Running AmberPrep : 1htn.pdb


==================================================
Running pdb4amber on 1htn.pdb
==================================================

==================================================
Setting up library files for non-standard residues
==================================================

==================================================
Preparing asu files and 4phenix_1htn.pdb
==================================================

~> tleap -f 1htn_asu_tleap_input_run

Checking output filenames
  file : 1htn_asu.prmtop
  file : 1htn_asu.rst7

~> ChBox -c 1htn_asu.rst7 -o 1htn_asu.rst7 -X 89.14 -Y 89.14 -Z 75.77 -al 90.0 -bt 90.0 -gm 120.0 


============================================================
Preparing unit cell files: 4amber_1htn.prmtop and 4amber_1htn.rst7
============================================================

~> UnitCell -p 1htn_4UnitCell.pdb -o 1htn_4tleap_uc1.pdb


~> tleap -f 1htn_uc_tleap_input_run

Checking output filenames
  file : 1htn_uc.prmtop
  file : 1htn_uc.rst7

~> ChBox -c 1htn_uc.rst7 -o 1htn_uc.rst7 -X 89.14 -Y 89.14 -Z 75.77 -al 90.0 -bt 90.0 -gm 120.0 


==================================================
Minimizing input coordinates.
==================================================

~> sander -O -i 1htn_amber_all.in -p 4amber_1htn.prmtop -c 4amber_1htn.rst7 -o 1htn.min.out            -ref 4amber_1htn.rst7 -r 4amber_1htn.min.rst7

checking special positions in 4phenix_1htn.pdb

==================================================
Done.  Three new files have been made:
      4phenix_1htn.pdb
      4amber_1htn.prmtop
      4amber_1htn.rst7
==================================================

Example

  phenix.refine 4phenix_1htn.pdb use_amber=True \
    amber.topology_file_name=4amber_1htn.prmtop \
    amber.coordinate_file_name=4amber_1htn.rst7 \
    ....(other refinement keywords here).....



Substituting Amber PDB file for downloaded file
run_tests_local.py:222: UserWarning: os.system() is not safe: please use the subprocess module or libtbx.easy_run instead.
  os.system(cmd)

  Amber files
    PDB    : 1htn.pdb
    MTZ    : 1htn.mtz
    prmtop : 4amber_1htn.prmtop
    rst7   : 4amber_1htn.rst7
  
/net/morse/raid1/scratch1/nigel/amber/hi_lo/ht/1htn
return_files 1htn
/net/chevy/raid1/nigel/amber/hi_lo
4amber_1htn.pdb
4phenix_1htn.pdb
cp 4phenix_1htn.pdb /net/chevy/raid1/nigel/amber/hi_lo/ht/1htn
1htn.pdb
cp 1htn.pdb /net/chevy/raid1/nigel/amber/hi_lo/ht/1htn
4amber_1htn.mtz
4phenix_1htn.mtz
1htn.mtz
cp 1htn.mtz /net/chevy/raid1/nigel/amber/hi_lo/ht/1htn
4amber_1htn.rst7
cp 4amber_1htn.rst7 /net/chevy/raid1/nigel/amber/hi_lo/ht/1htn
4phenix_1htn.rst7
1htn.rst7
4amber_1htn.prmtop
cp 4amber_1htn.prmtop /net/chevy/raid1/nigel/amber/hi_lo/ht/1htn
4phenix_1htn.prmtop
1htn.prmtop
4amber_1htn_refine_001.log
4phenix_1htn_refine_001.log
1htn_refine_001.log
4amber_1htn_refine_002.log
4phenix_1htn_refine_002.log
1htn_refine_002.log
4amber_1htn_refine_001.pdb
4phenix_1htn_refine_001.pdb
1htn_refine_001.pdb
4amber_1htn_refine_002.pdb
4phenix_1htn_refine_002.pdb
1htn_refine_002.pdb
local_archive /net/chevy/raid1/nigel/amber/hi_lo
archive PDB /net/chevy/raid1/nigel/amber/hi_lo/ht/1htn/1htn.pdb
/net/morse/raid1/scratch1/nigel/amber/hi_lo/ht/1htn
------------------------------
phenix.refine log filename ? > /net/chevy/raid1/nigel/amber/hi_lo/ht/1htn/1htn_refine_001.log
------------------------------

	Already done (on chevy) 1htn_refine_001
------------------------------
phenix.refine log filename ? > /net/chevy/raid1/nigel/amber/hi_lo/ht/1htn/1htn_refine_002.log
------------------------------

	Already done (on chevy) 1htn_refine_002
