HOST morse.lbl.gov
only_i 139
only_code None
force_amber_prep True
dry_run False
... 139 2o39
/net/chevy/raid1/nigel/amber/hi_lo
/net/chevy/raid1/nigel/amber/hi_lo/o3/2o39
2o39.pdb 4phenix_2o39.pdb
2o39.pdb 4phenix_2o39.pdb
local_archive None
archive PDB None
Reading from local mirror:
  /net/cci/pdb_mirror/pdb/o3/pdb2o39.ent.gz
Model saved to /net/morse/raid1/scratch1/nigel/amber/hi_lo/o3/2o39/2o39.pdb
Sequence saved to /net/morse/raid1/scratch1/nigel/amber/hi_lo/o3/2o39/2o39.fa
Reading from local mirror:
  /net/cci/pdb_mirror/structure_factors/o3/r2o39sf.ent.gz
Structure factors saved to /net/morse/raid1/scratch1/nigel/amber/hi_lo/o3/2o39/2o39-sf.cif
Reading from local mirror:
  /net/cci/pdb_mirror/mmcif/o3/2o39.cif.gz
Model saved to /net/morse/raid1/scratch1/nigel/amber/hi_lo/o3/2o39/2o39.cif
Can't determine output label for r2o39sf,_refln.crystal_id - skipping.
Can't determine output label for r2o39sf,_refln.scale_group_code - skipping.
Can't determine output label for r2o39sf,_refln.wavelength_id - skipping.
Converted structure factors saved to 2o39.mtz
local_archive None
archive PDB None
Reading from local mirror:
  /net/cci/pdb_mirror/pdb/o3/pdb2o39.ent.gz
Model saved to /net/morse/raid1/scratch1/nigel/amber/hi_lo/o3/2o39/2o39.pdb
Sequence saved to /net/morse/raid1/scratch1/nigel/amber/hi_lo/o3/2o39/2o39.fa
Reading from local mirror:
  /net/cci/pdb_mirror/structure_factors/o3/r2o39sf.ent.gz
Structure factors saved to /net/morse/raid1/scratch1/nigel/amber/hi_lo/o3/2o39/2o39-sf.cif
Reading from local mirror:
  /net/cci/pdb_mirror/mmcif/o3/2o39.cif.gz
Model saved to /net/morse/raid1/scratch1/nigel/amber/hi_lo/o3/2o39/2o39.cif
Can't determine output label for r2o39sf,_refln.crystal_id - skipping.
Can't determine output label for r2o39sf,_refln.scale_group_code - skipping.
Can't determine output label for r2o39sf,_refln.wavelength_id - skipping.
Converted structure factors saved to 2o39.mtz

==================================================
Summary of pdb4amber for: 2o39.pdb
===================================================

----------Chains
The following (original) chains have been found:
A
B
C
D

---------- Alternate Locations (Original Residues!))

The following residues had alternate locations:
None

---------- Mising heavy atom(s)

None
not prmtop_filename /net/morse/scratch1/nigel/amber/hi_lo/o3/2o39/4amber_2o39.prmtop

	Running AmberPrep : 2o39.pdb


==================================================
Running pdb4amber on 2o39.pdb
==================================================

==================================================
Setting up library files for non-standard residues
==================================================

==================================================
Running elbow/antechamber for BMA 
==================================================

MoleculeClass :  C: 6  O: 6 (CHEMICAL COMPONENTS format)
	24 atoms
	24 bonds
	42 angles
	66 dihedrals
	1 rings (groups, rings, atoms) 1 6
	5 chirals : R S S S R 

~> antechamber -i 4antechamber_BMA.pdb -fi pdb -o BMA.mol2 -fo mol2       -nc 0 -m 1 -s 2 -pf y -c bcc -at gaff2 -ek "qm_theory='AM1',grms_tol=0.0005,scfconv=1.d-10,maxcyc=0,ndiis_attempts=700,"


~> parmchk2 -s 2 -i BMA.mol2 -f mol2 -o BMA.frcmod


==================================================
Running elbow/antechamber for NAG 
==================================================

==================================================
Summary of pdb4amber for: 2o39_4tleap_uc1.pdb
===================================================

----------Chains
The following (original) chains have been found:
A
B
C
D

---------- Alternate Locations (Original Residues!))

The following residues had alternate locations:
None

---------- Mising heavy atom(s)

None

MoleculeClass :  C: 8  N: 1  O: 6 (CHEMICAL COMPONENTS format)
	30 atoms
	30 bonds
	53 angles
	79 dihedrals
	1 rings (groups, rings, atoms) 1 6
	5 chirals : R R R S R 

~> antechamber -i 4antechamber_NAG.pdb -fi pdb -o NAG.mol2 -fo mol2       -nc 0 -m 1 -s 2 -pf y -c bcc -at gaff2 -ek "qm_theory='AM1',grms_tol=0.0005,scfconv=1.d-10,maxcyc=0,ndiis_attempts=700,"


~> parmchk2 -s 2 -i NAG.mol2 -f mol2 -o NAG.frcmod


==================================================
Preparing asu files and 4phenix_2o39.pdb
==================================================

~> tleap -f 2o39_asu_tleap_input_run

Checking output filenames
  file : 2o39_asu.prmtop
  file : 2o39_asu.rst7

~> ChBox -c 2o39_asu.rst7 -o 2o39_asu.rst7 -X 106.14 -Y 106.14 -Z 68.32 -al 90.0 -bt 90.0 -gm 120.0 


============================================================
Preparing unit cell files: 4amber_2o39.prmtop and 4amber_2o39.rst7
============================================================

~> UnitCell -p 2o39_4UnitCell.pdb -o 2o39_4tleap_uc1.pdb


~> tleap -f 2o39_uc_tleap_input_run

Checking output filenames
  file : 2o39_uc.prmtop
  file : 2o39_uc.rst7

~> ChBox -c 2o39_uc.rst7 -o 2o39_uc.rst7 -X 106.14 -Y 106.14 -Z 68.32 -al 90.0 -bt 90.0 -gm 120.0 


==================================================
Minimizing input coordinates.
==================================================

~> sander -O -i 2o39_amber_all.in -p 4amber_2o39.prmtop -c 4amber_2o39.rst7 -o 2o39.min.out            -ref 4amber_2o39.rst7 -r 4amber_2o39.min.rst7

checking special positions in 4phenix_2o39.pdb

==================================================
Done.  Three new files have been made:
      4phenix_2o39.pdb
      4amber_2o39.prmtop
      4amber_2o39.rst7
==================================================

Example

  phenix.refine 4phenix_2o39.pdb use_amber=True \
    amber.topology_file_name=4amber_2o39.prmtop \
    amber.coordinate_file_name=4amber_2o39.rst7 \
    ....(other refinement keywords here).....



Substituting Amber PDB file for downloaded file
run_tests_local.py:222: UserWarning: os.system() is not safe: please use the subprocess module or libtbx.easy_run instead.
  os.system(cmd)

  Amber files
    PDB    : 2o39.pdb
    MTZ    : 2o39.mtz
    prmtop : 4amber_2o39.prmtop
    rst7   : 4amber_2o39.rst7
  
/net/morse/raid1/scratch1/nigel/amber/hi_lo/o3/2o39
return_files 2o39
/net/chevy/raid1/nigel/amber/hi_lo
4amber_2o39.pdb
4phenix_2o39.pdb
cp 4phenix_2o39.pdb /net/chevy/raid1/nigel/amber/hi_lo/o3/2o39
2o39.pdb
cp 2o39.pdb /net/chevy/raid1/nigel/amber/hi_lo/o3/2o39
4amber_2o39.mtz
4phenix_2o39.mtz
2o39.mtz
cp 2o39.mtz /net/chevy/raid1/nigel/amber/hi_lo/o3/2o39
4amber_2o39.rst7
cp 4amber_2o39.rst7 /net/chevy/raid1/nigel/amber/hi_lo/o3/2o39
4phenix_2o39.rst7
2o39.rst7
4amber_2o39.prmtop
cp 4amber_2o39.prmtop /net/chevy/raid1/nigel/amber/hi_lo/o3/2o39
4phenix_2o39.prmtop
2o39.prmtop
4amber_2o39_refine_001.log
4phenix_2o39_refine_001.log
2o39_refine_001.log
4amber_2o39_refine_002.log
4phenix_2o39_refine_002.log
2o39_refine_002.log
4amber_2o39_refine_001.pdb
4phenix_2o39_refine_001.pdb
2o39_refine_001.pdb
4amber_2o39_refine_002.pdb
4phenix_2o39_refine_002.pdb
2o39_refine_002.pdb
local_archive /net/chevy/raid1/nigel/amber/hi_lo
archive PDB /net/chevy/raid1/nigel/amber/hi_lo/o3/2o39/2o39.pdb
/net/morse/raid1/scratch1/nigel/amber/hi_lo/o3/2o39
------------------------------
phenix.refine log filename ? > /net/chevy/raid1/nigel/amber/hi_lo/o3/2o39/2o39_refine_001.log
------------------------------

	Already done (on chevy) 2o39_refine_001
------------------------------
phenix.refine log filename ? > /net/chevy/raid1/nigel/amber/hi_lo/o3/2o39/2o39_refine_002.log
------------------------------

	Already done (on chevy) 2o39_refine_002
