HOST lewis.lbl.gov
only_i 64
only_code None
force_amber_prep True
dry_run False
... 64 2j9u
/net/chevy/raid1/nigel/amber/hi_lo
/net/chevy/raid1/nigel/amber/hi_lo/j9/2j9u
2j9u.pdb 4phenix_2j9u.pdb
2j9u.pdb 4phenix_2j9u.pdb
local_archive None
archive PDB None
Reading from local mirror:
  /net/cci/pdb_mirror/pdb/j9/pdb2j9u.ent.gz
Model saved to /net/lewis/raid1/scratch1/nigel/amber/hi_lo/j9/2j9u/2j9u.pdb
Traceback (most recent call last):
  File "/net/cci-filer2/raid1/xp/phenix/phenix-svn/build/../modules/cctbx_project/mmtbx/command_line/fetch_pdb.py", line 199, in <module>
    run2(sys.argv[1:])
  File "/net/cci-filer2/raid1/xp/phenix/phenix-svn/build/../modules/cctbx_project/mmtbx/command_line/fetch_pdb.py", line 155, in run2
    files.append(get_pdb(id, data_type_, mirror, log, format=data_format))
  File "/net/cci-filer2/raid1/xp/phenix/phenix-svn/modules/cctbx_project/iotbx/pdb/fetch.py", line 213, in get_pdb
    data = fetch(id, data_type, mirror=mirror, format=format, log=log)
  File "/net/cci-filer2/raid1/xp/phenix/phenix-svn/modules/cctbx_project/iotbx/pdb/fetch.py", line 150, in fetch
    data = libtbx.utils.urlopen(url)
  File "/net/cci-filer2/raid1/xp/phenix/phenix-svn/modules/cctbx_project/libtbx/utils.py", line 2069, in urlopen
    return urllib2.urlopen(*args, **kwds)
  File "/net/cci-filer2/raid1/xp/phenix/phenix-svn/base/lib/python2.7/urllib2.py", line 127, in urlopen
    return _opener.open(url, data, timeout)
  File "/net/cci-filer2/raid1/xp/phenix/phenix-svn/base/lib/python2.7/urllib2.py", line 404, in open
    response = self._open(req, data)
  File "/net/cci-filer2/raid1/xp/phenix/phenix-svn/base/lib/python2.7/urllib2.py", line 422, in _open
    '_open', req)
  File "/net/cci-filer2/raid1/xp/phenix/phenix-svn/base/lib/python2.7/urllib2.py", line 382, in _call_chain
    result = func(*args)
  File "/net/cci-filer2/raid1/xp/phenix/phenix-svn/base/lib/python2.7/urllib2.py", line 1214, in http_open
    return self.do_open(httplib.HTTPConnection, req)
  File "/net/cci-filer2/raid1/xp/phenix/phenix-svn/base/lib/python2.7/urllib2.py", line 1184, in do_open
    raise URLError(err)
urllib2.URLError: <urlopen error [Errno 110] Connection timed out>
local_archive None
archive PDB None
Reading from local mirror:
  /net/cci/pdb_mirror/pdb/j9/pdb2j9u.ent.gz
Model saved to /net/lewis/raid1/scratch1/nigel/amber/hi_lo/j9/2j9u/2j9u.pdb
Traceback (most recent call last):
  File "/net/cci-filer2/raid1/xp/phenix/phenix-svn/build/../modules/cctbx_project/mmtbx/command_line/fetch_pdb.py", line 199, in <module>
    run2(sys.argv[1:])
  File "/net/cci-filer2/raid1/xp/phenix/phenix-svn/build/../modules/cctbx_project/mmtbx/command_line/fetch_pdb.py", line 155, in run2
    files.append(get_pdb(id, data_type_, mirror, log, format=data_format))
  File "/net/cci-filer2/raid1/xp/phenix/phenix-svn/modules/cctbx_project/iotbx/pdb/fetch.py", line 213, in get_pdb
    data = fetch(id, data_type, mirror=mirror, format=format, log=log)
  File "/net/cci-filer2/raid1/xp/phenix/phenix-svn/modules/cctbx_project/iotbx/pdb/fetch.py", line 150, in fetch
    data = libtbx.utils.urlopen(url)
  File "/net/cci-filer2/raid1/xp/phenix/phenix-svn/modules/cctbx_project/libtbx/utils.py", line 2069, in urlopen
    return urllib2.urlopen(*args, **kwds)
  File "/net/cci-filer2/raid1/xp/phenix/phenix-svn/base/lib/python2.7/urllib2.py", line 127, in urlopen
    return _opener.open(url, data, timeout)
  File "/net/cci-filer2/raid1/xp/phenix/phenix-svn/base/lib/python2.7/urllib2.py", line 404, in open
    response = self._open(req, data)
  File "/net/cci-filer2/raid1/xp/phenix/phenix-svn/base/lib/python2.7/urllib2.py", line 422, in _open
    '_open', req)
  File "/net/cci-filer2/raid1/xp/phenix/phenix-svn/base/lib/python2.7/urllib2.py", line 382, in _call_chain
    result = func(*args)
  File "/net/cci-filer2/raid1/xp/phenix/phenix-svn/base/lib/python2.7/urllib2.py", line 1214, in http_open
    return self.do_open(httplib.HTTPConnection, req)
  File "/net/cci-filer2/raid1/xp/phenix/phenix-svn/base/lib/python2.7/urllib2.py", line 1184, in do_open
    raise URLError(err)
urllib2.URLError: <urlopen error [Errno 110] Connection timed out>

==================================================
Summary of pdb4amber for: 2j9u.pdb
===================================================

----------Chains
The following (original) chains have been found:
A
B
C
D

---------- Alternate Locations (Original Residues!))

The following residues had alternate locations:
None

---------- Mising heavy atom(s)

None

==================================================
Summary of pdb4amber for: 2j9u_4tleap_uc1.pdb
===================================================

----------Chains
The following (original) chains have been found:
A
B
C
D

---------- Alternate Locations (Original Residues!))

The following residues had alternate locations:
None

---------- Mising heavy atom(s)

None
not prmtop_filename /net/lewis/scratch1/nigel/amber/hi_lo/j9/2j9u/4amber_2j9u.prmtop

	Running AmberPrep : 2j9u.pdb


==================================================
Running pdb4amber on 2j9u.pdb
==================================================

==================================================
Setting up library files for non-standard residues
==================================================

==================================================
Preparing asu files and 4phenix_2j9u.pdb
==================================================

~> tleap -f 2j9u_asu_tleap_input_run

Checking output filenames
  file : 2j9u_asu.prmtop
  file : 2j9u_asu.rst7

~> ChBox -c 2j9u_asu.rst7 -o 2j9u_asu.rst7 -X 66.645 -Y 99.961 -Z 115.619 -al 90.0 -bt 90.0 -gm 90.0 


============================================================
Preparing unit cell files: 4amber_2j9u.prmtop and 4amber_2j9u.rst7
============================================================

~> UnitCell -p 2j9u_4UnitCell.pdb -o 2j9u_4tleap_uc1.pdb


~> tleap -f 2j9u_uc_tleap_input_run

Checking output filenames
  file : 2j9u_uc.prmtop
  file : 2j9u_uc.rst7

~> ChBox -c 2j9u_uc.rst7 -o 2j9u_uc.rst7 -X 66.645 -Y 99.961 -Z 115.619 -al 90.0 -bt 90.0 -gm 90.0 


==================================================
Minimizing input coordinates.
==================================================

~> sander -O -i 2j9u_amber_all.in -p 4amber_2j9u.prmtop -c 4amber_2j9u.rst7 -o 2j9u.min.out            -ref 4amber_2j9u.rst7 -r 4amber_2j9u.min.rst7

checking special positions in 4phenix_2j9u.pdb

==================================================
Done.  Three new files have been made:
      4phenix_2j9u.pdb
      4amber_2j9u.prmtop
      4amber_2j9u.rst7
==================================================

Example

  phenix.refine 4phenix_2j9u.pdb use_amber=True \
    amber.topology_file_name=4amber_2j9u.prmtop \
    amber.coordinate_file_name=4amber_2j9u.rst7 \
    ....(other refinement keywords here).....



Substituting Amber PDB file for downloaded file
run_tests_local.py:222: UserWarning: os.system() is not safe: please use the subprocess module or libtbx.easy_run instead.
  os.system(cmd)

  Amber files
    PDB    : 2j9u.pdb
    MTZ    : 2j9u.mtz
    prmtop : 4amber_2j9u.prmtop
    rst7   : 4amber_2j9u.rst7
  
/net/lewis/raid1/scratch1/nigel/amber/hi_lo/j9/2j9u
return_files 2j9u
/net/chevy/raid1/nigel/amber/hi_lo
4amber_2j9u.pdb
4phenix_2j9u.pdb
cp 4phenix_2j9u.pdb /net/chevy/raid1/nigel/amber/hi_lo/j9/2j9u
2j9u.pdb
cp 2j9u.pdb /net/chevy/raid1/nigel/amber/hi_lo/j9/2j9u
4amber_2j9u.mtz
4phenix_2j9u.mtz
2j9u.mtz
cp 2j9u.mtz /net/chevy/raid1/nigel/amber/hi_lo/j9/2j9u
4amber_2j9u.rst7
cp 4amber_2j9u.rst7 /net/chevy/raid1/nigel/amber/hi_lo/j9/2j9u
4phenix_2j9u.rst7
2j9u.rst7
4amber_2j9u.prmtop
cp 4amber_2j9u.prmtop /net/chevy/raid1/nigel/amber/hi_lo/j9/2j9u
4phenix_2j9u.prmtop
2j9u.prmtop
4amber_2j9u_refine_001.log
4phenix_2j9u_refine_001.log
2j9u_refine_001.log
4amber_2j9u_refine_002.log
4phenix_2j9u_refine_002.log
2j9u_refine_002.log
4amber_2j9u_refine_001.pdb
4phenix_2j9u_refine_001.pdb
2j9u_refine_001.pdb
4amber_2j9u_refine_002.pdb
4phenix_2j9u_refine_002.pdb
2j9u_refine_002.pdb
local_archive /net/chevy/raid1/nigel/amber/hi_lo
archive PDB /net/chevy/raid1/nigel/amber/hi_lo/j9/2j9u/2j9u.pdb
/net/lewis/raid1/scratch1/nigel/amber/hi_lo/j9/2j9u
------------------------------
phenix.refine log filename ? > /net/chevy/raid1/nigel/amber/hi_lo/j9/2j9u/2j9u_refine_001.log
------------------------------

	Already done (on chevy) 2j9u_refine_001
------------------------------
phenix.refine log filename ? > /net/chevy/raid1/nigel/amber/hi_lo/j9/2j9u/2j9u_refine_002.log
------------------------------

	Already done (on chevy) 2j9u_refine_002
