HOST rebus.lbl.gov
only_i 160
only_code None
force_amber_prep True
dry_run False
... 160 3d9a
/net/chevy/raid1/nigel/amber/hi_lo
/net/chevy/raid1/nigel/amber/hi_lo/d9/3d9a
3d9a.pdb 4phenix_3d9a.pdb
3d9a.pdb 4phenix_3d9a.pdb
local_archive None
archive PDB None
Reading from local mirror:
  /net/cci/pdb_mirror/pdb/d9/pdb3d9a.ent.gz
Model saved to /net/rebus/raid1/scratch1/nigel/amber/hi_lo/d9/3d9a/3d9a.pdb
Sequence saved to /net/rebus/raid1/scratch1/nigel/amber/hi_lo/d9/3d9a/3d9a.fa
Reading from local mirror:
  /net/cci/pdb_mirror/structure_factors/d9/r3d9asf.ent.gz
Structure factors saved to /net/rebus/raid1/scratch1/nigel/amber/hi_lo/d9/3d9a/3d9a-sf.cif
Reading from local mirror:
  /net/cci/pdb_mirror/mmcif/d9/3d9a.cif.gz
Model saved to /net/rebus/raid1/scratch1/nigel/amber/hi_lo/d9/3d9a/3d9a.cif
Can't determine output label for r3d9asf,_refln.crystal_id - skipping.
Can't determine output label for r3d9asf,_refln.scale_group_code - skipping.
Can't determine output label for r3d9asf,_refln.wavelength_id - skipping.
Converted structure factors saved to 3d9a.mtz

	Running AmberPrep : 3d9a.pdb


==================================================
Running pdb4amber on 3d9a.pdb
==================================================

==================================================
Setting up library files for non-standard residues
==================================================

==================================================
Preparing asu files and 4phenix_3d9a.pdb
==================================================

~> tleap -f 3d9a_asu_tleap_input_run

Checking output filenames
  file : 3d9a_asu.prmtop
  file : 3d9a_asu.rst7

~> ChBox -c 3d9a_asu.rst7 -o 3d9a_asu.rst7 -X 39.842 -Y 77.385 -Z 89.115 -al 90.0 -bt 96.66 -gm 90.0 


============================================================
Preparing unit cell files: 4amber_3d9a.prmtop and 4amber_3d9a.rst7
============================================================

~> UnitCell -p 3d9a_4UnitCell.pdb -o 3d9a_4tleap_uc1.pdb


~> tleap -f 3d9a_uc_tleap_input_run

Checking output filenames
  file : 3d9a_uc.prmtop
  file : 3d9a_uc.rst7

~> ChBox -c 3d9a_uc.rst7 -o 3d9a_uc.rst7 -X 39.842 -Y 77.385 -Z 89.115 -al 90.0 -bt 96.66 -gm 90.0 


==================================================
Minimizing input coordinates.
==================================================

~> sander -O -i 3d9a_amber_all.in -p 4amber_3d9a.prmtop -c 4amber_3d9a.rst7 -o 3d9a.min.out            -ref 4amber_3d9a.rst7 -r 4amber_3d9a.min.rst7

checking special positions in 4phenix_3d9a.pdb

==================================================
Done.  Three new files have been made:
      4phenix_3d9a.pdb
      4amber_3d9a.prmtop
      4amber_3d9a.rst7
==================================================

Example

  phenix.refine 4phenix_3d9a.pdb use_amber=True \
    amber.topology_file_name=4amber_3d9a.prmtop \
    amber.coordinate_file_name=4amber_3d9a.rst7 \
    ....(other refinement keywords here).....



Substituting Amber PDB file for downloaded file

  Amber files
    PDB    : 3d9a.pdb
    MTZ    : 3d9a.mtz
    prmtop : 4amber_3d9a.prmtop
    rst7   : 4amber_3d9a.rst7
  
/net/rebus/raid1/scratch1/nigel/amber/hi_lo/d9/3d9a
return_files 3d9a
/net/chevy/raid1/nigel/amber/hi_lo
4amber_3d9a.pdb
4phenix_3d9a.pdb
cp 4phenix_3d9a.pdb /net/chevy/raid1/nigel/amber/hi_lo/d9/3d9a
3d9a.pdb
cp 3d9a.pdb /net/chevy/raid1/nigel/amber/hi_lo/d9/3d9a
4amber_3d9a.mtz
4phenix_3d9a.mtz
3d9a.mtz
cp 3d9a.mtz /net/chevy/raid1/nigel/amber/hi_lo/d9/3d9a
4amber_3d9a.rst7
cp 4amber_3d9a.rst7 /net/chevy/raid1/nigel/amber/hi_lo/d9/3d9a
4phenix_3d9a.rst7
3d9a.rst7
4amber_3d9a.prmtop
cp 4amber_3d9a.prmtop /net/chevy/raid1/nigel/amber/hi_lo/d9/3d9a
4phenix_3d9a.prmtop
3d9a.prmtop
4amber_3d9a_refine_001.log
4phenix_3d9a_refine_001.log
3d9a_refine_001.log
4amber_3d9a_refine_002.log
4phenix_3d9a_refine_002.log
3d9a_refine_002.log
4amber_3d9a_refine_001.pdb
4phenix_3d9a_refine_001.pdb
3d9a_refine_001.pdb
4amber_3d9a_refine_002.pdb
4phenix_3d9a_refine_002.pdb
3d9a_refine_002.pdb
local_archive /net/chevy/raid1/nigel/amber/hi_lo
archive PDB /net/chevy/raid1/nigel/amber/hi_lo/d9/3d9a/3d9a.pdb
/net/rebus/raid1/scratch1/nigel/amber/hi_lo/d9/3d9a
------------------------------
phenix.refine log filename ? > /net/chevy/raid1/nigel/amber/hi_lo/d9/3d9a/3d9a_refine_001.log
------------------------------

	Already done (on chevy) 3d9a_refine_001
------------------------------
phenix.refine log filename ? > /net/chevy/raid1/nigel/amber/hi_lo/d9/3d9a/3d9a_refine_002.log
------------------------------

	Already done (on chevy) 3d9a_refine_002
