HOST rebus.lbl.gov
only_i 163
only_code None
force_amber_prep True
dry_run False
... 163 2f8x
/net/chevy/raid1/nigel/amber/hi_lo
/net/chevy/raid1/nigel/amber/hi_lo/f8/2f8x
2f8x.pdb 4phenix_2f8x.pdb
local_archive None
archive PDB None
Reading from local mirror:
  /net/cci/pdb_mirror/pdb/f8/pdb2f8x.ent.gz
Model saved to /net/rebus/raid1/scratch1/nigel/amber/hi_lo/f8/2f8x/2f8x.pdb
Sequence saved to /net/rebus/raid1/scratch1/nigel/amber/hi_lo/f8/2f8x/2f8x.fa
Reading from local mirror:
  /net/cci/pdb_mirror/structure_factors/f8/r2f8xsf.ent.gz
Structure factors saved to /net/rebus/raid1/scratch1/nigel/amber/hi_lo/f8/2f8x/2f8x-sf.cif
Reading from local mirror:
  /net/cci/pdb_mirror/mmcif/f8/2f8x.cif.gz
Model saved to /net/rebus/raid1/scratch1/nigel/amber/hi_lo/f8/2f8x/2f8x.cif
Can't determine output label for r2f8xsf,_refln.crystal_id - skipping.
Can't determine output label for r2f8xsf,_refln.scale_group_code - skipping.
Can't determine output label for r2f8xsf,wavelength_id=1,_refln.status - skipping.
Can't determine output label for r2f8xsf,_refln.wavelength_id - skipping.
Converted structure factors saved to 2f8x.mtz
  F(+),SIGF(+),F(-),SIGF(-) is anomalous
local_archive None
archive PDB None
Reading from local mirror:
  /net/cci/pdb_mirror/pdb/f8/pdb2f8x.ent.gz
Model saved to /net/rebus/raid1/scratch1/nigel/amber/hi_lo/f8/2f8x/2f8x.pdb
Sequence saved to /net/rebus/raid1/scratch1/nigel/amber/hi_lo/f8/2f8x/2f8x.fa
Reading from local mirror:
  /net/cci/pdb_mirror/structure_factors/f8/r2f8xsf.ent.gz
Structure factors saved to /net/rebus/raid1/scratch1/nigel/amber/hi_lo/f8/2f8x/2f8x-sf.cif
Reading from local mirror:
  /net/cci/pdb_mirror/mmcif/f8/2f8x.cif.gz
Model saved to /net/rebus/raid1/scratch1/nigel/amber/hi_lo/f8/2f8x/2f8x.cif
Can't determine output label for r2f8xsf,_refln.crystal_id - skipping.
Can't determine output label for r2f8xsf,_refln.scale_group_code - skipping.
Can't determine output label for r2f8xsf,wavelength_id=1,_refln.status - skipping.
Can't determine output label for r2f8xsf,_refln.wavelength_id - skipping.
Converted structure factors saved to 2f8x.mtz
  F(+),SIGF(+),F(-),SIGF(-) is anomalous
not prmtop_filename /net/rebus/scratch1/nigel/amber/hi_lo/f8/2f8x/4amber_2f8x.prmtop
not pdb_filename /net/chevy/raid1/nigel/amber/hi_lo/f8/2f8x/4phenix_2f8x.pdb

	Running AmberPrep : 2f8x.pdb


==================================================
Running pdb4amber on 2f8x.pdb
==================================================

==================================================
Setting up library files for non-standard residues
==================================================

==================================================
Preparing asu files and 4phenix_2f8x.pdb
==================================================

~> tleap -f 2f8x_asu_tleap_input_run

Checking output filenames
  file : 2f8x_asu.prmtop
  file : 2f8x_asu.rst7

~> ChBox -c 2f8x_asu.rst7 -o 2f8x_asu.rst7 -X 273.866 -Y 273.866 -Z 121.016 -al 90.0 -bt 90.0 -gm 120.0 


============================================================
Preparing unit cell files: 4amber_2f8x.prmtop and 4amber_2f8x.rst7
============================================================

~> UnitCell -p 2f8x_4UnitCell.pdb -o 2f8x_4tleap_uc1.pdb


~> tleap -f 2f8x_uc_tleap_input_run

Checking output filenames
  file : 2f8x_uc.prmtop
