HOST rebus.lbl.gov
only_i 98
only_code None
force_amber_prep True
dry_run False
... 98 3eo0
/net/chevy/raid1/nigel/amber/hi_lo
/net/chevy/raid1/nigel/amber/hi_lo/eo/3eo0
3eo0.pdb 4phenix_3eo0.pdb
3eo0.pdb 4phenix_3eo0.pdb
local_archive None
archive PDB None
Reading from local mirror:
  /net/cci/pdb_mirror/pdb/eo/pdb3eo0.ent.gz
Model saved to /net/rebus/raid1/scratch1/nigel/amber/hi_lo/eo/3eo0/3eo0.pdb
Sequence saved to /net/rebus/raid1/scratch1/nigel/amber/hi_lo/eo/3eo0/3eo0.fa
Reading from local mirror:
  /net/cci/pdb_mirror/structure_factors/eo/r3eo0sf.ent.gz
Structure factors saved to /net/rebus/raid1/scratch1/nigel/amber/hi_lo/eo/3eo0/3eo0-sf.cif
Reading from local mirror:
  /net/cci/pdb_mirror/mmcif/eo/3eo0.cif.gz
Model saved to /net/rebus/raid1/scratch1/nigel/amber/hi_lo/eo/3eo0/3eo0.cif
Can't determine output label for r3eo0sf,_refln.crystal_id - skipping.
Can't determine output label for r3eo0sf,_refln.scale_group_code - skipping.
Can't determine output label for r3eo0sf,_refln.wavelength_id - skipping.
Converted structure factors saved to 3eo0.mtz
local_archive None
archive PDB None
Reading from local mirror:
  /net/cci/pdb_mirror/pdb/eo/pdb3eo0.ent.gz
Model saved to /net/rebus/raid1/scratch1/nigel/amber/hi_lo/eo/3eo0/3eo0.pdb
Sequence saved to /net/rebus/raid1/scratch1/nigel/amber/hi_lo/eo/3eo0/3eo0.fa
Reading from local mirror:
  /net/cci/pdb_mirror/structure_factors/eo/r3eo0sf.ent.gz
Structure factors saved to /net/rebus/raid1/scratch1/nigel/amber/hi_lo/eo/3eo0/3eo0-sf.cif
Reading from local mirror:
  /net/cci/pdb_mirror/mmcif/eo/3eo0.cif.gz
Model saved to /net/rebus/raid1/scratch1/nigel/amber/hi_lo/eo/3eo0/3eo0.cif
Can't determine output label for r3eo0sf,_refln.crystal_id - skipping.
Can't determine output label for r3eo0sf,_refln.scale_group_code - skipping.
Can't determine output label for r3eo0sf,_refln.wavelength_id - skipping.
Converted structure factors saved to 3eo0.mtz
not prmtop_filename /net/rebus/scratch1/nigel/amber/hi_lo/eo/3eo0/4amber_3eo0.prmtop

	Running AmberPrep : 3eo0.pdb


==================================================
Running pdb4amber on 3eo0.pdb
==================================================

==================================================
Setting up library files for non-standard residues
==================================================

  Residue "GOL" already in amber monomer library. Skipping elbow/antechamber
    run for this residue.
        

==================================================
Preparing asu files and 4phenix_3eo0.pdb
==================================================

~> tleap -f 3eo0_asu_tleap_input_run

Checking output filenames
  file : 3eo0_asu.prmtop
  file : 3eo0_asu.rst7

~> ChBox -c 3eo0_asu.rst7 -o 3eo0_asu.rst7 -X 91.561 -Y 83.009 -Z 91.824 -al 90.0 -bt 103.38 -gm 90.0 


============================================================
Preparing unit cell files: 4amber_3eo0.prmtop and 4amber_3eo0.rst7
============================================================

~> UnitCell -p 3eo0_4UnitCell.pdb -o 3eo0_4tleap_uc1.pdb


~> tleap -f 3eo0_uc_tleap_input_run

Checking output filenames
  file : 3eo0_uc.prmtop
  file : 3eo0_uc.rst7

~> ChBox -c 3eo0_uc.rst7 -o 3eo0_uc.rst7 -X 91.561 -Y 83.009 -Z 91.824 -al 90.0 -bt 103.38 -gm 90.0 


==================================================
Minimizing input coordinates.
==================================================

~> sander -O -i 3eo0_amber_all.in -p 4amber_3eo0.prmtop -c 4amber_3eo0.rst7 -o 3eo0.min.out            -ref 4amber_3eo0.rst7 -r 4amber_3eo0.min.rst7

checking special positions in 4phenix_3eo0.pdb

==================================================
Done.  Three new files have been made:
      4phenix_3eo0.pdb
      4amber_3eo0.prmtop
      4amber_3eo0.rst7
==================================================

Example

  phenix.refine 4phenix_3eo0.pdb use_amber=True \
    amber.topology_file_name=4amber_3eo0.prmtop \
    amber.coordinate_file_name=4amber_3eo0.rst7 \
    ....(other refinement keywords here).....



Substituting Amber PDB file for downloaded file

  Amber files
    PDB    : 3eo0.pdb
    MTZ    : 3eo0.mtz
    prmtop : 4amber_3eo0.prmtop
    rst7   : 4amber_3eo0.rst7
  
/net/rebus/raid1/scratch1/nigel/amber/hi_lo/eo/3eo0
return_files 3eo0
/net/chevy/raid1/nigel/amber/hi_lo
4amber_3eo0.pdb
4phenix_3eo0.pdb
cp 4phenix_3eo0.pdb /net/chevy/raid1/nigel/amber/hi_lo/eo/3eo0
3eo0.pdb
cp 3eo0.pdb /net/chevy/raid1/nigel/amber/hi_lo/eo/3eo0
4amber_3eo0.mtz
4phenix_3eo0.mtz
3eo0.mtz
cp 3eo0.mtz /net/chevy/raid1/nigel/amber/hi_lo/eo/3eo0
4amber_3eo0.rst7
cp 4amber_3eo0.rst7 /net/chevy/raid1/nigel/amber/hi_lo/eo/3eo0
4phenix_3eo0.rst7
3eo0.rst7
4amber_3eo0.prmtop
cp 4amber_3eo0.prmtop /net/chevy/raid1/nigel/amber/hi_lo/eo/3eo0
4phenix_3eo0.prmtop
3eo0.prmtop
4amber_3eo0_refine_001.log
4phenix_3eo0_refine_001.log
3eo0_refine_001.log
4amber_3eo0_refine_002.log
4phenix_3eo0_refine_002.log
3eo0_refine_002.log
4amber_3eo0_refine_001.pdb
4phenix_3eo0_refine_001.pdb
3eo0_refine_001.pdb
4amber_3eo0_refine_002.pdb
4phenix_3eo0_refine_002.pdb
3eo0_refine_002.pdb
local_archive /net/chevy/raid1/nigel/amber/hi_lo
archive PDB /net/chevy/raid1/nigel/amber/hi_lo/eo/3eo0/3eo0.pdb
/net/rebus/raid1/scratch1/nigel/amber/hi_lo/eo/3eo0
------------------------------
phenix.refine log filename ? > /net/chevy/raid1/nigel/amber/hi_lo/eo/3eo0/3eo0_refine_001.log
------------------------------

	Already done (on chevy) 3eo0_refine_001
------------------------------
phenix.refine log filename ? > /net/chevy/raid1/nigel/amber/hi_lo/eo/3eo0/3eo0_refine_002.log
------------------------------

	Already done (on chevy) 3eo0_refine_002
