HOST rebus.lbl.gov
only_i 282
only_code None
force_amber_prep True
dry_run False
... 282 3fuo
/net/chevy/raid1/nigel/amber/hi_lo
/net/chevy/raid1/nigel/amber/hi_lo/fu/3fuo
3fuo.pdb 4phenix_3fuo.pdb
local_archive None
archive PDB None
Reading from local mirror:
  /net/cci/pdb_mirror/pdb/fu/pdb3fuo.ent.gz
Model saved to /net/rebus/raid1/scratch1/nigel/amber/hi_lo/fu/3fuo/3fuo.pdb
Sequence saved to /net/rebus/raid1/scratch1/nigel/amber/hi_lo/fu/3fuo/3fuo.fa
Reading from local mirror:
  /net/cci/pdb_mirror/structure_factors/fu/r3fuosf.ent.gz
Structure factors saved to /net/rebus/raid1/scratch1/nigel/amber/hi_lo/fu/3fuo/3fuo-sf.cif
Reading from local mirror:
  /net/cci/pdb_mirror/mmcif/fu/3fuo.cif.gz
Model saved to /net/rebus/raid1/scratch1/nigel/amber/hi_lo/fu/3fuo/3fuo.cif
Can't determine output label for r3fuosf,_refln.crystal_id - skipping.
Can't determine output label for r3fuosf,_refln.scale_group_code - skipping.
R-free-flags: fraction_free=0.100
R-free-flags: missing 5 reflections
Can't determine output label for r3fuosf,_refln.wavelength_id - skipping.
Converted structure factors saved to 3fuo.mtz
local_archive None
archive PDB None
Reading from local mirror:
  /net/cci/pdb_mirror/pdb/fu/pdb3fuo.ent.gz
Model saved to /net/rebus/raid1/scratch1/nigel/amber/hi_lo/fu/3fuo/3fuo.pdb
Sequence saved to /net/rebus/raid1/scratch1/nigel/amber/hi_lo/fu/3fuo/3fuo.fa
Reading from local mirror:
  /net/cci/pdb_mirror/structure_factors/fu/r3fuosf.ent.gz
Structure factors saved to /net/rebus/raid1/scratch1/nigel/amber/hi_lo/fu/3fuo/3fuo-sf.cif
Reading from local mirror:
  /net/cci/pdb_mirror/mmcif/fu/3fuo.cif.gz
Model saved to /net/rebus/raid1/scratch1/nigel/amber/hi_lo/fu/3fuo/3fuo.cif
Can't determine output label for r3fuosf,_refln.crystal_id - skipping.
Can't determine output label for r3fuosf,_refln.scale_group_code - skipping.
R-free-flags: fraction_free=0.100
R-free-flags: missing 5 reflections
Can't determine output label for r3fuosf,_refln.wavelength_id - skipping.
Converted structure factors saved to 3fuo.mtz
not prmtop_filename /net/rebus/scratch1/nigel/amber/hi_lo/fu/3fuo/4amber_3fuo.prmtop
not prmtop_filename /net/chevy/raid1/nigel/amber/hi_lo/fu/3fuo/4amber_3fuo.prmtop

	Running AmberPrep : 3fuo.pdb


==================================================
Running pdb4amber on 3fuo.pdb
==================================================

==================================================
Setting up library files for non-standard residues
==================================================

==================================================
Preparing asu files and 4phenix_3fuo.pdb
==================================================

~> tleap -f 3fuo_asu_tleap_input_run

Checking output filenames
  file : 3fuo_asu.prmtop
  file : 3fuo_asu.rst7

~> ChBox -c 3fuo_asu.rst7 -o 3fuo_asu.rst7 -X 39.77 -Y 105.14 -Z 112.23 -al 90.0 -bt 90.0 -gm 90.0 


============================================================
Preparing unit cell files: 4amber_3fuo.prmtop and 4amber_3fuo.rst7
============================================================

~> UnitCell -p 3fuo_4UnitCell.pdb -o 3fuo_4tleap_uc1.pdb


~> tleap -f 3fuo_uc_tleap_input_run

Checking output filenames
  file : 3fuo_uc.prmtop
  file : 3fuo_uc.rst7

~> ChBox -c 3fuo_uc.rst7 -o 3fuo_uc.rst7 -X 39.77 -Y 105.14 -Z 112.23 -al 90.0 -bt 90.0 -gm 90.0 


==================================================
Minimizing input coordinates.
==================================================

~> sander -O -i 3fuo_amber_all.in -p 4amber_3fuo.prmtop -c 4amber_3fuo.rst7 -o 3fuo.min.out            -ref 4amber_3fuo.rst7 -r 4amber_3fuo.min.rst7

checking special positions in 4phenix_3fuo.pdb

==================================================
Done.  Three new files have been made:
      4phenix_3fuo.pdb
      4amber_3fuo.prmtop
      4amber_3fuo.rst7
==================================================

Example

  phenix.refine 4phenix_3fuo.pdb use_amber=True \
    amber.topology_file_name=4amber_3fuo.prmtop \
    amber.coordinate_file_name=4amber_3fuo.rst7 \
    ....(other refinement keywords here).....



Substituting Amber PDB file for downloaded file

  Amber files
    PDB    : 3fuo.pdb
    MTZ    : 3fuo.mtz
    prmtop : 4amber_3fuo.prmtop
    rst7   : 4amber_3fuo.rst7
  
/net/rebus/raid1/scratch1/nigel/amber/hi_lo/fu/3fuo
return_files 3fuo
/net/chevy/raid1/nigel/amber/hi_lo
4amber_3fuo.pdb
4phenix_3fuo.pdb
cp 4phenix_3fuo.pdb /net/chevy/raid1/nigel/amber/hi_lo/fu/3fuo
3fuo.pdb
cp 3fuo.pdb /net/chevy/raid1/nigel/amber/hi_lo/fu/3fuo
4amber_3fuo.mtz
4phenix_3fuo.mtz
3fuo.mtz
cp 3fuo.mtz /net/chevy/raid1/nigel/amber/hi_lo/fu/3fuo
4amber_3fuo.rst7
cp 4amber_3fuo.rst7 /net/chevy/raid1/nigel/amber/hi_lo/fu/3fuo
4phenix_3fuo.rst7
3fuo.rst7
4amber_3fuo.prmtop
cp 4amber_3fuo.prmtop /net/chevy/raid1/nigel/amber/hi_lo/fu/3fuo
4phenix_3fuo.prmtop
3fuo.prmtop
4amber_3fuo_refine_001.log
4phenix_3fuo_refine_001.log
3fuo_refine_001.log
4amber_3fuo_refine_002.log
4phenix_3fuo_refine_002.log
3fuo_refine_002.log
4amber_3fuo_refine_001.pdb
4phenix_3fuo_refine_001.pdb
3fuo_refine_001.pdb
4amber_3fuo_refine_002.pdb
4phenix_3fuo_refine_002.pdb
3fuo_refine_002.pdb
local_archive /net/chevy/raid1/nigel/amber/hi_lo
archive PDB /net/chevy/raid1/nigel/amber/hi_lo/fu/3fuo/3fuo.pdb
/net/rebus/raid1/scratch1/nigel/amber/hi_lo/fu/3fuo
------------------------------
phenix.refine log filename ? > /net/chevy/raid1/nigel/amber/hi_lo/fu/3fuo/3fuo_refine_001.log
------------------------------
------------------------------
phenix.refine log filename ? > 3fuo_refine_001.log
------------------------------
Running phenix.refine

phenix.refine 3fuo.pdb 3fuo.mtz c_beta_restraints=False discard_psi_phi=False strategy="*individual_sites individual_sites_real_space rigid_body *individual_adp group_adp tls *occupancies group_anomalous" refinement.target_weights.optimize_xyz_weight=True refinement.main.number_of_macro_cycles=10 write_geo=False serial=1 cdl=True

------------------------------
phenix.refine log filename ? > /net/chevy/raid1/nigel/amber/hi_lo/fu/3fuo/3fuo_refine_002.log
------------------------------
------------------------------
phenix.refine log filename ? > 3fuo_refine_002.log
------------------------------
Running phenix.refine

phenix.refine 3fuo.pdb 3fuo.mtz c_beta_restraints=False discard_psi_phi=False strategy="*individual_sites individual_sites_real_space rigid_body *individual_adp group_adp tls *occupancies group_anomalous" topology_file_name=/net/chevy/raid1/nigel/amber/hi_lo/fu/3fuo/4amber_3fuo.prmtop amber.coordinate_file_name=/net/chevy/raid1/nigel/amber/hi_lo/fu/3fuo/4amber_3fuo.rst7 use_amber=True refinement.target_weights.optimize_xyz_weight=True refinement.main.number_of_macro_cycles=10 write_geo=False amber.wxc_factor=0.300000 serial=2

