HOST rebus.lbl.gov
only_i 117
only_code None
force_amber_prep True
dry_run False
1 1z3z,A,2.900,1zod,A,1.800
2 1psi,A,2.920,3ndd,A,1.500
3 3bpo,A,3.000,3l5w,I,2.000
4 1e6j,P,3.000,3mge,A,1.900
5 1r46,A,3.250,3hg3,A,1.900
6 2j0g,A,2.850,2j1g,A,1.950
7 1nsk,L,2.800,3bbb,A,1.300
8 1t04,B,3.000,1t3f,B,2.000
9 1kiu,B,3.000,1ze3,H,1.840
10 1kv3,A,2.800,2q3z,A,2.000
11 1wqs,A,2.800,2iph,A,1.750
12 3gwp,A,2.900,3i16,A,2.000
13 1c0n,A,2.800,1kmj,A,2.000
14 2r8j,A,3.100,3oha,A,2.000
15 1z5s,C,3.010,2grn,B,1.800
16 3icq,B,3.200,3m1i,A,2.000
17 1nb3,I,2.800,3kfq,C,1.990
18 1otc,A,2.800,2i0q,A,1.910
19 1ue8,A,3.000,3b4x,A,1.940
20 1a4o,A,2.800,2o02,A,1.500
21 1t6i,A,2.810,3g4z,A,1.870
22 1de9,A,3.000,2o3h,A,1.900
23 2j6e,L,3.000,3n9g,L,1.434
24 3hrk,A,3.050,3lc0,A,1.800
25 2ecp,A,2.950,2asv,A,1.950
26 1z8l,A,3.500,2xeg,A,1.590
27 1ere,A,3.100,2r6w,A,2.000
28 1xni,A,2.800,3lh0,A,1.900
29 2pl0,A,2.800,3mpm,A,1.950
30 1pxt,A,2.800,1afw,A,1.800
31 1bmf,A,2.850,2jdi,A,1.900
32 2g3k,A,3.050,2j9u,A,2.000
33 3m9b,A,3.940,3m9h,A,2.000
34 2i0v,A,2.800,3dpk,A,1.950
35 1kiu,A,3.000,3bwu,C,1.760
36 1nys,A,3.050,2h62,D,1.850
37 1rgq,C,2.900,2o8m,C,2.000
38 1fg5,N,2.800,2vs4,A,1.770
39 1sj5,A,2.800,1vjl,A,1.900
40 2f7k,A,2.800,2yxt,A,2.000
41 1yrp,A,3.100,3bqr,A,1.750
42 3a7a,B,3.100,3ab9,A,1.650
43 2vhg,A,2.900,2vjv,A,1.900
44 1blf,A,2.800,3kj7,A,1.910
45 1pma,1,3.400,1yar,H,1.900
46 2bp2,A,3.000,2zp3,A,1.900
47 2oqj,A,2.800,3oaz,K,1.750
48 1fvv,B,2.800,3ddq,B,1.800
49 1qlr,A,2.830,3eo0,A,1.750
50 2fhg,2,3.230,2jay,A,1.990
51 1io4,A,3.000,2e42,A,1.800
52 2i22,A,2.800,2i2w,A,1.950
53 1bot,O,3.050,3ezw,A,2.000
54 1fnt,c,3.200,1yar,O,1.900
55 1htn,A,2.800,1tn3,A,2.000
56 1x75,C,2.800,3hpw,A,1.452
57 1b7b,A,2.800,2we5,A,1.390
58 2not,A,3.000,1ae7,A,2.000
59 1kfl,A,2.800,1n8f,A,1.750
... 117 1kfl
/net/chevy/raid1/nigel/amber/hi_lo
/net/chevy/raid1/nigel/amber/hi_lo/kf/1kfl
1kfl.pdb 4phenix_1kfl.pdb
local_archive None
archive PDB None
Reading from local mirror:
  /net/cci/pdb_mirror/pdb/kf/pdb1kfl.ent.gz
Model saved to /net/rebus/raid1/scratch1/nigel/amber/hi_lo/kf/1kfl/1kfl.pdb
Sequence saved to /net/rebus/raid1/scratch1/nigel/amber/hi_lo/kf/1kfl/1kfl.fa
Reading from local mirror:
  /net/cci/pdb_mirror/structure_factors/kf/r1kflsf.ent.gz
Structure factors saved to /net/rebus/raid1/scratch1/nigel/amber/hi_lo/kf/1kfl/1kfl-sf.cif
Reading from local mirror:
  /net/cci/pdb_mirror/mmcif/kf/1kfl.cif.gz
Model saved to /net/rebus/raid1/scratch1/nigel/amber/hi_lo/kf/1kfl/1kfl.cif
Can't determine output label for r1kflsf,_refln.crystal_id - skipping.
Can't determine output label for r1kflsf,_refln.scale_group_code - skipping.
Can't determine output label for r1kflsf,wavelength_id=1,_refln.status - skipping.
Can't determine output label for r1kflsf,_refln.wavelength_id - skipping.
Converted structure factors saved to 1kfl.mtz
  F(+),SIGF(+),F(-),SIGF(-) is anomalous
local_archive None
archive PDB None
Reading from local mirror:
  /net/cci/pdb_mirror/pdb/kf/pdb1kfl.ent.gz
Model saved to /net/rebus/raid1/scratch1/nigel/amber/hi_lo/kf/1kfl/1kfl.pdb
Sequence saved to /net/rebus/raid1/scratch1/nigel/amber/hi_lo/kf/1kfl/1kfl.fa
Reading from local mirror:
  /net/cci/pdb_mirror/structure_factors/kf/r1kflsf.ent.gz
Structure factors saved to /net/rebus/raid1/scratch1/nigel/amber/hi_lo/kf/1kfl/1kfl-sf.cif
Reading from local mirror:
  /net/cci/pdb_mirror/mmcif/kf/1kfl.cif.gz
Model saved to /net/rebus/raid1/scratch1/nigel/amber/hi_lo/kf/1kfl/1kfl.cif
Can't determine output label for r1kflsf,_refln.crystal_id - skipping.
Can't determine output label for r1kflsf,_refln.scale_group_code - skipping.
Can't determine output label for r1kflsf,wavelength_id=1,_refln.status - skipping.
Can't determine output label for r1kflsf,_refln.wavelength_id - skipping.
Converted structure factors saved to 1kfl.mtz
  F(+),SIGF(+),F(-),SIGF(-) is anomalous

==================================================
Summary of pdb4amber for: 1kfl.pdb
===================================================
REDUCE returned non-zero exit status: See reduce_info.log for more details

----------Chains
The following (original) chains have been found:
A
B
C
D
E
F
G
H

---------- Alternate Locations (Original Residues!))

The following residues had alternate locations:
ARG_865
THR_866
THR_1150
THR_1151
VAL_1152
GLY_1153
ARG_1215
THR_1216
THR_2550
THR_2551
VAL_2552
GLY_2553
ARG_2615
THR_2616

---------- Gaps (Renumbered Residues!)
gap of 3.988644 A between VAL 90 and ARG 92
gap of 2.875273 A between HIE 112 and ASP 114
gap of 3.295140 A between ASP 146 and ILE 148
gap of 4.044016 A between LEU 156 and SER 158
gap of 4.176865 A between VAL 262 and ILE 264
gap of 3.204887 A between GLN 278 and ASP 280
gap of 4.378410 A between VAL 299 and VAL 301
gap of 4.027562 A between VAL 440 and ARG 442
gap of 2.908196 A between HIE 462 and ASP 464
gap of 3.360294 A between ASP 496 and ILE 498
gap of 4.017974 A between LEU 506 and SER 508
gap of 4.191200 A between VAL 612 and ILE 614
gap of 3.243515 A between GLN 628 and ASP 630
gap of 4.308831 A between VAL 649 and VAL 651
gap of 4.006903 A between VAL 790 and ARG 792
gap of 2.916042 A between HIE 812 and ASP 814
gap of 3.385057 A between ASP 846 and ILE 848
gap of 4.003710 A between LEU 856 and SER 858
gap of 4.185829 A between VAL 962 and ILE 964
gap of 3.240150 A between GLN 978 and ASP 980
gap of 4.352839 A between VAL 999 and VAL 1001
gap of 3.975786 A between VAL 1140 and ARG 1142
gap of 2.873303 A between HIE 1162 and ASP 1164
gap of 3.347069 A between ASP 1196 and ILE 1198
gap of 4.035465 A between LEU 1206 and SER 1208
gap of 4.170271 A between VAL 1312 and ILE 1314
gap of 3.188153 A between GLN 1328 and ASP 1330
gap of 4.344224 A between VAL 1349 and VAL 1351
gap of 3.997937 A between VAL 1490 and ARG 1492
gap of 2.902909 A between HIE 1512 and ASP 1514
gap of 3.298765 A between ASP 1546 and ILE 1548
gap of 4.031492 A between LEU 1556 and SER 1558
gap of 4.243801 A between VAL 1662 and ILE 1664
gap of 3.245516 A between GLN 1678 and ASP 1680
gap of 4.316857 A between VAL 1699 and VAL 1701
gap of 4.004366 A between VAL 1840 and ARG 1842
gap of 2.921258 A between HIE 1862 and ASP 1864
gap of 3.437079 A between ASP 1896 and ILE 1898
gap of 4.041663 A between LEU 1906 and SER 1908
gap of 4.155132 A between VAL 2012 and ILE 2014
gap of 3.210779 A between GLN 2028 and ASP 2030
gap of 4.372810 A between VAL 2049 and VAL 2051
gap of 4.009489 A between VAL 2190 and ARG 2192
gap of 2.884618 A between HID 2212 and ASP 2214
gap of 3.344768 A between ASP 2246 and ILE 2248
gap of 3.978483 A between LEU 2256 and SER 2258
gap of 4.183776 A between VAL 2362 and ILE 2364
gap of 3.230851 A between GLN 2378 and ASP 2380
gap of 4.315828 A between VAL 2399 and VAL 2401
gap of 3.996532 A between VAL 2540 and ARG 2542
gap of 2.919342 A between HID 2562 and ASP 2564
gap of 3.351531 A between ASP 2596 and ILE 2598
gap of 4.064401 A between LEU 2606 and SER 2608
gap of 4.178762 A between VAL 2712 and ILE 2714
gap of 3.220785 A between GLN 2728 and ASP 2730
gap of 4.385792 A between VAL 2749 and VAL 2751

---------- Mising heavy atom(s)

None
The alternate coordinates have been discarded.
Only the first occurrence for each atom was kept.
not prmtop_filename /net/rebus/scratch1/nigel/amber/hi_lo/kf/1kfl/4amber_1kfl.prmtop
not prmtop_filename /net/chevy/raid1/nigel/amber/hi_lo/kf/1kfl/4amber_1kfl.prmtop

	Running AmberPrep : 1kfl.pdb


==================================================
Running pdb4amber on 1kfl.pdb
==================================================

==================================================
Setting up library files for non-standard residues
==================================================

==================================================
Running elbow/antechamber for MSE 
==================================================
--------------------------------------------------------------------------------
['/tmp/6368459.117.all.q/tmpV70AFu', '/tmp/6368459.117.all.q/tmpB9KK7o']
/tmp/6368459.117.all.q/tmpV70AFu
  Monomer Library directory:
    "/net/cci-filer2/raid1/xp/phenix/phenix-svn/modules/chem_data/mon_lib"
  Total number of atoms: 19
  Number of models: 1
  Model: ""
    Number of chains: 1
    Chain: "A"
      Number of atoms: 19
      Number of conformers: 1
      Conformer: ""
        Number of residues, atoms: 1, 17
          Duplicate atoms: {'MSE,HB2': 1, 'MSE,HG2': 1}
          Classifications: {'peptide': 1}
  Number of atoms with unknown nonbonded energy type symbols: 2
    "HETATM   13  HB3 MSE A   1 .*.A    H  "
    "HETATM   15  HG3 MSE A   1 .*.A    H  "
  Time building chain proxies: 0.01, per 1000 atoms: 0.53

--------------------------------------------------------------------------------

MoleculeClass :  C: 5  N: 1  O: 2 Se: 1 (CHEMICAL COMPONENTS format)
	19 atoms
	18 bonds
	31 angles
	36 dihedrals
	0 rings (groups, rings, atoms) 0 0
	1 chirals : S 

~> antechamber -i 4antechamber_MSE.pdb -fi pdb -o MSE.mol2 -fo mol2       -nc -1 -m 1 -s 2 -pf y -c bcc -at gaff2 -ek "qm_theory='AM1', grms_tol=0.0005, scfconv=1.d-10, maxcyc=0, ndiis_attempts=700,"


~> parmchk2 -s 2 -i MSE.mol2 -f mol2 -o MSE.frcmod


  Residue "PEP" already in amber monomer library. Skipping elbow/antechamber
    run for this residue.
        

  Residue "SO4" already in amber monomer library. Skipping elbow/antechamber
    run for this residue.
        

==================================================
Preparing asu files and 4phenix_1kfl.pdb
==================================================

~> tleap -f 1kfl_asu_tleap_input_run

Checking output filenames
  file : 1kfl_asu.prmtop
Sorry:   Output file is empty : 1kfl_asu.prmtop
  Check contents of "leap.log"
