HOST lewis.lbl.gov
only_i 257
only_code None
force_amber_prep True
dry_run False
... 257 1amy
/net/chevy/raid1/nigel/amber/hi_lo
/net/chevy/raid1/nigel/amber/hi_lo/am/1amy
1amy.pdb 4phenix_1amy.pdb
1amy.pdb 4phenix_1amy.pdb
local_archive None
archive PDB None
Reading from local mirror:
  /net/cci/pdb_mirror/pdb/am/pdb1amy.ent.gz
Model saved to /net/lewis/raid1/scratch1/nigel/amber/hi_lo/am/1amy/1amy.pdb
Traceback (most recent call last):
  File "/net/cci-filer2/raid1/xp/phenix/phenix-svn/build/../modules/cctbx_project/mmtbx/command_line/fetch_pdb.py", line 199, in <module>
    run2(sys.argv[1:])
  File "/net/cci-filer2/raid1/xp/phenix/phenix-svn/build/../modules/cctbx_project/mmtbx/command_line/fetch_pdb.py", line 155, in run2
    files.append(get_pdb(id, data_type_, mirror, log, format=data_format))
  File "/net/cci-filer2/raid1/xp/phenix/phenix-svn/modules/cctbx_project/iotbx/pdb/fetch.py", line 213, in get_pdb
    data = fetch(id, data_type, mirror=mirror, format=format, log=log)
  File "/net/cci-filer2/raid1/xp/phenix/phenix-svn/modules/cctbx_project/iotbx/pdb/fetch.py", line 150, in fetch
    data = libtbx.utils.urlopen(url)
  File "/net/cci-filer2/raid1/xp/phenix/phenix-svn/modules/cctbx_project/libtbx/utils.py", line 2069, in urlopen
    return urllib2.urlopen(*args, **kwds)
  File "/net/cci-filer2/raid1/xp/phenix/phenix-svn/base/lib/python2.7/urllib2.py", line 127, in urlopen
    return _opener.open(url, data, timeout)
  File "/net/cci-filer2/raid1/xp/phenix/phenix-svn/base/lib/python2.7/urllib2.py", line 404, in open
    response = self._open(req, data)
  File "/net/cci-filer2/raid1/xp/phenix/phenix-svn/base/lib/python2.7/urllib2.py", line 422, in _open
    '_open', req)
  File "/net/cci-filer2/raid1/xp/phenix/phenix-svn/base/lib/python2.7/urllib2.py", line 382, in _call_chain
    result = func(*args)
  File "/net/cci-filer2/raid1/xp/phenix/phenix-svn/base/lib/python2.7/urllib2.py", line 1214, in http_open
    return self.do_open(httplib.HTTPConnection, req)
  File "/net/cci-filer2/raid1/xp/phenix/phenix-svn/base/lib/python2.7/urllib2.py", line 1184, in do_open
    raise URLError(err)
urllib2.URLError: <urlopen error [Errno 110] Connection timed out>
local_archive None
archive PDB None
Reading from local mirror:
  /net/cci/pdb_mirror/pdb/am/pdb1amy.ent.gz
Model saved to /net/lewis/raid1/scratch1/nigel/amber/hi_lo/am/1amy/1amy.pdb
Traceback (most recent call last):
  File "/net/cci-filer2/raid1/xp/phenix/phenix-svn/build/../modules/cctbx_project/mmtbx/command_line/fetch_pdb.py", line 199, in <module>
    run2(sys.argv[1:])
  File "/net/cci-filer2/raid1/xp/phenix/phenix-svn/build/../modules/cctbx_project/mmtbx/command_line/fetch_pdb.py", line 155, in run2
    files.append(get_pdb(id, data_type_, mirror, log, format=data_format))
  File "/net/cci-filer2/raid1/xp/phenix/phenix-svn/modules/cctbx_project/iotbx/pdb/fetch.py", line 213, in get_pdb
    data = fetch(id, data_type, mirror=mirror, format=format, log=log)
  File "/net/cci-filer2/raid1/xp/phenix/phenix-svn/modules/cctbx_project/iotbx/pdb/fetch.py", line 150, in fetch
    data = libtbx.utils.urlopen(url)
  File "/net/cci-filer2/raid1/xp/phenix/phenix-svn/modules/cctbx_project/libtbx/utils.py", line 2069, in urlopen
    return urllib2.urlopen(*args, **kwds)
  File "/net/cci-filer2/raid1/xp/phenix/phenix-svn/base/lib/python2.7/urllib2.py", line 127, in urlopen
    return _opener.open(url, data, timeout)
  File "/net/cci-filer2/raid1/xp/phenix/phenix-svn/base/lib/python2.7/urllib2.py", line 404, in open
    response = self._open(req, data)
  File "/net/cci-filer2/raid1/xp/phenix/phenix-svn/base/lib/python2.7/urllib2.py", line 422, in _open
    '_open', req)
  File "/net/cci-filer2/raid1/xp/phenix/phenix-svn/base/lib/python2.7/urllib2.py", line 382, in _call_chain
    result = func(*args)
  File "/net/cci-filer2/raid1/xp/phenix/phenix-svn/base/lib/python2.7/urllib2.py", line 1214, in http_open
    return self.do_open(httplib.HTTPConnection, req)
  File "/net/cci-filer2/raid1/xp/phenix/phenix-svn/base/lib/python2.7/urllib2.py", line 1184, in do_open
    raise URLError(err)
urllib2.URLError: <urlopen error [Errno 110] Connection timed out>

==================================================
Summary of pdb4amber for: 1amy.pdb
===================================================

----------Chains
The following (original) chains have been found:
A

---------- Alternate Locations (Original Residues!))

The following residues had alternate locations:
None

---------- Mising heavy atom(s)

None

==================================================
Summary of pdb4amber for: 1amy_4tleap_uc1.pdb
===================================================

----------Chains
The following (original) chains have been found:
A

---------- Alternate Locations (Original Residues!))

The following residues had alternate locations:
None

---------- Mising heavy atom(s)

None
not prmtop_filename /net/lewis/scratch1/nigel/amber/hi_lo/am/1amy/4amber_1amy.prmtop

	Running AmberPrep : 1amy.pdb


==================================================
Running pdb4amber on 1amy.pdb
==================================================

==================================================
Setting up library files for non-standard residues
==================================================

==================================================
Preparing asu files and 4phenix_1amy.pdb
==================================================

~> tleap -f 1amy_asu_tleap_input_run

Checking output filenames
  file : 1amy_asu.prmtop
  file : 1amy_asu.rst7

~> ChBox -c 1amy_asu.rst7 -o 1amy_asu.rst7 -X 135.2 -Y 135.2 -Z 79.6 -al 90.0 -bt 90.0 -gm 120.0 


============================================================
Preparing unit cell files: 4amber_1amy.prmtop and 4amber_1amy.rst7
============================================================

~> UnitCell -p 1amy_4UnitCell.pdb -o 1amy_4tleap_uc1.pdb


~> tleap -f 1amy_uc_tleap_input_run

Checking output filenames
  file : 1amy_uc.prmtop
  file : 1amy_uc.rst7

~> ChBox -c 1amy_uc.rst7 -o 1amy_uc.rst7 -X 135.2 -Y 135.2 -Z 79.6 -al 90.0 -bt 90.0 -gm 120.0 


==================================================
Minimizing input coordinates.
==================================================

~> sander -O -i 1amy_amber_all.in -p 4amber_1amy.prmtop -c 4amber_1amy.rst7 -o 1amy.min.out            -ref 4amber_1amy.rst7 -r 4amber_1amy.min.rst7

checking special positions in 4phenix_1amy.pdb

==================================================
Done.  Three new files have been made:
      4phenix_1amy.pdb
      4amber_1amy.prmtop
      4amber_1amy.rst7
==================================================

Example

  phenix.refine 4phenix_1amy.pdb use_amber=True \
    amber.topology_file_name=4amber_1amy.prmtop \
    amber.coordinate_file_name=4amber_1amy.rst7 \
    ....(other refinement keywords here).....



Substituting Amber PDB file for downloaded file
run_tests_local.py:222: UserWarning: os.system() is not safe: please use the subprocess module or libtbx.easy_run instead.
  os.system(cmd)

  Amber files
    PDB    : 1amy.pdb
    MTZ    : 1amy.mtz
    prmtop : 4amber_1amy.prmtop
    rst7   : 4amber_1amy.rst7
  
/net/lewis/raid1/scratch1/nigel/amber/hi_lo/am/1amy
return_files 1amy
/net/chevy/raid1/nigel/amber/hi_lo
4amber_1amy.pdb
4phenix_1amy.pdb
cp 4phenix_1amy.pdb /net/chevy/raid1/nigel/amber/hi_lo/am/1amy
1amy.pdb
cp 1amy.pdb /net/chevy/raid1/nigel/amber/hi_lo/am/1amy
4amber_1amy.mtz
4phenix_1amy.mtz
1amy.mtz
cp 1amy.mtz /net/chevy/raid1/nigel/amber/hi_lo/am/1amy
4amber_1amy.rst7
cp 4amber_1amy.rst7 /net/chevy/raid1/nigel/amber/hi_lo/am/1amy
4phenix_1amy.rst7
1amy.rst7
4amber_1amy.prmtop
cp 4amber_1amy.prmtop /net/chevy/raid1/nigel/amber/hi_lo/am/1amy
4phenix_1amy.prmtop
1amy.prmtop
4amber_1amy_refine_001.log
4phenix_1amy_refine_001.log
1amy_refine_001.log
4amber_1amy_refine_002.log
4phenix_1amy_refine_002.log
1amy_refine_002.log
4amber_1amy_refine_001.pdb
4phenix_1amy_refine_001.pdb
1amy_refine_001.pdb
4amber_1amy_refine_002.pdb
4phenix_1amy_refine_002.pdb
1amy_refine_002.pdb
local_archive /net/chevy/raid1/nigel/amber/hi_lo
archive PDB /net/chevy/raid1/nigel/amber/hi_lo/am/1amy/1amy.pdb
/net/lewis/raid1/scratch1/nigel/amber/hi_lo/am/1amy
------------------------------
phenix.refine log filename ? > /net/chevy/raid1/nigel/amber/hi_lo/am/1amy/1amy_refine_001.log
------------------------------

	Already done (on chevy) 1amy_refine_001
------------------------------
phenix.refine log filename ? > /net/chevy/raid1/nigel/amber/hi_lo/am/1amy/1amy_refine_002.log
------------------------------

	Already done (on chevy) 1amy_refine_002
