HOST morse.lbl.gov
only_i 321
only_code None
force_amber_prep True
dry_run False
... 321 1gos
/net/chevy/raid1/nigel/amber/hi_lo
/net/chevy/raid1/nigel/amber/hi_lo/go/1gos
1gos.pdb 4phenix_1gos.pdb
1gos.pdb 4phenix_1gos.pdb
local_archive None
archive PDB None
Reading from local mirror:
  /net/cci/pdb_mirror/pdb/go/pdb1gos.ent.gz
Model saved to /net/morse/raid1/scratch1/nigel/amber/hi_lo/go/1gos/1gos.pdb
Sequence saved to /net/morse/raid1/scratch1/nigel/amber/hi_lo/go/1gos/1gos.fa
Reading from local mirror:
  /net/cci/pdb_mirror/structure_factors/go/r1gossf.ent.gz
Structure factors saved to /net/morse/raid1/scratch1/nigel/amber/hi_lo/go/1gos/1gos-sf.cif
Reading from local mirror:
  /net/cci/pdb_mirror/mmcif/go/1gos.cif.gz
Model saved to /net/morse/raid1/scratch1/nigel/amber/hi_lo/go/1gos/1gos.cif
Can't determine output label for r1gossf,_refln.crystal_id - skipping.
Can't determine output label for r1gossf,_refln.scale_group_code - skipping.
Can't determine output label for r1gossf,_refln.wavelength_id - skipping.
Converted structure factors saved to 1gos.mtz
local_archive None
archive PDB None
Reading from local mirror:
  /net/cci/pdb_mirror/pdb/go/pdb1gos.ent.gz
Model saved to /net/morse/raid1/scratch1/nigel/amber/hi_lo/go/1gos/1gos.pdb
Sequence saved to /net/morse/raid1/scratch1/nigel/amber/hi_lo/go/1gos/1gos.fa
Reading from local mirror:
  /net/cci/pdb_mirror/structure_factors/go/r1gossf.ent.gz
Structure factors saved to /net/morse/raid1/scratch1/nigel/amber/hi_lo/go/1gos/1gos-sf.cif
Reading from local mirror:
  /net/cci/pdb_mirror/mmcif/go/1gos.cif.gz
Model saved to /net/morse/raid1/scratch1/nigel/amber/hi_lo/go/1gos/1gos.cif
Can't determine output label for r1gossf,_refln.crystal_id - skipping.
Can't determine output label for r1gossf,_refln.scale_group_code - skipping.
Can't determine output label for r1gossf,_refln.wavelength_id - skipping.
Converted structure factors saved to 1gos.mtz

==================================================
Summary of pdb4amber for: 1gos.pdb
===================================================
REDUCE returned non-zero exit status: See reduce_info.log for more details

----------Chains
The following (original) chains have been found:
A
B

---------- Alternate Locations (Original Residues!))

The following residues had alternate locations:
None

---------- Mising heavy atom(s)

None
not prmtop_filename /net/morse/scratch1/nigel/amber/hi_lo/go/1gos/4amber_1gos.prmtop

	Running AmberPrep : 1gos.pdb


==================================================
Running pdb4amber on 1gos.pdb
==================================================

==================================================
Setting up library files for non-standard residues
==================================================

  Residue "NYP" already in amber monomer library. Skipping elbow/antechamber
    run for this residue.
        

==================================================
Running elbow/antechamber for FAD 
==================================================

==================================================
Summary of pdb4amber for: 1gos_4tleap_uc1.pdb
===================================================

----------Chains
The following (original) chains have been found:
A
B

---------- Alternate Locations (Original Residues!))

The following residues had alternate locations:
None

---------- Mising heavy atom(s)

None

MoleculeClass :  C:27  N: 9  O:15  P: 2 (CHEMICAL COMPONENTS format)
	84 atoms
	89 bonds
	155 angles
	223 dihedrals
	3 rings (groups, rings, atoms) 6 34
	7 chirals : R S R R S S R 

~> antechamber -i 4antechamber_FAD.pdb -fi pdb -o FAD.mol2 -fo mol2       -nc -2 -m 1 -s 2 -pf y -c bcc -at gaff2 -ek "qm_theory='AM1',grms_tol=0.0005,scfconv=1.d-10,maxcyc=0,ndiis_attempts=700,"


~> parmchk2 -s 2 -i FAD.mol2 -f mol2 -o FAD.frcmod


==================================================
Preparing asu files and 4phenix_1gos.pdb
==================================================

~> tleap -f 1gos_asu_tleap_input_run

Checking output filenames
  file : 1gos_asu.prmtop
  file : 1gos_asu.rst7

~> ChBox -c 1gos_asu.rst7 -o 1gos_asu.rst7 -X 138.8 -Y 224.3 -Z 87.2 -al 90.0 -bt 90.0 -gm 90.0 


============================================================
Preparing unit cell files: 4amber_1gos.prmtop and 4amber_1gos.rst7
============================================================

~> UnitCell -p 1gos_4UnitCell.pdb -o 1gos_4tleap_uc1.pdb


~> tleap -f 1gos_uc_tleap_input_run

Checking output filenames
  file : 1gos_uc.prmtop
  file : 1gos_uc.rst7

~> ChBox -c 1gos_uc.rst7 -o 1gos_uc.rst7 -X 138.8 -Y 224.3 -Z 87.2 -al 90.0 -bt 90.0 -gm 90.0 


==================================================
Minimizing input coordinates.
==================================================

~> sander -O -i 1gos_amber_all.in -p 4amber_1gos.prmtop -c 4amber_1gos.rst7 -o 1gos.min.out            -ref 4amber_1gos.rst7 -r 4amber_1gos.min.rst7

checking special positions in 4phenix_1gos.pdb

==================================================
Done.  Three new files have been made:
      4phenix_1gos.pdb
      4amber_1gos.prmtop
      4amber_1gos.rst7
==================================================

Example

  phenix.refine 4phenix_1gos.pdb use_amber=True \
    amber.topology_file_name=4amber_1gos.prmtop \
    amber.coordinate_file_name=4amber_1gos.rst7 \
    ....(other refinement keywords here).....



Substituting Amber PDB file for downloaded file
run_tests_local.py:222: UserWarning: os.system() is not safe: please use the subprocess module or libtbx.easy_run instead.
  os.system(cmd)

  Amber files
    PDB    : 1gos.pdb
    MTZ    : 1gos.mtz
    prmtop : 4amber_1gos.prmtop
    rst7   : 4amber_1gos.rst7
  
/net/morse/raid1/scratch1/nigel/amber/hi_lo/go/1gos
return_files 1gos
/net/chevy/raid1/nigel/amber/hi_lo
4amber_1gos.pdb
4phenix_1gos.pdb
cp 4phenix_1gos.pdb /net/chevy/raid1/nigel/amber/hi_lo/go/1gos
1gos.pdb
cp 1gos.pdb /net/chevy/raid1/nigel/amber/hi_lo/go/1gos
4amber_1gos.mtz
4phenix_1gos.mtz
1gos.mtz
cp 1gos.mtz /net/chevy/raid1/nigel/amber/hi_lo/go/1gos
4amber_1gos.rst7
cp 4amber_1gos.rst7 /net/chevy/raid1/nigel/amber/hi_lo/go/1gos
4phenix_1gos.rst7
1gos.rst7
4amber_1gos.prmtop
cp 4amber_1gos.prmtop /net/chevy/raid1/nigel/amber/hi_lo/go/1gos
4phenix_1gos.prmtop
1gos.prmtop
4amber_1gos_refine_001.log
4phenix_1gos_refine_001.log
1gos_refine_001.log
4amber_1gos_refine_002.log
4phenix_1gos_refine_002.log
1gos_refine_002.log
4amber_1gos_refine_001.pdb
4phenix_1gos_refine_001.pdb
1gos_refine_001.pdb
4amber_1gos_refine_002.pdb
4phenix_1gos_refine_002.pdb
1gos_refine_002.pdb
local_archive /net/chevy/raid1/nigel/amber/hi_lo
archive PDB /net/chevy/raid1/nigel/amber/hi_lo/go/1gos/1gos.pdb
/net/morse/raid1/scratch1/nigel/amber/hi_lo/go/1gos
------------------------------
phenix.refine log filename ? > /net/chevy/raid1/nigel/amber/hi_lo/go/1gos/1gos_refine_001.log
------------------------------

	Already done (on chevy) 1gos_refine_001
------------------------------
phenix.refine log filename ? > /net/chevy/raid1/nigel/amber/hi_lo/go/1gos/1gos_refine_002.log
------------------------------

	Already done (on chevy) 1gos_refine_002
