HOST morse.lbl.gov
only_i 147
only_code None
force_amber_prep True
dry_run False
... 147 1brr
/net/chevy/raid1/nigel/amber/hi_lo
/net/chevy/raid1/nigel/amber/hi_lo/br/1brr
1brr.pdb 4phenix_1brr.pdb
local_archive None
archive PDB None
Reading from local mirror:
  /net/cci/pdb_mirror/pdb/br/pdb1brr.ent.gz
Model saved to /net/morse/raid1/scratch1/nigel/amber/hi_lo/br/1brr/1brr.pdb
Sequence saved to /net/morse/raid1/scratch1/nigel/amber/hi_lo/br/1brr/1brr.fa
Reading from local mirror:
  /net/cci/pdb_mirror/structure_factors/br/r1brrsf.ent.gz
Structure factors saved to /net/morse/raid1/scratch1/nigel/amber/hi_lo/br/1brr/1brr-sf.cif
Reading from local mirror:
  /net/cci/pdb_mirror/mmcif/br/1brr.cif.gz
Model saved to /net/morse/raid1/scratch1/nigel/amber/hi_lo/br/1brr/1brr.cif
Can't determine output label for r1brrsf,_refln.crystal_id - skipping.
Can't determine output label for r1brrsf,_refln.scale_group_code - skipping.
Can't determine output label for r1brrsf,_refln.wavelength_id - skipping.
Can't determine output label for r1brrsf,wavelength_id=1,_refln.weight - skipping.
Converted structure factors saved to 1brr.mtz
local_archive None
archive PDB None
Reading from local mirror:
  /net/cci/pdb_mirror/pdb/br/pdb1brr.ent.gz
Model saved to /net/morse/raid1/scratch1/nigel/amber/hi_lo/br/1brr/1brr.pdb
Sequence saved to /net/morse/raid1/scratch1/nigel/amber/hi_lo/br/1brr/1brr.fa
Reading from local mirror:
  /net/cci/pdb_mirror/structure_factors/br/r1brrsf.ent.gz
Structure factors saved to /net/morse/raid1/scratch1/nigel/amber/hi_lo/br/1brr/1brr-sf.cif
Reading from local mirror:
  /net/cci/pdb_mirror/mmcif/br/1brr.cif.gz
Model saved to /net/morse/raid1/scratch1/nigel/amber/hi_lo/br/1brr/1brr.cif
Can't determine output label for r1brrsf,_refln.crystal_id - skipping.
Can't determine output label for r1brrsf,_refln.scale_group_code - skipping.
Can't determine output label for r1brrsf,_refln.wavelength_id - skipping.
Can't determine output label for r1brrsf,wavelength_id=1,_refln.weight - skipping.
Converted structure factors saved to 1brr.mtz

==================================================
Summary of pdb4amber for: 1brr.pdb
===================================================

----------Chains
The following (original) chains have been found:
A
B
C

---------- Alternate Locations (Original Residues!))

The following residues had alternate locations:
None

---------- Mising heavy atom(s)

GLN_1 misses 4 heavy atom(s)
ARG_223 misses 6 heavy atom(s)
ARG_225 misses 6 heavy atom(s)
ILE_227 misses 3 heavy atom(s)
PHE_228 misses 6 heavy atom(s)
GLU_230 misses 4 heavy atom(s)
GLN_232 misses 4 heavy atom(s)
ILE_233 misses 3 heavy atom(s)
ARG_456 misses 6 heavy atom(s)
GLU_461 misses 4 heavy atom(s)
ARG_688 misses 6 heavy atom(s)
ILE_690 misses 3 heavy atom(s)
PHE_691 misses 6 heavy atom(s)
GLU_693 misses 4 heavy atom(s)
not prmtop_filename /net/morse/scratch1/nigel/amber/hi_lo/br/1brr/4amber_1brr.prmtop
not prmtop_filename /net/chevy/raid1/nigel/amber/hi_lo/br/1brr/4amber_1brr.prmtop

	Running AmberPrep : 1brr.pdb


==================================================
Running pdb4amber on 1brr.pdb
==================================================

==================================================
Setting up library files for non-standard residues
==================================================

  Residue "GOL" already in amber monomer library. Skipping elbow/antechamber
    run for this residue.
        

==================================================
Running elbow/antechamber for BGC 
==================================================

MoleculeClass :  C: 6  O: 6 (CHEMICAL COMPONENTS format)
	24 atoms
	24 bonds
	42 angles
	66 dihedrals
	1 rings (groups, rings, atoms) 1 6
	5 chirals : R S S R R 

~> antechamber -i 4antechamber_BGC.pdb -fi pdb -o BGC.mol2 -fo mol2       -nc 0 -m 1 -s 2 -pf y -c bcc -at gaff2 -ek "qm_theory='AM1',grms_tol=0.0005,scfconv=1.d-10,maxcyc=0,ndiis_attempts=700,"


~> parmchk2 -s 2 -i BGC.mol2 -f mol2 -o BGC.frcmod


==================================================
Running elbow/antechamber for GLC 
==================================================

MoleculeClass :  C: 6  O: 6 (CHEMICAL COMPONENTS format)
	24 atoms
	24 bonds
	42 angles
	66 dihedrals
	1 rings (groups, rings, atoms) 1 6
	5 chirals : S R S S R 

~> antechamber -i 4antechamber_GLC.pdb -fi pdb -o GLC.mol2 -fo mol2       -nc 0 -m 1 -s 2 -pf y -c bcc -at gaff2 -ek "qm_theory='AM1',grms_tol=0.0005,scfconv=1.d-10,maxcyc=0,ndiis_attempts=700,"


~> parmchk2 -s 2 -i GLC.mol2 -f mol2 -o GLC.frcmod


  Residue "RET" already in amber monomer library. Skipping elbow/antechamber
    run for this residue.
        

  Residue "ARC" already in amber monomer library. Skipping elbow/antechamber
    run for this residue.
        

==================================================
Running elbow/antechamber for PCA 
==================================================

MoleculeClass :  C: 5  N: 1  O: 3 (CHEMICAL COMPONENTS format)
	15 atoms
	15 bonds
	27 angles
	40 dihedrals
	1 rings (groups, rings, atoms) 1 5
	1 chirals : S 

~> antechamber -i 4antechamber_PCA.pdb -fi pdb -o PCA.mol2 -fo mol2       -nc -1 -m 1 -s 2 -pf y -c bcc -at gaff2 -ek "qm_theory='AM1',grms_tol=0.0005,scfconv=1.d-10,maxcyc=0,ndiis_attempts=700,"


~> parmchk2 -s 2 -i PCA.mol2 -f mol2 -o PCA.frcmod


  Residue "OCT" already in amber monomer library. Skipping elbow/antechamber
    run for this residue.
        

==================================================
Running elbow/antechamber for MAN 
==================================================

MoleculeClass :  C: 6  O: 6 (CHEMICAL COMPONENTS format)
	24 atoms
	24 bonds
	42 angles
	66 dihedrals
	1 rings (groups, rings, atoms) 1 6
	5 chirals : S S S S R 

~> antechamber -i 4antechamber_MAN.pdb -fi pdb -o MAN.mol2 -fo mol2       -nc 0 -m 1 -s 2 -pf y -c bcc -at gaff2 -ek "qm_theory='AM1',grms_tol=0.0005,scfconv=1.d-10,maxcyc=0,ndiis_attempts=700,"


~> parmchk2 -s 2 -i MAN.mol2 -f mol2 -o MAN.frcmod


==================================================
Preparing asu files and 4phenix_1brr.pdb
==================================================

~> tleap -f 1brr_asu_tleap_input_run

Checking output filenames
  file : 1brr_asu.prmtop
Sorry:   Output file is empty : 1brr_asu.prmtop
  Check contents of "leap.log"
