HOST lewis.lbl.gov
only_i 143
only_code None
force_amber_prep True
dry_run False
1 1z3z,A,2.900,1zod,A,1.800
2 1psi,A,2.920,3ndd,A,1.500
3 3bpo,A,3.000,3l5w,I,2.000
4 1e6j,P,3.000,3mge,A,1.900
5 1r46,A,3.250,3hg3,A,1.900
6 2j0g,A,2.850,2j1g,A,1.950
7 1nsk,L,2.800,3bbb,A,1.300
8 1t04,B,3.000,1t3f,B,2.000
9 1kiu,B,3.000,1ze3,H,1.840
10 1kv3,A,2.800,2q3z,A,2.000
11 1wqs,A,2.800,2iph,A,1.750
12 3gwp,A,2.900,3i16,A,2.000
13 1c0n,A,2.800,1kmj,A,2.000
14 2r8j,A,3.100,3oha,A,2.000
15 1z5s,C,3.010,2grn,B,1.800
16 3icq,B,3.200,3m1i,A,2.000
17 1nb3,I,2.800,3kfq,C,1.990
18 1otc,A,2.800,2i0q,A,1.910
19 1ue8,A,3.000,3b4x,A,1.940
20 1a4o,A,2.800,2o02,A,1.500
21 1t6i,A,2.810,3g4z,A,1.870
22 1de9,A,3.000,2o3h,A,1.900
23 2j6e,L,3.000,3n9g,L,1.434
24 3hrk,A,3.050,3lc0,A,1.800
25 2ecp,A,2.950,2asv,A,1.950
26 1z8l,A,3.500,2xeg,A,1.590
27 1ere,A,3.100,2r6w,A,2.000
28 1xni,A,2.800,3lh0,A,1.900
29 2pl0,A,2.800,3mpm,A,1.950
30 1pxt,A,2.800,1afw,A,1.800
31 1bmf,A,2.850,2jdi,A,1.900
32 2g3k,A,3.050,2j9u,A,2.000
33 3m9b,A,3.940,3m9h,A,2.000
34 2i0v,A,2.800,3dpk,A,1.950
35 1kiu,A,3.000,3bwu,C,1.760
36 1nys,A,3.050,2h62,D,1.850
37 1rgq,C,2.900,2o8m,C,2.000
38 1fg5,N,2.800,2vs4,A,1.770
39 1sj5,A,2.800,1vjl,A,1.900
40 2f7k,A,2.800,2yxt,A,2.000
41 1yrp,A,3.100,3bqr,A,1.750
42 3a7a,B,3.100,3ab9,A,1.650
43 2vhg,A,2.900,2vjv,A,1.900
44 1blf,A,2.800,3kj7,A,1.910
45 1pma,1,3.400,1yar,H,1.900
46 2bp2,A,3.000,2zp3,A,1.900
47 2oqj,A,2.800,3oaz,K,1.750
48 1fvv,B,2.800,3ddq,B,1.800
49 1qlr,A,2.830,3eo0,A,1.750
50 2fhg,2,3.230,2jay,A,1.990
51 1io4,A,3.000,2e42,A,1.800
52 2i22,A,2.800,2i2w,A,1.950
53 1bot,O,3.050,3ezw,A,2.000
54 1fnt,c,3.200,1yar,O,1.900
55 1htn,A,2.800,1tn3,A,2.000
56 1x75,C,2.800,3hpw,A,1.452
57 1b7b,A,2.800,2we5,A,1.390
58 2not,A,3.000,1ae7,A,2.000
59 1kfl,A,2.800,1n8f,A,1.750
60 2jla,A,2.810,3hww,A,1.950
61 2bct,A,2.900,1i7w,A,2.000
62 2pcb,B,2.800,2b4z,A,1.500
63 1h0y,A,2.800,2bky,A,1.700
64 1bz9,A,2.800,3cc5,A,1.910
65 1mru,A,3.000,3ori,A,2.000
66 1cx2,A,3.000,3nt1,A,1.730
67 1fss,A,3.000,2wfz,A,1.950
68 2onk,E,3.100,3cij,A,1.070
69 3hfm,L,3.000,3d9a,L,1.200
70 2o39,A,2.850,3f0y,A,1.800
71 1aow,A,3.000,2zoc,A,2.000
72 1p7d,A,2.950,2oxo,A,2.000
... 143 1p7d
/net/chevy/raid1/nigel/amber/hi_lo
/net/chevy/raid1/nigel/amber/hi_lo/p7/1p7d
1p7d.pdb 4phenix_1p7d.pdb
local_archive None
archive PDB None
Reading from local mirror:
  /net/cci/pdb_mirror/pdb/p7/pdb1p7d.ent.gz
Model saved to /net/lewis/raid1/scratch1/nigel/amber/hi_lo/p7/1p7d/1p7d.pdb
Traceback (most recent call last):
  File "/net/cci-filer2/raid1/xp/phenix/phenix-svn/build/../modules/cctbx_project/mmtbx/command_line/fetch_pdb.py", line 199, in <module>
    run2(sys.argv[1:])
  File "/net/cci-filer2/raid1/xp/phenix/phenix-svn/build/../modules/cctbx_project/mmtbx/command_line/fetch_pdb.py", line 155, in run2
    files.append(get_pdb(id, data_type_, mirror, log, format=data_format))
  File "/net/cci-filer2/raid1/xp/phenix/phenix-svn/modules/cctbx_project/iotbx/pdb/fetch.py", line 213, in get_pdb
    data = fetch(id, data_type, mirror=mirror, format=format, log=log)
  File "/net/cci-filer2/raid1/xp/phenix/phenix-svn/modules/cctbx_project/iotbx/pdb/fetch.py", line 150, in fetch
    data = libtbx.utils.urlopen(url)
  File "/net/cci-filer2/raid1/xp/phenix/phenix-svn/modules/cctbx_project/libtbx/utils.py", line 2069, in urlopen
    return urllib2.urlopen(*args, **kwds)
  File "/net/cci-filer2/raid1/xp/phenix/phenix-svn/base/lib/python2.7/urllib2.py", line 127, in urlopen
    return _opener.open(url, data, timeout)
  File "/net/cci-filer2/raid1/xp/phenix/phenix-svn/base/lib/python2.7/urllib2.py", line 404, in open
    response = self._open(req, data)
  File "/net/cci-filer2/raid1/xp/phenix/phenix-svn/base/lib/python2.7/urllib2.py", line 422, in _open
    '_open', req)
  File "/net/cci-filer2/raid1/xp/phenix/phenix-svn/base/lib/python2.7/urllib2.py", line 382, in _call_chain
    result = func(*args)
  File "/net/cci-filer2/raid1/xp/phenix/phenix-svn/base/lib/python2.7/urllib2.py", line 1214, in http_open
    return self.do_open(httplib.HTTPConnection, req)
  File "/net/cci-filer2/raid1/xp/phenix/phenix-svn/base/lib/python2.7/urllib2.py", line 1184, in do_open
    raise URLError(err)
urllib2.URLError: <urlopen error [Errno 110] Connection timed out>

==================================================
Summary of pdb4amber for: 1p7d.pdb
===================================================
REDUCE returned non-zero exit status: See reduce_info.log for more details

----------Chains
The following (original) chains have been found:
A
B
C
D
E
F

---------- Alternate Locations (Original Residues!))

The following residues had alternate locations:
None

---------- Gaps (Renumbered Residues!)
gap of 7.908988 A between LEU 121 and THR 122
gap of 3.012146 A between GLN 343 and ARG 345
gap of 8.197193 A between LEU 401 and THR 402
gap of 2.986689 A between GLN 623 and ARG 625

---------- Mising heavy atom(s)

THR_80 misses 2 heavy atom(s)
GLN_99 misses 4 heavy atom(s)
LYS_124 misses 4 heavy atom(s)
ASP_135 misses 3 heavy atom(s)
ILE_162 misses 3 heavy atom(s)
LYS_174 misses 4 heavy atom(s)
SER_175 misses 1 heavy atom(s)
GLN_192 misses 4 heavy atom(s)
GLU_195 misses 4 heavy atom(s)
GLU_271 misses 4 heavy atom(s)
ARG_279 misses 6 heavy atom(s)
GLU_280 misses 4 heavy atom(s)
ASP_338 misses 3 heavy atom(s)
THR_339 misses 2 heavy atom(s)
MET_359 misses 3 heavy atom(s)
THR_360 misses 2 heavy atom(s)
SER_363 misses 1 heavy atom(s)
LYS_370 misses 4 heavy atom(s)
THR_402 misses 2 heavy atom(s)
LYS_404 misses 4 heavy atom(s)
GLU_405 misses 4 heavy atom(s)
ILE_406 misses 3 heavy atom(s)
ASP_415 misses 3 heavy atom(s)
LYS_423 misses 4 heavy atom(s)
LEU_429 misses 3 heavy atom(s)
ARG_434 misses 6 heavy atom(s)
GLU_439 misses 4 heavy atom(s)
ILE_442 misses 3 heavy atom(s)
LYS_454 misses 4 heavy atom(s)
SER_455 misses 1 heavy atom(s)
GLN_472 misses 4 heavy atom(s)
GLU_475 misses 4 heavy atom(s)
GLU_551 misses 4 heavy atom(s)
ARG_559 misses 6 heavy atom(s)
GLU_560 misses 4 heavy atom(s)
LYS_607 misses 4 heavy atom(s)
ASP_618 misses 3 heavy atom(s)
THR_619 misses 2 heavy atom(s)
LYS_638 misses 3 heavy atom(s)
not prmtop_filename /net/lewis/scratch1/nigel/amber/hi_lo/p7/1p7d/4amber_1p7d.prmtop
not prmtop_filename /net/chevy/raid1/nigel/amber/hi_lo/p7/1p7d/4amber_1p7d.prmtop

	Running AmberPrep : 1p7d.pdb


==================================================
Running pdb4amber on 1p7d.pdb
==================================================

==================================================
Setting up library files for non-standard residues
==================================================

==================================================
Running elbow/antechamber for DG 
==================================================
Traceback (most recent call last):
  File "run_tests_local.py", line 321, in <module>
    run(*tuple(args))
  File "run_tests_local.py", line 305, in run
    w2 = run_all_tests(code, force_amber_prep=force_amber_prep)
  File "run_tests_local.py", line 93, in run_all_tests
    "clean=on",
  File "/net/cci-filer2/raid1/xp/phenix/phenix-svn/modules/amber_adaptbx/command_line/AmberPrepClass.py", line 961, in run
    prefer_input_method=inputs.antechamber.prefer_input_method,
  File "/net/cci-filer2/raid1/xp/phenix/phenix-svn/modules/amber_adaptbx/command_line/AmberPrepClass.py", line 393, in process_ligands
    _run_elbow_antechamber(self.pdb_hierarchy, residue_name, debug=debug)
  File "/net/cci-filer2/raid1/xp/phenix/phenix-svn/modules/amber_adaptbx/command_line/AmberPrepClass.py", line 877, in _run_elbow_antechamber
    pdb_mol.Bondise(add_bond_order=False)
  File "/net/cci-filer2/raid1/xp/phenix/phenix-svn/modules/elbow/elbow/chemistry/BondTopologyMixins.py", line 161, in Bondise
    self.CheckBondise(keep_all_atoms=keep_all_atoms)
  File "/net/cci-filer2/raid1/xp/phenix/phenix-svn/modules/elbow/elbow/chemistry/BondTopologyMixins.py", line 871, in CheckBondise
    bonded = self._get_bonded_to_atom()
  File "/net/cci-filer2/raid1/xp/phenix/phenix-svn/modules/elbow/elbow/chemistry/BondTopologyMixins.py", line 786, in _get_bonded_to_atom
    bonded = [self[i].index]
IndexError: list index out of range
