HOST rebus.lbl.gov
only_i 214
only_code None
force_amber_prep True
dry_run False
... 214 1yar
/net/chevy/raid1/nigel/amber/hi_lo
/net/chevy/raid1/nigel/amber/hi_lo/ya/1yar
1yar.pdb 4phenix_1yar.pdb
1yar.pdb 4phenix_1yar.pdb
local_archive None
archive PDB None
Reading from local mirror:
  /net/cci/pdb_mirror/pdb/ya/pdb1yar.ent.gz
Model saved to /net/rebus/raid1/scratch1/nigel/amber/hi_lo/ya/1yar/1yar.pdb
Sequence saved to /net/rebus/raid1/scratch1/nigel/amber/hi_lo/ya/1yar/1yar.fa
Reading from local mirror:
  /net/cci/pdb_mirror/structure_factors/ya/r1yarsf.ent.gz
Structure factors saved to /net/rebus/raid1/scratch1/nigel/amber/hi_lo/ya/1yar/1yar-sf.cif
Reading from local mirror:
  /net/cci/pdb_mirror/mmcif/ya/1yar.cif.gz
Model saved to /net/rebus/raid1/scratch1/nigel/amber/hi_lo/ya/1yar/1yar.cif
Can't determine output label for r1yarsf,_refln.crystal_id - skipping.
Can't determine output label for r1yarsf,_refln.scale_group_code - skipping.
R-free-flags: fraction_free=0.003
R-free-flags: missing 12530 reflections
Can't determine output label for r1yarsf,_refln.wavelength_id - skipping.
Converted structure factors saved to 1yar.mtz
natom*3 error

	Running AmberPrep : 1yar.pdb


==================================================
Running pdb4amber on 1yar.pdb
==================================================

==================================================
Setting up library files for non-standard residues
==================================================

  Residue "GOL" already in amber monomer library. Skipping elbow/antechamber
    run for this residue.
        

  Residue "SO4" already in amber monomer library. Skipping elbow/antechamber
    run for this residue.
        

==================================================
Preparing asu files and 4phenix_1yar.pdb
==================================================

~> tleap -f 1yar_asu_tleap_input_run

Checking output filenames
  file : 1yar_asu.prmtop
  file : 1yar_asu.rst7

~> ChBox -c 1yar_asu.rst7 -o 1yar_asu.rst7 -X 254.874 -Y 127.512 -Z 181.182 -al 90.0 -bt 92.45 -gm 90.0 


============================================================
Preparing unit cell files: 4amber_1yar.prmtop and 4amber_1yar.rst7
============================================================

~> UnitCell -p 1yar_4UnitCell.pdb -o 1yar_4tleap_uc1.pdb


~> tleap -f 1yar_uc_tleap_input_run

Checking output filenames
  file : 1yar_uc.prmtop
  file : 1yar_uc.rst7

~> ChBox -c 1yar_uc.rst7 -o 1yar_uc.rst7 -X 254.874 -Y 127.512 -Z 181.182 -al 90.0 -bt 92.45 -gm 90.0 


==================================================
Minimizing input coordinates.
==================================================

~> sander -O -i 1yar_amber_all.in -p 4amber_1yar.prmtop -c 4amber_1yar.rst7 -o 1yar.min.out            -ref 4amber_1yar.rst7 -r 4amber_1yar.min.rst7

checking special positions in 4phenix_1yar.pdb

==================================================
Done.  Three new files have been made:
      4phenix_1yar.pdb
      4amber_1yar.prmtop
      4amber_1yar.rst7
==================================================

Example

  phenix.refine 4phenix_1yar.pdb use_amber=True \
    amber.topology_file_name=4amber_1yar.prmtop \
    amber.coordinate_file_name=4amber_1yar.rst7 \
    ....(other refinement keywords here).....



Substituting Amber PDB file for downloaded file

  Amber files
    PDB    : 1yar.pdb
    MTZ    : 1yar.mtz
    prmtop : 4amber_1yar.prmtop
    rst7   : 4amber_1yar.rst7
  
/net/rebus/raid1/scratch1/nigel/amber/hi_lo/ya/1yar
return_files 1yar
/net/chevy/raid1/nigel/amber/hi_lo
4amber_1yar.pdb
4phenix_1yar.pdb
cp 4phenix_1yar.pdb /net/chevy/raid1/nigel/amber/hi_lo/ya/1yar
1yar.pdb
cp 1yar.pdb /net/chevy/raid1/nigel/amber/hi_lo/ya/1yar
4amber_1yar.mtz
4phenix_1yar.mtz
1yar.mtz
cp 1yar.mtz /net/chevy/raid1/nigel/amber/hi_lo/ya/1yar
4amber_1yar.rst7
cp 4amber_1yar.rst7 /net/chevy/raid1/nigel/amber/hi_lo/ya/1yar
4phenix_1yar.rst7
1yar.rst7
4amber_1yar.prmtop
cp 4amber_1yar.prmtop /net/chevy/raid1/nigel/amber/hi_lo/ya/1yar
4phenix_1yar.prmtop
1yar.prmtop
4amber_1yar_refine_001.log
4phenix_1yar_refine_001.log
1yar_refine_001.log
cp 1yar_refine_001.log /net/chevy/raid1/nigel/amber/hi_lo/ya/1yar
4amber_1yar_refine_002.log
4phenix_1yar_refine_002.log
1yar_refine_002.log
4amber_1yar_refine_001.pdb
4phenix_1yar_refine_001.pdb
1yar_refine_001.pdb
cp 1yar_refine_001.pdb /net/chevy/raid1/nigel/amber/hi_lo/ya/1yar
4amber_1yar_refine_002.pdb
4phenix_1yar_refine_002.pdb
1yar_refine_002.pdb
local_archive /net/chevy/raid1/nigel/amber/hi_lo
archive PDB /net/chevy/raid1/nigel/amber/hi_lo/ya/1yar/1yar.pdb
/net/rebus/raid1/scratch1/nigel/amber/hi_lo/ya/1yar
------------------------------
phenix.refine log filename ? > /net/chevy/raid1/nigel/amber/hi_lo/ya/1yar/1yar_refine_001.log
------------------------------
------------------------------
phenix.refine log filename ? > 1yar_refine_001.log
------------------------------
Running phenix.refine

phenix.refine 1yar.pdb 1yar.mtz c_beta_restraints=False discard_psi_phi=False strategy="*individual_sites individual_sites_real_space rigid_body *individual_adp group_adp tls *occupancies group_anomalous" refinement.target_weights.optimize_xyz_weight=True refinement.main.number_of_macro_cycles=10 write_geo=False serial=1 cdl=True

ne_001.pdb
4amber_1yar_refine_002.pdb
4phenix_1yar_refine_002.pdb
1yar_refine_002.pdb
local_archive /net/chevy/raid1/nigel/amber/hi_lo
archive PDB /net/chevy/raid1/nigel/amber/hi_lo/ya/1yar/1yar.pdb
/net/rebus/raid1/scratch1/nigel/amber/hi_lo/ya/1yar
------------------------------
phenix.refine log filename ? > /net/chevy/raid1/nigel/amber/hi_lo/ya/1yar/1yar_refine_001.log
------------------------------
------------------------------
phenix.refine log filename ? > 1yar_refine_001.log
------------------------------
Running phenix.refine

phenix.refine 1yar.pdb 1yar.mtz c_beta_restraints=False discard_psi_phi=False strategy="*individual_sites individual_sites_real_space rigid_body *individual_adp group_adp tls *occupancies group_anomalous" refinement.target_weights.optimize_xyz_weight=True refinement.main.number_of_macro_cycles=10 write_geo=False serial=1 cdl=True

