HOST morse.lbl.gov
only_i 375
only_code None
force_amber_prep True
dry_run False
... 375 1d2r
/net/chevy/raid1/nigel/amber/hi_lo
/net/chevy/raid1/nigel/amber/hi_lo/d2/1d2r
1d2r.pdb 4phenix_1d2r.pdb
1d2r.pdb 4phenix_1d2r.pdb
local_archive None
archive PDB None
Reading from local mirror:
  /net/cci/pdb_mirror/pdb/d2/pdb1d2r.ent.gz
Model saved to /net/morse/raid1/scratch1/nigel/amber/hi_lo/d2/1d2r/1d2r.pdb
Sequence saved to /net/morse/raid1/scratch1/nigel/amber/hi_lo/d2/1d2r/1d2r.fa
Reading from local mirror:
  /net/cci/pdb_mirror/structure_factors/d2/r1d2rsf.ent.gz
Structure factors saved to /net/morse/raid1/scratch1/nigel/amber/hi_lo/d2/1d2r/1d2r-sf.cif
Reading from local mirror:
  /net/cci/pdb_mirror/mmcif/d2/1d2r.cif.gz
Model saved to /net/morse/raid1/scratch1/nigel/amber/hi_lo/d2/1d2r/1d2r.cif
Can't determine output label for r1d2rsf,_refln.crystal_id - skipping.
Can't determine output label for r1d2rsf,_refln.scale_group_code - skipping.
Can't determine output label for r1d2rsf,_refln.wavelength_id - skipping.
Converted structure factors saved to 1d2r.mtz
local_archive None
archive PDB None
Reading from local mirror:
  /net/cci/pdb_mirror/pdb/d2/pdb1d2r.ent.gz
Model saved to /net/morse/raid1/scratch1/nigel/amber/hi_lo/d2/1d2r/1d2r.pdb
Sequence saved to /net/morse/raid1/scratch1/nigel/amber/hi_lo/d2/1d2r/1d2r.fa
Reading from local mirror:
  /net/cci/pdb_mirror/structure_factors/d2/r1d2rsf.ent.gz
Structure factors saved to /net/morse/raid1/scratch1/nigel/amber/hi_lo/d2/1d2r/1d2r-sf.cif
Reading from local mirror:
  /net/cci/pdb_mirror/mmcif/d2/1d2r.cif.gz
Model saved to /net/morse/raid1/scratch1/nigel/amber/hi_lo/d2/1d2r/1d2r.cif
Can't determine output label for r1d2rsf,_refln.crystal_id - skipping.
Can't determine output label for r1d2rsf,_refln.scale_group_code - skipping.
Can't determine output label for r1d2rsf,_refln.wavelength_id - skipping.
Converted structure factors saved to 1d2r.mtz

==================================================
Summary of pdb4amber for: 1d2r.pdb
===================================================
REDUCE returned non-zero exit status: See reduce_info.log for more details

----------Chains
The following (original) chains have been found:
A
B
C
D
E
F

---------- Alternate Locations (Original Residues!))

The following residues had alternate locations:
None

---------- Mising heavy atom(s)

None

==================================================
Summary of pdb4amber for: 1d2r_4tleap_uc1.pdb
===================================================

----------Chains
The following (original) chains have been found:
A
B
C
D
E
F

---------- Alternate Locations (Original Residues!))

The following residues had alternate locations:
None

---------- Mising heavy atom(s)

None
not prmtop_filename /net/morse/scratch1/nigel/amber/hi_lo/d2/1d2r/4amber_1d2r.prmtop

	Running AmberPrep : 1d2r.pdb


==================================================
Running pdb4amber on 1d2r.pdb
==================================================

==================================================
Setting up library files for non-standard residues
==================================================

==================================================
Preparing asu files and 4phenix_1d2r.pdb
==================================================

~> tleap -f 1d2r_asu_tleap_input_run

Checking output filenames
  file : 1d2r_asu.prmtop
  file : 1d2r_asu.rst7

~> ChBox -c 1d2r_asu.rst7 -o 1d2r_asu.rst7 -X 226.76 -Y 91.66 -Z 156.97 -al 90.0 -bt 132.66 -gm 90.0 


============================================================
Preparing unit cell files: 4amber_1d2r.prmtop and 4amber_1d2r.rst7
============================================================

~> UnitCell -p 1d2r_4UnitCell.pdb -o 1d2r_4tleap_uc1.pdb


~> tleap -f 1d2r_uc_tleap_input_run

Checking output filenames
  file : 1d2r_uc.prmtop
  file : 1d2r_uc.rst7

~> ChBox -c 1d2r_uc.rst7 -o 1d2r_uc.rst7 -X 226.76 -Y 91.66 -Z 156.97 -al 90.0 -bt 132.66 -gm 90.0 


==================================================
Minimizing input coordinates.
==================================================

~> sander -O -i 1d2r_amber_all.in -p 4amber_1d2r.prmtop -c 4amber_1d2r.rst7 -o 1d2r.min.out            -ref 4amber_1d2r.rst7 -r 4amber_1d2r.min.rst7

checking special positions in 4phenix_1d2r.pdb

==================================================
Done.  Three new files have been made:
      4phenix_1d2r.pdb
      4amber_1d2r.prmtop
      4amber_1d2r.rst7
==================================================

Example

  phenix.refine 4phenix_1d2r.pdb use_amber=True \
    amber.topology_file_name=4amber_1d2r.prmtop \
    amber.coordinate_file_name=4amber_1d2r.rst7 \
    ....(other refinement keywords here).....



Substituting Amber PDB file for downloaded file
run_tests_local.py:222: UserWarning: os.system() is not safe: please use the subprocess module or libtbx.easy_run instead.
  os.system(cmd)

  Amber files
    PDB    : 1d2r.pdb
    MTZ    : 1d2r.mtz
    prmtop : 4amber_1d2r.prmtop
    rst7   : 4amber_1d2r.rst7
  
/net/morse/raid1/scratch1/nigel/amber/hi_lo/d2/1d2r
return_files 1d2r
/net/chevy/raid1/nigel/amber/hi_lo
4amber_1d2r.pdb
4phenix_1d2r.pdb
cp 4phenix_1d2r.pdb /net/chevy/raid1/nigel/amber/hi_lo/d2/1d2r
1d2r.pdb
cp 1d2r.pdb /net/chevy/raid1/nigel/amber/hi_lo/d2/1d2r
4amber_1d2r.mtz
4phenix_1d2r.mtz
1d2r.mtz
cp 1d2r.mtz /net/chevy/raid1/nigel/amber/hi_lo/d2/1d2r
4amber_1d2r.rst7
cp 4amber_1d2r.rst7 /net/chevy/raid1/nigel/amber/hi_lo/d2/1d2r
4phenix_1d2r.rst7
1d2r.rst7
4amber_1d2r.prmtop
cp 4amber_1d2r.prmtop /net/chevy/raid1/nigel/amber/hi_lo/d2/1d2r
4phenix_1d2r.prmtop
1d2r.prmtop
4amber_1d2r_refine_001.log
4phenix_1d2r_refine_001.log
1d2r_refine_001.log
4amber_1d2r_refine_002.log
4phenix_1d2r_refine_002.log
1d2r_refine_002.log
4amber_1d2r_refine_001.pdb
4phenix_1d2r_refine_001.pdb
1d2r_refine_001.pdb
4amber_1d2r_refine_002.pdb
4phenix_1d2r_refine_002.pdb
1d2r_refine_002.pdb
local_archive /net/chevy/raid1/nigel/amber/hi_lo
archive PDB /net/chevy/raid1/nigel/amber/hi_lo/d2/1d2r/1d2r.pdb
/net/morse/raid1/scratch1/nigel/amber/hi_lo/d2/1d2r
------------------------------
phenix.refine log filename ? > /net/chevy/raid1/nigel/amber/hi_lo/d2/1d2r/1d2r_refine_001.log
------------------------------

	Already done (on chevy) 1d2r_refine_001
------------------------------
phenix.refine log filename ? > /net/chevy/raid1/nigel/amber/hi_lo/d2/1d2r/1d2r_refine_002.log
------------------------------

	Already done (on chevy) 1d2r_refine_002
