HOST lewis.lbl.gov
only_i 199
only_code None
force_amber_prep True
dry_run False
... 199 1bos
/net/chevy/raid1/nigel/amber/hi_lo
/net/chevy/raid1/nigel/amber/hi_lo/bo/1bos
1bos.pdb 4phenix_1bos.pdb
1bos.pdb 4phenix_1bos.pdb
local_archive None
archive PDB None
Reading from local mirror:
  /net/cci/pdb_mirror/pdb/bo/pdb1bos.ent.gz
Model saved to /net/lewis/raid1/scratch1/nigel/amber/hi_lo/bo/1bos/1bos.pdb
Traceback (most recent call last):
  File "/net/cci-filer2/raid1/xp/phenix/phenix-svn/build/../modules/cctbx_project/mmtbx/command_line/fetch_pdb.py", line 199, in <module>
    run2(sys.argv[1:])
  File "/net/cci-filer2/raid1/xp/phenix/phenix-svn/build/../modules/cctbx_project/mmtbx/command_line/fetch_pdb.py", line 155, in run2
    files.append(get_pdb(id, data_type_, mirror, log, format=data_format))
  File "/net/cci-filer2/raid1/xp/phenix/phenix-svn/modules/cctbx_project/iotbx/pdb/fetch.py", line 213, in get_pdb
    data = fetch(id, data_type, mirror=mirror, format=format, log=log)
  File "/net/cci-filer2/raid1/xp/phenix/phenix-svn/modules/cctbx_project/iotbx/pdb/fetch.py", line 150, in fetch
    data = libtbx.utils.urlopen(url)
  File "/net/cci-filer2/raid1/xp/phenix/phenix-svn/modules/cctbx_project/libtbx/utils.py", line 2069, in urlopen
    return urllib2.urlopen(*args, **kwds)
  File "/net/cci-filer2/raid1/xp/phenix/phenix-svn/base/lib/python2.7/urllib2.py", line 127, in urlopen
    return _opener.open(url, data, timeout)
  File "/net/cci-filer2/raid1/xp/phenix/phenix-svn/base/lib/python2.7/urllib2.py", line 404, in open
    response = self._open(req, data)
  File "/net/cci-filer2/raid1/xp/phenix/phenix-svn/base/lib/python2.7/urllib2.py", line 422, in _open
    '_open', req)
  File "/net/cci-filer2/raid1/xp/phenix/phenix-svn/base/lib/python2.7/urllib2.py", line 382, in _call_chain
    result = func(*args)
  File "/net/cci-filer2/raid1/xp/phenix/phenix-svn/base/lib/python2.7/urllib2.py", line 1214, in http_open
    return self.do_open(httplib.HTTPConnection, req)
  File "/net/cci-filer2/raid1/xp/phenix/phenix-svn/base/lib/python2.7/urllib2.py", line 1184, in do_open
    raise URLError(err)
urllib2.URLError: <urlopen error [Errno 110] Connection timed out>
local_archive None
archive PDB None
Reading from local mirror:
  /net/cci/pdb_mirror/pdb/bo/pdb1bos.ent.gz
Model saved to /net/lewis/raid1/scratch1/nigel/amber/hi_lo/bo/1bos/1bos.pdb
Traceback (most recent call last):
  File "/net/cci-filer2/raid1/xp/phenix/phenix-svn/build/../modules/cctbx_project/mmtbx/command_line/fetch_pdb.py", line 199, in <module>
    run2(sys.argv[1:])
  File "/net/cci-filer2/raid1/xp/phenix/phenix-svn/build/../modules/cctbx_project/mmtbx/command_line/fetch_pdb.py", line 155, in run2
    files.append(get_pdb(id, data_type_, mirror, log, format=data_format))
  File "/net/cci-filer2/raid1/xp/phenix/phenix-svn/modules/cctbx_project/iotbx/pdb/fetch.py", line 213, in get_pdb
    data = fetch(id, data_type, mirror=mirror, format=format, log=log)
  File "/net/cci-filer2/raid1/xp/phenix/phenix-svn/modules/cctbx_project/iotbx/pdb/fetch.py", line 150, in fetch
    data = libtbx.utils.urlopen(url)
  File "/net/cci-filer2/raid1/xp/phenix/phenix-svn/modules/cctbx_project/libtbx/utils.py", line 2069, in urlopen
    return urllib2.urlopen(*args, **kwds)
  File "/net/cci-filer2/raid1/xp/phenix/phenix-svn/base/lib/python2.7/urllib2.py", line 127, in urlopen
    return _opener.open(url, data, timeout)
  File "/net/cci-filer2/raid1/xp/phenix/phenix-svn/base/lib/python2.7/urllib2.py", line 404, in open
    response = self._open(req, data)
  File "/net/cci-filer2/raid1/xp/phenix/phenix-svn/base/lib/python2.7/urllib2.py", line 422, in _open
    '_open', req)
  File "/net/cci-filer2/raid1/xp/phenix/phenix-svn/base/lib/python2.7/urllib2.py", line 382, in _call_chain
    result = func(*args)
  File "/net/cci-filer2/raid1/xp/phenix/phenix-svn/base/lib/python2.7/urllib2.py", line 1214, in http_open
    return self.do_open(httplib.HTTPConnection, req)
  File "/net/cci-filer2/raid1/xp/phenix/phenix-svn/base/lib/python2.7/urllib2.py", line 1184, in do_open
    raise URLError(err)
urllib2.URLError: <urlopen error [Errno 110] Connection timed out>

==================================================
Summary of pdb4amber for: 1bos.pdb
===================================================

----------Chains
The following (original) chains have been found:
A
B
C
D
E
F
G
H
I
J
K
L
M
N
O
P
Q
R
S
T

---------- Alternate Locations (Original Residues!))

The following residues had alternate locations:
None

---------- Mising heavy atom(s)

None
not prmtop_filename /net/lewis/scratch1/nigel/amber/hi_lo/bo/1bos/4amber_1bos.prmtop

	Running AmberPrep : 1bos.pdb


==================================================
Running pdb4amber on 1bos.pdb
==================================================

==================================================
Setting up library files for non-standard residues
==================================================

==================================================
Running elbow/antechamber for BGC 
==================================================

MoleculeClass :  C: 6  O: 6 (CHEMICAL COMPONENTS format)
	24 atoms
	24 bonds
	42 angles
	66 dihedrals
	1 rings (groups, rings, atoms) 1 6
	5 chirals : R S S R R 

~> antechamber -i 4antechamber_BGC.pdb -fi pdb -o BGC.mol2 -fo mol2       -nc 0 -m 1 -s 2 -pf y -c bcc -at gaff2 -ek "qm_theory='AM1',grms_tol=0.0005,scfconv=1.d-10,maxcyc=0,ndiis_attempts=700,"


~> parmchk2 -s 2 -i BGC.mol2 -f mol2 -o BGC.frcmod


==================================================
Running elbow/antechamber for GLA 
==================================================

MoleculeClass :  C: 6  O: 6 (CHEMICAL COMPONENTS format)
	24 atoms
	24 bonds
	42 angles
	66 dihedrals
	1 rings (groups, rings, atoms) 1 6
	5 chirals : S R S R R 

~> antechamber -i 4antechamber_GLA.pdb -fi pdb -o GLA.mol2 -fo mol2       -nc 0 -m 1 -s 2 -pf y -c bcc -at gaff2 -ek "qm_theory='AM1',grms_tol=0.0005,scfconv=1.d-10,maxcyc=0,ndiis_attempts=700,"


~> parmchk2 -s 2 -i GLA.mol2 -f mol2 -o GLA.frcmod


==================================================
Running elbow/antechamber for GAL 
==================================================

==================================================
Summary of pdb4amber for: 1bos_4tleap_uc1.pdb
===================================================

----------Chains
The following (original) chains have been found:
A
B
C
D
E
F
G
H
I
J
K
L
M
N
O
P
Q
R
S
T

---------- Alternate Locations (Original Residues!))

The following residues had alternate locations:
None

---------- Mising heavy atom(s)

None

MoleculeClass :  C: 6  O: 6 (CHEMICAL COMPONENTS format)
	24 atoms
	24 bonds
	42 angles
	66 dihedrals
	1 rings (groups, rings, atoms) 1 6
	5 chirals : R R S R R 

~> antechamber -i 4antechamber_GAL.pdb -fi pdb -o GAL.mol2 -fo mol2       -nc 0 -m 1 -s 2 -pf y -c bcc -at gaff2 -ek "qm_theory='AM1',grms_tol=0.0005,scfconv=1.d-10,maxcyc=0,ndiis_attempts=700,"


~> parmchk2 -s 2 -i GAL.mol2 -f mol2 -o GAL.frcmod


==================================================
Preparing asu files and 4phenix_1bos.pdb
==================================================

~> tleap -f 1bos_asu_tleap_input_run

Checking output filenames
  file : 1bos_asu.prmtop
  file : 1bos_asu.rst7

~> ChBox -c 1bos_asu.rst7 -o 1bos_asu.rst7 -X 127.5 -Y 97.7 -Z 164.2 -al 90.0 -bt 90.0 -gm 90.0 


============================================================
Preparing unit cell files: 4amber_1bos.prmtop and 4amber_1bos.rst7
============================================================

~> UnitCell -p 1bos_4UnitCell.pdb -o 1bos_4tleap_uc1.pdb


~> tleap -f 1bos_uc_tleap_input_run

Checking output filenames
  file : 1bos_uc.prmtop
  file : 1bos_uc.rst7

~> ChBox -c 1bos_uc.rst7 -o 1bos_uc.rst7 -X 127.5 -Y 97.7 -Z 164.2 -al 90.0 -bt 90.0 -gm 90.0 


==================================================
Minimizing input coordinates.
==================================================

~> sander -O -i 1bos_amber_all.in -p 4amber_1bos.prmtop -c 4amber_1bos.rst7 -o 1bos.min.out            -ref 4amber_1bos.rst7 -r 4amber_1bos.min.rst7

checking special positions in 4phenix_1bos.pdb

==================================================
Done.  Three new files have been made:
      4phenix_1bos.pdb
      4amber_1bos.prmtop
      4amber_1bos.rst7
==================================================

Example

  phenix.refine 4phenix_1bos.pdb use_amber=True \
    amber.topology_file_name=4amber_1bos.prmtop \
    amber.coordinate_file_name=4amber_1bos.rst7 \
    ....(other refinement keywords here).....



Substituting Amber PDB file for downloaded file
run_tests_local.py:222: UserWarning: os.system() is not safe: please use the subprocess module or libtbx.easy_run instead.
  os.system(cmd)

  Amber files
    PDB    : 1bos.pdb
    MTZ    : 1bos.mtz
    prmtop : 4amber_1bos.prmtop
    rst7   : 4amber_1bos.rst7
  
/net/lewis/raid1/scratch1/nigel/amber/hi_lo/bo/1bos
return_files 1bos
/net/chevy/raid1/nigel/amber/hi_lo
4amber_1bos.pdb
4phenix_1bos.pdb
cp 4phenix_1bos.pdb /net/chevy/raid1/nigel/amber/hi_lo/bo/1bos
1bos.pdb
cp 1bos.pdb /net/chevy/raid1/nigel/amber/hi_lo/bo/1bos
4amber_1bos.mtz
4phenix_1bos.mtz
1bos.mtz
cp 1bos.mtz /net/chevy/raid1/nigel/amber/hi_lo/bo/1bos
4amber_1bos.rst7
cp 4amber_1bos.rst7 /net/chevy/raid1/nigel/amber/hi_lo/bo/1bos
4phenix_1bos.rst7
1bos.rst7
4amber_1bos.prmtop
cp 4amber_1bos.prmtop /net/chevy/raid1/nigel/amber/hi_lo/bo/1bos
4phenix_1bos.prmtop
1bos.prmtop
4amber_1bos_refine_001.log
4phenix_1bos_refine_001.log
1bos_refine_001.log
4amber_1bos_refine_002.log
4phenix_1bos_refine_002.log
1bos_refine_002.log
4amber_1bos_refine_001.pdb
4phenix_1bos_refine_001.pdb
1bos_refine_001.pdb
4amber_1bos_refine_002.pdb
4phenix_1bos_refine_002.pdb
1bos_refine_002.pdb
local_archive /net/chevy/raid1/nigel/amber/hi_lo
archive PDB /net/chevy/raid1/nigel/amber/hi_lo/bo/1bos/1bos.pdb
/net/lewis/raid1/scratch1/nigel/amber/hi_lo/bo/1bos
------------------------------
phenix.refine log filename ? > /net/chevy/raid1/nigel/amber/hi_lo/bo/1bos/1bos_refine_001.log
------------------------------

	Already done (on chevy) 1bos_refine_001
------------------------------
phenix.refine log filename ? > /net/chevy/raid1/nigel/amber/hi_lo/bo/1bos/1bos_refine_002.log
------------------------------

	Already done (on chevy) 1bos_refine_002
