HOST lewis.lbl.gov
only_i 19
only_code None
force_amber_prep True
dry_run False
... 19 1kv3
/net/chevy/raid1/nigel/amber/hi_lo
/net/chevy/raid1/nigel/amber/hi_lo/kv/1kv3
1kv3.pdb 4phenix_1kv3.pdb
1kv3.pdb 4phenix_1kv3.pdb
local_archive None
archive PDB None
Reading from local mirror:
  /net/cci/pdb_mirror/pdb/kv/pdb1kv3.ent.gz
Model saved to /net/lewis/raid1/scratch1/nigel/amber/hi_lo/kv/1kv3/1kv3.pdb
Traceback (most recent call last):
  File "/net/cci-filer2/raid1/xp/phenix/phenix-svn/build/../modules/cctbx_project/mmtbx/command_line/fetch_pdb.py", line 199, in <module>
    run2(sys.argv[1:])
  File "/net/cci-filer2/raid1/xp/phenix/phenix-svn/build/../modules/cctbx_project/mmtbx/command_line/fetch_pdb.py", line 155, in run2
    files.append(get_pdb(id, data_type_, mirror, log, format=data_format))
  File "/net/cci-filer2/raid1/xp/phenix/phenix-svn/modules/cctbx_project/iotbx/pdb/fetch.py", line 213, in get_pdb
    data = fetch(id, data_type, mirror=mirror, format=format, log=log)
  File "/net/cci-filer2/raid1/xp/phenix/phenix-svn/modules/cctbx_project/iotbx/pdb/fetch.py", line 150, in fetch
    data = libtbx.utils.urlopen(url)
  File "/net/cci-filer2/raid1/xp/phenix/phenix-svn/modules/cctbx_project/libtbx/utils.py", line 2069, in urlopen
    return urllib2.urlopen(*args, **kwds)
  File "/net/cci-filer2/raid1/xp/phenix/phenix-svn/base/lib/python2.7/urllib2.py", line 127, in urlopen
    return _opener.open(url, data, timeout)
  File "/net/cci-filer2/raid1/xp/phenix/phenix-svn/base/lib/python2.7/urllib2.py", line 404, in open
    response = self._open(req, data)
  File "/net/cci-filer2/raid1/xp/phenix/phenix-svn/base/lib/python2.7/urllib2.py", line 422, in _open
    '_open', req)
  File "/net/cci-filer2/raid1/xp/phenix/phenix-svn/base/lib/python2.7/urllib2.py", line 382, in _call_chain
    result = func(*args)
  File "/net/cci-filer2/raid1/xp/phenix/phenix-svn/base/lib/python2.7/urllib2.py", line 1214, in http_open
    return self.do_open(httplib.HTTPConnection, req)
  File "/net/cci-filer2/raid1/xp/phenix/phenix-svn/base/lib/python2.7/urllib2.py", line 1184, in do_open
    raise URLError(err)
urllib2.URLError: <urlopen error [Errno 110] Connection timed out>
local_archive None
archive PDB None
Reading from local mirror:
  /net/cci/pdb_mirror/pdb/kv/pdb1kv3.ent.gz
Model saved to /net/lewis/raid1/scratch1/nigel/amber/hi_lo/kv/1kv3/1kv3.pdb
Traceback (most recent call last):
  File "/net/cci-filer2/raid1/xp/phenix/phenix-svn/build/../modules/cctbx_project/mmtbx/command_line/fetch_pdb.py", line 199, in <module>
    run2(sys.argv[1:])
  File "/net/cci-filer2/raid1/xp/phenix/phenix-svn/build/../modules/cctbx_project/mmtbx/command_line/fetch_pdb.py", line 155, in run2
    files.append(get_pdb(id, data_type_, mirror, log, format=data_format))
  File "/net/cci-filer2/raid1/xp/phenix/phenix-svn/modules/cctbx_project/iotbx/pdb/fetch.py", line 213, in get_pdb
    data = fetch(id, data_type, mirror=mirror, format=format, log=log)
  File "/net/cci-filer2/raid1/xp/phenix/phenix-svn/modules/cctbx_project/iotbx/pdb/fetch.py", line 150, in fetch
    data = libtbx.utils.urlopen(url)
  File "/net/cci-filer2/raid1/xp/phenix/phenix-svn/modules/cctbx_project/libtbx/utils.py", line 2069, in urlopen
    return urllib2.urlopen(*args, **kwds)
  File "/net/cci-filer2/raid1/xp/phenix/phenix-svn/base/lib/python2.7/urllib2.py", line 127, in urlopen
    return _opener.open(url, data, timeout)
  File "/net/cci-filer2/raid1/xp/phenix/phenix-svn/base/lib/python2.7/urllib2.py", line 404, in open
    response = self._open(req, data)
  File "/net/cci-filer2/raid1/xp/phenix/phenix-svn/base/lib/python2.7/urllib2.py", line 422, in _open
    '_open', req)
  File "/net/cci-filer2/raid1/xp/phenix/phenix-svn/base/lib/python2.7/urllib2.py", line 382, in _call_chain
    result = func(*args)
  File "/net/cci-filer2/raid1/xp/phenix/phenix-svn/base/lib/python2.7/urllib2.py", line 1214, in http_open
    return self.do_open(httplib.HTTPConnection, req)
  File "/net/cci-filer2/raid1/xp/phenix/phenix-svn/base/lib/python2.7/urllib2.py", line 1184, in do_open
    raise URLError(err)
urllib2.URLError: <urlopen error [Errno 110] Connection timed out>

==================================================
Summary of pdb4amber for: 1kv3.pdb
===================================================

----------Chains
The following (original) chains have been found:
A
B
C
D
E
F

---------- Alternate Locations (Original Residues!))

The following residues had alternate locations:
None

---------- Gaps (Renumbered Residues!)
gap of 15.122146 A between LEU 29 and SER 30
gap of 19.515814 A between SER 96 and GLY 97
gap of 15.121142 A between LEU 680 and SER 681
gap of 19.529007 A between SER 747 and GLY 748
gap of 15.084878 A between LEU 1331 and SER 1332
gap of 19.521664 A between SER 1398 and GLY 1399
gap of 15.104437 A between LEU 1982 and SER 1983
gap of 19.514112 A between SER 2049 and GLY 2050
gap of 15.126122 A between LEU 2633 and SER 2634
gap of 19.482819 A between SER 2700 and GLY 2701
gap of 15.139912 A between LEU 3284 and SER 3285
gap of 19.489167 A between SER 3351 and GLY 3352

---------- Mising heavy atom(s)

None
not prmtop_filename /net/lewis/scratch1/nigel/amber/hi_lo/kv/1kv3/4amber_1kv3.prmtop

	Running AmberPrep : 1kv3.pdb


==================================================
Running pdb4amber on 1kv3.pdb
==================================================

==================================================
Setting up library files for non-standard residues
==================================================

==================================================
Running elbow/antechamber for GDP 
==================================================

==================================================
Summary of pdb4amber for: 1kv3_4tleap_uc1.pdb
===================================================

----------Chains
The following (original) chains have been found:
A
B
C
D
E
F

---------- Alternate Locations (Original Residues!))

The following residues had alternate locations:
None

---------- Gaps (Renumbered Residues!)
gap of 15.122146 A between LEU 29 and SER 30
gap of 19.515814 A between SER 96 and GLY 97
gap of 15.121142 A between LEU 680 and SER 681
gap of 19.529007 A between SER 747 and GLY 748
gap of 15.084878 A between LEU 1331 and SER 1332
gap of 19.521664 A between SER 1398 and GLY 1399
gap of 15.104437 A between LEU 1982 and SER 1983
gap of 19.514112 A between SER 2049 and GLY 2050
gap of 15.126122 A between LEU 2633 and SER 2634
gap of 19.482819 A between SER 2700 and GLY 2701
gap of 15.139912 A between LEU 3284 and SER 3285
gap of 19.489167 A between SER 3351 and GLY 3352
gap of 15.122146 A between LEU 4369 and SER 4370
gap of 19.515814 A between SER 4436 and GLY 4437
gap of 15.121142 A between LEU 5020 and SER 5021
gap of 19.529007 A between SER 5087 and GLY 5088
gap of 15.084878 A between LEU 5671 and SER 5672
gap of 19.521664 A between SER 5738 and GLY 5739
gap of 15.104437 A between LEU 6322 and SER 6323
gap of 19.514112 A between SER 6389 and GLY 6390
gap of 15.126288 A between LEU 6973 and SER 6974
gap of 19.482819 A between SER 7040 and GLY 7041
gap of 15.139912 A between LEU 7624 and SER 7625
gap of 19.489167 A between SER 7691 and GLY 7692
gap of 15.121263 A between LEU 8709 and SER 8710
gap of 19.516384 A between SER 8776 and GLY 8777
gap of 15.120248 A between LEU 9360 and SER 9361
gap of 19.529007 A between SER 9427 and GLY 9428
gap of 15.084878 A between LEU 10011 and SER 10012
gap of 19.522247 A between SER 10078 and GLY 10079
gap of 15.103563 A between LEU 10662 and SER 10663
gap of 19.514112 A between SER 10729 and GLY 10730
gap of 15.126122 A between LEU 11313 and SER 11314
gap of 19.482240 A between SER 11380 and GLY 11381
gap of 15.139030 A between LEU 11964 and SER 11965
gap of 19.489167 A between SER 12031 and GLY 12032
gap of 15.122146 A between LEU 13049 and SER 13050
gap of 19.515814 A between SER 13116 and GLY 13117
gap of 15.120248 A between LEU 13700 and SER 13701
gap of 19.529007 A between SER 13767 and GLY 13768
gap of 15.085337 A between LEU 14351 and SER 14352
gap of 19.522247 A between SER 14418 and GLY 14419
gap of 15.104437 A between LEU 15002 and SER 15003
gap of 19.514677 A between SER 15069 and GLY 15070
gap of 15.126122 A between LEU 15653 and SER 15654
gap of 19.482240 A between SER 15720 and GLY 15721
gap of 15.139030 A between LEU 16304 and SER 16305
gap of 19.489056 A between SER 16371 and GLY 16372

---------- Mising heavy atom(s)

None

MoleculeClass :  C:10  N: 5  O:11  P: 2 (CHEMICAL COMPONENTS format)
	40 atoms
	42 bonds
	73 angles
	102 dihedrals
	2 rings (groups, rings, atoms) 3 16
	4 chirals : R S R R 

~> antechamber -i 4antechamber_GDP.pdb -fi pdb -o GDP.mol2 -fo mol2       -nc -3 -m 1 -s 2 -pf y -c bcc -at gaff2 -ek "qm_theory='AM1',grms_tol=0.0005,scfconv=1.d-10,maxcyc=0,ndiis_attempts=700,"


~> parmchk2 -s 2 -i GDP.mol2 -f mol2 -o GDP.frcmod


==================================================
Preparing asu files and 4phenix_1kv3.pdb
==================================================

~> tleap -f 1kv3_asu_tleap_input_run

Checking output filenames
  file : 1kv3_asu.prmtop
  file : 1kv3_asu.rst7

~> ChBox -c 1kv3_asu.rst7 -o 1kv3_asu.rst7 -X 132.479 -Y 168.797 -Z 238.568 -al 90.0 -bt 90.0 -gm 90.0 


============================================================
Preparing unit cell files: 4amber_1kv3.prmtop and 4amber_1kv3.rst7
============================================================

~> UnitCell -p 1kv3_4UnitCell.pdb -o 1kv3_4tleap_uc1.pdb


~> tleap -f 1kv3_uc_tleap_input_run

Checking output filenames
  file : 1kv3_uc.prmtop
  file : 1kv3_uc.rst7

~> ChBox -c 1kv3_uc.rst7 -o 1kv3_uc.rst7 -X 132.479 -Y 168.797 -Z 238.568 -al 90.0 -bt 90.0 -gm 90.0 


==================================================
Minimizing input coordinates.
==================================================

~> sander -O -i 1kv3_amber_all.in -p 4amber_1kv3.prmtop -c 4amber_1kv3.rst7 -o 1kv3.min.out            -ref 4amber_1kv3.rst7 -r 4amber_1kv3.min.rst7

checking special positions in 4phenix_1kv3.pdb

==================================================
Done.  Three new files have been made:
      4phenix_1kv3.pdb
      4amber_1kv3.prmtop
      4amber_1kv3.rst7
==================================================

Example

  phenix.refine 4phenix_1kv3.pdb use_amber=True \
    amber.topology_file_name=4amber_1kv3.prmtop \
    amber.coordinate_file_name=4amber_1kv3.rst7 \
    ....(other refinement keywords here).....



Substituting Amber PDB file for downloaded file
run_tests_local.py:222: UserWarning: os.system() is not safe: please use the subprocess module or libtbx.easy_run instead.
  os.system(cmd)

  Amber files
    PDB    : 1kv3.pdb
    MTZ    : 1kv3.mtz
    prmtop : 4amber_1kv3.prmtop
    rst7   : 4amber_1kv3.rst7
  
/net/lewis/raid1/scratch1/nigel/amber/hi_lo/kv/1kv3
return_files 1kv3
/net/chevy/raid1/nigel/amber/hi_lo
4amber_1kv3.pdb
4phenix_1kv3.pdb
cp 4phenix_1kv3.pdb /net/chevy/raid1/nigel/amber/hi_lo/kv/1kv3
1kv3.pdb
cp 1kv3.pdb /net/chevy/raid1/nigel/amber/hi_lo/kv/1kv3
4amber_1kv3.mtz
4phenix_1kv3.mtz
1kv3.mtz
cp 1kv3.mtz /net/chevy/raid1/nigel/amber/hi_lo/kv/1kv3
4amber_1kv3.rst7
cp 4amber_1kv3.rst7 /net/chevy/raid1/nigel/amber/hi_lo/kv/1kv3
4phenix_1kv3.rst7
1kv3.rst7
4amber_1kv3.prmtop
cp 4amber_1kv3.prmtop /net/chevy/raid1/nigel/amber/hi_lo/kv/1kv3
4phenix_1kv3.prmtop
1kv3.prmtop
4amber_1kv3_refine_001.log
4phenix_1kv3_refine_001.log
1kv3_refine_001.log
4amber_1kv3_refine_002.log
4phenix_1kv3_refine_002.log
1kv3_refine_002.log
4amber_1kv3_refine_001.pdb
4phenix_1kv3_refine_001.pdb
1kv3_refine_001.pdb
4amber_1kv3_refine_002.pdb
4phenix_1kv3_refine_002.pdb
1kv3_refine_002.pdb
local_archive /net/chevy/raid1/nigel/amber/hi_lo
archive PDB /net/chevy/raid1/nigel/amber/hi_lo/kv/1kv3/1kv3.pdb
/net/lewis/raid1/scratch1/nigel/amber/hi_lo/kv/1kv3
------------------------------
phenix.refine log filename ? > /net/chevy/raid1/nigel/amber/hi_lo/kv/1kv3/1kv3_refine_001.log
------------------------------

	Already done (on chevy) 1kv3_refine_001
------------------------------
phenix.refine log filename ? > /net/chevy/raid1/nigel/amber/hi_lo/kv/1kv3/1kv3_refine_002.log
------------------------------

	Already done (on chevy) 1kv3_refine_002
