HOST morse.lbl.gov
only_i 261
only_code None
force_amber_prep True
dry_run False
... 261 1fcc
/net/chevy/raid1/nigel/amber/hi_lo
/net/chevy/raid1/nigel/amber/hi_lo/fc/1fcc
1fcc.pdb 4phenix_1fcc.pdb
1fcc.pdb 4phenix_1fcc.pdb
local_archive None
archive PDB None
Reading from local mirror:
  /net/cci/pdb_mirror/pdb/fc/pdb1fcc.ent.gz
Model saved to /net/morse/raid1/scratch1/nigel/amber/hi_lo/fc/1fcc/1fcc.pdb
Sequence saved to /net/morse/raid1/scratch1/nigel/amber/hi_lo/fc/1fcc/1fcc.fa
Reading from local mirror:
  /net/cci/pdb_mirror/structure_factors/fc/r1fccsf.ent.gz
Structure factors saved to /net/morse/raid1/scratch1/nigel/amber/hi_lo/fc/1fcc/1fcc-sf.cif
Reading from local mirror:
  /net/cci/pdb_mirror/mmcif/fc/1fcc.cif.gz
Model saved to /net/morse/raid1/scratch1/nigel/amber/hi_lo/fc/1fcc/1fcc.cif
Can't determine output label for r1fccsf,_refln.crystal_id - skipping.
Can't determine output label for r1fccsf,_refln.scale_group_code - skipping.
Can't determine output label for r1fccsf,_refln.wavelength_id - skipping.
Converted structure factors saved to 1fcc.mtz
local_archive None
archive PDB None
Reading from local mirror:
  /net/cci/pdb_mirror/pdb/fc/pdb1fcc.ent.gz
Model saved to /net/morse/raid1/scratch1/nigel/amber/hi_lo/fc/1fcc/1fcc.pdb
Sequence saved to /net/morse/raid1/scratch1/nigel/amber/hi_lo/fc/1fcc/1fcc.fa
Reading from local mirror:
  /net/cci/pdb_mirror/structure_factors/fc/r1fccsf.ent.gz
Structure factors saved to /net/morse/raid1/scratch1/nigel/amber/hi_lo/fc/1fcc/1fcc-sf.cif
Reading from local mirror:
  /net/cci/pdb_mirror/mmcif/fc/1fcc.cif.gz
Model saved to /net/morse/raid1/scratch1/nigel/amber/hi_lo/fc/1fcc/1fcc.cif
Can't determine output label for r1fccsf,_refln.crystal_id - skipping.
Can't determine output label for r1fccsf,_refln.scale_group_code - skipping.
Can't determine output label for r1fccsf,_refln.wavelength_id - skipping.
Converted structure factors saved to 1fcc.mtz

==================================================
Summary of pdb4amber for: 1fcc.pdb
===================================================
REDUCE returned non-zero exit status: See reduce_info.log for more details

----------Chains
The following (original) chains have been found:
A
B
C
D

---------- Alternate Locations (Original Residues!))

The following residues had alternate locations:
None

---------- Mising heavy atom(s)

None

==================================================
Summary of pdb4amber for: 1fcc_4tleap_uc1.pdb
===================================================

----------Chains
The following (original) chains have been found:
A
B
C
D

---------- Alternate Locations (Original Residues!))

The following residues had alternate locations:
None

---------- Mising heavy atom(s)

None
not prmtop_filename /net/morse/scratch1/nigel/amber/hi_lo/fc/1fcc/4amber_1fcc.prmtop

	Running AmberPrep : 1fcc.pdb


==================================================
Running pdb4amber on 1fcc.pdb
==================================================

==================================================
Setting up library files for non-standard residues
==================================================

==================================================
Preparing asu files and 4phenix_1fcc.pdb
==================================================

~> tleap -f 1fcc_asu_tleap_input_run

Checking output filenames
  file : 1fcc_asu.prmtop
  file : 1fcc_asu.rst7

~> ChBox -c 1fcc_asu.rst7 -o 1fcc_asu.rst7 -X 110.6 -Y 110.6 -Z 160.3 -al 90.0 -bt 90.0 -gm 90.0 


============================================================
Preparing unit cell files: 4amber_1fcc.prmtop and 4amber_1fcc.rst7
============================================================

~> UnitCell -p 1fcc_4UnitCell.pdb -o 1fcc_4tleap_uc1.pdb


~> tleap -f 1fcc_uc_tleap_input_run

Checking output filenames
  file : 1fcc_uc.prmtop
  file : 1fcc_uc.rst7

~> ChBox -c 1fcc_uc.rst7 -o 1fcc_uc.rst7 -X 110.6 -Y 110.6 -Z 160.3 -al 90.0 -bt 90.0 -gm 90.0 


==================================================
Minimizing input coordinates.
==================================================

~> sander -O -i 1fcc_amber_all.in -p 4amber_1fcc.prmtop -c 4amber_1fcc.rst7 -o 1fcc.min.out            -ref 4amber_1fcc.rst7 -r 4amber_1fcc.min.rst7

checking special positions in 4phenix_1fcc.pdb

==================================================
Done.  Three new files have been made:
      4phenix_1fcc.pdb
      4amber_1fcc.prmtop
      4amber_1fcc.rst7
==================================================

Example

  phenix.refine 4phenix_1fcc.pdb use_amber=True \
    amber.topology_file_name=4amber_1fcc.prmtop \
    amber.coordinate_file_name=4amber_1fcc.rst7 \
    ....(other refinement keywords here).....



Substituting Amber PDB file for downloaded file
run_tests_local.py:222: UserWarning: os.system() is not safe: please use the subprocess module or libtbx.easy_run instead.
  os.system(cmd)

  Amber files
    PDB    : 1fcc.pdb
    MTZ    : 1fcc.mtz
    prmtop : 4amber_1fcc.prmtop
    rst7   : 4amber_1fcc.rst7
  
/net/morse/raid1/scratch1/nigel/amber/hi_lo/fc/1fcc
return_files 1fcc
/net/chevy/raid1/nigel/amber/hi_lo
4amber_1fcc.pdb
4phenix_1fcc.pdb
cp 4phenix_1fcc.pdb /net/chevy/raid1/nigel/amber/hi_lo/fc/1fcc
1fcc.pdb
cp 1fcc.pdb /net/chevy/raid1/nigel/amber/hi_lo/fc/1fcc
4amber_1fcc.mtz
4phenix_1fcc.mtz
1fcc.mtz
cp 1fcc.mtz /net/chevy/raid1/nigel/amber/hi_lo/fc/1fcc
4amber_1fcc.rst7
cp 4amber_1fcc.rst7 /net/chevy/raid1/nigel/amber/hi_lo/fc/1fcc
4phenix_1fcc.rst7
1fcc.rst7
4amber_1fcc.prmtop
cp 4amber_1fcc.prmtop /net/chevy/raid1/nigel/amber/hi_lo/fc/1fcc
4phenix_1fcc.prmtop
1fcc.prmtop
4amber_1fcc_refine_001.log
4phenix_1fcc_refine_001.log
1fcc_refine_001.log
4amber_1fcc_refine_002.log
4phenix_1fcc_refine_002.log
1fcc_refine_002.log
4amber_1fcc_refine_001.pdb
4phenix_1fcc_refine_001.pdb
1fcc_refine_001.pdb
4amber_1fcc_refine_002.pdb
4phenix_1fcc_refine_002.pdb
1fcc_refine_002.pdb
local_archive /net/chevy/raid1/nigel/amber/hi_lo
archive PDB /net/chevy/raid1/nigel/amber/hi_lo/fc/1fcc/1fcc.pdb
/net/morse/raid1/scratch1/nigel/amber/hi_lo/fc/1fcc
------------------------------
phenix.refine log filename ? > /net/chevy/raid1/nigel/amber/hi_lo/fc/1fcc/1fcc_refine_001.log
------------------------------

	Already done (on chevy) 1fcc_refine_001
------------------------------
phenix.refine log filename ? > /net/chevy/raid1/nigel/amber/hi_lo/fc/1fcc/1fcc_refine_002.log
------------------------------

	Already done (on chevy) 1fcc_refine_002
