HOST morse.lbl.gov
only_i 126
only_code None
force_amber_prep True
dry_run False
... 126 2bky
/net/chevy/raid1/nigel/amber/hi_lo
/net/chevy/raid1/nigel/amber/hi_lo/bk/2bky
2bky.pdb 4phenix_2bky.pdb
2bky.pdb 4phenix_2bky.pdb
local_archive None
archive PDB None
Reading from local mirror:
  /net/cci/pdb_mirror/pdb/bk/pdb2bky.ent.gz
Model saved to /net/morse/raid1/scratch1/nigel/amber/hi_lo/bk/2bky/2bky.pdb
Sequence saved to /net/morse/raid1/scratch1/nigel/amber/hi_lo/bk/2bky/2bky.fa
Reading from local mirror:
  /net/cci/pdb_mirror/structure_factors/bk/r2bkysf.ent.gz
Structure factors saved to /net/morse/raid1/scratch1/nigel/amber/hi_lo/bk/2bky/2bky-sf.cif
Reading from local mirror:
  /net/cci/pdb_mirror/mmcif/bk/2bky.cif.gz
Model saved to /net/morse/raid1/scratch1/nigel/amber/hi_lo/bk/2bky/2bky.cif
Can't determine output label for r2bkysf,_refln.crystal_id - skipping.
Can't determine output label for r2bkysf,_refln.scale_group_code - skipping.
Can't determine output label for r2bkysf,_refln.wavelength_id - skipping.
Converted structure factors saved to 2bky.mtz
local_archive None
archive PDB None
Reading from local mirror:
  /net/cci/pdb_mirror/pdb/bk/pdb2bky.ent.gz
Model saved to /net/morse/raid1/scratch1/nigel/amber/hi_lo/bk/2bky/2bky.pdb
Sequence saved to /net/morse/raid1/scratch1/nigel/amber/hi_lo/bk/2bky/2bky.fa
Reading from local mirror:
  /net/cci/pdb_mirror/structure_factors/bk/r2bkysf.ent.gz
Structure factors saved to /net/morse/raid1/scratch1/nigel/amber/hi_lo/bk/2bky/2bky-sf.cif
Reading from local mirror:
  /net/cci/pdb_mirror/mmcif/bk/2bky.cif.gz
Model saved to /net/morse/raid1/scratch1/nigel/amber/hi_lo/bk/2bky/2bky.cif
Can't determine output label for r2bkysf,_refln.crystal_id - skipping.
Can't determine output label for r2bkysf,_refln.scale_group_code - skipping.
Can't determine output label for r2bkysf,_refln.wavelength_id - skipping.
Converted structure factors saved to 2bky.mtz

==================================================
Summary of pdb4amber for: 2bky.pdb
===================================================

----------Chains
The following (original) chains have been found:
A
B
X
Y

---------- Alternate Locations (Original Residues!))

The following residues had alternate locations:
ARG_36
ALA_37
ILE_57
GLU_58
SER_71
GLN_72
ARG_78
VAL_79
LYS_89
SER_116
GLU_117
LYS_121
ALA_122
ASP_144
LYS_145
LYS_178
LYS_179
LEU_180
ASP_207
GLU_208
VAL_209
ILE_210
SER_227
LEU_228
ASP_230
ARG_231
ARG_252
ILE_253
SER_254
ARG_272
LYS_273
ASP_293
GLU_294
ARG_337
ARG_338
ARG_348
VAL_349

---------- Gaps (Renumbered Residues!)
gap of 2.480394 A between ARG 36 and ARG 36
gap of 2.422516 A between ILE 57 and ILE 57
gap of 2.421266 A between SER 71 and SER 71
gap of 2.404413 A between ARG 78 and ARG 78
gap of 2.477884 A between SER 116 and SER 116
gap of 2.444771 A between LYS 121 and LYS 121
gap of 2.503970 A between ASP 144 and ASP 144
gap of 2.475652 A between LYS 179 and LYS 179
gap of 2.496699 A between ASP 207 and ASP 207
gap of 2.375232 A between VAL 209 and VAL 209
gap of 2.435191 A between SER 227 and SER 227
gap of 2.526833 A between ASP 230 and ASP 230
gap of 2.524121 A between ARG 252 and ARG 252
gap of 2.529716 A between ILE 253 and ILE 253
gap of 2.642252 A between ARG 272 and ARG 272
gap of 2.467543 A between ASP 293 and ASP 293
gap of 2.426236 A between ARG 337 and ARG 337
gap of 2.441231 A between ARG 348 and ARG 348

---------- Mising heavy atom(s)

None
The alternate coordinates have been discarded.
Only the first occurrence for each atom was kept.

==================================================
Summary of pdb4amber for: 2bky_4tleap_uc1.pdb
===================================================

----------Chains
The following (original) chains have been found:
A
B
X
Y

---------- Alternate Locations (Original Residues!))

The following residues had alternate locations:
None

---------- Mising heavy atom(s)

None
not prmtop_filename /net/morse/scratch1/nigel/amber/hi_lo/bk/2bky/4amber_2bky.prmtop

	Running AmberPrep : 2bky.pdb


==================================================
Running pdb4amber on 2bky.pdb
==================================================

==================================================
Setting up library files for non-standard residues
==================================================

  Residue "MPD" already in amber monomer library. Skipping elbow/antechamber
    run for this residue.
        

==================================================
Preparing asu files and 4phenix_2bky.pdb
==================================================

~> tleap -f 2bky_asu_tleap_input_run

Checking output filenames
  file : 2bky_asu.prmtop
  file : 2bky_asu.rst7

~> ChBox -c 2bky_asu.rst7 -o 2bky_asu.rst7 -X 102.788 -Y 102.788 -Z 66.566 -al 90.0 -bt 90.0 -gm 120.0 


============================================================
Preparing unit cell files: 4amber_2bky.prmtop and 4amber_2bky.rst7
============================================================

~> UnitCell -p 2bky_4UnitCell.pdb -o 2bky_4tleap_uc1.pdb


~> tleap -f 2bky_uc_tleap_input_run

Checking output filenames
  file : 2bky_uc.prmtop
  file : 2bky_uc.rst7

~> ChBox -c 2bky_uc.rst7 -o 2bky_uc.rst7 -X 102.788 -Y 102.788 -Z 66.566 -al 90.0 -bt 90.0 -gm 120.0 


==================================================
Minimizing input coordinates.
==================================================

~> sander -O -i 2bky_amber_all.in -p 4amber_2bky.prmtop -c 4amber_2bky.rst7 -o 2bky.min.out            -ref 4amber_2bky.rst7 -r 4amber_2bky.min.rst7

checking special positions in 4phenix_2bky.pdb

==================================================
Done.  Three new files have been made:
      4phenix_2bky.pdb
      4amber_2bky.prmtop
      4amber_2bky.rst7
==================================================

Example

  phenix.refine 4phenix_2bky.pdb use_amber=True \
    amber.topology_file_name=4amber_2bky.prmtop \
    amber.coordinate_file_name=4amber_2bky.rst7 \
    ....(other refinement keywords here).....



Substituting Amber PDB file for downloaded file
run_tests_local.py:222: UserWarning: os.system() is not safe: please use the subprocess module or libtbx.easy_run instead.
  os.system(cmd)

  Amber files
    PDB    : 2bky.pdb
    MTZ    : 2bky.mtz
    prmtop : 4amber_2bky.prmtop
    rst7   : 4amber_2bky.rst7
  
/net/morse/raid1/scratch1/nigel/amber/hi_lo/bk/2bky
return_files 2bky
/net/chevy/raid1/nigel/amber/hi_lo
4amber_2bky.pdb
4phenix_2bky.pdb
cp 4phenix_2bky.pdb /net/chevy/raid1/nigel/amber/hi_lo/bk/2bky
2bky.pdb
cp 2bky.pdb /net/chevy/raid1/nigel/amber/hi_lo/bk/2bky
4amber_2bky.mtz
4phenix_2bky.mtz
2bky.mtz
cp 2bky.mtz /net/chevy/raid1/nigel/amber/hi_lo/bk/2bky
4amber_2bky.rst7
cp 4amber_2bky.rst7 /net/chevy/raid1/nigel/amber/hi_lo/bk/2bky
4phenix_2bky.rst7
2bky.rst7
4amber_2bky.prmtop
cp 4amber_2bky.prmtop /net/chevy/raid1/nigel/amber/hi_lo/bk/2bky
4phenix_2bky.prmtop
2bky.prmtop
4amber_2bky_refine_001.log
4phenix_2bky_refine_001.log
2bky_refine_001.log
4amber_2bky_refine_002.log
4phenix_2bky_refine_002.log
2bky_refine_002.log
4amber_2bky_refine_001.pdb
4phenix_2bky_refine_001.pdb
2bky_refine_001.pdb
4amber_2bky_refine_002.pdb
4phenix_2bky_refine_002.pdb
2bky_refine_002.pdb
local_archive /net/chevy/raid1/nigel/amber/hi_lo
archive PDB /net/chevy/raid1/nigel/amber/hi_lo/bk/2bky/2bky.pdb
/net/morse/raid1/scratch1/nigel/amber/hi_lo/bk/2bky
------------------------------
phenix.refine log filename ? > /net/chevy/raid1/nigel/amber/hi_lo/bk/2bky/2bky_refine_001.log
------------------------------

	Already done (on chevy) 2bky_refine_001
------------------------------
phenix.refine log filename ? > /net/chevy/raid1/nigel/amber/hi_lo/bk/2bky/2bky_refine_002.log
------------------------------

	Already done (on chevy) 2bky_refine_002
