HOST lewis.lbl.gov
only_i 65
only_code None
force_amber_prep True
dry_run False
1 1z3z,A,2.900,1zod,A,1.800
2 1psi,A,2.920,3ndd,A,1.500
3 3bpo,A,3.000,3l5w,I,2.000
4 1e6j,P,3.000,3mge,A,1.900
5 1r46,A,3.250,3hg3,A,1.900
6 2j0g,A,2.850,2j1g,A,1.950
7 1nsk,L,2.800,3bbb,A,1.300
8 1t04,B,3.000,1t3f,B,2.000
9 1kiu,B,3.000,1ze3,H,1.840
10 1kv3,A,2.800,2q3z,A,2.000
11 1wqs,A,2.800,2iph,A,1.750
12 3gwp,A,2.900,3i16,A,2.000
13 1c0n,A,2.800,1kmj,A,2.000
14 2r8j,A,3.100,3oha,A,2.000
15 1z5s,C,3.010,2grn,B,1.800
16 3icq,B,3.200,3m1i,A,2.000
17 1nb3,I,2.800,3kfq,C,1.990
18 1otc,A,2.800,2i0q,A,1.910
19 1ue8,A,3.000,3b4x,A,1.940
20 1a4o,A,2.800,2o02,A,1.500
21 1t6i,A,2.810,3g4z,A,1.870
22 1de9,A,3.000,2o3h,A,1.900
23 2j6e,L,3.000,3n9g,L,1.434
24 3hrk,A,3.050,3lc0,A,1.800
25 2ecp,A,2.950,2asv,A,1.950
26 1z8l,A,3.500,2xeg,A,1.590
27 1ere,A,3.100,2r6w,A,2.000
28 1xni,A,2.800,3lh0,A,1.900
29 2pl0,A,2.800,3mpm,A,1.950
30 1pxt,A,2.800,1afw,A,1.800
31 1bmf,A,2.850,2jdi,A,1.900
32 2g3k,A,3.050,2j9u,A,2.000
33 3m9b,A,3.940,3m9h,A,2.000
... 65 3m9b
/net/chevy/raid1/nigel/amber/hi_lo
/net/chevy/raid1/nigel/amber/hi_lo/m9/3m9b
3m9b.pdb 4phenix_3m9b.pdb
3m9b.pdb 4phenix_3m9b.pdb
local_archive None
archive PDB None
Reading from local mirror:
  /net/cci/pdb_mirror/pdb/m9/pdb3m9b.ent.gz
Model saved to /net/lewis/raid1/scratch1/nigel/amber/hi_lo/m9/3m9b/3m9b.pdb
Traceback (most recent call last):
  File "/net/cci-filer2/raid1/xp/phenix/phenix-svn/build/../modules/cctbx_project/mmtbx/command_line/fetch_pdb.py", line 199, in <module>
    run2(sys.argv[1:])
  File "/net/cci-filer2/raid1/xp/phenix/phenix-svn/build/../modules/cctbx_project/mmtbx/command_line/fetch_pdb.py", line 155, in run2
    files.append(get_pdb(id, data_type_, mirror, log, format=data_format))
  File "/net/cci-filer2/raid1/xp/phenix/phenix-svn/modules/cctbx_project/iotbx/pdb/fetch.py", line 213, in get_pdb
    data = fetch(id, data_type, mirror=mirror, format=format, log=log)
  File "/net/cci-filer2/raid1/xp/phenix/phenix-svn/modules/cctbx_project/iotbx/pdb/fetch.py", line 150, in fetch
    data = libtbx.utils.urlopen(url)
  File "/net/cci-filer2/raid1/xp/phenix/phenix-svn/modules/cctbx_project/libtbx/utils.py", line 2069, in urlopen
    return urllib2.urlopen(*args, **kwds)
  File "/net/cci-filer2/raid1/xp/phenix/phenix-svn/base/lib/python2.7/urllib2.py", line 127, in urlopen
    return _opener.open(url, data, timeout)
  File "/net/cci-filer2/raid1/xp/phenix/phenix-svn/base/lib/python2.7/urllib2.py", line 404, in open
    response = self._open(req, data)
  File "/net/cci-filer2/raid1/xp/phenix/phenix-svn/base/lib/python2.7/urllib2.py", line 422, in _open
    '_open', req)
  File "/net/cci-filer2/raid1/xp/phenix/phenix-svn/base/lib/python2.7/urllib2.py", line 382, in _call_chain
    result = func(*args)
  File "/net/cci-filer2/raid1/xp/phenix/phenix-svn/base/lib/python2.7/urllib2.py", line 1214, in http_open
    return self.do_open(httplib.HTTPConnection, req)
  File "/net/cci-filer2/raid1/xp/phenix/phenix-svn/base/lib/python2.7/urllib2.py", line 1184, in do_open
    raise URLError(err)
urllib2.URLError: <urlopen error [Errno 110] Connection timed out>

==================================================
Summary of pdb4amber for: 3m9b.pdb
===================================================
REDUCE returned non-zero exit status: See reduce_info.log for more details

----------Chains
The following (original) chains have been found:
A
B
C
D
E
F
G
H
I
J
K
L

---------- Alternate Locations (Original Residues!))

The following residues had alternate locations:
None

---------- Mising heavy atom(s)

None

==================================================
Summary of pdb4amber for: 3m9b_4tleap_uc1.pdb
===================================================

----------Chains
The following (original) chains have been found:
A
B
C
D
E
F
G
H
I
J
K
L

---------- Alternate Locations (Original Residues!))

The following residues had alternate locations:
None

---------- Mising heavy atom(s)

None

	Running AmberPrep : 3m9b.pdb


==================================================
Running pdb4amber on 3m9b.pdb
==================================================

==================================================
Setting up library files for non-standard residues
==================================================

==================================================
Preparing asu files and 4phenix_3m9b.pdb
==================================================

~> tleap -f 3m9b_asu_tleap_input_run

Checking output filenames
  file : 3m9b_asu.prmtop
  file : 3m9b_asu.rst7

~> ChBox -c 3m9b_asu.rst7 -o 3m9b_asu.rst7 -X 176.787 -Y 176.652 -Z 176.633 -al 90.0 -bt 90.04 -gm 90.0 


============================================================
Preparing unit cell files: 4amber_3m9b.prmtop and 4amber_3m9b.rst7
============================================================

~> UnitCell -p 3m9b_4UnitCell.pdb -o 3m9b_4tleap_uc1.pdb


~> tleap -f 3m9b_uc_tleap_input_run

Checking output filenames
  file : 3m9b_uc.prmtop
  file : 3m9b_uc.rst7

~> ChBox -c 3m9b_uc.rst7 -o 3m9b_uc.rst7 -X 176.787 -Y 176.652 -Z 176.633 -al 90.0 -bt 90.04 -gm 90.0 


==================================================
Minimizing input coordinates.
==================================================

~> sander -O -i 3m9b_amber_all.in -p 4amber_3m9b.prmtop -c 4amber_3m9b.rst7 -o 3m9b.min.out            -ref 4amber_3m9b.rst7 -r 4amber_3m9b.min.rst7

checking special positions in 4phenix_3m9b.pdb

==================================================
Done.  Three new files have been made:
      4phenix_3m9b.pdb
      4amber_3m9b.prmtop
      4amber_3m9b.rst7
==================================================

Example

  phenix.refine 4phenix_3m9b.pdb use_amber=True \
    amber.topology_file_name=4amber_3m9b.prmtop \
    amber.coordinate_file_name=4amber_3m9b.rst7 \
    ....(other refinement keywords here).....



Substituting Amber PDB file for downloaded file
run_tests_local.py:220: UserWarning: os.system() is not safe: please use the subprocess module or libtbx.easy_run instead.
  os.system(cmd)

  Amber files
    PDB    : 3m9b.pdb
    MTZ    : 3m9b.mtz
    prmtop : 4amber_3m9b.prmtop
    rst7   : 4amber_3m9b.rst7
  
/net/lewis/raid1/scratch1/nigel/amber/hi_lo/m9/3m9b
return_files 3m9b
/net/chevy/raid1/nigel/amber/hi_lo
4amber_3m9b.pdb
4phenix_3m9b.pdb
cp 4phenix_3m9b.pdb /net/chevy/raid1/nigel/amber/hi_lo/m9/3m9b
3m9b.pdb
cp 3m9b.pdb /net/chevy/raid1/nigel/amber/hi_lo/m9/3m9b
4amber_3m9b.mtz
4phenix_3m9b.mtz
3m9b.mtz
cp 3m9b.mtz /net/chevy/raid1/nigel/amber/hi_lo/m9/3m9b
4amber_3m9b.rst7
cp 4amber_3m9b.rst7 /net/chevy/raid1/nigel/amber/hi_lo/m9/3m9b
4phenix_3m9b.rst7
3m9b.rst7
4amber_3m9b.prmtop
cp 4amber_3m9b.prmtop /net/chevy/raid1/nigel/amber/hi_lo/m9/3m9b
4phenix_3m9b.prmtop
3m9b.prmtop
4amber_3m9b_refine_001.log
4phenix_3m9b_refine_001.log
3m9b_refine_001.log
cp 3m9b_refine_001.log /net/chevy/raid1/nigel/amber/hi_lo/m9/3m9b
4amber_3m9b_refine_002.log
4phenix_3m9b_refine_002.log
3m9b_refine_002.log
cp 3m9b_refine_002.log /net/chevy/raid1/nigel/amber/hi_lo/m9/3m9b
4amber_3m9b_refine_001.pdb
4phenix_3m9b_refine_001.pdb
3m9b_refine_001.pdb
cp 3m9b_refine_001.pdb /net/chevy/raid1/nigel/amber/hi_lo/m9/3m9b
4amber_3m9b_refine_002.pdb
4phenix_3m9b_refine_002.pdb
3m9b_refine_002.pdb
cp 3m9b_refine_002.pdb /net/chevy/raid1/nigel/amber/hi_lo/m9/3m9b
local_archive /net/chevy/raid1/nigel/amber/hi_lo
archive PDB /net/chevy/raid1/nigel/amber/hi_lo/m9/3m9b/3m9b.pdb
/net/lewis/raid1/scratch1/nigel/amber/hi_lo/m9/3m9b
------------------------------
phenix.refine log filename ? > /net/chevy/raid1/nigel/amber/hi_lo/m9/3m9b/3m9b_refine_001.log
------------------------------

	Already done (on chevy) 3m9b_refine_001
------------------------------
phenix.refine log filename ? > /net/chevy/raid1/nigel/amber/hi_lo/m9/3m9b/3m9b_refine_002.log
------------------------------
------------------------------
phenix.refine log filename ? > 3m9b_refine_002.log
------------------------------
Running phenix.refine

phenix.refine 3m9b.pdb 3m9b.mtz c_beta_restraints=False discard_psi_phi=False strategy="*individual_sites individual_sites_real_space rigid_body *individual_adp group_adp tls *occupancies group_anomalous" topology_file_name=/net/chevy/raid1/nigel/amber/hi_lo/m9/3m9b/4amber_3m9b.prmtop amber.coordinate_file_name=/net/chevy/raid1/nigel/amber/hi_lo/m9/3m9b/4amber_3m9b.rst7 use_amber=True refinement.target_weights.optimize_xyz_weight=True refinement.main.number_of_macro_cycles=10 write_geo=False amber.wxc_factor=0.300000 serial=2

