HOST rebus.lbl.gov
only_i 24
only_code None
force_amber_prep True
dry_run False
... 24 3i16
/net/chevy/raid1/nigel/amber/hi_lo
/net/chevy/raid1/nigel/amber/hi_lo/i1/3i16
3i16.pdb 4phenix_3i16.pdb
local_archive None
archive PDB None
Reading from local mirror:
  /net/cci/pdb_mirror/pdb/i1/pdb3i16.ent.gz
Model saved to /net/rebus/raid1/scratch1/nigel/amber/hi_lo/i1/3i16/3i16.pdb
Sequence saved to /net/rebus/raid1/scratch1/nigel/amber/hi_lo/i1/3i16/3i16.fa
Reading from local mirror:
  /net/cci/pdb_mirror/structure_factors/i1/r3i16sf.ent.gz
Structure factors saved to /net/rebus/raid1/scratch1/nigel/amber/hi_lo/i1/3i16/3i16-sf.cif
Reading from local mirror:
  /net/cci/pdb_mirror/mmcif/i1/3i16.cif.gz
Model saved to /net/rebus/raid1/scratch1/nigel/amber/hi_lo/i1/3i16/3i16.cif
Can't determine output label for r3i16sf,_refln.crystal_id - skipping.
Can't determine output label for r3i16sf,_refln.scale_group_code - skipping.
Can't determine output label for r3i16sf,_refln.wavelength_id - skipping.
Can't determine output label for r3i16Asf,_refln.crystal_id - skipping.
Warning: merging non-unique data
Can't determine output label for r3i16Asf,_refln.scale_group_code - skipping.
Can't determine output label for r3i16Asf,wavelength_id=1,_refln.status - skipping.
Can't determine output label for r3i16Asf,_refln.wavelength_id - skipping.
Can't determine output label for r3i16Bsf,_refln.crystal_id - skipping.
Warning: merging non-unique data
Can't determine output label for r3i16Bsf,_refln.scale_group_code - skipping.
Can't determine output label for r3i16Bsf,wavelength_id=2,_refln.status - skipping.
Can't determine output label for r3i16Bsf,_refln.wavelength_id - skipping.
Can't determine output label for r3i16Csf,_refln.crystal_id - skipping.
Warning: merging non-unique data
Can't determine output label for r3i16Csf,_refln.scale_group_code - skipping.
Can't determine output label for r3i16Csf,wavelength_id=3,_refln.status - skipping.
Can't determine output label for r3i16Csf,_refln.wavelength_id - skipping.
Can't determine output label for r3i16Dsf,_refln.crystal_id - skipping.
Can't determine output label for r3i16Dsf,_refln.scale_group_code - skipping.
Can't determine output label for r3i16Dsf,_refln.wavelength_id - skipping.
Can't determine output label for r3i16Esf,_refln.crystal_id - skipping.
Can't determine output label for r3i16Esf,wavelength_id=1,_refln.pdbx_FWT - skipping.
Can't determine output label for r3i16Esf,_refln.scale_group_code - skipping.
Can't determine output label for r3i16Esf,_refln.wavelength_id - skipping.
Converted structure factors saved to 3i16.mtz
  I(+),SIGI(+),I(-),SIGI(-) is anomalous
  I2(+),SIGI2(+),I2(-),SIGI2(-) is anomalous
  I3(+),SIGI3(+),I3(-),SIGI3(-) is anomalous
local_archive None
archive PDB None
Reading from local mirror:
  /net/cci/pdb_mirror/pdb/i1/pdb3i16.ent.gz
Model saved to /net/rebus/raid1/scratch1/nigel/amber/hi_lo/i1/3i16/3i16.pdb
Sequence saved to /net/rebus/raid1/scratch1/nigel/amber/hi_lo/i1/3i16/3i16.fa
Reading from local mirror:
  /net/cci/pdb_mirror/structure_factors/i1/r3i16sf.ent.gz
Structure factors saved to /net/rebus/raid1/scratch1/nigel/amber/hi_lo/i1/3i16/3i16-sf.cif
Reading from local mirror:
  /net/cci/pdb_mirror/mmcif/i1/3i16.cif.gz
Model saved to /net/rebus/raid1/scratch1/nigel/amber/hi_lo/i1/3i16/3i16.cif
Can't determine output label for r3i16sf,_refln.crystal_id - skipping.
Can't determine output label for r3i16sf,_refln.scale_group_code - skipping.
Can't determine output label for r3i16sf,_refln.wavelength_id - skipping.
Can't determine output label for r3i16Asf,_refln.crystal_id - skipping.
Warning: merging non-unique data
Can't determine output label for r3i16Asf,_refln.scale_group_code - skipping.
Can't determine output label for r3i16Asf,wavelength_id=1,_refln.status - skipping.
Can't determine output label for r3i16Asf,_refln.wavelength_id - skipping.
Can't determine output label for r3i16Bsf,_refln.crystal_id - skipping.
Warning: merging non-unique data
Can't determine output label for r3i16Bsf,_refln.scale_group_code - skipping.
Can't determine output label for r3i16Bsf,wavelength_id=2,_refln.status - skipping.
Can't determine output label for r3i16Bsf,_refln.wavelength_id - skipping.
Can't determine output label for r3i16Csf,_refln.crystal_id - skipping.
Warning: merging non-unique data
Can't determine output label for r3i16Csf,_refln.scale_group_code - skipping.
Can't determine output label for r3i16Csf,wavelength_id=3,_refln.status - skipping.
Can't determine output label for r3i16Csf,_refln.wavelength_id - skipping.
Can't determine output label for r3i16Dsf,_refln.crystal_id - skipping.
Can't determine output label for r3i16Dsf,_refln.scale_group_code - skipping.
Can't determine output label for r3i16Dsf,_refln.wavelength_id - skipping.
Can't determine output label for r3i16Esf,_refln.crystal_id - skipping.
Can't determine output label for r3i16Esf,wavelength_id=1,_refln.pdbx_FWT - skipping.
Can't determine output label for r3i16Esf,_refln.scale_group_code - skipping.
Can't determine output label for r3i16Esf,_refln.wavelength_id - skipping.
Converted structure factors saved to 3i16.mtz
  I(+),SIGI(+),I(-),SIGI(-) is anomalous
  I2(+),SIGI2(+),I2(-),SIGI2(-) is anomalous
  I3(+),SIGI3(+),I3(-),SIGI3(-) is anomalous
not prmtop_filename /net/rebus/scratch1/nigel/amber/hi_lo/i1/3i16/4amber_3i16.prmtop
not prmtop_filename /net/chevy/raid1/nigel/amber/hi_lo/i1/3i16/4amber_3i16.prmtop

	Running AmberPrep : 3i16.pdb


==================================================
Running pdb4amber on 3i16.pdb
==================================================

==================================================
Setting up library files for non-standard residues
==================================================

==================================================
Running elbow/antechamber for MSE 
==================================================
--------------------------------------------------------------------------------
['/tmp/6368462.24.all.q/tmpdRAUvI', '/tmp/6368462.24.all.q/tmp0TYCXv']
/tmp/6368462.24.all.q/tmpdRAUvI
  Monomer Library directory:
    "/net/cci-filer2/raid1/xp/phenix/phenix-svn/modules/chem_data/mon_lib"
  Total number of atoms: 19
  Number of models: 1
  Model: ""
    Number of chains: 1
    Chain: "A"
      Number of atoms: 19
      Number of conformers: 1
      Conformer: ""
        Number of residues, atoms: 1, 17
          Duplicate atoms: {'MSE,HB2': 1, 'MSE,HG2': 1}
          Classifications: {'peptide': 1}
  Number of atoms with unknown nonbonded energy type symbols: 2
    "HETATM   13  HB3 MSE A   1 .*.A    H  "
    "HETATM   15  HG3 MSE A   1 .*.A    H  "
  Time building chain proxies: 0.01, per 1000 atoms: 0.53

--------------------------------------------------------------------------------

MoleculeClass :  C: 5  N: 1  O: 2 Se: 1 (CHEMICAL COMPONENTS format)
	19 atoms
	18 bonds
	31 angles
	36 dihedrals
	0 rings (groups, rings, atoms) 0 0
	1 chirals : S 

~> antechamber -i 4antechamber_MSE.pdb -fi pdb -o MSE.mol2 -fo mol2       -nc -1 -m 1 -s 2 -pf y -c bcc -at gaff2 -ek "qm_theory='AM1', grms_tol=0.0005, scfconv=1.d-10, maxcyc=0, ndiis_attempts=700,"


~> parmchk2 -s 2 -i MSE.mol2 -f mol2 -o MSE.frcmod


  Residue "EDO" already in amber monomer library. Skipping elbow/antechamber
    run for this residue.
        

  Residue "PLP" already in amber monomer library. Skipping elbow/antechamber
    run for this residue.
        

==================================================
Preparing asu files and 4phenix_3i16.pdb
==================================================

~> tleap -f 3i16_asu_tleap_input_run

Checking output filenames
  file : 3i16_asu.prmtop
