HOST morse.lbl.gov
only_i 218
only_code None
force_amber_prep True
dry_run False
... 218 2wn9
/net/chevy/raid1/nigel/amber/hi_lo
/net/chevy/raid1/nigel/amber/hi_lo/wn/2wn9
2wn9.pdb 4phenix_2wn9.pdb
local_archive None
archive PDB None
Reading from local mirror:
  /net/cci/pdb_mirror/pdb/wn/pdb2wn9.ent.gz
Model saved to /net/morse/raid1/scratch1/nigel/amber/hi_lo/wn/2wn9/2wn9.pdb
Sequence saved to /net/morse/raid1/scratch1/nigel/amber/hi_lo/wn/2wn9/2wn9.fa
Reading from local mirror:
  /net/cci/pdb_mirror/structure_factors/wn/r2wn9sf.ent.gz
Structure factors saved to /net/morse/raid1/scratch1/nigel/amber/hi_lo/wn/2wn9/2wn9-sf.cif
Reading from local mirror:
  /net/cci/pdb_mirror/mmcif/wn/2wn9.cif.gz
Model saved to /net/morse/raid1/scratch1/nigel/amber/hi_lo/wn/2wn9/2wn9.cif
Can't determine output label for r2wn9sf,_refln.crystal_id - skipping.
Can't determine output label for r2wn9sf,_refln.scale_group_code - skipping.
Can't determine output label for r2wn9sf,_refln.wavelength_id - skipping.
Converted structure factors saved to 2wn9.mtz
  FOBS,SIGFOBS,DANO,SIGDANO is anomalous
local_archive None
archive PDB None
Reading from local mirror:
  /net/cci/pdb_mirror/pdb/wn/pdb2wn9.ent.gz
Model saved to /net/morse/raid1/scratch1/nigel/amber/hi_lo/wn/2wn9/2wn9.pdb
Sequence saved to /net/morse/raid1/scratch1/nigel/amber/hi_lo/wn/2wn9/2wn9.fa
Reading from local mirror:
  /net/cci/pdb_mirror/structure_factors/wn/r2wn9sf.ent.gz
Structure factors saved to /net/morse/raid1/scratch1/nigel/amber/hi_lo/wn/2wn9/2wn9-sf.cif
Reading from local mirror:
  /net/cci/pdb_mirror/mmcif/wn/2wn9.cif.gz
Model saved to /net/morse/raid1/scratch1/nigel/amber/hi_lo/wn/2wn9/2wn9.cif
Can't determine output label for r2wn9sf,_refln.crystal_id - skipping.
Can't determine output label for r2wn9sf,_refln.scale_group_code - skipping.
Can't determine output label for r2wn9sf,_refln.wavelength_id - skipping.
Converted structure factors saved to 2wn9.mtz
  FOBS,SIGFOBS,DANO,SIGDANO is anomalous

==================================================
Summary of pdb4amber for: 2wn9.pdb
===================================================
REDUCE returned non-zero exit status: See reduce_info.log for more details

----------Chains
The following (original) chains have been found:
A
B
C
D
E

---------- Alternate Locations (Original Residues!))

The following residues had alternate locations:
LEU_34
GLN_39
LEU_53
GLU_57
GLN_59
ARG_60
ARG_98
SER_115
MET_117
GLN_122
LYS_204
ARG_208
VAL_254
ARG_310
VAL_312
MET_329
GLN_334
GLU_366
LEU_459
ARG_485
THR_517
ARG_523
VAL_525
GLN_531
SER_540
ASP_587
GLN_612
ARG_633
LEU_668
GLN_673
ARG_694
ARG_732
MET_751
LEU_879
ARG_943
MET_962
not prmtop_filename /net/morse/scratch1/nigel/amber/hi_lo/wn/2wn9/4amber_2wn9.prmtop
not prmtop_filename /net/chevy/raid1/nigel/amber/hi_lo/wn/2wn9/4amber_2wn9.prmtop

	Running AmberPrep : 2wn9.pdb


==================================================
Running pdb4amber on 2wn9.pdb
==================================================
Traceback (most recent call last):
  File "run_tests_local.py", line 323, in <module>
    run(*tuple(args))
  File "run_tests_local.py", line 307, in run
    w2 = run_all_tests(code, force_amber_prep=force_amber_prep)
  File "run_tests_local.py", line 93, in run_all_tests
    "clean=on",
  File "/net/cci-filer2/raid1/xp/phenix/phenix-svn/modules/amber_adaptbx/command_line/AmberPrepClass.py", line 951, in run
    arg_conect=False,
  File "/net/cci-filer2/raid1/xp/phenix/phenix-svn/modules/amber/lib/python2.7/site-packages/pdb4amber/pdb4amber.py", line 522, in run
    gaplist = pdbfixer.find_gaps()
  File "/net/cci-filer2/raid1/xp/phenix/phenix-svn/modules/amber/lib/python2.7/site-packages/pdb4amber/pdb4amber.py", line 213, in find_gaps
    N_atom = parm.atoms[N_atoms[i + 1]]
IndexError: list index out of range
