HOST lewis.lbl.gov
only_i 314
only_code None
force_amber_prep True
dry_run False
... 314 3kqr
/net/chevy/raid1/nigel/amber/hi_lo
/net/chevy/raid1/nigel/amber/hi_lo/kq/3kqr
3kqr.pdb 4phenix_3kqr.pdb
3kqr.pdb 4phenix_3kqr.pdb
local_archive None
archive PDB None
Reading from local mirror:
  /net/cci/pdb_mirror/pdb/kq/pdb3kqr.ent.gz
Model saved to /net/lewis/raid1/scratch1/nigel/amber/hi_lo/kq/3kqr/3kqr.pdb
Traceback (most recent call last):
  File "/net/cci-filer2/raid1/xp/phenix/phenix-svn/build/../modules/cctbx_project/mmtbx/command_line/fetch_pdb.py", line 199, in <module>
    run2(sys.argv[1:])
  File "/net/cci-filer2/raid1/xp/phenix/phenix-svn/build/../modules/cctbx_project/mmtbx/command_line/fetch_pdb.py", line 155, in run2
    files.append(get_pdb(id, data_type_, mirror, log, format=data_format))
  File "/net/cci-filer2/raid1/xp/phenix/phenix-svn/modules/cctbx_project/iotbx/pdb/fetch.py", line 213, in get_pdb
    data = fetch(id, data_type, mirror=mirror, format=format, log=log)
  File "/net/cci-filer2/raid1/xp/phenix/phenix-svn/modules/cctbx_project/iotbx/pdb/fetch.py", line 150, in fetch
    data = libtbx.utils.urlopen(url)
  File "/net/cci-filer2/raid1/xp/phenix/phenix-svn/modules/cctbx_project/libtbx/utils.py", line 2069, in urlopen
    return urllib2.urlopen(*args, **kwds)
  File "/net/cci-filer2/raid1/xp/phenix/phenix-svn/base/lib/python2.7/urllib2.py", line 127, in urlopen
    return _opener.open(url, data, timeout)
  File "/net/cci-filer2/raid1/xp/phenix/phenix-svn/base/lib/python2.7/urllib2.py", line 404, in open
    response = self._open(req, data)
  File "/net/cci-filer2/raid1/xp/phenix/phenix-svn/base/lib/python2.7/urllib2.py", line 422, in _open
    '_open', req)
  File "/net/cci-filer2/raid1/xp/phenix/phenix-svn/base/lib/python2.7/urllib2.py", line 382, in _call_chain
    result = func(*args)
  File "/net/cci-filer2/raid1/xp/phenix/phenix-svn/base/lib/python2.7/urllib2.py", line 1214, in http_open
    return self.do_open(httplib.HTTPConnection, req)
  File "/net/cci-filer2/raid1/xp/phenix/phenix-svn/base/lib/python2.7/urllib2.py", line 1184, in do_open
    raise URLError(err)
urllib2.URLError: <urlopen error [Errno 110] Connection timed out>
local_archive None
archive PDB None
Reading from local mirror:
  /net/cci/pdb_mirror/pdb/kq/pdb3kqr.ent.gz
Model saved to /net/lewis/raid1/scratch1/nigel/amber/hi_lo/kq/3kqr/3kqr.pdb
Traceback (most recent call last):
  File "/net/cci-filer2/raid1/xp/phenix/phenix-svn/build/../modules/cctbx_project/mmtbx/command_line/fetch_pdb.py", line 199, in <module>
    run2(sys.argv[1:])
  File "/net/cci-filer2/raid1/xp/phenix/phenix-svn/build/../modules/cctbx_project/mmtbx/command_line/fetch_pdb.py", line 155, in run2
    files.append(get_pdb(id, data_type_, mirror, log, format=data_format))
  File "/net/cci-filer2/raid1/xp/phenix/phenix-svn/modules/cctbx_project/iotbx/pdb/fetch.py", line 213, in get_pdb
    data = fetch(id, data_type, mirror=mirror, format=format, log=log)
  File "/net/cci-filer2/raid1/xp/phenix/phenix-svn/modules/cctbx_project/iotbx/pdb/fetch.py", line 150, in fetch
    data = libtbx.utils.urlopen(url)
  File "/net/cci-filer2/raid1/xp/phenix/phenix-svn/modules/cctbx_project/libtbx/utils.py", line 2069, in urlopen
    return urllib2.urlopen(*args, **kwds)
  File "/net/cci-filer2/raid1/xp/phenix/phenix-svn/base/lib/python2.7/urllib2.py", line 127, in urlopen
    return _opener.open(url, data, timeout)
  File "/net/cci-filer2/raid1/xp/phenix/phenix-svn/base/lib/python2.7/urllib2.py", line 404, in open
    response = self._open(req, data)
  File "/net/cci-filer2/raid1/xp/phenix/phenix-svn/base/lib/python2.7/urllib2.py", line 422, in _open
    '_open', req)
  File "/net/cci-filer2/raid1/xp/phenix/phenix-svn/base/lib/python2.7/urllib2.py", line 382, in _call_chain
    result = func(*args)
  File "/net/cci-filer2/raid1/xp/phenix/phenix-svn/base/lib/python2.7/urllib2.py", line 1214, in http_open
    return self.do_open(httplib.HTTPConnection, req)
  File "/net/cci-filer2/raid1/xp/phenix/phenix-svn/base/lib/python2.7/urllib2.py", line 1184, in do_open
    raise URLError(err)
urllib2.URLError: <urlopen error [Errno 110] Connection timed out>

==================================================
Summary of pdb4amber for: 3kqr.pdb
===================================================

----------Chains
The following (original) chains have been found:
A
B
C
D
E

---------- Alternate Locations (Original Residues!))

The following residues had alternate locations:
SER_48
ARG_57
VAL_68
GLU_126
LEU_133
LEU_178
THR_221
ARG_261
VAL_272
GLU_290
LYS_347
PHE_348
ILE_373
LEU_374
GLN_390
ASN_393
LYS_415
ILE_431
LYS_473
GLU_474
VAL_476
GLU_494
LYS_495
VAL_523
GLN_536
ILE_577
LEU_578
LEU_586
LYS_619
ILE_635
SER_656
VAL_680
LYS_691
THR_724
LYS_742
ILE_781
LYS_823
VAL_832
ILE_839
GLU_882
ARG_883
LYS_899
VAL_900
GLU_902
LYS_903
THR_928
SER_963
ILE_985
LEU_986
SER_987
ASN_1005
TYR_1006

---------- Mising heavy atom(s)

None
The alternate coordinates have been discarded.
Only the first occurrence for each atom was kept.
not prmtop_filename /net/lewis/scratch1/nigel/amber/hi_lo/kq/3kqr/4amber_3kqr.prmtop

	Running AmberPrep : 3kqr.pdb


==================================================
Running pdb4amber on 3kqr.pdb
==================================================

==================================================
Setting up library files for non-standard residues
==================================================

  Residue "OPE" already in amber monomer library. Skipping elbow/antechamber
    run for this residue.
        

==================================================
Running elbow/antechamber for NAG 
==================================================

==================================================
Summary of pdb4amber for: 3kqr_4tleap_uc1.pdb
===================================================

----------Chains
The following (original) chains have been found:
A
B
C
D
E

---------- Alternate Locations (Original Residues!))

The following residues had alternate locations:
None

---------- Mising heavy atom(s)

None

MoleculeClass :  C: 8  N: 1  O: 6 (CHEMICAL COMPONENTS format)
	30 atoms
	30 bonds
	53 angles
	79 dihedrals
	1 rings (groups, rings, atoms) 1 6
	5 chirals : R R R S R 

~> antechamber -i 4antechamber_NAG.pdb -fi pdb -o NAG.mol2 -fo mol2       -nc 0 -m 1 -s 2 -pf y -c bcc -at gaff2 -ek "qm_theory='AM1',grms_tol=0.0005,scfconv=1.d-10,maxcyc=0,ndiis_attempts=700,"


~> parmchk2 -s 2 -i NAG.mol2 -f mol2 -o NAG.frcmod


==================================================
Preparing asu files and 4phenix_3kqr.pdb
==================================================

~> tleap -f 3kqr_asu_tleap_input_run

Checking output filenames
  file : 3kqr_asu.prmtop
  file : 3kqr_asu.rst7

~> ChBox -c 3kqr_asu.rst7 -o 3kqr_asu.rst7 -X 94.86 -Y 69.86 -Z 102.27 -al 90.0 -bt 96.95 -gm 90.0 


============================================================
Preparing unit cell files: 4amber_3kqr.prmtop and 4amber_3kqr.rst7
============================================================

~> UnitCell -p 3kqr_4UnitCell.pdb -o 3kqr_4tleap_uc1.pdb


~> tleap -f 3kqr_uc_tleap_input_run

Checking output filenames
  file : 3kqr_uc.prmtop
  file : 3kqr_uc.rst7

~> ChBox -c 3kqr_uc.rst7 -o 3kqr_uc.rst7 -X 94.86 -Y 69.86 -Z 102.27 -al 90.0 -bt 96.95 -gm 90.0 


==================================================
Minimizing input coordinates.
==================================================

~> sander -O -i 3kqr_amber_all.in -p 4amber_3kqr.prmtop -c 4amber_3kqr.rst7 -o 3kqr.min.out            -ref 4amber_3kqr.rst7 -r 4amber_3kqr.min.rst7

checking special positions in 4phenix_3kqr.pdb

==================================================
Done.  Three new files have been made:
      4phenix_3kqr.pdb
      4amber_3kqr.prmtop
      4amber_3kqr.rst7
==================================================

Example

  phenix.refine 4phenix_3kqr.pdb use_amber=True \
    amber.topology_file_name=4amber_3kqr.prmtop \
    amber.coordinate_file_name=4amber_3kqr.rst7 \
    ....(other refinement keywords here).....



Substituting Amber PDB file for downloaded file
run_tests_local.py:222: UserWarning: os.system() is not safe: please use the subprocess module or libtbx.easy_run instead.
  os.system(cmd)

  Amber files
    PDB    : 3kqr.pdb
    MTZ    : 3kqr.mtz
    prmtop : 4amber_3kqr.prmtop
    rst7   : 4amber_3kqr.rst7
  
/net/lewis/raid1/scratch1/nigel/amber/hi_lo/kq/3kqr
return_files 3kqr
/net/chevy/raid1/nigel/amber/hi_lo
4amber_3kqr.pdb
4phenix_3kqr.pdb
cp 4phenix_3kqr.pdb /net/chevy/raid1/nigel/amber/hi_lo/kq/3kqr
3kqr.pdb
cp 3kqr.pdb /net/chevy/raid1/nigel/amber/hi_lo/kq/3kqr
4amber_3kqr.mtz
4phenix_3kqr.mtz
3kqr.mtz
cp 3kqr.mtz /net/chevy/raid1/nigel/amber/hi_lo/kq/3kqr
4amber_3kqr.rst7
cp 4amber_3kqr.rst7 /net/chevy/raid1/nigel/amber/hi_lo/kq/3kqr
4phenix_3kqr.rst7
3kqr.rst7
4amber_3kqr.prmtop
cp 4amber_3kqr.prmtop /net/chevy/raid1/nigel/amber/hi_lo/kq/3kqr
4phenix_3kqr.prmtop
3kqr.prmtop
4amber_3kqr_refine_001.log
4phenix_3kqr_refine_001.log
3kqr_refine_001.log
4amber_3kqr_refine_002.log
4phenix_3kqr_refine_002.log
3kqr_refine_002.log
4amber_3kqr_refine_001.pdb
4phenix_3kqr_refine_001.pdb
3kqr_refine_001.pdb
4amber_3kqr_refine_002.pdb
4phenix_3kqr_refine_002.pdb
3kqr_refine_002.pdb
local_archive /net/chevy/raid1/nigel/amber/hi_lo
archive PDB /net/chevy/raid1/nigel/amber/hi_lo/kq/3kqr/3kqr.pdb
/net/lewis/raid1/scratch1/nigel/amber/hi_lo/kq/3kqr
------------------------------
phenix.refine log filename ? > /net/chevy/raid1/nigel/amber/hi_lo/kq/3kqr/3kqr_refine_001.log
------------------------------

	Already done (on chevy) 3kqr_refine_001
------------------------------
phenix.refine log filename ? > /net/chevy/raid1/nigel/amber/hi_lo/kq/3kqr/3kqr_refine_002.log
------------------------------

	Already done (on chevy) 3kqr_refine_002
