HOST morse.lbl.gov
only_i 134
only_code None
force_amber_prep True
dry_run False
... 134 2wfz
/net/chevy/raid1/nigel/amber/hi_lo
/net/chevy/raid1/nigel/amber/hi_lo/wf/2wfz
2wfz.pdb 4phenix_2wfz.pdb
local_archive None
archive PDB None
Reading from local mirror:
  /net/cci/pdb_mirror/pdb/wf/pdb2wfz.ent.gz
Model saved to /net/morse/raid1/scratch1/nigel/amber/hi_lo/wf/2wfz/2wfz.pdb
Sequence saved to /net/morse/raid1/scratch1/nigel/amber/hi_lo/wf/2wfz/2wfz.fa
Reading from local mirror:
  /net/cci/pdb_mirror/structure_factors/wf/r2wfzsf.ent.gz
Structure factors saved to /net/morse/raid1/scratch1/nigel/amber/hi_lo/wf/2wfz/2wfz-sf.cif
Reading from local mirror:
  /net/cci/pdb_mirror/mmcif/wf/2wfz.cif.gz
Model saved to /net/morse/raid1/scratch1/nigel/amber/hi_lo/wf/2wfz/2wfz.cif
Can't determine output label for r2wfzsf,_refln.crystal_id - skipping.
Can't determine output label for r2wfzsf,_refln.scale_group_code - skipping.
Can't determine output label for r2wfzsf,_refln.wavelength_id - skipping.
Converted structure factors saved to 2wfz.mtz
local_archive None
archive PDB None
Reading from local mirror:
  /net/cci/pdb_mirror/pdb/wf/pdb2wfz.ent.gz
Model saved to /net/morse/raid1/scratch1/nigel/amber/hi_lo/wf/2wfz/2wfz.pdb
Sequence saved to /net/morse/raid1/scratch1/nigel/amber/hi_lo/wf/2wfz/2wfz.fa
Reading from local mirror:
  /net/cci/pdb_mirror/structure_factors/wf/r2wfzsf.ent.gz
Structure factors saved to /net/morse/raid1/scratch1/nigel/amber/hi_lo/wf/2wfz/2wfz-sf.cif
Reading from local mirror:
  /net/cci/pdb_mirror/mmcif/wf/2wfz.cif.gz
Model saved to /net/morse/raid1/scratch1/nigel/amber/hi_lo/wf/2wfz/2wfz.cif
Can't determine output label for r2wfzsf,_refln.crystal_id - skipping.
Can't determine output label for r2wfzsf,_refln.scale_group_code - skipping.
Can't determine output label for r2wfzsf,_refln.wavelength_id - skipping.
Converted structure factors saved to 2wfz.mtz

==================================================
Summary of pdb4amber for: 2wfz.pdb
===================================================
REDUCE returned non-zero exit status: See reduce_info.log for more details

----------Chains
The following (original) chains have been found:
A

---------- Alternate Locations (Original Residues!))

The following residues had alternate locations:
MET_13
ASN_39
MET_40
ARG_43
GLU_46
ARG_85
GLU_86
SER_225
ARG_247
GLU_258
GLU_265
VAL_292
GLU_296
ASN_307
LYS_322
GLU_347
MET_350
ASP_389
VAL_405
LYS_410
LEU_447
HIS_483
GLN_485
SER_487
GLU_496
ASP_501
GLN_523
not prmtop_filename /net/morse/scratch1/nigel/amber/hi_lo/wf/2wfz/4amber_2wfz.prmtop
not prmtop_filename /net/chevy/raid1/nigel/amber/hi_lo/wf/2wfz/4amber_2wfz.prmtop

	Running AmberPrep : 2wfz.pdb


==================================================
Running pdb4amber on 2wfz.pdb
==================================================
Traceback (most recent call last):
  File "run_tests_local.py", line 323, in <module>
    run(*tuple(args))
  File "run_tests_local.py", line 307, in run
    w2 = run_all_tests(code, force_amber_prep=force_amber_prep)
  File "run_tests_local.py", line 93, in run_all_tests
    "clean=on",
  File "/net/cci-filer2/raid1/xp/phenix/phenix-svn/modules/amber_adaptbx/command_line/AmberPrepClass.py", line 951, in run
    arg_conect=False,
  File "/net/cci-filer2/raid1/xp/phenix/phenix-svn/modules/amber/lib/python2.7/site-packages/pdb4amber/pdb4amber.py", line 522, in run
    gaplist = pdbfixer.find_gaps()
  File "/net/cci-filer2/raid1/xp/phenix/phenix-svn/modules/amber/lib/python2.7/site-packages/pdb4amber/pdb4amber.py", line 213, in find_gaps
    N_atom = parm.atoms[N_atoms[i + 1]]
IndexError: list index out of range
