HOST lewis.lbl.gov
only_i 47
only_code None
force_amber_prep True
dry_run False
... 47 3hrk
/net/chevy/raid1/nigel/amber/hi_lo
/net/chevy/raid1/nigel/amber/hi_lo/hr/3hrk
3hrk.pdb 4phenix_3hrk.pdb
3hrk.pdb 4phenix_3hrk.pdb
local_archive None
archive PDB None
Reading from local mirror:
  /net/cci/pdb_mirror/pdb/hr/pdb3hrk.ent.gz
Model saved to /net/lewis/raid1/scratch1/nigel/amber/hi_lo/hr/3hrk/3hrk.pdb
Traceback (most recent call last):
  File "/net/cci-filer2/raid1/xp/phenix/phenix-svn/build/../modules/cctbx_project/mmtbx/command_line/fetch_pdb.py", line 199, in <module>
    run2(sys.argv[1:])
  File "/net/cci-filer2/raid1/xp/phenix/phenix-svn/build/../modules/cctbx_project/mmtbx/command_line/fetch_pdb.py", line 155, in run2
    files.append(get_pdb(id, data_type_, mirror, log, format=data_format))
  File "/net/cci-filer2/raid1/xp/phenix/phenix-svn/modules/cctbx_project/iotbx/pdb/fetch.py", line 213, in get_pdb
    data = fetch(id, data_type, mirror=mirror, format=format, log=log)
  File "/net/cci-filer2/raid1/xp/phenix/phenix-svn/modules/cctbx_project/iotbx/pdb/fetch.py", line 150, in fetch
    data = libtbx.utils.urlopen(url)
  File "/net/cci-filer2/raid1/xp/phenix/phenix-svn/modules/cctbx_project/libtbx/utils.py", line 2069, in urlopen
    return urllib2.urlopen(*args, **kwds)
  File "/net/cci-filer2/raid1/xp/phenix/phenix-svn/base/lib/python2.7/urllib2.py", line 127, in urlopen
    return _opener.open(url, data, timeout)
  File "/net/cci-filer2/raid1/xp/phenix/phenix-svn/base/lib/python2.7/urllib2.py", line 404, in open
    response = self._open(req, data)
  File "/net/cci-filer2/raid1/xp/phenix/phenix-svn/base/lib/python2.7/urllib2.py", line 422, in _open
    '_open', req)
  File "/net/cci-filer2/raid1/xp/phenix/phenix-svn/base/lib/python2.7/urllib2.py", line 382, in _call_chain
    result = func(*args)
  File "/net/cci-filer2/raid1/xp/phenix/phenix-svn/base/lib/python2.7/urllib2.py", line 1214, in http_open
    return self.do_open(httplib.HTTPConnection, req)
  File "/net/cci-filer2/raid1/xp/phenix/phenix-svn/base/lib/python2.7/urllib2.py", line 1184, in do_open
    raise URLError(err)
urllib2.URLError: <urlopen error [Errno 110] Connection timed out>
local_archive None
archive PDB None
Reading from local mirror:
  /net/cci/pdb_mirror/pdb/hr/pdb3hrk.ent.gz
Model saved to /net/lewis/raid1/scratch1/nigel/amber/hi_lo/hr/3hrk/3hrk.pdb
Traceback (most recent call last):
  File "/net/cci-filer2/raid1/xp/phenix/phenix-svn/build/../modules/cctbx_project/mmtbx/command_line/fetch_pdb.py", line 199, in <module>
    run2(sys.argv[1:])
  File "/net/cci-filer2/raid1/xp/phenix/phenix-svn/build/../modules/cctbx_project/mmtbx/command_line/fetch_pdb.py", line 155, in run2
    files.append(get_pdb(id, data_type_, mirror, log, format=data_format))
  File "/net/cci-filer2/raid1/xp/phenix/phenix-svn/modules/cctbx_project/iotbx/pdb/fetch.py", line 213, in get_pdb
    data = fetch(id, data_type, mirror=mirror, format=format, log=log)
  File "/net/cci-filer2/raid1/xp/phenix/phenix-svn/modules/cctbx_project/iotbx/pdb/fetch.py", line 150, in fetch
    data = libtbx.utils.urlopen(url)
  File "/net/cci-filer2/raid1/xp/phenix/phenix-svn/modules/cctbx_project/libtbx/utils.py", line 2069, in urlopen
    return urllib2.urlopen(*args, **kwds)
  File "/net/cci-filer2/raid1/xp/phenix/phenix-svn/base/lib/python2.7/urllib2.py", line 127, in urlopen
    return _opener.open(url, data, timeout)
  File "/net/cci-filer2/raid1/xp/phenix/phenix-svn/base/lib/python2.7/urllib2.py", line 404, in open
    response = self._open(req, data)
  File "/net/cci-filer2/raid1/xp/phenix/phenix-svn/base/lib/python2.7/urllib2.py", line 422, in _open
    '_open', req)
  File "/net/cci-filer2/raid1/xp/phenix/phenix-svn/base/lib/python2.7/urllib2.py", line 382, in _call_chain
    result = func(*args)
  File "/net/cci-filer2/raid1/xp/phenix/phenix-svn/base/lib/python2.7/urllib2.py", line 1214, in http_open
    return self.do_open(httplib.HTTPConnection, req)
  File "/net/cci-filer2/raid1/xp/phenix/phenix-svn/base/lib/python2.7/urllib2.py", line 1184, in do_open
    raise URLError(err)
urllib2.URLError: <urlopen error [Errno 110] Connection timed out>

==================================================
Summary of pdb4amber for: 3hrk.pdb
===================================================

----------Chains
The following (original) chains have been found:
A
B

---------- Alternate Locations (Original Residues!))

The following residues had alternate locations:
GLU_15
GLU_250
LEU_298
GLU_431
SER_515
GLU_663
LEU_711

---------- Gaps (Renumbered Residues!)
gap of 13.251203 A between LEU 407 and PHE 408
gap of 6.116934 A between THR 483 and HIE 484
gap of 12.719599 A between LEU 820 and PHE 821

---------- Mising heavy atom(s)

GLN_7 misses 4 heavy atom(s)
GLU_48 misses 4 heavy atom(s)
LYS_68 misses 3 heavy atom(s)
ARG_92 misses 6 heavy atom(s)
LYS_155 misses 2 heavy atom(s)
LYS_180 misses 4 heavy atom(s)
GLU_192 misses 4 heavy atom(s)
LYS_193 misses 4 heavy atom(s)
ARG_196 misses 6 heavy atom(s)
ARG_231 misses 6 heavy atom(s)
GLN_423 misses 4 heavy atom(s)
GLU_464 misses 4 heavy atom(s)
ARG_505 misses 6 heavy atom(s)
THR_526 misses 2 heavy atom(s)
ARG_529 misses 6 heavy atom(s)
LYS_568 misses 2 heavy atom(s)
LYS_593 misses 4 heavy atom(s)
LYS_603 misses 4 heavy atom(s)
GLU_605 misses 4 heavy atom(s)
LYS_606 misses 4 heavy atom(s)
ILE_607 misses 3 heavy atom(s)
ARG_644 misses 6 heavy atom(s)
The alternate coordinates have been discarded.
Only the first occurrence for each atom was kept.

==================================================
Summary of pdb4amber for: 3hrk_4tleap_uc1.pdb
===================================================

----------Chains
The following (original) chains have been found:
A
B

---------- Alternate Locations (Original Residues!))

The following residues had alternate locations:
None

---------- Gaps (Renumbered Residues!)
gap of 13.251203 A between LEU 407 and PHE 408
gap of 6.116934 A between THR 483 and HIE 484
gap of 12.719599 A between LEU 820 and PHE 821
gap of 13.251203 A between LEU 1239 and PHE 1240
gap of 6.116934 A between THR 1315 and HIE 1316
gap of 12.719599 A between LEU 1652 and PHE 1653
gap of 13.251203 A between LEU 2071 and PHE 2072
gap of 6.117148 A between THR 2147 and HIE 2148
gap of 12.718600 A between LEU 2484 and PHE 2485
gap of 13.251203 A between LEU 2903 and PHE 2904
gap of 6.116934 A between THR 2979 and HIE 2980
gap of 12.719599 A between LEU 3316 and PHE 3317

---------- Mising heavy atom(s)

None
not prmtop_filename /net/lewis/scratch1/nigel/amber/hi_lo/hr/3hrk/4amber_3hrk.prmtop

	Running AmberPrep : 3hrk.pdb


==================================================
Running pdb4amber on 3hrk.pdb
==================================================

==================================================
Setting up library files for non-standard residues
==================================================

  Residue "HAM" already in amber monomer library. Skipping elbow/antechamber
    run for this residue.
        

==================================================
Preparing asu files and 4phenix_3hrk.pdb
==================================================

~> tleap -f 3hrk_asu_tleap_input_run

Checking output filenames
  file : 3hrk_asu.prmtop
  file : 3hrk_asu.rst7

~> ChBox -c 3hrk_asu.rst7 -o 3hrk_asu.rst7 -X 112.36 -Y 166.987 -Z 66.021 -al 90.0 -bt 90.0 -gm 90.0 


============================================================
Preparing unit cell files: 4amber_3hrk.prmtop and 4amber_3hrk.rst7
============================================================

~> UnitCell -p 3hrk_4UnitCell.pdb -o 3hrk_4tleap_uc1.pdb


~> tleap -f 3hrk_uc_tleap_input_run

Checking output filenames
  file : 3hrk_uc.prmtop
  file : 3hrk_uc.rst7

~> ChBox -c 3hrk_uc.rst7 -o 3hrk_uc.rst7 -X 112.36 -Y 166.987 -Z 66.021 -al 90.0 -bt 90.0 -gm 90.0 


==================================================
Minimizing input coordinates.
==================================================

~> sander -O -i 3hrk_amber_all.in -p 4amber_3hrk.prmtop -c 4amber_3hrk.rst7 -o 3hrk.min.out            -ref 4amber_3hrk.rst7 -r 4amber_3hrk.min.rst7

checking special positions in 4phenix_3hrk.pdb

==================================================
Done.  Three new files have been made:
      4phenix_3hrk.pdb
      4amber_3hrk.prmtop
      4amber_3hrk.rst7
==================================================

Example

  phenix.refine 4phenix_3hrk.pdb use_amber=True \
    amber.topology_file_name=4amber_3hrk.prmtop \
    amber.coordinate_file_name=4amber_3hrk.rst7 \
    ....(other refinement keywords here).....



Substituting Amber PDB file for downloaded file
run_tests_local.py:222: UserWarning: os.system() is not safe: please use the subprocess module or libtbx.easy_run instead.
  os.system(cmd)

  Amber files
    PDB    : 3hrk.pdb
    MTZ    : 3hrk.mtz
    prmtop : 4amber_3hrk.prmtop
    rst7   : 4amber_3hrk.rst7
  
/net/lewis/raid1/scratch1/nigel/amber/hi_lo/hr/3hrk
return_files 3hrk
/net/chevy/raid1/nigel/amber/hi_lo
4amber_3hrk.pdb
4phenix_3hrk.pdb
cp 4phenix_3hrk.pdb /net/chevy/raid1/nigel/amber/hi_lo/hr/3hrk
3hrk.pdb
cp 3hrk.pdb /net/chevy/raid1/nigel/amber/hi_lo/hr/3hrk
4amber_3hrk.mtz
4phenix_3hrk.mtz
3hrk.mtz
cp 3hrk.mtz /net/chevy/raid1/nigel/amber/hi_lo/hr/3hrk
4amber_3hrk.rst7
cp 4amber_3hrk.rst7 /net/chevy/raid1/nigel/amber/hi_lo/hr/3hrk
4phenix_3hrk.rst7
3hrk.rst7
4amber_3hrk.prmtop
cp 4amber_3hrk.prmtop /net/chevy/raid1/nigel/amber/hi_lo/hr/3hrk
4phenix_3hrk.prmtop
3hrk.prmtop
4amber_3hrk_refine_001.log
4phenix_3hrk_refine_001.log
3hrk_refine_001.log
4amber_3hrk_refine_002.log
4phenix_3hrk_refine_002.log
3hrk_refine_002.log
4amber_3hrk_refine_001.pdb
4phenix_3hrk_refine_001.pdb
3hrk_refine_001.pdb
4amber_3hrk_refine_002.pdb
4phenix_3hrk_refine_002.pdb
3hrk_refine_002.pdb
local_archive /net/chevy/raid1/nigel/amber/hi_lo
archive PDB /net/chevy/raid1/nigel/amber/hi_lo/hr/3hrk/3hrk.pdb
/net/lewis/raid1/scratch1/nigel/amber/hi_lo/hr/3hrk
------------------------------
phenix.refine log filename ? > /net/chevy/raid1/nigel/amber/hi_lo/hr/3hrk/3hrk_refine_001.log
------------------------------

	Already done (on chevy) 3hrk_refine_001
------------------------------
phenix.refine log filename ? > /net/chevy/raid1/nigel/amber/hi_lo/hr/3hrk/3hrk_refine_002.log
------------------------------

	Already done (on chevy) 3hrk_refine_002
