HOST lewis.lbl.gov
only_i 33
only_code None
force_amber_prep True
dry_run False
1 1z3z,A,2.900,1zod,A,1.800
2 1psi,A,2.920,3ndd,A,1.500
3 3bpo,A,3.000,3l5w,I,2.000
4 1e6j,P,3.000,3mge,A,1.900
5 1r46,A,3.250,3hg3,A,1.900
6 2j0g,A,2.850,2j1g,A,1.950
7 1nsk,L,2.800,3bbb,A,1.300
8 1t04,B,3.000,1t3f,B,2.000
9 1kiu,B,3.000,1ze3,H,1.840
10 1kv3,A,2.800,2q3z,A,2.000
11 1wqs,A,2.800,2iph,A,1.750
12 3gwp,A,2.900,3i16,A,2.000
13 1c0n,A,2.800,1kmj,A,2.000
14 2r8j,A,3.100,3oha,A,2.000
15 1z5s,C,3.010,2grn,B,1.800
16 3icq,B,3.200,3m1i,A,2.000
17 1nb3,I,2.800,3kfq,C,1.990
... 33 1nb3
/net/chevy/raid1/nigel/amber/hi_lo
/net/chevy/raid1/nigel/amber/hi_lo/nb/1nb3
1nb3.pdb 4phenix_1nb3.pdb
local_archive None
archive PDB None
Reading from local mirror:
  /net/cci/pdb_mirror/pdb/nb/pdb1nb3.ent.gz
Model saved to /net/lewis/raid1/scratch1/nigel/amber/hi_lo/nb/1nb3/1nb3.pdb
Traceback (most recent call last):
  File "/net/cci-filer2/raid1/xp/phenix/phenix-svn/build/../modules/cctbx_project/mmtbx/command_line/fetch_pdb.py", line 199, in <module>
    run2(sys.argv[1:])
  File "/net/cci-filer2/raid1/xp/phenix/phenix-svn/build/../modules/cctbx_project/mmtbx/command_line/fetch_pdb.py", line 155, in run2
    files.append(get_pdb(id, data_type_, mirror, log, format=data_format))
  File "/net/cci-filer2/raid1/xp/phenix/phenix-svn/modules/cctbx_project/iotbx/pdb/fetch.py", line 213, in get_pdb
    data = fetch(id, data_type, mirror=mirror, format=format, log=log)
  File "/net/cci-filer2/raid1/xp/phenix/phenix-svn/modules/cctbx_project/iotbx/pdb/fetch.py", line 150, in fetch
    data = libtbx.utils.urlopen(url)
  File "/net/cci-filer2/raid1/xp/phenix/phenix-svn/modules/cctbx_project/libtbx/utils.py", line 2069, in urlopen
    return urllib2.urlopen(*args, **kwds)
  File "/net/cci-filer2/raid1/xp/phenix/phenix-svn/base/lib/python2.7/urllib2.py", line 127, in urlopen
    return _opener.open(url, data, timeout)
  File "/net/cci-filer2/raid1/xp/phenix/phenix-svn/base/lib/python2.7/urllib2.py", line 404, in open
    response = self._open(req, data)
  File "/net/cci-filer2/raid1/xp/phenix/phenix-svn/base/lib/python2.7/urllib2.py", line 422, in _open
    '_open', req)
  File "/net/cci-filer2/raid1/xp/phenix/phenix-svn/base/lib/python2.7/urllib2.py", line 382, in _call_chain
    result = func(*args)
  File "/net/cci-filer2/raid1/xp/phenix/phenix-svn/base/lib/python2.7/urllib2.py", line 1214, in http_open
    return self.do_open(httplib.HTTPConnection, req)
  File "/net/cci-filer2/raid1/xp/phenix/phenix-svn/base/lib/python2.7/urllib2.py", line 1184, in do_open
    raise URLError(err)
urllib2.URLError: <urlopen error [Errno 110] Connection timed out>
local_archive None
archive PDB None
Reading from local mirror:
  /net/cci/pdb_mirror/pdb/nb/pdb1nb3.ent.gz
Model saved to /net/lewis/raid1/scratch1/nigel/amber/hi_lo/nb/1nb3/1nb3.pdb
Traceback (most recent call last):
  File "/net/cci-filer2/raid1/xp/phenix/phenix-svn/build/../modules/cctbx_project/mmtbx/command_line/fetch_pdb.py", line 199, in <module>
    run2(sys.argv[1:])
  File "/net/cci-filer2/raid1/xp/phenix/phenix-svn/build/../modules/cctbx_project/mmtbx/command_line/fetch_pdb.py", line 155, in run2
    files.append(get_pdb(id, data_type_, mirror, log, format=data_format))
  File "/net/cci-filer2/raid1/xp/phenix/phenix-svn/modules/cctbx_project/iotbx/pdb/fetch.py", line 213, in get_pdb
    data = fetch(id, data_type, mirror=mirror, format=format, log=log)
  File "/net/cci-filer2/raid1/xp/phenix/phenix-svn/modules/cctbx_project/iotbx/pdb/fetch.py", line 150, in fetch
    data = libtbx.utils.urlopen(url)
  File "/net/cci-filer2/raid1/xp/phenix/phenix-svn/modules/cctbx_project/libtbx/utils.py", line 2069, in urlopen
    return urllib2.urlopen(*args, **kwds)
  File "/net/cci-filer2/raid1/xp/phenix/phenix-svn/base/lib/python2.7/urllib2.py", line 127, in urlopen
    return _opener.open(url, data, timeout)
  File "/net/cci-filer2/raid1/xp/phenix/phenix-svn/base/lib/python2.7/urllib2.py", line 404, in open
    response = self._open(req, data)
  File "/net/cci-filer2/raid1/xp/phenix/phenix-svn/base/lib/python2.7/urllib2.py", line 422, in _open
    '_open', req)
  File "/net/cci-filer2/raid1/xp/phenix/phenix-svn/base/lib/python2.7/urllib2.py", line 382, in _call_chain
    result = func(*args)
  File "/net/cci-filer2/raid1/xp/phenix/phenix-svn/base/lib/python2.7/urllib2.py", line 1214, in http_open
    return self.do_open(httplib.HTTPConnection, req)
  File "/net/cci-filer2/raid1/xp/phenix/phenix-svn/base/lib/python2.7/urllib2.py", line 1184, in do_open
    raise URLError(err)
urllib2.URLError: <urlopen error [Errno 110] Connection timed out>

==================================================
Summary of pdb4amber for: 1nb3.pdb
===================================================
REDUCE returned non-zero exit status: See reduce_info.log for more details

----------Chains
The following (original) chains have been found:
A
B
C
D
I
J
K
L
P
R
S
T

---------- Alternate Locations (Original Residues!))

The following residues had alternate locations:
None

---------- Mising heavy atom(s)

None
not prmtop_filename /net/lewis/scratch1/nigel/amber/hi_lo/nb/1nb3/4amber_1nb3.prmtop
not prmtop_filename /net/chevy/raid1/nigel/amber/hi_lo/nb/1nb3/4amber_1nb3.prmtop

	Running AmberPrep : 1nb3.pdb


==================================================
Running pdb4amber on 1nb3.pdb
==================================================

==================================================
Setting up library files for non-standard residues
==================================================

==================================================
Running elbow/antechamber for BMA 
==================================================

MoleculeClass :  C: 6  O: 6 (CHEMICAL COMPONENTS format)
	24 atoms
	24 bonds
	42 angles
	66 dihedrals
	1 rings (groups, rings, atoms) 1 6
	5 chirals : R S S S R 

~> antechamber -i 4antechamber_BMA.pdb -fi pdb -o BMA.mol2 -fo mol2       -nc 0 -m 1 -s 2 -pf y -c bcc -at gaff2 -ek "qm_theory='AM1', grms_tol=0.0005, scfconv=1.d-10, maxcyc=0, ndiis_attempts=700,"


~> parmchk2 -s 2 -i BMA.mol2 -f mol2 -o BMA.frcmod


==================================================
Running elbow/antechamber for NAG 
==================================================

==================================================
Summary of pdb4amber for: 1nb3_4tleap_uc1.pdb
===================================================

----------Chains
The following (original) chains have been found:
A
B
C
D
I
J
K
L
P
R
S
T

---------- Alternate Locations (Original Residues!))

The following residues had alternate locations:
None

---------- Gaps (Renumbered Residues!)
gap of 4.489807 A between GLY 174 and GLU 175
gap of 6.004912 A between GLU 175 and GLU 175
gap of 4.112176 A between GLU 175 and ASN 176
gap of 4.287545 A between GLY 499 and GLU 500
gap of 5.767383 A between GLU 500 and GLU 500
gap of 4.065433 A between GLU 500 and ASN 501
gap of 4.512435 A between GLY 824 and GLU 825
gap of 5.981639 A between GLU 825 and GLU 825
gap of 3.863190 A between GLU 825 and ASN 826
gap of 4.315165 A between GLY 1149 and GLU 1150
gap of 5.710788 A between GLU 1150 and GLU 1150
gap of 3.514514 A between GLU 1150 and ASN 1151
gap of 4.489807 A between GLY 2029 and GLU 2030
gap of 6.004912 A between GLU 2030 and GLU 2030
gap of 4.112176 A between GLU 2030 and ASN 2031
gap of 4.287545 A between GLY 2354 and GLU 2355
gap of 5.767383 A between GLU 2355 and GLU 2355
gap of 4.065433 A between GLU 2355 and ASN 2356
gap of 4.512435 A between GLY 2679 and GLU 2680
gap of 5.981639 A between GLU 2680 and GLU 2680
gap of 3.863190 A between GLU 2680 and ASN 2681
gap of 4.315165 A between GLY 3004 and GLU 3005
gap of 5.710788 A between GLU 3005 and GLU 3005
gap of 3.514514 A between GLU 3005 and ASN 3006

---------- Mising heavy atom(s)

None

MoleculeClass :  C: 8  N: 1  O: 6 (CHEMICAL COMPONENTS format)
	30 atoms
	30 bonds
	53 angles
	79 dihedrals
	1 rings (groups, rings, atoms) 1 6
	5 chirals : R R R S R 

~> antechamber -i 4antechamber_NAG.pdb -fi pdb -o NAG.mol2 -fo mol2       -nc 0 -m 1 -s 2 -pf y -c bcc -at gaff2 -ek "qm_theory='AM1', grms_tol=0.0005, scfconv=1.d-10, maxcyc=0, ndiis_attempts=700,"


~> parmchk2 -s 2 -i NAG.mol2 -f mol2 -o NAG.frcmod


==================================================
Preparing asu files and 4phenix_1nb3.pdb
==================================================

~> tleap -f 1nb3_asu_tleap_input_run

Checking output filenames
  file : 1nb3_asu.prmtop
  file : 1nb3_asu.rst7

~> ChBox -c 1nb3_asu.rst7 -o 1nb3_asu.rst7 -X 48.584 -Y 91.63 -Z 161.235 -al 90.0 -bt 93.69 -gm 90.0 


============================================================
Preparing unit cell files: 4amber_1nb3.prmtop and 4amber_1nb3.rst7
============================================================

~> UnitCell -p 1nb3_4UnitCell.pdb -o 1nb3_4tleap_uc1.pdb


~> tleap -f 1nb3_uc_tleap_input_run

Checking output filenames
  file : 1nb3_uc.prmtop
  file : 1nb3_uc.rst7

~> ChBox -c 1nb3_uc.rst7 -o 1nb3_uc.rst7 -X 48.584 -Y 91.63 -Z 161.235 -al 90.0 -bt 93.69 -gm 90.0 


==================================================
Minimizing input coordinates.
==================================================

~> sander -O -i 1nb3_amber_all.in -p 4amber_1nb3.prmtop -c 4amber_1nb3.rst7 -o 1nb3.min.out            -ref 4amber_1nb3.rst7 -r 4amber_1nb3.min.rst7

checking special positions in 4phenix_1nb3.pdb

==================================================
Done.  Three new files have been made:
      4phenix_1nb3.pdb
      4amber_1nb3.prmtop
      4amber_1nb3.rst7
==================================================

Example

  phenix.refine 4phenix_1nb3.pdb use_amber=True \
    amber.topology_file_name=4amber_1nb3.prmtop \
    amber.coordinate_file_name=4amber_1nb3.rst7 \
    ....(other refinement keywords here).....



Substituting Amber PDB file for downloaded file
run_tests_local.py:220: UserWarning: os.system() is not safe: please use the subprocess module or libtbx.easy_run instead.
  os.system(cmd)

  Amber files
    PDB    : 1nb3.pdb
    MTZ    : 1nb3.mtz
    prmtop : 4amber_1nb3.prmtop
    rst7   : 4amber_1nb3.rst7
  
/net/lewis/raid1/scratch1/nigel/amber/hi_lo/nb/1nb3
return_files 1nb3
/net/chevy/raid1/nigel/amber/hi_lo
4amber_1nb3.pdb
4phenix_1nb3.pdb
cp 4phenix_1nb3.pdb /net/chevy/raid1/nigel/amber/hi_lo/nb/1nb3
1nb3.pdb
cp 1nb3.pdb /net/chevy/raid1/nigel/amber/hi_lo/nb/1nb3
4amber_1nb3.mtz
4phenix_1nb3.mtz
1nb3.mtz
cp 1nb3.mtz /net/chevy/raid1/nigel/amber/hi_lo/nb/1nb3
4amber_1nb3.rst7
cp 4amber_1nb3.rst7 /net/chevy/raid1/nigel/amber/hi_lo/nb/1nb3
4phenix_1nb3.rst7
1nb3.rst7
4amber_1nb3.prmtop
cp 4amber_1nb3.prmtop /net/chevy/raid1/nigel/amber/hi_lo/nb/1nb3
4phenix_1nb3.prmtop
1nb3.prmtop
4amber_1nb3_refine_001.log
4phenix_1nb3_refine_001.log
1nb3_refine_001.log
4amber_1nb3_refine_002.log
4phenix_1nb3_refine_002.log
1nb3_refine_002.log
4amber_1nb3_refine_001.pdb
4phenix_1nb3_refine_001.pdb
1nb3_refine_001.pdb
4amber_1nb3_refine_002.pdb
4phenix_1nb3_refine_002.pdb
1nb3_refine_002.pdb
local_archive /net/chevy/raid1/nigel/amber/hi_lo
archive PDB /net/chevy/raid1/nigel/amber/hi_lo/nb/1nb3/1nb3.pdb
/net/lewis/raid1/scratch1/nigel/amber/hi_lo/nb/1nb3
------------------------------
phenix.refine log filename ? > /net/chevy/raid1/nigel/amber/hi_lo/nb/1nb3/1nb3_refine_001.log
------------------------------
------------------------------
phenix.refine log filename ? > 1nb3_refine_001.log
------------------------------
Running phenix.refine

phenix.refine 1nb3.pdb 1nb3.mtz c_beta_restraints=False discard_psi_phi=False strategy="*individual_sites individual_sites_real_space rigid_body *individual_adp group_adp tls *occupancies group_anomalous" refinement.target_weights.optimize_xyz_weight=True refinement.main.number_of_macro_cycles=10 write_geo=False serial=1 cdl=True

------------------------------
phenix.refine log filename ? > /net/chevy/raid1/nigel/amber/hi_lo/nb/1nb3/1nb3_refine_002.log
------------------------------
------------------------------
phenix.refine log filename ? > 1nb3_refine_002.log
------------------------------
Running phenix.refine

phenix.refine 1nb3.pdb 1nb3.mtz c_beta_restraints=False discard_psi_phi=False strategy="*individual_sites individual_sites_real_space rigid_body *individual_adp group_adp tls *occupancies group_anomalous" topology_file_name=/net/chevy/raid1/nigel/amber/hi_lo/nb/1nb3/4amber_1nb3.prmtop amber.coordinate_file_name=/net/chevy/raid1/nigel/amber/hi_lo/nb/1nb3/4amber_1nb3.rst7 use_amber=True refinement.target_weights.optimize_xyz_weight=True refinement.main.number_of_macro_cycles=10 write_geo=False amber.wxc_factor=0.300000 serial=2

