HOST rebus.lbl.gov
only_i 3
only_code None
force_amber_prep True
dry_run False
... 3 1psi
/net/chevy/raid1/nigel/amber/hi_lo
/net/chevy/raid1/nigel/amber/hi_lo/ps/1psi
1psi.pdb 4phenix_1psi.pdb
local_archive None
archive PDB None
Reading from local mirror:
  /net/cci/pdb_mirror/pdb/ps/pdb1psi.ent.gz
Model saved to /net/rebus/raid1/scratch1/nigel/amber/hi_lo/ps/1psi/1psi.pdb
Sequence saved to /net/rebus/raid1/scratch1/nigel/amber/hi_lo/ps/1psi/1psi.fa
Reading from local mirror:
  /net/cci/pdb_mirror/structure_factors/ps/r1psisf.ent.gz
Structure factors saved to /net/rebus/raid1/scratch1/nigel/amber/hi_lo/ps/1psi/1psi-sf.cif
Reading from local mirror:
  /net/cci/pdb_mirror/mmcif/ps/1psi.cif.gz
Model saved to /net/rebus/raid1/scratch1/nigel/amber/hi_lo/ps/1psi/1psi.cif
Can't determine output label for r1psisf,_refln.crystal_id - skipping.
Can't determine output label for r1psisf,_refln.scale_group_code - skipping.
Can't determine output label for r1psisf,_refln.wavelength_id - skipping.
Converted structure factors saved to 1psi.mtz
local_archive None
archive PDB None
Reading from local mirror:
  /net/cci/pdb_mirror/pdb/ps/pdb1psi.ent.gz
Model saved to /net/rebus/raid1/scratch1/nigel/amber/hi_lo/ps/1psi/1psi.pdb
Sequence saved to /net/rebus/raid1/scratch1/nigel/amber/hi_lo/ps/1psi/1psi.fa
Reading from local mirror:
  /net/cci/pdb_mirror/structure_factors/ps/r1psisf.ent.gz
Structure factors saved to /net/rebus/raid1/scratch1/nigel/amber/hi_lo/ps/1psi/1psi-sf.cif
Reading from local mirror:
  /net/cci/pdb_mirror/mmcif/ps/1psi.cif.gz
Model saved to /net/rebus/raid1/scratch1/nigel/amber/hi_lo/ps/1psi/1psi.cif
Can't determine output label for r1psisf,_refln.crystal_id - skipping.
Can't determine output label for r1psisf,_refln.scale_group_code - skipping.
Can't determine output label for r1psisf,_refln.wavelength_id - skipping.
Converted structure factors saved to 1psi.mtz
not prmtop_filename /net/rebus/scratch1/nigel/amber/hi_lo/ps/1psi/4amber_1psi.prmtop
not pdb_filename /net/chevy/raid1/nigel/amber/hi_lo/ps/1psi/4phenix_1psi.pdb

	Running AmberPrep : 1psi.pdb


==================================================
Running pdb4amber on 1psi.pdb
==================================================

==================================================
Setting up library files for non-standard residues
==================================================

==================================================
Running elbow/antechamber for SCS 
==================================================

MoleculeClass :  C: 5  N: 1  O: 2  S: 2 (CHEMICAL COMPONENTS format)
	20 atoms
	19 bonds
	32 angles
	37 dihedrals
	0 rings (groups, rings, atoms) 0 0
	1 chirals : R 

~> antechamber -i 4antechamber_SCS.pdb -fi pdb -o SCS.mol2 -fo mol2       -nc -1 -m 1 -s 2 -pf y -c bcc -at gaff2 -ek "qm_theory='AM1', grms_tol=0.0005, scfconv=1.d-10, maxcyc=0, ndiis_attempts=700,"


~> parmchk2 -s 2 -i SCS.mol2 -f mol2 -o SCS.frcmod


==================================================
Preparing asu files and 4phenix_1psi.pdb
==================================================

~> tleap -f 1psi_asu_tleap_input_run

Checking output filenames
  file : 1psi_asu.prmtop
