HOST rebus.lbl.gov
only_i 174
only_code None
force_amber_prep True
dry_run False
... 174 1kxg
/net/chevy/raid1/nigel/amber/hi_lo
/net/chevy/raid1/nigel/amber/hi_lo/kx/1kxg
1kxg.pdb 4phenix_1kxg.pdb
local_archive None
archive PDB None
Reading from local mirror:
  /net/cci/pdb_mirror/pdb/kx/pdb1kxg.ent.gz
Model saved to /net/rebus/raid1/scratch1/nigel/amber/hi_lo/kx/1kxg/1kxg.pdb
Sequence saved to /net/rebus/raid1/scratch1/nigel/amber/hi_lo/kx/1kxg/1kxg.fa
Reading from local mirror:
  /net/cci/pdb_mirror/structure_factors/kx/r1kxgsf.ent.gz
Structure factors saved to /net/rebus/raid1/scratch1/nigel/amber/hi_lo/kx/1kxg/1kxg-sf.cif
Reading from local mirror:
  /net/cci/pdb_mirror/mmcif/kx/1kxg.cif.gz
Model saved to /net/rebus/raid1/scratch1/nigel/amber/hi_lo/kx/1kxg/1kxg.cif
Can't determine output label for r1kxgsf,_refln.crystal_id - skipping.
Can't determine output label for r1kxgsf,_refln.scale_group_code - skipping.
Can't determine output label for r1kxgsf,_refln.wavelength_id - skipping.
Converted structure factors saved to 1kxg.mtz
local_archive None
archive PDB None
Reading from local mirror:
  /net/cci/pdb_mirror/pdb/kx/pdb1kxg.ent.gz
Model saved to /net/rebus/raid1/scratch1/nigel/amber/hi_lo/kx/1kxg/1kxg.pdb
Sequence saved to /net/rebus/raid1/scratch1/nigel/amber/hi_lo/kx/1kxg/1kxg.fa
Reading from local mirror:
  /net/cci/pdb_mirror/structure_factors/kx/r1kxgsf.ent.gz
Structure factors saved to /net/rebus/raid1/scratch1/nigel/amber/hi_lo/kx/1kxg/1kxg-sf.cif
Reading from local mirror:
  /net/cci/pdb_mirror/mmcif/kx/1kxg.cif.gz
Model saved to /net/rebus/raid1/scratch1/nigel/amber/hi_lo/kx/1kxg/1kxg.cif
Can't determine output label for r1kxgsf,_refln.crystal_id - skipping.
Can't determine output label for r1kxgsf,_refln.scale_group_code - skipping.
Can't determine output label for r1kxgsf,_refln.wavelength_id - skipping.
Converted structure factors saved to 1kxg.mtz
not prmtop_filename /net/rebus/scratch1/nigel/amber/hi_lo/kx/1kxg/4amber_1kxg.prmtop
not prmtop_filename /net/chevy/raid1/nigel/amber/hi_lo/kx/1kxg/4amber_1kxg.prmtop

	Running AmberPrep : 1kxg.pdb


==================================================
Running pdb4amber on 1kxg.pdb
==================================================

==================================================
Setting up library files for non-standard residues
==================================================

  Residue "DIO" already in amber monomer library. Skipping elbow/antechamber
    run for this residue.
        

  Residue "CIT" already in amber monomer library. Skipping elbow/antechamber
    run for this residue.
        

==================================================
Preparing asu files and 4phenix_1kxg.pdb
==================================================

~> tleap -f 1kxg_asu_tleap_input_run

Checking output filenames
  file : 1kxg_asu.prmtop
