HOST lewis.lbl.gov
only_i 178
only_code None
force_amber_prep True
dry_run False
... 178 3f0t
/net/chevy/raid1/nigel/amber/hi_lo
/net/chevy/raid1/nigel/amber/hi_lo/f0/3f0t
3f0t.pdb 4phenix_3f0t.pdb
3f0t.pdb 4phenix_3f0t.pdb
local_archive None
archive PDB None
Reading from local mirror:
  /net/cci/pdb_mirror/pdb/f0/pdb3f0t.ent.gz
Model saved to /net/lewis/raid1/scratch1/nigel/amber/hi_lo/f0/3f0t/3f0t.pdb
Traceback (most recent call last):
  File "/net/cci-filer2/raid1/xp/phenix/phenix-svn/build/../modules/cctbx_project/mmtbx/command_line/fetch_pdb.py", line 199, in <module>
    run2(sys.argv[1:])
  File "/net/cci-filer2/raid1/xp/phenix/phenix-svn/build/../modules/cctbx_project/mmtbx/command_line/fetch_pdb.py", line 155, in run2
    files.append(get_pdb(id, data_type_, mirror, log, format=data_format))
  File "/net/cci-filer2/raid1/xp/phenix/phenix-svn/modules/cctbx_project/iotbx/pdb/fetch.py", line 213, in get_pdb
    data = fetch(id, data_type, mirror=mirror, format=format, log=log)
  File "/net/cci-filer2/raid1/xp/phenix/phenix-svn/modules/cctbx_project/iotbx/pdb/fetch.py", line 150, in fetch
    data = libtbx.utils.urlopen(url)
  File "/net/cci-filer2/raid1/xp/phenix/phenix-svn/modules/cctbx_project/libtbx/utils.py", line 2069, in urlopen
    return urllib2.urlopen(*args, **kwds)
  File "/net/cci-filer2/raid1/xp/phenix/phenix-svn/base/lib/python2.7/urllib2.py", line 127, in urlopen
    return _opener.open(url, data, timeout)
  File "/net/cci-filer2/raid1/xp/phenix/phenix-svn/base/lib/python2.7/urllib2.py", line 404, in open
    response = self._open(req, data)
  File "/net/cci-filer2/raid1/xp/phenix/phenix-svn/base/lib/python2.7/urllib2.py", line 422, in _open
    '_open', req)
  File "/net/cci-filer2/raid1/xp/phenix/phenix-svn/base/lib/python2.7/urllib2.py", line 382, in _call_chain
    result = func(*args)
  File "/net/cci-filer2/raid1/xp/phenix/phenix-svn/base/lib/python2.7/urllib2.py", line 1214, in http_open
    return self.do_open(httplib.HTTPConnection, req)
  File "/net/cci-filer2/raid1/xp/phenix/phenix-svn/base/lib/python2.7/urllib2.py", line 1184, in do_open
    raise URLError(err)
urllib2.URLError: <urlopen error [Errno 110] Connection timed out>
local_archive None
archive PDB None
Reading from local mirror:
  /net/cci/pdb_mirror/pdb/f0/pdb3f0t.ent.gz
Model saved to /net/lewis/raid1/scratch1/nigel/amber/hi_lo/f0/3f0t/3f0t.pdb
Traceback (most recent call last):
  File "/net/cci-filer2/raid1/xp/phenix/phenix-svn/build/../modules/cctbx_project/mmtbx/command_line/fetch_pdb.py", line 199, in <module>
    run2(sys.argv[1:])
  File "/net/cci-filer2/raid1/xp/phenix/phenix-svn/build/../modules/cctbx_project/mmtbx/command_line/fetch_pdb.py", line 155, in run2
    files.append(get_pdb(id, data_type_, mirror, log, format=data_format))
  File "/net/cci-filer2/raid1/xp/phenix/phenix-svn/modules/cctbx_project/iotbx/pdb/fetch.py", line 213, in get_pdb
    data = fetch(id, data_type, mirror=mirror, format=format, log=log)
  File "/net/cci-filer2/raid1/xp/phenix/phenix-svn/modules/cctbx_project/iotbx/pdb/fetch.py", line 150, in fetch
    data = libtbx.utils.urlopen(url)
  File "/net/cci-filer2/raid1/xp/phenix/phenix-svn/modules/cctbx_project/libtbx/utils.py", line 2069, in urlopen
    return urllib2.urlopen(*args, **kwds)
  File "/net/cci-filer2/raid1/xp/phenix/phenix-svn/base/lib/python2.7/urllib2.py", line 127, in urlopen
    return _opener.open(url, data, timeout)
  File "/net/cci-filer2/raid1/xp/phenix/phenix-svn/base/lib/python2.7/urllib2.py", line 404, in open
    response = self._open(req, data)
  File "/net/cci-filer2/raid1/xp/phenix/phenix-svn/base/lib/python2.7/urllib2.py", line 422, in _open
    '_open', req)
  File "/net/cci-filer2/raid1/xp/phenix/phenix-svn/base/lib/python2.7/urllib2.py", line 382, in _call_chain
    result = func(*args)
  File "/net/cci-filer2/raid1/xp/phenix/phenix-svn/base/lib/python2.7/urllib2.py", line 1214, in http_open
    return self.do_open(httplib.HTTPConnection, req)
  File "/net/cci-filer2/raid1/xp/phenix/phenix-svn/base/lib/python2.7/urllib2.py", line 1184, in do_open
    raise URLError(err)
urllib2.URLError: <urlopen error [Errno 110] Connection timed out>

==================================================
Summary of pdb4amber for: 3f0t.pdb
===================================================

----------Chains
The following (original) chains have been found:
A
B

---------- Alternate Locations (Original Residues!))

The following residues had alternate locations:
MET_86
ARG_229
MET_394
MET_438
MET_441
CYS_610

---------- Gaps (Renumbered Residues!)
gap of 8.748545 A between ALA 103 and PRO 104
gap of 19.339866 A between GLY 215 and PRO 216
gap of 8.560811 A between ALA 411 and PRO 412
gap of 10.109421 A between ARG 479 and PRO 480
gap of 18.415937 A between GLY 521 and PRO 522

---------- Mising heavy atom(s)

None
The alternate coordinates have been discarded.
Only the first occurrence for each atom was kept.

==================================================
Summary of pdb4amber for: 3f0t_4tleap_uc1.pdb
===================================================

----------Chains
The following (original) chains have been found:
A
B

---------- Alternate Locations (Original Residues!))

The following residues had alternate locations:
None

---------- Gaps (Renumbered Residues!)
gap of 8.748545 A between ALA 103 and PRO 104
gap of 19.339866 A between GLY 215 and PRO 216
gap of 8.560811 A between ALA 411 and PRO 412
gap of 10.109421 A between ARG 479 and PRO 480
gap of 18.415937 A between GLY 521 and PRO 522
gap of 8.748545 A between ALA 1036 and PRO 1037
gap of 19.339866 A between GLY 1148 and PRO 1149
gap of 8.560811 A between ALA 1344 and PRO 1345
gap of 10.109421 A between ARG 1412 and PRO 1413
gap of 18.415937 A between GLY 1454 and PRO 1455
gap of 8.748545 A between ALA 1969 and PRO 1970
gap of 19.339866 A between GLY 2081 and PRO 2082
gap of 8.560811 A between ALA 2277 and PRO 2278
gap of 10.109421 A between ARG 2345 and PRO 2346
gap of 18.415937 A between GLY 2387 and PRO 2388
gap of 8.748545 A between ALA 2902 and PRO 2903
gap of 19.339866 A between GLY 3014 and PRO 3015
gap of 8.560811 A between ALA 3210 and PRO 3211
gap of 10.109421 A between ARG 3278 and PRO 3279
gap of 18.415937 A between GLY 3320 and PRO 3321
gap of 8.748545 A between ALA 3835 and PRO 3836
gap of 19.340577 A between GLY 3947 and PRO 3948
gap of 8.560945 A between ALA 4143 and PRO 4144
gap of 10.109421 A between ARG 4211 and PRO 4212
gap of 18.415937 A between GLY 4253 and PRO 4254
gap of 8.748545 A between ALA 4768 and PRO 4769
gap of 19.339866 A between GLY 4880 and PRO 4881
gap of 8.560945 A between ALA 5076 and PRO 5077
gap of 10.109421 A between ARG 5144 and PRO 5145
gap of 18.415599 A between GLY 5186 and PRO 5187
gap of 8.748545 A between ALA 5701 and PRO 5702
gap of 19.340577 A between GLY 5813 and PRO 5814
gap of 8.560945 A between ALA 6009 and PRO 6010
gap of 10.109421 A between ARG 6077 and PRO 6078
gap of 18.415937 A between GLY 6119 and PRO 6120
gap of 8.748545 A between ALA 6634 and PRO 6635
gap of 19.339866 A between GLY 6746 and PRO 6747
gap of 8.560945 A between ALA 6942 and PRO 6943
gap of 10.109421 A between ARG 7010 and PRO 7011
gap of 18.415599 A between GLY 7052 and PRO 7053

---------- Mising heavy atom(s)

None
not prmtop_filename /net/lewis/scratch1/nigel/amber/hi_lo/f0/3f0t/4amber_3f0t.prmtop

	Running AmberPrep : 3f0t.pdb


==================================================
Running pdb4amber on 3f0t.pdb
==================================================

==================================================
Setting up library files for non-standard residues
==================================================

  Residue "SO4" already in amber monomer library. Skipping elbow/antechamber
    run for this residue.
        

  Residue "NCV" already in amber monomer library. Skipping elbow/antechamber
    run for this residue.
        

==================================================
Preparing asu files and 4phenix_3f0t.pdb
==================================================

~> tleap -f 3f0t_asu_tleap_input_run

Checking output filenames
  file : 3f0t_asu.prmtop
  file : 3f0t_asu.rst7

~> ChBox -c 3f0t_asu.rst7 -o 3f0t_asu.rst7 -X 113.0 -Y 117.365 -Z 107.762 -al 90.0 -bt 90.0 -gm 90.0 


============================================================
Preparing unit cell files: 4amber_3f0t.prmtop and 4amber_3f0t.rst7
============================================================

~> UnitCell -p 3f0t_4UnitCell.pdb -o 3f0t_4tleap_uc1.pdb


~> tleap -f 3f0t_uc_tleap_input_run

Checking output filenames
  file : 3f0t_uc.prmtop
  file : 3f0t_uc.rst7

~> ChBox -c 3f0t_uc.rst7 -o 3f0t_uc.rst7 -X 113.0 -Y 117.365 -Z 107.762 -al 90.0 -bt 90.0 -gm 90.0 


==================================================
Minimizing input coordinates.
==================================================

~> sander -O -i 3f0t_amber_all.in -p 4amber_3f0t.prmtop -c 4amber_3f0t.rst7 -o 3f0t.min.out            -ref 4amber_3f0t.rst7 -r 4amber_3f0t.min.rst7

checking special positions in 4phenix_3f0t.pdb

==================================================
Done.  Three new files have been made:
      4phenix_3f0t.pdb
      4amber_3f0t.prmtop
      4amber_3f0t.rst7
==================================================

Example

  phenix.refine 4phenix_3f0t.pdb use_amber=True \
    amber.topology_file_name=4amber_3f0t.prmtop \
    amber.coordinate_file_name=4amber_3f0t.rst7 \
    ....(other refinement keywords here).....



Substituting Amber PDB file for downloaded file
run_tests_local.py:222: UserWarning: os.system() is not safe: please use the subprocess module or libtbx.easy_run instead.
  os.system(cmd)

  Amber files
    PDB    : 3f0t.pdb
    MTZ    : 3f0t.mtz
    prmtop : 4amber_3f0t.prmtop
    rst7   : 4amber_3f0t.rst7
  
/net/lewis/raid1/scratch1/nigel/amber/hi_lo/f0/3f0t
return_files 3f0t
/net/chevy/raid1/nigel/amber/hi_lo
4amber_3f0t.pdb
4phenix_3f0t.pdb
cp 4phenix_3f0t.pdb /net/chevy/raid1/nigel/amber/hi_lo/f0/3f0t
3f0t.pdb
cp 3f0t.pdb /net/chevy/raid1/nigel/amber/hi_lo/f0/3f0t
4amber_3f0t.mtz
4phenix_3f0t.mtz
3f0t.mtz
cp 3f0t.mtz /net/chevy/raid1/nigel/amber/hi_lo/f0/3f0t
4amber_3f0t.rst7
cp 4amber_3f0t.rst7 /net/chevy/raid1/nigel/amber/hi_lo/f0/3f0t
4phenix_3f0t.rst7
3f0t.rst7
4amber_3f0t.prmtop
cp 4amber_3f0t.prmtop /net/chevy/raid1/nigel/amber/hi_lo/f0/3f0t
4phenix_3f0t.prmtop
3f0t.prmtop
4amber_3f0t_refine_001.log
4phenix_3f0t_refine_001.log
3f0t_refine_001.log
4amber_3f0t_refine_002.log
4phenix_3f0t_refine_002.log
3f0t_refine_002.log
4amber_3f0t_refine_001.pdb
4phenix_3f0t_refine_001.pdb
3f0t_refine_001.pdb
4amber_3f0t_refine_002.pdb
4phenix_3f0t_refine_002.pdb
3f0t_refine_002.pdb
local_archive /net/chevy/raid1/nigel/amber/hi_lo
archive PDB /net/chevy/raid1/nigel/amber/hi_lo/f0/3f0t/3f0t.pdb
/net/lewis/raid1/scratch1/nigel/amber/hi_lo/f0/3f0t
------------------------------
phenix.refine log filename ? > /net/chevy/raid1/nigel/amber/hi_lo/f0/3f0t/3f0t_refine_001.log
------------------------------

	Already done (on chevy) 3f0t_refine_001
------------------------------
phenix.refine log filename ? > /net/chevy/raid1/nigel/amber/hi_lo/f0/3f0t/3f0t_refine_002.log
------------------------------

	Already done (on chevy) 3f0t_refine_002
