HOST morse.lbl.gov
only_i 81
only_code None
force_amber_prep True
dry_run False
... 81 1yrp
/net/chevy/raid1/nigel/amber/hi_lo
/net/chevy/raid1/nigel/amber/hi_lo/yr/1yrp
1yrp.pdb 4phenix_1yrp.pdb
local_archive None
archive PDB None
Reading from local mirror:
  /net/cci/pdb_mirror/pdb/yr/pdb1yrp.ent.gz
Model saved to /net/morse/raid1/scratch1/nigel/amber/hi_lo/yr/1yrp/1yrp.pdb
Sequence saved to /net/morse/raid1/scratch1/nigel/amber/hi_lo/yr/1yrp/1yrp.fa
Reading from local mirror:
  /net/cci/pdb_mirror/structure_factors/yr/r1yrpsf.ent.gz
Structure factors saved to /net/morse/raid1/scratch1/nigel/amber/hi_lo/yr/1yrp/1yrp-sf.cif
Reading from local mirror:
  /net/cci/pdb_mirror/mmcif/yr/1yrp.cif.gz
Model saved to /net/morse/raid1/scratch1/nigel/amber/hi_lo/yr/1yrp/1yrp.cif
Can't determine output label for r1yrpsf,_refln.crystal_id - skipping.
Can't determine output label for r1yrpsf,_refln.scale_group_code - skipping.
R-free-flags: fraction_free=0.050
R-free-flags: missing 294 reflections
Can't determine output label for r1yrpsf,_refln.wavelength_id - skipping.
Converted structure factors saved to 1yrp.mtz
local_archive None
archive PDB None
Reading from local mirror:
  /net/cci/pdb_mirror/pdb/yr/pdb1yrp.ent.gz
Model saved to /net/morse/raid1/scratch1/nigel/amber/hi_lo/yr/1yrp/1yrp.pdb
Sequence saved to /net/morse/raid1/scratch1/nigel/amber/hi_lo/yr/1yrp/1yrp.fa
Reading from local mirror:
  /net/cci/pdb_mirror/structure_factors/yr/r1yrpsf.ent.gz
Structure factors saved to /net/morse/raid1/scratch1/nigel/amber/hi_lo/yr/1yrp/1yrp-sf.cif
Reading from local mirror:
  /net/cci/pdb_mirror/mmcif/yr/1yrp.cif.gz
Model saved to /net/morse/raid1/scratch1/nigel/amber/hi_lo/yr/1yrp/1yrp.cif
Can't determine output label for r1yrpsf,_refln.crystal_id - skipping.
Can't determine output label for r1yrpsf,_refln.scale_group_code - skipping.
R-free-flags: fraction_free=0.050
R-free-flags: missing 294 reflections
Can't determine output label for r1yrpsf,_refln.wavelength_id - skipping.
Converted structure factors saved to 1yrp.mtz

==================================================
Summary of pdb4amber for: 1yrp.pdb
===================================================
REDUCE returned non-zero exit status: See reduce_info.log for more details

----------Chains
The following (original) chains have been found:
A
B

---------- Alternate Locations (Original Residues!))

The following residues had alternate locations:
None

---------- Gaps (Renumbered Residues!)
gap of 4.415471 A between MET 263 and ILE 265
gap of 4.402744 A between MET 539 and ILE 541

---------- Mising heavy atom(s)

None
not prmtop_filename /net/morse/scratch1/nigel/amber/hi_lo/yr/1yrp/4amber_1yrp.prmtop
not pdb_filename /net/chevy/raid1/nigel/amber/hi_lo/yr/1yrp/4phenix_1yrp.pdb

	Running AmberPrep : 1yrp.pdb


==================================================
Running pdb4amber on 1yrp.pdb
==================================================

==================================================
Setting up library files for non-standard residues
==================================================

==================================================
Running elbow/antechamber for TPO 
==================================================

MoleculeClass :  C: 4  N: 1  O: 6  P: 1 (CHEMICAL COMPONENTS format)
	19 atoms
	18 bonds
	31 angles
	36 dihedrals
	0 rings (groups, rings, atoms) 0 0
	2 chirals : S R 

~> antechamber -i 4antechamber_TPO.pdb -fi pdb -o TPO.mol2 -fo mol2       -nc -3 -m 1 -s 2 -pf y -c bcc -at gaff2 -ek "qm_theory='AM1',grms_tol=0.0005,scfconv=1.d-10,maxcyc=0,ndiis_attempts=700,"


~> parmchk2 -s 2 -i TPO.mol2 -f mol2 -o TPO.frcmod


  Residue "DTT" already in amber monomer library. Skipping elbow/antechamber
    run for this residue.
        

==================================================
Preparing asu files and 4phenix_1yrp.pdb
==================================================

~> tleap -f 1yrp_asu_tleap_input_run

Checking output filenames
  file : 1yrp_asu.prmtop
Sorry:   Output file is empty : 1yrp_asu.prmtop
  Check contents of "leap.log"
