HOST morse.lbl.gov
only_i 105
only_code None
force_amber_prep True
dry_run False
... 105 1bot
/net/chevy/raid1/nigel/amber/hi_lo
/net/chevy/raid1/nigel/amber/hi_lo/bo/1bot
1bot.pdb 4phenix_1bot.pdb
local_archive None
archive PDB None
Reading from local mirror:
  /net/cci/pdb_mirror/pdb/bo/pdb1bot.ent.gz
Model saved to /net/morse/raid1/scratch1/nigel/amber/hi_lo/bo/1bot/1bot.pdb
Sequence saved to /net/morse/raid1/scratch1/nigel/amber/hi_lo/bo/1bot/1bot.fa
Reading from local mirror:
  /net/cci/pdb_mirror/structure_factors/bo/r1botsf.ent.gz
Structure factors saved to /net/morse/raid1/scratch1/nigel/amber/hi_lo/bo/1bot/1bot-sf.cif
Reading from local mirror:
  /net/cci/pdb_mirror/mmcif/bo/1bot.cif.gz
Model saved to /net/morse/raid1/scratch1/nigel/amber/hi_lo/bo/1bot/1bot.cif
Can't determine output label for r1botsf,_refln.crystal_id - skipping.
Can't determine output label for r1botsf,_refln.scale_group_code - skipping.
Can't determine output label for r1botsf,_refln.wavelength_id - skipping.
Converted structure factors saved to 1bot.mtz
local_archive None
archive PDB None
Reading from local mirror:
  /net/cci/pdb_mirror/pdb/bo/pdb1bot.ent.gz
Model saved to /net/morse/raid1/scratch1/nigel/amber/hi_lo/bo/1bot/1bot.pdb
Sequence saved to /net/morse/raid1/scratch1/nigel/amber/hi_lo/bo/1bot/1bot.fa
Reading from local mirror:
  /net/cci/pdb_mirror/structure_factors/bo/r1botsf.ent.gz
Structure factors saved to /net/morse/raid1/scratch1/nigel/amber/hi_lo/bo/1bot/1bot-sf.cif
Reading from local mirror:
  /net/cci/pdb_mirror/mmcif/bo/1bot.cif.gz
Model saved to /net/morse/raid1/scratch1/nigel/amber/hi_lo/bo/1bot/1bot.cif
Can't determine output label for r1botsf,_refln.crystal_id - skipping.
Can't determine output label for r1botsf,_refln.scale_group_code - skipping.
Can't determine output label for r1botsf,_refln.wavelength_id - skipping.
Converted structure factors saved to 1bot.mtz

==================================================
Summary of pdb4amber for: 1bot.pdb
===================================================
REDUCE returned non-zero exit status: See reduce_info.log for more details

----------Chains
The following (original) chains have been found:
O
Z

---------- Alternate Locations (Original Residues!))

The following residues had alternate locations:
None

---------- Mising heavy atom(s)

None
not prmtop_filename /net/morse/scratch1/nigel/amber/hi_lo/bo/1bot/4amber_1bot.prmtop
not prmtop_filename /net/chevy/raid1/nigel/amber/hi_lo/bo/1bot/4amber_1bot.prmtop

	Running AmberPrep : 1bot.pdb


==================================================
Running pdb4amber on 1bot.pdb
==================================================

==================================================
Setting up library files for non-standard residues
==================================================

  Residue "GOL" already in amber monomer library. Skipping elbow/antechamber
    run for this residue.
        

  Residue "EPE" already in amber monomer library. Skipping elbow/antechamber
    run for this residue.
        

==================================================
Preparing asu files and 4phenix_1bot.pdb
==================================================

~> tleap -f 1bot_asu_tleap_input_run

Checking output filenames
  file : 1bot_asu.prmtop
Sorry:   Output file is empty : 1bot_asu.prmtop
  Check contents of "leap.log"
