HOST morse.lbl.gov
only_i 110
only_code None
force_amber_prep True
dry_run False
... 110 1tn3
/net/chevy/raid1/nigel/amber/hi_lo
/net/chevy/raid1/nigel/amber/hi_lo/tn/1tn3
1tn3.pdb 4phenix_1tn3.pdb
1tn3.pdb 4phenix_1tn3.pdb
local_archive None
archive PDB None
Reading from local mirror:
  /net/cci/pdb_mirror/pdb/tn/pdb1tn3.ent.gz
Model saved to /net/morse/raid1/scratch1/nigel/amber/hi_lo/tn/1tn3/1tn3.pdb
Sequence saved to /net/morse/raid1/scratch1/nigel/amber/hi_lo/tn/1tn3/1tn3.fa
Reading from local mirror:
  /net/cci/pdb_mirror/structure_factors/tn/r1tn3sf.ent.gz
Structure factors saved to /net/morse/raid1/scratch1/nigel/amber/hi_lo/tn/1tn3/1tn3-sf.cif
Reading from local mirror:
  /net/cci/pdb_mirror/mmcif/tn/1tn3.cif.gz
Model saved to /net/morse/raid1/scratch1/nigel/amber/hi_lo/tn/1tn3/1tn3.cif
Can't determine output label for r1tn3sf,_refln.crystal_id - skipping.
Can't determine output label for r1tn3sf,_refln.scale_group_code - skipping.
Can't determine output label for r1tn3sf,_refln.wavelength_id - skipping.
Converted structure factors saved to 1tn3.mtz
local_archive None
archive PDB None
Reading from local mirror:
  /net/cci/pdb_mirror/pdb/tn/pdb1tn3.ent.gz
Model saved to /net/morse/raid1/scratch1/nigel/amber/hi_lo/tn/1tn3/1tn3.pdb
Sequence saved to /net/morse/raid1/scratch1/nigel/amber/hi_lo/tn/1tn3/1tn3.fa
Reading from local mirror:
  /net/cci/pdb_mirror/structure_factors/tn/r1tn3sf.ent.gz
Structure factors saved to /net/morse/raid1/scratch1/nigel/amber/hi_lo/tn/1tn3/1tn3-sf.cif
Reading from local mirror:
  /net/cci/pdb_mirror/mmcif/tn/1tn3.cif.gz
Model saved to /net/morse/raid1/scratch1/nigel/amber/hi_lo/tn/1tn3/1tn3.cif
Can't determine output label for r1tn3sf,_refln.crystal_id - skipping.
Can't determine output label for r1tn3sf,_refln.scale_group_code - skipping.
Can't determine output label for r1tn3sf,_refln.wavelength_id - skipping.
Converted structure factors saved to 1tn3.mtz

==================================================
Summary of pdb4amber for: 1tn3.pdb
===================================================

----------Chains
The following (original) chains have been found:
A

---------- Alternate Locations (Original Residues!))

The following residues had alternate locations:
THR_4
VAL_5
MET_14
THR_94
GLU_95
THR_97
ALA_98

---------- Mising heavy atom(s)

LYS_11 misses 4 heavy atom(s)
The alternate coordinates have been discarded.
Only the first occurrence for each atom was kept.

==================================================
Summary of pdb4amber for: 1tn3_4tleap_uc1.pdb
===================================================

----------Chains
The following (original) chains have been found:
A

---------- Alternate Locations (Original Residues!))

The following residues had alternate locations:
None

---------- Mising heavy atom(s)

None
not prmtop_filename /net/morse/scratch1/nigel/amber/hi_lo/tn/1tn3/4amber_1tn3.prmtop

	Running AmberPrep : 1tn3.pdb


==================================================
Running pdb4amber on 1tn3.pdb
==================================================

==================================================
Setting up library files for non-standard residues
==================================================

  Residue "EOH" already in amber monomer library. Skipping elbow/antechamber
    run for this residue.
        

  Residue "SO4" already in amber monomer library. Skipping elbow/antechamber
    run for this residue.
        

==================================================
Preparing asu files and 4phenix_1tn3.pdb
==================================================

~> tleap -f 1tn3_asu_tleap_input_run

Checking output filenames
  file : 1tn3_asu.prmtop
  file : 1tn3_asu.rst7

~> ChBox -c 1tn3_asu.rst7 -o 1tn3_asu.rst7 -X 64.25 -Y 64.25 -Z 75.8 -al 90.0 -bt 90.0 -gm 90.0 


============================================================
Preparing unit cell files: 4amber_1tn3.prmtop and 4amber_1tn3.rst7
============================================================

~> UnitCell -p 1tn3_4UnitCell.pdb -o 1tn3_4tleap_uc1.pdb


~> tleap -f 1tn3_uc_tleap_input_run

Checking output filenames
  file : 1tn3_uc.prmtop
  file : 1tn3_uc.rst7

~> ChBox -c 1tn3_uc.rst7 -o 1tn3_uc.rst7 -X 64.25 -Y 64.25 -Z 75.8 -al 90.0 -bt 90.0 -gm 90.0 


==================================================
Minimizing input coordinates.
==================================================

~> sander -O -i 1tn3_amber_all.in -p 4amber_1tn3.prmtop -c 4amber_1tn3.rst7 -o 1tn3.min.out            -ref 4amber_1tn3.rst7 -r 4amber_1tn3.min.rst7

checking special positions in 4phenix_1tn3.pdb

==================================================
Done.  Three new files have been made:
      4phenix_1tn3.pdb
      4amber_1tn3.prmtop
      4amber_1tn3.rst7
==================================================

Example

  phenix.refine 4phenix_1tn3.pdb use_amber=True \
    amber.topology_file_name=4amber_1tn3.prmtop \
    amber.coordinate_file_name=4amber_1tn3.rst7 \
    ....(other refinement keywords here).....



Substituting Amber PDB file for downloaded file
run_tests_local.py:222: UserWarning: os.system() is not safe: please use the subprocess module or libtbx.easy_run instead.
  os.system(cmd)

  Amber files
    PDB    : 1tn3.pdb
    MTZ    : 1tn3.mtz
    prmtop : 4amber_1tn3.prmtop
    rst7   : 4amber_1tn3.rst7
  
/net/morse/raid1/scratch1/nigel/amber/hi_lo/tn/1tn3
return_files 1tn3
/net/chevy/raid1/nigel/amber/hi_lo
4amber_1tn3.pdb
4phenix_1tn3.pdb
cp 4phenix_1tn3.pdb /net/chevy/raid1/nigel/amber/hi_lo/tn/1tn3
1tn3.pdb
cp 1tn3.pdb /net/chevy/raid1/nigel/amber/hi_lo/tn/1tn3
4amber_1tn3.mtz
4phenix_1tn3.mtz
1tn3.mtz
cp 1tn3.mtz /net/chevy/raid1/nigel/amber/hi_lo/tn/1tn3
4amber_1tn3.rst7
cp 4amber_1tn3.rst7 /net/chevy/raid1/nigel/amber/hi_lo/tn/1tn3
4phenix_1tn3.rst7
1tn3.rst7
4amber_1tn3.prmtop
cp 4amber_1tn3.prmtop /net/chevy/raid1/nigel/amber/hi_lo/tn/1tn3
4phenix_1tn3.prmtop
1tn3.prmtop
4amber_1tn3_refine_001.log
4phenix_1tn3_refine_001.log
1tn3_refine_001.log
4amber_1tn3_refine_002.log
4phenix_1tn3_refine_002.log
1tn3_refine_002.log
4amber_1tn3_refine_001.pdb
4phenix_1tn3_refine_001.pdb
1tn3_refine_001.pdb
4amber_1tn3_refine_002.pdb
4phenix_1tn3_refine_002.pdb
1tn3_refine_002.pdb
local_archive /net/chevy/raid1/nigel/amber/hi_lo
archive PDB /net/chevy/raid1/nigel/amber/hi_lo/tn/1tn3/1tn3.pdb
/net/morse/raid1/scratch1/nigel/amber/hi_lo/tn/1tn3
------------------------------
phenix.refine log filename ? > /net/chevy/raid1/nigel/amber/hi_lo/tn/1tn3/1tn3_refine_001.log
------------------------------

	Already done (on chevy) 1tn3_refine_001
------------------------------
phenix.refine log filename ? > /net/chevy/raid1/nigel/amber/hi_lo/tn/1tn3/1tn3_refine_002.log
------------------------------

	Already done (on chevy) 1tn3_refine_002
