HOST lewis.lbl.gov
only_i 1
only_code None
force_amber_prep True
dry_run False
1 1z3z,A,2.900,1zod,A,1.800
... 1 1z3z
/net/chevy/raid1/nigel/amber/hi_lo
/net/chevy/raid1/nigel/amber/hi_lo/z3/1z3z
1z3z.pdb 4phenix_1z3z.pdb
local_archive None
archive PDB None
Reading from local mirror:
  /net/cci/pdb_mirror/pdb/z3/pdb1z3z.ent.gz
Model saved to /net/lewis/raid1/scratch1/nigel/amber/hi_lo/z3/1z3z/1z3z.pdb
Traceback (most recent call last):
  File "/net/cci-filer2/raid1/xp/phenix/phenix-svn/build/../modules/cctbx_project/mmtbx/command_line/fetch_pdb.py", line 199, in <module>
    run2(sys.argv[1:])
  File "/net/cci-filer2/raid1/xp/phenix/phenix-svn/build/../modules/cctbx_project/mmtbx/command_line/fetch_pdb.py", line 155, in run2
    files.append(get_pdb(id, data_type_, mirror, log, format=data_format))
  File "/net/cci-filer2/raid1/xp/phenix/phenix-svn/modules/cctbx_project/iotbx/pdb/fetch.py", line 213, in get_pdb
    data = fetch(id, data_type, mirror=mirror, format=format, log=log)
  File "/net/cci-filer2/raid1/xp/phenix/phenix-svn/modules/cctbx_project/iotbx/pdb/fetch.py", line 150, in fetch
    data = libtbx.utils.urlopen(url)
  File "/net/cci-filer2/raid1/xp/phenix/phenix-svn/modules/cctbx_project/libtbx/utils.py", line 2069, in urlopen
    return urllib2.urlopen(*args, **kwds)
  File "/net/cci-filer2/raid1/xp/phenix/phenix-svn/base/lib/python2.7/urllib2.py", line 127, in urlopen
    return _opener.open(url, data, timeout)
  File "/net/cci-filer2/raid1/xp/phenix/phenix-svn/base/lib/python2.7/urllib2.py", line 404, in open
    response = self._open(req, data)
  File "/net/cci-filer2/raid1/xp/phenix/phenix-svn/base/lib/python2.7/urllib2.py", line 422, in _open
    '_open', req)
  File "/net/cci-filer2/raid1/xp/phenix/phenix-svn/base/lib/python2.7/urllib2.py", line 382, in _call_chain
    result = func(*args)
  File "/net/cci-filer2/raid1/xp/phenix/phenix-svn/base/lib/python2.7/urllib2.py", line 1214, in http_open
    return self.do_open(httplib.HTTPConnection, req)
  File "/net/cci-filer2/raid1/xp/phenix/phenix-svn/base/lib/python2.7/urllib2.py", line 1184, in do_open
    raise URLError(err)
urllib2.URLError: <urlopen error [Errno 110] Connection timed out>
local_archive None
archive PDB None
Reading from local mirror:
  /net/cci/pdb_mirror/pdb/z3/pdb1z3z.ent.gz
Model saved to /net/lewis/raid1/scratch1/nigel/amber/hi_lo/z3/1z3z/1z3z.pdb
Traceback (most recent call last):
  File "/net/cci-filer2/raid1/xp/phenix/phenix-svn/build/../modules/cctbx_project/mmtbx/command_line/fetch_pdb.py", line 199, in <module>
    run2(sys.argv[1:])
  File "/net/cci-filer2/raid1/xp/phenix/phenix-svn/build/../modules/cctbx_project/mmtbx/command_line/fetch_pdb.py", line 155, in run2
    files.append(get_pdb(id, data_type_, mirror, log, format=data_format))
  File "/net/cci-filer2/raid1/xp/phenix/phenix-svn/modules/cctbx_project/iotbx/pdb/fetch.py", line 213, in get_pdb
    data = fetch(id, data_type, mirror=mirror, format=format, log=log)
  File "/net/cci-filer2/raid1/xp/phenix/phenix-svn/modules/cctbx_project/iotbx/pdb/fetch.py", line 150, in fetch
    data = libtbx.utils.urlopen(url)
  File "/net/cci-filer2/raid1/xp/phenix/phenix-svn/modules/cctbx_project/libtbx/utils.py", line 2069, in urlopen
    return urllib2.urlopen(*args, **kwds)
  File "/net/cci-filer2/raid1/xp/phenix/phenix-svn/base/lib/python2.7/urllib2.py", line 127, in urlopen
    return _opener.open(url, data, timeout)
  File "/net/cci-filer2/raid1/xp/phenix/phenix-svn/base/lib/python2.7/urllib2.py", line 404, in open
    response = self._open(req, data)
  File "/net/cci-filer2/raid1/xp/phenix/phenix-svn/base/lib/python2.7/urllib2.py", line 422, in _open
    '_open', req)
  File "/net/cci-filer2/raid1/xp/phenix/phenix-svn/base/lib/python2.7/urllib2.py", line 382, in _call_chain
    result = func(*args)
  File "/net/cci-filer2/raid1/xp/phenix/phenix-svn/base/lib/python2.7/urllib2.py", line 1214, in http_open
    return self.do_open(httplib.HTTPConnection, req)
  File "/net/cci-filer2/raid1/xp/phenix/phenix-svn/base/lib/python2.7/urllib2.py", line 1184, in do_open
    raise URLError(err)
urllib2.URLError: <urlopen error [Errno 110] Connection timed out>

==================================================
Summary of pdb4amber for: 1z3z.pdb
===================================================

----------Chains
The following (original) chains have been found:
A

---------- Alternate Locations (Original Residues!))

The following residues had alternate locations:
None

---------- Mising heavy atom(s)

None

==================================================
Summary of pdb4amber for: 1z3z_4tleap_uc1.pdb
===================================================

----------Chains
The following (original) chains have been found:
A

---------- Alternate Locations (Original Residues!))

The following residues had alternate locations:
None

---------- Mising heavy atom(s)

None
not prmtop_filename /net/lewis/scratch1/nigel/amber/hi_lo/z3/1z3z/4amber_1z3z.prmtop
not prmtop_filename /net/chevy/raid1/nigel/amber/hi_lo/z3/1z3z/4amber_1z3z.prmtop

	Running AmberPrep : 1z3z.pdb


==================================================
Running pdb4amber on 1z3z.pdb
==================================================

==================================================
Setting up library files for non-standard residues
==================================================

  Residue "MES" already in amber monomer library. Skipping elbow/antechamber
    run for this residue.
        

  Residue "PLP" already in amber monomer library. Skipping elbow/antechamber
    run for this residue.
        

==================================================
Preparing asu files and 4phenix_1z3z.pdb
==================================================

~> tleap -f 1z3z_asu_tleap_input_run

Checking output filenames
  file : 1z3z_asu.prmtop
  file : 1z3z_asu.rst7

~> ChBox -c 1z3z_asu.rst7 -o 1z3z_asu.rst7 -X 150.04 -Y 150.04 -Z 84.42 -al 90.0 -bt 90.0 -gm 120.0 


============================================================
Preparing unit cell files: 4amber_1z3z.prmtop and 4amber_1z3z.rst7
============================================================

~> UnitCell -p 1z3z_4UnitCell.pdb -o 1z3z_4tleap_uc1.pdb


~> tleap -f 1z3z_uc_tleap_input_run

Checking output filenames
  file : 1z3z_uc.prmtop
  file : 1z3z_uc.rst7

~> ChBox -c 1z3z_uc.rst7 -o 1z3z_uc.rst7 -X 150.04 -Y 150.04 -Z 84.42 -al 90.0 -bt 90.0 -gm 120.0 

checking special positions in 4phenix_1z3z.pdb
WARNING: The following atoms occupy special positions.
  Atom 5735
It may be a good idea to inspect manually and remove
atoms from special positions or rerun minimization.

==================================================
Done.  Three new files have been made:
      4phenix_1z3z.pdb
      4amber_1z3z.prmtop
      4amber_1z3z.rst7
==================================================

Example

  phenix.refine 4phenix_1z3z.pdb use_amber=True \
    amber.topology_file_name=4amber_1z3z.prmtop \
    amber.coordinate_file_name=4amber_1z3z.rst7 \
    ....(other refinement keywords here).....



Substituting Amber PDB file for downloaded file
run_tests_local.py:220: UserWarning: os.system() is not safe: please use the subprocess module or libtbx.easy_run instead.
  os.system(cmd)

  Amber files
    PDB    : 1z3z.pdb
    MTZ    : 1z3z.mtz
    prmtop : 4amber_1z3z.prmtop
    rst7   : 4amber_1z3z.rst7
  
/net/lewis/raid1/scratch1/nigel/amber/hi_lo/z3/1z3z
return_files 1z3z
/net/chevy/raid1/nigel/amber/hi_lo
4amber_1z3z.pdb
4phenix_1z3z.pdb
cp 4phenix_1z3z.pdb /net/chevy/raid1/nigel/amber/hi_lo/z3/1z3z
1z3z.pdb
cp 1z3z.pdb /net/chevy/raid1/nigel/amber/hi_lo/z3/1z3z
4amber_1z3z.mtz
4phenix_1z3z.mtz
1z3z.mtz
cp 1z3z.mtz /net/chevy/raid1/nigel/amber/hi_lo/z3/1z3z
4amber_1z3z.rst7
cp 4amber_1z3z.rst7 /net/chevy/raid1/nigel/amber/hi_lo/z3/1z3z
4phenix_1z3z.rst7
1z3z.rst7
4amber_1z3z.prmtop
cp 4amber_1z3z.prmtop /net/chevy/raid1/nigel/amber/hi_lo/z3/1z3z
4phenix_1z3z.prmtop
1z3z.prmtop
4amber_1z3z_refine_001.log
4phenix_1z3z_refine_001.log
1z3z_refine_001.log
4amber_1z3z_refine_002.log
4phenix_1z3z_refine_002.log
1z3z_refine_002.log
4amber_1z3z_refine_001.pdb
4phenix_1z3z_refine_001.pdb
1z3z_refine_001.pdb
4amber_1z3z_refine_002.pdb
4phenix_1z3z_refine_002.pdb
1z3z_refine_002.pdb
local_archive /net/chevy/raid1/nigel/amber/hi_lo
archive PDB /net/chevy/raid1/nigel/amber/hi_lo/z3/1z3z/1z3z.pdb
/net/lewis/raid1/scratch1/nigel/amber/hi_lo/z3/1z3z
------------------------------
phenix.refine log filename ? > /net/chevy/raid1/nigel/amber/hi_lo/z3/1z3z/1z3z_refine_001.log
------------------------------
------------------------------
phenix.refine log filename ? > 1z3z_refine_001.log
------------------------------
Running phenix.refine

phenix.refine 1z3z.pdb 1z3z.mtz c_beta_restraints=False discard_psi_phi=False strategy="*individual_sites individual_sites_real_space rigid_body *individual_adp group_adp tls *occupancies group_anomalous" refinement.target_weights.optimize_xyz_weight=True refinement.main.number_of_macro_cycles=10 write_geo=False serial=1 cdl=True

------------------------------
phenix.refine log filename ? > /net/chevy/raid1/nigel/amber/hi_lo/z3/1z3z/1z3z_refine_002.log
------------------------------
------------------------------
phenix.refine log filename ? > 1z3z_refine_002.log
------------------------------
Running phenix.refine

phenix.refine 1z3z.pdb 1z3z.mtz c_beta_restraints=False discard_psi_phi=False strategy="*individual_sites individual_sites_real_space rigid_body *individual_adp group_adp tls *occupancies group_anomalous" topology_file_name=/net/chevy/raid1/nigel/amber/hi_lo/z3/1z3z/4amber_1z3z.prmtop amber.coordinate_file_name=/net/chevy/raid1/nigel/amber/hi_lo/z3/1z3z/4amber_1z3z.rst7 use_amber=True refinement.target_weights.optimize_xyz_weight=True refinement.main.number_of_macro_cycles=10 write_geo=False amber.wxc_factor=0.300000 serial=2

