HOST morse.lbl.gov
only_i 9
only_code None
force_amber_prep True
dry_run False
... 9 1r46
/net/chevy/raid1/nigel/amber/hi_lo
/net/chevy/raid1/nigel/amber/hi_lo/r4/1r46
1r46.pdb 4phenix_1r46.pdb
1r46.pdb 4phenix_1r46.pdb
local_archive None
archive PDB None
Reading from local mirror:
  /net/cci/pdb_mirror/pdb/r4/pdb1r46.ent.gz
Model saved to /net/morse/raid1/scratch1/nigel/amber/hi_lo/r4/1r46/1r46.pdb
Sequence saved to /net/morse/raid1/scratch1/nigel/amber/hi_lo/r4/1r46/1r46.fa
Reading from local mirror:
  /net/cci/pdb_mirror/structure_factors/r4/r1r46sf.ent.gz
Structure factors saved to /net/morse/raid1/scratch1/nigel/amber/hi_lo/r4/1r46/1r46-sf.cif
Reading from local mirror:
  /net/cci/pdb_mirror/mmcif/r4/1r46.cif.gz
Model saved to /net/morse/raid1/scratch1/nigel/amber/hi_lo/r4/1r46/1r46.cif
Can't determine output label for r1r46sf,_refln.crystal_id - skipping.
Can't determine output label for r1r46sf,_refln.scale_group_code - skipping.
R-free-flags: fraction_free=0.051
R-free-flags: missing 852 reflections
Can't determine output label for r1r46sf,_refln.wavelength_id - skipping.
Converted structure factors saved to 1r46.mtz
local_archive None
archive PDB None
Reading from local mirror:
  /net/cci/pdb_mirror/pdb/r4/pdb1r46.ent.gz
Model saved to /net/morse/raid1/scratch1/nigel/amber/hi_lo/r4/1r46/1r46.pdb
Sequence saved to /net/morse/raid1/scratch1/nigel/amber/hi_lo/r4/1r46/1r46.fa
Reading from local mirror:
  /net/cci/pdb_mirror/structure_factors/r4/r1r46sf.ent.gz
Structure factors saved to /net/morse/raid1/scratch1/nigel/amber/hi_lo/r4/1r46/1r46-sf.cif
Reading from local mirror:
  /net/cci/pdb_mirror/mmcif/r4/1r46.cif.gz
Model saved to /net/morse/raid1/scratch1/nigel/amber/hi_lo/r4/1r46/1r46.cif
Can't determine output label for r1r46sf,_refln.crystal_id - skipping.
Can't determine output label for r1r46sf,_refln.scale_group_code - skipping.
R-free-flags: fraction_free=0.051
R-free-flags: missing 852 reflections
Can't determine output label for r1r46sf,_refln.wavelength_id - skipping.
Converted structure factors saved to 1r46.mtz

==================================================
Summary of pdb4amber for: 1r46.pdb
===================================================
REDUCE returned non-zero exit status: See reduce_info.log for more details

----------Chains
The following (original) chains have been found:
A
B

---------- Alternate Locations (Original Residues!))

The following residues had alternate locations:
None

---------- Mising heavy atom(s)

None
not prmtop_filename /net/morse/scratch1/nigel/amber/hi_lo/r4/1r46/4amber_1r46.prmtop

	Running AmberPrep : 1r46.pdb


==================================================
Running pdb4amber on 1r46.pdb
==================================================

==================================================
Setting up library files for non-standard residues
==================================================

==================================================
Running elbow/antechamber for FUC 
==================================================

MoleculeClass :  C: 6  O: 5 (CHEMICAL COMPONENTS format)
	23 atoms
	23 bonds
	41 angles
	63 dihedrals
	1 rings (groups, rings, atoms) 1 6
	5 chirals : R S R S S 

~> antechamber -i 4antechamber_FUC.pdb -fi pdb -o FUC.mol2 -fo mol2       -nc 0 -m 1 -s 2 -pf y -c bcc -at gaff2 -ek "qm_theory='AM1',grms_tol=0.0005,scfconv=1.d-10,maxcyc=0,ndiis_attempts=700,"


~> parmchk2 -s 2 -i FUC.mol2 -f mol2 -o FUC.frcmod


  Residue "EDO" already in amber monomer library. Skipping elbow/antechamber
    run for this residue.
        

==================================================
Running elbow/antechamber for NAG 
==================================================

MoleculeClass :  C: 8  N: 1  O: 6 (CHEMICAL COMPONENTS format)
	30 atoms
	30 bonds
	53 angles
	79 dihedrals
	1 rings (groups, rings, atoms) 1 6
	5 chirals : R R R S R 

~> antechamber -i 4antechamber_NAG.pdb -fi pdb -o NAG.mol2 -fo mol2       -nc 0 -m 1 -s 2 -pf y -c bcc -at gaff2 -ek "qm_theory='AM1',grms_tol=0.0005,scfconv=1.d-10,maxcyc=0,ndiis_attempts=700,"


~> parmchk2 -s 2 -i NAG.mol2 -f mol2 -o NAG.frcmod


==================================================
Running elbow/antechamber for MAN 
==================================================

==================================================
Summary of pdb4amber for: 1r46_4tleap_uc1.pdb
===================================================

----------Chains
The following (original) chains have been found:
A
B

---------- Alternate Locations (Original Residues!))

The following residues had alternate locations:
None

---------- Mising heavy atom(s)

None

MoleculeClass :  C: 6  O: 6 (CHEMICAL COMPONENTS format)
	24 atoms
	24 bonds
	42 angles
	66 dihedrals
	1 rings (groups, rings, atoms) 1 6
	5 chirals : S S S S R 

~> antechamber -i 4antechamber_MAN.pdb -fi pdb -o MAN.mol2 -fo mol2       -nc 0 -m 1 -s 2 -pf y -c bcc -at gaff2 -ek "qm_theory='AM1',grms_tol=0.0005,scfconv=1.d-10,maxcyc=0,ndiis_attempts=700,"


~> parmchk2 -s 2 -i MAN.mol2 -f mol2 -o MAN.frcmod


==================================================
Preparing asu files and 4phenix_1r46.pdb
==================================================

~> tleap -f 1r46_asu_tleap_input_run

Checking output filenames
  file : 1r46_asu.prmtop
  file : 1r46_asu.rst7

~> ChBox -c 1r46_asu.rst7 -o 1r46_asu.rst7 -X 88.458 -Y 88.458 -Z 215.482 -al 90.0 -bt 90.0 -gm 120.0 


============================================================
Preparing unit cell files: 4amber_1r46.prmtop and 4amber_1r46.rst7
============================================================

~> UnitCell -p 1r46_4UnitCell.pdb -o 1r46_4tleap_uc1.pdb


~> tleap -f 1r46_uc_tleap_input_run

Checking output filenames
  file : 1r46_uc.prmtop
  file : 1r46_uc.rst7

~> ChBox -c 1r46_uc.rst7 -o 1r46_uc.rst7 -X 88.458 -Y 88.458 -Z 215.482 -al 90.0 -bt 90.0 -gm 120.0 


==================================================
Minimizing input coordinates.
==================================================

~> sander -O -i 1r46_amber_all.in -p 4amber_1r46.prmtop -c 4amber_1r46.rst7 -o 1r46.min.out            -ref 4amber_1r46.rst7 -r 4amber_1r46.min.rst7

checking special positions in 4phenix_1r46.pdb

==================================================
Done.  Three new files have been made:
      4phenix_1r46.pdb
      4amber_1r46.prmtop
      4amber_1r46.rst7
==================================================

Example

  phenix.refine 4phenix_1r46.pdb use_amber=True \
    amber.topology_file_name=4amber_1r46.prmtop \
    amber.coordinate_file_name=4amber_1r46.rst7 \
    ....(other refinement keywords here).....



Substituting Amber PDB file for downloaded file
run_tests_local.py:222: UserWarning: os.system() is not safe: please use the subprocess module or libtbx.easy_run instead.
  os.system(cmd)

  Amber files
    PDB    : 1r46.pdb
    MTZ    : 1r46.mtz
    prmtop : 4amber_1r46.prmtop
    rst7   : 4amber_1r46.rst7
  
/net/morse/raid1/scratch1/nigel/amber/hi_lo/r4/1r46
return_files 1r46
/net/chevy/raid1/nigel/amber/hi_lo
4amber_1r46.pdb
4phenix_1r46.pdb
cp 4phenix_1r46.pdb /net/chevy/raid1/nigel/amber/hi_lo/r4/1r46
1r46.pdb
cp 1r46.pdb /net/chevy/raid1/nigel/amber/hi_lo/r4/1r46
4amber_1r46.mtz
4phenix_1r46.mtz
1r46.mtz
cp 1r46.mtz /net/chevy/raid1/nigel/amber/hi_lo/r4/1r46
4amber_1r46.rst7
cp 4amber_1r46.rst7 /net/chevy/raid1/nigel/amber/hi_lo/r4/1r46
4phenix_1r46.rst7
1r46.rst7
4amber_1r46.prmtop
cp 4amber_1r46.prmtop /net/chevy/raid1/nigel/amber/hi_lo/r4/1r46
4phenix_1r46.prmtop
1r46.prmtop
4amber_1r46_refine_001.log
4phenix_1r46_refine_001.log
1r46_refine_001.log
4amber_1r46_refine_002.log
4phenix_1r46_refine_002.log
1r46_refine_002.log
4amber_1r46_refine_001.pdb
4phenix_1r46_refine_001.pdb
1r46_refine_001.pdb
4amber_1r46_refine_002.pdb
4phenix_1r46_refine_002.pdb
1r46_refine_002.pdb
local_archive /net/chevy/raid1/nigel/amber/hi_lo
archive PDB /net/chevy/raid1/nigel/amber/hi_lo/r4/1r46/1r46.pdb
/net/morse/raid1/scratch1/nigel/amber/hi_lo/r4/1r46
------------------------------
phenix.refine log filename ? > /net/chevy/raid1/nigel/amber/hi_lo/r4/1r46/1r46_refine_001.log
------------------------------

	Already done (on chevy) 1r46_refine_001
------------------------------
phenix.refine log filename ? > /net/chevy/raid1/nigel/amber/hi_lo/r4/1r46/1r46_refine_002.log
------------------------------

	Already done (on chevy) 1r46_refine_002
