HOST morse.lbl.gov
only_i 115
only_code None
force_amber_prep True
dry_run False
... 115 2not
/net/chevy/raid1/nigel/amber/hi_lo
/net/chevy/raid1/nigel/amber/hi_lo/no/2not
2not.pdb 4phenix_2not.pdb
2not.pdb 4phenix_2not.pdb
local_archive None
archive PDB None
Reading from local mirror:
  /net/cci/pdb_mirror/pdb/no/pdb2not.ent.gz
Model saved to /net/morse/raid1/scratch1/nigel/amber/hi_lo/no/2not/2not.pdb
Sequence saved to /net/morse/raid1/scratch1/nigel/amber/hi_lo/no/2not/2not.fa
Reading from local mirror:
  /net/cci/pdb_mirror/structure_factors/no/r2notsf.ent.gz
Structure factors saved to /net/morse/raid1/scratch1/nigel/amber/hi_lo/no/2not/2not-sf.cif
Reading from local mirror:
  /net/cci/pdb_mirror/mmcif/no/2not.cif.gz
Model saved to /net/morse/raid1/scratch1/nigel/amber/hi_lo/no/2not/2not.cif
Can't determine output label for r2notsf,_refln.crystal_id - skipping.
Can't determine output label for r2notsf,_refln.scale_group_code - skipping.
Can't determine output label for r2notsf,_refln.wavelength_id - skipping.
Converted structure factors saved to 2not.mtz
local_archive None
archive PDB None
Reading from local mirror:
  /net/cci/pdb_mirror/pdb/no/pdb2not.ent.gz
Model saved to /net/morse/raid1/scratch1/nigel/amber/hi_lo/no/2not/2not.pdb
Sequence saved to /net/morse/raid1/scratch1/nigel/amber/hi_lo/no/2not/2not.fa
Reading from local mirror:
  /net/cci/pdb_mirror/structure_factors/no/r2notsf.ent.gz
Structure factors saved to /net/morse/raid1/scratch1/nigel/amber/hi_lo/no/2not/2not-sf.cif
Reading from local mirror:
  /net/cci/pdb_mirror/mmcif/no/2not.cif.gz
Model saved to /net/morse/raid1/scratch1/nigel/amber/hi_lo/no/2not/2not.cif
Can't determine output label for r2notsf,_refln.crystal_id - skipping.
Can't determine output label for r2notsf,_refln.scale_group_code - skipping.
Can't determine output label for r2notsf,_refln.wavelength_id - skipping.
Converted structure factors saved to 2not.mtz

==================================================
Summary of pdb4amber for: 2not.pdb
===================================================

----------Chains
The following (original) chains have been found:
A
B

---------- Alternate Locations (Original Residues!))

The following residues had alternate locations:
None

---------- Mising heavy atom(s)

None

==================================================
Summary of pdb4amber for: 2not_4tleap_uc1.pdb
===================================================

----------Chains
The following (original) chains have been found:
A
B

---------- Alternate Locations (Original Residues!))

The following residues had alternate locations:
None

---------- Mising heavy atom(s)

None
not prmtop_filename /net/morse/scratch1/nigel/amber/hi_lo/no/2not/4amber_2not.prmtop

	Running AmberPrep : 2not.pdb


==================================================
Running pdb4amber on 2not.pdb
==================================================

==================================================
Setting up library files for non-standard residues
==================================================

==================================================
Preparing asu files and 4phenix_2not.pdb
==================================================

~> tleap -f 2not_asu_tleap_input_run

Checking output filenames
  file : 2not_asu.prmtop
  file : 2not_asu.rst7

~> ChBox -c 2not_asu.rst7 -o 2not_asu.rst7 -X 39.5 -Y 43.5 -Z 145.0 -al 90.0 -bt 90.0 -gm 90.0 


============================================================
Preparing unit cell files: 4amber_2not.prmtop and 4amber_2not.rst7
============================================================

~> UnitCell -p 2not_4UnitCell.pdb -o 2not_4tleap_uc1.pdb


~> tleap -f 2not_uc_tleap_input_run

Checking output filenames
  file : 2not_uc.prmtop
  file : 2not_uc.rst7

~> ChBox -c 2not_uc.rst7 -o 2not_uc.rst7 -X 39.5 -Y 43.5 -Z 145.0 -al 90.0 -bt 90.0 -gm 90.0 


==================================================
Minimizing input coordinates.
==================================================

~> sander -O -i 2not_amber_all.in -p 4amber_2not.prmtop -c 4amber_2not.rst7 -o 2not.min.out            -ref 4amber_2not.rst7 -r 4amber_2not.min.rst7

checking special positions in 4phenix_2not.pdb

==================================================
Done.  Three new files have been made:
      4phenix_2not.pdb
      4amber_2not.prmtop
      4amber_2not.rst7
==================================================

Example

  phenix.refine 4phenix_2not.pdb use_amber=True \
    amber.topology_file_name=4amber_2not.prmtop \
    amber.coordinate_file_name=4amber_2not.rst7 \
    ....(other refinement keywords here).....



Substituting Amber PDB file for downloaded file
run_tests_local.py:222: UserWarning: os.system() is not safe: please use the subprocess module or libtbx.easy_run instead.
  os.system(cmd)

  Amber files
    PDB    : 2not.pdb
    MTZ    : 2not.mtz
    prmtop : 4amber_2not.prmtop
    rst7   : 4amber_2not.rst7
  
/net/morse/raid1/scratch1/nigel/amber/hi_lo/no/2not
return_files 2not
/net/chevy/raid1/nigel/amber/hi_lo
4amber_2not.pdb
4phenix_2not.pdb
cp 4phenix_2not.pdb /net/chevy/raid1/nigel/amber/hi_lo/no/2not
2not.pdb
cp 2not.pdb /net/chevy/raid1/nigel/amber/hi_lo/no/2not
4amber_2not.mtz
4phenix_2not.mtz
2not.mtz
cp 2not.mtz /net/chevy/raid1/nigel/amber/hi_lo/no/2not
4amber_2not.rst7
cp 4amber_2not.rst7 /net/chevy/raid1/nigel/amber/hi_lo/no/2not
4phenix_2not.rst7
2not.rst7
4amber_2not.prmtop
cp 4amber_2not.prmtop /net/chevy/raid1/nigel/amber/hi_lo/no/2not
4phenix_2not.prmtop
2not.prmtop
4amber_2not_refine_001.log
4phenix_2not_refine_001.log
2not_refine_001.log
4amber_2not_refine_002.log
4phenix_2not_refine_002.log
2not_refine_002.log
4amber_2not_refine_001.pdb
4phenix_2not_refine_001.pdb
2not_refine_001.pdb
4amber_2not_refine_002.pdb
4phenix_2not_refine_002.pdb
2not_refine_002.pdb
local_archive /net/chevy/raid1/nigel/amber/hi_lo
archive PDB /net/chevy/raid1/nigel/amber/hi_lo/no/2not/2not.pdb
/net/morse/raid1/scratch1/nigel/amber/hi_lo/no/2not
------------------------------
phenix.refine log filename ? > /net/chevy/raid1/nigel/amber/hi_lo/no/2not/2not_refine_001.log
------------------------------

	Already done (on chevy) 2not_refine_001
------------------------------
phenix.refine log filename ? > /net/chevy/raid1/nigel/amber/hi_lo/no/2not/2not_refine_002.log
------------------------------

	Already done (on chevy) 2not_refine_002
