HOST morse.lbl.gov
only_i 171
only_code None
force_amber_prep True
dry_run False
... 171 2gps
/net/chevy/raid1/nigel/amber/hi_lo
/net/chevy/raid1/nigel/amber/hi_lo/gp/2gps
2gps.pdb 4phenix_2gps.pdb
local_archive None
archive PDB None
Reading from local mirror:
  /net/cci/pdb_mirror/pdb/gp/pdb2gps.ent.gz
Model saved to /net/morse/raid1/scratch1/nigel/amber/hi_lo/gp/2gps/2gps.pdb
Sequence saved to /net/morse/raid1/scratch1/nigel/amber/hi_lo/gp/2gps/2gps.fa
Reading from local mirror:
  /net/cci/pdb_mirror/structure_factors/gp/r2gpssf.ent.gz
Structure factors saved to /net/morse/raid1/scratch1/nigel/amber/hi_lo/gp/2gps/2gps-sf.cif
Reading from local mirror:
  /net/cci/pdb_mirror/mmcif/gp/2gps.cif.gz
Model saved to /net/morse/raid1/scratch1/nigel/amber/hi_lo/gp/2gps/2gps.cif
Can't determine output label for r2gpssf,_refln.crystal_id - skipping.
Can't determine output label for r2gpssf,_refln.scale_group_code - skipping.
Can't determine output label for r2gpssf,_refln.wavelength_id - skipping.
Converted structure factors saved to 2gps.mtz
local_archive None
archive PDB None
Reading from local mirror:
  /net/cci/pdb_mirror/pdb/gp/pdb2gps.ent.gz
Model saved to /net/morse/raid1/scratch1/nigel/amber/hi_lo/gp/2gps/2gps.pdb
Sequence saved to /net/morse/raid1/scratch1/nigel/amber/hi_lo/gp/2gps/2gps.fa
Reading from local mirror:
  /net/cci/pdb_mirror/structure_factors/gp/r2gpssf.ent.gz
Structure factors saved to /net/morse/raid1/scratch1/nigel/amber/hi_lo/gp/2gps/2gps-sf.cif
Reading from local mirror:
  /net/cci/pdb_mirror/mmcif/gp/2gps.cif.gz
Model saved to /net/morse/raid1/scratch1/nigel/amber/hi_lo/gp/2gps/2gps.cif
Can't determine output label for r2gpssf,_refln.crystal_id - skipping.
Can't determine output label for r2gpssf,_refln.scale_group_code - skipping.
Can't determine output label for r2gpssf,_refln.wavelength_id - skipping.
Converted structure factors saved to 2gps.mtz

==================================================
Summary of pdb4amber for: 2gps.pdb
===================================================
REDUCE returned non-zero exit status: See reduce_info.log for more details

----------Chains
The following (original) chains have been found:
A
B

---------- Alternate Locations (Original Residues!))

The following residues had alternate locations:
None

---------- Gaps (Renumbered Residues!)
gap of 6.219191 A between GLY 169 and MET 170
gap of 9.058680 A between GLY 614 and GLY 615

---------- Mising heavy atom(s)

None

==================================================
Summary of pdb4amber for: 2gps_4tleap_uc1.pdb
===================================================

----------Chains
The following (original) chains have been found:
A
B

---------- Alternate Locations (Original Residues!))

The following residues had alternate locations:
None

---------- Gaps (Renumbered Residues!)
gap of 6.219191 A between GLY 169 and MET 170
gap of 9.058680 A between GLY 614 and GLY 615
gap of 6.219191 A between GLY 1129 and MET 1130
gap of 9.058050 A between GLY 1574 and GLY 1575

---------- Mising heavy atom(s)

None
not prmtop_filename /net/morse/scratch1/nigel/amber/hi_lo/gp/2gps/4amber_2gps.prmtop
not pdb_filename /net/chevy/raid1/nigel/amber/hi_lo/gp/2gps/4phenix_2gps.pdb

	Running AmberPrep : 2gps.pdb


==================================================
Running pdb4amber on 2gps.pdb
==================================================

==================================================
Setting up library files for non-standard residues
==================================================

==================================================
Preparing asu files and 4phenix_2gps.pdb
==================================================

~> tleap -f 2gps_asu_tleap_input_run

Checking output filenames
  file : 2gps_asu.prmtop
  file : 2gps_asu.rst7

~> ChBox -c 2gps_asu.rst7 -o 2gps_asu.rst7 -X 62.926 -Y 92.619 -Z 86.598 -al 90.0 -bt 98.84 -gm 90.0 


============================================================
Preparing unit cell files: 4amber_2gps.prmtop and 4amber_2gps.rst7
============================================================

~> UnitCell -p 2gps_4UnitCell.pdb -o 2gps_4tleap_uc1.pdb


~> tleap -f 2gps_uc_tleap_input_run

Checking output filenames
  file : 2gps_uc.prmtop
  file : 2gps_uc.rst7

~> ChBox -c 2gps_uc.rst7 -o 2gps_uc.rst7 -X 62.926 -Y 92.619 -Z 86.598 -al 90.0 -bt 98.84 -gm 90.0 


==================================================
Minimizing input coordinates.
==================================================

~> sander -O -i 2gps_amber_all.in -p 4amber_2gps.prmtop -c 4amber_2gps.rst7 -o 2gps.min.out            -ref 4amber_2gps.rst7 -r 4amber_2gps.min.rst7

checking special positions in 4phenix_2gps.pdb

==================================================
Done.  Three new files have been made:
      4phenix_2gps.pdb
      4amber_2gps.prmtop
      4amber_2gps.rst7
==================================================

Example

  phenix.refine 4phenix_2gps.pdb use_amber=True \
    amber.topology_file_name=4amber_2gps.prmtop \
    amber.coordinate_file_name=4amber_2gps.rst7 \
    ....(other refinement keywords here).....



Substituting Amber PDB file for downloaded file
run_tests_local.py:222: UserWarning: os.system() is not safe: please use the subprocess module or libtbx.easy_run instead.
  os.system(cmd)

  Amber files
    PDB    : 2gps.pdb
    MTZ    : 2gps.mtz
    prmtop : 4amber_2gps.prmtop
    rst7   : 4amber_2gps.rst7
  
/net/morse/raid1/scratch1/nigel/amber/hi_lo/gp/2gps
return_files 2gps
/net/chevy/raid1/nigel/amber/hi_lo
4amber_2gps.pdb
4phenix_2gps.pdb
cp 4phenix_2gps.pdb /net/chevy/raid1/nigel/amber/hi_lo/gp/2gps
2gps.pdb
cp 2gps.pdb /net/chevy/raid1/nigel/amber/hi_lo/gp/2gps
4amber_2gps.mtz
4phenix_2gps.mtz
2gps.mtz
cp 2gps.mtz /net/chevy/raid1/nigel/amber/hi_lo/gp/2gps
4amber_2gps.rst7
cp 4amber_2gps.rst7 /net/chevy/raid1/nigel/amber/hi_lo/gp/2gps
4phenix_2gps.rst7
2gps.rst7
4amber_2gps.prmtop
cp 4amber_2gps.prmtop /net/chevy/raid1/nigel/amber/hi_lo/gp/2gps
4phenix_2gps.prmtop
2gps.prmtop
4amber_2gps_refine_001.log
4phenix_2gps_refine_001.log
2gps_refine_001.log
4amber_2gps_refine_002.log
4phenix_2gps_refine_002.log
2gps_refine_002.log
4amber_2gps_refine_001.pdb
4phenix_2gps_refine_001.pdb
2gps_refine_001.pdb
4amber_2gps_refine_002.pdb
4phenix_2gps_refine_002.pdb
2gps_refine_002.pdb
local_archive /net/chevy/raid1/nigel/amber/hi_lo
archive PDB /net/chevy/raid1/nigel/amber/hi_lo/gp/2gps/2gps.pdb
/net/morse/raid1/scratch1/nigel/amber/hi_lo/gp/2gps
------------------------------
phenix.refine log filename ? > /net/chevy/raid1/nigel/amber/hi_lo/gp/2gps/2gps_refine_001.log
------------------------------
------------------------------
phenix.refine log filename ? > 2gps_refine_001.log
------------------------------
Running phenix.refine

phenix.refine 2gps.pdb 2gps.mtz c_beta_restraints=False discard_psi_phi=False strategy="*individual_sites individual_sites_real_space rigid_body *individual_adp group_adp tls *occupancies group_anomalous" refinement.target_weights.optimize_xyz_weight=True refinement.main.number_of_macro_cycles=10 write_geo=False serial=1 cdl=True

