HOST morse.lbl.gov
only_i 244
only_code None
force_amber_prep True
dry_run False
... 244 1e6o
/net/chevy/raid1/nigel/amber/hi_lo
/net/chevy/raid1/nigel/amber/hi_lo/e6/1e6o
1e6o.pdb 4phenix_1e6o.pdb
1e6o.pdb 4phenix_1e6o.pdb
local_archive None
archive PDB None
Reading from local mirror:
  /net/cci/pdb_mirror/pdb/e6/pdb1e6o.ent.gz
Model saved to /net/morse/raid1/scratch1/nigel/amber/hi_lo/e6/1e6o/1e6o.pdb
Sequence saved to /net/morse/raid1/scratch1/nigel/amber/hi_lo/e6/1e6o/1e6o.fa
Reading from local mirror:
  /net/cci/pdb_mirror/structure_factors/e6/r1e6osf.ent.gz
Structure factors saved to /net/morse/raid1/scratch1/nigel/amber/hi_lo/e6/1e6o/1e6o-sf.cif
Reading from local mirror:
  /net/cci/pdb_mirror/mmcif/e6/1e6o.cif.gz
Model saved to /net/morse/raid1/scratch1/nigel/amber/hi_lo/e6/1e6o/1e6o.cif
Can't determine output label for r1e6osf,_refln.crystal_id - skipping.
Can't determine output label for r1e6osf,_refln.scale_group_code - skipping.
Can't determine output label for r1e6osf,_refln.wavelength_id - skipping.
Converted structure factors saved to 1e6o.mtz
local_archive None
archive PDB None
Reading from local mirror:
  /net/cci/pdb_mirror/pdb/e6/pdb1e6o.ent.gz
Model saved to /net/morse/raid1/scratch1/nigel/amber/hi_lo/e6/1e6o/1e6o.pdb
Sequence saved to /net/morse/raid1/scratch1/nigel/amber/hi_lo/e6/1e6o/1e6o.fa
Reading from local mirror:
  /net/cci/pdb_mirror/structure_factors/e6/r1e6osf.ent.gz
Structure factors saved to /net/morse/raid1/scratch1/nigel/amber/hi_lo/e6/1e6o/1e6o-sf.cif
Reading from local mirror:
  /net/cci/pdb_mirror/mmcif/e6/1e6o.cif.gz
Model saved to /net/morse/raid1/scratch1/nigel/amber/hi_lo/e6/1e6o/1e6o.cif
Can't determine output label for r1e6osf,_refln.crystal_id - skipping.
Can't determine output label for r1e6osf,_refln.scale_group_code - skipping.
Can't determine output label for r1e6osf,_refln.wavelength_id - skipping.
Converted structure factors saved to 1e6o.mtz

==================================================
Summary of pdb4amber for: 1e6o.pdb
===================================================
REDUCE returned non-zero exit status: See reduce_info.log for more details

----------Chains
The following (original) chains have been found:
H
L

---------- Alternate Locations (Original Residues!))

The following residues had alternate locations:
None

---------- Mising heavy atom(s)

None

==================================================
Summary of pdb4amber for: 1e6o_4tleap_uc1.pdb
===================================================

----------Chains
The following (original) chains have been found:
H
L

---------- Alternate Locations (Original Residues!))

The following residues had alternate locations:
None

---------- Mising heavy atom(s)

None
not prmtop_filename /net/morse/scratch1/nigel/amber/hi_lo/e6/1e6o/4amber_1e6o.prmtop

	Running AmberPrep : 1e6o.pdb


==================================================
Running pdb4amber on 1e6o.pdb
==================================================

==================================================
Setting up library files for non-standard residues
==================================================

==================================================
Preparing asu files and 4phenix_1e6o.pdb
==================================================

~> tleap -f 1e6o_asu_tleap_input_run

Checking output filenames
  file : 1e6o_asu.prmtop
  file : 1e6o_asu.rst7

~> ChBox -c 1e6o_asu.rst7 -o 1e6o_asu.rst7 -X 36.68 -Y 81.9 -Z 134.4 -al 90.0 -bt 90.0 -gm 90.0 


============================================================
Preparing unit cell files: 4amber_1e6o.prmtop and 4amber_1e6o.rst7
============================================================

~> UnitCell -p 1e6o_4UnitCell.pdb -o 1e6o_4tleap_uc1.pdb


~> tleap -f 1e6o_uc_tleap_input_run

Checking output filenames
  file : 1e6o_uc.prmtop
  file : 1e6o_uc.rst7

~> ChBox -c 1e6o_uc.rst7 -o 1e6o_uc.rst7 -X 36.68 -Y 81.9 -Z 134.4 -al 90.0 -bt 90.0 -gm 90.0 


==================================================
Minimizing input coordinates.
==================================================

~> sander -O -i 1e6o_amber_all.in -p 4amber_1e6o.prmtop -c 4amber_1e6o.rst7 -o 1e6o.min.out            -ref 4amber_1e6o.rst7 -r 4amber_1e6o.min.rst7

checking special positions in 4phenix_1e6o.pdb

==================================================
Done.  Three new files have been made:
      4phenix_1e6o.pdb
      4amber_1e6o.prmtop
      4amber_1e6o.rst7
==================================================

Example

  phenix.refine 4phenix_1e6o.pdb use_amber=True \
    amber.topology_file_name=4amber_1e6o.prmtop \
    amber.coordinate_file_name=4amber_1e6o.rst7 \
    ....(other refinement keywords here).....



Substituting Amber PDB file for downloaded file
run_tests_local.py:222: UserWarning: os.system() is not safe: please use the subprocess module or libtbx.easy_run instead.
  os.system(cmd)

  Amber files
    PDB    : 1e6o.pdb
    MTZ    : 1e6o.mtz
    prmtop : 4amber_1e6o.prmtop
    rst7   : 4amber_1e6o.rst7
  
/net/morse/raid1/scratch1/nigel/amber/hi_lo/e6/1e6o
return_files 1e6o
/net/chevy/raid1/nigel/amber/hi_lo
4amber_1e6o.pdb
4phenix_1e6o.pdb
cp 4phenix_1e6o.pdb /net/chevy/raid1/nigel/amber/hi_lo/e6/1e6o
1e6o.pdb
cp 1e6o.pdb /net/chevy/raid1/nigel/amber/hi_lo/e6/1e6o
4amber_1e6o.mtz
4phenix_1e6o.mtz
1e6o.mtz
cp 1e6o.mtz /net/chevy/raid1/nigel/amber/hi_lo/e6/1e6o
4amber_1e6o.rst7
cp 4amber_1e6o.rst7 /net/chevy/raid1/nigel/amber/hi_lo/e6/1e6o
4phenix_1e6o.rst7
1e6o.rst7
4amber_1e6o.prmtop
cp 4amber_1e6o.prmtop /net/chevy/raid1/nigel/amber/hi_lo/e6/1e6o
4phenix_1e6o.prmtop
1e6o.prmtop
4amber_1e6o_refine_001.log
4phenix_1e6o_refine_001.log
1e6o_refine_001.log
4amber_1e6o_refine_002.log
4phenix_1e6o_refine_002.log
1e6o_refine_002.log
4amber_1e6o_refine_001.pdb
4phenix_1e6o_refine_001.pdb
1e6o_refine_001.pdb
4amber_1e6o_refine_002.pdb
4phenix_1e6o_refine_002.pdb
1e6o_refine_002.pdb
local_archive /net/chevy/raid1/nigel/amber/hi_lo
archive PDB /net/chevy/raid1/nigel/amber/hi_lo/e6/1e6o/1e6o.pdb
/net/morse/raid1/scratch1/nigel/amber/hi_lo/e6/1e6o
------------------------------
phenix.refine log filename ? > /net/chevy/raid1/nigel/amber/hi_lo/e6/1e6o/1e6o_refine_001.log
------------------------------

	Already done (on chevy) 1e6o_refine_001
------------------------------
phenix.refine log filename ? > /net/chevy/raid1/nigel/amber/hi_lo/e6/1e6o/1e6o_refine_002.log
------------------------------

	Already done (on chevy) 1e6o_refine_002
