HOST lewis.lbl.gov
only_i 80
only_code None
force_amber_prep True
dry_run False
1 1z3z,A,2.900,1zod,A,1.800
2 1psi,A,2.920,3ndd,A,1.500
3 3bpo,A,3.000,3l5w,I,2.000
4 1e6j,P,3.000,3mge,A,1.900
5 1r46,A,3.250,3hg3,A,1.900
6 2j0g,A,2.850,2j1g,A,1.950
7 1nsk,L,2.800,3bbb,A,1.300
8 1t04,B,3.000,1t3f,B,2.000
9 1kiu,B,3.000,1ze3,H,1.840
10 1kv3,A,2.800,2q3z,A,2.000
11 1wqs,A,2.800,2iph,A,1.750
12 3gwp,A,2.900,3i16,A,2.000
13 1c0n,A,2.800,1kmj,A,2.000
14 2r8j,A,3.100,3oha,A,2.000
15 1z5s,C,3.010,2grn,B,1.800
16 3icq,B,3.200,3m1i,A,2.000
17 1nb3,I,2.800,3kfq,C,1.990
18 1otc,A,2.800,2i0q,A,1.910
19 1ue8,A,3.000,3b4x,A,1.940
20 1a4o,A,2.800,2o02,A,1.500
21 1t6i,A,2.810,3g4z,A,1.870
22 1de9,A,3.000,2o3h,A,1.900
23 2j6e,L,3.000,3n9g,L,1.434
24 3hrk,A,3.050,3lc0,A,1.800
25 2ecp,A,2.950,2asv,A,1.950
26 1z8l,A,3.500,2xeg,A,1.590
27 1ere,A,3.100,2r6w,A,2.000
28 1xni,A,2.800,3lh0,A,1.900
29 2pl0,A,2.800,3mpm,A,1.950
30 1pxt,A,2.800,1afw,A,1.800
31 1bmf,A,2.850,2jdi,A,1.900
32 2g3k,A,3.050,2j9u,A,2.000
33 3m9b,A,3.940,3m9h,A,2.000
34 2i0v,A,2.800,3dpk,A,1.950
35 1kiu,A,3.000,3bwu,C,1.760
36 1nys,A,3.050,2h62,D,1.850
37 1rgq,C,2.900,2o8m,C,2.000
38 1fg5,N,2.800,2vs4,A,1.770
39 1sj5,A,2.800,1vjl,A,1.900
40 2f7k,A,2.800,2yxt,A,2.000
... 80 2yxt
/net/chevy/raid1/nigel/amber/hi_lo
/net/chevy/raid1/nigel/amber/hi_lo/yx/2yxt
2yxt.pdb 4phenix_2yxt.pdb
local_archive None
archive PDB None
Reading from local mirror:
  /net/cci/pdb_mirror/pdb/yx/pdb2yxt.ent.gz
Model saved to /net/lewis/raid1/scratch1/nigel/amber/hi_lo/yx/2yxt/2yxt.pdb
Traceback (most recent call last):
  File "/net/cci-filer2/raid1/xp/phenix/phenix-svn/build/../modules/cctbx_project/mmtbx/command_line/fetch_pdb.py", line 199, in <module>
    run2(sys.argv[1:])
  File "/net/cci-filer2/raid1/xp/phenix/phenix-svn/build/../modules/cctbx_project/mmtbx/command_line/fetch_pdb.py", line 155, in run2
    files.append(get_pdb(id, data_type_, mirror, log, format=data_format))
  File "/net/cci-filer2/raid1/xp/phenix/phenix-svn/modules/cctbx_project/iotbx/pdb/fetch.py", line 213, in get_pdb
    data = fetch(id, data_type, mirror=mirror, format=format, log=log)
  File "/net/cci-filer2/raid1/xp/phenix/phenix-svn/modules/cctbx_project/iotbx/pdb/fetch.py", line 150, in fetch
    data = libtbx.utils.urlopen(url)
  File "/net/cci-filer2/raid1/xp/phenix/phenix-svn/modules/cctbx_project/libtbx/utils.py", line 2069, in urlopen
    return urllib2.urlopen(*args, **kwds)
  File "/net/cci-filer2/raid1/xp/phenix/phenix-svn/base/lib/python2.7/urllib2.py", line 127, in urlopen
    return _opener.open(url, data, timeout)
  File "/net/cci-filer2/raid1/xp/phenix/phenix-svn/base/lib/python2.7/urllib2.py", line 404, in open
    response = self._open(req, data)
  File "/net/cci-filer2/raid1/xp/phenix/phenix-svn/base/lib/python2.7/urllib2.py", line 422, in _open
    '_open', req)
  File "/net/cci-filer2/raid1/xp/phenix/phenix-svn/base/lib/python2.7/urllib2.py", line 382, in _call_chain
    result = func(*args)
  File "/net/cci-filer2/raid1/xp/phenix/phenix-svn/base/lib/python2.7/urllib2.py", line 1214, in http_open
    return self.do_open(httplib.HTTPConnection, req)
  File "/net/cci-filer2/raid1/xp/phenix/phenix-svn/base/lib/python2.7/urllib2.py", line 1184, in do_open
    raise URLError(err)
urllib2.URLError: <urlopen error [Errno 110] Connection timed out>
local_archive None
archive PDB None
Reading from local mirror:
  /net/cci/pdb_mirror/pdb/yx/pdb2yxt.ent.gz
Model saved to /net/lewis/raid1/scratch1/nigel/amber/hi_lo/yx/2yxt/2yxt.pdb
Traceback (most recent call last):
  File "/net/cci-filer2/raid1/xp/phenix/phenix-svn/build/../modules/cctbx_project/mmtbx/command_line/fetch_pdb.py", line 199, in <module>
    run2(sys.argv[1:])
  File "/net/cci-filer2/raid1/xp/phenix/phenix-svn/build/../modules/cctbx_project/mmtbx/command_line/fetch_pdb.py", line 155, in run2
    files.append(get_pdb(id, data_type_, mirror, log, format=data_format))
  File "/net/cci-filer2/raid1/xp/phenix/phenix-svn/modules/cctbx_project/iotbx/pdb/fetch.py", line 213, in get_pdb
    data = fetch(id, data_type, mirror=mirror, format=format, log=log)
  File "/net/cci-filer2/raid1/xp/phenix/phenix-svn/modules/cctbx_project/iotbx/pdb/fetch.py", line 150, in fetch
    data = libtbx.utils.urlopen(url)
  File "/net/cci-filer2/raid1/xp/phenix/phenix-svn/modules/cctbx_project/libtbx/utils.py", line 2069, in urlopen
    return urllib2.urlopen(*args, **kwds)
  File "/net/cci-filer2/raid1/xp/phenix/phenix-svn/base/lib/python2.7/urllib2.py", line 127, in urlopen
    return _opener.open(url, data, timeout)
  File "/net/cci-filer2/raid1/xp/phenix/phenix-svn/base/lib/python2.7/urllib2.py", line 404, in open
    response = self._open(req, data)
  File "/net/cci-filer2/raid1/xp/phenix/phenix-svn/base/lib/python2.7/urllib2.py", line 422, in _open
    '_open', req)
  File "/net/cci-filer2/raid1/xp/phenix/phenix-svn/base/lib/python2.7/urllib2.py", line 382, in _call_chain
    result = func(*args)
  File "/net/cci-filer2/raid1/xp/phenix/phenix-svn/base/lib/python2.7/urllib2.py", line 1214, in http_open
    return self.do_open(httplib.HTTPConnection, req)
  File "/net/cci-filer2/raid1/xp/phenix/phenix-svn/base/lib/python2.7/urllib2.py", line 1184, in do_open
    raise URLError(err)
urllib2.URLError: <urlopen error [Errno 110] Connection timed out>

==================================================
Summary of pdb4amber for: 2yxt.pdb
===================================================

----------Chains
The following (original) chains have been found:
A
B

---------- Alternate Locations (Original Residues!))

The following residues had alternate locations:
None

---------- Gaps (Renumbered Residues!)
gap of 4.829474 A between LYS 117 and GLY 118
gap of 8.624826 A between ARG 203 and GLY 204
gap of 6.216315 A between GLN 579 and PRO 580

---------- Mising heavy atom(s)

None

==================================================
Summary of pdb4amber for: 2yxt_4tleap_uc1.pdb
===================================================

----------Chains
The following (original) chains have been found:
A
B

---------- Alternate Locations (Original Residues!))

The following residues had alternate locations:
None

---------- Gaps (Renumbered Residues!)
gap of 4.829474 A between LYS 117 and GLY 118
gap of 8.624826 A between ARG 203 and GLY 204
gap of 6.216315 A between GLN 579 and PRO 580
gap of 4.829474 A between LYS 1265 and GLY 1266
gap of 8.624826 A between ARG 1351 and GLY 1352
gap of 6.216315 A between GLN 1727 and PRO 1728
gap of 4.829474 A between LYS 2413 and GLY 2414
gap of 8.624826 A between ARG 2499 and GLY 2500
gap of 6.216315 A between GLN 2875 and PRO 2876
gap of 4.829474 A between LYS 3561 and GLY 3562
gap of 8.624826 A between ARG 3647 and GLY 3648
gap of 6.216315 A between GLN 4023 and PRO 4024
gap of 4.829474 A between LYS 4709 and GLY 4710
gap of 8.624826 A between ARG 4795 and GLY 4796
gap of 6.216315 A between GLN 5171 and PRO 5172
gap of 4.829474 A between LYS 5857 and GLY 5858
gap of 8.624826 A between ARG 5943 and GLY 5944
gap of 6.216315 A between GLN 6319 and PRO 6320
gap of 4.829474 A between LYS 7005 and GLY 7006
gap of 8.625380 A between ARG 7091 and GLY 7092
gap of 6.216315 A between GLN 7467 and PRO 7468
gap of 4.829474 A between LYS 8153 and GLY 8154
gap of 8.625380 A between ARG 8239 and GLY 8240
gap of 6.216315 A between GLN 8615 and PRO 8616

---------- Mising heavy atom(s)

None
not prmtop_filename /net/lewis/scratch1/nigel/amber/hi_lo/yx/2yxt/4amber_2yxt.prmtop
not prmtop_filename /net/chevy/raid1/nigel/amber/hi_lo/yx/2yxt/4amber_2yxt.prmtop

	Running AmberPrep : 2yxt.pdb


==================================================
Running pdb4amber on 2yxt.pdb
==================================================

==================================================
Setting up library files for non-standard residues
==================================================

  Residue "PO4" already in amber monomer library. Skipping elbow/antechamber
    run for this residue.
        

  Residue "MPD" already in amber monomer library. Skipping elbow/antechamber
    run for this residue.
        

==================================================
Preparing asu files and 4phenix_2yxt.pdb
==================================================

~> tleap -f 2yxt_asu_tleap_input_run

Checking output filenames
  file : 2yxt_asu.prmtop
  file : 2yxt_asu.rst7

~> ChBox -c 2yxt_asu.rst7 -o 2yxt_asu.rst7 -X 90.63 -Y 115.286 -Z 172.403 -al 90.0 -bt 90.0 -gm 90.0 


============================================================
Preparing unit cell files: 4amber_2yxt.prmtop and 4amber_2yxt.rst7
============================================================

~> UnitCell -p 2yxt_4UnitCell.pdb -o 2yxt_4tleap_uc1.pdb


~> tleap -f 2yxt_uc_tleap_input_run

Checking output filenames
  file : 2yxt_uc.prmtop
  file : 2yxt_uc.rst7

~> ChBox -c 2yxt_uc.rst7 -o 2yxt_uc.rst7 -X 90.63 -Y 115.286 -Z 172.403 -al 90.0 -bt 90.0 -gm 90.0 


==================================================
Minimizing input coordinates.
==================================================

~> sander -O -i 2yxt_amber_all.in -p 4amber_2yxt.prmtop -c 4amber_2yxt.rst7 -o 2yxt.min.out            -ref 4amber_2yxt.rst7 -r 4amber_2yxt.min.rst7

checking special positions in 4phenix_2yxt.pdb

==================================================
Done.  Three new files have been made:
      4phenix_2yxt.pdb
      4amber_2yxt.prmtop
      4amber_2yxt.rst7
==================================================

Example

  phenix.refine 4phenix_2yxt.pdb use_amber=True \
    amber.topology_file_name=4amber_2yxt.prmtop \
    amber.coordinate_file_name=4amber_2yxt.rst7 \
    ....(other refinement keywords here).....



Substituting Amber PDB file for downloaded file
run_tests_local.py:220: UserWarning: os.system() is not safe: please use the subprocess module or libtbx.easy_run instead.
  os.system(cmd)

  Amber files
    PDB    : 2yxt.pdb
    MTZ    : 2yxt.mtz
    prmtop : 4amber_2yxt.prmtop
    rst7   : 4amber_2yxt.rst7
  
/net/lewis/raid1/scratch1/nigel/amber/hi_lo/yx/2yxt
return_files 2yxt
/net/chevy/raid1/nigel/amber/hi_lo
4amber_2yxt.pdb
4phenix_2yxt.pdb
cp 4phenix_2yxt.pdb /net/chevy/raid1/nigel/amber/hi_lo/yx/2yxt
2yxt.pdb
cp 2yxt.pdb /net/chevy/raid1/nigel/amber/hi_lo/yx/2yxt
4amber_2yxt.mtz
4phenix_2yxt.mtz
2yxt.mtz
cp 2yxt.mtz /net/chevy/raid1/nigel/amber/hi_lo/yx/2yxt
4amber_2yxt.rst7
cp 4amber_2yxt.rst7 /net/chevy/raid1/nigel/amber/hi_lo/yx/2yxt
4phenix_2yxt.rst7
2yxt.rst7
4amber_2yxt.prmtop
cp 4amber_2yxt.prmtop /net/chevy/raid1/nigel/amber/hi_lo/yx/2yxt
4phenix_2yxt.prmtop
2yxt.prmtop
4amber_2yxt_refine_001.log
4phenix_2yxt_refine_001.log
2yxt_refine_001.log
4amber_2yxt_refine_002.log
4phenix_2yxt_refine_002.log
2yxt_refine_002.log
4amber_2yxt_refine_001.pdb
4phenix_2yxt_refine_001.pdb
2yxt_refine_001.pdb
4amber_2yxt_refine_002.pdb
4phenix_2yxt_refine_002.pdb
2yxt_refine_002.pdb
local_archive /net/chevy/raid1/nigel/amber/hi_lo
archive PDB /net/chevy/raid1/nigel/amber/hi_lo/yx/2yxt/2yxt.pdb
/net/lewis/raid1/scratch1/nigel/amber/hi_lo/yx/2yxt
------------------------------
phenix.refine log filename ? > /net/chevy/raid1/nigel/amber/hi_lo/yx/2yxt/2yxt_refine_001.log
------------------------------
------------------------------
phenix.refine log filename ? > 2yxt_refine_001.log
------------------------------
Running phenix.refine

phenix.refine 2yxt.pdb 2yxt.mtz c_beta_restraints=False discard_psi_phi=False strategy="*individual_sites individual_sites_real_space rigid_body *individual_adp group_adp tls *occupancies group_anomalous" refinement.target_weights.optimize_xyz_weight=True refinement.main.number_of_macro_cycles=10 write_geo=False serial=1 cdl=True

------------------------------
phenix.refine log filename ? > /net/chevy/raid1/nigel/amber/hi_lo/yx/2yxt/2yxt_refine_002.log
------------------------------
------------------------------
phenix.refine log filename ? > 2yxt_refine_002.log
------------------------------
Running phenix.refine

phenix.refine 2yxt.pdb 2yxt.mtz c_beta_restraints=False discard_psi_phi=False strategy="*individual_sites individual_sites_real_space rigid_body *individual_adp group_adp tls *occupancies group_anomalous" topology_file_name=/net/chevy/raid1/nigel/amber/hi_lo/yx/2yxt/4amber_2yxt.prmtop amber.coordinate_file_name=/net/chevy/raid1/nigel/amber/hi_lo/yx/2yxt/4amber_2yxt.rst7 use_amber=True refinement.target_weights.optimize_xyz_weight=True refinement.main.number_of_macro_cycles=10 write_geo=False amber.wxc_factor=0.300000 serial=2

