HOST rebus.lbl.gov
only_i 241
only_code None
force_amber_prep True
dry_run False
... 241 1waj
/net/chevy/raid1/nigel/amber/hi_lo
/net/chevy/raid1/nigel/amber/hi_lo/wa/1waj
1waj.pdb 4phenix_1waj.pdb
local_archive None
archive PDB None
Reading from local mirror:
  /net/cci/pdb_mirror/pdb/wa/pdb1waj.ent.gz
Model saved to /net/rebus/raid1/scratch1/nigel/amber/hi_lo/wa/1waj/1waj.pdb
Sequence saved to /net/rebus/raid1/scratch1/nigel/amber/hi_lo/wa/1waj/1waj.fa
Reading from local mirror:
  /net/cci/pdb_mirror/structure_factors/wa/r1wajsf.ent.gz
Structure factors saved to /net/rebus/raid1/scratch1/nigel/amber/hi_lo/wa/1waj/1waj-sf.cif
Reading from local mirror:
  /net/cci/pdb_mirror/mmcif/wa/1waj.cif.gz
Model saved to /net/rebus/raid1/scratch1/nigel/amber/hi_lo/wa/1waj/1waj.cif
Can't determine output label for r1wajsf,_refln.crystal_id - skipping.
Can't determine output label for r1wajsf,_refln.scale_group_code - skipping.
Can't determine output label for r1wajsf,_refln.wavelength_id - skipping.
Converted structure factors saved to 1waj.mtz
local_archive None
archive PDB None
Reading from local mirror:
  /net/cci/pdb_mirror/pdb/wa/pdb1waj.ent.gz
Model saved to /net/rebus/raid1/scratch1/nigel/amber/hi_lo/wa/1waj/1waj.pdb
Sequence saved to /net/rebus/raid1/scratch1/nigel/amber/hi_lo/wa/1waj/1waj.fa
Reading from local mirror:
  /net/cci/pdb_mirror/structure_factors/wa/r1wajsf.ent.gz
Structure factors saved to /net/rebus/raid1/scratch1/nigel/amber/hi_lo/wa/1waj/1waj-sf.cif
Reading from local mirror:
  /net/cci/pdb_mirror/mmcif/wa/1waj.cif.gz
Model saved to /net/rebus/raid1/scratch1/nigel/amber/hi_lo/wa/1waj/1waj.cif
Can't determine output label for r1wajsf,_refln.crystal_id - skipping.
Can't determine output label for r1wajsf,_refln.scale_group_code - skipping.
Can't determine output label for r1wajsf,_refln.wavelength_id - skipping.
Converted structure factors saved to 1waj.mtz
not prmtop_filename /net/rebus/scratch1/nigel/amber/hi_lo/wa/1waj/4amber_1waj.prmtop
not prmtop_filename /net/chevy/raid1/nigel/amber/hi_lo/wa/1waj/4amber_1waj.prmtop

	Running AmberPrep : 1waj.pdb


==================================================
Running pdb4amber on 1waj.pdb
==================================================

==================================================
Setting up library files for non-standard residues
==================================================

  Residue "5GP" already in amber monomer library. Skipping elbow/antechamber
    run for this residue.
        

==================================================
Preparing asu files and 4phenix_1waj.pdb
==================================================

~> tleap -f 1waj_asu_tleap_input_run

Checking output filenames
  file : 1waj_asu.prmtop
  file : 1waj_asu.rst7

~> ChBox -c 1waj_asu.rst7 -o 1waj_asu.rst7 -X 81.41 -Y 117.6 -Z 199.24 -al 90.0 -bt 90.0 -gm 90.0 


============================================================
Preparing unit cell files: 4amber_1waj.prmtop and 4amber_1waj.rst7
============================================================

~> UnitCell -p 1waj_4UnitCell.pdb -o 1waj_4tleap_uc1.pdb


~> tleap -f 1waj_uc_tleap_input_run

Checking output filenames
  file : 1waj_uc.prmtop
  file : 1waj_uc.rst7

~> ChBox -c 1waj_uc.rst7 -o 1waj_uc.rst7 -X 81.41 -Y 117.6 -Z 199.24 -al 90.0 -bt 90.0 -gm 90.0 


==================================================
Minimizing input coordinates.
==================================================

~> sander -O -i 1waj_amber_all.in -p 4amber_1waj.prmtop -c 4amber_1waj.rst7 -o 1waj.min.out            -ref 4amber_1waj.rst7 -r 4amber_1waj.min.rst7

checking special positions in 4phenix_1waj.pdb

==================================================
Done.  Three new files have been made:
      4phenix_1waj.pdb
      4amber_1waj.prmtop
      4amber_1waj.rst7
==================================================

Example

  phenix.refine 4phenix_1waj.pdb use_amber=True \
    amber.topology_file_name=4amber_1waj.prmtop \
    amber.coordinate_file_name=4amber_1waj.rst7 \
    ....(other refinement keywords here).....



Substituting Amber PDB file for downloaded file

  Amber files
    PDB    : 1waj.pdb
    MTZ    : 1waj.mtz
    prmtop : 4amber_1waj.prmtop
    rst7   : 4amber_1waj.rst7
  
/net/rebus/raid1/scratch1/nigel/amber/hi_lo/wa/1waj
return_files 1waj
/net/chevy/raid1/nigel/amber/hi_lo
4amber_1waj.pdb
4phenix_1waj.pdb
cp 4phenix_1waj.pdb /net/chevy/raid1/nigel/amber/hi_lo/wa/1waj
1waj.pdb
cp 1waj.pdb /net/chevy/raid1/nigel/amber/hi_lo/wa/1waj
4amber_1waj.mtz
4phenix_1waj.mtz
1waj.mtz
cp 1waj.mtz /net/chevy/raid1/nigel/amber/hi_lo/wa/1waj
4amber_1waj.rst7
cp 4amber_1waj.rst7 /net/chevy/raid1/nigel/amber/hi_lo/wa/1waj
4phenix_1waj.rst7
1waj.rst7
4amber_1waj.prmtop
cp 4amber_1waj.prmtop /net/chevy/raid1/nigel/amber/hi_lo/wa/1waj
4phenix_1waj.prmtop
1waj.prmtop
4amber_1waj_refine_001.log
4phenix_1waj_refine_001.log
1waj_refine_001.log
4amber_1waj_refine_002.log
4phenix_1waj_refine_002.log
1waj_refine_002.log
4amber_1waj_refine_001.pdb
4phenix_1waj_refine_001.pdb
1waj_refine_001.pdb
4amber_1waj_refine_002.pdb
4phenix_1waj_refine_002.pdb
1waj_refine_002.pdb
local_archive /net/chevy/raid1/nigel/amber/hi_lo
archive PDB /net/chevy/raid1/nigel/amber/hi_lo/wa/1waj/1waj.pdb
/net/rebus/raid1/scratch1/nigel/amber/hi_lo/wa/1waj
------------------------------
phenix.refine log filename ? > /net/chevy/raid1/nigel/amber/hi_lo/wa/1waj/1waj_refine_001.log
------------------------------
------------------------------
phenix.refine log filename ? > 1waj_refine_001.log
------------------------------
Running phenix.refine

phenix.refine 1waj.pdb 1waj.mtz c_beta_restraints=False discard_psi_phi=False strategy="*individual_sites individual_sites_real_space rigid_body *individual_adp group_adp tls *occupancies group_anomalous" refinement.target_weights.optimize_xyz_weight=True refinement.main.number_of_macro_cycles=10 write_geo=False serial=1 cdl=True

------------------------------
phenix.refine log filename ? > /net/chevy/raid1/nigel/amber/hi_lo/wa/1waj/1waj_refine_002.log
------------------------------
------------------------------
phenix.refine log filename ? > 1waj_refine_002.log
------------------------------
Running phenix.refine

phenix.refine 1waj.pdb 1waj.mtz c_beta_restraints=False discard_psi_phi=False strategy="*individual_sites individual_sites_real_space rigid_body *individual_adp group_adp tls *occupancies group_anomalous" topology_file_name=/net/chevy/raid1/nigel/amber/hi_lo/wa/1waj/4amber_1waj.prmtop amber.coordinate_file_name=/net/chevy/raid1/nigel/amber/hi_lo/wa/1waj/4amber_1waj.rst7 use_amber=True refinement.target_weights.optimize_xyz_weight=True refinement.main.number_of_macro_cycles=10 write_geo=False amber.wxc_factor=0.300000 serial=2

