HOST morse.lbl.gov
only_i 240
only_code None
force_amber_prep True
dry_run False
... 240 3gd8
/net/chevy/raid1/nigel/amber/hi_lo
/net/chevy/raid1/nigel/amber/hi_lo/gd/3gd8
3gd8.pdb 4phenix_3gd8.pdb
3gd8.pdb 4phenix_3gd8.pdb
local_archive None
archive PDB None
Reading from local mirror:
  /net/cci/pdb_mirror/pdb/gd/pdb3gd8.ent.gz
Model saved to /net/morse/raid1/scratch1/nigel/amber/hi_lo/gd/3gd8/3gd8.pdb
Sequence saved to /net/morse/raid1/scratch1/nigel/amber/hi_lo/gd/3gd8/3gd8.fa
Reading from local mirror:
  /net/cci/pdb_mirror/structure_factors/gd/r3gd8sf.ent.gz
Structure factors saved to /net/morse/raid1/scratch1/nigel/amber/hi_lo/gd/3gd8/3gd8-sf.cif
Reading from local mirror:
  /net/cci/pdb_mirror/mmcif/gd/3gd8.cif.gz
Model saved to /net/morse/raid1/scratch1/nigel/amber/hi_lo/gd/3gd8/3gd8.cif
Can't determine output label for r3gd8sf,_refln.crystal_id - skipping.
Can't determine output label for r3gd8sf,_refln.scale_group_code - skipping.
R-free-flags: fraction_free=0.051
R-free-flags: missing 42 reflections
Can't determine output label for r3gd8sf,_refln.wavelength_id - skipping.
Converted structure factors saved to 3gd8.mtz
local_archive None
archive PDB None
Reading from local mirror:
  /net/cci/pdb_mirror/pdb/gd/pdb3gd8.ent.gz
Model saved to /net/morse/raid1/scratch1/nigel/amber/hi_lo/gd/3gd8/3gd8.pdb
Sequence saved to /net/morse/raid1/scratch1/nigel/amber/hi_lo/gd/3gd8/3gd8.fa
Reading from local mirror:
  /net/cci/pdb_mirror/structure_factors/gd/r3gd8sf.ent.gz
Structure factors saved to /net/morse/raid1/scratch1/nigel/amber/hi_lo/gd/3gd8/3gd8-sf.cif
Reading from local mirror:
  /net/cci/pdb_mirror/mmcif/gd/3gd8.cif.gz
Model saved to /net/morse/raid1/scratch1/nigel/amber/hi_lo/gd/3gd8/3gd8.cif
Can't determine output label for r3gd8sf,_refln.crystal_id - skipping.
Can't determine output label for r3gd8sf,_refln.scale_group_code - skipping.
R-free-flags: fraction_free=0.051
R-free-flags: missing 42 reflections
Can't determine output label for r3gd8sf,_refln.wavelength_id - skipping.
Converted structure factors saved to 3gd8.mtz

==================================================
Summary of pdb4amber for: 3gd8.pdb
===================================================

----------Chains
The following (original) chains have been found:
A

---------- Alternate Locations (Original Residues!))

The following residues had alternate locations:
ILE_65
ASN_66
MET_181

---------- Mising heavy atom(s)

None
The alternate coordinates have been discarded.
Only the first occurrence for each atom was kept.
not prmtop_filename /net/morse/scratch1/nigel/amber/hi_lo/gd/3gd8/4amber_3gd8.prmtop

	Running AmberPrep : 3gd8.pdb


==================================================
Running pdb4amber on 3gd8.pdb
==================================================

==================================================
Setting up library files for non-standard residues
==================================================

  Residue "GOL" already in amber monomer library. Skipping elbow/antechamber
    run for this residue.
        

==================================================
Running elbow/antechamber for BOG 
==================================================

==================================================
Summary of pdb4amber for: 3gd8_4tleap_uc1.pdb
===================================================

----------Chains
The following (original) chains have been found:
A

---------- Alternate Locations (Original Residues!))

The following residues had alternate locations:
None

---------- Mising heavy atom(s)

None

MoleculeClass :  C:14  O: 6 (CHEMICAL COMPONENTS format)
	48 atoms
	48 bonds
	90 angles
	132 dihedrals
	1 rings (groups, rings, atoms) 1 6
	5 chirals : R R S S R 

~> antechamber -i 4antechamber_BOG.pdb -fi pdb -o BOG.mol2 -fo mol2       -nc 0 -m 1 -s 2 -pf y -c bcc -at gaff2 -ek "qm_theory='AM1',grms_tol=0.0005,scfconv=1.d-10,maxcyc=0,ndiis_attempts=700,"


~> parmchk2 -s 2 -i BOG.mol2 -f mol2 -o BOG.frcmod


==================================================
Preparing asu files and 4phenix_3gd8.pdb
==================================================

~> tleap -f 3gd8_asu_tleap_input_run

Checking output filenames
  file : 3gd8_asu.prmtop
  file : 3gd8_asu.rst7

~> ChBox -c 3gd8_asu.rst7 -o 3gd8_asu.rst7 -X 82.058 -Y 82.058 -Z 76.353 -al 90.0 -bt 90.0 -gm 90.0 


============================================================
Preparing unit cell files: 4amber_3gd8.prmtop and 4amber_3gd8.rst7
============================================================

~> UnitCell -p 3gd8_4UnitCell.pdb -o 3gd8_4tleap_uc1.pdb


~> tleap -f 3gd8_uc_tleap_input_run

Checking output filenames
  file : 3gd8_uc.prmtop
  file : 3gd8_uc.rst7

~> ChBox -c 3gd8_uc.rst7 -o 3gd8_uc.rst7 -X 82.058 -Y 82.058 -Z 76.353 -al 90.0 -bt 90.0 -gm 90.0 


==================================================
Minimizing input coordinates.
==================================================

~> sander -O -i 3gd8_amber_all.in -p 4amber_3gd8.prmtop -c 4amber_3gd8.rst7 -o 3gd8.min.out            -ref 4amber_3gd8.rst7 -r 4amber_3gd8.min.rst7

checking special positions in 4phenix_3gd8.pdb

==================================================
Done.  Three new files have been made:
      4phenix_3gd8.pdb
      4amber_3gd8.prmtop
      4amber_3gd8.rst7
==================================================

Example

  phenix.refine 4phenix_3gd8.pdb use_amber=True \
    amber.topology_file_name=4amber_3gd8.prmtop \
    amber.coordinate_file_name=4amber_3gd8.rst7 \
    ....(other refinement keywords here).....



Substituting Amber PDB file for downloaded file
run_tests_local.py:222: UserWarning: os.system() is not safe: please use the subprocess module or libtbx.easy_run instead.
  os.system(cmd)

  Amber files
    PDB    : 3gd8.pdb
    MTZ    : 3gd8.mtz
    prmtop : 4amber_3gd8.prmtop
    rst7   : 4amber_3gd8.rst7
  
/net/morse/raid1/scratch1/nigel/amber/hi_lo/gd/3gd8
return_files 3gd8
/net/chevy/raid1/nigel/amber/hi_lo
4amber_3gd8.pdb
4phenix_3gd8.pdb
cp 4phenix_3gd8.pdb /net/chevy/raid1/nigel/amber/hi_lo/gd/3gd8
3gd8.pdb
cp 3gd8.pdb /net/chevy/raid1/nigel/amber/hi_lo/gd/3gd8
4amber_3gd8.mtz
4phenix_3gd8.mtz
3gd8.mtz
cp 3gd8.mtz /net/chevy/raid1/nigel/amber/hi_lo/gd/3gd8
4amber_3gd8.rst7
cp 4amber_3gd8.rst7 /net/chevy/raid1/nigel/amber/hi_lo/gd/3gd8
4phenix_3gd8.rst7
3gd8.rst7
4amber_3gd8.prmtop
cp 4amber_3gd8.prmtop /net/chevy/raid1/nigel/amber/hi_lo/gd/3gd8
4phenix_3gd8.prmtop
3gd8.prmtop
4amber_3gd8_refine_001.log
4phenix_3gd8_refine_001.log
3gd8_refine_001.log
4amber_3gd8_refine_002.log
4phenix_3gd8_refine_002.log
3gd8_refine_002.log
4amber_3gd8_refine_001.pdb
4phenix_3gd8_refine_001.pdb
3gd8_refine_001.pdb
4amber_3gd8_refine_002.pdb
4phenix_3gd8_refine_002.pdb
3gd8_refine_002.pdb
local_archive /net/chevy/raid1/nigel/amber/hi_lo
archive PDB /net/chevy/raid1/nigel/amber/hi_lo/gd/3gd8/3gd8.pdb
/net/morse/raid1/scratch1/nigel/amber/hi_lo/gd/3gd8
------------------------------
phenix.refine log filename ? > /net/chevy/raid1/nigel/amber/hi_lo/gd/3gd8/3gd8_refine_001.log
------------------------------

	Already done (on chevy) 3gd8_refine_001
------------------------------
phenix.refine log filename ? > /net/chevy/raid1/nigel/amber/hi_lo/gd/3gd8/3gd8_refine_002.log
------------------------------

	Already done (on chevy) 3gd8_refine_002
