HOST morse.lbl.gov
only_i 128
only_code None
force_amber_prep True
dry_run False
... 128 3cc5
/net/chevy/raid1/nigel/amber/hi_lo
/net/chevy/raid1/nigel/amber/hi_lo/cc/3cc5
3cc5.pdb 4phenix_3cc5.pdb
3cc5.pdb 4phenix_3cc5.pdb
local_archive None
archive PDB None
Reading from local mirror:
  /net/cci/pdb_mirror/pdb/cc/pdb3cc5.ent.gz
Model saved to /net/morse/raid1/scratch1/nigel/amber/hi_lo/cc/3cc5/3cc5.pdb
Sequence saved to /net/morse/raid1/scratch1/nigel/amber/hi_lo/cc/3cc5/3cc5.fa
Reading from local mirror:
  /net/cci/pdb_mirror/structure_factors/cc/r3cc5sf.ent.gz
Structure factors saved to /net/morse/raid1/scratch1/nigel/amber/hi_lo/cc/3cc5/3cc5-sf.cif
Reading from local mirror:
  /net/cci/pdb_mirror/mmcif/cc/3cc5.cif.gz
Model saved to /net/morse/raid1/scratch1/nigel/amber/hi_lo/cc/3cc5/3cc5.cif
Can't determine output label for r3cc5sf,_refln.crystal_id - skipping.
Can't determine output label for r3cc5sf,_refln.scale_group_code - skipping.
R-free-flags: fraction_free=0.050
R-free-flags: missing 1734 reflections
Can't determine output label for r3cc5sf,_refln.wavelength_id - skipping.
Converted structure factors saved to 3cc5.mtz
local_archive None
archive PDB None
Reading from local mirror:
  /net/cci/pdb_mirror/pdb/cc/pdb3cc5.ent.gz
Model saved to /net/morse/raid1/scratch1/nigel/amber/hi_lo/cc/3cc5/3cc5.pdb
Sequence saved to /net/morse/raid1/scratch1/nigel/amber/hi_lo/cc/3cc5/3cc5.fa
Reading from local mirror:
  /net/cci/pdb_mirror/structure_factors/cc/r3cc5sf.ent.gz
Structure factors saved to /net/morse/raid1/scratch1/nigel/amber/hi_lo/cc/3cc5/3cc5-sf.cif
Reading from local mirror:
  /net/cci/pdb_mirror/mmcif/cc/3cc5.cif.gz
Model saved to /net/morse/raid1/scratch1/nigel/amber/hi_lo/cc/3cc5/3cc5.cif
Can't determine output label for r3cc5sf,_refln.crystal_id - skipping.
Can't determine output label for r3cc5sf,_refln.scale_group_code - skipping.
R-free-flags: fraction_free=0.050
R-free-flags: missing 1734 reflections
Can't determine output label for r3cc5sf,_refln.wavelength_id - skipping.
Converted structure factors saved to 3cc5.mtz

==================================================
Summary of pdb4amber for: 3cc5.pdb
===================================================

----------Chains
The following (original) chains have been found:
A
B
C
D
E
F

---------- Alternate Locations (Original Residues!))

The following residues had alternate locations:
None

---------- Mising heavy atom(s)

None

==================================================
Summary of pdb4amber for: 3cc5_4tleap_uc1.pdb
===================================================

----------Chains
The following (original) chains have been found:
A
B
C
D
E
F

---------- Alternate Locations (Original Residues!))

The following residues had alternate locations:
None

---------- Mising heavy atom(s)

None
not prmtop_filename /net/morse/scratch1/nigel/amber/hi_lo/cc/3cc5/4amber_3cc5.prmtop

	Running AmberPrep : 3cc5.pdb


==================================================
Running pdb4amber on 3cc5.pdb
==================================================

==================================================
Setting up library files for non-standard residues
==================================================

  Residue "GOL" already in amber monomer library. Skipping elbow/antechamber
    run for this residue.
        

  Residue "SO4" already in amber monomer library. Skipping elbow/antechamber
    run for this residue.
        

==================================================
Preparing asu files and 4phenix_3cc5.pdb
==================================================

~> tleap -f 3cc5_asu_tleap_input_run

Checking output filenames
  file : 3cc5_asu.prmtop
  file : 3cc5_asu.rst7

~> ChBox -c 3cc5_asu.rst7 -o 3cc5_asu.rst7 -X 67.2 -Y 165.4 -Z 161.3 -al 90.0 -bt 90.0 -gm 90.0 


============================================================
Preparing unit cell files: 4amber_3cc5.prmtop and 4amber_3cc5.rst7
============================================================

~> UnitCell -p 3cc5_4UnitCell.pdb -o 3cc5_4tleap_uc1.pdb


~> tleap -f 3cc5_uc_tleap_input_run

Checking output filenames
  file : 3cc5_uc.prmtop
  file : 3cc5_uc.rst7

~> ChBox -c 3cc5_uc.rst7 -o 3cc5_uc.rst7 -X 67.2 -Y 165.4 -Z 161.3 -al 90.0 -bt 90.0 -gm 90.0 


==================================================
Minimizing input coordinates.
==================================================

~> sander -O -i 3cc5_amber_all.in -p 4amber_3cc5.prmtop -c 4amber_3cc5.rst7 -o 3cc5.min.out            -ref 4amber_3cc5.rst7 -r 4amber_3cc5.min.rst7

checking special positions in 4phenix_3cc5.pdb

==================================================
Done.  Three new files have been made:
      4phenix_3cc5.pdb
      4amber_3cc5.prmtop
      4amber_3cc5.rst7
==================================================

Example

  phenix.refine 4phenix_3cc5.pdb use_amber=True \
    amber.topology_file_name=4amber_3cc5.prmtop \
    amber.coordinate_file_name=4amber_3cc5.rst7 \
    ....(other refinement keywords here).....



Substituting Amber PDB file for downloaded file
run_tests_local.py:222: UserWarning: os.system() is not safe: please use the subprocess module or libtbx.easy_run instead.
  os.system(cmd)

  Amber files
    PDB    : 3cc5.pdb
    MTZ    : 3cc5.mtz
    prmtop : 4amber_3cc5.prmtop
    rst7   : 4amber_3cc5.rst7
  
/net/morse/raid1/scratch1/nigel/amber/hi_lo/cc/3cc5
return_files 3cc5
/net/chevy/raid1/nigel/amber/hi_lo
4amber_3cc5.pdb
4phenix_3cc5.pdb
cp 4phenix_3cc5.pdb /net/chevy/raid1/nigel/amber/hi_lo/cc/3cc5
3cc5.pdb
cp 3cc5.pdb /net/chevy/raid1/nigel/amber/hi_lo/cc/3cc5
4amber_3cc5.mtz
4phenix_3cc5.mtz
3cc5.mtz
cp 3cc5.mtz /net/chevy/raid1/nigel/amber/hi_lo/cc/3cc5
4amber_3cc5.rst7
cp 4amber_3cc5.rst7 /net/chevy/raid1/nigel/amber/hi_lo/cc/3cc5
4phenix_3cc5.rst7
3cc5.rst7
4amber_3cc5.prmtop
cp 4amber_3cc5.prmtop /net/chevy/raid1/nigel/amber/hi_lo/cc/3cc5
4phenix_3cc5.prmtop
3cc5.prmtop
4amber_3cc5_refine_001.log
4phenix_3cc5_refine_001.log
3cc5_refine_001.log
4amber_3cc5_refine_002.log
4phenix_3cc5_refine_002.log
3cc5_refine_002.log
4amber_3cc5_refine_001.pdb
4phenix_3cc5_refine_001.pdb
3cc5_refine_001.pdb
4amber_3cc5_refine_002.pdb
4phenix_3cc5_refine_002.pdb
3cc5_refine_002.pdb
local_archive /net/chevy/raid1/nigel/amber/hi_lo
archive PDB /net/chevy/raid1/nigel/amber/hi_lo/cc/3cc5/3cc5.pdb
/net/morse/raid1/scratch1/nigel/amber/hi_lo/cc/3cc5
------------------------------
phenix.refine log filename ? > /net/chevy/raid1/nigel/amber/hi_lo/cc/3cc5/3cc5_refine_001.log
------------------------------

	Already done (on chevy) 3cc5_refine_001
------------------------------
phenix.refine log filename ? > /net/chevy/raid1/nigel/amber/hi_lo/cc/3cc5/3cc5_refine_002.log
------------------------------

	Already done (on chevy) 3cc5_refine_002
