HOST rebus.lbl.gov
only_i 79
only_code None
force_amber_prep True
dry_run False
1 1z3z,A,2.900,1zod,A,1.800
2 1psi,A,2.920,3ndd,A,1.500
3 3bpo,A,3.000,3l5w,I,2.000
4 1e6j,P,3.000,3mge,A,1.900
5 1r46,A,3.250,3hg3,A,1.900
6 2j0g,A,2.850,2j1g,A,1.950
7 1nsk,L,2.800,3bbb,A,1.300
8 1t04,B,3.000,1t3f,B,2.000
9 1kiu,B,3.000,1ze3,H,1.840
10 1kv3,A,2.800,2q3z,A,2.000
11 1wqs,A,2.800,2iph,A,1.750
12 3gwp,A,2.900,3i16,A,2.000
13 1c0n,A,2.800,1kmj,A,2.000
14 2r8j,A,3.100,3oha,A,2.000
15 1z5s,C,3.010,2grn,B,1.800
16 3icq,B,3.200,3m1i,A,2.000
17 1nb3,I,2.800,3kfq,C,1.990
18 1otc,A,2.800,2i0q,A,1.910
19 1ue8,A,3.000,3b4x,A,1.940
20 1a4o,A,2.800,2o02,A,1.500
21 1t6i,A,2.810,3g4z,A,1.870
22 1de9,A,3.000,2o3h,A,1.900
23 2j6e,L,3.000,3n9g,L,1.434
24 3hrk,A,3.050,3lc0,A,1.800
25 2ecp,A,2.950,2asv,A,1.950
26 1z8l,A,3.500,2xeg,A,1.590
27 1ere,A,3.100,2r6w,A,2.000
28 1xni,A,2.800,3lh0,A,1.900
29 2pl0,A,2.800,3mpm,A,1.950
30 1pxt,A,2.800,1afw,A,1.800
31 1bmf,A,2.850,2jdi,A,1.900
32 2g3k,A,3.050,2j9u,A,2.000
33 3m9b,A,3.940,3m9h,A,2.000
34 2i0v,A,2.800,3dpk,A,1.950
35 1kiu,A,3.000,3bwu,C,1.760
36 1nys,A,3.050,2h62,D,1.850
37 1rgq,C,2.900,2o8m,C,2.000
38 1fg5,N,2.800,2vs4,A,1.770
39 1sj5,A,2.800,1vjl,A,1.900
40 2f7k,A,2.800,2yxt,A,2.000
... 79 2f7k
/net/chevy/raid1/nigel/amber/hi_lo
/net/chevy/raid1/nigel/amber/hi_lo/f7/2f7k
2f7k.pdb 4phenix_2f7k.pdb
local_archive None
archive PDB None
Reading from local mirror:
  /net/cci/pdb_mirror/pdb/f7/pdb2f7k.ent.gz
Model saved to /net/rebus/raid1/scratch1/nigel/amber/hi_lo/f7/2f7k/2f7k.pdb
Sequence saved to /net/rebus/raid1/scratch1/nigel/amber/hi_lo/f7/2f7k/2f7k.fa
Reading from local mirror:
  /net/cci/pdb_mirror/structure_factors/f7/r2f7ksf.ent.gz
Structure factors saved to /net/rebus/raid1/scratch1/nigel/amber/hi_lo/f7/2f7k/2f7k-sf.cif
Reading from local mirror:
  /net/cci/pdb_mirror/mmcif/f7/2f7k.cif.gz
Model saved to /net/rebus/raid1/scratch1/nigel/amber/hi_lo/f7/2f7k/2f7k.cif
Can't determine output label for r2f7ksf,_refln.crystal_id - skipping.
Can't determine output label for r2f7ksf,_refln.scale_group_code - skipping.
Can't determine output label for r2f7ksf,_refln.wavelength_id - skipping.
Can't determine output label for r2f7kAsf,_refln.crystal_id - skipping.
Can't determine output label for r2f7kAsf,_refln.scale_group_code - skipping.
Can't determine output label for r2f7kAsf,_refln.wavelength_id - skipping.
Converted structure factors saved to 2f7k.mtz
local_archive None
archive PDB None
Reading from local mirror:
  /net/cci/pdb_mirror/pdb/f7/pdb2f7k.ent.gz
Model saved to /net/rebus/raid1/scratch1/nigel/amber/hi_lo/f7/2f7k/2f7k.pdb
Sequence saved to /net/rebus/raid1/scratch1/nigel/amber/hi_lo/f7/2f7k/2f7k.fa
Reading from local mirror:
  /net/cci/pdb_mirror/structure_factors/f7/r2f7ksf.ent.gz
Structure factors saved to /net/rebus/raid1/scratch1/nigel/amber/hi_lo/f7/2f7k/2f7k-sf.cif
Reading from local mirror:
  /net/cci/pdb_mirror/mmcif/f7/2f7k.cif.gz
Model saved to /net/rebus/raid1/scratch1/nigel/amber/hi_lo/f7/2f7k/2f7k.cif
Can't determine output label for r2f7ksf,_refln.crystal_id - skipping.
Can't determine output label for r2f7ksf,_refln.scale_group_code - skipping.
Can't determine output label for r2f7ksf,_refln.wavelength_id - skipping.
Can't determine output label for r2f7kAsf,_refln.crystal_id - skipping.
Can't determine output label for r2f7kAsf,_refln.scale_group_code - skipping.
Can't determine output label for r2f7kAsf,_refln.wavelength_id - skipping.
Converted structure factors saved to 2f7k.mtz

==================================================
Summary of pdb4amber for: 2f7k.pdb
===================================================
REDUCE returned non-zero exit status: See reduce_info.log for more details

----------Chains
The following (original) chains have been found:
A
B

---------- Alternate Locations (Original Residues!))

The following residues had alternate locations:
None

---------- Mising heavy atom(s)

None

==================================================
Summary of pdb4amber for: 2f7k_4tleap_uc1.pdb
===================================================

----------Chains
The following (original) chains have been found:
A
B

---------- Alternate Locations (Original Residues!))

The following residues had alternate locations:
None

---------- Mising heavy atom(s)

THR_11 misses 6 heavy atom(s)
THR_12 misses 7 heavy atom(s)
THR_13 misses 6 heavy atom(s)
THR_14 misses 7 heavy atom(s)
THR_15 misses 6 heavy atom(s)
THR_16 misses 7 heavy atom(s)
THR_17 misses 6 heavy atom(s)
THR_18 misses 7 heavy atom(s)
THR_19 misses 7 heavy atom(s)
THR_20 misses 7 heavy atom(s)
THR_21 misses 6 heavy atom(s)
THR_22 misses 7 heavy atom(s)
THR_23 misses 6 heavy atom(s)
THR_24 misses 6 heavy atom(s)
THR_347 misses 6 heavy atom(s)
THR_348 misses 7 heavy atom(s)
THR_349 misses 6 heavy atom(s)
THR_350 misses 7 heavy atom(s)
THR_351 misses 6 heavy atom(s)
THR_352 misses 7 heavy atom(s)
THR_353 misses 6 heavy atom(s)
THR_354 misses 7 heavy atom(s)
THR_355 misses 7 heavy atom(s)
THR_356 misses 7 heavy atom(s)
THR_357 misses 6 heavy atom(s)
THR_358 misses 7 heavy atom(s)
THR_359 misses 6 heavy atom(s)
THR_360 misses 6 heavy atom(s)
THR_890 misses 6 heavy atom(s)
THR_891 misses 7 heavy atom(s)
THR_892 misses 6 heavy atom(s)
THR_893 misses 7 heavy atom(s)
THR_894 misses 6 heavy atom(s)
THR_895 misses 7 heavy atom(s)
THR_896 misses 6 heavy atom(s)
THR_897 misses 7 heavy atom(s)
THR_898 misses 7 heavy atom(s)
THR_899 misses 7 heavy atom(s)
THR_900 misses 6 heavy atom(s)
THR_901 misses 7 heavy atom(s)
THR_902 misses 6 heavy atom(s)
THR_903 misses 6 heavy atom(s)
THR_1226 misses 6 heavy atom(s)
THR_1227 misses 7 heavy atom(s)
THR_1228 misses 6 heavy atom(s)
THR_1229 misses 7 heavy atom(s)
THR_1230 misses 6 heavy atom(s)
THR_1231 misses 7 heavy atom(s)
THR_1232 misses 6 heavy atom(s)
THR_1233 misses 7 heavy atom(s)
THR_1234 misses 7 heavy atom(s)
THR_1235 misses 7 heavy atom(s)
THR_1236 misses 6 heavy atom(s)
THR_1237 misses 7 heavy atom(s)
THR_1238 misses 6 heavy atom(s)
THR_1239 misses 6 heavy atom(s)
THR_1769 misses 6 heavy atom(s)
THR_1770 misses 7 heavy atom(s)
THR_1771 misses 6 heavy atom(s)
THR_1772 misses 7 heavy atom(s)
THR_1773 misses 6 heavy atom(s)
THR_1774 misses 7 heavy atom(s)
THR_1775 misses 6 heavy atom(s)
THR_1776 misses 7 heavy atom(s)
THR_1777 misses 7 heavy atom(s)
THR_1778 misses 7 heavy atom(s)
THR_1779 misses 6 heavy atom(s)
THR_1780 misses 7 heavy atom(s)
THR_1781 misses 6 heavy atom(s)
THR_1782 misses 6 heavy atom(s)
THR_2105 misses 6 heavy atom(s)
THR_2106 misses 7 heavy atom(s)
THR_2107 misses 6 heavy atom(s)
THR_2108 misses 7 heavy atom(s)
THR_2109 misses 6 heavy atom(s)
THR_2110 misses 7 heavy atom(s)
THR_2111 misses 6 heavy atom(s)
THR_2112 misses 7 heavy atom(s)
THR_2113 misses 7 heavy atom(s)
THR_2114 misses 7 heavy atom(s)
THR_2115 misses 6 heavy atom(s)
THR_2116 misses 7 heavy atom(s)
THR_2117 misses 6 heavy atom(s)
THR_2118 misses 6 heavy atom(s)
THR_2648 misses 6 heavy atom(s)
THR_2649 misses 7 heavy atom(s)
THR_2650 misses 6 heavy atom(s)
THR_2651 misses 7 heavy atom(s)
THR_2652 misses 6 heavy atom(s)
THR_2653 misses 7 heavy atom(s)
THR_2654 misses 6 heavy atom(s)
THR_2655 misses 7 heavy atom(s)
THR_2656 misses 7 heavy atom(s)
THR_2657 misses 7 heavy atom(s)
THR_2658 misses 6 heavy atom(s)
THR_2659 misses 7 heavy atom(s)
THR_2660 misses 6 heavy atom(s)
THR_2661 misses 6 heavy atom(s)
THR_2984 misses 6 heavy atom(s)
THR_2985 misses 7 heavy atom(s)
THR_2986 misses 6 heavy atom(s)
THR_2987 misses 7 heavy atom(s)
THR_2988 misses 6 heavy atom(s)
THR_2989 misses 7 heavy atom(s)
THR_2990 misses 6 heavy atom(s)
THR_2991 misses 7 heavy atom(s)
THR_2992 misses 7 heavy atom(s)
THR_2993 misses 7 heavy atom(s)
THR_2994 misses 6 heavy atom(s)
THR_2995 misses 7 heavy atom(s)
THR_2996 misses 6 heavy atom(s)
THR_2997 misses 6 heavy atom(s)
not prmtop_filename /net/rebus/scratch1/nigel/amber/hi_lo/f7/2f7k/4amber_2f7k.prmtop
not pdb_filename /net/chevy/raid1/nigel/amber/hi_lo/f7/2f7k/4phenix_2f7k.pdb

	Running AmberPrep : 2f7k.pdb


==================================================
Running pdb4amber on 2f7k.pdb
==================================================

==================================================
Setting up library files for non-standard residues
==================================================

==================================================
Preparing asu files and 4phenix_2f7k.pdb
==================================================

~> tleap -f 2f7k_asu_tleap_input_run

Checking output filenames
  file : 2f7k_asu.prmtop
  file : 2f7k_asu.rst7

~> ChBox -c 2f7k_asu.rst7 -o 2f7k_asu.rst7 -X 52.5 -Y 52.5 -Z 301.0 -al 90.0 -bt 90.0 -gm 90.0 


============================================================
Preparing unit cell files: 4amber_2f7k.prmtop and 4amber_2f7k.rst7
============================================================

~> UnitCell -p 2f7k_4UnitCell.pdb -o 2f7k_4tleap_uc1.pdb


~> tleap -f 2f7k_uc_tleap_input_run

Checking output filenames
  file : 2f7k_uc.prmtop
Sorry:   Output file is empty : 2f7k_uc.prmtop
  Check contents of "leap.log"
