HOST morse.lbl.gov
only_i 55
only_code None
force_amber_prep True
dry_run False
... 55 1xni
/net/chevy/raid1/nigel/amber/hi_lo
/net/chevy/raid1/nigel/amber/hi_lo/xn/1xni
1xni.pdb 4phenix_1xni.pdb
1xni.pdb 4phenix_1xni.pdb
local_archive None
archive PDB None
Reading from local mirror:
  /net/cci/pdb_mirror/pdb/xn/pdb1xni.ent.gz
Model saved to /net/morse/raid1/scratch1/nigel/amber/hi_lo/xn/1xni/1xni.pdb
Sequence saved to /net/morse/raid1/scratch1/nigel/amber/hi_lo/xn/1xni/1xni.fa
Reading from local mirror:
  /net/cci/pdb_mirror/structure_factors/xn/r1xnisf.ent.gz
Structure factors saved to /net/morse/raid1/scratch1/nigel/amber/hi_lo/xn/1xni/1xni-sf.cif
Reading from local mirror:
  /net/cci/pdb_mirror/mmcif/xn/1xni.cif.gz
Model saved to /net/morse/raid1/scratch1/nigel/amber/hi_lo/xn/1xni/1xni.cif
Can't determine output label for r1xnisf,_refln.crystal_id - skipping.
Can't determine output label for r1xnisf,_refln.scale_group_code - skipping.
Can't determine output label for r1xnisf,_refln.wavelength_id - skipping.
Converted structure factors saved to 1xni.mtz
local_archive None
archive PDB None
Reading from local mirror:
  /net/cci/pdb_mirror/pdb/xn/pdb1xni.ent.gz
Model saved to /net/morse/raid1/scratch1/nigel/amber/hi_lo/xn/1xni/1xni.pdb
Sequence saved to /net/morse/raid1/scratch1/nigel/amber/hi_lo/xn/1xni/1xni.fa
Reading from local mirror:
  /net/cci/pdb_mirror/structure_factors/xn/r1xnisf.ent.gz
Structure factors saved to /net/morse/raid1/scratch1/nigel/amber/hi_lo/xn/1xni/1xni-sf.cif
Reading from local mirror:
  /net/cci/pdb_mirror/mmcif/xn/1xni.cif.gz
Model saved to /net/morse/raid1/scratch1/nigel/amber/hi_lo/xn/1xni/1xni.cif
Can't determine output label for r1xnisf,_refln.crystal_id - skipping.
Can't determine output label for r1xnisf,_refln.scale_group_code - skipping.
Can't determine output label for r1xnisf,_refln.wavelength_id - skipping.
Converted structure factors saved to 1xni.mtz

==================================================
Summary of pdb4amber for: 1xni.pdb
===================================================
REDUCE returned non-zero exit status: See reduce_info.log for more details

----------Chains
The following (original) chains have been found:
A
B
C
D
E
F
G
H
I
J

---------- Alternate Locations (Original Residues!))

The following residues had alternate locations:
None

---------- Mising heavy atom(s)

None

==================================================
Summary of pdb4amber for: 1xni_4tleap_uc1.pdb
===================================================

----------Chains
The following (original) chains have been found:
A
B
C
D
E
F
G
H
I
J

---------- Alternate Locations (Original Residues!))

The following residues had alternate locations:
None

---------- Mising heavy atom(s)

None
not prmtop_filename /net/morse/scratch1/nigel/amber/hi_lo/xn/1xni/4amber_1xni.prmtop

	Running AmberPrep : 1xni.pdb


==================================================
Running pdb4amber on 1xni.pdb
==================================================

==================================================
Setting up library files for non-standard residues
==================================================

==================================================
Preparing asu files and 4phenix_1xni.pdb
==================================================

~> tleap -f 1xni_asu_tleap_input_run

Checking output filenames
  file : 1xni_asu.prmtop
  file : 1xni_asu.rst7

~> ChBox -c 1xni_asu.rst7 -o 1xni_asu.rst7 -X 71.61 -Y 157.664 -Z 179.723 -al 90.0 -bt 90.0 -gm 90.0 


============================================================
Preparing unit cell files: 4amber_1xni.prmtop and 4amber_1xni.rst7
============================================================

~> UnitCell -p 1xni_4UnitCell.pdb -o 1xni_4tleap_uc1.pdb


~> tleap -f 1xni_uc_tleap_input_run

Checking output filenames
  file : 1xni_uc.prmtop
  file : 1xni_uc.rst7

~> ChBox -c 1xni_uc.rst7 -o 1xni_uc.rst7 -X 71.61 -Y 157.664 -Z 179.723 -al 90.0 -bt 90.0 -gm 90.0 


==================================================
Minimizing input coordinates.
==================================================

~> sander -O -i 1xni_amber_all.in -p 4amber_1xni.prmtop -c 4amber_1xni.rst7 -o 1xni.min.out            -ref 4amber_1xni.rst7 -r 4amber_1xni.min.rst7

checking special positions in 4phenix_1xni.pdb

==================================================
Done.  Three new files have been made:
      4phenix_1xni.pdb
      4amber_1xni.prmtop
      4amber_1xni.rst7
==================================================

Example

  phenix.refine 4phenix_1xni.pdb use_amber=True \
    amber.topology_file_name=4amber_1xni.prmtop \
    amber.coordinate_file_name=4amber_1xni.rst7 \
    ....(other refinement keywords here).....



Substituting Amber PDB file for downloaded file
run_tests_local.py:222: UserWarning: os.system() is not safe: please use the subprocess module or libtbx.easy_run instead.
  os.system(cmd)

  Amber files
    PDB    : 1xni.pdb
    MTZ    : 1xni.mtz
    prmtop : 4amber_1xni.prmtop
    rst7   : 4amber_1xni.rst7
  
/net/morse/raid1/scratch1/nigel/amber/hi_lo/xn/1xni
return_files 1xni
/net/chevy/raid1/nigel/amber/hi_lo
4amber_1xni.pdb
4phenix_1xni.pdb
cp 4phenix_1xni.pdb /net/chevy/raid1/nigel/amber/hi_lo/xn/1xni
1xni.pdb
cp 1xni.pdb /net/chevy/raid1/nigel/amber/hi_lo/xn/1xni
4amber_1xni.mtz
4phenix_1xni.mtz
1xni.mtz
cp 1xni.mtz /net/chevy/raid1/nigel/amber/hi_lo/xn/1xni
4amber_1xni.rst7
cp 4amber_1xni.rst7 /net/chevy/raid1/nigel/amber/hi_lo/xn/1xni
4phenix_1xni.rst7
1xni.rst7
4amber_1xni.prmtop
cp 4amber_1xni.prmtop /net/chevy/raid1/nigel/amber/hi_lo/xn/1xni
4phenix_1xni.prmtop
1xni.prmtop
4amber_1xni_refine_001.log
4phenix_1xni_refine_001.log
1xni_refine_001.log
4amber_1xni_refine_002.log
4phenix_1xni_refine_002.log
1xni_refine_002.log
4amber_1xni_refine_001.pdb
4phenix_1xni_refine_001.pdb
1xni_refine_001.pdb
4amber_1xni_refine_002.pdb
4phenix_1xni_refine_002.pdb
1xni_refine_002.pdb
local_archive /net/chevy/raid1/nigel/amber/hi_lo
archive PDB /net/chevy/raid1/nigel/amber/hi_lo/xn/1xni/1xni.pdb
/net/morse/raid1/scratch1/nigel/amber/hi_lo/xn/1xni
------------------------------
phenix.refine log filename ? > /net/chevy/raid1/nigel/amber/hi_lo/xn/1xni/1xni_refine_001.log
------------------------------

	Already done (on chevy) 1xni_refine_001
------------------------------
phenix.refine log filename ? > /net/chevy/raid1/nigel/amber/hi_lo/xn/1xni/1xni_refine_002.log
------------------------------

	Already done (on chevy) 1xni_refine_002
