HOST rebus.lbl.gov
only_i 39
only_code None
force_amber_prep True
dry_run False
... 39 1a4o
/net/chevy/raid1/nigel/amber/hi_lo
/net/chevy/raid1/nigel/amber/hi_lo/a4/1a4o
1a4o.pdb 4phenix_1a4o.pdb
1a4o.pdb 4phenix_1a4o.pdb
local_archive None
archive PDB None
Reading from local mirror:
  /net/cci/pdb_mirror/pdb/a4/pdb1a4o.ent.gz
Model saved to /net/rebus/raid1/scratch1/nigel/amber/hi_lo/a4/1a4o/1a4o.pdb
Sequence saved to /net/rebus/raid1/scratch1/nigel/amber/hi_lo/a4/1a4o/1a4o.fa
Reading from local mirror:
  /net/cci/pdb_mirror/structure_factors/a4/r1a4osf.ent.gz
Structure factors saved to /net/rebus/raid1/scratch1/nigel/amber/hi_lo/a4/1a4o/1a4o-sf.cif
Reading from local mirror:
  /net/cci/pdb_mirror/mmcif/a4/1a4o.cif.gz
Model saved to /net/rebus/raid1/scratch1/nigel/amber/hi_lo/a4/1a4o/1a4o.cif
Can't determine output label for r1a4osf,_refln.crystal_id - skipping.
Can't determine output label for r1a4osf,_refln.scale_group_code - skipping.
Can't determine output label for r1a4osf,_refln.wavelength_id - skipping.
Converted structure factors saved to 1a4o.mtz
local_archive None
archive PDB None
Reading from local mirror:
  /net/cci/pdb_mirror/pdb/a4/pdb1a4o.ent.gz
Model saved to /net/rebus/raid1/scratch1/nigel/amber/hi_lo/a4/1a4o/1a4o.pdb
Sequence saved to /net/rebus/raid1/scratch1/nigel/amber/hi_lo/a4/1a4o/1a4o.fa
Reading from local mirror:
  /net/cci/pdb_mirror/structure_factors/a4/r1a4osf.ent.gz
Structure factors saved to /net/rebus/raid1/scratch1/nigel/amber/hi_lo/a4/1a4o/1a4o-sf.cif
Reading from local mirror:
  /net/cci/pdb_mirror/mmcif/a4/1a4o.cif.gz
Model saved to /net/rebus/raid1/scratch1/nigel/amber/hi_lo/a4/1a4o/1a4o.cif
Can't determine output label for r1a4osf,_refln.crystal_id - skipping.
Can't determine output label for r1a4osf,_refln.scale_group_code - skipping.
Can't determine output label for r1a4osf,_refln.wavelength_id - skipping.
Converted structure factors saved to 1a4o.mtz
not prmtop_filename /net/rebus/scratch1/nigel/amber/hi_lo/a4/1a4o/4amber_1a4o.prmtop

	Running AmberPrep : 1a4o.pdb


==================================================
Running pdb4amber on 1a4o.pdb
==================================================

==================================================
Setting up library files for non-standard residues
==================================================

==================================================
Preparing asu files and 4phenix_1a4o.pdb
==================================================

~> tleap -f 1a4o_asu_tleap_input_run

Checking output filenames
  file : 1a4o_asu.prmtop
  file : 1a4o_asu.rst7

~> ChBox -c 1a4o_asu.rst7 -o 1a4o_asu.rst7 -X 94.9 -Y 94.9 -Z 236.7 -al 90.0 -bt 90.0 -gm 120.0 


============================================================
Preparing unit cell files: 4amber_1a4o.prmtop and 4amber_1a4o.rst7
============================================================

~> UnitCell -p 1a4o_4UnitCell.pdb -o 1a4o_4tleap_uc1.pdb


~> tleap -f 1a4o_uc_tleap_input_run

Checking output filenames
  file : 1a4o_uc.prmtop
  file : 1a4o_uc.rst7

~> ChBox -c 1a4o_uc.rst7 -o 1a4o_uc.rst7 -X 94.9 -Y 94.9 -Z 236.7 -al 90.0 -bt 90.0 -gm 120.0 


==================================================
Minimizing input coordinates.
==================================================

~> sander -O -i 1a4o_amber_all.in -p 4amber_1a4o.prmtop -c 4amber_1a4o.rst7 -o 1a4o.min.out            -ref 4amber_1a4o.rst7 -r 4amber_1a4o.min.rst7

checking special positions in 4phenix_1a4o.pdb

==================================================
Done.  Three new files have been made:
      4phenix_1a4o.pdb
      4amber_1a4o.prmtop
      4amber_1a4o.rst7
==================================================

Example

  phenix.refine 4phenix_1a4o.pdb use_amber=True \
    amber.topology_file_name=4amber_1a4o.prmtop \
    amber.coordinate_file_name=4amber_1a4o.rst7 \
    ....(other refinement keywords here).....



Substituting Amber PDB file for downloaded file

  Amber files
    PDB    : 1a4o.pdb
    MTZ    : 1a4o.mtz
    prmtop : 4amber_1a4o.prmtop
    rst7   : 4amber_1a4o.rst7
  
/net/rebus/raid1/scratch1/nigel/amber/hi_lo/a4/1a4o
return_files 1a4o
/net/chevy/raid1/nigel/amber/hi_lo
4amber_1a4o.pdb
4phenix_1a4o.pdb
cp 4phenix_1a4o.pdb /net/chevy/raid1/nigel/amber/hi_lo/a4/1a4o
1a4o.pdb
cp 1a4o.pdb /net/chevy/raid1/nigel/amber/hi_lo/a4/1a4o
4amber_1a4o.mtz
4phenix_1a4o.mtz
1a4o.mtz
cp 1a4o.mtz /net/chevy/raid1/nigel/amber/hi_lo/a4/1a4o
4amber_1a4o.rst7
cp 4amber_1a4o.rst7 /net/chevy/raid1/nigel/amber/hi_lo/a4/1a4o
4phenix_1a4o.rst7
1a4o.rst7
4amber_1a4o.prmtop
cp 4amber_1a4o.prmtop /net/chevy/raid1/nigel/amber/hi_lo/a4/1a4o
4phenix_1a4o.prmtop
1a4o.prmtop
4amber_1a4o_refine_001.log
4phenix_1a4o_refine_001.log
1a4o_refine_001.log
4amber_1a4o_refine_002.log
4phenix_1a4o_refine_002.log
1a4o_refine_002.log
4amber_1a4o_refine_001.pdb
4phenix_1a4o_refine_001.pdb
1a4o_refine_001.pdb
4amber_1a4o_refine_002.pdb
4phenix_1a4o_refine_002.pdb
1a4o_refine_002.pdb
local_archive /net/chevy/raid1/nigel/amber/hi_lo
archive PDB /net/chevy/raid1/nigel/amber/hi_lo/a4/1a4o/1a4o.pdb
/net/rebus/raid1/scratch1/nigel/amber/hi_lo/a4/1a4o
------------------------------
phenix.refine log filename ? > /net/chevy/raid1/nigel/amber/hi_lo/a4/1a4o/1a4o_refine_001.log
------------------------------

	Already done (on chevy) 1a4o_refine_001
------------------------------
phenix.refine log filename ? > /net/chevy/raid1/nigel/amber/hi_lo/a4/1a4o/1a4o_refine_002.log
------------------------------

	Already done (on chevy) 1a4o_refine_002
