HOST rebus.lbl.gov
only_i 103
only_code None
force_amber_prep True
dry_run False
... 103 2i22
/net/chevy/raid1/nigel/amber/hi_lo
/net/chevy/raid1/nigel/amber/hi_lo/i2/2i22
2i22.pdb 4phenix_2i22.pdb
2i22.pdb 4phenix_2i22.pdb
local_archive None
archive PDB None
Reading from local mirror:
  /net/cci/pdb_mirror/pdb/i2/pdb2i22.ent.gz
Model saved to /net/rebus/raid1/scratch1/nigel/amber/hi_lo/i2/2i22/2i22.pdb
Sequence saved to /net/rebus/raid1/scratch1/nigel/amber/hi_lo/i2/2i22/2i22.fa
Reading from local mirror:
  /net/cci/pdb_mirror/structure_factors/i2/r2i22sf.ent.gz
Structure factors saved to /net/rebus/raid1/scratch1/nigel/amber/hi_lo/i2/2i22/2i22-sf.cif
Reading from local mirror:
  /net/cci/pdb_mirror/mmcif/i2/2i22.cif.gz
Model saved to /net/rebus/raid1/scratch1/nigel/amber/hi_lo/i2/2i22/2i22.cif
Can't determine output label for r2i22sf,_refln.crystal_id - skipping.
Can't determine output label for r2i22sf,_refln.scale_group_code - skipping.
Can't determine output label for r2i22sf,_refln.wavelength_id - skipping.
Converted structure factors saved to 2i22.mtz
local_archive None
archive PDB None
Reading from local mirror:
  /net/cci/pdb_mirror/pdb/i2/pdb2i22.ent.gz
Model saved to /net/rebus/raid1/scratch1/nigel/amber/hi_lo/i2/2i22/2i22.pdb
Sequence saved to /net/rebus/raid1/scratch1/nigel/amber/hi_lo/i2/2i22/2i22.fa
Reading from local mirror:
  /net/cci/pdb_mirror/structure_factors/i2/r2i22sf.ent.gz
Structure factors saved to /net/rebus/raid1/scratch1/nigel/amber/hi_lo/i2/2i22/2i22-sf.cif
Reading from local mirror:
  /net/cci/pdb_mirror/mmcif/i2/2i22.cif.gz
Model saved to /net/rebus/raid1/scratch1/nigel/amber/hi_lo/i2/2i22/2i22.cif
Can't determine output label for r2i22sf,_refln.crystal_id - skipping.
Can't determine output label for r2i22sf,_refln.scale_group_code - skipping.
Can't determine output label for r2i22sf,_refln.wavelength_id - skipping.
Converted structure factors saved to 2i22.mtz
not prmtop_filename /net/rebus/scratch1/nigel/amber/hi_lo/i2/2i22/4amber_2i22.prmtop

	Running AmberPrep : 2i22.pdb


==================================================
Running pdb4amber on 2i22.pdb
==================================================

==================================================
Setting up library files for non-standard residues
==================================================

  Residue "I22" already in amber monomer library. Skipping elbow/antechamber
    run for this residue.
        

==================================================
Preparing asu files and 4phenix_2i22.pdb
==================================================

~> tleap -f 2i22_asu_tleap_input_run

Checking output filenames
  file : 2i22_asu.prmtop
  file : 2i22_asu.rst7

~> ChBox -c 2i22_asu.rst7 -o 2i22_asu.rst7 -X 73.045 -Y 76.54 -Z 78.316 -al 90.0 -bt 106.13 -gm 90.0 


============================================================
Preparing unit cell files: 4amber_2i22.prmtop and 4amber_2i22.rst7
============================================================

~> UnitCell -p 2i22_4UnitCell.pdb -o 2i22_4tleap_uc1.pdb


~> tleap -f 2i22_uc_tleap_input_run

Checking output filenames
  file : 2i22_uc.prmtop
  file : 2i22_uc.rst7

~> ChBox -c 2i22_uc.rst7 -o 2i22_uc.rst7 -X 73.045 -Y 76.54 -Z 78.316 -al 90.0 -bt 106.13 -gm 90.0 


==================================================
Minimizing input coordinates.
==================================================

~> sander -O -i 2i22_amber_all.in -p 4amber_2i22.prmtop -c 4amber_2i22.rst7 -o 2i22.min.out            -ref 4amber_2i22.rst7 -r 4amber_2i22.min.rst7

checking special positions in 4phenix_2i22.pdb

==================================================
Done.  Three new files have been made:
      4phenix_2i22.pdb
      4amber_2i22.prmtop
      4amber_2i22.rst7
==================================================

Example

  phenix.refine 4phenix_2i22.pdb use_amber=True \
    amber.topology_file_name=4amber_2i22.prmtop \
    amber.coordinate_file_name=4amber_2i22.rst7 \
    ....(other refinement keywords here).....



Substituting Amber PDB file for downloaded file

  Amber files
    PDB    : 2i22.pdb
    MTZ    : 2i22.mtz
    prmtop : 4amber_2i22.prmtop
    rst7   : 4amber_2i22.rst7
  
/net/rebus/raid1/scratch1/nigel/amber/hi_lo/i2/2i22
return_files 2i22
/net/chevy/raid1/nigel/amber/hi_lo
4amber_2i22.pdb
4phenix_2i22.pdb
cp 4phenix_2i22.pdb /net/chevy/raid1/nigel/amber/hi_lo/i2/2i22
2i22.pdb
cp 2i22.pdb /net/chevy/raid1/nigel/amber/hi_lo/i2/2i22
4amber_2i22.mtz
4phenix_2i22.mtz
2i22.mtz
cp 2i22.mtz /net/chevy/raid1/nigel/amber/hi_lo/i2/2i22
4amber_2i22.rst7
cp 4amber_2i22.rst7 /net/chevy/raid1/nigel/amber/hi_lo/i2/2i22
4phenix_2i22.rst7
2i22.rst7
4amber_2i22.prmtop
cp 4amber_2i22.prmtop /net/chevy/raid1/nigel/amber/hi_lo/i2/2i22
4phenix_2i22.prmtop
2i22.prmtop
4amber_2i22_refine_001.log
4phenix_2i22_refine_001.log
2i22_refine_001.log
4amber_2i22_refine_002.log
4phenix_2i22_refine_002.log
2i22_refine_002.log
4amber_2i22_refine_001.pdb
4phenix_2i22_refine_001.pdb
2i22_refine_001.pdb
4amber_2i22_refine_002.pdb
4phenix_2i22_refine_002.pdb
2i22_refine_002.pdb
local_archive /net/chevy/raid1/nigel/amber/hi_lo
archive PDB /net/chevy/raid1/nigel/amber/hi_lo/i2/2i22/2i22.pdb
/net/rebus/raid1/scratch1/nigel/amber/hi_lo/i2/2i22
------------------------------
phenix.refine log filename ? > /net/chevy/raid1/nigel/amber/hi_lo/i2/2i22/2i22_refine_001.log
------------------------------

	Already done (on chevy) 2i22_refine_001
------------------------------
phenix.refine log filename ? > /net/chevy/raid1/nigel/amber/hi_lo/i2/2i22/2i22_refine_002.log
------------------------------

	Already done (on chevy) 2i22_refine_002
