HOST morse.lbl.gov
only_i 113
only_code None
force_amber_prep True
dry_run False
... 113 1b7b
/net/chevy/raid1/nigel/amber/hi_lo
/net/chevy/raid1/nigel/amber/hi_lo/b7/1b7b
1b7b.pdb 4phenix_1b7b.pdb
1b7b.pdb 4phenix_1b7b.pdb
local_archive None
archive PDB None
Reading from local mirror:
  /net/cci/pdb_mirror/pdb/b7/pdb1b7b.ent.gz
Model saved to /net/morse/raid1/scratch1/nigel/amber/hi_lo/b7/1b7b/1b7b.pdb
Sequence saved to /net/morse/raid1/scratch1/nigel/amber/hi_lo/b7/1b7b/1b7b.fa
Reading from local mirror:
  /net/cci/pdb_mirror/structure_factors/b7/r1b7bsf.ent.gz
Structure factors saved to /net/morse/raid1/scratch1/nigel/amber/hi_lo/b7/1b7b/1b7b-sf.cif
Reading from local mirror:
  /net/cci/pdb_mirror/mmcif/b7/1b7b.cif.gz
Model saved to /net/morse/raid1/scratch1/nigel/amber/hi_lo/b7/1b7b/1b7b.cif
Can't determine output label for r1b7bsf,_refln.crystal_id - skipping.
Can't determine output label for r1b7bsf,_refln.scale_group_code - skipping.
Can't determine output label for r1b7bsf,_refln.wavelength_id - skipping.
Converted structure factors saved to 1b7b.mtz
local_archive None
archive PDB None
Reading from local mirror:
  /net/cci/pdb_mirror/pdb/b7/pdb1b7b.ent.gz
Model saved to /net/morse/raid1/scratch1/nigel/amber/hi_lo/b7/1b7b/1b7b.pdb
Sequence saved to /net/morse/raid1/scratch1/nigel/amber/hi_lo/b7/1b7b/1b7b.fa
Reading from local mirror:
  /net/cci/pdb_mirror/structure_factors/b7/r1b7bsf.ent.gz
Structure factors saved to /net/morse/raid1/scratch1/nigel/amber/hi_lo/b7/1b7b/1b7b-sf.cif
Reading from local mirror:
  /net/cci/pdb_mirror/mmcif/b7/1b7b.cif.gz
Model saved to /net/morse/raid1/scratch1/nigel/amber/hi_lo/b7/1b7b/1b7b.cif
Can't determine output label for r1b7bsf,_refln.crystal_id - skipping.
Can't determine output label for r1b7bsf,_refln.scale_group_code - skipping.
Can't determine output label for r1b7bsf,_refln.wavelength_id - skipping.
Converted structure factors saved to 1b7b.mtz

==================================================
Summary of pdb4amber for: 1b7b.pdb
===================================================
REDUCE returned non-zero exit status: See reduce_info.log for more details

----------Chains
The following (original) chains have been found:
A
B
C
D

---------- Alternate Locations (Original Residues!))

The following residues had alternate locations:
None

---------- Mising heavy atom(s)

None

==================================================
Summary of pdb4amber for: 1b7b_4tleap_uc1.pdb
===================================================

----------Chains
The following (original) chains have been found:
A
B
C
D

---------- Alternate Locations (Original Residues!))

The following residues had alternate locations:
None

---------- Mising heavy atom(s)

None
not prmtop_filename /net/morse/scratch1/nigel/amber/hi_lo/b7/1b7b/4amber_1b7b.prmtop

	Running AmberPrep : 1b7b.pdb


==================================================
Running pdb4amber on 1b7b.pdb
==================================================

==================================================
Setting up library files for non-standard residues
==================================================

  Residue "SO4" already in amber monomer library. Skipping elbow/antechamber
    run for this residue.
        

==================================================
Preparing asu files and 4phenix_1b7b.pdb
==================================================

~> tleap -f 1b7b_asu_tleap_input_run

Checking output filenames
  file : 1b7b_asu.prmtop
  file : 1b7b_asu.rst7

~> ChBox -c 1b7b_asu.rst7 -o 1b7b_asu.rst7 -X 80.86 -Y 172.92 -Z 98.79 -al 90.0 -bt 90.0 -gm 90.0 


============================================================
Preparing unit cell files: 4amber_1b7b.prmtop and 4amber_1b7b.rst7
============================================================

~> UnitCell -p 1b7b_4UnitCell.pdb -o 1b7b_4tleap_uc1.pdb


~> tleap -f 1b7b_uc_tleap_input_run

Checking output filenames
  file : 1b7b_uc.prmtop
  file : 1b7b_uc.rst7

~> ChBox -c 1b7b_uc.rst7 -o 1b7b_uc.rst7 -X 80.86 -Y 172.92 -Z 98.79 -al 90.0 -bt 90.0 -gm 90.0 


==================================================
Minimizing input coordinates.
==================================================

~> sander -O -i 1b7b_amber_all.in -p 4amber_1b7b.prmtop -c 4amber_1b7b.rst7 -o 1b7b.min.out            -ref 4amber_1b7b.rst7 -r 4amber_1b7b.min.rst7

checking special positions in 4phenix_1b7b.pdb

==================================================
Done.  Three new files have been made:
      4phenix_1b7b.pdb
      4amber_1b7b.prmtop
      4amber_1b7b.rst7
==================================================

Example

  phenix.refine 4phenix_1b7b.pdb use_amber=True \
    amber.topology_file_name=4amber_1b7b.prmtop \
    amber.coordinate_file_name=4amber_1b7b.rst7 \
    ....(other refinement keywords here).....



Substituting Amber PDB file for downloaded file
run_tests_local.py:222: UserWarning: os.system() is not safe: please use the subprocess module or libtbx.easy_run instead.
  os.system(cmd)

  Amber files
    PDB    : 1b7b.pdb
    MTZ    : 1b7b.mtz
    prmtop : 4amber_1b7b.prmtop
    rst7   : 4amber_1b7b.rst7
  
/net/morse/raid1/scratch1/nigel/amber/hi_lo/b7/1b7b
return_files 1b7b
/net/chevy/raid1/nigel/amber/hi_lo
4amber_1b7b.pdb
4phenix_1b7b.pdb
cp 4phenix_1b7b.pdb /net/chevy/raid1/nigel/amber/hi_lo/b7/1b7b
1b7b.pdb
cp 1b7b.pdb /net/chevy/raid1/nigel/amber/hi_lo/b7/1b7b
4amber_1b7b.mtz
4phenix_1b7b.mtz
1b7b.mtz
cp 1b7b.mtz /net/chevy/raid1/nigel/amber/hi_lo/b7/1b7b
4amber_1b7b.rst7
cp 4amber_1b7b.rst7 /net/chevy/raid1/nigel/amber/hi_lo/b7/1b7b
4phenix_1b7b.rst7
1b7b.rst7
4amber_1b7b.prmtop
cp 4amber_1b7b.prmtop /net/chevy/raid1/nigel/amber/hi_lo/b7/1b7b
4phenix_1b7b.prmtop
1b7b.prmtop
4amber_1b7b_refine_001.log
4phenix_1b7b_refine_001.log
1b7b_refine_001.log
4amber_1b7b_refine_002.log
4phenix_1b7b_refine_002.log
1b7b_refine_002.log
4amber_1b7b_refine_001.pdb
4phenix_1b7b_refine_001.pdb
1b7b_refine_001.pdb
4amber_1b7b_refine_002.pdb
4phenix_1b7b_refine_002.pdb
1b7b_refine_002.pdb
local_archive /net/chevy/raid1/nigel/amber/hi_lo
archive PDB /net/chevy/raid1/nigel/amber/hi_lo/b7/1b7b/1b7b.pdb
/net/morse/raid1/scratch1/nigel/amber/hi_lo/b7/1b7b
------------------------------
phenix.refine log filename ? > /net/chevy/raid1/nigel/amber/hi_lo/b7/1b7b/1b7b_refine_001.log
------------------------------

	Already done (on chevy) 1b7b_refine_001
------------------------------
phenix.refine log filename ? > /net/chevy/raid1/nigel/amber/hi_lo/b7/1b7b/1b7b_refine_002.log
------------------------------

	Already done (on chevy) 1b7b_refine_002
