HOST morse.lbl.gov
only_i 208
only_code None
force_amber_prep True
dry_run False
... 208 2xb4
/net/chevy/raid1/nigel/amber/hi_lo
/net/chevy/raid1/nigel/amber/hi_lo/xb/2xb4
2xb4.pdb 4phenix_2xb4.pdb
local_archive None
archive PDB None
Reading from local mirror:
  /net/cci/pdb_mirror/pdb/xb/pdb2xb4.ent.gz
Model saved to /net/morse/raid1/scratch1/nigel/amber/hi_lo/xb/2xb4/2xb4.pdb
Sequence saved to /net/morse/raid1/scratch1/nigel/amber/hi_lo/xb/2xb4/2xb4.fa
Reading from local mirror:
  /net/cci/pdb_mirror/structure_factors/xb/r2xb4sf.ent.gz
Structure factors saved to /net/morse/raid1/scratch1/nigel/amber/hi_lo/xb/2xb4/2xb4-sf.cif
Reading from local mirror:
  /net/cci/pdb_mirror/mmcif/xb/2xb4.cif.gz
Model saved to /net/morse/raid1/scratch1/nigel/amber/hi_lo/xb/2xb4/2xb4.cif
Can't determine output label for rxxxxsf,_refln.crystal_id - skipping.
Can't determine output label for rxxxxsf,_refln.scale_group_code - skipping.
Can't determine output label for rxxxxsf,_refln.wavelength_id - skipping.
Converted structure factors saved to 2xb4.mtz
local_archive None
archive PDB None
Reading from local mirror:
  /net/cci/pdb_mirror/pdb/xb/pdb2xb4.ent.gz
Model saved to /net/morse/raid1/scratch1/nigel/amber/hi_lo/xb/2xb4/2xb4.pdb
Sequence saved to /net/morse/raid1/scratch1/nigel/amber/hi_lo/xb/2xb4/2xb4.fa
Reading from local mirror:
  /net/cci/pdb_mirror/structure_factors/xb/r2xb4sf.ent.gz
Structure factors saved to /net/morse/raid1/scratch1/nigel/amber/hi_lo/xb/2xb4/2xb4-sf.cif
Reading from local mirror:
  /net/cci/pdb_mirror/mmcif/xb/2xb4.cif.gz
Model saved to /net/morse/raid1/scratch1/nigel/amber/hi_lo/xb/2xb4/2xb4.cif
Can't determine output label for rxxxxsf,_refln.crystal_id - skipping.
Can't determine output label for rxxxxsf,_refln.scale_group_code - skipping.
Can't determine output label for rxxxxsf,_refln.wavelength_id - skipping.
Converted structure factors saved to 2xb4.mtz

==================================================
Summary of pdb4amber for: 2xb4.pdb
===================================================
REDUCE returned non-zero exit status: See reduce_info.log for more details

----------Chains
The following (original) chains have been found:
A

---------- Alternate Locations (Original Residues!))

The following residues had alternate locations:
GLU_44
PHE_140
not prmtop_filename /net/morse/scratch1/nigel/amber/hi_lo/xb/2xb4/4amber_2xb4.prmtop
not prmtop_filename /net/chevy/raid1/nigel/amber/hi_lo/xb/2xb4/4amber_2xb4.prmtop

	Running AmberPrep : 2xb4.pdb


==================================================
Running pdb4amber on 2xb4.pdb
==================================================
Traceback (most recent call last):
  File "run_tests_local.py", line 323, in <module>
    run(*tuple(args))
  File "run_tests_local.py", line 307, in run
    w2 = run_all_tests(code, force_amber_prep=force_amber_prep)
  File "run_tests_local.py", line 93, in run_all_tests
    "clean=on",
  File "/net/cci-filer2/raid1/xp/phenix/phenix-svn/modules/amber_adaptbx/command_line/AmberPrepClass.py", line 951, in run
    arg_conect=False,
  File "/net/cci-filer2/raid1/xp/phenix/phenix-svn/modules/amber/lib/python2.7/site-packages/pdb4amber/pdb4amber.py", line 522, in run
    gaplist = pdbfixer.find_gaps()
  File "/net/cci-filer2/raid1/xp/phenix/phenix-svn/modules/amber/lib/python2.7/site-packages/pdb4amber/pdb4amber.py", line 213, in find_gaps
    N_atom = parm.atoms[N_atoms[i + 1]]
IndexError: list index out of range
