HOST morse.lbl.gov
only_i 13
only_code None
force_amber_prep True
dry_run False
... 13 1nsk
/net/chevy/raid1/nigel/amber/hi_lo
/net/chevy/raid1/nigel/amber/hi_lo/ns/1nsk
1nsk.pdb 4phenix_1nsk.pdb
local_archive None
archive PDB None
Reading from local mirror:
  /net/cci/pdb_mirror/pdb/ns/pdb1nsk.ent.gz
Model saved to /net/morse/raid1/scratch1/nigel/amber/hi_lo/ns/1nsk/1nsk.pdb
Sequence saved to /net/morse/raid1/scratch1/nigel/amber/hi_lo/ns/1nsk/1nsk.fa
Reading from local mirror:
  /net/cci/pdb_mirror/structure_factors/ns/r1nsksf.ent.gz
Structure factors saved to /net/morse/raid1/scratch1/nigel/amber/hi_lo/ns/1nsk/1nsk-sf.cif
Reading from local mirror:
  /net/cci/pdb_mirror/mmcif/ns/1nsk.cif.gz
Model saved to /net/morse/raid1/scratch1/nigel/amber/hi_lo/ns/1nsk/1nsk.cif
Can't determine output label for r1nsksf,_refln.crystal_id - skipping.
Can't determine output label for r1nsksf,_refln.scale_group_code - skipping.
Can't determine output label for r1nsksf,_refln.wavelength_id - skipping.
Converted structure factors saved to 1nsk.mtz
local_archive None
archive PDB None
Reading from local mirror:
  /net/cci/pdb_mirror/pdb/ns/pdb1nsk.ent.gz
Model saved to /net/morse/raid1/scratch1/nigel/amber/hi_lo/ns/1nsk/1nsk.pdb
Sequence saved to /net/morse/raid1/scratch1/nigel/amber/hi_lo/ns/1nsk/1nsk.fa
Reading from local mirror:
  /net/cci/pdb_mirror/structure_factors/ns/r1nsksf.ent.gz
Structure factors saved to /net/morse/raid1/scratch1/nigel/amber/hi_lo/ns/1nsk/1nsk-sf.cif
Reading from local mirror:
  /net/cci/pdb_mirror/mmcif/ns/1nsk.cif.gz
Model saved to /net/morse/raid1/scratch1/nigel/amber/hi_lo/ns/1nsk/1nsk.cif
Can't determine output label for r1nsksf,_refln.crystal_id - skipping.
Can't determine output label for r1nsksf,_refln.scale_group_code - skipping.
Can't determine output label for r1nsksf,_refln.wavelength_id - skipping.
Converted structure factors saved to 1nsk.mtz

==================================================
Summary of pdb4amber for: 1nsk.pdb
===================================================

----------Chains
The following (original) chains have been found:
L
N
O
R
T
U

---------- Alternate Locations (Original Residues!))

The following residues had alternate locations:
None
not prmtop_filename /net/morse/scratch1/nigel/amber/hi_lo/ns/1nsk/4amber_1nsk.prmtop
not prmtop_filename /net/chevy/raid1/nigel/amber/hi_lo/ns/1nsk/4amber_1nsk.prmtop

	Running AmberPrep : 1nsk.pdb


==================================================
Running pdb4amber on 1nsk.pdb
==================================================
Traceback (most recent call last):
  File "run_tests_local.py", line 323, in <module>
    run(*tuple(args))
  File "run_tests_local.py", line 307, in run
    w2 = run_all_tests(code, force_amber_prep=force_amber_prep)
  File "run_tests_local.py", line 93, in run_all_tests
    "clean=on",
  File "/net/cci-filer2/raid1/xp/phenix/phenix-svn/modules/amber_adaptbx/command_line/AmberPrepClass.py", line 951, in run
    arg_conect=False,
  File "/net/cci-filer2/raid1/xp/phenix/phenix-svn/modules/amber/lib/python2.7/site-packages/pdb4amber/pdb4amber.py", line 522, in run
    gaplist = pdbfixer.find_gaps()
  File "/net/cci-filer2/raid1/xp/phenix/phenix-svn/modules/amber/lib/python2.7/site-packages/pdb4amber/pdb4amber.py", line 213, in find_gaps
    N_atom = parm.atoms[N_atoms[i + 1]]
IndexError: list index out of range
