HOST rebus.lbl.gov
only_i 315
only_code None
force_amber_prep True
dry_run False
... 315 3etb
/net/chevy/raid1/nigel/amber/hi_lo
/net/chevy/raid1/nigel/amber/hi_lo/et/3etb
3etb.pdb 4phenix_3etb.pdb
local_archive None
archive PDB None
Reading from local mirror:
  /net/cci/pdb_mirror/pdb/et/pdb3etb.ent.gz
Model saved to /net/rebus/raid1/scratch1/nigel/amber/hi_lo/et/3etb/3etb.pdb
Sequence saved to /net/rebus/raid1/scratch1/nigel/amber/hi_lo/et/3etb/3etb.fa
Reading from local mirror:
  /net/cci/pdb_mirror/structure_factors/et/r3etbsf.ent.gz
Structure factors saved to /net/rebus/raid1/scratch1/nigel/amber/hi_lo/et/3etb/3etb-sf.cif
Reading from local mirror:
  /net/cci/pdb_mirror/mmcif/et/3etb.cif.gz
Model saved to /net/rebus/raid1/scratch1/nigel/amber/hi_lo/et/3etb/3etb.cif
Can't determine output label for r3etbsf,_refln.crystal_id - skipping.
Can't determine output label for r3etbsf,_refln.scale_group_code - skipping.
Can't determine output label for r3etbsf,_refln.wavelength_id - skipping.
Converted structure factors saved to 3etb.mtz
local_archive None
archive PDB None
Reading from local mirror:
  /net/cci/pdb_mirror/pdb/et/pdb3etb.ent.gz
Model saved to /net/rebus/raid1/scratch1/nigel/amber/hi_lo/et/3etb/3etb.pdb
Sequence saved to /net/rebus/raid1/scratch1/nigel/amber/hi_lo/et/3etb/3etb.fa
Reading from local mirror:
  /net/cci/pdb_mirror/structure_factors/et/r3etbsf.ent.gz
Structure factors saved to /net/rebus/raid1/scratch1/nigel/amber/hi_lo/et/3etb/3etb-sf.cif
Reading from local mirror:
  /net/cci/pdb_mirror/mmcif/et/3etb.cif.gz
Model saved to /net/rebus/raid1/scratch1/nigel/amber/hi_lo/et/3etb/3etb.cif
Can't determine output label for r3etbsf,_refln.crystal_id - skipping.
Can't determine output label for r3etbsf,_refln.scale_group_code - skipping.
Can't determine output label for r3etbsf,_refln.wavelength_id - skipping.
Converted structure factors saved to 3etb.mtz
not prmtop_filename /net/rebus/scratch1/nigel/amber/hi_lo/et/3etb/4amber_3etb.prmtop
not prmtop_filename /net/chevy/raid1/nigel/amber/hi_lo/et/3etb/4amber_3etb.prmtop

	Running AmberPrep : 3etb.pdb


==================================================
Running pdb4amber on 3etb.pdb
==================================================

==================================================
Setting up library files for non-standard residues
==================================================

==================================================
Preparing asu files and 4phenix_3etb.pdb
==================================================

~> tleap -f 3etb_asu_tleap_input_run

Checking output filenames
  file : 3etb_asu.prmtop
  file : 3etb_asu.rst7

~> ChBox -c 3etb_asu.rst7 -o 3etb_asu.rst7 -X 48.94 -Y 299.72 -Z 68.95 -al 90.0 -bt 94.45 -gm 90.0 


============================================================
Preparing unit cell files: 4amber_3etb.prmtop and 4amber_3etb.rst7
============================================================

~> UnitCell -p 3etb_4UnitCell.pdb -o 3etb_4tleap_uc1.pdb


~> tleap -f 3etb_uc_tleap_input_run

Checking output filenames
  file : 3etb_uc.prmtop
