HOST rebus.lbl.gov
only_i 262
only_code None
force_amber_prep True
dry_run False
... 262 3dj9
/net/chevy/raid1/nigel/amber/hi_lo
/net/chevy/raid1/nigel/amber/hi_lo/dj/3dj9
3dj9.pdb 4phenix_3dj9.pdb
local_archive None
archive PDB None
Reading from local mirror:
  /net/cci/pdb_mirror/pdb/dj/pdb3dj9.ent.gz
Model saved to /net/rebus/raid1/scratch1/nigel/amber/hi_lo/dj/3dj9/3dj9.pdb
Sequence saved to /net/rebus/raid1/scratch1/nigel/amber/hi_lo/dj/3dj9/3dj9.fa
Reading from local mirror:
  /net/cci/pdb_mirror/structure_factors/dj/r3dj9sf.ent.gz
Structure factors saved to /net/rebus/raid1/scratch1/nigel/amber/hi_lo/dj/3dj9/3dj9-sf.cif
Reading from local mirror:
  /net/cci/pdb_mirror/mmcif/dj/3dj9.cif.gz
Model saved to /net/rebus/raid1/scratch1/nigel/amber/hi_lo/dj/3dj9/3dj9.cif
Can't determine output label for r3dj9sf,_refln.crystal_id - skipping.
Can't determine output label for r3dj9sf,_refln.scale_group_code - skipping.
Can't determine output label for r3dj9sf,_refln.wavelength_id - skipping.
Converted structure factors saved to 3dj9.mtz
local_archive None
archive PDB None
Reading from local mirror:
  /net/cci/pdb_mirror/pdb/dj/pdb3dj9.ent.gz
Model saved to /net/rebus/raid1/scratch1/nigel/amber/hi_lo/dj/3dj9/3dj9.pdb
Sequence saved to /net/rebus/raid1/scratch1/nigel/amber/hi_lo/dj/3dj9/3dj9.fa
Reading from local mirror:
  /net/cci/pdb_mirror/structure_factors/dj/r3dj9sf.ent.gz
Structure factors saved to /net/rebus/raid1/scratch1/nigel/amber/hi_lo/dj/3dj9/3dj9-sf.cif
Reading from local mirror:
  /net/cci/pdb_mirror/mmcif/dj/3dj9.cif.gz
Model saved to /net/rebus/raid1/scratch1/nigel/amber/hi_lo/dj/3dj9/3dj9.cif
Can't determine output label for r3dj9sf,_refln.crystal_id - skipping.
Can't determine output label for r3dj9sf,_refln.scale_group_code - skipping.
Can't determine output label for r3dj9sf,_refln.wavelength_id - skipping.
Converted structure factors saved to 3dj9.mtz
not prmtop_filename /net/rebus/scratch1/nigel/amber/hi_lo/dj/3dj9/4amber_3dj9.prmtop
not prmtop_filename /net/chevy/raid1/nigel/amber/hi_lo/dj/3dj9/4amber_3dj9.prmtop

	Running AmberPrep : 3dj9.pdb


==================================================
Running pdb4amber on 3dj9.pdb
==================================================

==================================================
Setting up library files for non-standard residues
==================================================

==================================================
Preparing asu files and 4phenix_3dj9.pdb
==================================================

~> tleap -f 3dj9_asu_tleap_input_run

Checking output filenames
  file : 3dj9_asu.prmtop
  file : 3dj9_asu.rst7

~> ChBox -c 3dj9_asu.rst7 -o 3dj9_asu.rst7 -X 36.144 -Y 40.678 -Z 39.131 -al 90.0 -bt 106.74 -gm 90.0 


============================================================
Preparing unit cell files: 4amber_3dj9.prmtop and 4amber_3dj9.rst7
============================================================

~> UnitCell -p 3dj9_4UnitCell.pdb -o 3dj9_4tleap_uc1.pdb


~> tleap -f 3dj9_uc_tleap_input_run

Checking output filenames
  file : 3dj9_uc.prmtop
  file : 3dj9_uc.rst7

~> ChBox -c 3dj9_uc.rst7 -o 3dj9_uc.rst7 -X 36.144 -Y 40.678 -Z 39.131 -al 90.0 -bt 106.74 -gm 90.0 


==================================================
Minimizing input coordinates.
==================================================

~> sander -O -i 3dj9_amber_all.in -p 4amber_3dj9.prmtop -c 4amber_3dj9.rst7 -o 3dj9.min.out            -ref 4amber_3dj9.rst7 -r 4amber_3dj9.min.rst7

checking special positions in 4phenix_3dj9.pdb

==================================================
Done.  Three new files have been made:
      4phenix_3dj9.pdb
      4amber_3dj9.prmtop
      4amber_3dj9.rst7
==================================================

Example

  phenix.refine 4phenix_3dj9.pdb use_amber=True \
    amber.topology_file_name=4amber_3dj9.prmtop \
    amber.coordinate_file_name=4amber_3dj9.rst7 \
    ....(other refinement keywords here).....



Substituting Amber PDB file for downloaded file

  Amber files
    PDB    : 3dj9.pdb
    MTZ    : 3dj9.mtz
    prmtop : 4amber_3dj9.prmtop
    rst7   : 4amber_3dj9.rst7
  
/net/rebus/raid1/scratch1/nigel/amber/hi_lo/dj/3dj9
return_files 3dj9
/net/chevy/raid1/nigel/amber/hi_lo
4amber_3dj9.pdb
4phenix_3dj9.pdb
cp 4phenix_3dj9.pdb /net/chevy/raid1/nigel/amber/hi_lo/dj/3dj9
3dj9.pdb
cp 3dj9.pdb /net/chevy/raid1/nigel/amber/hi_lo/dj/3dj9
4amber_3dj9.mtz
4phenix_3dj9.mtz
3dj9.mtz
cp 3dj9.mtz /net/chevy/raid1/nigel/amber/hi_lo/dj/3dj9
4amber_3dj9.rst7
cp 4amber_3dj9.rst7 /net/chevy/raid1/nigel/amber/hi_lo/dj/3dj9
4phenix_3dj9.rst7
3dj9.rst7
4amber_3dj9.prmtop
cp 4amber_3dj9.prmtop /net/chevy/raid1/nigel/amber/hi_lo/dj/3dj9
4phenix_3dj9.prmtop
3dj9.prmtop
4amber_3dj9_refine_001.log
4phenix_3dj9_refine_001.log
3dj9_refine_001.log
4amber_3dj9_refine_002.log
4phenix_3dj9_refine_002.log
3dj9_refine_002.log
4amber_3dj9_refine_001.pdb
4phenix_3dj9_refine_001.pdb
3dj9_refine_001.pdb
4amber_3dj9_refine_002.pdb
4phenix_3dj9_refine_002.pdb
3dj9_refine_002.pdb
local_archive /net/chevy/raid1/nigel/amber/hi_lo
archive PDB /net/chevy/raid1/nigel/amber/hi_lo/dj/3dj9/3dj9.pdb
/net/rebus/raid1/scratch1/nigel/amber/hi_lo/dj/3dj9
------------------------------
phenix.refine log filename ? > /net/chevy/raid1/nigel/amber/hi_lo/dj/3dj9/3dj9_refine_001.log
------------------------------
------------------------------
phenix.refine log filename ? > 3dj9_refine_001.log
------------------------------
Running phenix.refine

phenix.refine 3dj9.pdb 3dj9.mtz c_beta_restraints=False discard_psi_phi=False strategy="*individual_sites individual_sites_real_space rigid_body *individual_adp group_adp tls *occupancies group_anomalous" refinement.target_weights.optimize_xyz_weight=True refinement.main.number_of_macro_cycles=10 write_geo=False serial=1 cdl=True

------------------------------
phenix.refine log filename ? > /net/chevy/raid1/nigel/amber/hi_lo/dj/3dj9/3dj9_refine_002.log
------------------------------
------------------------------
phenix.refine log filename ? > 3dj9_refine_002.log
------------------------------
Running phenix.refine

phenix.refine 3dj9.pdb 3dj9.mtz c_beta_restraints=False discard_psi_phi=False strategy="*individual_sites individual_sites_real_space rigid_body *individual_adp group_adp tls *occupancies group_anomalous" topology_file_name=/net/chevy/raid1/nigel/amber/hi_lo/dj/3dj9/4amber_3dj9.prmtop amber.coordinate_file_name=/net/chevy/raid1/nigel/amber/hi_lo/dj/3dj9/4amber_3dj9.rst7 use_amber=True refinement.target_weights.optimize_xyz_weight=True refinement.main.number_of_macro_cycles=10 write_geo=False amber.wxc_factor=0.300000 serial=2

