HOST morse.lbl.gov
only_i 384
only_code None
force_amber_prep True
dry_run False
... 384 2p5n
/net/chevy/raid1/nigel/amber/hi_lo
/net/chevy/raid1/nigel/amber/hi_lo/p5/2p5n
2p5n.pdb 4phenix_2p5n.pdb
2p5n.pdb 4phenix_2p5n.pdb
local_archive None
archive PDB None
Reading from local mirror:
  /net/cci/pdb_mirror/pdb/p5/pdb2p5n.ent.gz
Model saved to /net/morse/raid1/scratch1/nigel/amber/hi_lo/p5/2p5n/2p5n.pdb
Sequence saved to /net/morse/raid1/scratch1/nigel/amber/hi_lo/p5/2p5n/2p5n.fa
Reading from local mirror:
  /net/cci/pdb_mirror/structure_factors/p5/r2p5nsf.ent.gz
Structure factors saved to /net/morse/raid1/scratch1/nigel/amber/hi_lo/p5/2p5n/2p5n-sf.cif
Reading from local mirror:
  /net/cci/pdb_mirror/mmcif/p5/2p5n.cif.gz
Model saved to /net/morse/raid1/scratch1/nigel/amber/hi_lo/p5/2p5n/2p5n.cif
Can't determine output label for r2p5nsf,_refln.crystal_id - skipping.
Can't determine output label for r2p5nsf,_refln.scale_group_code - skipping.
R-free-flags: fraction_free=0.051
R-free-flags: missing 5621 reflections
Can't determine output label for r2p5nsf,_refln.wavelength_id - skipping.
Converted structure factors saved to 2p5n.mtz
local_archive None
archive PDB None
Reading from local mirror:
  /net/cci/pdb_mirror/pdb/p5/pdb2p5n.ent.gz
Model saved to /net/morse/raid1/scratch1/nigel/amber/hi_lo/p5/2p5n/2p5n.pdb
Sequence saved to /net/morse/raid1/scratch1/nigel/amber/hi_lo/p5/2p5n/2p5n.fa
Reading from local mirror:
  /net/cci/pdb_mirror/structure_factors/p5/r2p5nsf.ent.gz
Structure factors saved to /net/morse/raid1/scratch1/nigel/amber/hi_lo/p5/2p5n/2p5n-sf.cif
Reading from local mirror:
  /net/cci/pdb_mirror/mmcif/p5/2p5n.cif.gz
Model saved to /net/morse/raid1/scratch1/nigel/amber/hi_lo/p5/2p5n/2p5n.cif
Can't determine output label for r2p5nsf,_refln.crystal_id - skipping.
Can't determine output label for r2p5nsf,_refln.scale_group_code - skipping.
R-free-flags: fraction_free=0.051
R-free-flags: missing 5621 reflections
Can't determine output label for r2p5nsf,_refln.wavelength_id - skipping.
Converted structure factors saved to 2p5n.mtz

==================================================
Summary of pdb4amber for: 2p5n.pdb
===================================================
REDUCE returned non-zero exit status: See reduce_info.log for more details

----------Chains
The following (original) chains have been found:
A
B

---------- Alternate Locations (Original Residues!))

The following residues had alternate locations:
LEU_261
VAL_267
VAL_408
ILE_499

---------- Mising heavy atom(s)

None
The alternate coordinates have been discarded.
Only the first occurrence for each atom was kept.
not prmtop_filename /net/morse/scratch1/nigel/amber/hi_lo/p5/2p5n/4amber_2p5n.prmtop

	Running AmberPrep : 2p5n.pdb


==================================================
Running pdb4amber on 2p5n.pdb
==================================================

==================================================
Setting up library files for non-standard residues
==================================================

==================================================
Running elbow/antechamber for NDP 
==================================================

==================================================
Summary of pdb4amber for: 2p5n_4tleap_uc1.pdb
===================================================

----------Chains
The following (original) chains have been found:
A
B

---------- Alternate Locations (Original Residues!))

The following residues had alternate locations:
None

---------- Mising heavy atom(s)

None

MoleculeClass :  C:21  N: 7  O:17  P: 3 (CHEMICAL COMPONENTS format)
	74 atoms
	78 bonds
	138 angles
	197 dihedrals
	4 rings (groups, rings, atoms) 5 27
	8 chirals : R R R R R S R R 

~> antechamber -i 4antechamber_NDP.pdb -fi pdb -o NDP.mol2 -fo mol2       -nc -4 -m 1 -s 2 -pf y -c bcc -at gaff2 -ek "qm_theory='AM1',grms_tol=0.0005,scfconv=1.d-10,maxcyc=0,ndiis_attempts=700,"


~> parmchk2 -s 2 -i NDP.mol2 -f mol2 -o NDP.frcmod


  Residue "MPD" already in amber monomer library. Skipping elbow/antechamber
    run for this residue.
        

==================================================
Preparing asu files and 4phenix_2p5n.pdb
==================================================

~> tleap -f 2p5n_asu_tleap_input_run

Checking output filenames
  file : 2p5n_asu.prmtop
  file : 2p5n_asu.rst7

~> ChBox -c 2p5n_asu.rst7 -o 2p5n_asu.rst7 -X 84.91 -Y 84.9 -Z 95.83 -al 90.0 -bt 90.0 -gm 90.0 


============================================================
Preparing unit cell files: 4amber_2p5n.prmtop and 4amber_2p5n.rst7
============================================================

~> UnitCell -p 2p5n_4UnitCell.pdb -o 2p5n_4tleap_uc1.pdb


~> tleap -f 2p5n_uc_tleap_input_run

Checking output filenames
  file : 2p5n_uc.prmtop
  file : 2p5n_uc.rst7

~> ChBox -c 2p5n_uc.rst7 -o 2p5n_uc.rst7 -X 84.91 -Y 84.9 -Z 95.83 -al 90.0 -bt 90.0 -gm 90.0 


==================================================
Minimizing input coordinates.
==================================================

~> sander -O -i 2p5n_amber_all.in -p 4amber_2p5n.prmtop -c 4amber_2p5n.rst7 -o 2p5n.min.out            -ref 4amber_2p5n.rst7 -r 4amber_2p5n.min.rst7

checking special positions in 4phenix_2p5n.pdb

==================================================
Done.  Three new files have been made:
      4phenix_2p5n.pdb
      4amber_2p5n.prmtop
      4amber_2p5n.rst7
==================================================

Example

  phenix.refine 4phenix_2p5n.pdb use_amber=True \
    amber.topology_file_name=4amber_2p5n.prmtop \
    amber.coordinate_file_name=4amber_2p5n.rst7 \
    ....(other refinement keywords here).....



Substituting Amber PDB file for downloaded file
run_tests_local.py:222: UserWarning: os.system() is not safe: please use the subprocess module or libtbx.easy_run instead.
  os.system(cmd)

  Amber files
    PDB    : 2p5n.pdb
    MTZ    : 2p5n.mtz
    prmtop : 4amber_2p5n.prmtop
    rst7   : 4amber_2p5n.rst7
  
/net/morse/raid1/scratch1/nigel/amber/hi_lo/p5/2p5n
return_files 2p5n
/net/chevy/raid1/nigel/amber/hi_lo
4amber_2p5n.pdb
4phenix_2p5n.pdb
cp 4phenix_2p5n.pdb /net/chevy/raid1/nigel/amber/hi_lo/p5/2p5n
2p5n.pdb
cp 2p5n.pdb /net/chevy/raid1/nigel/amber/hi_lo/p5/2p5n
4amber_2p5n.mtz
4phenix_2p5n.mtz
2p5n.mtz
cp 2p5n.mtz /net/chevy/raid1/nigel/amber/hi_lo/p5/2p5n
4amber_2p5n.rst7
cp 4amber_2p5n.rst7 /net/chevy/raid1/nigel/amber/hi_lo/p5/2p5n
4phenix_2p5n.rst7
2p5n.rst7
4amber_2p5n.prmtop
cp 4amber_2p5n.prmtop /net/chevy/raid1/nigel/amber/hi_lo/p5/2p5n
4phenix_2p5n.prmtop
2p5n.prmtop
4amber_2p5n_refine_001.log
4phenix_2p5n_refine_001.log
2p5n_refine_001.log
4amber_2p5n_refine_002.log
4phenix_2p5n_refine_002.log
2p5n_refine_002.log
4amber_2p5n_refine_001.pdb
4phenix_2p5n_refine_001.pdb
2p5n_refine_001.pdb
4amber_2p5n_refine_002.pdb
4phenix_2p5n_refine_002.pdb
2p5n_refine_002.pdb
local_archive /net/chevy/raid1/nigel/amber/hi_lo
archive PDB /net/chevy/raid1/nigel/amber/hi_lo/p5/2p5n/2p5n.pdb
/net/morse/raid1/scratch1/nigel/amber/hi_lo/p5/2p5n
------------------------------
phenix.refine log filename ? > /net/chevy/raid1/nigel/amber/hi_lo/p5/2p5n/2p5n_refine_001.log
------------------------------

	Already done (on chevy) 2p5n_refine_001
------------------------------
phenix.refine log filename ? > /net/chevy/raid1/nigel/amber/hi_lo/p5/2p5n/2p5n_refine_002.log
------------------------------

	Already done (on chevy) 2p5n_refine_002
