HOST rebus.lbl.gov
only_i 289
only_code None
force_amber_prep True
dry_run False
... 289 1ztg
/net/chevy/raid1/nigel/amber/hi_lo
/net/chevy/raid1/nigel/amber/hi_lo/zt/1ztg
1ztg.pdb 4phenix_1ztg.pdb
local_archive None
archive PDB None
Reading from local mirror:
  /net/cci/pdb_mirror/pdb/zt/pdb1ztg.ent.gz
Model saved to /net/rebus/raid1/scratch1/nigel/amber/hi_lo/zt/1ztg/1ztg.pdb
Sequence saved to /net/rebus/raid1/scratch1/nigel/amber/hi_lo/zt/1ztg/1ztg.fa
Reading from local mirror:
  /net/cci/pdb_mirror/structure_factors/zt/r1ztgsf.ent.gz
Structure factors saved to /net/rebus/raid1/scratch1/nigel/amber/hi_lo/zt/1ztg/1ztg-sf.cif
Reading from local mirror:
  /net/cci/pdb_mirror/mmcif/zt/1ztg.cif.gz
Model saved to /net/rebus/raid1/scratch1/nigel/amber/hi_lo/zt/1ztg/1ztg.cif
Can't determine output label for r1ztgsf,_refln.crystal_id - skipping.
Can't determine output label for r1ztgsf,_refln.scale_group_code - skipping.
R-free-flags: fraction_free=0.046
R-free-flags: missing 22 reflections
Can't determine output label for r1ztgsf,_refln.wavelength_id - skipping.
Converted structure factors saved to 1ztg.mtz
local_archive None
archive PDB None
Reading from local mirror:
  /net/cci/pdb_mirror/pdb/zt/pdb1ztg.ent.gz
Model saved to /net/rebus/raid1/scratch1/nigel/amber/hi_lo/zt/1ztg/1ztg.pdb
Sequence saved to /net/rebus/raid1/scratch1/nigel/amber/hi_lo/zt/1ztg/1ztg.fa
Reading from local mirror:
  /net/cci/pdb_mirror/structure_factors/zt/r1ztgsf.ent.gz
Structure factors saved to /net/rebus/raid1/scratch1/nigel/amber/hi_lo/zt/1ztg/1ztg-sf.cif
Reading from local mirror:
  /net/cci/pdb_mirror/mmcif/zt/1ztg.cif.gz
Model saved to /net/rebus/raid1/scratch1/nigel/amber/hi_lo/zt/1ztg/1ztg.cif
Can't determine output label for r1ztgsf,_refln.crystal_id - skipping.
Can't determine output label for r1ztgsf,_refln.scale_group_code - skipping.
R-free-flags: fraction_free=0.046
R-free-flags: missing 22 reflections
Can't determine output label for r1ztgsf,_refln.wavelength_id - skipping.
Converted structure factors saved to 1ztg.mtz
not prmtop_filename /net/rebus/scratch1/nigel/amber/hi_lo/zt/1ztg/4amber_1ztg.prmtop
not prmtop_filename /net/chevy/raid1/nigel/amber/hi_lo/zt/1ztg/4amber_1ztg.prmtop

	Running AmberPrep : 1ztg.pdb


==================================================
Running pdb4amber on 1ztg.pdb
==================================================

==================================================
Setting up library files for non-standard residues
==================================================

==================================================
Preparing asu files and 4phenix_1ztg.pdb
==================================================

~> tleap -f 1ztg_asu_tleap_input_run

Checking output filenames
  file : 1ztg_asu.prmtop
