HOST morse.lbl.gov
only_i 165
only_code None
force_amber_prep True
dry_run False
... 165 1bkn
/net/chevy/raid1/nigel/amber/hi_lo
/net/chevy/raid1/nigel/amber/hi_lo/bk/1bkn
1bkn.pdb 4phenix_1bkn.pdb
1bkn.pdb 4phenix_1bkn.pdb
local_archive None
archive PDB None
Reading from local mirror:
  /net/cci/pdb_mirror/pdb/bk/pdb1bkn.ent.gz
Model saved to /net/morse/raid1/scratch1/nigel/amber/hi_lo/bk/1bkn/1bkn.pdb
Sequence saved to /net/morse/raid1/scratch1/nigel/amber/hi_lo/bk/1bkn/1bkn.fa
Reading from local mirror:
  /net/cci/pdb_mirror/structure_factors/bk/r1bknsf.ent.gz
Structure factors saved to /net/morse/raid1/scratch1/nigel/amber/hi_lo/bk/1bkn/1bkn-sf.cif
Reading from local mirror:
  /net/cci/pdb_mirror/mmcif/bk/1bkn.cif.gz
Model saved to /net/morse/raid1/scratch1/nigel/amber/hi_lo/bk/1bkn/1bkn.cif
Can't determine output label for r1bknsf,_refln.crystal_id - skipping.
Can't determine output label for r1bknsf,_refln.scale_group_code - skipping.
Can't determine output label for r1bknsf,_refln.wavelength_id - skipping.
Converted structure factors saved to 1bkn.mtz
local_archive None
archive PDB None
Reading from local mirror:
  /net/cci/pdb_mirror/pdb/bk/pdb1bkn.ent.gz
Model saved to /net/morse/raid1/scratch1/nigel/amber/hi_lo/bk/1bkn/1bkn.pdb
Sequence saved to /net/morse/raid1/scratch1/nigel/amber/hi_lo/bk/1bkn/1bkn.fa
Reading from local mirror:
  /net/cci/pdb_mirror/structure_factors/bk/r1bknsf.ent.gz
Structure factors saved to /net/morse/raid1/scratch1/nigel/amber/hi_lo/bk/1bkn/1bkn-sf.cif
Reading from local mirror:
  /net/cci/pdb_mirror/mmcif/bk/1bkn.cif.gz
Model saved to /net/morse/raid1/scratch1/nigel/amber/hi_lo/bk/1bkn/1bkn.cif
Can't determine output label for r1bknsf,_refln.crystal_id - skipping.
Can't determine output label for r1bknsf,_refln.scale_group_code - skipping.
Can't determine output label for r1bknsf,_refln.wavelength_id - skipping.
Converted structure factors saved to 1bkn.mtz

==================================================
Summary of pdb4amber for: 1bkn.pdb
===================================================
REDUCE returned non-zero exit status: See reduce_info.log for more details

----------Chains
The following (original) chains have been found:
A
B

---------- Alternate Locations (Original Residues!))

The following residues had alternate locations:
None

---------- Gaps (Renumbered Residues!)
gap of 9.287943 A between ALA 54 and ILE 55
gap of 4.898405 A between ALA 100 and VAL 101
gap of 16.746876 A between ASP 118 and THR 119
gap of 9.672723 A between VAL 255 and SER 256
gap of 12.431637 A between ALA 326 and GLU 327
gap of 6.956334 A between TYR 364 and MET 365
gap of 9.426402 A between LEU 385 and LEU 386
gap of 12.797716 A between VAL 524 and HIE 525

---------- Mising heavy atom(s)

LEU_386 misses 3 heavy atom(s)
ARG_387 misses 6 heavy atom(s)

==================================================
Summary of pdb4amber for: 1bkn_4tleap_uc1.pdb
===================================================

----------Chains
The following (original) chains have been found:
A
B

---------- Alternate Locations (Original Residues!))

The following residues had alternate locations:
None

---------- Gaps (Renumbered Residues!)
gap of 9.287943 A between ALA 54 and ILE 55
gap of 4.898405 A between ALA 100 and VAL 101
gap of 16.746876 A between ASP 118 and THR 119
gap of 9.672723 A between VAL 255 and SER 256
gap of 12.431637 A between ALA 326 and GLU 327
gap of 6.956334 A between TYR 364 and MET 365
gap of 9.426402 A between LEU 385 and LEU 386
gap of 12.797716 A between VAL 524 and HIE 525
gap of 9.287943 A between ALA 652 and ILE 653
gap of 4.898405 A between ALA 698 and VAL 699
gap of 16.746876 A between ASP 716 and THR 717
gap of 9.672723 A between VAL 853 and SER 854
gap of 12.431637 A between ALA 924 and GLU 925
gap of 6.956334 A between TYR 962 and MET 963
gap of 9.426402 A between LEU 983 and LEU 984
gap of 12.797716 A between VAL 1122 and HIE 1123
gap of 9.287943 A between ALA 1250 and ILE 1251
gap of 4.898405 A between ALA 1296 and VAL 1297
gap of 16.746876 A between ASP 1314 and THR 1315
gap of 9.672723 A between VAL 1451 and SER 1452
gap of 12.431637 A between ALA 1522 and GLU 1523
gap of 6.956334 A between TYR 1560 and MET 1561
gap of 9.426402 A between LEU 1581 and LEU 1582
gap of 12.797716 A between VAL 1720 and HIE 1721
gap of 9.287943 A between ALA 1848 and ILE 1849
gap of 4.898405 A between ALA 1894 and VAL 1895
gap of 16.746876 A between ASP 1912 and THR 1913
gap of 9.672723 A between VAL 2049 and SER 2050
gap of 12.431637 A between ALA 2120 and GLU 2121
gap of 6.956334 A between TYR 2158 and MET 2159
gap of 9.426402 A between LEU 2179 and LEU 2180
gap of 12.797716 A between VAL 2318 and HIE 2319
gap of 9.287943 A between ALA 2446 and ILE 2447
gap of 4.898405 A between ALA 2492 and VAL 2493
gap of 16.746876 A between ASP 2510 and THR 2511
gap of 9.672723 A between VAL 2647 and SER 2648
gap of 12.431637 A between ALA 2718 and GLU 2719
gap of 6.956334 A between TYR 2756 and MET 2757
gap of 9.426402 A between LEU 2777 and LEU 2778
gap of 12.797716 A between VAL 2916 and HIE 2917
gap of 9.287943 A between ALA 3044 and ILE 3045
gap of 4.898405 A between ALA 3090 and VAL 3091
gap of 16.746876 A between ASP 3108 and THR 3109
gap of 9.672723 A between VAL 3245 and SER 3246
gap of 12.431637 A between ALA 3316 and GLU 3317
gap of 6.956334 A between TYR 3354 and MET 3355
gap of 9.426402 A between LEU 3375 and LEU 3376
gap of 12.797716 A between VAL 3514 and HIE 3515
gap of 9.287943 A between ALA 3642 and ILE 3643
gap of 4.898405 A between ALA 3688 and VAL 3689
gap of 16.746876 A between ASP 3706 and THR 3707
gap of 9.672723 A between VAL 3843 and SER 3844
gap of 12.431637 A between ALA 3914 and GLU 3915
gap of 6.956334 A between TYR 3952 and MET 3953
gap of 9.426402 A between LEU 3973 and LEU 3974
gap of 12.797716 A between VAL 4112 and HIE 4113
gap of 9.287943 A between ALA 4240 and ILE 4241
gap of 4.898405 A between ALA 4286 and VAL 4287
gap of 16.746876 A between ASP 4304 and THR 4305
gap of 9.672723 A between VAL 4441 and SER 4442
gap of 12.431637 A between ALA 4512 and GLU 4513
gap of 6.956334 A between TYR 4550 and MET 4551
gap of 9.426402 A between LEU 4571 and LEU 4572
gap of 12.797716 A between VAL 4710 and HIE 4711

---------- Mising heavy atom(s)

None
not prmtop_filename /net/morse/scratch1/nigel/amber/hi_lo/bk/1bkn/4amber_1bkn.prmtop

	Running AmberPrep : 1bkn.pdb


==================================================
Running pdb4amber on 1bkn.pdb
==================================================

==================================================
Setting up library files for non-standard residues
==================================================

==================================================
Preparing asu files and 4phenix_1bkn.pdb
==================================================

~> tleap -f 1bkn_asu_tleap_input_run

Checking output filenames
  file : 1bkn_asu.prmtop
  file : 1bkn_asu.rst7

~> ChBox -c 1bkn_asu.rst7 -o 1bkn_asu.rst7 -X 87.2 -Y 93.2 -Z 221.7 -al 90.0 -bt 90.0 -gm 90.0 


============================================================
Preparing unit cell files: 4amber_1bkn.prmtop and 4amber_1bkn.rst7
============================================================

~> UnitCell -p 1bkn_4UnitCell.pdb -o 1bkn_4tleap_uc1.pdb


~> tleap -f 1bkn_uc_tleap_input_run

Checking output filenames
  file : 1bkn_uc.prmtop
  file : 1bkn_uc.rst7

~> ChBox -c 1bkn_uc.rst7 -o 1bkn_uc.rst7 -X 87.2 -Y 93.2 -Z 221.7 -al 90.0 -bt 90.0 -gm 90.0 


==================================================
Minimizing input coordinates.
==================================================

~> sander -O -i 1bkn_amber_all.in -p 4amber_1bkn.prmtop -c 4amber_1bkn.rst7 -o 1bkn.min.out            -ref 4amber_1bkn.rst7 -r 4amber_1bkn.min.rst7

checking special positions in 4phenix_1bkn.pdb

==================================================
Done.  Three new files have been made:
      4phenix_1bkn.pdb
      4amber_1bkn.prmtop
      4amber_1bkn.rst7
==================================================

Example

  phenix.refine 4phenix_1bkn.pdb use_amber=True \
    amber.topology_file_name=4amber_1bkn.prmtop \
    amber.coordinate_file_name=4amber_1bkn.rst7 \
    ....(other refinement keywords here).....



Substituting Amber PDB file for downloaded file
run_tests_local.py:222: UserWarning: os.system() is not safe: please use the subprocess module or libtbx.easy_run instead.
  os.system(cmd)

  Amber files
    PDB    : 1bkn.pdb
    MTZ    : 1bkn.mtz
    prmtop : 4amber_1bkn.prmtop
    rst7   : 4amber_1bkn.rst7
  
/net/morse/raid1/scratch1/nigel/amber/hi_lo/bk/1bkn
return_files 1bkn
/net/chevy/raid1/nigel/amber/hi_lo
4amber_1bkn.pdb
4phenix_1bkn.pdb
cp 4phenix_1bkn.pdb /net/chevy/raid1/nigel/amber/hi_lo/bk/1bkn
1bkn.pdb
cp 1bkn.pdb /net/chevy/raid1/nigel/amber/hi_lo/bk/1bkn
4amber_1bkn.mtz
4phenix_1bkn.mtz
1bkn.mtz
cp 1bkn.mtz /net/chevy/raid1/nigel/amber/hi_lo/bk/1bkn
4amber_1bkn.rst7
cp 4amber_1bkn.rst7 /net/chevy/raid1/nigel/amber/hi_lo/bk/1bkn
4phenix_1bkn.rst7
1bkn.rst7
4amber_1bkn.prmtop
cp 4amber_1bkn.prmtop /net/chevy/raid1/nigel/amber/hi_lo/bk/1bkn
4phenix_1bkn.prmtop
1bkn.prmtop
4amber_1bkn_refine_001.log
4phenix_1bkn_refine_001.log
1bkn_refine_001.log
4amber_1bkn_refine_002.log
4phenix_1bkn_refine_002.log
1bkn_refine_002.log
4amber_1bkn_refine_001.pdb
4phenix_1bkn_refine_001.pdb
1bkn_refine_001.pdb
4amber_1bkn_refine_002.pdb
4phenix_1bkn_refine_002.pdb
1bkn_refine_002.pdb
local_archive /net/chevy/raid1/nigel/amber/hi_lo
archive PDB /net/chevy/raid1/nigel/amber/hi_lo/bk/1bkn/1bkn.pdb
/net/morse/raid1/scratch1/nigel/amber/hi_lo/bk/1bkn
------------------------------
phenix.refine log filename ? > /net/chevy/raid1/nigel/amber/hi_lo/bk/1bkn/1bkn_refine_001.log
------------------------------

	Already done (on chevy) 1bkn_refine_001
------------------------------
phenix.refine log filename ? > /net/chevy/raid1/nigel/amber/hi_lo/bk/1bkn/1bkn_refine_002.log
------------------------------

	Already done (on chevy) 1bkn_refine_002
