HOST rebus.lbl.gov
only_i 87
only_code None
force_amber_prep True
dry_run False
... 87 1blf
/net/chevy/raid1/nigel/amber/hi_lo
/net/chevy/raid1/nigel/amber/hi_lo/bl/1blf
1blf.pdb 4phenix_1blf.pdb
1blf.pdb 4phenix_1blf.pdb
local_archive None
archive PDB None
Reading from local mirror:
  /net/cci/pdb_mirror/pdb/bl/pdb1blf.ent.gz
Model saved to /net/rebus/raid1/scratch1/nigel/amber/hi_lo/bl/1blf/1blf.pdb
Sequence saved to /net/rebus/raid1/scratch1/nigel/amber/hi_lo/bl/1blf/1blf.fa
Reading from local mirror:
  /net/cci/pdb_mirror/structure_factors/bl/r1blfsf.ent.gz
Structure factors saved to /net/rebus/raid1/scratch1/nigel/amber/hi_lo/bl/1blf/1blf-sf.cif
Reading from local mirror:
  /net/cci/pdb_mirror/mmcif/bl/1blf.cif.gz
Model saved to /net/rebus/raid1/scratch1/nigel/amber/hi_lo/bl/1blf/1blf.cif
Can't determine output label for r1blfsf,_refln.crystal_id - skipping.
Can't determine output label for r1blfsf,_refln.scale_group_code - skipping.
Can't determine output label for r1blfsf,_refln.wavelength_id - skipping.
Converted structure factors saved to 1blf.mtz
local_archive None
archive PDB None
Reading from local mirror:
  /net/cci/pdb_mirror/pdb/bl/pdb1blf.ent.gz
Model saved to /net/rebus/raid1/scratch1/nigel/amber/hi_lo/bl/1blf/1blf.pdb
Sequence saved to /net/rebus/raid1/scratch1/nigel/amber/hi_lo/bl/1blf/1blf.fa
Reading from local mirror:
  /net/cci/pdb_mirror/structure_factors/bl/r1blfsf.ent.gz
Structure factors saved to /net/rebus/raid1/scratch1/nigel/amber/hi_lo/bl/1blf/1blf-sf.cif
Reading from local mirror:
  /net/cci/pdb_mirror/mmcif/bl/1blf.cif.gz
Model saved to /net/rebus/raid1/scratch1/nigel/amber/hi_lo/bl/1blf/1blf.cif
Can't determine output label for r1blfsf,_refln.crystal_id - skipping.
Can't determine output label for r1blfsf,_refln.scale_group_code - skipping.
Can't determine output label for r1blfsf,_refln.wavelength_id - skipping.
Converted structure factors saved to 1blf.mtz
not prmtop_filename /net/rebus/scratch1/nigel/amber/hi_lo/bl/1blf/4amber_1blf.prmtop

	Running AmberPrep : 1blf.pdb


==================================================
Running pdb4amber on 1blf.pdb
==================================================

==================================================
Setting up library files for non-standard residues
==================================================

  Residue "CO3" already in amber monomer library. Skipping elbow/antechamber
    run for this residue.
        

==================================================
Running elbow/antechamber for BMA 
==================================================

MoleculeClass :  C: 6  O: 6 (CHEMICAL COMPONENTS format)
	24 atoms
	24 bonds
	42 angles
	66 dihedrals
	1 rings (groups, rings, atoms) 1 6
	5 chirals : R S S S R 

~> antechamber -i 4antechamber_BMA.pdb -fi pdb -o BMA.mol2 -fo mol2       -nc 0 -m 1 -s 2 -pf y -c bcc -at gaff2 -ek "qm_theory='AM1', grms_tol=0.0005, scfconv=1.d-10, maxcyc=0, ndiis_attempts=700,"


~> parmchk2 -s 2 -i BMA.mol2 -f mol2 -o BMA.frcmod


==================================================
Running elbow/antechamber for NAG 
==================================================

MoleculeClass :  C: 8  N: 1  O: 6 (CHEMICAL COMPONENTS format)
	30 atoms
	30 bonds
	53 angles
	79 dihedrals
	1 rings (groups, rings, atoms) 1 6
	5 chirals : R R R S R 

~> antechamber -i 4antechamber_NAG.pdb -fi pdb -o NAG.mol2 -fo mol2       -nc 0 -m 1 -s 2 -pf y -c bcc -at gaff2 -ek "qm_theory='AM1', grms_tol=0.0005, scfconv=1.d-10, maxcyc=0, ndiis_attempts=700,"


~> parmchk2 -s 2 -i NAG.mol2 -f mol2 -o NAG.frcmod


==================================================
Running elbow/antechamber for MAN 
==================================================

MoleculeClass :  C: 6  O: 6 (CHEMICAL COMPONENTS format)
	24 atoms
	24 bonds
	42 angles
	66 dihedrals
	1 rings (groups, rings, atoms) 1 6
	5 chirals : S S S S R 

~> antechamber -i 4antechamber_MAN.pdb -fi pdb -o MAN.mol2 -fo mol2       -nc 0 -m 1 -s 2 -pf y -c bcc -at gaff2 -ek "qm_theory='AM1', grms_tol=0.0005, scfconv=1.d-10, maxcyc=0, ndiis_attempts=700,"


~> parmchk2 -s 2 -i MAN.mol2 -f mol2 -o MAN.frcmod


==================================================
Preparing asu files and 4phenix_1blf.pdb
==================================================

~> tleap -f 1blf_asu_tleap_input_run

Checking output filenames
  file : 1blf_asu.prmtop
  file : 1blf_asu.rst7

~> ChBox -c 1blf_asu.rst7 -o 1blf_asu.rst7 -X 138.86 -Y 87.01 -Z 73.35 -al 90.0 -bt 90.0 -gm 90.0 


============================================================
Preparing unit cell files: 4amber_1blf.prmtop and 4amber_1blf.rst7
============================================================

~> UnitCell -p 1blf_4UnitCell.pdb -o 1blf_4tleap_uc1.pdb


~> tleap -f 1blf_uc_tleap_input_run

Checking output filenames
  file : 1blf_uc.prmtop
  file : 1blf_uc.rst7

~> ChBox -c 1blf_uc.rst7 -o 1blf_uc.rst7 -X 138.86 -Y 87.01 -Z 73.35 -al 90.0 -bt 90.0 -gm 90.0 


==================================================
Minimizing input coordinates.
==================================================

~> sander -O -i 1blf_amber_all.in -p 4amber_1blf.prmtop -c 4amber_1blf.rst7 -o 1blf.min.out            -ref 4amber_1blf.rst7 -r 4amber_1blf.min.rst7

checking special positions in 4phenix_1blf.pdb

==================================================
Done.  Three new files have been made:
      4phenix_1blf.pdb
      4amber_1blf.prmtop
      4amber_1blf.rst7
==================================================

Example

  phenix.refine 4phenix_1blf.pdb use_amber=True \
    amber.topology_file_name=4amber_1blf.prmtop \
    amber.coordinate_file_name=4amber_1blf.rst7 \
    ....(other refinement keywords here).....



Substituting Amber PDB file for downloaded file

  Amber files
    PDB    : 1blf.pdb
    MTZ    : 1blf.mtz
    prmtop : 4amber_1blf.prmtop
    rst7   : 4amber_1blf.rst7
  
/net/rebus/raid1/scratch1/nigel/amber/hi_lo/bl/1blf
return_files 1blf
/net/chevy/raid1/nigel/amber/hi_lo
4amber_1blf.pdb
4phenix_1blf.pdb
cp 4phenix_1blf.pdb /net/chevy/raid1/nigel/amber/hi_lo/bl/1blf
1blf.pdb
cp 1blf.pdb /net/chevy/raid1/nigel/amber/hi_lo/bl/1blf
4amber_1blf.mtz
4phenix_1blf.mtz
1blf.mtz
cp 1blf.mtz /net/chevy/raid1/nigel/amber/hi_lo/bl/1blf
4amber_1blf.rst7
cp 4amber_1blf.rst7 /net/chevy/raid1/nigel/amber/hi_lo/bl/1blf
4phenix_1blf.rst7
1blf.rst7
4amber_1blf.prmtop
cp 4amber_1blf.prmtop /net/chevy/raid1/nigel/amber/hi_lo/bl/1blf
4phenix_1blf.prmtop
1blf.prmtop
4amber_1blf_refine_001.log
4phenix_1blf_refine_001.log
1blf_refine_001.log
4amber_1blf_refine_002.log
4phenix_1blf_refine_002.log
1blf_refine_002.log
4amber_1blf_refine_001.pdb
4phenix_1blf_refine_001.pdb
1blf_refine_001.pdb
4amber_1blf_refine_002.pdb
4phenix_1blf_refine_002.pdb
1blf_refine_002.pdb
local_archive /net/chevy/raid1/nigel/amber/hi_lo
archive PDB /net/chevy/raid1/nigel/amber/hi_lo/bl/1blf/1blf.pdb
/net/rebus/raid1/scratch1/nigel/amber/hi_lo/bl/1blf
------------------------------
phenix.refine log filename ? > /net/chevy/raid1/nigel/amber/hi_lo/bl/1blf/1blf_refine_001.log
------------------------------

	Already done (on chevy) 1blf_refine_001
------------------------------
phenix.refine log filename ? > /net/chevy/raid1/nigel/amber/hi_lo/bl/1blf/1blf_refine_002.log
------------------------------

	Already done (on chevy) 1blf_refine_002
