HOST rebus.lbl.gov
only_i 149
only_code None
force_amber_prep True
dry_run False
1 1z3z,A,2.900,1zod,A,1.800
2 1psi,A,2.920,3ndd,A,1.500
3 3bpo,A,3.000,3l5w,I,2.000
4 1e6j,P,3.000,3mge,A,1.900
5 1r46,A,3.250,3hg3,A,1.900
6 2j0g,A,2.850,2j1g,A,1.950
7 1nsk,L,2.800,3bbb,A,1.300
8 1t04,B,3.000,1t3f,B,2.000
9 1kiu,B,3.000,1ze3,H,1.840
10 1kv3,A,2.800,2q3z,A,2.000
11 1wqs,A,2.800,2iph,A,1.750
12 3gwp,A,2.900,3i16,A,2.000
13 1c0n,A,2.800,1kmj,A,2.000
14 2r8j,A,3.100,3oha,A,2.000
15 1z5s,C,3.010,2grn,B,1.800
16 3icq,B,3.200,3m1i,A,2.000
17 1nb3,I,2.800,3kfq,C,1.990
18 1otc,A,2.800,2i0q,A,1.910
19 1ue8,A,3.000,3b4x,A,1.940
20 1a4o,A,2.800,2o02,A,1.500
21 1t6i,A,2.810,3g4z,A,1.870
22 1de9,A,3.000,2o3h,A,1.900
23 2j6e,L,3.000,3n9g,L,1.434
24 3hrk,A,3.050,3lc0,A,1.800
25 2ecp,A,2.950,2asv,A,1.950
26 1z8l,A,3.500,2xeg,A,1.590
27 1ere,A,3.100,2r6w,A,2.000
28 1xni,A,2.800,3lh0,A,1.900
29 2pl0,A,2.800,3mpm,A,1.950
30 1pxt,A,2.800,1afw,A,1.800
31 1bmf,A,2.850,2jdi,A,1.900
32 2g3k,A,3.050,2j9u,A,2.000
33 3m9b,A,3.940,3m9h,A,2.000
34 2i0v,A,2.800,3dpk,A,1.950
35 1kiu,A,3.000,3bwu,C,1.760
36 1nys,A,3.050,2h62,D,1.850
37 1rgq,C,2.900,2o8m,C,2.000
38 1fg5,N,2.800,2vs4,A,1.770
39 1sj5,A,2.800,1vjl,A,1.900
40 2f7k,A,2.800,2yxt,A,2.000
41 1yrp,A,3.100,3bqr,A,1.750
42 3a7a,B,3.100,3ab9,A,1.650
43 2vhg,A,2.900,2vjv,A,1.900
44 1blf,A,2.800,3kj7,A,1.910
45 1pma,1,3.400,1yar,H,1.900
46 2bp2,A,3.000,2zp3,A,1.900
47 2oqj,A,2.800,3oaz,K,1.750
48 1fvv,B,2.800,3ddq,B,1.800
49 1qlr,A,2.830,3eo0,A,1.750
50 2fhg,2,3.230,2jay,A,1.990
51 1io4,A,3.000,2e42,A,1.800
52 2i22,A,2.800,2i2w,A,1.950
53 1bot,O,3.050,3ezw,A,2.000
54 1fnt,c,3.200,1yar,O,1.900
55 1htn,A,2.800,1tn3,A,2.000
56 1x75,C,2.800,3hpw,A,1.452
57 1b7b,A,2.800,2we5,A,1.390
58 2not,A,3.000,1ae7,A,2.000
59 1kfl,A,2.800,1n8f,A,1.750
60 2jla,A,2.810,3hww,A,1.950
61 2bct,A,2.900,1i7w,A,2.000
62 2pcb,B,2.800,2b4z,A,1.500
63 1h0y,A,2.800,2bky,A,1.700
64 1bz9,A,2.800,3cc5,A,1.910
65 1mru,A,3.000,3ori,A,2.000
66 1cx2,A,3.000,3nt1,A,1.730
67 1fss,A,3.000,2wfz,A,1.950
68 2onk,E,3.100,3cij,A,1.070
69 3hfm,L,3.000,3d9a,L,1.200
70 2o39,A,2.850,3f0y,A,1.800
71 1aow,A,3.000,2zoc,A,2.000
72 1p7d,A,2.950,2oxo,A,2.000
73 1bzq,K,2.800,2p49,B,1.380
74 1brr,A,2.900,3hap,A,1.600
75 2nty,C,3.100,3bwd,D,1.530
... 149 2nty
/net/chevy/raid1/nigel/amber/hi_lo
/net/chevy/raid1/nigel/amber/hi_lo/nt/2nty
2nty.pdb 4phenix_2nty.pdb
2nty.pdb 4phenix_2nty.pdb
local_archive None
archive PDB None
Reading from local mirror:
  /net/cci/pdb_mirror/pdb/nt/pdb2nty.ent.gz
Model saved to /net/rebus/raid1/scratch1/nigel/amber/hi_lo/nt/2nty/2nty.pdb
Sequence saved to /net/rebus/raid1/scratch1/nigel/amber/hi_lo/nt/2nty/2nty.fa
Reading from local mirror:
  /net/cci/pdb_mirror/structure_factors/nt/r2ntysf.ent.gz
Structure factors saved to /net/rebus/raid1/scratch1/nigel/amber/hi_lo/nt/2nty/2nty-sf.cif
Reading from local mirror:
  /net/cci/pdb_mirror/mmcif/nt/2nty.cif.gz
Model saved to /net/rebus/raid1/scratch1/nigel/amber/hi_lo/nt/2nty/2nty.cif
Can't determine output label for r2ntysf,_refln.crystal_id - skipping.
Can't determine output label for r2ntysf,_refln.scale_group_code - skipping.
Can't determine output label for r2ntysf,_refln.wavelength_id - skipping.
Converted structure factors saved to 2nty.mtz
local_archive None
archive PDB None
Reading from local mirror:
  /net/cci/pdb_mirror/pdb/nt/pdb2nty.ent.gz
Model saved to /net/rebus/raid1/scratch1/nigel/amber/hi_lo/nt/2nty/2nty.pdb
Sequence saved to /net/rebus/raid1/scratch1/nigel/amber/hi_lo/nt/2nty/2nty.fa
Reading from local mirror:
  /net/cci/pdb_mirror/structure_factors/nt/r2ntysf.ent.gz
Structure factors saved to /net/rebus/raid1/scratch1/nigel/amber/hi_lo/nt/2nty/2nty-sf.cif
Reading from local mirror:
  /net/cci/pdb_mirror/mmcif/nt/2nty.cif.gz
Model saved to /net/rebus/raid1/scratch1/nigel/amber/hi_lo/nt/2nty/2nty.cif
Can't determine output label for r2ntysf,_refln.crystal_id - skipping.
Can't determine output label for r2ntysf,_refln.scale_group_code - skipping.
Can't determine output label for r2ntysf,_refln.wavelength_id - skipping.
Converted structure factors saved to 2nty.mtz

==================================================
Summary of pdb4amber for: 2nty.pdb
===================================================
REDUCE returned non-zero exit status: See reduce_info.log for more details

----------Chains
The following (original) chains have been found:
A
B
C
D

---------- Alternate Locations (Original Residues!))

The following residues had alternate locations:
None

---------- Gaps (Renumbered Residues!)
gap of 8.587939 A between ALA 141 and ARG 142
gap of 13.638287 A between ARG 256 and ARG 257
gap of 12.215987 A between GLN 473 and THR 474
gap of 12.931273 A between LYS 588 and SER 589
gap of 8.023155 A between THR 699 and PRO 700
gap of 6.805554 A between THR 871 and PRO 872

---------- Mising heavy atom(s)

MET_2 misses 3 heavy atom(s)
GLU_3 misses 4 heavy atom(s)
LYS_6 misses 4 heavy atom(s)
ASP_7 misses 3 heavy atom(s)
LYS_11 misses 4 heavy atom(s)
GLN_54 misses 4 heavy atom(s)
ASP_55 misses 3 heavy atom(s)
ARG_56 misses 6 heavy atom(s)
LYS_85 misses 4 heavy atom(s)
ASP_86 misses 3 heavy atom(s)
ARG_123 misses 6 heavy atom(s)
GLU_136 misses 4 heavy atom(s)
GLU_137 misses 4 heavy atom(s)
GLN_139 misses 4 heavy atom(s)
GLN_140 misses 4 heavy atom(s)
ARG_142 misses 6 heavy atom(s)
THR_143 misses 2 heavy atom(s)
ASN_144 misses 3 heavy atom(s)
ASP_145 misses 3 heavy atom(s)
LYS_153 misses 4 heavy atom(s)
VAL_154 misses 2 heavy atom(s)
SER_160 misses 1 heavy atom(s)
GLU_161 misses 4 heavy atom(s)
ARG_165 misses 6 heavy atom(s)
LYS_171 misses 4 heavy atom(s)
SER_173 misses 1 heavy atom(s)
GLN_176 misses 4 heavy atom(s)
LYS_179 misses 4 heavy atom(s)
GLU_196 misses 4 heavy atom(s)
SER_201 misses 1 heavy atom(s)
LYS_204 misses 4 heavy atom(s)
ARG_207 misses 6 heavy atom(s)
LYS_216 misses 4 heavy atom(s)
ILE_218 misses 3 heavy atom(s)
THR_219 misses 2 heavy atom(s)
GLU_221 misses 4 heavy atom(s)
TRP_222 misses 9 heavy atom(s)
GLN_227 misses 4 heavy atom(s)
LYS_255 misses 4 heavy atom(s)
ARG_257 misses 6 heavy atom(s)
GLU_258 misses 4 heavy atom(s)
GLU_262 misses 4 heavy atom(s)
GLU_265 misses 4 heavy atom(s)
LYS_272 misses 4 heavy atom(s)
THR_325 misses 2 heavy atom(s)
LYS_329 misses 4 heavy atom(s)
GLN_330 misses 4 heavy atom(s)
LEU_332 misses 3 heavy atom(s)
MET_335 misses 3 heavy atom(s)
GLU_336 misses 4 heavy atom(s)
LYS_339 misses 4 heavy atom(s)
LYS_356 misses 4 heavy atom(s)
ARG_389 misses 6 heavy atom(s)
ARG_392 misses 6 heavy atom(s)
LYS_418 misses 4 heavy atom(s)
ASP_419 misses 3 heavy atom(s)
ARG_456 misses 6 heavy atom(s)
SER_465 misses 1 heavy atom(s)
GLU_469 misses 4 heavy atom(s)
GLU_470 misses 4 heavy atom(s)
GLN_472 misses 4 heavy atom(s)
GLN_473 misses 4 heavy atom(s)
THR_474 misses 2 heavy atom(s)
ASN_475 misses 3 heavy atom(s)
ASP_476 misses 3 heavy atom(s)
LYS_477 misses 4 heavy atom(s)
LYS_484 misses 4 heavy atom(s)
GLU_492 misses 4 heavy atom(s)
ARG_496 misses 6 heavy atom(s)
ASP_503 misses 3 heavy atom(s)
LYS_510 misses 4 heavy atom(s)
GLU_522 misses 4 heavy atom(s)
GLU_524 misses 4 heavy atom(s)
GLU_527 misses 4 heavy atom(s)
LYS_535 misses 4 heavy atom(s)
ASN_536 misses 3 heavy atom(s)
ARG_538 misses 6 heavy atom(s)
SER_540 misses 1 heavy atom(s)
LYS_547 misses 4 heavy atom(s)
GLU_552 misses 4 heavy atom(s)
TRP_553 misses 9 heavy atom(s)
GLN_558 misses 4 heavy atom(s)
LYS_588 misses 4 heavy atom(s)
SER_589 misses 1 heavy atom(s)
LEU_590 misses 3 heavy atom(s)
GLU_591 misses 4 heavy atom(s)
LYS_592 misses 4 heavy atom(s)
ARG_593 misses 6 heavy atom(s)
GLU_594 misses 4 heavy atom(s)
GLU_598 misses 4 heavy atom(s)
GLU_601 misses 4 heavy atom(s)
LYS_608 misses 4 heavy atom(s)
GLU_654 misses 4 heavy atom(s)
LEU_662 misses 3 heavy atom(s)
LYS_665 misses 4 heavy atom(s)
GLN_666 misses 4 heavy atom(s)
THR_667 misses 2 heavy atom(s)
LEU_668 misses 3 heavy atom(s)
LEU_669 misses 3 heavy atom(s)
THR_699 misses 2 heavy atom(s)
PRO_700 misses 2 heavy atom(s)
ASP_713 misses 3 heavy atom(s)
LYS_753 misses 4 heavy atom(s)
LYS_761 misses 4 heavy atom(s)
ASP_787 misses 3 heavy atom(s)
LYS_789 misses 4 heavy atom(s)
ILE_793 misses 3 heavy atom(s)
LYS_824 misses 4 heavy atom(s)
LYS_838 misses 4 heavy atom(s)
PRO_870 misses 2 heavy atom(s)
THR_871 misses 2 heavy atom(s)
PRO_872 misses 2 heavy atom(s)
THR_873 misses 2 heavy atom(s)
ARG_911 misses 6 heavy atom(s)
LYS_925 misses 4 heavy atom(s)
LYS_933 misses 4 heavy atom(s)
ASP_959 misses 3 heavy atom(s)
LYS_961 misses 4 heavy atom(s)
GLN_962 misses 4 heavy atom(s)
VAL_971 misses 2 heavy atom(s)
LYS_983 misses 4 heavy atom(s)
not prmtop_filename /net/rebus/scratch1/nigel/amber/hi_lo/nt/2nty/4amber_2nty.prmtop

	Running AmberPrep : 2nty.pdb


==================================================
Running pdb4amber on 2nty.pdb
==================================================

==================================================
Setting up library files for non-standard residues
==================================================

==================================================
Running elbow/antechamber for GDP 
==================================================

==================================================
Summary of pdb4amber for: 2nty_4tleap_uc1.pdb
===================================================

----------Chains
The following (original) chains have been found:
A
B
C
D

---------- Alternate Locations (Original Residues!))

The following residues had alternate locations:
None

---------- Gaps (Renumbered Residues!)
gap of 8.587939 A between ALA 141 and ARG 142
gap of 13.638287 A between ARG 256 and ARG 257
gap of 12.215987 A between GLN 473 and THR 474
gap of 12.931273 A between LYS 588 and SER 589
gap of 8.023155 A between THR 699 and PRO 700
gap of 6.805554 A between THR 871 and PRO 872
gap of 8.588300 A between ALA 1157 and ARG 1158
gap of 13.638514 A between ARG 1272 and ARG 1273
gap of 12.216144 A between GLN 1489 and THR 1490
gap of 12.931616 A between LYS 1604 and SER 1605
gap of 8.023571 A between THR 1715 and PRO 1716
gap of 6.805715 A between THR 1887 and PRO 1888
gap of 8.587651 A between ALA 2173 and ARG 2174
gap of 13.637936 A between ARG 2288 and ARG 2289
gap of 12.216428 A between GLN 2505 and THR 2506
gap of 12.930663 A between LYS 2620 and SER 2621
gap of 8.023249 A between THR 2731 and PRO 2732
gap of 6.805489 A between THR 2903 and PRO 2904
gap of 8.587939 A between ALA 3189 and ARG 3190
gap of 13.638287 A between ARG 3304 and ARG 3305
gap of 12.215987 A between GLN 3521 and THR 3522
gap of 12.931273 A between LYS 3636 and SER 3637
gap of 8.023155 A between THR 3747 and PRO 3748
gap of 6.805554 A between THR 3919 and PRO 3920
gap of 8.588300 A between ALA 4205 and ARG 4206
gap of 13.638514 A between ARG 4320 and ARG 4321
gap of 12.216144 A between GLN 4537 and THR 4538
gap of 12.931616 A between LYS 4652 and SER 4653
gap of 8.023571 A between THR 4763 and PRO 4764
gap of 6.805715 A between THR 4935 and PRO 4936
gap of 8.587651 A between ALA 5221 and ARG 5222
gap of 13.637936 A between ARG 5336 and ARG 5337
gap of 12.216428 A between GLN 5553 and THR 5554
gap of 12.930663 A between LYS 5668 and SER 5669
gap of 8.023249 A between THR 5779 and PRO 5780
gap of 6.805489 A between THR 5951 and PRO 5952

---------- Mising heavy atom(s)

None

MoleculeClass :  C:10  N: 5  O:11  P: 2 (CHEMICAL COMPONENTS format)
	40 atoms
	42 bonds
	73 angles
	102 dihedrals
	2 rings (groups, rings, atoms) 3 16
	4 chirals : R S R R 

~> antechamber -i 4antechamber_GDP.pdb -fi pdb -o GDP.mol2 -fo mol2       -nc -3 -m 1 -s 2 -pf y -c bcc -at gaff2 -ek "qm_theory='AM1', grms_tol=0.0005, scfconv=1.d-10, maxcyc=0, ndiis_attempts=700,"


~> parmchk2 -s 2 -i GDP.mol2 -f mol2 -o GDP.frcmod


==================================================
Preparing asu files and 4phenix_2nty.pdb
==================================================

~> tleap -f 2nty_asu_tleap_input_run

Checking output filenames
  file : 2nty_asu.prmtop
  file : 2nty_asu.rst7

~> ChBox -c 2nty_asu.rst7 -o 2nty_asu.rst7 -X 211.17 -Y 211.17 -Z 81.11 -al 90.0 -bt 90.0 -gm 120.0 


============================================================
Preparing unit cell files: 4amber_2nty.prmtop and 4amber_2nty.rst7
============================================================

~> UnitCell -p 2nty_4UnitCell.pdb -o 2nty_4tleap_uc1.pdb


~> tleap -f 2nty_uc_tleap_input_run

Checking output filenames
  file : 2nty_uc.prmtop
  file : 2nty_uc.rst7

~> ChBox -c 2nty_uc.rst7 -o 2nty_uc.rst7 -X 211.17 -Y 211.17 -Z 81.11 -al 90.0 -bt 90.0 -gm 120.0 


==================================================
Minimizing input coordinates.
==================================================

~> sander -O -i 2nty_amber_all.in -p 4amber_2nty.prmtop -c 4amber_2nty.rst7 -o 2nty.min.out            -ref 4amber_2nty.rst7 -r 4amber_2nty.min.rst7

checking special positions in 4phenix_2nty.pdb

==================================================
Done.  Three new files have been made:
      4phenix_2nty.pdb
      4amber_2nty.prmtop
      4amber_2nty.rst7
==================================================

Example

  phenix.refine 4phenix_2nty.pdb use_amber=True \
    amber.topology_file_name=4amber_2nty.prmtop \
    amber.coordinate_file_name=4amber_2nty.rst7 \
    ....(other refinement keywords here).....



Substituting Amber PDB file for downloaded file
run_tests_local.py:220: UserWarning: os.system() is not safe: please use the subprocess module or libtbx.easy_run instead.
  os.system(cmd)

  Amber files
    PDB    : 2nty.pdb
    MTZ    : 2nty.mtz
    prmtop : 4amber_2nty.prmtop
    rst7   : 4amber_2nty.rst7
  
/net/rebus/raid1/scratch1/nigel/amber/hi_lo/nt/2nty
return_files 2nty
/net/chevy/raid1/nigel/amber/hi_lo
4amber_2nty.pdb
4phenix_2nty.pdb
cp 4phenix_2nty.pdb /net/chevy/raid1/nigel/amber/hi_lo/nt/2nty
2nty.pdb
cp 2nty.pdb /net/chevy/raid1/nigel/amber/hi_lo/nt/2nty
4amber_2nty.mtz
4phenix_2nty.mtz
2nty.mtz
cp 2nty.mtz /net/chevy/raid1/nigel/amber/hi_lo/nt/2nty
4amber_2nty.rst7
cp 4amber_2nty.rst7 /net/chevy/raid1/nigel/amber/hi_lo/nt/2nty
4phenix_2nty.rst7
2nty.rst7
4amber_2nty.prmtop
cp 4amber_2nty.prmtop /net/chevy/raid1/nigel/amber/hi_lo/nt/2nty
4phenix_2nty.prmtop
2nty.prmtop
4amber_2nty_refine_001.log
4phenix_2nty_refine_001.log
2nty_refine_001.log
4amber_2nty_refine_002.log
4phenix_2nty_refine_002.log
2nty_refine_002.log
4amber_2nty_refine_001.pdb
4phenix_2nty_refine_001.pdb
2nty_refine_001.pdb
4amber_2nty_refine_002.pdb
4phenix_2nty_refine_002.pdb
2nty_refine_002.pdb
local_archive /net/chevy/raid1/nigel/amber/hi_lo
archive PDB /net/chevy/raid1/nigel/amber/hi_lo/nt/2nty/2nty.pdb
/net/rebus/raid1/scratch1/nigel/amber/hi_lo/nt/2nty
------------------------------
phenix.refine log filename ? > /net/chevy/raid1/nigel/amber/hi_lo/nt/2nty/2nty_refine_001.log
------------------------------

	Already done (on chevy) 2nty_refine_001
------------------------------
phenix.refine log filename ? > /net/chevy/raid1/nigel/amber/hi_lo/nt/2nty/2nty_refine_002.log
------------------------------

	Already done (on chevy) 2nty_refine_002
