HOST rebus.lbl.gov
only_i 329
only_code None
force_amber_prep True
dry_run False
... 329 1bl8
/net/chevy/raid1/nigel/amber/hi_lo
/net/chevy/raid1/nigel/amber/hi_lo/bl/1bl8
1bl8.pdb 4phenix_1bl8.pdb
local_archive None
archive PDB None
Reading from local mirror:
  /net/cci/pdb_mirror/pdb/bl/pdb1bl8.ent.gz
Model saved to /net/rebus/raid1/scratch1/nigel/amber/hi_lo/bl/1bl8/1bl8.pdb
Sequence saved to /net/rebus/raid1/scratch1/nigel/amber/hi_lo/bl/1bl8/1bl8.fa
Reading from local mirror:
  /net/cci/pdb_mirror/structure_factors/bl/r1bl8sf.ent.gz
Structure factors saved to /net/rebus/raid1/scratch1/nigel/amber/hi_lo/bl/1bl8/1bl8-sf.cif
Reading from local mirror:
  /net/cci/pdb_mirror/mmcif/bl/1bl8.cif.gz
Model saved to /net/rebus/raid1/scratch1/nigel/amber/hi_lo/bl/1bl8/1bl8.cif
Can't determine output label for r1bl8sf,_refln.crystal_id - skipping.
Can't determine output label for r1bl8sf,wavelength_id=1,_refln.pdbx_F_calc_part_solvent,_refln.pdbx_phase_calc_part_solvent - skipping.
Can't determine output label for r1bl8sf,_refln.scale_group_code - skipping.
Can't determine output label for r1bl8sf,_refln.wavelength_id - skipping.
Converted structure factors saved to 1bl8.mtz
local_archive None
archive PDB None
Reading from local mirror:
  /net/cci/pdb_mirror/pdb/bl/pdb1bl8.ent.gz
Model saved to /net/rebus/raid1/scratch1/nigel/amber/hi_lo/bl/1bl8/1bl8.pdb
Sequence saved to /net/rebus/raid1/scratch1/nigel/amber/hi_lo/bl/1bl8/1bl8.fa
Reading from local mirror:
  /net/cci/pdb_mirror/structure_factors/bl/r1bl8sf.ent.gz
Structure factors saved to /net/rebus/raid1/scratch1/nigel/amber/hi_lo/bl/1bl8/1bl8-sf.cif
Reading from local mirror:
  /net/cci/pdb_mirror/mmcif/bl/1bl8.cif.gz
Model saved to /net/rebus/raid1/scratch1/nigel/amber/hi_lo/bl/1bl8/1bl8.cif
Can't determine output label for r1bl8sf,_refln.crystal_id - skipping.
Can't determine output label for r1bl8sf,wavelength_id=1,_refln.pdbx_F_calc_part_solvent,_refln.pdbx_phase_calc_part_solvent - skipping.
Can't determine output label for r1bl8sf,_refln.scale_group_code - skipping.
Can't determine output label for r1bl8sf,_refln.wavelength_id - skipping.
Converted structure factors saved to 1bl8.mtz
not prmtop_filename /net/rebus/scratch1/nigel/amber/hi_lo/bl/1bl8/4amber_1bl8.prmtop
not prmtop_filename /net/chevy/raid1/nigel/amber/hi_lo/bl/1bl8/4amber_1bl8.prmtop

	Running AmberPrep : 1bl8.pdb


==================================================
Running pdb4amber on 1bl8.pdb
==================================================

==================================================
Setting up library files for non-standard residues
==================================================

==================================================
Preparing asu files and 4phenix_1bl8.pdb
==================================================

~> tleap -f 1bl8_asu_tleap_input_run

Checking output filenames
  file : 1bl8_asu.prmtop
  file : 1bl8_asu.rst7

~> ChBox -c 1bl8_asu.rst7 -o 1bl8_asu.rst7 -X 128.78 -Y 68.93 -Z 112.04 -al 90.0 -bt 124.63 -gm 90.0 


============================================================
Preparing unit cell files: 4amber_1bl8.prmtop and 4amber_1bl8.rst7
============================================================

~> UnitCell -p 1bl8_4UnitCell.pdb -o 1bl8_4tleap_uc1.pdb


~> tleap -f 1bl8_uc_tleap_input_run

Checking output filenames
  file : 1bl8_uc.prmtop
  file : 1bl8_uc.rst7

~> ChBox -c 1bl8_uc.rst7 -o 1bl8_uc.rst7 -X 128.78 -Y 68.93 -Z 112.04 -al 90.0 -bt 124.63 -gm 90.0 


==================================================
Minimizing input coordinates.
==================================================

~> sander -O -i 1bl8_amber_all.in -p 4amber_1bl8.prmtop -c 4amber_1bl8.rst7 -o 1bl8.min.out            -ref 4amber_1bl8.rst7 -r 4amber_1bl8.min.rst7

checking special positions in 4phenix_1bl8.pdb

==================================================
Done.  Three new files have been made:
      4phenix_1bl8.pdb
      4amber_1bl8.prmtop
      4amber_1bl8.rst7
==================================================

Example

  phenix.refine 4phenix_1bl8.pdb use_amber=True \
    amber.topology_file_name=4amber_1bl8.prmtop \
    amber.coordinate_file_name=4amber_1bl8.rst7 \
    ....(other refinement keywords here).....



Substituting Amber PDB file for downloaded file

  Amber files
    PDB    : 1bl8.pdb
    MTZ    : 1bl8.mtz
    prmtop : 4amber_1bl8.prmtop
    rst7   : 4amber_1bl8.rst7
  
/net/rebus/raid1/scratch1/nigel/amber/hi_lo/bl/1bl8
return_files 1bl8
/net/chevy/raid1/nigel/amber/hi_lo
4amber_1bl8.pdb
4phenix_1bl8.pdb
cp 4phenix_1bl8.pdb /net/chevy/raid1/nigel/amber/hi_lo/bl/1bl8
1bl8.pdb
cp 1bl8.pdb /net/chevy/raid1/nigel/amber/hi_lo/bl/1bl8
4amber_1bl8.mtz
4phenix_1bl8.mtz
1bl8.mtz
cp 1bl8.mtz /net/chevy/raid1/nigel/amber/hi_lo/bl/1bl8
4amber_1bl8.rst7
cp 4amber_1bl8.rst7 /net/chevy/raid1/nigel/amber/hi_lo/bl/1bl8
4phenix_1bl8.rst7
1bl8.rst7
4amber_1bl8.prmtop
cp 4amber_1bl8.prmtop /net/chevy/raid1/nigel/amber/hi_lo/bl/1bl8
4phenix_1bl8.prmtop
1bl8.prmtop
4amber_1bl8_refine_001.log
4phenix_1bl8_refine_001.log
1bl8_refine_001.log
4amber_1bl8_refine_002.log
4phenix_1bl8_refine_002.log
1bl8_refine_002.log
4amber_1bl8_refine_001.pdb
4phenix_1bl8_refine_001.pdb
1bl8_refine_001.pdb
4amber_1bl8_refine_002.pdb
4phenix_1bl8_refine_002.pdb
1bl8_refine_002.pdb
local_archive /net/chevy/raid1/nigel/amber/hi_lo
archive PDB /net/chevy/raid1/nigel/amber/hi_lo/bl/1bl8/1bl8.pdb
/net/rebus/raid1/scratch1/nigel/amber/hi_lo/bl/1bl8
------------------------------
phenix.refine log filename ? > /net/chevy/raid1/nigel/amber/hi_lo/bl/1bl8/1bl8_refine_001.log
------------------------------
------------------------------
phenix.refine log filename ? > 1bl8_refine_001.log
------------------------------
Running phenix.refine

phenix.refine 1bl8.pdb 1bl8.mtz c_beta_restraints=False discard_psi_phi=False strategy="*individual_sites individual_sites_real_space rigid_body *individual_adp group_adp tls *occupancies group_anomalous" refinement.target_weights.optimize_xyz_weight=True refinement.main.number_of_macro_cycles=10 write_geo=False serial=1 cdl=True

------------------------------
phenix.refine log filename ? > /net/chevy/raid1/nigel/amber/hi_lo/bl/1bl8/1bl8_refine_002.log
------------------------------
------------------------------
phenix.refine log filename ? > 1bl8_refine_002.log
------------------------------
Running phenix.refine

phenix.refine 1bl8.pdb 1bl8.mtz c_beta_restraints=False discard_psi_phi=False strategy="*individual_sites individual_sites_real_space rigid_body *individual_adp group_adp tls *occupancies group_anomalous" topology_file_name=/net/chevy/raid1/nigel/amber/hi_lo/bl/1bl8/4amber_1bl8.prmtop amber.coordinate_file_name=/net/chevy/raid1/nigel/amber/hi_lo/bl/1bl8/4amber_1bl8.rst7 use_amber=True refinement.target_weights.optimize_xyz_weight=True refinement.main.number_of_macro_cycles=10 write_geo=False amber.wxc_factor=0.300000 serial=2

