HOST morse.lbl.gov
only_i 1
only_code None
force_amber_prep True
dry_run False
... 1 1z3z
/net/chevy/raid1/nigel/amber/hi_lo
/net/chevy/raid1/nigel/amber/hi_lo/z3/1z3z
1z3z.pdb 4phenix_1z3z.pdb
1z3z.pdb 4phenix_1z3z.pdb
local_archive None
archive PDB None
Reading from local mirror:
  /net/cci/pdb_mirror/pdb/z3/pdb1z3z.ent.gz
Model saved to /net/morse/raid1/scratch1/nigel/amber/hi_lo/z3/1z3z/1z3z.pdb
Sequence saved to /net/morse/raid1/scratch1/nigel/amber/hi_lo/z3/1z3z/1z3z.fa
Reading from local mirror:
  /net/cci/pdb_mirror/structure_factors/z3/r1z3zsf.ent.gz
Structure factors saved to /net/morse/raid1/scratch1/nigel/amber/hi_lo/z3/1z3z/1z3z-sf.cif
Reading from local mirror:
  /net/cci/pdb_mirror/mmcif/z3/1z3z.cif.gz
Model saved to /net/morse/raid1/scratch1/nigel/amber/hi_lo/z3/1z3z/1z3z.cif
Can't determine output label for r1z3zsf,_refln.crystal_id - skipping.
Can't determine output label for r1z3zsf,_refln.scale_group_code - skipping.
R-free-flags: fraction_free=0.049
R-free-flags: missing 1 reflections
Can't determine output label for r1z3zsf,_refln.wavelength_id - skipping.
Converted structure factors saved to 1z3z.mtz
local_archive None
archive PDB None
Reading from local mirror:
  /net/cci/pdb_mirror/pdb/z3/pdb1z3z.ent.gz
Model saved to /net/morse/raid1/scratch1/nigel/amber/hi_lo/z3/1z3z/1z3z.pdb
Sequence saved to /net/morse/raid1/scratch1/nigel/amber/hi_lo/z3/1z3z/1z3z.fa
Reading from local mirror:
  /net/cci/pdb_mirror/structure_factors/z3/r1z3zsf.ent.gz
Structure factors saved to /net/morse/raid1/scratch1/nigel/amber/hi_lo/z3/1z3z/1z3z-sf.cif
Reading from local mirror:
  /net/cci/pdb_mirror/mmcif/z3/1z3z.cif.gz
Model saved to /net/morse/raid1/scratch1/nigel/amber/hi_lo/z3/1z3z/1z3z.cif
Can't determine output label for r1z3zsf,_refln.crystal_id - skipping.
Can't determine output label for r1z3zsf,_refln.scale_group_code - skipping.
R-free-flags: fraction_free=0.049
R-free-flags: missing 1 reflections
Can't determine output label for r1z3zsf,_refln.wavelength_id - skipping.
Converted structure factors saved to 1z3z.mtz

==================================================
Summary of pdb4amber for: 1z3z.pdb
===================================================

----------Chains
The following (original) chains have been found:
A

---------- Alternate Locations (Original Residues!))

The following residues had alternate locations:
None

---------- Mising heavy atom(s)

None

==================================================
Summary of pdb4amber for: 1z3z_4tleap_uc1.pdb
===================================================

----------Chains
The following (original) chains have been found:
A

---------- Alternate Locations (Original Residues!))

The following residues had alternate locations:
None

---------- Mising heavy atom(s)

None
not prmtop_filename /net/morse/scratch1/nigel/amber/hi_lo/z3/1z3z/4amber_1z3z.prmtop

	Running AmberPrep : 1z3z.pdb


==================================================
Running pdb4amber on 1z3z.pdb
==================================================

==================================================
Setting up library files for non-standard residues
==================================================

  Residue "MES" already in amber monomer library. Skipping elbow/antechamber
    run for this residue.
        

  Residue "PLP" already in amber monomer library. Skipping elbow/antechamber
    run for this residue.
        

==================================================
Preparing asu files and 4phenix_1z3z.pdb
==================================================

~> tleap -f 1z3z_asu_tleap_input_run

Checking output filenames
  file : 1z3z_asu.prmtop
  file : 1z3z_asu.rst7

~> ChBox -c 1z3z_asu.rst7 -o 1z3z_asu.rst7 -X 150.04 -Y 150.04 -Z 84.42 -al 90.0 -bt 90.0 -gm 120.0 


============================================================
Preparing unit cell files: 4amber_1z3z.prmtop and 4amber_1z3z.rst7
============================================================

~> UnitCell -p 1z3z_4UnitCell.pdb -o 1z3z_4tleap_uc1.pdb


~> tleap -f 1z3z_uc_tleap_input_run

Checking output filenames
  file : 1z3z_uc.prmtop
  file : 1z3z_uc.rst7

~> ChBox -c 1z3z_uc.rst7 -o 1z3z_uc.rst7 -X 150.04 -Y 150.04 -Z 84.42 -al 90.0 -bt 90.0 -gm 120.0 


==================================================
Minimizing input coordinates.
==================================================

~> sander -O -i 1z3z_amber_all.in -p 4amber_1z3z.prmtop -c 4amber_1z3z.rst7 -o 1z3z.min.out            -ref 4amber_1z3z.rst7 -r 4amber_1z3z.min.rst7

checking special positions in 4phenix_1z3z.pdb

==================================================
Done.  Three new files have been made:
      4phenix_1z3z.pdb
      4amber_1z3z.prmtop
      4amber_1z3z.rst7
==================================================

Example

  phenix.refine 4phenix_1z3z.pdb use_amber=True \
    amber.topology_file_name=4amber_1z3z.prmtop \
    amber.coordinate_file_name=4amber_1z3z.rst7 \
    ....(other refinement keywords here).....



Substituting Amber PDB file for downloaded file
run_tests_local.py:222: UserWarning: os.system() is not safe: please use the subprocess module or libtbx.easy_run instead.
  os.system(cmd)

  Amber files
    PDB    : 1z3z.pdb
    MTZ    : 1z3z.mtz
    prmtop : 4amber_1z3z.prmtop
    rst7   : 4amber_1z3z.rst7
  
/net/morse/raid1/scratch1/nigel/amber/hi_lo/z3/1z3z
return_files 1z3z
/net/chevy/raid1/nigel/amber/hi_lo
4amber_1z3z.pdb
4phenix_1z3z.pdb
cp 4phenix_1z3z.pdb /net/chevy/raid1/nigel/amber/hi_lo/z3/1z3z
1z3z.pdb
cp 1z3z.pdb /net/chevy/raid1/nigel/amber/hi_lo/z3/1z3z
4amber_1z3z.mtz
4phenix_1z3z.mtz
1z3z.mtz
cp 1z3z.mtz /net/chevy/raid1/nigel/amber/hi_lo/z3/1z3z
4amber_1z3z.rst7
cp 4amber_1z3z.rst7 /net/chevy/raid1/nigel/amber/hi_lo/z3/1z3z
4phenix_1z3z.rst7
1z3z.rst7
4amber_1z3z.prmtop
cp 4amber_1z3z.prmtop /net/chevy/raid1/nigel/amber/hi_lo/z3/1z3z
4phenix_1z3z.prmtop
1z3z.prmtop
4amber_1z3z_refine_001.log
4phenix_1z3z_refine_001.log
1z3z_refine_001.log
4amber_1z3z_refine_002.log
4phenix_1z3z_refine_002.log
1z3z_refine_002.log
4amber_1z3z_refine_001.pdb
4phenix_1z3z_refine_001.pdb
1z3z_refine_001.pdb
4amber_1z3z_refine_002.pdb
4phenix_1z3z_refine_002.pdb
1z3z_refine_002.pdb
local_archive /net/chevy/raid1/nigel/amber/hi_lo
archive PDB /net/chevy/raid1/nigel/amber/hi_lo/z3/1z3z/1z3z.pdb
/net/morse/raid1/scratch1/nigel/amber/hi_lo/z3/1z3z
------------------------------
phenix.refine log filename ? > /net/chevy/raid1/nigel/amber/hi_lo/z3/1z3z/1z3z_refine_001.log
------------------------------

	Already done (on chevy) 1z3z_refine_001
------------------------------
phenix.refine log filename ? > /net/chevy/raid1/nigel/amber/hi_lo/z3/1z3z/1z3z_refine_002.log
------------------------------

	Already done (on chevy) 1z3z_refine_002
