HOST morse.lbl.gov
only_i 80
only_code None
force_amber_prep True
dry_run False
... 80 2yxt
/net/chevy/raid1/nigel/amber/hi_lo
/net/chevy/raid1/nigel/amber/hi_lo/yx/2yxt
2yxt.pdb 4phenix_2yxt.pdb
2yxt.pdb 4phenix_2yxt.pdb
local_archive None
archive PDB None
Reading from local mirror:
  /net/cci/pdb_mirror/pdb/yx/pdb2yxt.ent.gz
Model saved to /net/morse/raid1/scratch1/nigel/amber/hi_lo/yx/2yxt/2yxt.pdb
Sequence saved to /net/morse/raid1/scratch1/nigel/amber/hi_lo/yx/2yxt/2yxt.fa
Reading from local mirror:
  /net/cci/pdb_mirror/structure_factors/yx/r2yxtsf.ent.gz
Structure factors saved to /net/morse/raid1/scratch1/nigel/amber/hi_lo/yx/2yxt/2yxt-sf.cif
Reading from local mirror:
  /net/cci/pdb_mirror/mmcif/yx/2yxt.cif.gz
Model saved to /net/morse/raid1/scratch1/nigel/amber/hi_lo/yx/2yxt/2yxt.cif
Can't determine output label for r2yxtsf,_refln.crystal_id - skipping.
Can't determine output label for r2yxtsf,_refln.scale_group_code - skipping.
Can't determine output label for r2yxtsf,_refln.wavelength_id - skipping.
Converted structure factors saved to 2yxt.mtz
local_archive None
archive PDB None
Reading from local mirror:
  /net/cci/pdb_mirror/pdb/yx/pdb2yxt.ent.gz
Model saved to /net/morse/raid1/scratch1/nigel/amber/hi_lo/yx/2yxt/2yxt.pdb
Sequence saved to /net/morse/raid1/scratch1/nigel/amber/hi_lo/yx/2yxt/2yxt.fa
Reading from local mirror:
  /net/cci/pdb_mirror/structure_factors/yx/r2yxtsf.ent.gz
Structure factors saved to /net/morse/raid1/scratch1/nigel/amber/hi_lo/yx/2yxt/2yxt-sf.cif
Reading from local mirror:
  /net/cci/pdb_mirror/mmcif/yx/2yxt.cif.gz
Model saved to /net/morse/raid1/scratch1/nigel/amber/hi_lo/yx/2yxt/2yxt.cif
Can't determine output label for r2yxtsf,_refln.crystal_id - skipping.
Can't determine output label for r2yxtsf,_refln.scale_group_code - skipping.
Can't determine output label for r2yxtsf,_refln.wavelength_id - skipping.
Converted structure factors saved to 2yxt.mtz

==================================================
Summary of pdb4amber for: 2yxt.pdb
===================================================
REDUCE returned non-zero exit status: See reduce_info.log for more details

----------Chains
The following (original) chains have been found:
A
B

---------- Alternate Locations (Original Residues!))

The following residues had alternate locations:
None

---------- Gaps (Renumbered Residues!)
gap of 4.829474 A between LYS 117 and GLY 118
gap of 8.624826 A between ARG 203 and GLY 204
gap of 6.216315 A between GLN 579 and PRO 580

---------- Mising heavy atom(s)

None

==================================================
Summary of pdb4amber for: 2yxt_4tleap_uc1.pdb
===================================================

----------Chains
The following (original) chains have been found:
A
B

---------- Alternate Locations (Original Residues!))

The following residues had alternate locations:
None

---------- Gaps (Renumbered Residues!)
gap of 4.829474 A between LYS 117 and GLY 118
gap of 8.624826 A between ARG 203 and GLY 204
gap of 6.216315 A between GLN 579 and PRO 580
gap of 4.829474 A between LYS 1265 and GLY 1266
gap of 8.624826 A between ARG 1351 and GLY 1352
gap of 6.216315 A between GLN 1727 and PRO 1728
gap of 4.829474 A between LYS 2413 and GLY 2414
gap of 8.624826 A between ARG 2499 and GLY 2500
gap of 6.216315 A between GLN 2875 and PRO 2876
gap of 4.829474 A between LYS 3561 and GLY 3562
gap of 8.624826 A between ARG 3647 and GLY 3648
gap of 6.216315 A between GLN 4023 and PRO 4024
gap of 4.829474 A between LYS 4709 and GLY 4710
gap of 8.624826 A between ARG 4795 and GLY 4796
gap of 6.216315 A between GLN 5171 and PRO 5172
gap of 4.829474 A between LYS 5857 and GLY 5858
gap of 8.624826 A between ARG 5943 and GLY 5944
gap of 6.216315 A between GLN 6319 and PRO 6320
gap of 4.829474 A between LYS 7005 and GLY 7006
gap of 8.625380 A between ARG 7091 and GLY 7092
gap of 6.216315 A between GLN 7467 and PRO 7468
gap of 4.829474 A between LYS 8153 and GLY 8154
gap of 8.625380 A between ARG 8239 and GLY 8240
gap of 6.216315 A between GLN 8615 and PRO 8616

---------- Mising heavy atom(s)

None
not prmtop_filename /net/morse/scratch1/nigel/amber/hi_lo/yx/2yxt/4amber_2yxt.prmtop

	Running AmberPrep : 2yxt.pdb


==================================================
Running pdb4amber on 2yxt.pdb
==================================================

==================================================
Setting up library files for non-standard residues
==================================================

  Residue "PO4" already in amber monomer library. Skipping elbow/antechamber
    run for this residue.
        

  Residue "MPD" already in amber monomer library. Skipping elbow/antechamber
    run for this residue.
        

==================================================
Preparing asu files and 4phenix_2yxt.pdb
==================================================

~> tleap -f 2yxt_asu_tleap_input_run

Checking output filenames
  file : 2yxt_asu.prmtop
  file : 2yxt_asu.rst7

~> ChBox -c 2yxt_asu.rst7 -o 2yxt_asu.rst7 -X 90.63 -Y 115.286 -Z 172.403 -al 90.0 -bt 90.0 -gm 90.0 


============================================================
Preparing unit cell files: 4amber_2yxt.prmtop and 4amber_2yxt.rst7
============================================================

~> UnitCell -p 2yxt_4UnitCell.pdb -o 2yxt_4tleap_uc1.pdb


~> tleap -f 2yxt_uc_tleap_input_run

Checking output filenames
  file : 2yxt_uc.prmtop
  file : 2yxt_uc.rst7

~> ChBox -c 2yxt_uc.rst7 -o 2yxt_uc.rst7 -X 90.63 -Y 115.286 -Z 172.403 -al 90.0 -bt 90.0 -gm 90.0 


==================================================
Minimizing input coordinates.
==================================================

~> sander -O -i 2yxt_amber_all.in -p 4amber_2yxt.prmtop -c 4amber_2yxt.rst7 -o 2yxt.min.out            -ref 4amber_2yxt.rst7 -r 4amber_2yxt.min.rst7

checking special positions in 4phenix_2yxt.pdb

==================================================
Done.  Three new files have been made:
      4phenix_2yxt.pdb
      4amber_2yxt.prmtop
      4amber_2yxt.rst7
==================================================

Example

  phenix.refine 4phenix_2yxt.pdb use_amber=True \
    amber.topology_file_name=4amber_2yxt.prmtop \
    amber.coordinate_file_name=4amber_2yxt.rst7 \
    ....(other refinement keywords here).....



Substituting Amber PDB file for downloaded file
run_tests_local.py:222: UserWarning: os.system() is not safe: please use the subprocess module or libtbx.easy_run instead.
  os.system(cmd)

  Amber files
    PDB    : 2yxt.pdb
    MTZ    : 2yxt.mtz
    prmtop : 4amber_2yxt.prmtop
    rst7   : 4amber_2yxt.rst7
  
/net/morse/raid1/scratch1/nigel/amber/hi_lo/yx/2yxt
return_files 2yxt
/net/chevy/raid1/nigel/amber/hi_lo
4amber_2yxt.pdb
4phenix_2yxt.pdb
cp 4phenix_2yxt.pdb /net/chevy/raid1/nigel/amber/hi_lo/yx/2yxt
2yxt.pdb
cp 2yxt.pdb /net/chevy/raid1/nigel/amber/hi_lo/yx/2yxt
4amber_2yxt.mtz
4phenix_2yxt.mtz
2yxt.mtz
cp 2yxt.mtz /net/chevy/raid1/nigel/amber/hi_lo/yx/2yxt
4amber_2yxt.rst7
cp 4amber_2yxt.rst7 /net/chevy/raid1/nigel/amber/hi_lo/yx/2yxt
4phenix_2yxt.rst7
2yxt.rst7
4amber_2yxt.prmtop
cp 4amber_2yxt.prmtop /net/chevy/raid1/nigel/amber/hi_lo/yx/2yxt
4phenix_2yxt.prmtop
2yxt.prmtop
4amber_2yxt_refine_001.log
4phenix_2yxt_refine_001.log
2yxt_refine_001.log
4amber_2yxt_refine_002.log
4phenix_2yxt_refine_002.log
2yxt_refine_002.log
4amber_2yxt_refine_001.pdb
4phenix_2yxt_refine_001.pdb
2yxt_refine_001.pdb
4amber_2yxt_refine_002.pdb
4phenix_2yxt_refine_002.pdb
2yxt_refine_002.pdb
local_archive /net/chevy/raid1/nigel/amber/hi_lo
archive PDB /net/chevy/raid1/nigel/amber/hi_lo/yx/2yxt/2yxt.pdb
/net/morse/raid1/scratch1/nigel/amber/hi_lo/yx/2yxt
------------------------------
phenix.refine log filename ? > /net/chevy/raid1/nigel/amber/hi_lo/yx/2yxt/2yxt_refine_001.log
------------------------------

	Already done (on chevy) 2yxt_refine_001
------------------------------
phenix.refine log filename ? > /net/chevy/raid1/nigel/amber/hi_lo/yx/2yxt/2yxt_refine_002.log
------------------------------

	Already done (on chevy) 2yxt_refine_002
