HOST morse.lbl.gov
only_i 190
only_code None
force_amber_prep True
dry_run False
... 190 3cfb
/net/chevy/raid1/nigel/amber/hi_lo
/net/chevy/raid1/nigel/amber/hi_lo/cf/3cfb
3cfb.pdb 4phenix_3cfb.pdb
local_archive None
archive PDB None
Reading from local mirror:
  /net/cci/pdb_mirror/pdb/cf/pdb3cfb.ent.gz
Model saved to /net/morse/raid1/scratch1/nigel/amber/hi_lo/cf/3cfb/3cfb.pdb
Sequence saved to /net/morse/raid1/scratch1/nigel/amber/hi_lo/cf/3cfb/3cfb.fa
Reading from local mirror:
  /net/cci/pdb_mirror/structure_factors/cf/r3cfbsf.ent.gz
Structure factors saved to /net/morse/raid1/scratch1/nigel/amber/hi_lo/cf/3cfb/3cfb-sf.cif
Reading from local mirror:
  /net/cci/pdb_mirror/mmcif/cf/3cfb.cif.gz
Model saved to /net/morse/raid1/scratch1/nigel/amber/hi_lo/cf/3cfb/3cfb.cif
Can't determine output label for r3cfbsf,_refln.crystal_id - skipping.
Can't determine output label for r3cfbsf,_refln.scale_group_code - skipping.
R-free-flags: fraction_free=0.050
R-free-flags: missing 3416 reflections
Can't determine output label for r3cfbsf,_refln.wavelength_id - skipping.
Converted structure factors saved to 3cfb.mtz
local_archive None
archive PDB None
Reading from local mirror:
  /net/cci/pdb_mirror/pdb/cf/pdb3cfb.ent.gz
Model saved to /net/morse/raid1/scratch1/nigel/amber/hi_lo/cf/3cfb/3cfb.pdb
Sequence saved to /net/morse/raid1/scratch1/nigel/amber/hi_lo/cf/3cfb/3cfb.fa
Reading from local mirror:
  /net/cci/pdb_mirror/structure_factors/cf/r3cfbsf.ent.gz
Structure factors saved to /net/morse/raid1/scratch1/nigel/amber/hi_lo/cf/3cfb/3cfb-sf.cif
Reading from local mirror:
  /net/cci/pdb_mirror/mmcif/cf/3cfb.cif.gz
Model saved to /net/morse/raid1/scratch1/nigel/amber/hi_lo/cf/3cfb/3cfb.cif
Can't determine output label for r3cfbsf,_refln.crystal_id - skipping.
Can't determine output label for r3cfbsf,_refln.scale_group_code - skipping.
R-free-flags: fraction_free=0.050
R-free-flags: missing 3416 reflections
Can't determine output label for r3cfbsf,_refln.wavelength_id - skipping.
Converted structure factors saved to 3cfb.mtz

==================================================
Summary of pdb4amber for: 3cfb.pdb
===================================================
REDUCE returned non-zero exit status: See reduce_info.log for more details

----------Chains
The following (original) chains have been found:
A
B
H
L

---------- Alternate Locations (Original Residues!))

The following residues had alternate locations:
SER_25
THR_26
SER_48
SER_81
ARG_82
VAL_83
SER_173
LYS_174
SER_181
SER_182
ASP_189
GLU_190
SER_196
TYR_197
CYS_199
GLU_200
SER_243
GLY_244
VAL_255
ARG_256
GLN_257
ILE_258
SER_271
GLY_272
SER_305
GLU_306
CYS_313
ALA_314
SER_331
SER_332
ALA_333
SER_451
ILE_452
SER_453
CYS_454
SER_456
THR_457
SER_463
ASN_464
SER_479
MET_487
SER_488
SER_492
GLY_493
VAL_519
GLY_520
SER_604
LYS_605
MET_611
SER_612
ASP_620
GLU_621
CYS_630
GLU_631
SER_674
GLY_675
VAL_686
ARG_687
SER_732
SER_733
CYS_744
ALA_745
SER_762
SER_763

---------- Mising heavy atom(s)

None
The alternate coordinates have been discarded.
Only the first occurrence for each atom was kept.
not prmtop_filename /net/morse/scratch1/nigel/amber/hi_lo/cf/3cfb/4amber_3cfb.prmtop
not prmtop_filename /net/chevy/raid1/nigel/amber/hi_lo/cf/3cfb/4amber_3cfb.prmtop

	Running AmberPrep : 3cfb.pdb


==================================================
Running pdb4amber on 3cfb.pdb
==================================================

==================================================
Setting up library files for non-standard residues
==================================================

  Residue "GOL" already in amber monomer library. Skipping elbow/antechamber
    run for this residue.
        

  Residue "SPB" already in amber monomer library. Skipping elbow/antechamber
    run for this residue.
        

==================================================
Preparing asu files and 4phenix_3cfb.pdb
==================================================

~> tleap -f 3cfb_asu_tleap_input_run

Checking output filenames
  file : 3cfb_asu.prmtop
Sorry:   Output file is empty : 3cfb_asu.prmtop
  Check contents of "leap.log"
