HOST rebus.lbl.gov
only_i 183
only_code None
force_amber_prep True
dry_run False
... 183 1zcf
/net/chevy/raid1/nigel/amber/hi_lo
/net/chevy/raid1/nigel/amber/hi_lo/zc/1zcf
1zcf.pdb 4phenix_1zcf.pdb
1zcf.pdb 4phenix_1zcf.pdb
local_archive None
archive PDB None
Reading from local mirror:
  /net/cci/pdb_mirror/pdb/zc/pdb1zcf.ent.gz
Model saved to /net/rebus/raid1/scratch1/nigel/amber/hi_lo/zc/1zcf/1zcf.pdb
Sequence saved to /net/rebus/raid1/scratch1/nigel/amber/hi_lo/zc/1zcf/1zcf.fa
Reading from local mirror:
  /net/cci/pdb_mirror/structure_factors/zc/r1zcfsf.ent.gz
Structure factors saved to /net/rebus/raid1/scratch1/nigel/amber/hi_lo/zc/1zcf/1zcf-sf.cif
Reading from local mirror:
  /net/cci/pdb_mirror/mmcif/zc/1zcf.cif.gz
Model saved to /net/rebus/raid1/scratch1/nigel/amber/hi_lo/zc/1zcf/1zcf.cif
Can't determine output label for r1zcfsf,_refln.crystal_id - skipping.
Can't determine output label for r1zcfsf,_refln.scale_group_code - skipping.
R-free-flags: fraction_free=0.051
R-free-flags: missing 1724 reflections
Can't determine output label for r1zcfsf,_refln.wavelength_id - skipping.
Converted structure factors saved to 1zcf.mtz
local_archive None
archive PDB None
Reading from local mirror:
  /net/cci/pdb_mirror/pdb/zc/pdb1zcf.ent.gz
Model saved to /net/rebus/raid1/scratch1/nigel/amber/hi_lo/zc/1zcf/1zcf.pdb
Sequence saved to /net/rebus/raid1/scratch1/nigel/amber/hi_lo/zc/1zcf/1zcf.fa
Reading from local mirror:
  /net/cci/pdb_mirror/structure_factors/zc/r1zcfsf.ent.gz
Structure factors saved to /net/rebus/raid1/scratch1/nigel/amber/hi_lo/zc/1zcf/1zcf-sf.cif
Reading from local mirror:
  /net/cci/pdb_mirror/mmcif/zc/1zcf.cif.gz
Model saved to /net/rebus/raid1/scratch1/nigel/amber/hi_lo/zc/1zcf/1zcf.cif
Can't determine output label for r1zcfsf,_refln.crystal_id - skipping.
Can't determine output label for r1zcfsf,_refln.scale_group_code - skipping.
R-free-flags: fraction_free=0.051
R-free-flags: missing 1724 reflections
Can't determine output label for r1zcfsf,_refln.wavelength_id - skipping.
Converted structure factors saved to 1zcf.mtz
not prmtop_filename /net/rebus/scratch1/nigel/amber/hi_lo/zc/1zcf/4amber_1zcf.prmtop
natom*3 error

	Running AmberPrep : 1zcf.pdb


==================================================
Running pdb4amber on 1zcf.pdb
==================================================

==================================================
Setting up library files for non-standard residues
==================================================

==================================================
Preparing asu files and 4phenix_1zcf.pdb
==================================================

~> tleap -f 1zcf_asu_tleap_input_run

Checking output filenames
  file : 1zcf_asu.prmtop
  file : 1zcf_asu.rst7

~> ChBox -c 1zcf_asu.rst7 -o 1zcf_asu.rst7 -X 76.643 -Y 141.992 -Z 260.391 -al 90.0 -bt 90.0 -gm 90.0 


============================================================
Preparing unit cell files: 4amber_1zcf.prmtop and 4amber_1zcf.rst7
============================================================

~> UnitCell -p 1zcf_4UnitCell.pdb -o 1zcf_4tleap_uc1.pdb


~> tleap -f 1zcf_uc_tleap_input_run

Checking output filenames
  file : 1zcf_uc.prmtop
  file : 1zcf_uc.rst7

~> ChBox -c 1zcf_uc.rst7 -o 1zcf_uc.rst7 -X 76.643 -Y 141.992 -Z 260.391 -al 90.0 -bt 90.0 -gm 90.0 


==================================================
Minimizing input coordinates.
==================================================

~> sander -O -i 1zcf_amber_all.in -p 4amber_1zcf.prmtop -c 4amber_1zcf.rst7 -o 1zcf.min.out            -ref 4amber_1zcf.rst7 -r 4amber_1zcf.min.rst7

checking special positions in 4phenix_1zcf.pdb

==================================================
Done.  Three new files have been made:
      4phenix_1zcf.pdb
      4amber_1zcf.prmtop
      4amber_1zcf.rst7
==================================================

Example

  phenix.refine 4phenix_1zcf.pdb use_amber=True \
    amber.topology_file_name=4amber_1zcf.prmtop \
    amber.coordinate_file_name=4amber_1zcf.rst7 \
    ....(other refinement keywords here).....



Substituting Amber PDB file for downloaded file

  Amber files
    PDB    : 1zcf.pdb
    MTZ    : 1zcf.mtz
    prmtop : 4amber_1zcf.prmtop
    rst7   : 4amber_1zcf.rst7
  
/net/rebus/raid1/scratch1/nigel/amber/hi_lo/zc/1zcf
return_files 1zcf
/net/chevy/raid1/nigel/amber/hi_lo
4amber_1zcf.pdb
4phenix_1zcf.pdb
cp 4phenix_1zcf.pdb /net/chevy/raid1/nigel/amber/hi_lo/zc/1zcf
1zcf.pdb
cp 1zcf.pdb /net/chevy/raid1/nigel/amber/hi_lo/zc/1zcf
4amber_1zcf.mtz
4phenix_1zcf.mtz
1zcf.mtz
cp 1zcf.mtz /net/chevy/raid1/nigel/amber/hi_lo/zc/1zcf
4amber_1zcf.rst7
cp 4amber_1zcf.rst7 /net/chevy/raid1/nigel/amber/hi_lo/zc/1zcf
4phenix_1zcf.rst7
1zcf.rst7
4amber_1zcf.prmtop
cp 4amber_1zcf.prmtop /net/chevy/raid1/nigel/amber/hi_lo/zc/1zcf
4phenix_1zcf.prmtop
1zcf.prmtop
4amber_1zcf_refine_001.log
4phenix_1zcf_refine_001.log
1zcf_refine_001.log
4amber_1zcf_refine_002.log
4phenix_1zcf_refine_002.log
1zcf_refine_002.log
4amber_1zcf_refine_001.pdb
4phenix_1zcf_refine_001.pdb
1zcf_refine_001.pdb
4amber_1zcf_refine_002.pdb
4phenix_1zcf_refine_002.pdb
1zcf_refine_002.pdb
local_archive /net/chevy/raid1/nigel/amber/hi_lo
archive PDB /net/chevy/raid1/nigel/amber/hi_lo/zc/1zcf/1zcf.pdb
/net/rebus/raid1/scratch1/nigel/amber/hi_lo/zc/1zcf
------------------------------
phenix.refine log filename ? > /net/chevy/raid1/nigel/amber/hi_lo/zc/1zcf/1zcf_refine_001.log
------------------------------

	Already done (on chevy) 1zcf_refine_001
------------------------------
phenix.refine log filename ? > /net/chevy/raid1/nigel/amber/hi_lo/zc/1zcf/1zcf_refine_002.log
------------------------------
------------------------------
phenix.refine log filename ? > 1zcf_refine_002.log
------------------------------
Running phenix.refine

phenix.refine 1zcf.pdb 1zcf.mtz c_beta_restraints=False discard_psi_phi=False strategy="*individual_sites individual_sites_real_space rigid_body *individual_adp group_adp tls *occupancies group_anomalous" topology_file_name=/net/chevy/raid1/nigel/amber/hi_lo/zc/1zcf/4amber_1zcf.prmtop amber.coordinate_file_name=/net/chevy/raid1/nigel/amber/hi_lo/zc/1zcf/4amber_1zcf.rst7 use_amber=True refinement.target_weights.optimize_xyz_weight=True refinement.main.number_of_macro_cycles=10 write_geo=False amber.wxc_factor=0.300000 serial=2

