HOST morse.lbl.gov
only_i 101
only_code None
force_amber_prep True
dry_run False
... 101 1io4
/net/chevy/raid1/nigel/amber/hi_lo
/net/chevy/raid1/nigel/amber/hi_lo/io/1io4
1io4.pdb 4phenix_1io4.pdb
local_archive None
archive PDB None
Reading from local mirror:
  /net/cci/pdb_mirror/pdb/io/pdb1io4.ent.gz
Model saved to /net/morse/raid1/scratch1/nigel/amber/hi_lo/io/1io4/1io4.pdb
Sequence saved to /net/morse/raid1/scratch1/nigel/amber/hi_lo/io/1io4/1io4.fa
Reading from local mirror:
  /net/cci/pdb_mirror/structure_factors/io/r1io4sf.ent.gz
Structure factors saved to /net/morse/raid1/scratch1/nigel/amber/hi_lo/io/1io4/1io4-sf.cif
Reading from local mirror:
  /net/cci/pdb_mirror/mmcif/io/1io4.cif.gz
Model saved to /net/morse/raid1/scratch1/nigel/amber/hi_lo/io/1io4/1io4.cif
Can't determine output label for r1io4sf,_refln.crystal_id - skipping.
Can't determine output label for r1io4sf,_refln.scale_group_code - skipping.
Can't determine output label for r1io4sf,_refln.wavelength_id - skipping.
Converted structure factors saved to 1io4.mtz
local_archive None
archive PDB None
Reading from local mirror:
  /net/cci/pdb_mirror/pdb/io/pdb1io4.ent.gz
Model saved to /net/morse/raid1/scratch1/nigel/amber/hi_lo/io/1io4/1io4.pdb
Sequence saved to /net/morse/raid1/scratch1/nigel/amber/hi_lo/io/1io4/1io4.fa
Reading from local mirror:
  /net/cci/pdb_mirror/structure_factors/io/r1io4sf.ent.gz
Structure factors saved to /net/morse/raid1/scratch1/nigel/amber/hi_lo/io/1io4/1io4-sf.cif
Reading from local mirror:
  /net/cci/pdb_mirror/mmcif/io/1io4.cif.gz
Model saved to /net/morse/raid1/scratch1/nigel/amber/hi_lo/io/1io4/1io4.cif
Can't determine output label for r1io4sf,_refln.crystal_id - skipping.
Can't determine output label for r1io4sf,_refln.scale_group_code - skipping.
Can't determine output label for r1io4sf,_refln.wavelength_id - skipping.
Converted structure factors saved to 1io4.mtz

==================================================
Summary of pdb4amber for: 1io4.pdb
===================================================
REDUCE returned non-zero exit status: See reduce_info.log for more details

----------Chains
The following (original) chains have been found:
A
B
C
D
E
F

---------- Alternate Locations (Original Residues!))

The following residues had alternate locations:
None

---------- Gaps (Renumbered Residues!)
gap of 13.993393 A between PRO 374 and SER 375

---------- Mising heavy atom(s)

None
not prmtop_filename /net/morse/scratch1/nigel/amber/hi_lo/io/1io4/4amber_1io4.prmtop
not prmtop_filename /net/chevy/raid1/nigel/amber/hi_lo/io/1io4/4amber_1io4.prmtop

	Running AmberPrep : 1io4.pdb


==================================================
Running pdb4amber on 1io4.pdb
==================================================

==================================================
Setting up library files for non-standard residues
==================================================

==================================================
Running elbow/antechamber for AU 
==================================================

   Residue has metal at the centre of a coordination sphere. Using input
   geometry to generate restraints. Hydrogens may not be added.
   
Molecule too small to optimise
Traceback (most recent call last):
  File "run_tests_local.py", line 323, in <module>
    run(*tuple(args))
  File "run_tests_local.py", line 307, in run
    w2 = run_all_tests(code, force_amber_prep=force_amber_prep)
  File "run_tests_local.py", line 93, in run_all_tests
    "clean=on",
  File "/net/cci-filer2/raid1/xp/phenix/phenix-svn/modules/amber_adaptbx/command_line/AmberPrepClass.py", line 961, in run
    prefer_input_method=inputs.antechamber.prefer_input_method,
  File "/net/cci-filer2/raid1/xp/phenix/phenix-svn/modules/amber_adaptbx/command_line/AmberPrepClass.py", line 393, in process_ligands
    _run_elbow_antechamber(self.pdb_hierarchy, residue_name, debug=debug)
  File "/net/cci-filer2/raid1/xp/phenix/phenix-svn/modules/amber_adaptbx/command_line/AmberPrepClass.py", line 877, in _run_elbow_antechamber
    pdb_mol.Bondise(add_bond_order=False)
  File "/net/cci-filer2/raid1/xp/phenix/phenix-svn/modules/elbow/elbow/chemistry/BondTopologyMixins.py", line 161, in Bondise
    self.CheckBondise(keep_all_atoms=keep_all_atoms)
  File "/net/cci-filer2/raid1/xp/phenix/phenix-svn/modules/elbow/elbow/chemistry/BondTopologyMixins.py", line 871, in CheckBondise
    bonded = self._get_bonded_to_atom()
  File "/net/cci-filer2/raid1/xp/phenix/phenix-svn/modules/elbow/elbow/chemistry/BondTopologyMixins.py", line 786, in _get_bonded_to_atom
    bonded = [self[i].index]
IndexError: list index out of range
