HOST lewis.lbl.gov
only_i 127
only_code None
force_amber_prep True
dry_run False
... 127 1bz9
/net/chevy/raid1/nigel/amber/hi_lo
/net/chevy/raid1/nigel/amber/hi_lo/bz/1bz9
1bz9.pdb 4phenix_1bz9.pdb
local_archive None
archive PDB None
Reading from local mirror:
  /net/cci/pdb_mirror/pdb/bz/pdb1bz9.ent.gz
Model saved to /net/lewis/raid1/scratch1/nigel/amber/hi_lo/bz/1bz9/1bz9.pdb
Traceback (most recent call last):
  File "/net/cci-filer2/raid1/xp/phenix/phenix-svn/build/../modules/cctbx_project/mmtbx/command_line/fetch_pdb.py", line 199, in <module>
    run2(sys.argv[1:])
  File "/net/cci-filer2/raid1/xp/phenix/phenix-svn/build/../modules/cctbx_project/mmtbx/command_line/fetch_pdb.py", line 155, in run2
    files.append(get_pdb(id, data_type_, mirror, log, format=data_format))
  File "/net/cci-filer2/raid1/xp/phenix/phenix-svn/modules/cctbx_project/iotbx/pdb/fetch.py", line 213, in get_pdb
    data = fetch(id, data_type, mirror=mirror, format=format, log=log)
  File "/net/cci-filer2/raid1/xp/phenix/phenix-svn/modules/cctbx_project/iotbx/pdb/fetch.py", line 150, in fetch
    data = libtbx.utils.urlopen(url)
  File "/net/cci-filer2/raid1/xp/phenix/phenix-svn/modules/cctbx_project/libtbx/utils.py", line 2069, in urlopen
    return urllib2.urlopen(*args, **kwds)
  File "/net/cci-filer2/raid1/xp/phenix/phenix-svn/base/lib/python2.7/urllib2.py", line 127, in urlopen
    return _opener.open(url, data, timeout)
  File "/net/cci-filer2/raid1/xp/phenix/phenix-svn/base/lib/python2.7/urllib2.py", line 404, in open
    response = self._open(req, data)
  File "/net/cci-filer2/raid1/xp/phenix/phenix-svn/base/lib/python2.7/urllib2.py", line 422, in _open
    '_open', req)
  File "/net/cci-filer2/raid1/xp/phenix/phenix-svn/base/lib/python2.7/urllib2.py", line 382, in _call_chain
    result = func(*args)
  File "/net/cci-filer2/raid1/xp/phenix/phenix-svn/base/lib/python2.7/urllib2.py", line 1214, in http_open
    return self.do_open(httplib.HTTPConnection, req)
  File "/net/cci-filer2/raid1/xp/phenix/phenix-svn/base/lib/python2.7/urllib2.py", line 1184, in do_open
    raise URLError(err)
urllib2.URLError: <urlopen error [Errno 110] Connection timed out>
local_archive None
archive PDB None
Reading from local mirror:
  /net/cci/pdb_mirror/pdb/bz/pdb1bz9.ent.gz
Model saved to /net/lewis/raid1/scratch1/nigel/amber/hi_lo/bz/1bz9/1bz9.pdb
Traceback (most recent call last):
  File "/net/cci-filer2/raid1/xp/phenix/phenix-svn/build/../modules/cctbx_project/mmtbx/command_line/fetch_pdb.py", line 199, in <module>
    run2(sys.argv[1:])
  File "/net/cci-filer2/raid1/xp/phenix/phenix-svn/build/../modules/cctbx_project/mmtbx/command_line/fetch_pdb.py", line 155, in run2
    files.append(get_pdb(id, data_type_, mirror, log, format=data_format))
  File "/net/cci-filer2/raid1/xp/phenix/phenix-svn/modules/cctbx_project/iotbx/pdb/fetch.py", line 213, in get_pdb
    data = fetch(id, data_type, mirror=mirror, format=format, log=log)
  File "/net/cci-filer2/raid1/xp/phenix/phenix-svn/modules/cctbx_project/iotbx/pdb/fetch.py", line 150, in fetch
    data = libtbx.utils.urlopen(url)
  File "/net/cci-filer2/raid1/xp/phenix/phenix-svn/modules/cctbx_project/libtbx/utils.py", line 2069, in urlopen
    return urllib2.urlopen(*args, **kwds)
  File "/net/cci-filer2/raid1/xp/phenix/phenix-svn/base/lib/python2.7/urllib2.py", line 127, in urlopen
    return _opener.open(url, data, timeout)
  File "/net/cci-filer2/raid1/xp/phenix/phenix-svn/base/lib/python2.7/urllib2.py", line 404, in open
    response = self._open(req, data)
  File "/net/cci-filer2/raid1/xp/phenix/phenix-svn/base/lib/python2.7/urllib2.py", line 422, in _open
    '_open', req)
  File "/net/cci-filer2/raid1/xp/phenix/phenix-svn/base/lib/python2.7/urllib2.py", line 382, in _call_chain
    result = func(*args)
  File "/net/cci-filer2/raid1/xp/phenix/phenix-svn/base/lib/python2.7/urllib2.py", line 1214, in http_open
    return self.do_open(httplib.HTTPConnection, req)
  File "/net/cci-filer2/raid1/xp/phenix/phenix-svn/base/lib/python2.7/urllib2.py", line 1184, in do_open
    raise URLError(err)
urllib2.URLError: <urlopen error [Errno 110] Connection timed out>

==================================================
Summary of pdb4amber for: 1bz9.pdb
===================================================

----------Chains
The following (original) chains have been found:
A
B
C

---------- Alternate Locations (Original Residues!))

The following residues had alternate locations:
None

---------- Mising heavy atom(s)

None

==================================================
Summary of pdb4amber for: 1bz9_4tleap_uc1.pdb
===================================================

----------Chains
The following (original) chains have been found:
A
B
C

---------- Alternate Locations (Original Residues!))

The following residues had alternate locations:
None

---------- Mising heavy atom(s)

MET_274 misses 7 heavy atom(s)
MET_275 misses 8 heavy atom(s)
MET_276 misses 8 heavy atom(s)
MET_277 misses 8 heavy atom(s)
MET_278 misses 7 heavy atom(s)
MET_279 misses 8 heavy atom(s)
MET_280 misses 7 heavy atom(s)
MET_281 misses 8 heavy atom(s)
MET_282 misses 8 heavy atom(s)
MET_283 misses 7 heavy atom(s)
MET_284 misses 8 heavy atom(s)
MET_285 misses 8 heavy atom(s)
MET_286 misses 7 heavy atom(s)
MET_287 misses 7 heavy atom(s)
MET_288 misses 8 heavy atom(s)
MET_289 misses 8 heavy atom(s)
MET_290 misses 8 heavy atom(s)
MET_291 misses 7 heavy atom(s)
MET_292 misses 7 heavy atom(s)
MET_679 misses 7 heavy atom(s)
MET_680 misses 8 heavy atom(s)
MET_681 misses 8 heavy atom(s)
MET_682 misses 8 heavy atom(s)
MET_683 misses 7 heavy atom(s)
MET_684 misses 8 heavy atom(s)
MET_685 misses 7 heavy atom(s)
MET_686 misses 8 heavy atom(s)
MET_687 misses 8 heavy atom(s)
MET_688 misses 7 heavy atom(s)
MET_689 misses 8 heavy atom(s)
MET_690 misses 8 heavy atom(s)
MET_691 misses 7 heavy atom(s)
MET_692 misses 7 heavy atom(s)
MET_693 misses 8 heavy atom(s)
MET_694 misses 8 heavy atom(s)
MET_695 misses 8 heavy atom(s)
MET_696 misses 7 heavy atom(s)
MET_697 misses 7 heavy atom(s)
MET_1084 misses 7 heavy atom(s)
MET_1085 misses 8 heavy atom(s)
MET_1086 misses 8 heavy atom(s)
MET_1087 misses 8 heavy atom(s)
MET_1088 misses 7 heavy atom(s)
MET_1089 misses 8 heavy atom(s)
MET_1090 misses 7 heavy atom(s)
MET_1091 misses 8 heavy atom(s)
MET_1092 misses 8 heavy atom(s)
MET_1093 misses 7 heavy atom(s)
MET_1094 misses 8 heavy atom(s)
MET_1095 misses 8 heavy atom(s)
MET_1096 misses 7 heavy atom(s)
MET_1097 misses 7 heavy atom(s)
MET_1098 misses 8 heavy atom(s)
MET_1099 misses 8 heavy atom(s)
MET_1100 misses 8 heavy atom(s)
MET_1101 misses 7 heavy atom(s)
MET_1102 misses 7 heavy atom(s)
MET_1489 misses 7 heavy atom(s)
MET_1490 misses 8 heavy atom(s)
MET_1491 misses 8 heavy atom(s)
MET_1492 misses 8 heavy atom(s)
MET_1493 misses 7 heavy atom(s)
MET_1494 misses 8 heavy atom(s)
MET_1495 misses 7 heavy atom(s)
MET_1496 misses 8 heavy atom(s)
MET_1497 misses 8 heavy atom(s)
MET_1498 misses 7 heavy atom(s)
MET_1499 misses 8 heavy atom(s)
MET_1500 misses 8 heavy atom(s)
MET_1501 misses 7 heavy atom(s)
MET_1502 misses 7 heavy atom(s)
MET_1503 misses 8 heavy atom(s)
MET_1504 misses 8 heavy atom(s)
MET_1505 misses 8 heavy atom(s)
MET_1506 misses 7 heavy atom(s)
MET_1507 misses 7 heavy atom(s)
not prmtop_filename /net/lewis/scratch1/nigel/amber/hi_lo/bz/1bz9/4amber_1bz9.prmtop
not prmtop_filename /net/chevy/raid1/nigel/amber/hi_lo/bz/1bz9/4amber_1bz9.prmtop

	Running AmberPrep : 1bz9.pdb


==================================================
Running pdb4amber on 1bz9.pdb
==================================================

==================================================
Setting up library files for non-standard residues
==================================================

==================================================
Preparing asu files and 4phenix_1bz9.pdb
==================================================

~> tleap -f 1bz9_asu_tleap_input_run

Checking output filenames
  file : 1bz9_asu.prmtop
  file : 1bz9_asu.rst7

~> ChBox -c 1bz9_asu.rst7 -o 1bz9_asu.rst7 -X 91.35 -Y 109.19 -Z 57.78 -al 90.0 -bt 122.81 -gm 90.0 


============================================================
Preparing unit cell files: 4amber_1bz9.prmtop and 4amber_1bz9.rst7
============================================================

~> UnitCell -p 1bz9_4UnitCell.pdb -o 1bz9_4tleap_uc1.pdb


~> tleap -f 1bz9_uc_tleap_input_run

Checking output filenames
  file : 1bz9_uc.prmtop
Sorry:   Output file is empty : 1bz9_uc.prmtop
  Check contents of "leap.log"
