HOST lewis.lbl.gov
only_i 192
only_code None
force_amber_prep True
dry_run False
... 192 1ugn
/net/chevy/raid1/nigel/amber/hi_lo
/net/chevy/raid1/nigel/amber/hi_lo/ug/1ugn
1ugn.pdb 4phenix_1ugn.pdb
1ugn.pdb 4phenix_1ugn.pdb
local_archive None
archive PDB None
Reading from local mirror:
  /net/cci/pdb_mirror/pdb/ug/pdb1ugn.ent.gz
Model saved to /net/lewis/raid1/scratch1/nigel/amber/hi_lo/ug/1ugn/1ugn.pdb
Traceback (most recent call last):
  File "/net/cci-filer2/raid1/xp/phenix/phenix-svn/build/../modules/cctbx_project/mmtbx/command_line/fetch_pdb.py", line 199, in <module>
    run2(sys.argv[1:])
  File "/net/cci-filer2/raid1/xp/phenix/phenix-svn/build/../modules/cctbx_project/mmtbx/command_line/fetch_pdb.py", line 155, in run2
    files.append(get_pdb(id, data_type_, mirror, log, format=data_format))
  File "/net/cci-filer2/raid1/xp/phenix/phenix-svn/modules/cctbx_project/iotbx/pdb/fetch.py", line 213, in get_pdb
    data = fetch(id, data_type, mirror=mirror, format=format, log=log)
  File "/net/cci-filer2/raid1/xp/phenix/phenix-svn/modules/cctbx_project/iotbx/pdb/fetch.py", line 150, in fetch
    data = libtbx.utils.urlopen(url)
  File "/net/cci-filer2/raid1/xp/phenix/phenix-svn/modules/cctbx_project/libtbx/utils.py", line 2069, in urlopen
    return urllib2.urlopen(*args, **kwds)
  File "/net/cci-filer2/raid1/xp/phenix/phenix-svn/base/lib/python2.7/urllib2.py", line 127, in urlopen
    return _opener.open(url, data, timeout)
  File "/net/cci-filer2/raid1/xp/phenix/phenix-svn/base/lib/python2.7/urllib2.py", line 404, in open
    response = self._open(req, data)
  File "/net/cci-filer2/raid1/xp/phenix/phenix-svn/base/lib/python2.7/urllib2.py", line 422, in _open
    '_open', req)
  File "/net/cci-filer2/raid1/xp/phenix/phenix-svn/base/lib/python2.7/urllib2.py", line 382, in _call_chain
    result = func(*args)
  File "/net/cci-filer2/raid1/xp/phenix/phenix-svn/base/lib/python2.7/urllib2.py", line 1214, in http_open
    return self.do_open(httplib.HTTPConnection, req)
  File "/net/cci-filer2/raid1/xp/phenix/phenix-svn/base/lib/python2.7/urllib2.py", line 1184, in do_open
    raise URLError(err)
urllib2.URLError: <urlopen error [Errno 110] Connection timed out>
local_archive None
archive PDB None
Reading from local mirror:
  /net/cci/pdb_mirror/pdb/ug/pdb1ugn.ent.gz
Model saved to /net/lewis/raid1/scratch1/nigel/amber/hi_lo/ug/1ugn/1ugn.pdb
Traceback (most recent call last):
  File "/net/cci-filer2/raid1/xp/phenix/phenix-svn/build/../modules/cctbx_project/mmtbx/command_line/fetch_pdb.py", line 199, in <module>
    run2(sys.argv[1:])
  File "/net/cci-filer2/raid1/xp/phenix/phenix-svn/build/../modules/cctbx_project/mmtbx/command_line/fetch_pdb.py", line 155, in run2
    files.append(get_pdb(id, data_type_, mirror, log, format=data_format))
  File "/net/cci-filer2/raid1/xp/phenix/phenix-svn/modules/cctbx_project/iotbx/pdb/fetch.py", line 213, in get_pdb
    data = fetch(id, data_type, mirror=mirror, format=format, log=log)
  File "/net/cci-filer2/raid1/xp/phenix/phenix-svn/modules/cctbx_project/iotbx/pdb/fetch.py", line 150, in fetch
    data = libtbx.utils.urlopen(url)
  File "/net/cci-filer2/raid1/xp/phenix/phenix-svn/modules/cctbx_project/libtbx/utils.py", line 2069, in urlopen
    return urllib2.urlopen(*args, **kwds)
  File "/net/cci-filer2/raid1/xp/phenix/phenix-svn/base/lib/python2.7/urllib2.py", line 127, in urlopen
    return _opener.open(url, data, timeout)
  File "/net/cci-filer2/raid1/xp/phenix/phenix-svn/base/lib/python2.7/urllib2.py", line 404, in open
    response = self._open(req, data)
  File "/net/cci-filer2/raid1/xp/phenix/phenix-svn/base/lib/python2.7/urllib2.py", line 422, in _open
    '_open', req)
  File "/net/cci-filer2/raid1/xp/phenix/phenix-svn/base/lib/python2.7/urllib2.py", line 382, in _call_chain
    result = func(*args)
  File "/net/cci-filer2/raid1/xp/phenix/phenix-svn/base/lib/python2.7/urllib2.py", line 1214, in http_open
    return self.do_open(httplib.HTTPConnection, req)
  File "/net/cci-filer2/raid1/xp/phenix/phenix-svn/base/lib/python2.7/urllib2.py", line 1184, in do_open
    raise URLError(err)
urllib2.URLError: <urlopen error [Errno 110] Connection timed out>

==================================================
Summary of pdb4amber for: 1ugn.pdb
===================================================

----------Chains
The following (original) chains have been found:
A

---------- Alternate Locations (Original Residues!))

The following residues had alternate locations:
None

---------- Gaps (Renumbered Residues!)
gap of 8.124336 A between GLU 136 and GLN 137
gap of 12.185436 A between SER 141 and SER 142

---------- Mising heavy atom(s)

None

==================================================
Summary of pdb4amber for: 1ugn_4tleap_uc1.pdb
===================================================

----------Chains
The following (original) chains have been found:
A

---------- Alternate Locations (Original Residues!))

The following residues had alternate locations:
None

---------- Gaps (Renumbered Residues!)
gap of 8.124336 A between GLU 136 and GLN 137
gap of 12.185436 A between SER 141 and SER 142
gap of 8.124336 A between GLU 497 and GLN 498
gap of 12.185436 A between SER 502 and SER 503
gap of 8.124336 A between GLU 858 and GLN 859
gap of 12.185436 A between SER 863 and SER 864
gap of 8.123724 A between GLU 1219 and GLN 1220
gap of 12.185436 A between SER 1224 and SER 1225

---------- Mising heavy atom(s)

None
not prmtop_filename /net/lewis/scratch1/nigel/amber/hi_lo/ug/1ugn/4amber_1ugn.prmtop

	Running AmberPrep : 1ugn.pdb


==================================================
Running pdb4amber on 1ugn.pdb
==================================================

==================================================
Setting up library files for non-standard residues
==================================================

==================================================
Preparing asu files and 4phenix_1ugn.pdb
==================================================

~> tleap -f 1ugn_asu_tleap_input_run

Checking output filenames
  file : 1ugn_asu.prmtop
  file : 1ugn_asu.rst7

~> ChBox -c 1ugn_asu.rst7 -o 1ugn_asu.rst7 -X 36.437 -Y 103.414 -Z 53.022 -al 90.0 -bt 90.0 -gm 90.0 


============================================================
Preparing unit cell files: 4amber_1ugn.prmtop and 4amber_1ugn.rst7
============================================================

~> UnitCell -p 1ugn_4UnitCell.pdb -o 1ugn_4tleap_uc1.pdb


~> tleap -f 1ugn_uc_tleap_input_run

Checking output filenames
  file : 1ugn_uc.prmtop
  file : 1ugn_uc.rst7

~> ChBox -c 1ugn_uc.rst7 -o 1ugn_uc.rst7 -X 36.437 -Y 103.414 -Z 53.022 -al 90.0 -bt 90.0 -gm 90.0 


==================================================
Minimizing input coordinates.
==================================================

~> sander -O -i 1ugn_amber_all.in -p 4amber_1ugn.prmtop -c 4amber_1ugn.rst7 -o 1ugn.min.out            -ref 4amber_1ugn.rst7 -r 4amber_1ugn.min.rst7

checking special positions in 4phenix_1ugn.pdb

==================================================
Done.  Three new files have been made:
      4phenix_1ugn.pdb
      4amber_1ugn.prmtop
      4amber_1ugn.rst7
==================================================

Example

  phenix.refine 4phenix_1ugn.pdb use_amber=True \
    amber.topology_file_name=4amber_1ugn.prmtop \
    amber.coordinate_file_name=4amber_1ugn.rst7 \
    ....(other refinement keywords here).....



Substituting Amber PDB file for downloaded file
run_tests_local.py:222: UserWarning: os.system() is not safe: please use the subprocess module or libtbx.easy_run instead.
  os.system(cmd)

  Amber files
    PDB    : 1ugn.pdb
    MTZ    : 1ugn.mtz
    prmtop : 4amber_1ugn.prmtop
    rst7   : 4amber_1ugn.rst7
  
/net/lewis/raid1/scratch1/nigel/amber/hi_lo/ug/1ugn
return_files 1ugn
/net/chevy/raid1/nigel/amber/hi_lo
4amber_1ugn.pdb
4phenix_1ugn.pdb
cp 4phenix_1ugn.pdb /net/chevy/raid1/nigel/amber/hi_lo/ug/1ugn
1ugn.pdb
cp 1ugn.pdb /net/chevy/raid1/nigel/amber/hi_lo/ug/1ugn
4amber_1ugn.mtz
4phenix_1ugn.mtz
1ugn.mtz
cp 1ugn.mtz /net/chevy/raid1/nigel/amber/hi_lo/ug/1ugn
4amber_1ugn.rst7
cp 4amber_1ugn.rst7 /net/chevy/raid1/nigel/amber/hi_lo/ug/1ugn
4phenix_1ugn.rst7
1ugn.rst7
4amber_1ugn.prmtop
cp 4amber_1ugn.prmtop /net/chevy/raid1/nigel/amber/hi_lo/ug/1ugn
4phenix_1ugn.prmtop
1ugn.prmtop
4amber_1ugn_refine_001.log
4phenix_1ugn_refine_001.log
1ugn_refine_001.log
4amber_1ugn_refine_002.log
4phenix_1ugn_refine_002.log
1ugn_refine_002.log
4amber_1ugn_refine_001.pdb
4phenix_1ugn_refine_001.pdb
1ugn_refine_001.pdb
4amber_1ugn_refine_002.pdb
4phenix_1ugn_refine_002.pdb
1ugn_refine_002.pdb
local_archive /net/chevy/raid1/nigel/amber/hi_lo
archive PDB /net/chevy/raid1/nigel/amber/hi_lo/ug/1ugn/1ugn.pdb
/net/lewis/raid1/scratch1/nigel/amber/hi_lo/ug/1ugn
------------------------------
phenix.refine log filename ? > /net/chevy/raid1/nigel/amber/hi_lo/ug/1ugn/1ugn_refine_001.log
------------------------------

	Already done (on chevy) 1ugn_refine_001
------------------------------
phenix.refine log filename ? > /net/chevy/raid1/nigel/amber/hi_lo/ug/1ugn/1ugn_refine_002.log
------------------------------

	Already done (on chevy) 1ugn_refine_002
