HOST rebus.lbl.gov
only_i 21
only_code None
force_amber_prep True
dry_run False
... 21 1wqs
/net/chevy/raid1/nigel/amber/hi_lo
/net/chevy/raid1/nigel/amber/hi_lo/wq/1wqs
1wqs.pdb 4phenix_1wqs.pdb
local_archive None
archive PDB None
Reading from local mirror:
  /net/cci/pdb_mirror/pdb/wq/pdb1wqs.ent.gz
Model saved to /net/rebus/raid1/scratch1/nigel/amber/hi_lo/wq/1wqs/1wqs.pdb
Sequence saved to /net/rebus/raid1/scratch1/nigel/amber/hi_lo/wq/1wqs/1wqs.fa
Reading from local mirror:
  /net/cci/pdb_mirror/structure_factors/wq/r1wqssf.ent.gz
Structure factors saved to /net/rebus/raid1/scratch1/nigel/amber/hi_lo/wq/1wqs/1wqs-sf.cif
Reading from local mirror:
  /net/cci/pdb_mirror/mmcif/wq/1wqs.cif.gz
Model saved to /net/rebus/raid1/scratch1/nigel/amber/hi_lo/wq/1wqs/1wqs.cif
Can't determine output label for r1wqssf,_refln.crystal_id - skipping.
Can't determine output label for r1wqssf,_refln.scale_group_code - skipping.
Can't determine output label for r1wqssf,_refln.wavelength_id - skipping.
Converted structure factors saved to 1wqs.mtz
local_archive None
archive PDB None
Reading from local mirror:
  /net/cci/pdb_mirror/pdb/wq/pdb1wqs.ent.gz
Model saved to /net/rebus/raid1/scratch1/nigel/amber/hi_lo/wq/1wqs/1wqs.pdb
Sequence saved to /net/rebus/raid1/scratch1/nigel/amber/hi_lo/wq/1wqs/1wqs.fa
Reading from local mirror:
  /net/cci/pdb_mirror/structure_factors/wq/r1wqssf.ent.gz
Structure factors saved to /net/rebus/raid1/scratch1/nigel/amber/hi_lo/wq/1wqs/1wqs-sf.cif
Reading from local mirror:
  /net/cci/pdb_mirror/mmcif/wq/1wqs.cif.gz
Model saved to /net/rebus/raid1/scratch1/nigel/amber/hi_lo/wq/1wqs/1wqs.cif
Can't determine output label for r1wqssf,_refln.crystal_id - skipping.
Can't determine output label for r1wqssf,_refln.scale_group_code - skipping.
Can't determine output label for r1wqssf,_refln.wavelength_id - skipping.
Converted structure factors saved to 1wqs.mtz
not prmtop_filename /net/rebus/scratch1/nigel/amber/hi_lo/wq/1wqs/4amber_1wqs.prmtop
not prmtop_filename /net/chevy/raid1/nigel/amber/hi_lo/wq/1wqs/4amber_1wqs.prmtop

	Running AmberPrep : 1wqs.pdb


==================================================
Running pdb4amber on 1wqs.pdb
==================================================

==================================================
Setting up library files for non-standard residues
==================================================

  Residue "TAR" already in amber monomer library. Skipping elbow/antechamber
    run for this residue.
        

==================================================
Preparing asu files and 4phenix_1wqs.pdb
==================================================

~> tleap -f 1wqs_asu_tleap_input_run

Checking output filenames
  file : 1wqs_asu.prmtop
