HOST lewis.lbl.gov
only_i 70
only_code None
force_amber_prep True
dry_run False
... 70 3bwu
/net/chevy/raid1/nigel/amber/hi_lo
/net/chevy/raid1/nigel/amber/hi_lo/bw/3bwu
3bwu.pdb 4phenix_3bwu.pdb
local_archive None
archive PDB None
Reading from local mirror:
  /net/cci/pdb_mirror/pdb/bw/pdb3bwu.ent.gz
Model saved to /net/lewis/raid1/scratch1/nigel/amber/hi_lo/bw/3bwu/3bwu.pdb
Traceback (most recent call last):
  File "/net/cci-filer2/raid1/xp/phenix/phenix-svn/build/../modules/cctbx_project/mmtbx/command_line/fetch_pdb.py", line 199, in <module>
    run2(sys.argv[1:])
  File "/net/cci-filer2/raid1/xp/phenix/phenix-svn/build/../modules/cctbx_project/mmtbx/command_line/fetch_pdb.py", line 155, in run2
    files.append(get_pdb(id, data_type_, mirror, log, format=data_format))
  File "/net/cci-filer2/raid1/xp/phenix/phenix-svn/modules/cctbx_project/iotbx/pdb/fetch.py", line 213, in get_pdb
    data = fetch(id, data_type, mirror=mirror, format=format, log=log)
  File "/net/cci-filer2/raid1/xp/phenix/phenix-svn/modules/cctbx_project/iotbx/pdb/fetch.py", line 150, in fetch
    data = libtbx.utils.urlopen(url)
  File "/net/cci-filer2/raid1/xp/phenix/phenix-svn/modules/cctbx_project/libtbx/utils.py", line 2069, in urlopen
    return urllib2.urlopen(*args, **kwds)
  File "/net/cci-filer2/raid1/xp/phenix/phenix-svn/base/lib/python2.7/urllib2.py", line 127, in urlopen
    return _opener.open(url, data, timeout)
  File "/net/cci-filer2/raid1/xp/phenix/phenix-svn/base/lib/python2.7/urllib2.py", line 404, in open
    response = self._open(req, data)
  File "/net/cci-filer2/raid1/xp/phenix/phenix-svn/base/lib/python2.7/urllib2.py", line 422, in _open
    '_open', req)
  File "/net/cci-filer2/raid1/xp/phenix/phenix-svn/base/lib/python2.7/urllib2.py", line 382, in _call_chain
    result = func(*args)
  File "/net/cci-filer2/raid1/xp/phenix/phenix-svn/base/lib/python2.7/urllib2.py", line 1214, in http_open
    return self.do_open(httplib.HTTPConnection, req)
  File "/net/cci-filer2/raid1/xp/phenix/phenix-svn/base/lib/python2.7/urllib2.py", line 1184, in do_open
    raise URLError(err)
urllib2.URLError: <urlopen error [Errno 110] Connection timed out>
local_archive None
archive PDB None
Reading from local mirror:
  /net/cci/pdb_mirror/pdb/bw/pdb3bwu.ent.gz
Model saved to /net/lewis/raid1/scratch1/nigel/amber/hi_lo/bw/3bwu/3bwu.pdb
Traceback (most recent call last):
  File "/net/cci-filer2/raid1/xp/phenix/phenix-svn/build/../modules/cctbx_project/mmtbx/command_line/fetch_pdb.py", line 199, in <module>
    run2(sys.argv[1:])
  File "/net/cci-filer2/raid1/xp/phenix/phenix-svn/build/../modules/cctbx_project/mmtbx/command_line/fetch_pdb.py", line 155, in run2
    files.append(get_pdb(id, data_type_, mirror, log, format=data_format))
  File "/net/cci-filer2/raid1/xp/phenix/phenix-svn/modules/cctbx_project/iotbx/pdb/fetch.py", line 213, in get_pdb
    data = fetch(id, data_type, mirror=mirror, format=format, log=log)
  File "/net/cci-filer2/raid1/xp/phenix/phenix-svn/modules/cctbx_project/iotbx/pdb/fetch.py", line 150, in fetch
    data = libtbx.utils.urlopen(url)
  File "/net/cci-filer2/raid1/xp/phenix/phenix-svn/modules/cctbx_project/libtbx/utils.py", line 2069, in urlopen
    return urllib2.urlopen(*args, **kwds)
  File "/net/cci-filer2/raid1/xp/phenix/phenix-svn/base/lib/python2.7/urllib2.py", line 127, in urlopen
    return _opener.open(url, data, timeout)
  File "/net/cci-filer2/raid1/xp/phenix/phenix-svn/base/lib/python2.7/urllib2.py", line 404, in open
    response = self._open(req, data)
  File "/net/cci-filer2/raid1/xp/phenix/phenix-svn/base/lib/python2.7/urllib2.py", line 422, in _open
    '_open', req)
  File "/net/cci-filer2/raid1/xp/phenix/phenix-svn/base/lib/python2.7/urllib2.py", line 382, in _call_chain
    result = func(*args)
  File "/net/cci-filer2/raid1/xp/phenix/phenix-svn/base/lib/python2.7/urllib2.py", line 1214, in http_open
    return self.do_open(httplib.HTTPConnection, req)
  File "/net/cci-filer2/raid1/xp/phenix/phenix-svn/base/lib/python2.7/urllib2.py", line 1184, in do_open
    raise URLError(err)
urllib2.URLError: <urlopen error [Errno 110] Connection timed out>

==================================================
Summary of pdb4amber for: 3bwu.pdb
===================================================

----------Chains
The following (original) chains have been found:
C
D
F

---------- Alternate Locations (Original Residues!))

The following residues had alternate locations:
GLN_19
THR_23
VAL_50
ASN_73
LYS_88
SER_92
THR_97
SER_134
MET_165
SER_168
ASN_179
ILE_180
ARG_183
MET_195
ASN_240
MET_271
ASP_304
GLN_307
GLN_308
SER_320
SER_331
LEU_391
GLN_394
SER_408
THR_411

---------- Gaps (Renumbered Residues!)
gap of 8.973606 A between ASP 94 and GLU 95
gap of 17.205934 A between PHE 334 and ILE 335

---------- Mising heavy atom(s)

ARG_206 misses 5 heavy atom(s)
GLU_256 misses 3 heavy atom(s)
GLN_297 misses 4 heavy atom(s)
ASN_378 misses 3 heavy atom(s)
The alternate coordinates have been discarded.
Only the first occurrence for each atom was kept.

==================================================
Summary of pdb4amber for: 3bwu_4tleap_uc1.pdb
===================================================

----------Chains
The following (original) chains have been found:
C
D
F

---------- Alternate Locations (Original Residues!))

The following residues had alternate locations:
None

---------- Gaps (Renumbered Residues!)
gap of 8.973606 A between ASP 94 and GLU 95
gap of 17.205934 A between PHE 334 and ILE 335
gap of 8.972960 A between ASP 1198 and GLU 1199
gap of 17.205600 A between PHE 1438 and ILE 1439
gap of 8.973318 A between ASP 2302 and GLU 2303
gap of 17.205547 A between PHE 2542 and ILE 2543
gap of 8.973318 A between ASP 3406 and GLU 3407
gap of 17.205547 A between PHE 3646 and ILE 3647
gap of 8.973606 A between ASP 4510 and GLU 4511
gap of 17.205934 A between PHE 4750 and ILE 4751
gap of 8.972960 A between ASP 5614 and GLU 5615
gap of 17.205600 A between PHE 5854 and ILE 5855

---------- Mising heavy atom(s)

None
not prmtop_filename /net/lewis/scratch1/nigel/amber/hi_lo/bw/3bwu/4amber_3bwu.prmtop
not prmtop_filename /net/chevy/raid1/nigel/amber/hi_lo/bw/3bwu/4amber_3bwu.prmtop

	Running AmberPrep : 3bwu.pdb


==================================================
Running pdb4amber on 3bwu.pdb
==================================================

==================================================
Setting up library files for non-standard residues
==================================================

  Residue "PEG" already in amber monomer library. Skipping elbow/antechamber
    run for this residue.
        

  Residue "EDO" already in amber monomer library. Skipping elbow/antechamber
    run for this residue.
        

==================================================
Preparing asu files and 4phenix_3bwu.pdb
==================================================

~> tleap -f 3bwu_asu_tleap_input_run

Checking output filenames
  file : 3bwu_asu.prmtop
  file : 3bwu_asu.rst7

~> ChBox -c 3bwu_asu.rst7 -o 3bwu_asu.rst7 -X 126.948 -Y 126.948 -Z 68.755 -al 90.0 -bt 90.0 -gm 120.0 


============================================================
Preparing unit cell files: 4amber_3bwu.prmtop and 4amber_3bwu.rst7
============================================================

~> UnitCell -p 3bwu_4UnitCell.pdb -o 3bwu_4tleap_uc1.pdb


~> tleap -f 3bwu_uc_tleap_input_run

Checking output filenames
  file : 3bwu_uc.prmtop
  file : 3bwu_uc.rst7

~> ChBox -c 3bwu_uc.rst7 -o 3bwu_uc.rst7 -X 126.948 -Y 126.948 -Z 68.755 -al 90.0 -bt 90.0 -gm 120.0 


==================================================
Minimizing input coordinates.
==================================================

~> sander -O -i 3bwu_amber_all.in -p 4amber_3bwu.prmtop -c 4amber_3bwu.rst7 -o 3bwu.min.out            -ref 4amber_3bwu.rst7 -r 4amber_3bwu.min.rst7

Traceback (most recent call last):
  File "run_tests_local.py", line 323, in <module>
    run(*tuple(args))
  File "run_tests_local.py", line 307, in run
    w2 = run_all_tests(code, force_amber_prep=force_amber_prep)
  File "run_tests_local.py", line 93, in run_all_tests
    "clean=on",
  File "/net/cci-filer2/raid1/xp/phenix/phenix-svn/modules/amber_adaptbx/command_line/AmberPrepClass.py", line 1034, in run
    minimization_options=actions.minimization_options)
  File "/net/cci-filer2/raid1/xp/phenix/phenix-svn/modules/amber_adaptbx/command_line/AmberPrepClass.py", line 685, in run_minimise
    assert (ero.return_code == 0)
AssertionError
