HOST rebus.lbl.gov
only_i 48
only_code None
force_amber_prep True
dry_run False
... 48 3lc0
/net/chevy/raid1/nigel/amber/hi_lo
/net/chevy/raid1/nigel/amber/hi_lo/lc/3lc0
3lc0.pdb 4phenix_3lc0.pdb
3lc0.pdb 4phenix_3lc0.pdb
local_archive None
archive PDB None
Reading from local mirror:
  /net/cci/pdb_mirror/pdb/lc/pdb3lc0.ent.gz
Model saved to /net/rebus/raid1/scratch1/nigel/amber/hi_lo/lc/3lc0/3lc0.pdb
Sequence saved to /net/rebus/raid1/scratch1/nigel/amber/hi_lo/lc/3lc0/3lc0.fa
Reading from local mirror:
  /net/cci/pdb_mirror/structure_factors/lc/r3lc0sf.ent.gz
Structure factors saved to /net/rebus/raid1/scratch1/nigel/amber/hi_lo/lc/3lc0/3lc0-sf.cif
Reading from local mirror:
  /net/cci/pdb_mirror/mmcif/lc/3lc0.cif.gz
Model saved to /net/rebus/raid1/scratch1/nigel/amber/hi_lo/lc/3lc0/3lc0.cif
Can't determine output label for r3lc0sf,_refln.crystal_id - skipping.
Can't determine output label for r3lc0sf,_refln.scale_group_code - skipping.
Can't determine output label for r3lc0sf,_refln.wavelength_id - skipping.
Converted structure factors saved to 3lc0.mtz
local_archive None
archive PDB None
Reading from local mirror:
  /net/cci/pdb_mirror/pdb/lc/pdb3lc0.ent.gz
Model saved to /net/rebus/raid1/scratch1/nigel/amber/hi_lo/lc/3lc0/3lc0.pdb
Sequence saved to /net/rebus/raid1/scratch1/nigel/amber/hi_lo/lc/3lc0/3lc0.fa
Reading from local mirror:
  /net/cci/pdb_mirror/structure_factors/lc/r3lc0sf.ent.gz
Structure factors saved to /net/rebus/raid1/scratch1/nigel/amber/hi_lo/lc/3lc0/3lc0-sf.cif
Reading from local mirror:
  /net/cci/pdb_mirror/mmcif/lc/3lc0.cif.gz
Model saved to /net/rebus/raid1/scratch1/nigel/amber/hi_lo/lc/3lc0/3lc0.cif
Can't determine output label for r3lc0sf,_refln.crystal_id - skipping.
Can't determine output label for r3lc0sf,_refln.scale_group_code - skipping.
Can't determine output label for r3lc0sf,_refln.wavelength_id - skipping.
Converted structure factors saved to 3lc0.mtz
not prmtop_filename /net/rebus/scratch1/nigel/amber/hi_lo/lc/3lc0/4amber_3lc0.prmtop

	Running AmberPrep : 3lc0.pdb


==================================================
Running pdb4amber on 3lc0.pdb
==================================================

==================================================
Setting up library files for non-standard residues
==================================================

==================================================
Preparing asu files and 4phenix_3lc0.pdb
==================================================

~> tleap -f 3lc0_asu_tleap_input_run

Checking output filenames
  file : 3lc0_asu.prmtop
  file : 3lc0_asu.rst7

~> ChBox -c 3lc0_asu.rst7 -o 3lc0_asu.rst7 -X 90.03 -Y 118.84 -Z 65.98 -al 90.0 -bt 132.57 -gm 90.0 


============================================================
Preparing unit cell files: 4amber_3lc0.prmtop and 4amber_3lc0.rst7
============================================================

~> UnitCell -p 3lc0_4UnitCell.pdb -o 3lc0_4tleap_uc1.pdb


~> tleap -f 3lc0_uc_tleap_input_run

Checking output filenames
  file : 3lc0_uc.prmtop
  file : 3lc0_uc.rst7

~> ChBox -c 3lc0_uc.rst7 -o 3lc0_uc.rst7 -X 90.03 -Y 118.84 -Z 65.98 -al 90.0 -bt 132.57 -gm 90.0 


==================================================
Minimizing input coordinates.
==================================================

~> sander -O -i 3lc0_amber_all.in -p 4amber_3lc0.prmtop -c 4amber_3lc0.rst7 -o 3lc0.min.out            -ref 4amber_3lc0.rst7 -r 4amber_3lc0.min.rst7

checking special positions in 4phenix_3lc0.pdb

==================================================
Done.  Three new files have been made:
      4phenix_3lc0.pdb
      4amber_3lc0.prmtop
      4amber_3lc0.rst7
==================================================

Example

  phenix.refine 4phenix_3lc0.pdb use_amber=True \
    amber.topology_file_name=4amber_3lc0.prmtop \
    amber.coordinate_file_name=4amber_3lc0.rst7 \
    ....(other refinement keywords here).....



Substituting Amber PDB file for downloaded file

  Amber files
    PDB    : 3lc0.pdb
    MTZ    : 3lc0.mtz
    prmtop : 4amber_3lc0.prmtop
    rst7   : 4amber_3lc0.rst7
  
/net/rebus/raid1/scratch1/nigel/amber/hi_lo/lc/3lc0
return_files 3lc0
/net/chevy/raid1/nigel/amber/hi_lo
4amber_3lc0.pdb
4phenix_3lc0.pdb
cp 4phenix_3lc0.pdb /net/chevy/raid1/nigel/amber/hi_lo/lc/3lc0
3lc0.pdb
cp 3lc0.pdb /net/chevy/raid1/nigel/amber/hi_lo/lc/3lc0
4amber_3lc0.mtz
4phenix_3lc0.mtz
3lc0.mtz
cp 3lc0.mtz /net/chevy/raid1/nigel/amber/hi_lo/lc/3lc0
4amber_3lc0.rst7
cp 4amber_3lc0.rst7 /net/chevy/raid1/nigel/amber/hi_lo/lc/3lc0
4phenix_3lc0.rst7
3lc0.rst7
4amber_3lc0.prmtop
cp 4amber_3lc0.prmtop /net/chevy/raid1/nigel/amber/hi_lo/lc/3lc0
4phenix_3lc0.prmtop
3lc0.prmtop
4amber_3lc0_refine_001.log
4phenix_3lc0_refine_001.log
3lc0_refine_001.log
4amber_3lc0_refine_002.log
4phenix_3lc0_refine_002.log
3lc0_refine_002.log
4amber_3lc0_refine_001.pdb
4phenix_3lc0_refine_001.pdb
3lc0_refine_001.pdb
4amber_3lc0_refine_002.pdb
4phenix_3lc0_refine_002.pdb
3lc0_refine_002.pdb
local_archive /net/chevy/raid1/nigel/amber/hi_lo
archive PDB /net/chevy/raid1/nigel/amber/hi_lo/lc/3lc0/3lc0.pdb
/net/rebus/raid1/scratch1/nigel/amber/hi_lo/lc/3lc0
------------------------------
phenix.refine log filename ? > /net/chevy/raid1/nigel/amber/hi_lo/lc/3lc0/3lc0_refine_001.log
------------------------------

	Already done (on chevy) 3lc0_refine_001
------------------------------
phenix.refine log filename ? > /net/chevy/raid1/nigel/amber/hi_lo/lc/3lc0/3lc0_refine_002.log
------------------------------

	Already done (on chevy) 3lc0_refine_002
