HOST morse.lbl.gov
only_i 328
only_code None
force_amber_prep True
dry_run False
... 328 1eay
/net/chevy/raid1/nigel/amber/hi_lo
/net/chevy/raid1/nigel/amber/hi_lo/ea/1eay
1eay.pdb 4phenix_1eay.pdb
1eay.pdb 4phenix_1eay.pdb
local_archive None
archive PDB None
Reading from local mirror:
  /net/cci/pdb_mirror/pdb/ea/pdb1eay.ent.gz
Model saved to /net/morse/raid1/scratch1/nigel/amber/hi_lo/ea/1eay/1eay.pdb
Sequence saved to /net/morse/raid1/scratch1/nigel/amber/hi_lo/ea/1eay/1eay.fa
Reading from local mirror:
  /net/cci/pdb_mirror/structure_factors/ea/r1eaysf.ent.gz
Structure factors saved to /net/morse/raid1/scratch1/nigel/amber/hi_lo/ea/1eay/1eay-sf.cif
Reading from local mirror:
  /net/cci/pdb_mirror/mmcif/ea/1eay.cif.gz
Model saved to /net/morse/raid1/scratch1/nigel/amber/hi_lo/ea/1eay/1eay.cif
Can't determine output label for r1eaysf,_refln.crystal_id - skipping.
Can't determine output label for r1eaysf,_refln.scale_group_code - skipping.
Can't determine output label for r1eaysf,_refln.wavelength_id - skipping.
Converted structure factors saved to 1eay.mtz
local_archive None
archive PDB None
Reading from local mirror:
  /net/cci/pdb_mirror/pdb/ea/pdb1eay.ent.gz
Model saved to /net/morse/raid1/scratch1/nigel/amber/hi_lo/ea/1eay/1eay.pdb
Sequence saved to /net/morse/raid1/scratch1/nigel/amber/hi_lo/ea/1eay/1eay.fa
Reading from local mirror:
  /net/cci/pdb_mirror/structure_factors/ea/r1eaysf.ent.gz
Structure factors saved to /net/morse/raid1/scratch1/nigel/amber/hi_lo/ea/1eay/1eay-sf.cif
Reading from local mirror:
  /net/cci/pdb_mirror/mmcif/ea/1eay.cif.gz
Model saved to /net/morse/raid1/scratch1/nigel/amber/hi_lo/ea/1eay/1eay.cif
Can't determine output label for r1eaysf,_refln.crystal_id - skipping.
Can't determine output label for r1eaysf,_refln.scale_group_code - skipping.
Can't determine output label for r1eaysf,_refln.wavelength_id - skipping.
Converted structure factors saved to 1eay.mtz

==================================================
Summary of pdb4amber for: 1eay.pdb
===================================================

----------Chains
The following (original) chains have been found:
A
B
C
D

---------- Alternate Locations (Original Residues!))

The following residues had alternate locations:
None

---------- Mising heavy atom(s)

ARG_18 misses 6 heavy atom(s)
ARG_21 misses 4 heavy atom(s)
LYS_25 misses 4 heavy atom(s)
GLU_33 misses 3 heavy atom(s)
GLU_88 misses 3 heavy atom(s)
LYS_90 misses 2 heavy atom(s)
GLU_117 misses 3 heavy atom(s)
ARG_146 misses 5 heavy atom(s)
LYS_153 misses 4 heavy atom(s)
GLU_245 misses 3 heavy atom(s)
LYS_266 misses 3 heavy atom(s)
GLU_322 misses 4 heavy atom(s)
LYS_334 misses 3 heavy atom(s)
GLU_390 misses 4 heavy atom(s)

==================================================
Summary of pdb4amber for: 1eay_4tleap_uc1.pdb
===================================================

----------Chains
The following (original) chains have been found:
A
B
C
D

---------- Alternate Locations (Original Residues!))

The following residues had alternate locations:
None

---------- Mising heavy atom(s)

None
not prmtop_filename /net/morse/scratch1/nigel/amber/hi_lo/ea/1eay/4amber_1eay.prmtop

	Running AmberPrep : 1eay.pdb


==================================================
Running pdb4amber on 1eay.pdb
==================================================

==================================================
Setting up library files for non-standard residues
==================================================

==================================================
Preparing asu files and 4phenix_1eay.pdb
==================================================

~> tleap -f 1eay_asu_tleap_input_run

Checking output filenames
  file : 1eay_asu.prmtop
  file : 1eay_asu.rst7

~> ChBox -c 1eay_asu.rst7 -o 1eay_asu.rst7 -X 54.5 -Y 64.2 -Z 158.0 -al 90.0 -bt 90.0 -gm 90.0 


============================================================
Preparing unit cell files: 4amber_1eay.prmtop and 4amber_1eay.rst7
============================================================

~> UnitCell -p 1eay_4UnitCell.pdb -o 1eay_4tleap_uc1.pdb


~> tleap -f 1eay_uc_tleap_input_run

Checking output filenames
  file : 1eay_uc.prmtop
  file : 1eay_uc.rst7

~> ChBox -c 1eay_uc.rst7 -o 1eay_uc.rst7 -X 54.5 -Y 64.2 -Z 158.0 -al 90.0 -bt 90.0 -gm 90.0 


==================================================
Minimizing input coordinates.
==================================================

~> sander -O -i 1eay_amber_all.in -p 4amber_1eay.prmtop -c 4amber_1eay.rst7 -o 1eay.min.out            -ref 4amber_1eay.rst7 -r 4amber_1eay.min.rst7

checking special positions in 4phenix_1eay.pdb

==================================================
Done.  Three new files have been made:
      4phenix_1eay.pdb
      4amber_1eay.prmtop
      4amber_1eay.rst7
==================================================

Example

  phenix.refine 4phenix_1eay.pdb use_amber=True \
    amber.topology_file_name=4amber_1eay.prmtop \
    amber.coordinate_file_name=4amber_1eay.rst7 \
    ....(other refinement keywords here).....



Substituting Amber PDB file for downloaded file
run_tests_local.py:222: UserWarning: os.system() is not safe: please use the subprocess module or libtbx.easy_run instead.
  os.system(cmd)

  Amber files
    PDB    : 1eay.pdb
    MTZ    : 1eay.mtz
    prmtop : 4amber_1eay.prmtop
    rst7   : 4amber_1eay.rst7
  
/net/morse/raid1/scratch1/nigel/amber/hi_lo/ea/1eay
return_files 1eay
/net/chevy/raid1/nigel/amber/hi_lo
4amber_1eay.pdb
4phenix_1eay.pdb
cp 4phenix_1eay.pdb /net/chevy/raid1/nigel/amber/hi_lo/ea/1eay
1eay.pdb
cp 1eay.pdb /net/chevy/raid1/nigel/amber/hi_lo/ea/1eay
4amber_1eay.mtz
4phenix_1eay.mtz
1eay.mtz
cp 1eay.mtz /net/chevy/raid1/nigel/amber/hi_lo/ea/1eay
4amber_1eay.rst7
cp 4amber_1eay.rst7 /net/chevy/raid1/nigel/amber/hi_lo/ea/1eay
4phenix_1eay.rst7
1eay.rst7
4amber_1eay.prmtop
cp 4amber_1eay.prmtop /net/chevy/raid1/nigel/amber/hi_lo/ea/1eay
4phenix_1eay.prmtop
1eay.prmtop
4amber_1eay_refine_001.log
4phenix_1eay_refine_001.log
1eay_refine_001.log
4amber_1eay_refine_002.log
4phenix_1eay_refine_002.log
1eay_refine_002.log
4amber_1eay_refine_001.pdb
4phenix_1eay_refine_001.pdb
1eay_refine_001.pdb
4amber_1eay_refine_002.pdb
4phenix_1eay_refine_002.pdb
1eay_refine_002.pdb
local_archive /net/chevy/raid1/nigel/amber/hi_lo
archive PDB /net/chevy/raid1/nigel/amber/hi_lo/ea/1eay/1eay.pdb
/net/morse/raid1/scratch1/nigel/amber/hi_lo/ea/1eay
------------------------------
phenix.refine log filename ? > /net/chevy/raid1/nigel/amber/hi_lo/ea/1eay/1eay_refine_001.log
------------------------------

	Already done (on chevy) 1eay_refine_001
------------------------------
phenix.refine log filename ? > /net/chevy/raid1/nigel/amber/hi_lo/ea/1eay/1eay_refine_002.log
------------------------------

	Already done (on chevy) 1eay_refine_002
