HOST rebus.lbl.gov
only_i 237
only_code None
force_amber_prep True
dry_run False
... 237 1lnq
/net/chevy/raid1/nigel/amber/hi_lo
/net/chevy/raid1/nigel/amber/hi_lo/ln/1lnq
1lnq.pdb 4phenix_1lnq.pdb
local_archive None
archive PDB None
Reading from local mirror:
  /net/cci/pdb_mirror/pdb/ln/pdb1lnq.ent.gz
Model saved to /net/rebus/raid1/scratch1/nigel/amber/hi_lo/ln/1lnq/1lnq.pdb
Sequence saved to /net/rebus/raid1/scratch1/nigel/amber/hi_lo/ln/1lnq/1lnq.fa
Reading from local mirror:
  /net/cci/pdb_mirror/structure_factors/ln/r1lnqsf.ent.gz
Structure factors saved to /net/rebus/raid1/scratch1/nigel/amber/hi_lo/ln/1lnq/1lnq-sf.cif
Reading from local mirror:
  /net/cci/pdb_mirror/mmcif/ln/1lnq.cif.gz
Model saved to /net/rebus/raid1/scratch1/nigel/amber/hi_lo/ln/1lnq/1lnq.cif
Can't determine output label for r1lnqsf,_refln.crystal_id - skipping.
Can't determine output label for r1lnqsf,_refln.scale_group_code - skipping.
Can't determine output label for r1lnqsf,_refln.wavelength_id - skipping.
Converted structure factors saved to 1lnq.mtz
local_archive None
archive PDB None
Reading from local mirror:
  /net/cci/pdb_mirror/pdb/ln/pdb1lnq.ent.gz
Model saved to /net/rebus/raid1/scratch1/nigel/amber/hi_lo/ln/1lnq/1lnq.pdb
Sequence saved to /net/rebus/raid1/scratch1/nigel/amber/hi_lo/ln/1lnq/1lnq.fa
Reading from local mirror:
  /net/cci/pdb_mirror/structure_factors/ln/r1lnqsf.ent.gz
Structure factors saved to /net/rebus/raid1/scratch1/nigel/amber/hi_lo/ln/1lnq/1lnq-sf.cif
Reading from local mirror:
  /net/cci/pdb_mirror/mmcif/ln/1lnq.cif.gz
Model saved to /net/rebus/raid1/scratch1/nigel/amber/hi_lo/ln/1lnq/1lnq.cif
Can't determine output label for r1lnqsf,_refln.crystal_id - skipping.
Can't determine output label for r1lnqsf,_refln.scale_group_code - skipping.
Can't determine output label for r1lnqsf,_refln.wavelength_id - skipping.
Converted structure factors saved to 1lnq.mtz
not prmtop_filename /net/rebus/scratch1/nigel/amber/hi_lo/ln/1lnq/4amber_1lnq.prmtop
not prmtop_filename /net/chevy/raid1/nigel/amber/hi_lo/ln/1lnq/4amber_1lnq.prmtop

	Running AmberPrep : 1lnq.pdb


==================================================
Running pdb4amber on 1lnq.pdb
==================================================

==================================================
Setting up library files for non-standard residues
==================================================

==================================================
Preparing asu files and 4phenix_1lnq.pdb
==================================================

~> tleap -f 1lnq_asu_tleap_input_run

Checking output filenames
  file : 1lnq_asu.prmtop
  file : 1lnq_asu.rst7

~> ChBox -c 1lnq_asu.rst7 -o 1lnq_asu.rst7 -X 137.0 -Y 137.0 -Z 373.3 -al 90.0 -bt 90.0 -gm 120.0 


============================================================
Preparing unit cell files: 4amber_1lnq.prmtop and 4amber_1lnq.rst7
============================================================

~> UnitCell -p 1lnq_4UnitCell.pdb -o 1lnq_4tleap_uc1.pdb


~> tleap -f 1lnq_uc_tleap_input_run

Checking output filenames
  file : 1lnq_uc.prmtop
  file : 1lnq_uc.rst7

~> ChBox -c 1lnq_uc.rst7 -o 1lnq_uc.rst7 -X 137.0 -Y 137.0 -Z 373.3 -al 90.0 -bt 90.0 -gm 120.0 


==================================================
Minimizing input coordinates.
==================================================

~> sander -O -i 1lnq_amber_all.in -p 4amber_1lnq.prmtop -c 4amber_1lnq.rst7 -o 1lnq.min.out            -ref 4amber_1lnq.rst7 -r 4amber_1lnq.min.rst7

checking special positions in 4phenix_1lnq.pdb

==================================================
Done.  Three new files have been made:
      4phenix_1lnq.pdb
      4amber_1lnq.prmtop
      4amber_1lnq.rst7
==================================================

Example

  phenix.refine 4phenix_1lnq.pdb use_amber=True \
    amber.topology_file_name=4amber_1lnq.prmtop \
    amber.coordinate_file_name=4amber_1lnq.rst7 \
    ....(other refinement keywords here).....



Substituting Amber PDB file for downloaded file

  Amber files
    PDB    : 1lnq.pdb
    MTZ    : 1lnq.mtz
    prmtop : 4amber_1lnq.prmtop
    rst7   : 4amber_1lnq.rst7
  
/net/rebus/raid1/scratch1/nigel/amber/hi_lo/ln/1lnq
return_files 1lnq
/net/chevy/raid1/nigel/amber/hi_lo
4amber_1lnq.pdb
4phenix_1lnq.pdb
cp 4phenix_1lnq.pdb /net/chevy/raid1/nigel/amber/hi_lo/ln/1lnq
1lnq.pdb
cp 1lnq.pdb /net/chevy/raid1/nigel/amber/hi_lo/ln/1lnq
4amber_1lnq.mtz
4phenix_1lnq.mtz
1lnq.mtz
cp 1lnq.mtz /net/chevy/raid1/nigel/amber/hi_lo/ln/1lnq
4amber_1lnq.rst7
cp 4amber_1lnq.rst7 /net/chevy/raid1/nigel/amber/hi_lo/ln/1lnq
4phenix_1lnq.rst7
1lnq.rst7
4amber_1lnq.prmtop
cp 4amber_1lnq.prmtop /net/chevy/raid1/nigel/amber/hi_lo/ln/1lnq
4phenix_1lnq.prmtop
1lnq.prmtop
4amber_1lnq_refine_001.log
4phenix_1lnq_refine_001.log
1lnq_refine_001.log
4amber_1lnq_refine_002.log
4phenix_1lnq_refine_002.log
1lnq_refine_002.log
4amber_1lnq_refine_001.pdb
4phenix_1lnq_refine_001.pdb
1lnq_refine_001.pdb
4amber_1lnq_refine_002.pdb
4phenix_1lnq_refine_002.pdb
1lnq_refine_002.pdb
local_archive /net/chevy/raid1/nigel/amber/hi_lo
archive PDB /net/chevy/raid1/nigel/amber/hi_lo/ln/1lnq/1lnq.pdb
/net/rebus/raid1/scratch1/nigel/amber/hi_lo/ln/1lnq
------------------------------
phenix.refine log filename ? > /net/chevy/raid1/nigel/amber/hi_lo/ln/1lnq/1lnq_refine_001.log
------------------------------
------------------------------
phenix.refine log filename ? > 1lnq_refine_001.log
------------------------------
Running phenix.refine

phenix.refine 1lnq.pdb 1lnq.mtz c_beta_restraints=False discard_psi_phi=False strategy="*individual_sites individual_sites_real_space rigid_body *individual_adp group_adp tls *occupancies group_anomalous" refinement.target_weights.optimize_xyz_weight=True refinement.main.number_of_macro_cycles=10 write_geo=False serial=1 cdl=True

------------------------------
phenix.refine log filename ? > /net/chevy/raid1/nigel/amber/hi_lo/ln/1lnq/1lnq_refine_002.log
------------------------------
------------------------------
phenix.refine log filename ? > 1lnq_refine_002.log
------------------------------
Running phenix.refine

phenix.refine 1lnq.pdb 1lnq.mtz c_beta_restraints=False discard_psi_phi=False strategy="*individual_sites individual_sites_real_space rigid_body *individual_adp group_adp tls *occupancies group_anomalous" topology_file_name=/net/chevy/raid1/nigel/amber/hi_lo/ln/1lnq/4amber_1lnq.prmtop amber.coordinate_file_name=/net/chevy/raid1/nigel/amber/hi_lo/ln/1lnq/4amber_1lnq.rst7 use_amber=True refinement.target_weights.optimize_xyz_weight=True refinement.main.number_of_macro_cycles=10 write_geo=False amber.wxc_factor=0.300000 serial=2

