HOST lewis.lbl.gov
only_i 32
only_code None
force_amber_prep True
dry_run False
... 32 3m1i
/net/chevy/raid1/nigel/amber/hi_lo
/net/chevy/raid1/nigel/amber/hi_lo/m1/3m1i
3m1i.pdb 4phenix_3m1i.pdb
local_archive None
archive PDB None
Reading from local mirror:
  /net/cci/pdb_mirror/pdb/m1/pdb3m1i.ent.gz
Model saved to /net/lewis/raid1/scratch1/nigel/amber/hi_lo/m1/3m1i/3m1i.pdb
Traceback (most recent call last):
  File "/net/cci-filer2/raid1/xp/phenix/phenix-svn/build/../modules/cctbx_project/mmtbx/command_line/fetch_pdb.py", line 199, in <module>
    run2(sys.argv[1:])
  File "/net/cci-filer2/raid1/xp/phenix/phenix-svn/build/../modules/cctbx_project/mmtbx/command_line/fetch_pdb.py", line 155, in run2
    files.append(get_pdb(id, data_type_, mirror, log, format=data_format))
  File "/net/cci-filer2/raid1/xp/phenix/phenix-svn/modules/cctbx_project/iotbx/pdb/fetch.py", line 213, in get_pdb
    data = fetch(id, data_type, mirror=mirror, format=format, log=log)
  File "/net/cci-filer2/raid1/xp/phenix/phenix-svn/modules/cctbx_project/iotbx/pdb/fetch.py", line 150, in fetch
    data = libtbx.utils.urlopen(url)
  File "/net/cci-filer2/raid1/xp/phenix/phenix-svn/modules/cctbx_project/libtbx/utils.py", line 2069, in urlopen
    return urllib2.urlopen(*args, **kwds)
  File "/net/cci-filer2/raid1/xp/phenix/phenix-svn/base/lib/python2.7/urllib2.py", line 127, in urlopen
    return _opener.open(url, data, timeout)
  File "/net/cci-filer2/raid1/xp/phenix/phenix-svn/base/lib/python2.7/urllib2.py", line 404, in open
    response = self._open(req, data)
  File "/net/cci-filer2/raid1/xp/phenix/phenix-svn/base/lib/python2.7/urllib2.py", line 422, in _open
    '_open', req)
  File "/net/cci-filer2/raid1/xp/phenix/phenix-svn/base/lib/python2.7/urllib2.py", line 382, in _call_chain
    result = func(*args)
  File "/net/cci-filer2/raid1/xp/phenix/phenix-svn/base/lib/python2.7/urllib2.py", line 1214, in http_open
    return self.do_open(httplib.HTTPConnection, req)
  File "/net/cci-filer2/raid1/xp/phenix/phenix-svn/base/lib/python2.7/urllib2.py", line 1184, in do_open
    raise URLError(err)
urllib2.URLError: <urlopen error [Errno 110] Connection timed out>
local_archive None
archive PDB None
Reading from local mirror:
  /net/cci/pdb_mirror/pdb/m1/pdb3m1i.ent.gz
Model saved to /net/lewis/raid1/scratch1/nigel/amber/hi_lo/m1/3m1i/3m1i.pdb
Traceback (most recent call last):
  File "/net/cci-filer2/raid1/xp/phenix/phenix-svn/build/../modules/cctbx_project/mmtbx/command_line/fetch_pdb.py", line 199, in <module>
    run2(sys.argv[1:])
  File "/net/cci-filer2/raid1/xp/phenix/phenix-svn/build/../modules/cctbx_project/mmtbx/command_line/fetch_pdb.py", line 155, in run2
    files.append(get_pdb(id, data_type_, mirror, log, format=data_format))
  File "/net/cci-filer2/raid1/xp/phenix/phenix-svn/modules/cctbx_project/iotbx/pdb/fetch.py", line 213, in get_pdb
    data = fetch(id, data_type, mirror=mirror, format=format, log=log)
  File "/net/cci-filer2/raid1/xp/phenix/phenix-svn/modules/cctbx_project/iotbx/pdb/fetch.py", line 150, in fetch
    data = libtbx.utils.urlopen(url)
  File "/net/cci-filer2/raid1/xp/phenix/phenix-svn/modules/cctbx_project/libtbx/utils.py", line 2069, in urlopen
    return urllib2.urlopen(*args, **kwds)
  File "/net/cci-filer2/raid1/xp/phenix/phenix-svn/base/lib/python2.7/urllib2.py", line 127, in urlopen
    return _opener.open(url, data, timeout)
  File "/net/cci-filer2/raid1/xp/phenix/phenix-svn/base/lib/python2.7/urllib2.py", line 404, in open
    response = self._open(req, data)
  File "/net/cci-filer2/raid1/xp/phenix/phenix-svn/base/lib/python2.7/urllib2.py", line 422, in _open
    '_open', req)
  File "/net/cci-filer2/raid1/xp/phenix/phenix-svn/base/lib/python2.7/urllib2.py", line 382, in _call_chain
    result = func(*args)
  File "/net/cci-filer2/raid1/xp/phenix/phenix-svn/base/lib/python2.7/urllib2.py", line 1214, in http_open
    return self.do_open(httplib.HTTPConnection, req)
  File "/net/cci-filer2/raid1/xp/phenix/phenix-svn/base/lib/python2.7/urllib2.py", line 1184, in do_open
    raise URLError(err)
urllib2.URLError: <urlopen error [Errno 110] Connection timed out>

==================================================
Summary of pdb4amber for: 3m1i.pdb
===================================================

----------Chains
The following (original) chains have been found:
A
B
C

---------- Alternate Locations (Original Residues!))

The following residues had alternate locations:
None

---------- Gaps (Renumbered Residues!)
gap of 13.789153 A between GLU 179 and GLN 180

---------- Mising heavy atom(s)

LYS_120 misses 3 heavy atom(s)
GLU_121 misses 4 heavy atom(s)
LYS_127 misses 4 heavy atom(s)
GLN_180 misses 4 heavy atom(s)
ASP_229 misses 3 heavy atom(s)
LYS_231 misses 4 heavy atom(s)
GLU_312 misses 4 heavy atom(s)
LYS_330 misses 4 heavy atom(s)
ASP_418 misses 3 heavy atom(s)
GLU_439 misses 4 heavy atom(s)
LYS_442 misses 4 heavy atom(s)
GLU_569 misses 3 heavy atom(s)
LYS_596 misses 4 heavy atom(s)
GLU_781 misses 4 heavy atom(s)
LYS_837 misses 4 heavy atom(s)
ARG_839 misses 6 heavy atom(s)
LYS_841 misses 4 heavy atom(s)
LYS_844 misses 4 heavy atom(s)
GLU_885 misses 4 heavy atom(s)
ARG_912 misses 6 heavy atom(s)
GLU_977 misses 4 heavy atom(s)
LYS_1051 misses 3 heavy atom(s)
LYS_1081 misses 4 heavy atom(s)
GLN_1279 misses 4 heavy atom(s)
GLU_1349 misses 4 heavy atom(s)
LYS_1351 misses 4 heavy atom(s)
GLU_1352 misses 4 heavy atom(s)
not prmtop_filename /net/lewis/scratch1/nigel/amber/hi_lo/m1/3m1i/4amber_3m1i.prmtop
not prmtop_filename /net/chevy/raid1/nigel/amber/hi_lo/m1/3m1i/4amber_3m1i.prmtop

	Running AmberPrep : 3m1i.pdb


==================================================
Running pdb4amber on 3m1i.pdb
==================================================

==================================================
Setting up library files for non-standard residues
==================================================

==================================================
Running elbow/antechamber for GTP 
==================================================

==================================================
Summary of pdb4amber for: 3m1i_4tleap_uc1.pdb
===================================================

----------Chains
The following (original) chains have been found:
A
B
C

---------- Alternate Locations (Original Residues!))

The following residues had alternate locations:
None

---------- Gaps (Renumbered Residues!)
gap of 13.789153 A between GLU 179 and GLN 180
gap of 13.789153 A between GLU 2313 and GLN 2314
gap of 13.789153 A between GLU 4447 and GLN 4448
gap of 13.789153 A between GLU 6581 and GLN 6582
gap of 13.789153 A between GLU 8715 and GLN 8716
gap of 13.789153 A between GLU 10849 and GLN 10850
gap of 13.789153 A between GLU 12983 and GLN 12984
gap of 13.789153 A between GLU 15117 and GLN 15118

---------- Mising heavy atom(s)

ALA_333 misses 4 heavy atom(s)
ALA_334 misses 5 heavy atom(s)
ALA_335 misses 4 heavy atom(s)
ALA_336 misses 5 heavy atom(s)
ALA_337 misses 4 heavy atom(s)
ALA_338 misses 5 heavy atom(s)
ALA_339 misses 5 heavy atom(s)
ALA_340 misses 5 heavy atom(s)
ALA_341 misses 4 heavy atom(s)
ALA_342 misses 4 heavy atom(s)
ALA_2467 misses 4 heavy atom(s)
ALA_2468 misses 5 heavy atom(s)
ALA_2469 misses 4 heavy atom(s)
ALA_2470 misses 5 heavy atom(s)
ALA_2471 misses 4 heavy atom(s)
ALA_2472 misses 5 heavy atom(s)
ALA_2473 misses 5 heavy atom(s)
ALA_2474 misses 5 heavy atom(s)
ALA_2475 misses 4 heavy atom(s)
ALA_2476 misses 4 heavy atom(s)
ALA_4601 misses 4 heavy atom(s)
ALA_4602 misses 5 heavy atom(s)
ALA_4603 misses 4 heavy atom(s)
ALA_4604 misses 5 heavy atom(s)
ALA_4605 misses 4 heavy atom(s)
ALA_4606 misses 5 heavy atom(s)
ALA_4607 misses 5 heavy atom(s)
ALA_4608 misses 5 heavy atom(s)
ALA_4609 misses 4 heavy atom(s)
ALA_4610 misses 4 heavy atom(s)
ALA_6735 misses 4 heavy atom(s)
ALA_6736 misses 5 heavy atom(s)
ALA_6737 misses 4 heavy atom(s)
ALA_6738 misses 5 heavy atom(s)
ALA_6739 misses 4 heavy atom(s)
ALA_6740 misses 5 heavy atom(s)
ALA_6741 misses 5 heavy atom(s)
ALA_6742 misses 5 heavy atom(s)
ALA_6743 misses 4 heavy atom(s)
ALA_6744 misses 4 heavy atom(s)
ALA_8869 misses 4 heavy atom(s)
ALA_8870 misses 5 heavy atom(s)
ALA_8871 misses 4 heavy atom(s)
ALA_8872 misses 5 heavy atom(s)
ALA_8873 misses 4 heavy atom(s)
ALA_8874 misses 5 heavy atom(s)
ALA_8875 misses 5 heavy atom(s)
ALA_8876 misses 5 heavy atom(s)
ALA_8877 misses 4 heavy atom(s)
ALA_8878 misses 4 heavy atom(s)
ALA_11003 misses 4 heavy atom(s)
ALA_11004 misses 5 heavy atom(s)
ALA_11005 misses 4 heavy atom(s)
ALA_11006 misses 5 heavy atom(s)
ALA_11007 misses 4 heavy atom(s)
ALA_11008 misses 5 heavy atom(s)
ALA_11009 misses 5 heavy atom(s)
ALA_11010 misses 5 heavy atom(s)
ALA_11011 misses 4 heavy atom(s)
ALA_11012 misses 4 heavy atom(s)
ALA_13137 misses 4 heavy atom(s)
ALA_13138 misses 5 heavy atom(s)
ALA_13139 misses 4 heavy atom(s)
ALA_13140 misses 5 heavy atom(s)
ALA_13141 misses 4 heavy atom(s)
ALA_13142 misses 5 heavy atom(s)
ALA_13143 misses 5 heavy atom(s)
ALA_13144 misses 5 heavy atom(s)
ALA_13145 misses 4 heavy atom(s)
ALA_13146 misses 4 heavy atom(s)
ALA_15271 misses 4 heavy atom(s)
ALA_15272 misses 5 heavy atom(s)
ALA_15273 misses 4 heavy atom(s)
ALA_15274 misses 5 heavy atom(s)
ALA_15275 misses 4 heavy atom(s)
ALA_15276 misses 5 heavy atom(s)
ALA_15277 misses 5 heavy atom(s)
ALA_15278 misses 5 heavy atom(s)
ALA_15279 misses 4 heavy atom(s)
ALA_15280 misses 4 heavy atom(s)

MoleculeClass :  C:10  N: 5  O:14  P: 3 (CHEMICAL COMPONENTS format)
	44 atoms
	46 bonds
	80 angles
	108 dihedrals
	2 rings (groups, rings, atoms) 3 16
	4 chirals : R S R R 

~> antechamber -i 4antechamber_GTP.pdb -fi pdb -o GTP.mol2 -fo mol2       -nc -4 -m 1 -s 2 -pf y -c bcc -at gaff2 -ek "qm_theory='AM1',grms_tol=0.0005,scfconv=1.d-10,maxcyc=0,ndiis_attempts=700,"


~> parmchk2 -s 2 -i GTP.mol2 -f mol2 -o GTP.frcmod


==================================================
Preparing asu files and 4phenix_3m1i.pdb
==================================================

~> tleap -f 3m1i_asu_tleap_input_run

Checking output filenames
  file : 3m1i_asu.prmtop
  file : 3m1i_asu.rst7

~> ChBox -c 3m1i_asu.rst7 -o 3m1i_asu.rst7 -X 106.209 -Y 106.209 -Z 303.602 -al 90.0 -bt 90.0 -gm 90.0 


============================================================
Preparing unit cell files: 4amber_3m1i.prmtop and 4amber_3m1i.rst7
============================================================

~> UnitCell -p 3m1i_4UnitCell.pdb -o 3m1i_4tleap_uc1.pdb


~> tleap -f 3m1i_uc_tleap_input_run

Checking output filenames
  file : 3m1i_uc.prmtop
Sorry:   Output file is empty : 3m1i_uc.prmtop
  Check contents of "leap.log"
