HOST lewis.lbl.gov
only_i 155
only_code None
force_amber_prep True
dry_run False
1 1z3z,A,2.900,1zod,A,1.800
2 1psi,A,2.920,3ndd,A,1.500
3 3bpo,A,3.000,3l5w,I,2.000
4 1e6j,P,3.000,3mge,A,1.900
5 1r46,A,3.250,3hg3,A,1.900
6 2j0g,A,2.850,2j1g,A,1.950
7 1nsk,L,2.800,3bbb,A,1.300
8 1t04,B,3.000,1t3f,B,2.000
9 1kiu,B,3.000,1ze3,H,1.840
10 1kv3,A,2.800,2q3z,A,2.000
11 1wqs,A,2.800,2iph,A,1.750
12 3gwp,A,2.900,3i16,A,2.000
13 1c0n,A,2.800,1kmj,A,2.000
14 2r8j,A,3.100,3oha,A,2.000
15 1z5s,C,3.010,2grn,B,1.800
16 3icq,B,3.200,3m1i,A,2.000
17 1nb3,I,2.800,3kfq,C,1.990
18 1otc,A,2.800,2i0q,A,1.910
19 1ue8,A,3.000,3b4x,A,1.940
20 1a4o,A,2.800,2o02,A,1.500
21 1t6i,A,2.810,3g4z,A,1.870
22 1de9,A,3.000,2o3h,A,1.900
23 2j6e,L,3.000,3n9g,L,1.434
24 3hrk,A,3.050,3lc0,A,1.800
25 2ecp,A,2.950,2asv,A,1.950
26 1z8l,A,3.500,2xeg,A,1.590
27 1ere,A,3.100,2r6w,A,2.000
28 1xni,A,2.800,3lh0,A,1.900
29 2pl0,A,2.800,3mpm,A,1.950
30 1pxt,A,2.800,1afw,A,1.800
31 1bmf,A,2.850,2jdi,A,1.900
32 2g3k,A,3.050,2j9u,A,2.000
33 3m9b,A,3.940,3m9h,A,2.000
34 2i0v,A,2.800,3dpk,A,1.950
35 1kiu,A,3.000,3bwu,C,1.760
36 1nys,A,3.050,2h62,D,1.850
37 1rgq,C,2.900,2o8m,C,2.000
38 1fg5,N,2.800,2vs4,A,1.770
39 1sj5,A,2.800,1vjl,A,1.900
40 2f7k,A,2.800,2yxt,A,2.000
41 1yrp,A,3.100,3bqr,A,1.750
42 3a7a,B,3.100,3ab9,A,1.650
43 2vhg,A,2.900,2vjv,A,1.900
44 1blf,A,2.800,3kj7,A,1.910
45 1pma,1,3.400,1yar,H,1.900
46 2bp2,A,3.000,2zp3,A,1.900
47 2oqj,A,2.800,3oaz,K,1.750
48 1fvv,B,2.800,3ddq,B,1.800
49 1qlr,A,2.830,3eo0,A,1.750
50 2fhg,2,3.230,2jay,A,1.990
51 1io4,A,3.000,2e42,A,1.800
52 2i22,A,2.800,2i2w,A,1.950
53 1bot,O,3.050,3ezw,A,2.000
54 1fnt,c,3.200,1yar,O,1.900
55 1htn,A,2.800,1tn3,A,2.000
56 1x75,C,2.800,3hpw,A,1.452
57 1b7b,A,2.800,2we5,A,1.390
58 2not,A,3.000,1ae7,A,2.000
59 1kfl,A,2.800,1n8f,A,1.750
60 2jla,A,2.810,3hww,A,1.950
61 2bct,A,2.900,1i7w,A,2.000
62 2pcb,B,2.800,2b4z,A,1.500
63 1h0y,A,2.800,2bky,A,1.700
64 1bz9,A,2.800,3cc5,A,1.910
65 1mru,A,3.000,3ori,A,2.000
66 1cx2,A,3.000,3nt1,A,1.730
67 1fss,A,3.000,2wfz,A,1.950
68 2onk,E,3.100,3cij,A,1.070
69 3hfm,L,3.000,3d9a,L,1.200
70 2o39,A,2.850,3f0y,A,1.800
71 1aow,A,3.000,2zoc,A,2.000
72 1p7d,A,2.950,2oxo,A,2.000
73 1bzq,K,2.800,2p49,B,1.380
74 1brr,A,2.900,3hap,A,1.600
75 2nty,C,3.100,3bwd,D,1.530
76 1x75,A,2.800,3ku8,A,1.932
77 1nys,B,3.050,2arv,A,2.000
78 2a7r,A,3.000,2c6q,A,1.700
... 155 2a7r
/net/chevy/raid1/nigel/amber/hi_lo
/net/chevy/raid1/nigel/amber/hi_lo/a7/2a7r
2a7r.pdb 4phenix_2a7r.pdb
2a7r.pdb 4phenix_2a7r.pdb
local_archive None
archive PDB None
Reading from local mirror:
  /net/cci/pdb_mirror/pdb/a7/pdb2a7r.ent.gz
Model saved to /net/lewis/raid1/scratch1/nigel/amber/hi_lo/a7/2a7r/2a7r.pdb
Traceback (most recent call last):
  File "/net/cci-filer2/raid1/xp/phenix/phenix-svn/build/../modules/cctbx_project/mmtbx/command_line/fetch_pdb.py", line 199, in <module>
    run2(sys.argv[1:])
  File "/net/cci-filer2/raid1/xp/phenix/phenix-svn/build/../modules/cctbx_project/mmtbx/command_line/fetch_pdb.py", line 155, in run2
    files.append(get_pdb(id, data_type_, mirror, log, format=data_format))
  File "/net/cci-filer2/raid1/xp/phenix/phenix-svn/modules/cctbx_project/iotbx/pdb/fetch.py", line 213, in get_pdb
    data = fetch(id, data_type, mirror=mirror, format=format, log=log)
  File "/net/cci-filer2/raid1/xp/phenix/phenix-svn/modules/cctbx_project/iotbx/pdb/fetch.py", line 150, in fetch
    data = libtbx.utils.urlopen(url)
  File "/net/cci-filer2/raid1/xp/phenix/phenix-svn/modules/cctbx_project/libtbx/utils.py", line 2069, in urlopen
    return urllib2.urlopen(*args, **kwds)
  File "/net/cci-filer2/raid1/xp/phenix/phenix-svn/base/lib/python2.7/urllib2.py", line 127, in urlopen
    return _opener.open(url, data, timeout)
  File "/net/cci-filer2/raid1/xp/phenix/phenix-svn/base/lib/python2.7/urllib2.py", line 404, in open
    response = self._open(req, data)
  File "/net/cci-filer2/raid1/xp/phenix/phenix-svn/base/lib/python2.7/urllib2.py", line 422, in _open
    '_open', req)
  File "/net/cci-filer2/raid1/xp/phenix/phenix-svn/base/lib/python2.7/urllib2.py", line 382, in _call_chain
    result = func(*args)
  File "/net/cci-filer2/raid1/xp/phenix/phenix-svn/base/lib/python2.7/urllib2.py", line 1214, in http_open
    return self.do_open(httplib.HTTPConnection, req)
  File "/net/cci-filer2/raid1/xp/phenix/phenix-svn/base/lib/python2.7/urllib2.py", line 1184, in do_open
    raise URLError(err)
urllib2.URLError: <urlopen error [Errno 110] Connection timed out>

==================================================
Summary of pdb4amber for: 2a7r.pdb
===================================================

----------Chains
The following (original) chains have been found:
A
B
C
D

---------- Alternate Locations (Original Residues!))

The following residues had alternate locations:
None

---------- Gaps (Renumbered Residues!)
gap of 3.531637 A between ARG 624 and SER 625
gap of 14.694285 A between TYR 953 and GLY 954
gap of 7.192562 A between TYR 1269 and GLY 1270

---------- Mising heavy atom(s)

HIS_3 misses 5 heavy atom(s)
LYS_13 misses 4 heavy atom(s)
ARG_21 misses 6 heavy atom(s)
LYS_25 misses 4 heavy atom(s)
SER_26 misses 1 heavy atom(s)
ARG_27 misses 6 heavy atom(s)
GLU_29 misses 4 heavy atom(s)
SER_35 misses 1 heavy atom(s)
LYS_65 misses 4 heavy atom(s)
LYS_69 misses 4 heavy atom(s)
SER_81 misses 1 heavy atom(s)
GLN_91 misses 4 heavy atom(s)
PRO_93 misses 2 heavy atom(s)
SER_107 misses 1 heavy atom(s)
SER_108 misses 1 heavy atom(s)
LYS_124 misses 4 heavy atom(s)
VAL_130 misses 2 heavy atom(s)
SER_135 misses 1 heavy atom(s)
HIS_137 misses 5 heavy atom(s)
GLU_140 misses 4 heavy atom(s)
LYS_143 misses 4 heavy atom(s)
LYS_147 misses 4 heavy atom(s)
SER_171 misses 1 heavy atom(s)
SER_184 misses 1 heavy atom(s)
VAL_185 misses 2 heavy atom(s)
LYS_190 misses 4 heavy atom(s)
LYS_191 misses 4 heavy atom(s)
LYS_213 misses 4 heavy atom(s)
LEU_255 misses 3 heavy atom(s)
ASP_259 misses 3 heavy atom(s)
GLU_272 misses 4 heavy atom(s)
LYS_276 misses 4 heavy atom(s)
LYS_277 misses 4 heavy atom(s)
TYR_278 misses 7 heavy atom(s)
LYS_291 misses 4 heavy atom(s)
VAL_293 misses 2 heavy atom(s)
VAL_295 misses 2 heavy atom(s)
LYS_298 misses 4 heavy atom(s)
LYS_323 misses 4 heavy atom(s)
LYS_325 misses 4 heavy atom(s)
ARG_329 misses 6 heavy atom(s)
ARG_335 misses 6 heavy atom(s)
THR_337 misses 2 heavy atom(s)
GLN_338 misses 4 heavy atom(s)
HIS_341 misses 5 heavy atom(s)
LYS_351 misses 4 heavy atom(s)
LYS_363 misses 4 heavy atom(s)
SER_364 misses 1 heavy atom(s)
ARG_365 misses 6 heavy atom(s)
GLU_367 misses 4 heavy atom(s)
SER_373 misses 1 heavy atom(s)
LYS_403 misses 4 heavy atom(s)
LYS_407 misses 4 heavy atom(s)
LYS_416 misses 4 heavy atom(s)
SER_419 misses 1 heavy atom(s)
GLU_425 misses 4 heavy atom(s)
GLN_429 misses 4 heavy atom(s)
PRO_431 misses 2 heavy atom(s)
SER_445 misses 1 heavy atom(s)
SER_446 misses 1 heavy atom(s)
GLU_449 misses 4 heavy atom(s)
GLN_450 misses 4 heavy atom(s)
GLN_453 misses 4 heavy atom(s)
VAL_468 misses 2 heavy atom(s)
GLU_474 misses 4 heavy atom(s)
LYS_485 misses 4 heavy atom(s)
SER_509 misses 1 heavy atom(s)
SER_522 misses 1 heavy atom(s)
VAL_523 misses 2 heavy atom(s)
LYS_528 misses 4 heavy atom(s)
LYS_529 misses 4 heavy atom(s)
LYS_551 misses 4 heavy atom(s)
GLU_592 misses 4 heavy atom(s)
ILE_594 misses 3 heavy atom(s)
GLU_595 misses 4 heavy atom(s)
LYS_600 misses 4 heavy atom(s)
LEU_603 misses 3 heavy atom(s)
GLU_610 misses 4 heavy atom(s)
LYS_614 misses 4 heavy atom(s)
LYS_615 misses 4 heavy atom(s)
TYR_616 misses 7 heavy atom(s)
LYS_628 misses 4 heavy atom(s)
THR_629 misses 2 heavy atom(s)
VAL_630 misses 2 heavy atom(s)
GLU_631 misses 4 heavy atom(s)
VAL_632 misses 2 heavy atom(s)
THR_674 misses 2 heavy atom(s)
GLN_675 misses 4 heavy atom(s)
HIS_678 misses 5 heavy atom(s)
LYS_688 misses 4 heavy atom(s)
LYS_700 misses 4 heavy atom(s)
SER_701 misses 1 heavy atom(s)
ARG_702 misses 6 heavy atom(s)
GLU_704 misses 4 heavy atom(s)
SER_710 misses 1 heavy atom(s)
LYS_740 misses 4 heavy atom(s)
LYS_744 misses 4 heavy atom(s)
SER_756 misses 1 heavy atom(s)
GLN_761 misses 4 heavy atom(s)
GLU_762 misses 4 heavy atom(s)
GLN_766 misses 4 heavy atom(s)
PRO_768 misses 2 heavy atom(s)
LEU_771 misses 3 heavy atom(s)
SER_782 misses 1 heavy atom(s)
SER_783 misses 1 heavy atom(s)
GLU_786 misses 4 heavy atom(s)
GLN_787 misses 4 heavy atom(s)
GLN_790 misses 4 heavy atom(s)
ILE_795 misses 3 heavy atom(s)
LYS_799 misses 4 heavy atom(s)
VAL_805 misses 2 heavy atom(s)
SER_810 misses 1 heavy atom(s)
HIS_812 misses 5 heavy atom(s)
GLU_815 misses 4 heavy atom(s)
LYS_822 misses 4 heavy atom(s)
SER_859 misses 1 heavy atom(s)
VAL_860 misses 2 heavy atom(s)
LYS_865 misses 4 heavy atom(s)
LYS_888 misses 4 heavy atom(s)
GLU_929 misses 4 heavy atom(s)
LEU_930 misses 3 heavy atom(s)
ILE_931 misses 3 heavy atom(s)
GLU_932 misses 4 heavy atom(s)
LYS_936 misses 4 heavy atom(s)
LYS_937 misses 4 heavy atom(s)
LEU_940 misses 3 heavy atom(s)
GLU_947 misses 4 heavy atom(s)
LYS_951 misses 4 heavy atom(s)
LYS_952 misses 4 heavy atom(s)
TYR_953 misses 7 heavy atom(s)
LYS_955 misses 4 heavy atom(s)
VAL_957 misses 2 heavy atom(s)
VAL_959 misses 2 heavy atom(s)
LYS_987 misses 4 heavy atom(s)
LYS_989 misses 4 heavy atom(s)
ARG_993 misses 6 heavy atom(s)
THR_1001 misses 2 heavy atom(s)
GLN_1002 misses 4 heavy atom(s)
LYS_1015 misses 4 heavy atom(s)
LYS_1027 misses 4 heavy atom(s)
SER_1028 misses 1 heavy atom(s)
ARG_1029 misses 6 heavy atom(s)
GLU_1031 misses 4 heavy atom(s)
SER_1037 misses 1 heavy atom(s)
LYS_1067 misses 4 heavy atom(s)
LYS_1071 misses 4 heavy atom(s)
SER_1083 misses 1 heavy atom(s)
GLN_1093 misses 4 heavy atom(s)
PRO_1095 misses 2 heavy atom(s)
SER_1109 misses 1 heavy atom(s)
SER_1110 misses 1 heavy atom(s)
GLU_1113 misses 4 heavy atom(s)
GLN_1117 misses 4 heavy atom(s)
LYS_1126 misses 4 heavy atom(s)
VAL_1132 misses 2 heavy atom(s)
SER_1137 misses 1 heavy atom(s)
LYS_1145 misses 4 heavy atom(s)
LYS_1149 misses 4 heavy atom(s)
SER_1173 misses 1 heavy atom(s)
VAL_1187 misses 2 heavy atom(s)
LYS_1192 misses 4 heavy atom(s)
LYS_1193 misses 4 heavy atom(s)
LYS_1215 misses 4 heavy atom(s)
LEU_1257 misses 3 heavy atom(s)
ILE_1258 misses 3 heavy atom(s)
GLU_1259 misses 4 heavy atom(s)
ASP_1261 misses 3 heavy atom(s)
LYS_1263 misses 4 heavy atom(s)
LYS_1264 misses 4 heavy atom(s)
LEU_1267 misses 3 heavy atom(s)
TYR_1269 misses 7 heavy atom(s)
LYS_1271 misses 4 heavy atom(s)
THR_1272 misses 2 heavy atom(s)
LYS_1278 misses 4 heavy atom(s)
HIS_1283 misses 5 heavy atom(s)
LYS_1303 misses 4 heavy atom(s)
LYS_1305 misses 4 heavy atom(s)
ARG_1309 misses 6 heavy atom(s)
THR_1317 misses 2 heavy atom(s)
GLN_1318 misses 4 heavy atom(s)
GLN_1319 misses 4 heavy atom(s)

==================================================
Summary of pdb4amber for: 2a7r_4tleap_uc1.pdb
===================================================

----------Chains
The following (original) chains have been found:
A
B
C
D

---------- Alternate Locations (Original Residues!))

The following residues had alternate locations:
None

---------- Gaps (Renumbered Residues!)
gap of 3.531637 A between ARG 624 and SER 625
gap of 14.694285 A between TYR 953 and GLY 954
gap of 7.192562 A between TYR 1269 and GLY 1270
gap of 3.532163 A between ARG 1966 and SER 1967
gap of 14.694655 A between TYR 2295 and GLY 2296
gap of 7.193160 A between TYR 2611 and GLY 2612
gap of 3.531692 A between ARG 3308 and SER 3309
gap of 14.694687 A between TYR 3637 and GLY 3638
gap of 7.193127 A between TYR 3953 and GLY 3954
gap of 3.531692 A between ARG 4650 and SER 4651
gap of 14.694687 A between TYR 4979 and GLY 4980
gap of 7.193127 A between TYR 5295 and GLY 5296
gap of 3.531637 A between ARG 5992 and SER 5993
gap of 14.694285 A between TYR 6321 and GLY 6322

---------- Mising heavy atom(s)

None
not pdb_filename /net/chevy/raid1/nigel/amber/hi_lo/a7/2a7r/4phenix_2a7r.pdb

	Running AmberPrep : 2a7r.pdb


==================================================
Running pdb4amber on 2a7r.pdb
==================================================

==================================================
Setting up library files for non-standard residues
==================================================

  Residue "5GP" already in amber monomer library. Skipping elbow/antechamber
    run for this residue.
        

  Residue "SO4" already in amber monomer library. Skipping elbow/antechamber
    run for this residue.
        

==================================================
Preparing asu files and 4phenix_2a7r.pdb
==================================================

~> tleap -f 2a7r_asu_tleap_input_run

Checking output filenames
  file : 2a7r_asu.prmtop
  file : 2a7r_asu.rst7

~> ChBox -c 2a7r_asu.rst7 -o 2a7r_asu.rst7 -X 110.56 -Y 110.56 -Z 209.75 -al 90.0 -bt 90.0 -gm 120.0 


============================================================
Preparing unit cell files: 4amber_2a7r.prmtop and 4amber_2a7r.rst7
============================================================

~> UnitCell -p 2a7r_4UnitCell.pdb -o 2a7r_4tleap_uc1.pdb


~> tleap -f 2a7r_uc_tleap_input_run

Checking output filenames
  file : 2a7r_uc.prmtop
  file : 2a7r_uc.rst7

~> ChBox -c 2a7r_uc.rst7 -o 2a7r_uc.rst7 -X 110.56 -Y 110.56 -Z 209.75 -al 90.0 -bt 90.0 -gm 120.0 


==================================================
Minimizing input coordinates.
==================================================

~> sander -O -i 2a7r_amber_all.in -p 4amber_2a7r.prmtop -c 4amber_2a7r.rst7 -o 2a7r.min.out            -ref 4amber_2a7r.rst7 -r 4amber_2a7r.min.rst7

checking special positions in 4phenix_2a7r.pdb

==================================================
Done.  Three new files have been made:
      4phenix_2a7r.pdb
      4amber_2a7r.prmtop
      4amber_2a7r.rst7
==================================================

Example

  phenix.refine 4phenix_2a7r.pdb use_amber=True \
    amber.topology_file_name=4amber_2a7r.prmtop \
    amber.coordinate_file_name=4amber_2a7r.rst7 \
    ....(other refinement keywords here).....



Substituting Amber PDB file for downloaded file
run_tests_local.py:220: UserWarning: os.system() is not safe: please use the subprocess module or libtbx.easy_run instead.
  os.system(cmd)

  Amber files
    PDB    : 2a7r.pdb
    MTZ    : 2a7r.mtz
    prmtop : 4amber_2a7r.prmtop
    rst7   : 4amber_2a7r.rst7
  
/net/lewis/raid1/scratch1/nigel/amber/hi_lo/a7/2a7r
return_files 2a7r
/net/chevy/raid1/nigel/amber/hi_lo
4amber_2a7r.pdb
4phenix_2a7r.pdb
cp 4phenix_2a7r.pdb /net/chevy/raid1/nigel/amber/hi_lo/a7/2a7r
2a7r.pdb
cp 2a7r.pdb /net/chevy/raid1/nigel/amber/hi_lo/a7/2a7r
4amber_2a7r.mtz
4phenix_2a7r.mtz
2a7r.mtz
cp 2a7r.mtz /net/chevy/raid1/nigel/amber/hi_lo/a7/2a7r
4amber_2a7r.rst7
cp 4amber_2a7r.rst7 /net/chevy/raid1/nigel/amber/hi_lo/a7/2a7r
4phenix_2a7r.rst7
2a7r.rst7
4amber_2a7r.prmtop
cp 4amber_2a7r.prmtop /net/chevy/raid1/nigel/amber/hi_lo/a7/2a7r
4phenix_2a7r.prmtop
2a7r.prmtop
4amber_2a7r_refine_001.log
4phenix_2a7r_refine_001.log
2a7r_refine_001.log
cp 2a7r_refine_001.log /net/chevy/raid1/nigel/amber/hi_lo/a7/2a7r
4amber_2a7r_refine_002.log
4phenix_2a7r_refine_002.log
2a7r_refine_002.log
cp 2a7r_refine_002.log /net/chevy/raid1/nigel/amber/hi_lo/a7/2a7r
4amber_2a7r_refine_001.pdb
4phenix_2a7r_refine_001.pdb
2a7r_refine_001.pdb
cp 2a7r_refine_001.pdb /net/chevy/raid1/nigel/amber/hi_lo/a7/2a7r
4amber_2a7r_refine_002.pdb
4phenix_2a7r_refine_002.pdb
2a7r_refine_002.pdb
cp 2a7r_refine_002.pdb /net/chevy/raid1/nigel/amber/hi_lo/a7/2a7r
local_archive /net/chevy/raid1/nigel/amber/hi_lo
archive PDB /net/chevy/raid1/nigel/amber/hi_lo/a7/2a7r/2a7r.pdb
/net/lewis/raid1/scratch1/nigel/amber/hi_lo/a7/2a7r
------------------------------
phenix.refine log filename ? > /net/chevy/raid1/nigel/amber/hi_lo/a7/2a7r/2a7r_refine_001.log
------------------------------

	Already done (on chevy) 2a7r_refine_001
------------------------------
phenix.refine log filename ? > /net/chevy/raid1/nigel/amber/hi_lo/a7/2a7r/2a7r_refine_002.log
------------------------------
------------------------------
phenix.refine log filename ? > 2a7r_refine_002.log
------------------------------
Running phenix.refine

phenix.refine 2a7r.pdb 2a7r.mtz c_beta_restraints=False discard_psi_phi=False strategy="*individual_sites individual_sites_real_space rigid_body *individual_adp group_adp tls *occupancies group_anomalous" topology_file_name=/net/chevy/raid1/nigel/amber/hi_lo/a7/2a7r/4amber_2a7r.prmtop amber.coordinate_file_name=/net/chevy/raid1/nigel/amber/hi_lo/a7/2a7r/4amber_2a7r.rst7 use_amber=True refinement.target_weights.optimize_xyz_weight=True refinement.main.number_of_macro_cycles=10 write_geo=False amber.wxc_factor=0.300000 serial=2

