HOST morse.lbl.gov
only_i 235
only_code None
force_amber_prep True
dry_run False
... 235 1baw
/net/chevy/raid1/nigel/amber/hi_lo
/net/chevy/raid1/nigel/amber/hi_lo/ba/1baw
1baw.pdb 4phenix_1baw.pdb
local_archive None
archive PDB None
Reading from local mirror:
  /net/cci/pdb_mirror/pdb/ba/pdb1baw.ent.gz
Model saved to /net/morse/raid1/scratch1/nigel/amber/hi_lo/ba/1baw/1baw.pdb
Sequence saved to /net/morse/raid1/scratch1/nigel/amber/hi_lo/ba/1baw/1baw.fa
Reading from local mirror:
  /net/cci/pdb_mirror/structure_factors/ba/r1bawsf.ent.gz
Structure factors saved to /net/morse/raid1/scratch1/nigel/amber/hi_lo/ba/1baw/1baw-sf.cif
Reading from local mirror:
  /net/cci/pdb_mirror/mmcif/ba/1baw.cif.gz
Model saved to /net/morse/raid1/scratch1/nigel/amber/hi_lo/ba/1baw/1baw.cif
Can't determine output label for r1bawsf,_refln.crystal_id - skipping.
Can't determine output label for r1bawsf,_refln.scale_group_code - skipping.
R-free-flags: fraction_free=0.048
R-free-flags: missing 20 reflections
Can't determine output label for r1bawsf,_refln.wavelength_id - skipping.
Converted structure factors saved to 1baw.mtz
local_archive None
archive PDB None
Reading from local mirror:
  /net/cci/pdb_mirror/pdb/ba/pdb1baw.ent.gz
Model saved to /net/morse/raid1/scratch1/nigel/amber/hi_lo/ba/1baw/1baw.pdb
Sequence saved to /net/morse/raid1/scratch1/nigel/amber/hi_lo/ba/1baw/1baw.fa
Reading from local mirror:
  /net/cci/pdb_mirror/structure_factors/ba/r1bawsf.ent.gz
Structure factors saved to /net/morse/raid1/scratch1/nigel/amber/hi_lo/ba/1baw/1baw-sf.cif
Reading from local mirror:
  /net/cci/pdb_mirror/mmcif/ba/1baw.cif.gz
Model saved to /net/morse/raid1/scratch1/nigel/amber/hi_lo/ba/1baw/1baw.cif
Can't determine output label for r1bawsf,_refln.crystal_id - skipping.
Can't determine output label for r1bawsf,_refln.scale_group_code - skipping.
R-free-flags: fraction_free=0.048
R-free-flags: missing 20 reflections
Can't determine output label for r1bawsf,_refln.wavelength_id - skipping.
Converted structure factors saved to 1baw.mtz

==================================================
Summary of pdb4amber for: 1baw.pdb
===================================================

----------Chains
The following (original) chains have been found:
A
B
C

---------- Alternate Locations (Original Residues!))

The following residues had alternate locations:
None

---------- Mising heavy atom(s)

None

==================================================
Summary of pdb4amber for: 1baw_4tleap_uc1.pdb
===================================================

----------Chains
The following (original) chains have been found:
A
B
C

---------- Alternate Locations (Original Residues!))

The following residues had alternate locations:
None

---------- Mising heavy atom(s)

None
not prmtop_filename /net/morse/scratch1/nigel/amber/hi_lo/ba/1baw/4amber_1baw.prmtop
not prmtop_filename /net/chevy/raid1/nigel/amber/hi_lo/ba/1baw/4amber_1baw.prmtop

	Running AmberPrep : 1baw.pdb


==================================================
Running pdb4amber on 1baw.pdb
==================================================

==================================================
Setting up library files for non-standard residues
==================================================

==================================================
Preparing asu files and 4phenix_1baw.pdb
==================================================

~> tleap -f 1baw_asu_tleap_input_run

Checking output filenames
  file : 1baw_asu.prmtop
  file : 1baw_asu.rst7

~> ChBox -c 1baw_asu.rst7 -o 1baw_asu.rst7 -X 86.57 -Y 86.57 -Z 91.47 -al 90.0 -bt 90.0 -gm 90.0 


============================================================
Preparing unit cell files: 4amber_1baw.prmtop and 4amber_1baw.rst7
============================================================

~> UnitCell -p 1baw_4UnitCell.pdb -o 1baw_4tleap_uc1.pdb


~> tleap -f 1baw_uc_tleap_input_run

Checking output filenames
  file : 1baw_uc.prmtop
  file : 1baw_uc.rst7

~> ChBox -c 1baw_uc.rst7 -o 1baw_uc.rst7 -X 86.57 -Y 86.57 -Z 91.47 -al 90.0 -bt 90.0 -gm 90.0 


==================================================
Minimizing input coordinates.
==================================================

~> sander -O -i 1baw_amber_all.in -p 4amber_1baw.prmtop -c 4amber_1baw.rst7 -o 1baw.min.out            -ref 4amber_1baw.rst7 -r 4amber_1baw.min.rst7

Traceback (most recent call last):
  File "run_tests_local.py", line 323, in <module>
    run(*tuple(args))
  File "run_tests_local.py", line 307, in run
    w2 = run_all_tests(code, force_amber_prep=force_amber_prep)
  File "run_tests_local.py", line 93, in run_all_tests
    "clean=on",
  File "/net/cci-filer2/raid1/xp/phenix/phenix-svn/modules/amber_adaptbx/command_line/AmberPrepClass.py", line 1034, in run
    minimization_options=actions.minimization_options)
  File "/net/cci-filer2/raid1/xp/phenix/phenix-svn/modules/amber_adaptbx/command_line/AmberPrepClass.py", line 685, in run_minimise
    assert (ero.return_code == 0)
AssertionError
