HOST morse.lbl.gov
only_i 379
only_code None
force_amber_prep True
dry_run False
... 379 1rrf
/net/chevy/raid1/nigel/amber/hi_lo
/net/chevy/raid1/nigel/amber/hi_lo/rr/1rrf
1rrf.pdb 4phenix_1rrf.pdb
1rrf.pdb 4phenix_1rrf.pdb
local_archive None
archive PDB None
Reading from local mirror:
  /net/cci/pdb_mirror/pdb/rr/pdb1rrf.ent.gz
Model saved to /net/morse/raid1/scratch1/nigel/amber/hi_lo/rr/1rrf/1rrf.pdb
Sequence saved to /net/morse/raid1/scratch1/nigel/amber/hi_lo/rr/1rrf/1rrf.fa
Reading from local mirror:
  /net/cci/pdb_mirror/structure_factors/rr/r1rrfsf.ent.gz
Structure factors saved to /net/morse/raid1/scratch1/nigel/amber/hi_lo/rr/1rrf/1rrf-sf.cif
Reading from local mirror:
  /net/cci/pdb_mirror/mmcif/rr/1rrf.cif.gz
Model saved to /net/morse/raid1/scratch1/nigel/amber/hi_lo/rr/1rrf/1rrf.cif
Can't determine output label for r1rrfsf,_refln.crystal_id - skipping.
Can't determine output label for r1rrfsf,_refln.scale_group_code - skipping.
Can't determine output label for r1rrfsf,_refln.wavelength_id - skipping.
Converted structure factors saved to 1rrf.mtz
local_archive None
archive PDB None
Reading from local mirror:
  /net/cci/pdb_mirror/pdb/rr/pdb1rrf.ent.gz
Model saved to /net/morse/raid1/scratch1/nigel/amber/hi_lo/rr/1rrf/1rrf.pdb
Sequence saved to /net/morse/raid1/scratch1/nigel/amber/hi_lo/rr/1rrf/1rrf.fa
Reading from local mirror:
  /net/cci/pdb_mirror/structure_factors/rr/r1rrfsf.ent.gz
Structure factors saved to /net/morse/raid1/scratch1/nigel/amber/hi_lo/rr/1rrf/1rrf-sf.cif
Reading from local mirror:
  /net/cci/pdb_mirror/mmcif/rr/1rrf.cif.gz
Model saved to /net/morse/raid1/scratch1/nigel/amber/hi_lo/rr/1rrf/1rrf.cif
Can't determine output label for r1rrfsf,_refln.crystal_id - skipping.
Can't determine output label for r1rrfsf,_refln.scale_group_code - skipping.
Can't determine output label for r1rrfsf,_refln.wavelength_id - skipping.
Converted structure factors saved to 1rrf.mtz

==================================================
Summary of pdb4amber for: 1rrf.pdb
===================================================

----------Chains
The following (original) chains have been found:
A

---------- Alternate Locations (Original Residues!))

The following residues had alternate locations:
None

---------- Gaps (Renumbered Residues!)
gap of 4.559323 A between ARG 78 and PHE 79

---------- Mising heavy atom(s)

ASP_71 misses 4 heavy atom(s)
LYS_72 misses 4 heavy atom(s)
GLN_80 misses 5 heavy atom(s)
ARG_146 misses 6 heavy atom(s)
HIS_147 misses 5 heavy atom(s)
not prmtop_filename /net/morse/scratch1/nigel/amber/hi_lo/rr/1rrf/4amber_1rrf.prmtop

	Running AmberPrep : 1rrf.pdb


==================================================
Running pdb4amber on 1rrf.pdb
==================================================

==================================================
Setting up library files for non-standard residues
==================================================

==================================================
Running elbow/antechamber for GDP 
==================================================

==================================================
Summary of pdb4amber for: 1rrf_4tleap_uc1.pdb
===================================================

----------Chains
The following (original) chains have been found:
A

---------- Alternate Locations (Original Residues!))

The following residues had alternate locations:
None

---------- Gaps (Renumbered Residues!)
gap of 4.559323 A between ARG 78 and PHE 79
gap of 4.559323 A between ARG 255 and PHE 256
gap of 4.559323 A between ARG 432 and PHE 433
gap of 4.559323 A between ARG 609 and PHE 610

---------- Mising heavy atom(s)

None

MoleculeClass :  C:10  N: 5  O:11  P: 2 (CHEMICAL COMPONENTS format)
	40 atoms
	42 bonds
	73 angles
	102 dihedrals
	2 rings (groups, rings, atoms) 3 16
	4 chirals : R S R R 

~> antechamber -i 4antechamber_GDP.pdb -fi pdb -o GDP.mol2 -fo mol2       -nc -3 -m 1 -s 2 -pf y -c bcc -at gaff2 -ek "qm_theory='AM1',grms_tol=0.0005,scfconv=1.d-10,maxcyc=0,ndiis_attempts=700,"


~> parmchk2 -s 2 -i GDP.mol2 -f mol2 -o GDP.frcmod


==================================================
Preparing asu files and 4phenix_1rrf.pdb
==================================================

~> tleap -f 1rrf_asu_tleap_input_run

Checking output filenames
  file : 1rrf_asu.prmtop
  file : 1rrf_asu.rst7

~> ChBox -c 1rrf_asu.rst7 -o 1rrf_asu.rst7 -X 69.7 -Y 45.25 -Z 60.45 -al 90.0 -bt 109.6 -gm 90.0 


============================================================
Preparing unit cell files: 4amber_1rrf.prmtop and 4amber_1rrf.rst7
============================================================

~> UnitCell -p 1rrf_4UnitCell.pdb -o 1rrf_4tleap_uc1.pdb


~> tleap -f 1rrf_uc_tleap_input_run

Checking output filenames
  file : 1rrf_uc.prmtop
  file : 1rrf_uc.rst7

~> ChBox -c 1rrf_uc.rst7 -o 1rrf_uc.rst7 -X 69.7 -Y 45.25 -Z 60.45 -al 90.0 -bt 109.6 -gm 90.0 


==================================================
Minimizing input coordinates.
==================================================

~> sander -O -i 1rrf_amber_all.in -p 4amber_1rrf.prmtop -c 4amber_1rrf.rst7 -o 1rrf.min.out            -ref 4amber_1rrf.rst7 -r 4amber_1rrf.min.rst7

checking special positions in 4phenix_1rrf.pdb

==================================================
Done.  Three new files have been made:
      4phenix_1rrf.pdb
      4amber_1rrf.prmtop
      4amber_1rrf.rst7
==================================================

Example

  phenix.refine 4phenix_1rrf.pdb use_amber=True \
    amber.topology_file_name=4amber_1rrf.prmtop \
    amber.coordinate_file_name=4amber_1rrf.rst7 \
    ....(other refinement keywords here).....



Substituting Amber PDB file for downloaded file
run_tests_local.py:222: UserWarning: os.system() is not safe: please use the subprocess module or libtbx.easy_run instead.
  os.system(cmd)

  Amber files
    PDB    : 1rrf.pdb
    MTZ    : 1rrf.mtz
    prmtop : 4amber_1rrf.prmtop
    rst7   : 4amber_1rrf.rst7
  
/net/morse/raid1/scratch1/nigel/amber/hi_lo/rr/1rrf
return_files 1rrf
/net/chevy/raid1/nigel/amber/hi_lo
4amber_1rrf.pdb
4phenix_1rrf.pdb
cp 4phenix_1rrf.pdb /net/chevy/raid1/nigel/amber/hi_lo/rr/1rrf
1rrf.pdb
cp 1rrf.pdb /net/chevy/raid1/nigel/amber/hi_lo/rr/1rrf
4amber_1rrf.mtz
4phenix_1rrf.mtz
1rrf.mtz
cp 1rrf.mtz /net/chevy/raid1/nigel/amber/hi_lo/rr/1rrf
4amber_1rrf.rst7
cp 4amber_1rrf.rst7 /net/chevy/raid1/nigel/amber/hi_lo/rr/1rrf
4phenix_1rrf.rst7
1rrf.rst7
4amber_1rrf.prmtop
cp 4amber_1rrf.prmtop /net/chevy/raid1/nigel/amber/hi_lo/rr/1rrf
4phenix_1rrf.prmtop
1rrf.prmtop
4amber_1rrf_refine_001.log
4phenix_1rrf_refine_001.log
1rrf_refine_001.log
4amber_1rrf_refine_002.log
4phenix_1rrf_refine_002.log
1rrf_refine_002.log
4amber_1rrf_refine_001.pdb
4phenix_1rrf_refine_001.pdb
1rrf_refine_001.pdb
4amber_1rrf_refine_002.pdb
4phenix_1rrf_refine_002.pdb
1rrf_refine_002.pdb
local_archive /net/chevy/raid1/nigel/amber/hi_lo
archive PDB /net/chevy/raid1/nigel/amber/hi_lo/rr/1rrf/1rrf.pdb
/net/morse/raid1/scratch1/nigel/amber/hi_lo/rr/1rrf
------------------------------
phenix.refine log filename ? > /net/chevy/raid1/nigel/amber/hi_lo/rr/1rrf/1rrf_refine_001.log
------------------------------

	Already done (on chevy) 1rrf_refine_001
------------------------------
phenix.refine log filename ? > /net/chevy/raid1/nigel/amber/hi_lo/rr/1rrf/1rrf_refine_002.log
------------------------------

	Already done (on chevy) 1rrf_refine_002
