HOST rebus.lbl.gov
only_i 133
only_code None
force_amber_prep True
dry_run False
1 1z3z,A,2.900,1zod,A,1.800
2 1psi,A,2.920,3ndd,A,1.500
3 3bpo,A,3.000,3l5w,I,2.000
4 1e6j,P,3.000,3mge,A,1.900
5 1r46,A,3.250,3hg3,A,1.900
6 2j0g,A,2.850,2j1g,A,1.950
7 1nsk,L,2.800,3bbb,A,1.300
8 1t04,B,3.000,1t3f,B,2.000
9 1kiu,B,3.000,1ze3,H,1.840
10 1kv3,A,2.800,2q3z,A,2.000
11 1wqs,A,2.800,2iph,A,1.750
12 3gwp,A,2.900,3i16,A,2.000
13 1c0n,A,2.800,1kmj,A,2.000
14 2r8j,A,3.100,3oha,A,2.000
15 1z5s,C,3.010,2grn,B,1.800
16 3icq,B,3.200,3m1i,A,2.000
17 1nb3,I,2.800,3kfq,C,1.990
18 1otc,A,2.800,2i0q,A,1.910
19 1ue8,A,3.000,3b4x,A,1.940
20 1a4o,A,2.800,2o02,A,1.500
21 1t6i,A,2.810,3g4z,A,1.870
22 1de9,A,3.000,2o3h,A,1.900
23 2j6e,L,3.000,3n9g,L,1.434
24 3hrk,A,3.050,3lc0,A,1.800
25 2ecp,A,2.950,2asv,A,1.950
26 1z8l,A,3.500,2xeg,A,1.590
27 1ere,A,3.100,2r6w,A,2.000
28 1xni,A,2.800,3lh0,A,1.900
29 2pl0,A,2.800,3mpm,A,1.950
30 1pxt,A,2.800,1afw,A,1.800
31 1bmf,A,2.850,2jdi,A,1.900
32 2g3k,A,3.050,2j9u,A,2.000
33 3m9b,A,3.940,3m9h,A,2.000
34 2i0v,A,2.800,3dpk,A,1.950
35 1kiu,A,3.000,3bwu,C,1.760
36 1nys,A,3.050,2h62,D,1.850
37 1rgq,C,2.900,2o8m,C,2.000
38 1fg5,N,2.800,2vs4,A,1.770
39 1sj5,A,2.800,1vjl,A,1.900
40 2f7k,A,2.800,2yxt,A,2.000
41 1yrp,A,3.100,3bqr,A,1.750
42 3a7a,B,3.100,3ab9,A,1.650
43 2vhg,A,2.900,2vjv,A,1.900
44 1blf,A,2.800,3kj7,A,1.910
45 1pma,1,3.400,1yar,H,1.900
46 2bp2,A,3.000,2zp3,A,1.900
47 2oqj,A,2.800,3oaz,K,1.750
48 1fvv,B,2.800,3ddq,B,1.800
49 1qlr,A,2.830,3eo0,A,1.750
50 2fhg,2,3.230,2jay,A,1.990
51 1io4,A,3.000,2e42,A,1.800
52 2i22,A,2.800,2i2w,A,1.950
53 1bot,O,3.050,3ezw,A,2.000
54 1fnt,c,3.200,1yar,O,1.900
55 1htn,A,2.800,1tn3,A,2.000
56 1x75,C,2.800,3hpw,A,1.452
57 1b7b,A,2.800,2we5,A,1.390
58 2not,A,3.000,1ae7,A,2.000
59 1kfl,A,2.800,1n8f,A,1.750
60 2jla,A,2.810,3hww,A,1.950
61 2bct,A,2.900,1i7w,A,2.000
62 2pcb,B,2.800,2b4z,A,1.500
63 1h0y,A,2.800,2bky,A,1.700
64 1bz9,A,2.800,3cc5,A,1.910
65 1mru,A,3.000,3ori,A,2.000
66 1cx2,A,3.000,3nt1,A,1.730
67 1fss,A,3.000,2wfz,A,1.950
... 133 1fss
/net/chevy/raid1/nigel/amber/hi_lo
/net/chevy/raid1/nigel/amber/hi_lo/fs/1fss
1fss.pdb 4phenix_1fss.pdb
local_archive None
archive PDB None
Reading from local mirror:
  /net/cci/pdb_mirror/pdb/fs/pdb1fss.ent.gz
Model saved to /net/rebus/raid1/scratch1/nigel/amber/hi_lo/fs/1fss/1fss.pdb
Sequence saved to /net/rebus/raid1/scratch1/nigel/amber/hi_lo/fs/1fss/1fss.fa
Reading from local mirror:
  /net/cci/pdb_mirror/structure_factors/fs/r1fsssf.ent.gz
Structure factors saved to /net/rebus/raid1/scratch1/nigel/amber/hi_lo/fs/1fss/1fss-sf.cif
Reading from local mirror:
  /net/cci/pdb_mirror/mmcif/fs/1fss.cif.gz
Model saved to /net/rebus/raid1/scratch1/nigel/amber/hi_lo/fs/1fss/1fss.cif
Can't determine output label for r1fsssf,_refln.crystal_id - skipping.
Can't determine output label for r1fsssf,_refln.scale_group_code - skipping.
Can't determine output label for r1fsssf,_refln.wavelength_id - skipping.
Converted structure factors saved to 1fss.mtz
local_archive None
archive PDB None
Reading from local mirror:
  /net/cci/pdb_mirror/pdb/fs/pdb1fss.ent.gz
Model saved to /net/rebus/raid1/scratch1/nigel/amber/hi_lo/fs/1fss/1fss.pdb
Sequence saved to /net/rebus/raid1/scratch1/nigel/amber/hi_lo/fs/1fss/1fss.fa
Reading from local mirror:
  /net/cci/pdb_mirror/structure_factors/fs/r1fsssf.ent.gz
Structure factors saved to /net/rebus/raid1/scratch1/nigel/amber/hi_lo/fs/1fss/1fss-sf.cif
Reading from local mirror:
  /net/cci/pdb_mirror/mmcif/fs/1fss.cif.gz
Model saved to /net/rebus/raid1/scratch1/nigel/amber/hi_lo/fs/1fss/1fss.cif
Can't determine output label for r1fsssf,_refln.crystal_id - skipping.
Can't determine output label for r1fsssf,_refln.scale_group_code - skipping.
Can't determine output label for r1fsssf,_refln.wavelength_id - skipping.
Converted structure factors saved to 1fss.mtz

==================================================
Summary of pdb4amber for: 1fss.pdb
===================================================
REDUCE returned non-zero exit status: See reduce_info.log for more details

----------Chains
The following (original) chains have been found:
A
B

---------- Alternate Locations (Original Residues!))

The following residues had alternate locations:
None

---------- Mising heavy atom(s)

HIS_483 misses 5 heavy atom(s)
SER_484 misses 1 heavy atom(s)
GLN_485 misses 4 heavy atom(s)
GLU_486 misses 4 heavy atom(s)
SER_487 misses 1 heavy atom(s)
LYS_488 misses 4 heavy atom(s)
not prmtop_filename /net/rebus/scratch1/nigel/amber/hi_lo/fs/1fss/4amber_1fss.prmtop
not prmtop_filename /net/chevy/raid1/nigel/amber/hi_lo/fs/1fss/4amber_1fss.prmtop

	Running AmberPrep : 1fss.pdb


==================================================
Running pdb4amber on 1fss.pdb
==================================================

==================================================
Setting up library files for non-standard residues
==================================================

==================================================
Running elbow/antechamber for NAG 
==================================================

==================================================
Summary of pdb4amber for: 1fss_4tleap_uc1.pdb
===================================================

----------Chains
The following (original) chains have been found:
A
B

---------- Alternate Locations (Original Residues!))

The following residues had alternate locations:
None

---------- Mising heavy atom(s)

None

MoleculeClass :  C: 8  N: 1  O: 6 (CHEMICAL COMPONENTS format)
	30 atoms
	30 bonds
	53 angles
	79 dihedrals
	1 rings (groups, rings, atoms) 1 6
	5 chirals : R R R S R 

~> antechamber -i 4antechamber_NAG.pdb -fi pdb -o NAG.mol2 -fo mol2       -nc 0 -m 1 -s 2 -pf y -c bcc -at gaff2 -ek "qm_theory='AM1', grms_tol=0.0005, scfconv=1.d-10, maxcyc=0, ndiis_attempts=700,"


~> parmchk2 -s 2 -i NAG.mol2 -f mol2 -o NAG.frcmod


==================================================
Preparing asu files and 4phenix_1fss.pdb
==================================================

~> tleap -f 1fss_asu_tleap_input_run

Checking output filenames
  file : 1fss_asu.prmtop
  file : 1fss_asu.rst7

~> ChBox -c 1fss_asu.rst7 -o 1fss_asu.rst7 -X 87.39 -Y 115.0 -Z 67.47 -al 90.0 -bt 90.0 -gm 90.0 


============================================================
Preparing unit cell files: 4amber_1fss.prmtop and 4amber_1fss.rst7
============================================================

~> UnitCell -p 1fss_4UnitCell.pdb -o 1fss_4tleap_uc1.pdb


~> tleap -f 1fss_uc_tleap_input_run

Checking output filenames
  file : 1fss_uc.prmtop
  file : 1fss_uc.rst7

~> ChBox -c 1fss_uc.rst7 -o 1fss_uc.rst7 -X 87.39 -Y 115.0 -Z 67.47 -al 90.0 -bt 90.0 -gm 90.0 


==================================================
Minimizing input coordinates.
==================================================

~> sander -O -i 1fss_amber_all.in -p 4amber_1fss.prmtop -c 4amber_1fss.rst7 -o 1fss.min.out            -ref 4amber_1fss.rst7 -r 4amber_1fss.min.rst7

Traceback (most recent call last):
  File "run_tests_local.py", line 321, in <module>
    run(*tuple(args))
  File "run_tests_local.py", line 305, in run
    w2 = run_all_tests(code, force_amber_prep=force_amber_prep)
  File "run_tests_local.py", line 93, in run_all_tests
    "clean=on",
  File "/net/cci-filer2/raid1/xp/phenix/phenix-svn/modules/amber_adaptbx/command_line/AmberPrepClass.py", line 1034, in run
    minimization_options=actions.minimization_options)
  File "/net/cci-filer2/raid1/xp/phenix/phenix-svn/modules/amber_adaptbx/command_line/AmberPrepClass.py", line 685, in run_minimise
    assert (ero.return_code == 0)
AssertionError
