HOST morse.lbl.gov
only_i 67
only_code None
force_amber_prep True
dry_run False
... 67 2i0v
/net/chevy/raid1/nigel/amber/hi_lo
/net/chevy/raid1/nigel/amber/hi_lo/i0/2i0v
2i0v.pdb 4phenix_2i0v.pdb
2i0v.pdb 4phenix_2i0v.pdb
local_archive None
archive PDB None
Reading from local mirror:
  /net/cci/pdb_mirror/pdb/i0/pdb2i0v.ent.gz
Model saved to /net/morse/raid1/scratch1/nigel/amber/hi_lo/i0/2i0v/2i0v.pdb
Sequence saved to /net/morse/raid1/scratch1/nigel/amber/hi_lo/i0/2i0v/2i0v.fa
Reading from local mirror:
  /net/cci/pdb_mirror/structure_factors/i0/r2i0vsf.ent.gz
Structure factors saved to /net/morse/raid1/scratch1/nigel/amber/hi_lo/i0/2i0v/2i0v-sf.cif
Reading from local mirror:
  /net/cci/pdb_mirror/mmcif/i0/2i0v.cif.gz
Model saved to /net/morse/raid1/scratch1/nigel/amber/hi_lo/i0/2i0v/2i0v.cif
Can't determine output label for r2i0vsf,_refln.crystal_id - skipping.
Can't determine output label for r2i0vsf,_refln.scale_group_code - skipping.
R-free-flags: fraction_free=0.103
R-free-flags: missing 1104 reflections
Can't determine output label for r2i0vsf,_refln.wavelength_id - skipping.
Converted structure factors saved to 2i0v.mtz
local_archive None
archive PDB None
Reading from local mirror:
  /net/cci/pdb_mirror/pdb/i0/pdb2i0v.ent.gz
Model saved to /net/morse/raid1/scratch1/nigel/amber/hi_lo/i0/2i0v/2i0v.pdb
Sequence saved to /net/morse/raid1/scratch1/nigel/amber/hi_lo/i0/2i0v/2i0v.fa
Reading from local mirror:
  /net/cci/pdb_mirror/structure_factors/i0/r2i0vsf.ent.gz
Structure factors saved to /net/morse/raid1/scratch1/nigel/amber/hi_lo/i0/2i0v/2i0v-sf.cif
Reading from local mirror:
  /net/cci/pdb_mirror/mmcif/i0/2i0v.cif.gz
Model saved to /net/morse/raid1/scratch1/nigel/amber/hi_lo/i0/2i0v/2i0v.cif
Can't determine output label for r2i0vsf,_refln.crystal_id - skipping.
Can't determine output label for r2i0vsf,_refln.scale_group_code - skipping.
R-free-flags: fraction_free=0.103
R-free-flags: missing 1104 reflections
Can't determine output label for r2i0vsf,_refln.wavelength_id - skipping.
Converted structure factors saved to 2i0v.mtz

==================================================
Summary of pdb4amber for: 2i0v.pdb
===================================================
REDUCE returned non-zero exit status: See reduce_info.log for more details

----------Chains
The following (original) chains have been found:
A

---------- Alternate Locations (Original Residues!))

The following residues had alternate locations:
None

---------- Gaps (Renumbered Residues!)
gap of 7.541967 A between ARG 136 and GLN 137
gap of 4.692992 A between GLY 201 and ALA 202

---------- Mising heavy atom(s)

GLU_303 misses 4 heavy atom(s)

==================================================
Summary of pdb4amber for: 2i0v_4tleap_uc1.pdb
===================================================

----------Chains
The following (original) chains have been found:
A

---------- Alternate Locations (Original Residues!))

The following residues had alternate locations:
None

---------- Gaps (Renumbered Residues!)
gap of 7.541967 A between ARG 136 and GLN 137
gap of 4.692992 A between GLY 201 and ALA 202
gap of 7.541695 A between ARG 467 and GLN 468
gap of 4.692749 A between GLY 532 and ALA 533
gap of 7.541611 A between ARG 798 and GLN 799
gap of 4.692693 A between GLY 863 and ALA 864
gap of 7.542311 A between ARG 1129 and GLN 1130
gap of 4.692227 A between GLY 1194 and ALA 1195
gap of 7.541787 A between ARG 1460 and GLN 1461
gap of 4.693453 A between GLY 1525 and ALA 1526
gap of 7.542192 A between ARG 1791 and GLN 1792
gap of 4.692693 A between GLY 1856 and ALA 1857
gap of 7.541967 A between ARG 2122 and GLN 2123
gap of 4.692992 A between GLY 2187 and ALA 2188
gap of 7.542145 A between ARG 2453 and GLN 2454
gap of 4.693453 A between GLY 2518 and ALA 2519
gap of 7.541756 A between ARG 2784 and GLN 2785
gap of 4.692693 A between GLY 2849 and ALA 2850

---------- Mising heavy atom(s)

None
not prmtop_filename /net/morse/scratch1/nigel/amber/hi_lo/i0/2i0v/4amber_2i0v.prmtop

	Running AmberPrep : 2i0v.pdb


==================================================
Running pdb4amber on 2i0v.pdb
==================================================

==================================================
Setting up library files for non-standard residues
==================================================

  Residue "6C3" already in amber monomer library. Skipping elbow/antechamber
    run for this residue.
        

  Residue "SO4" already in amber monomer library. Skipping elbow/antechamber
    run for this residue.
        

==================================================
Preparing asu files and 4phenix_2i0v.pdb
==================================================

~> tleap -f 2i0v_asu_tleap_input_run

Checking output filenames
  file : 2i0v_asu.prmtop
  file : 2i0v_asu.rst7

~> ChBox -c 2i0v_asu.rst7 -o 2i0v_asu.rst7 -X 82.199 -Y 82.199 -Z 143.3 -al 90.0 -bt 90.0 -gm 120.0 


============================================================
Preparing unit cell files: 4amber_2i0v.prmtop and 4amber_2i0v.rst7
============================================================

~> UnitCell -p 2i0v_4UnitCell.pdb -o 2i0v_4tleap_uc1.pdb


~> tleap -f 2i0v_uc_tleap_input_run

Checking output filenames
  file : 2i0v_uc.prmtop
  file : 2i0v_uc.rst7

~> ChBox -c 2i0v_uc.rst7 -o 2i0v_uc.rst7 -X 82.199 -Y 82.199 -Z 143.3 -al 90.0 -bt 90.0 -gm 120.0 


==================================================
Minimizing input coordinates.
==================================================

~> sander -O -i 2i0v_amber_all.in -p 4amber_2i0v.prmtop -c 4amber_2i0v.rst7 -o 2i0v.min.out            -ref 4amber_2i0v.rst7 -r 4amber_2i0v.min.rst7

checking special positions in 4phenix_2i0v.pdb

==================================================
Done.  Three new files have been made:
      4phenix_2i0v.pdb
      4amber_2i0v.prmtop
      4amber_2i0v.rst7
==================================================

Example

  phenix.refine 4phenix_2i0v.pdb use_amber=True \
    amber.topology_file_name=4amber_2i0v.prmtop \
    amber.coordinate_file_name=4amber_2i0v.rst7 \
    ....(other refinement keywords here).....



Substituting Amber PDB file for downloaded file
run_tests_local.py:222: UserWarning: os.system() is not safe: please use the subprocess module or libtbx.easy_run instead.
  os.system(cmd)

  Amber files
    PDB    : 2i0v.pdb
    MTZ    : 2i0v.mtz
    prmtop : 4amber_2i0v.prmtop
    rst7   : 4amber_2i0v.rst7
  
/net/morse/raid1/scratch1/nigel/amber/hi_lo/i0/2i0v
return_files 2i0v
/net/chevy/raid1/nigel/amber/hi_lo
4amber_2i0v.pdb
4phenix_2i0v.pdb
cp 4phenix_2i0v.pdb /net/chevy/raid1/nigel/amber/hi_lo/i0/2i0v
2i0v.pdb
cp 2i0v.pdb /net/chevy/raid1/nigel/amber/hi_lo/i0/2i0v
4amber_2i0v.mtz
4phenix_2i0v.mtz
2i0v.mtz
cp 2i0v.mtz /net/chevy/raid1/nigel/amber/hi_lo/i0/2i0v
4amber_2i0v.rst7
cp 4amber_2i0v.rst7 /net/chevy/raid1/nigel/amber/hi_lo/i0/2i0v
4phenix_2i0v.rst7
2i0v.rst7
4amber_2i0v.prmtop
cp 4amber_2i0v.prmtop /net/chevy/raid1/nigel/amber/hi_lo/i0/2i0v
4phenix_2i0v.prmtop
2i0v.prmtop
4amber_2i0v_refine_001.log
4phenix_2i0v_refine_001.log
2i0v_refine_001.log
4amber_2i0v_refine_002.log
4phenix_2i0v_refine_002.log
2i0v_refine_002.log
4amber_2i0v_refine_001.pdb
4phenix_2i0v_refine_001.pdb
2i0v_refine_001.pdb
4amber_2i0v_refine_002.pdb
4phenix_2i0v_refine_002.pdb
2i0v_refine_002.pdb
local_archive /net/chevy/raid1/nigel/amber/hi_lo
archive PDB /net/chevy/raid1/nigel/amber/hi_lo/i0/2i0v/2i0v.pdb
/net/morse/raid1/scratch1/nigel/amber/hi_lo/i0/2i0v
------------------------------
phenix.refine log filename ? > /net/chevy/raid1/nigel/amber/hi_lo/i0/2i0v/2i0v_refine_001.log
------------------------------

	Already done (on chevy) 2i0v_refine_001
------------------------------
phenix.refine log filename ? > /net/chevy/raid1/nigel/amber/hi_lo/i0/2i0v/2i0v_refine_002.log
------------------------------

	Already done (on chevy) 2i0v_refine_002
