HOST lewis.lbl.gov
only_i 151
only_code None
force_amber_prep True
dry_run False
1 1z3z,A,2.900,1zod,A,1.800
2 1psi,A,2.920,3ndd,A,1.500
3 3bpo,A,3.000,3l5w,I,2.000
4 1e6j,P,3.000,3mge,A,1.900
5 1r46,A,3.250,3hg3,A,1.900
6 2j0g,A,2.850,2j1g,A,1.950
7 1nsk,L,2.800,3bbb,A,1.300
8 1t04,B,3.000,1t3f,B,2.000
9 1kiu,B,3.000,1ze3,H,1.840
10 1kv3,A,2.800,2q3z,A,2.000
11 1wqs,A,2.800,2iph,A,1.750
12 3gwp,A,2.900,3i16,A,2.000
13 1c0n,A,2.800,1kmj,A,2.000
14 2r8j,A,3.100,3oha,A,2.000
15 1z5s,C,3.010,2grn,B,1.800
16 3icq,B,3.200,3m1i,A,2.000
17 1nb3,I,2.800,3kfq,C,1.990
18 1otc,A,2.800,2i0q,A,1.910
19 1ue8,A,3.000,3b4x,A,1.940
20 1a4o,A,2.800,2o02,A,1.500
21 1t6i,A,2.810,3g4z,A,1.870
22 1de9,A,3.000,2o3h,A,1.900
23 2j6e,L,3.000,3n9g,L,1.434
24 3hrk,A,3.050,3lc0,A,1.800
25 2ecp,A,2.950,2asv,A,1.950
26 1z8l,A,3.500,2xeg,A,1.590
27 1ere,A,3.100,2r6w,A,2.000
28 1xni,A,2.800,3lh0,A,1.900
29 2pl0,A,2.800,3mpm,A,1.950
30 1pxt,A,2.800,1afw,A,1.800
31 1bmf,A,2.850,2jdi,A,1.900
32 2g3k,A,3.050,2j9u,A,2.000
33 3m9b,A,3.940,3m9h,A,2.000
34 2i0v,A,2.800,3dpk,A,1.950
35 1kiu,A,3.000,3bwu,C,1.760
36 1nys,A,3.050,2h62,D,1.850
37 1rgq,C,2.900,2o8m,C,2.000
38 1fg5,N,2.800,2vs4,A,1.770
39 1sj5,A,2.800,1vjl,A,1.900
40 2f7k,A,2.800,2yxt,A,2.000
41 1yrp,A,3.100,3bqr,A,1.750
42 3a7a,B,3.100,3ab9,A,1.650
43 2vhg,A,2.900,2vjv,A,1.900
44 1blf,A,2.800,3kj7,A,1.910
45 1pma,1,3.400,1yar,H,1.900
46 2bp2,A,3.000,2zp3,A,1.900
47 2oqj,A,2.800,3oaz,K,1.750
48 1fvv,B,2.800,3ddq,B,1.800
49 1qlr,A,2.830,3eo0,A,1.750
50 2fhg,2,3.230,2jay,A,1.990
51 1io4,A,3.000,2e42,A,1.800
52 2i22,A,2.800,2i2w,A,1.950
53 1bot,O,3.050,3ezw,A,2.000
54 1fnt,c,3.200,1yar,O,1.900
55 1htn,A,2.800,1tn3,A,2.000
56 1x75,C,2.800,3hpw,A,1.452
57 1b7b,A,2.800,2we5,A,1.390
58 2not,A,3.000,1ae7,A,2.000
59 1kfl,A,2.800,1n8f,A,1.750
60 2jla,A,2.810,3hww,A,1.950
61 2bct,A,2.900,1i7w,A,2.000
62 2pcb,B,2.800,2b4z,A,1.500
63 1h0y,A,2.800,2bky,A,1.700
64 1bz9,A,2.800,3cc5,A,1.910
65 1mru,A,3.000,3ori,A,2.000
66 1cx2,A,3.000,3nt1,A,1.730
67 1fss,A,3.000,2wfz,A,1.950
68 2onk,E,3.100,3cij,A,1.070
69 3hfm,L,3.000,3d9a,L,1.200
70 2o39,A,2.850,3f0y,A,1.800
71 1aow,A,3.000,2zoc,A,2.000
72 1p7d,A,2.950,2oxo,A,2.000
73 1bzq,K,2.800,2p49,B,1.380
74 1brr,A,2.900,3hap,A,1.600
75 2nty,C,3.100,3bwd,D,1.530
76 1x75,A,2.800,3ku8,A,1.932
... 151 1x75
/net/chevy/raid1/nigel/amber/hi_lo
/net/chevy/raid1/nigel/amber/hi_lo/x7/1x75
1x75.pdb 4phenix_1x75.pdb
local_archive None
archive PDB None
Reading from local mirror:
  /net/cci/pdb_mirror/pdb/x7/pdb1x75.ent.gz
Model saved to /net/lewis/raid1/scratch1/nigel/amber/hi_lo/x7/1x75/1x75.pdb
Traceback (most recent call last):
  File "/net/cci-filer2/raid1/xp/phenix/phenix-svn/build/../modules/cctbx_project/mmtbx/command_line/fetch_pdb.py", line 199, in <module>
    run2(sys.argv[1:])
  File "/net/cci-filer2/raid1/xp/phenix/phenix-svn/build/../modules/cctbx_project/mmtbx/command_line/fetch_pdb.py", line 155, in run2
    files.append(get_pdb(id, data_type_, mirror, log, format=data_format))
  File "/net/cci-filer2/raid1/xp/phenix/phenix-svn/modules/cctbx_project/iotbx/pdb/fetch.py", line 213, in get_pdb
    data = fetch(id, data_type, mirror=mirror, format=format, log=log)
  File "/net/cci-filer2/raid1/xp/phenix/phenix-svn/modules/cctbx_project/iotbx/pdb/fetch.py", line 150, in fetch
    data = libtbx.utils.urlopen(url)
  File "/net/cci-filer2/raid1/xp/phenix/phenix-svn/modules/cctbx_project/libtbx/utils.py", line 2069, in urlopen
    return urllib2.urlopen(*args, **kwds)
  File "/net/cci-filer2/raid1/xp/phenix/phenix-svn/base/lib/python2.7/urllib2.py", line 127, in urlopen
    return _opener.open(url, data, timeout)
  File "/net/cci-filer2/raid1/xp/phenix/phenix-svn/base/lib/python2.7/urllib2.py", line 404, in open
    response = self._open(req, data)
  File "/net/cci-filer2/raid1/xp/phenix/phenix-svn/base/lib/python2.7/urllib2.py", line 422, in _open
    '_open', req)
  File "/net/cci-filer2/raid1/xp/phenix/phenix-svn/base/lib/python2.7/urllib2.py", line 382, in _call_chain
    result = func(*args)
  File "/net/cci-filer2/raid1/xp/phenix/phenix-svn/base/lib/python2.7/urllib2.py", line 1214, in http_open
    return self.do_open(httplib.HTTPConnection, req)
  File "/net/cci-filer2/raid1/xp/phenix/phenix-svn/base/lib/python2.7/urllib2.py", line 1184, in do_open
    raise URLError(err)
urllib2.URLError: <urlopen error [Errno 110] Connection timed out>

==================================================
Summary of pdb4amber for: 1x75.pdb
===================================================

----------Chains
The following (original) chains have been found:
A
B
C
D

---------- Alternate Locations (Original Residues!))

The following residues had alternate locations:
ARG_96
ARG_225

---------- Gaps (Renumbered Residues!)
gap of 3.283948 A between ASN 56 and ALA 58
gap of 3.390600 A between VAL 57 and ALA 59
gap of 3.320664 A between ALA 58 and MET 60
gap of 3.217269 A between ALA 59 and LEU 61
gap of 2.819391 A between MET 60 and GLU 62
gap of 6.654171 A between LEU 61 and ASP 63
gap of 5.473735 A between GLU 62 and ASP 64
gap of 3.352404 A between ASP 63 and ALA 65
gap of 3.821111 A between ASP 64 and ALA 66
gap of 3.081410 A between ALA 65 and ARG 67
gap of 4.089563 A between ALA 66 and PRO 68
gap of 4.000861 A between ARG 67 and GLU 69
gap of 2.909945 A between PRO 68 and TRP 70
gap of 3.399155 A between GLU 69 and LEU 71
gap of 3.587942 A between TRP 70 and GLU 72
gap of 3.992043 A between LEU 71 and PRO 73
gap of 3.133611 A between GLU 72 and GLU 74
gap of 3.202567 A between PRO 73 and PHE 75
gap of 4.500920 A between GLU 74 and GLY 76
gap of 4.347806 A between PHE 75 and VAL 77
gap of 3.592123 A between GLY 76 and ARG 78
gap of 3.931154 A between VAL 77 and ASP 79
gap of 3.830512 A between ARG 78 and GLY 80
gap of 2.971521 A between ASP 79 and LEU 81
gap of 4.434219 A between GLY 80 and TYR 82
gap of 4.151673 A between LEU 81 and TYR 83
gap of 3.925167 A between TYR 82 and LEU 84
gap of 4.126422 A between TYR 83 and THR 85
gap of 4.224575 A between LEU 84 and GLU 86
gap of 3.151770 A between THR 85 and GLN 87
gap of 3.277265 A between GLU 86 and GLN 88
gap of 3.393862 A between GLN 87 and ALA 89
gap of 3.105992 A between GLN 88 and GLN 90
gap of 3.272181 A between ALA 89 and ALA 91
gap of 3.179115 A between GLN 90 and ILE 92
gap of 3.259523 A between ALA 91 and LEU 93
gap of 3.186492 A between ILE 92 and ASP 94
gap of 3.289240 A between LEU 93 and LEU 95
gap of 3.953814 A between ASP 94 and ARG 96
gap of 4.001903 A between LEU 95 and LEU 97
gap of 3.094000 A between ARG 96 and GLN 98
gap of 2.943629 A between LEU 97 and LYS 99
gap of 2.880898 A between GLN 98 and LEU 100
gap of 3.312283 A between LYS 99 and THR 101
gap of 4.074407 A between LEU 100 and GLY 102
gap of 3.593100 A between THR 101 and LEU 103
gap of 3.070003 A between GLY 102 and GLU 104
gap of 3.380827 A between LEU 103 and HIE 105
gap of 3.201705 A between GLU 104 and GLU 106
gap of 3.391636 A between HIE 105 and LYS 107
gap of 3.055338 A between GLU 106 and LEU 108
gap of 3.522832 A between LYS 107 and LEU 109
gap of 3.027897 A between LEU 108 and ASP 110
gap of 3.494879 A between LEU 109 and GLU 111
gap of 3.210911 A between ASP 110 and TYR 112
gap of 3.241996 A between GLU 111 and LYS 113
gap of 3.244173 A between TYR 112 and GLU 114
gap of 3.324421 A between LYS 113 and LEU 115
gap of 3.222440 A between GLU 114 and LEU 116
gap of 3.045172 A between LEU 115 and ASP 117
gap of 3.452378 A between LEU 116 and GLN 118
gap of 3.318030 A between ASP 117 and ILE 119
gap of 2.957936 A between GLN 118 and ALA 120
gap of 3.542539 A between ILE 119 and GLU 121
gap of 3.264391 A between ALA 120 and LEU 122
gap of 3.004919 A between GLU 121 and LEU 123
gap of 3.583978 A between LEU 122 and ARG 124
gap of 2.969498 A between LEU 123 and ILE 125
gap of 3.179061 A between ARG 124 and LEU 126
gap of 3.458101 A between ILE 125 and GLY 127
gap of 3.542481 A between LEU 126 and SER 128
gap of 74.552013 A between SER 128 and ARG 130
gap of 3.015624 A between THR 129 and ARG 131
gap of 2.992020 A between ARG 130 and THR 132
gap of 3.560070 A between ARG 131 and ILE 133
gap of 3.161567 A between THR 132 and PHE 134
gap of 3.136758 A between ILE 133 and GLU 135
gap of 3.321787 A between PHE 134 and LEU 136
gap of 3.446666 A between GLU 135 and ARG 137
gap of 3.171285 A between LEU 136 and LYS 138
gap of 3.421786 A between ARG 137 and ALA 139
gap of 3.337127 A between LYS 138 and ARG 140
gap of 3.358100 A between ALA 139 and ASP 141
gap of 3.232377 A between ARG 140 and ARG 142
gap of 3.411302 A between ASP 141 and ALA 143
gap of 3.140754 A between ARG 142 and HIE 144
gap of 3.204360 A between ALA 143 and ILE 145
gap of 3.319904 A between HIE 144 and LEU 146
gap of 3.203494 A between ILE 145 and GLU 147
gap of 3.377832 A between LEU 146 and ALA 148
gap of 2.995248 A between GLU 147 and LEU 149
gap of 3.357545 A between ALA 148 and ALA 150
gap of 3.194182 A between LEU 149 and VAL 151
gap of 3.346988 A between ALA 150 and ALA 152
gap of 3.208314 A between VAL 151 and LEU 153
gap of 3.204882 A between ALA 152 and ALA 154
gap of 3.125935 A between LEU 153 and ASN 155
gap of 3.930912 A between ALA 154 and ILE 156
gap of 3.448948 A between ASN 155 and ASP 157
gap of 3.283869 A between ILE 156 and PRO 158
gap of 3.294308 A between ASP 157 and ILE 159
gap of 3.328454 A between PRO 158 and ILE 160
gap of 3.220262 A between ILE 159 and GLU 161
gap of 3.160273 A between ILE 160 and LEU 162
gap of 3.328087 A between GLU 161 and ILE 163
gap of 3.485477 A between LEU 162 and ARG 164
gap of 2.906740 A between ILE 163 and HID 165
gap of 3.650083 A between ARG 164 and ALA 166
gap of 3.905466 A between HID 165 and PRO 167
gap of 3.206672 A between ALA 166 and THR 168
gap of 4.628445 A between PRO 167 and PRO 169
gap of 3.188878 A between THR 168 and ALA 170
gap of 3.126998 A between PRO 169 and GLU 171
gap of 3.358055 A between ALA 170 and ALA 172
gap of 3.068688 A between GLU 171 and LYS 173
gap of 3.324959 A between ALA 172 and THR 174
gap of 3.344821 A between LYS 173 and ALA 175
gap of 3.159156 A between THR 174 and LEU 176
gap of 3.433784 A between ALA 175 and VAL 177
gap of 3.320119 A between LEU 176 and ALA 178
gap of 3.467690 A between VAL 177 and ASN 179
gap of 4.193310 A between ALA 178 and PRO 180
gap of 4.334621 A between ASN 179 and TRP 181
gap of 4.425519 A between PRO 180 and GLN 182
gap of 3.780955 A between TRP 181 and LEU 183
gap of 3.339702 A between GLN 182 and GLY 184
gap of 4.328117 A between LEU 183 and ASN 185
gap of 2.762322 A between GLY 184 and VAL 186
gap of 3.324963 A between ASN 185 and ALA 187
gap of 3.290488 A between VAL 186 and ALA 188
gap of 3.107535 A between ALA 187 and MET 189
gap of 3.319682 A between ALA 188 and LEU 190
gap of 3.429756 A between MET 189 and GLU 191
gap of 8.958673 A between LEU 190 and ASP 192
gap of 6.664253 A between GLU 191 and ASP 193
gap of 4.230096 A between ASP 192 and ALA 194
gap of 3.803731 A between ASP 193 and ALA 195
gap of 3.052297 A between ALA 194 and ARG 196
gap of 4.081288 A between ALA 195 and PRO 197
gap of 4.011886 A between ARG 196 and GLU 198
gap of 2.888780 A between PRO 197 and TRP 199
gap of 3.453145 A between GLU 198 and LEU 200
gap of 3.801713 A between TRP 199 and GLU 201
gap of 4.130935 A between LEU 200 and PRO 202
gap of 3.180546 A between GLU 201 and GLU 203
gap of 3.041415 A between PRO 202 and PHE 204
gap of 4.555887 A between GLU 203 and GLY 205
gap of 4.299211 A between PHE 204 and VAL 206
gap of 3.639277 A between GLY 205 and ARG 207
gap of 4.041550 A between VAL 206 and ASP 208
gap of 3.754875 A between ARG 207 and GLY 209
gap of 2.979300 A between ASP 208 and LEU 210
gap of 4.448384 A between GLY 209 and TYR 211
gap of 4.126568 A between LEU 210 and TYR 212
gap of 3.930527 A between TYR 211 and LEU 213
gap of 4.168351 A between TYR 212 and THR 214
gap of 4.239560 A between LEU 213 and GLU 215
gap of 3.061236 A between THR 214 and GLN 216
gap of 3.385697 A between GLU 215 and GLN 217
gap of 3.357125 A between GLN 216 and ALA 218
gap of 3.116435 A between GLN 217 and GLN 219
gap of 3.285728 A between ALA 218 and ALA 220
gap of 3.164716 A between GLN 219 and ILE 221
gap of 3.251055 A between ALA 220 and LEU 222
gap of 3.185393 A between ILE 221 and ASP 223
gap of 3.252439 A between LEU 222 and LEU 224
gap of 3.945083 A between ASP 223 and ARG 225
gap of 4.053887 A between LEU 224 and LEU 226
gap of 3.172611 A between ARG 225 and GLN 227
gap of 2.943319 A between LEU 226 and LYS 228
gap of 2.873132 A between GLN 227 and LEU 229
gap of 3.394121 A between LYS 228 and THR 230
gap of 4.090456 A between LEU 229 and GLY 231
gap of 3.585993 A between THR 230 and LEU 232
gap of 3.129227 A between GLY 231 and GLU 233
gap of 3.334333 A between LEU 232 and HIE 234
gap of 3.218718 A between GLU 233 and GLU 235
gap of 3.382933 A between HIE 234 and LYS 236
gap of 3.144776 A between GLU 235 and LEU 237
gap of 3.442351 A between LYS 236 and LEU 238
gap of 3.056222 A between LEU 237 and ASP 239
gap of 3.485819 A between LEU 238 and GLU 240
gap of 3.197502 A between ASP 239 and TYR 241
gap of 3.221438 A between GLU 240 and LYS 242
gap of 3.224996 A between TYR 241 and GLU 243
gap of 3.368845 A between LYS 242 and LEU 244
gap of 3.112535 A between GLU 243 and LEU 245
gap of 3.120290 A between LEU 244 and ASP 246
gap of 3.399392 A between LEU 245 and GLN 247
gap of 3.344944 A between ASP 246 and ILE 248
gap of 3.219941 A between GLN 247 and ALA 249
gap of 3.201790 A between ILE 248 and GLU 250
gap of 3.168855 A between ALA 249 and LEU 251
gap of 3.313287 A between GLU 250 and LEU 252
gap of 3.182798 A between LEU 251 and ARG 253
gap of 3.061989 A between LEU 252 and ILE 254
gap of 3.464082 A between ARG 253 and LEU 255
gap of 2.812721 A between ILE 254 and GLY 256
gap of 3.708933 A between LEU 255 and SER 257
gap of 52.772055 A between SER 257 and GLN 259
gap of 3.916243 A between MET 258 and PHE 260
gap of 3.252385 A between GLN 259 and LYS 261
gap of 4.075613 A between PHE 260 and VAL 262
gap of 3.997942 A between LYS 261 and TYR 263
gap of 4.622948 A between VAL 262 and THR 264
gap of 4.569876 A between TYR 263 and TYR 265
gap of 4.048616 A between THR 264 and LYS 266
gap of 7.428538 A between TYR 265 and SER 267
gap of 11.480893 A between LYS 266 and ARG 268
gap of 3.027429 A between SER 267 and TYR 269
gap of 4.259584 A between ARG 268 and ARG 270
gap of 3.523462 A between TYR 269 and LEU 271
gap of 4.684413 A between ARG 270 and PHE 272
gap of 4.653917 A between LEU 271 and VAL 273
gap of 4.168018 A between PHE 272 and ASP 274
gap of 3.471388 A between VAL 273 and VAL 275
gap of 3.467593 A between ASP 274 and GLN 276
gap of 4.204589 A between VAL 275 and SER 277
gap of 3.848923 A between GLN 276 and ASP 278
gap of 2.989006 A between SER 277 and ILE 279
gap of 3.372984 A between ASP 278 and ILE 280
gap of 4.281021 A between ILE 279 and ASP 281
gap of 3.914804 A between ILE 280 and THR 282
gap of 3.808213 A between ASP 281 and PRO 283
gap of 4.528627 A between THR 282 and GLY 284
gap of 3.125650 A between PRO 283 and ARG 285
gap of 4.553807 A between GLY 284 and ARG 286
gap of 4.659745 A between ARG 285 and MET 287
gap of 3.883640 A between ARG 286 and VAL 288
gap of 4.670113 A between MET 287 and ILE 289
gap of 4.171584 A between VAL 288 and PRO 290
gap of 4.089060 A between ILE 289 and LEU 291
gap of 4.042971 A between PRO 290 and ALA 292
gap of 4.228991 A between LEU 291 and SER 293
gap of 3.587084 A between ALA 292 and ALA 294
gap of 3.380169 A between SER 293 and ARG 295
gap of 3.072057 A between ALA 294 and LEU 296
gap of 2.902299 A between ARG 295 and LEU 297
gap of 4.598297 A between LEU 296 and SER 298
gap of 4.156513 A between LEU 297 and ASP 299
gap of 2.810401 A between SER 298 and LYS 300
gap of 3.480122 A between ASP 299 and VAL 301
gap of 3.947630 A between LYS 300 and SER 302
gap of 3.722745 A between VAL 301 and ARG 303
gap of 2.858682 A between SER 302 and GLU 304
gap of 3.718291 A between ARG 303 and LEU 305
gap of 3.509177 A between GLU 304 and TYR 306
gap of 3.711633 A between LEU 305 and PRO 307
gap of 4.167055 A between TYR 306 and VAL 308
gap of 4.257991 A between PRO 307 and VAL 309
gap of 4.538774 A between VAL 308 and HIE 310
gap of 3.876322 A between VAL 309 and ILE 311
gap of 4.191254 A between HIE 310 and GLY 312
gap of 3.707838 A between ILE 311 and ASP 313
gap of 3.692060 A between GLY 312 and GLU 314
gap of 4.662816 A between ASP 313 and SER 315
gap of 4.194308 A between GLU 314 and TRP 316
gap of 4.523125 A between SER 315 and ARG 317
gap of 4.219077 A between TRP 316 and MET 318
gap of 3.703791 A between ARG 317 and MET 319
gap of 3.019343 A between MET 318 and THR 320
gap of 3.066862 A between MET 319 and THR 321
gap of 3.016907 A between THR 320 and ASP 322
gap of 3.314186 A between THR 321 and MET 323
gap of 3.710457 A between ASP 322 and ALA 324
gap of 4.705910 A between MET 323 and SER 325
gap of 4.019020 A between ALA 324 and VAL 326
gap of 4.323920 A between SER 325 and PRO 327
gap of 3.811751 A between VAL 326 and VAL 328
gap of 2.905029 A between PRO 327 and SER 329
gap of 3.021296 A between VAL 328 and VAL 330
gap of 3.425259 A between SER 329 and ILE 331
gap of 3.786723 A between VAL 330 and GLY 332
gap of 4.459341 A between ILE 331 and GLU 333
gap of 4.379440 A between GLY 332 and GLU 334
gap of 3.735446 A between GLU 333 and VAL 335
gap of 3.774520 A between GLU 334 and ALA 336
gap of 4.780811 A between VAL 335 and ASP 337
gap of 4.285313 A between ALA 336 and LEU 338
gap of 3.483675 A between ASP 337 and SER 339
gap of 3.141630 A between LEU 338 and HIE 340
gap of 2.995402 A between SER 339 and ARG 341
gap of 3.416428 A between HIE 340 and GLU 342
gap of 3.461833 A between ARG 341 and ASN 343
gap of 3.184379 A between GLU 342 and ASP 344
gap of 3.337018 A between ASN 343 and ILE 345
gap of 3.269121 A between ASP 344 and LYS 346
gap of 3.206742 A between ILE 345 and ASN 347
gap of 3.320686 A between LYS 346 and ALA 348
gap of 3.251434 A between ASN 347 and ILE 349
gap of 3.436047 A between ALA 348 and ASN 350
gap of 3.211676 A between ILE 349 and LEU 351
gap of 3.078295 A between ASN 350 and MET 352
gap of 3.551934 A between LEU 351 and PHE 353
gap of 3.478840 A between MET 352 and TRP 354
gap of 3.768454 A between PHE 353 and GLY 355
gap of 3.069067 A between TRP 354 and ILE 356
gap of 15.987453 A between ILE 356 and GLN 358
gap of 3.922893 A between MET 357 and PHE 359
gap of 3.229927 A between GLN 358 and LYS 360
gap of 4.212240 A between PHE 359 and VAL 361
gap of 4.163160 A between LYS 360 and TYR 362
gap of 4.649716 A between VAL 361 and THR 363
gap of 4.584182 A between TYR 362 and TYR 364
gap of 4.475780 A between THR 363 and LYS 365
gap of 3.412608 A between TYR 364 and ARG 366
gap of 4.676325 A between LYS 365 and GLU 367
gap of 8.027540 A between ARG 366 and ARG 368
gap of 11.291392 A between GLU 367 and LEU 369
gap of 4.648220 A between ARG 368 and PHE 370
gap of 4.788024 A between LEU 369 and VAL 371
gap of 4.182419 A between PHE 370 and ASP 372
gap of 3.701456 A between VAL 371 and VAL 373
gap of 3.732842 A between ASP 372 and GLN 374
gap of 4.189232 A between VAL 373 and SER 375
gap of 3.940072 A between GLN 374 and ASP 376
gap of 3.163005 A between SER 375 and ILE 377
gap of 3.349143 A between ASP 376 and ILE 378
gap of 4.110784 A between ILE 377 and ASP 379
gap of 4.098758 A between ILE 378 and THR 380
gap of 3.794316 A between ASP 379 and PRO 381
gap of 3.155828 A between THR 380 and GLY 382
gap of 3.870223 A between PRO 381 and ARG 383
gap of 4.557478 A between GLY 382 and ARG 384
gap of 4.725585 A between ARG 383 and MET 385
gap of 3.954030 A between ARG 384 and VAL 386
gap of 4.587478 A between MET 385 and ILE 387
gap of 4.059055 A between VAL 386 and PRO 388
gap of 4.213119 A between ILE 387 and LEU 389
gap of 4.176041 A between PRO 388 and ALA 390
gap of 4.340135 A between LEU 389 and SER 391
gap of 3.727168 A between ALA 390 and ALA 392
gap of 3.461642 A between SER 391 and ARG 393
gap of 3.252121 A between ALA 392 and LEU 394
gap of 2.983176 A between ARG 393 and LEU 395
gap of 3.947800 A between LEU 394 and SER 396
gap of 9.837930 A between LEU 395 and SER 397
gap of 8.330501 A between SER 396 and ARG 398
gap of 2.778121 A between SER 397 and GLU 399
gap of 3.494110 A between ARG 398 and LEU 400
gap of 3.357973 A between GLU 399 and TYR 401
gap of 3.813111 A between LEU 400 and PRO 402
gap of 4.012944 A between TYR 401 and VAL 403
gap of 4.072139 A between PRO 402 and VAL 404
gap of 4.553638 A between VAL 403 and HID 405
gap of 4.300098 A between VAL 404 and ILE 406
gap of 4.252138 A between HID 405 and GLY 407
gap of 3.959936 A between ILE 406 and ASP 408
gap of 2.901097 A between GLY 407 and GLU 409
gap of 4.656242 A between ASP 408 and SER 410
gap of 4.413188 A between GLU 409 and TRP 411
gap of 4.643130 A between SER 410 and ARG 412
gap of 4.065310 A between TRP 411 and MET 413
gap of 3.362706 A between ARG 412 and MET 414
gap of 3.118651 A between MET 413 and THR 415
gap of 3.373497 A between MET 414 and THR 416
gap of 3.049079 A between THR 415 and ASP 417
gap of 3.326494 A between THR 416 and MET 418
gap of 4.025553 A between ASP 417 and ALA 419
gap of 4.788950 A between MET 418 and SER 420
gap of 4.145302 A between ALA 419 and VAL 421
gap of 4.448819 A between SER 420 and PRO 422
gap of 3.671446 A between VAL 421 and VAL 423
gap of 2.884005 A between PRO 422 and SER 424
gap of 3.235215 A between VAL 423 and VAL 425
gap of 3.471984 A between SER 424 and ILE 426
gap of 3.788759 A between VAL 425 and GLY 427
gap of 4.557758 A between ILE 426 and GLU 428
gap of 4.261090 A between GLY 427 and GLU 429
gap of 3.727667 A between GLU 428 and VAL 430
gap of 3.624456 A between GLU 429 and ALA 431
gap of 4.799028 A between VAL 430 and ASP 432
gap of 4.295823 A between ALA 431 and LEU 433
gap of 3.412575 A between ASP 432 and SER 434
gap of 2.889267 A between LEU 433 and HIE 435
gap of 3.063486 A between SER 434 and ARG 436
gap of 3.461069 A between HIE 435 and GLU 437
gap of 3.258496 A between ARG 436 and ASN 438
gap of 3.393092 A between GLU 437 and ASP 439
gap of 3.283215 A between ASN 438 and ILE 440
gap of 3.295286 A between ASP 439 and LYS 441
gap of 3.328092 A between ILE 440 and ASN 442
gap of 3.122476 A between LYS 441 and ALA 443
gap of 3.282982 A between ASN 442 and ILE 444
gap of 3.284774 A between ALA 443 and ASN 445
gap of 3.351884 A between ILE 444 and LEU 446
gap of 3.085012 A between ASN 445 and MET 447
gap of 3.593080 A between LEU 446 and PHE 448
gap of 3.641915 A between MET 447 and TRP 449
gap of 3.469311 A between PHE 448 and GLY 450
gap of 3.067712 A between TRP 449 and ILE 451

---------- Mising heavy atom(s)

ARG_2 misses 6 heavy atom(s)
ARG_3 misses 5 heavy atom(s)
ARG_9 misses 6 heavy atom(s)
LYS_10 misses 3 heavy atom(s)
GLU_33 misses 3 heavy atom(s)
ASN_51 misses 4 heavy atom(s)
GLN_54 misses 4 heavy atom(s)
ASN_56 misses 6 heavy atom(s)
LEU_61 misses 3 heavy atom(s)
GLU_69 misses 4 heavy atom(s)
LEU_71 misses 3 heavy atom(s)
GLU_74 misses 3 heavy atom(s)
ARG_78 misses 4 heavy atom(s)
TYR_83 misses 6 heavy atom(s)
GLN_87 misses 2 heavy atom(s)
LEU_103 misses 3 heavy atom(s)
GLU_106 misses 3 heavy atom(s)
LYS_107 misses 2 heavy atom(s)
LYS_113 misses 2 heavy atom(s)
GLU_121 misses 3 heavy atom(s)
ARG_124 misses 5 heavy atom(s)
LEU_126 misses 4 heavy atom(s)
ARG_130 misses 5 heavy atom(s)
ARG_131 misses 6 heavy atom(s)
GLU_135 misses 2 heavy atom(s)
LYS_138 misses 3 heavy atom(s)
GLU_161 misses 3 heavy atom(s)
LEU_190 misses 3 heavy atom(s)
ASP_192 misses 4 heavy atom(s)
GLU_198 misses 5 heavy atom(s)
GLU_201 misses 4 heavy atom(s)
GLU_203 misses 4 heavy atom(s)
LEU_232 misses 3 heavy atom(s)
GLU_235 misses 4 heavy atom(s)
LYS_236 misses 2 heavy atom(s)
LYS_242 misses 2 heavy atom(s)
GLU_250 misses 2 heavy atom(s)
ARG_253 misses 6 heavy atom(s)
ILE_254 misses 1 heavy atom(s)
LYS_266 misses 4 heavy atom(s)
ARG_270 misses 6 heavy atom(s)
ARG_295 misses 6 heavy atom(s)
LEU_296 misses 3 heavy atom(s)
LEU_297 misses 2 heavy atom(s)
ASP_299 misses 3 heavy atom(s)
LYS_300 misses 5 heavy atom(s)
ARG_303 misses 3 heavy atom(s)
ASP_313 misses 4 heavy atom(s)
GLU_333 misses 5 heavy atom(s)
LYS_346 misses 3 heavy atom(s)
MET_352 misses 1 heavy atom(s)
ARG_366 misses 6 heavy atom(s)
ARG_393 misses 6 heavy atom(s)
ARG_398 misses 6 heavy atom(s)
GLU_399 misses 2 heavy atom(s)
ASP_408 misses 4 heavy atom(s)
The alternate coordinates have been discarded.
Only the first occurrence for each atom was kept.
not pdb_filename /net/chevy/raid1/nigel/amber/hi_lo/x7/1x75/4phenix_1x75.pdb

	Running AmberPrep : 1x75.pdb


==================================================
Running pdb4amber on 1x75.pdb
==================================================

==================================================
Setting up library files for non-standard residues
==================================================

==================================================
Preparing asu files and 4phenix_1x75.pdb
==================================================

~> tleap -f 1x75_asu_tleap_input_run

Checking output filenames
  file : 1x75_asu.prmtop
Sorry:   Output file not present : 1x75_asu.prmtop
  Check contents of "leap.log"
