HOST rebus.lbl.gov
only_i 21
only_code None
force_amber_prep True
dry_run False
1 1z3z,A,2.900,1zod,A,1.800
2 1psi,A,2.920,3ndd,A,1.500
3 3bpo,A,3.000,3l5w,I,2.000
4 1e6j,P,3.000,3mge,A,1.900
5 1r46,A,3.250,3hg3,A,1.900
6 2j0g,A,2.850,2j1g,A,1.950
7 1nsk,L,2.800,3bbb,A,1.300
8 1t04,B,3.000,1t3f,B,2.000
9 1kiu,B,3.000,1ze3,H,1.840
10 1kv3,A,2.800,2q3z,A,2.000
11 1wqs,A,2.800,2iph,A,1.750
... 21 1wqs
/net/chevy/raid1/nigel/amber/hi_lo
/net/chevy/raid1/nigel/amber/hi_lo/wq/1wqs
1wqs.pdb 4phenix_1wqs.pdb
local_archive None
archive PDB None
Reading from local mirror:
  /net/cci/pdb_mirror/pdb/wq/pdb1wqs.ent.gz
Model saved to /net/rebus/raid1/scratch1/nigel/amber/hi_lo/wq/1wqs/1wqs.pdb
Sequence saved to /net/rebus/raid1/scratch1/nigel/amber/hi_lo/wq/1wqs/1wqs.fa
Reading from local mirror:
  /net/cci/pdb_mirror/structure_factors/wq/r1wqssf.ent.gz
Structure factors saved to /net/rebus/raid1/scratch1/nigel/amber/hi_lo/wq/1wqs/1wqs-sf.cif
Reading from local mirror:
  /net/cci/pdb_mirror/mmcif/wq/1wqs.cif.gz
Model saved to /net/rebus/raid1/scratch1/nigel/amber/hi_lo/wq/1wqs/1wqs.cif
Can't determine output label for r1wqssf,_refln.crystal_id - skipping.
Can't determine output label for r1wqssf,_refln.scale_group_code - skipping.
Can't determine output label for r1wqssf,_refln.wavelength_id - skipping.
Converted structure factors saved to 1wqs.mtz
local_archive None
archive PDB None
Reading from local mirror:
  /net/cci/pdb_mirror/pdb/wq/pdb1wqs.ent.gz
Model saved to /net/rebus/raid1/scratch1/nigel/amber/hi_lo/wq/1wqs/1wqs.pdb
Sequence saved to /net/rebus/raid1/scratch1/nigel/amber/hi_lo/wq/1wqs/1wqs.fa
Reading from local mirror:
  /net/cci/pdb_mirror/structure_factors/wq/r1wqssf.ent.gz
Structure factors saved to /net/rebus/raid1/scratch1/nigel/amber/hi_lo/wq/1wqs/1wqs-sf.cif
Reading from local mirror:
  /net/cci/pdb_mirror/mmcif/wq/1wqs.cif.gz
Model saved to /net/rebus/raid1/scratch1/nigel/amber/hi_lo/wq/1wqs/1wqs.cif
Can't determine output label for r1wqssf,_refln.crystal_id - skipping.
Can't determine output label for r1wqssf,_refln.scale_group_code - skipping.
Can't determine output label for r1wqssf,_refln.wavelength_id - skipping.
Converted structure factors saved to 1wqs.mtz

==================================================
Summary of pdb4amber for: 1wqs.pdb
===================================================
REDUCE returned non-zero exit status: See reduce_info.log for more details

----------Chains
The following (original) chains have been found:
A
B
C
D

---------- Alternate Locations (Original Residues!))

The following residues had alternate locations:
None

---------- Mising heavy atom(s)

None
not prmtop_filename /net/rebus/scratch1/nigel/amber/hi_lo/wq/1wqs/4amber_1wqs.prmtop
not prmtop_filename /net/chevy/raid1/nigel/amber/hi_lo/wq/1wqs/4amber_1wqs.prmtop

	Running AmberPrep : 1wqs.pdb


==================================================
Running pdb4amber on 1wqs.pdb
==================================================

==================================================
Setting up library files for non-standard residues
==================================================

  Residue "TAR" already in amber monomer library. Skipping elbow/antechamber
    run for this residue.
        

==================================================
Preparing asu files and 4phenix_1wqs.pdb
==================================================

~> tleap -f 1wqs_asu_tleap_input_run

Checking output filenames
  file : 1wqs_asu.prmtop
Sorry:   Output file is empty : 1wqs_asu.prmtop
  Check contents of "leap.log"
