HOST lewis.lbl.gov
only_i 336
only_code None
force_amber_prep True
dry_run False
... 336 3hsh
/net/chevy/raid1/nigel/amber/hi_lo
/net/chevy/raid1/nigel/amber/hi_lo/hs/3hsh
3hsh.pdb 4phenix_3hsh.pdb
local_archive None
archive PDB None
Reading from local mirror:
  /net/cci/pdb_mirror/pdb/hs/pdb3hsh.ent.gz
Model saved to /net/lewis/raid1/scratch1/nigel/amber/hi_lo/hs/3hsh/3hsh.pdb
Traceback (most recent call last):
  File "/net/cci-filer2/raid1/xp/phenix/phenix-svn/build/../modules/cctbx_project/mmtbx/command_line/fetch_pdb.py", line 199, in <module>
    run2(sys.argv[1:])
  File "/net/cci-filer2/raid1/xp/phenix/phenix-svn/build/../modules/cctbx_project/mmtbx/command_line/fetch_pdb.py", line 155, in run2
    files.append(get_pdb(id, data_type_, mirror, log, format=data_format))
  File "/net/cci-filer2/raid1/xp/phenix/phenix-svn/modules/cctbx_project/iotbx/pdb/fetch.py", line 213, in get_pdb
    data = fetch(id, data_type, mirror=mirror, format=format, log=log)
  File "/net/cci-filer2/raid1/xp/phenix/phenix-svn/modules/cctbx_project/iotbx/pdb/fetch.py", line 150, in fetch
    data = libtbx.utils.urlopen(url)
  File "/net/cci-filer2/raid1/xp/phenix/phenix-svn/modules/cctbx_project/libtbx/utils.py", line 2069, in urlopen
    return urllib2.urlopen(*args, **kwds)
  File "/net/cci-filer2/raid1/xp/phenix/phenix-svn/base/lib/python2.7/urllib2.py", line 127, in urlopen
    return _opener.open(url, data, timeout)
  File "/net/cci-filer2/raid1/xp/phenix/phenix-svn/base/lib/python2.7/urllib2.py", line 404, in open
    response = self._open(req, data)
  File "/net/cci-filer2/raid1/xp/phenix/phenix-svn/base/lib/python2.7/urllib2.py", line 422, in _open
    '_open', req)
  File "/net/cci-filer2/raid1/xp/phenix/phenix-svn/base/lib/python2.7/urllib2.py", line 382, in _call_chain
    result = func(*args)
  File "/net/cci-filer2/raid1/xp/phenix/phenix-svn/base/lib/python2.7/urllib2.py", line 1214, in http_open
    return self.do_open(httplib.HTTPConnection, req)
  File "/net/cci-filer2/raid1/xp/phenix/phenix-svn/base/lib/python2.7/urllib2.py", line 1184, in do_open
    raise URLError(err)
urllib2.URLError: <urlopen error [Errno 110] Connection timed out>
local_archive None
archive PDB None
Reading from local mirror:
  /net/cci/pdb_mirror/pdb/hs/pdb3hsh.ent.gz
Model saved to /net/lewis/raid1/scratch1/nigel/amber/hi_lo/hs/3hsh/3hsh.pdb
Traceback (most recent call last):
  File "/net/cci-filer2/raid1/xp/phenix/phenix-svn/build/../modules/cctbx_project/mmtbx/command_line/fetch_pdb.py", line 199, in <module>
    run2(sys.argv[1:])
  File "/net/cci-filer2/raid1/xp/phenix/phenix-svn/build/../modules/cctbx_project/mmtbx/command_line/fetch_pdb.py", line 155, in run2
    files.append(get_pdb(id, data_type_, mirror, log, format=data_format))
  File "/net/cci-filer2/raid1/xp/phenix/phenix-svn/modules/cctbx_project/iotbx/pdb/fetch.py", line 213, in get_pdb
    data = fetch(id, data_type, mirror=mirror, format=format, log=log)
  File "/net/cci-filer2/raid1/xp/phenix/phenix-svn/modules/cctbx_project/iotbx/pdb/fetch.py", line 150, in fetch
    data = libtbx.utils.urlopen(url)
  File "/net/cci-filer2/raid1/xp/phenix/phenix-svn/modules/cctbx_project/libtbx/utils.py", line 2069, in urlopen
    return urllib2.urlopen(*args, **kwds)
  File "/net/cci-filer2/raid1/xp/phenix/phenix-svn/base/lib/python2.7/urllib2.py", line 127, in urlopen
    return _opener.open(url, data, timeout)
  File "/net/cci-filer2/raid1/xp/phenix/phenix-svn/base/lib/python2.7/urllib2.py", line 404, in open
    response = self._open(req, data)
  File "/net/cci-filer2/raid1/xp/phenix/phenix-svn/base/lib/python2.7/urllib2.py", line 422, in _open
    '_open', req)
  File "/net/cci-filer2/raid1/xp/phenix/phenix-svn/base/lib/python2.7/urllib2.py", line 382, in _call_chain
    result = func(*args)
  File "/net/cci-filer2/raid1/xp/phenix/phenix-svn/base/lib/python2.7/urllib2.py", line 1214, in http_open
    return self.do_open(httplib.HTTPConnection, req)
  File "/net/cci-filer2/raid1/xp/phenix/phenix-svn/base/lib/python2.7/urllib2.py", line 1184, in do_open
    raise URLError(err)
urllib2.URLError: <urlopen error [Errno 110] Connection timed out>

==================================================
Summary of pdb4amber for: 3hsh.pdb
===================================================

----------Chains
The following (original) chains have been found:
A
B
C
D
E
F

---------- Alternate Locations (Original Residues!))

The following residues had alternate locations:
SER_2
LEU_26
VAL_29
GLN_32
GLN_47
ARG_51
GLU_87
ARG_107
ARG_112
SER_114
LEU_138
GLU_188
ARG_219
SER_226

---------- Mising heavy atom(s)

ARG_224 misses 5 heavy atom(s)
ARG_335 misses 5 heavy atom(s)
The alternate coordinates have been discarded.
Only the first occurrence for each atom was kept.

==================================================
Summary of pdb4amber for: 3hsh_4tleap_uc1.pdb
===================================================

----------Chains
The following (original) chains have been found:
A
B
C
D
E
F

---------- Alternate Locations (Original Residues!))

The following residues had alternate locations:
None

---------- Mising heavy atom(s)

SER_2 misses 5 heavy atom(s)
SER_3 misses 6 heavy atom(s)
SER_4 misses 5 heavy atom(s)
SER_5 misses 6 heavy atom(s)
SER_6 misses 5 heavy atom(s)
SER_7 misses 6 heavy atom(s)
SER_8 misses 6 heavy atom(s)
SER_9 misses 5 heavy atom(s)
SER_10 misses 6 heavy atom(s)
SER_11 misses 5 heavy atom(s)
SER_12 misses 5 heavy atom(s)
SER_68 misses 5 heavy atom(s)
SER_69 misses 6 heavy atom(s)
SER_70 misses 5 heavy atom(s)
SER_71 misses 6 heavy atom(s)
SER_72 misses 5 heavy atom(s)
SER_73 misses 6 heavy atom(s)
SER_74 misses 6 heavy atom(s)
SER_75 misses 5 heavy atom(s)
SER_76 misses 6 heavy atom(s)
SER_77 misses 5 heavy atom(s)
SER_78 misses 5 heavy atom(s)
SER_134 misses 5 heavy atom(s)
SER_135 misses 6 heavy atom(s)
SER_136 misses 5 heavy atom(s)
SER_137 misses 6 heavy atom(s)
SER_138 misses 5 heavy atom(s)
SER_139 misses 6 heavy atom(s)
SER_140 misses 6 heavy atom(s)
SER_141 misses 5 heavy atom(s)
SER_142 misses 6 heavy atom(s)
SER_143 misses 5 heavy atom(s)
SER_144 misses 5 heavy atom(s)
SER_200 misses 5 heavy atom(s)
SER_201 misses 6 heavy atom(s)
SER_202 misses 5 heavy atom(s)
SER_203 misses 6 heavy atom(s)
SER_204 misses 5 heavy atom(s)
SER_205 misses 6 heavy atom(s)
SER_206 misses 6 heavy atom(s)
SER_207 misses 5 heavy atom(s)
SER_208 misses 6 heavy atom(s)
SER_209 misses 5 heavy atom(s)
SER_210 misses 5 heavy atom(s)
SER_266 misses 5 heavy atom(s)
SER_267 misses 6 heavy atom(s)
SER_268 misses 5 heavy atom(s)
SER_269 misses 6 heavy atom(s)
SER_270 misses 5 heavy atom(s)
SER_271 misses 6 heavy atom(s)
SER_272 misses 6 heavy atom(s)
SER_273 misses 5 heavy atom(s)
SER_274 misses 6 heavy atom(s)
SER_275 misses 5 heavy atom(s)
SER_276 misses 5 heavy atom(s)
SER_331 misses 5 heavy atom(s)
SER_332 misses 6 heavy atom(s)
SER_333 misses 5 heavy atom(s)
SER_334 misses 6 heavy atom(s)
SER_335 misses 5 heavy atom(s)
SER_336 misses 6 heavy atom(s)
SER_337 misses 6 heavy atom(s)
SER_338 misses 5 heavy atom(s)
SER_339 misses 6 heavy atom(s)
SER_340 misses 5 heavy atom(s)
SER_341 misses 5 heavy atom(s)
SER_695 misses 5 heavy atom(s)
SER_696 misses 6 heavy atom(s)
SER_697 misses 5 heavy atom(s)
SER_698 misses 6 heavy atom(s)
SER_699 misses 5 heavy atom(s)
SER_700 misses 6 heavy atom(s)
SER_701 misses 6 heavy atom(s)
SER_702 misses 5 heavy atom(s)
SER_703 misses 6 heavy atom(s)
SER_704 misses 5 heavy atom(s)
SER_705 misses 5 heavy atom(s)
SER_761 misses 5 heavy atom(s)
SER_762 misses 6 heavy atom(s)
SER_763 misses 5 heavy atom(s)
SER_764 misses 6 heavy atom(s)
SER_765 misses 5 heavy atom(s)
SER_766 misses 6 heavy atom(s)
SER_767 misses 6 heavy atom(s)
SER_768 misses 5 heavy atom(s)
SER_769 misses 6 heavy atom(s)
SER_770 misses 5 heavy atom(s)
SER_771 misses 5 heavy atom(s)
SER_827 misses 5 heavy atom(s)
SER_828 misses 6 heavy atom(s)
SER_829 misses 5 heavy atom(s)
SER_830 misses 6 heavy atom(s)
SER_831 misses 5 heavy atom(s)
SER_832 misses 6 heavy atom(s)
SER_833 misses 6 heavy atom(s)
SER_834 misses 5 heavy atom(s)
SER_835 misses 6 heavy atom(s)
SER_836 misses 5 heavy atom(s)
SER_837 misses 5 heavy atom(s)
SER_893 misses 5 heavy atom(s)
SER_894 misses 6 heavy atom(s)
SER_895 misses 5 heavy atom(s)
SER_896 misses 6 heavy atom(s)
SER_897 misses 5 heavy atom(s)
SER_898 misses 6 heavy atom(s)
SER_899 misses 6 heavy atom(s)
SER_900 misses 5 heavy atom(s)
SER_901 misses 6 heavy atom(s)
SER_902 misses 5 heavy atom(s)
SER_903 misses 5 heavy atom(s)
SER_959 misses 5 heavy atom(s)
SER_960 misses 6 heavy atom(s)
SER_961 misses 5 heavy atom(s)
SER_962 misses 6 heavy atom(s)
SER_963 misses 5 heavy atom(s)
SER_964 misses 6 heavy atom(s)
SER_965 misses 6 heavy atom(s)
SER_966 misses 5 heavy atom(s)
SER_967 misses 6 heavy atom(s)
SER_968 misses 5 heavy atom(s)
SER_969 misses 5 heavy atom(s)
SER_1024 misses 5 heavy atom(s)
SER_1025 misses 6 heavy atom(s)
SER_1026 misses 5 heavy atom(s)
SER_1027 misses 6 heavy atom(s)
SER_1028 misses 5 heavy atom(s)
SER_1029 misses 6 heavy atom(s)
SER_1030 misses 6 heavy atom(s)
SER_1031 misses 5 heavy atom(s)
SER_1032 misses 6 heavy atom(s)
SER_1033 misses 5 heavy atom(s)
SER_1034 misses 5 heavy atom(s)
SER_1388 misses 5 heavy atom(s)
SER_1389 misses 6 heavy atom(s)
SER_1390 misses 5 heavy atom(s)
SER_1391 misses 6 heavy atom(s)
SER_1392 misses 5 heavy atom(s)
SER_1393 misses 6 heavy atom(s)
SER_1394 misses 6 heavy atom(s)
SER_1395 misses 5 heavy atom(s)
SER_1396 misses 6 heavy atom(s)
SER_1397 misses 5 heavy atom(s)
SER_1398 misses 5 heavy atom(s)
SER_1454 misses 5 heavy atom(s)
SER_1455 misses 6 heavy atom(s)
SER_1456 misses 5 heavy atom(s)
SER_1457 misses 6 heavy atom(s)
SER_1458 misses 5 heavy atom(s)
SER_1459 misses 6 heavy atom(s)
SER_1460 misses 6 heavy atom(s)
SER_1461 misses 5 heavy atom(s)
SER_1462 misses 6 heavy atom(s)
SER_1463 misses 5 heavy atom(s)
SER_1464 misses 5 heavy atom(s)
SER_1520 misses 5 heavy atom(s)
SER_1521 misses 6 heavy atom(s)
SER_1522 misses 5 heavy atom(s)
SER_1523 misses 6 heavy atom(s)
SER_1524 misses 5 heavy atom(s)
SER_1525 misses 6 heavy atom(s)
SER_1526 misses 6 heavy atom(s)
SER_1527 misses 5 heavy atom(s)
SER_1528 misses 6 heavy atom(s)
SER_1529 misses 5 heavy atom(s)
SER_1530 misses 5 heavy atom(s)
SER_1586 misses 5 heavy atom(s)
SER_1587 misses 6 heavy atom(s)
SER_1588 misses 5 heavy atom(s)
SER_1589 misses 6 heavy atom(s)
SER_1590 misses 5 heavy atom(s)
SER_1591 misses 6 heavy atom(s)
SER_1592 misses 6 heavy atom(s)
SER_1593 misses 5 heavy atom(s)
SER_1594 misses 6 heavy atom(s)
SER_1595 misses 5 heavy atom(s)
SER_1596 misses 5 heavy atom(s)
SER_1652 misses 5 heavy atom(s)
SER_1653 misses 6 heavy atom(s)
SER_1654 misses 5 heavy atom(s)
SER_1655 misses 6 heavy atom(s)
SER_1656 misses 5 heavy atom(s)
SER_1657 misses 6 heavy atom(s)
SER_1658 misses 6 heavy atom(s)
SER_1659 misses 5 heavy atom(s)
SER_1660 misses 6 heavy atom(s)
SER_1661 misses 5 heavy atom(s)
SER_1662 misses 5 heavy atom(s)
SER_1717 misses 5 heavy atom(s)
SER_1718 misses 6 heavy atom(s)
SER_1719 misses 5 heavy atom(s)
SER_1720 misses 6 heavy atom(s)
SER_1721 misses 5 heavy atom(s)
SER_1722 misses 6 heavy atom(s)
SER_1723 misses 6 heavy atom(s)
SER_1724 misses 5 heavy atom(s)
SER_1725 misses 6 heavy atom(s)
SER_1726 misses 5 heavy atom(s)
SER_1727 misses 5 heavy atom(s)
SER_2081 misses 5 heavy atom(s)
SER_2082 misses 6 heavy atom(s)
SER_2083 misses 5 heavy atom(s)
SER_2084 misses 6 heavy atom(s)
SER_2085 misses 5 heavy atom(s)
SER_2086 misses 6 heavy atom(s)
SER_2087 misses 6 heavy atom(s)
SER_2088 misses 5 heavy atom(s)
SER_2089 misses 6 heavy atom(s)
SER_2090 misses 5 heavy atom(s)
SER_2091 misses 5 heavy atom(s)
SER_2147 misses 5 heavy atom(s)
SER_2148 misses 6 heavy atom(s)
SER_2149 misses 5 heavy atom(s)
SER_2150 misses 6 heavy atom(s)
SER_2151 misses 5 heavy atom(s)
SER_2152 misses 6 heavy atom(s)
SER_2153 misses 6 heavy atom(s)
SER_2154 misses 5 heavy atom(s)
SER_2155 misses 6 heavy atom(s)
SER_2156 misses 5 heavy atom(s)
SER_2157 misses 5 heavy atom(s)
SER_2213 misses 5 heavy atom(s)
SER_2214 misses 6 heavy atom(s)
SER_2215 misses 5 heavy atom(s)
SER_2216 misses 6 heavy atom(s)
SER_2217 misses 5 heavy atom(s)
SER_2218 misses 6 heavy atom(s)
SER_2219 misses 6 heavy atom(s)
SER_2220 misses 5 heavy atom(s)
SER_2221 misses 6 heavy atom(s)
SER_2222 misses 5 heavy atom(s)
SER_2223 misses 5 heavy atom(s)
SER_2279 misses 5 heavy atom(s)
SER_2280 misses 6 heavy atom(s)
SER_2281 misses 5 heavy atom(s)
SER_2282 misses 6 heavy atom(s)
SER_2283 misses 5 heavy atom(s)
SER_2284 misses 6 heavy atom(s)
SER_2285 misses 6 heavy atom(s)
SER_2286 misses 5 heavy atom(s)
SER_2287 misses 6 heavy atom(s)
SER_2288 misses 5 heavy atom(s)
SER_2289 misses 5 heavy atom(s)
SER_2345 misses 5 heavy atom(s)
SER_2346 misses 6 heavy atom(s)
SER_2347 misses 5 heavy atom(s)
SER_2348 misses 6 heavy atom(s)
SER_2349 misses 5 heavy atom(s)
SER_2350 misses 6 heavy atom(s)
SER_2351 misses 6 heavy atom(s)
SER_2352 misses 5 heavy atom(s)
SER_2353 misses 6 heavy atom(s)
SER_2354 misses 5 heavy atom(s)
SER_2355 misses 5 heavy atom(s)
SER_2410 misses 5 heavy atom(s)
SER_2411 misses 6 heavy atom(s)
SER_2412 misses 5 heavy atom(s)
SER_2413 misses 6 heavy atom(s)
SER_2414 misses 5 heavy atom(s)
SER_2415 misses 6 heavy atom(s)
SER_2416 misses 6 heavy atom(s)
SER_2417 misses 5 heavy atom(s)
SER_2418 misses 6 heavy atom(s)
SER_2419 misses 5 heavy atom(s)
SER_2420 misses 5 heavy atom(s)
SER_2774 misses 5 heavy atom(s)
SER_2775 misses 6 heavy atom(s)
SER_2776 misses 5 heavy atom(s)
SER_2777 misses 6 heavy atom(s)
SER_2778 misses 5 heavy atom(s)
SER_2779 misses 6 heavy atom(s)
SER_2780 misses 6 heavy atom(s)
SER_2781 misses 5 heavy atom(s)
SER_2782 misses 6 heavy atom(s)
SER_2783 misses 5 heavy atom(s)
SER_2784 misses 5 heavy atom(s)
SER_2840 misses 5 heavy atom(s)
SER_2841 misses 6 heavy atom(s)
SER_2842 misses 5 heavy atom(s)
SER_2843 misses 6 heavy atom(s)
SER_2844 misses 5 heavy atom(s)
SER_2845 misses 6 heavy atom(s)
SER_2846 misses 6 heavy atom(s)
SER_2847 misses 5 heavy atom(s)
SER_2848 misses 6 heavy atom(s)
SER_2849 misses 5 heavy atom(s)
SER_2850 misses 5 heavy atom(s)
SER_2906 misses 5 heavy atom(s)
SER_2907 misses 6 heavy atom(s)
SER_2908 misses 5 heavy atom(s)
SER_2909 misses 6 heavy atom(s)
SER_2910 misses 5 heavy atom(s)
SER_2911 misses 6 heavy atom(s)
SER_2912 misses 6 heavy atom(s)
SER_2913 misses 5 heavy atom(s)
SER_2914 misses 6 heavy atom(s)
SER_2915 misses 5 heavy atom(s)
SER_2916 misses 5 heavy atom(s)
SER_2972 misses 5 heavy atom(s)
SER_2973 misses 6 heavy atom(s)
SER_2974 misses 5 heavy atom(s)
SER_2975 misses 6 heavy atom(s)
SER_2976 misses 5 heavy atom(s)
SER_2977 misses 6 heavy atom(s)
SER_2978 misses 6 heavy atom(s)
SER_2979 misses 5 heavy atom(s)
SER_2980 misses 6 heavy atom(s)
SER_2981 misses 5 heavy atom(s)
SER_2982 misses 5 heavy atom(s)
SER_3038 misses 5 heavy atom(s)
SER_3039 misses 6 heavy atom(s)
SER_3040 misses 5 heavy atom(s)
SER_3041 misses 6 heavy atom(s)
SER_3042 misses 5 heavy atom(s)
SER_3043 misses 6 heavy atom(s)
SER_3044 misses 6 heavy atom(s)
SER_3045 misses 5 heavy atom(s)
SER_3046 misses 6 heavy atom(s)
SER_3047 misses 5 heavy atom(s)
SER_3048 misses 5 heavy atom(s)
SER_3103 misses 5 heavy atom(s)
SER_3104 misses 6 heavy atom(s)
SER_3105 misses 5 heavy atom(s)
SER_3106 misses 6 heavy atom(s)
SER_3107 misses 5 heavy atom(s)
SER_3108 misses 6 heavy atom(s)
SER_3109 misses 6 heavy atom(s)
SER_3110 misses 5 heavy atom(s)
SER_3111 misses 6 heavy atom(s)
SER_3112 misses 5 heavy atom(s)
SER_3113 misses 5 heavy atom(s)
SER_3467 misses 5 heavy atom(s)
SER_3468 misses 6 heavy atom(s)
SER_3469 misses 5 heavy atom(s)
SER_3470 misses 6 heavy atom(s)
SER_3471 misses 5 heavy atom(s)
SER_3472 misses 6 heavy atom(s)
SER_3473 misses 6 heavy atom(s)
SER_3474 misses 5 heavy atom(s)
SER_3475 misses 6 heavy atom(s)
SER_3476 misses 5 heavy atom(s)
SER_3477 misses 5 heavy atom(s)
SER_3533 misses 5 heavy atom(s)
SER_3534 misses 6 heavy atom(s)
SER_3535 misses 5 heavy atom(s)
SER_3536 misses 6 heavy atom(s)
SER_3537 misses 5 heavy atom(s)
SER_3538 misses 6 heavy atom(s)
SER_3539 misses 6 heavy atom(s)
SER_3540 misses 5 heavy atom(s)
SER_3541 misses 6 heavy atom(s)
SER_3542 misses 5 heavy atom(s)
SER_3543 misses 5 heavy atom(s)
SER_3599 misses 5 heavy atom(s)
SER_3600 misses 6 heavy atom(s)
SER_3601 misses 5 heavy atom(s)
SER_3602 misses 6 heavy atom(s)
SER_3603 misses 5 heavy atom(s)
SER_3604 misses 6 heavy atom(s)
SER_3605 misses 6 heavy atom(s)
SER_3606 misses 5 heavy atom(s)
SER_3607 misses 6 heavy atom(s)
SER_3608 misses 5 heavy atom(s)
SER_3609 misses 5 heavy atom(s)
SER_3665 misses 5 heavy atom(s)
SER_3666 misses 6 heavy atom(s)
SER_3667 misses 5 heavy atom(s)
SER_3668 misses 6 heavy atom(s)
SER_3669 misses 5 heavy atom(s)
SER_3670 misses 6 heavy atom(s)
SER_3671 misses 6 heavy atom(s)
SER_3672 misses 5 heavy atom(s)
SER_3673 misses 6 heavy atom(s)
SER_3674 misses 5 heavy atom(s)
SER_3675 misses 5 heavy atom(s)
SER_3731 misses 5 heavy atom(s)
SER_3732 misses 6 heavy atom(s)
SER_3733 misses 5 heavy atom(s)
SER_3734 misses 6 heavy atom(s)
SER_3735 misses 5 heavy atom(s)
SER_3736 misses 6 heavy atom(s)
SER_3737 misses 6 heavy atom(s)
SER_3738 misses 5 heavy atom(s)
SER_3739 misses 6 heavy atom(s)
SER_3740 misses 5 heavy atom(s)
SER_3741 misses 5 heavy atom(s)
SER_3796 misses 5 heavy atom(s)
SER_3797 misses 6 heavy atom(s)
SER_3798 misses 5 heavy atom(s)
SER_3799 misses 6 heavy atom(s)
SER_3800 misses 5 heavy atom(s)
SER_3801 misses 6 heavy atom(s)
SER_3802 misses 6 heavy atom(s)
SER_3803 misses 5 heavy atom(s)
SER_3804 misses 6 heavy atom(s)
SER_3805 misses 5 heavy atom(s)
SER_3806 misses 5 heavy atom(s)
SER_4160 misses 5 heavy atom(s)
SER_4161 misses 6 heavy atom(s)
SER_4162 misses 5 heavy atom(s)
SER_4163 misses 6 heavy atom(s)
SER_4164 misses 5 heavy atom(s)
SER_4165 misses 6 heavy atom(s)
SER_4166 misses 6 heavy atom(s)
SER_4167 misses 5 heavy atom(s)
SER_4168 misses 6 heavy atom(s)
SER_4169 misses 5 heavy atom(s)
SER_4170 misses 5 heavy atom(s)
SER_4226 misses 5 heavy atom(s)
SER_4227 misses 6 heavy atom(s)
SER_4228 misses 5 heavy atom(s)
SER_4229 misses 6 heavy atom(s)
SER_4230 misses 5 heavy atom(s)
SER_4231 misses 6 heavy atom(s)
SER_4232 misses 6 heavy atom(s)
SER_4233 misses 5 heavy atom(s)
SER_4234 misses 6 heavy atom(s)
SER_4235 misses 5 heavy atom(s)
SER_4236 misses 5 heavy atom(s)
SER_4292 misses 5 heavy atom(s)
SER_4293 misses 6 heavy atom(s)
SER_4294 misses 5 heavy atom(s)
SER_4295 misses 6 heavy atom(s)
SER_4296 misses 5 heavy atom(s)
SER_4297 misses 6 heavy atom(s)
SER_4298 misses 6 heavy atom(s)
SER_4299 misses 5 heavy atom(s)
SER_4300 misses 6 heavy atom(s)
SER_4301 misses 5 heavy atom(s)
SER_4302 misses 5 heavy atom(s)
SER_4358 misses 5 heavy atom(s)
SER_4359 misses 6 heavy atom(s)
SER_4360 misses 5 heavy atom(s)
SER_4361 misses 6 heavy atom(s)
SER_4362 misses 5 heavy atom(s)
SER_4363 misses 6 heavy atom(s)
SER_4364 misses 6 heavy atom(s)
SER_4365 misses 5 heavy atom(s)
SER_4366 misses 6 heavy atom(s)
SER_4367 misses 5 heavy atom(s)
SER_4368 misses 5 heavy atom(s)
SER_4424 misses 5 heavy atom(s)
SER_4425 misses 6 heavy atom(s)
SER_4426 misses 5 heavy atom(s)
SER_4427 misses 6 heavy atom(s)
SER_4428 misses 5 heavy atom(s)
SER_4429 misses 6 heavy atom(s)
SER_4430 misses 6 heavy atom(s)
SER_4431 misses 5 heavy atom(s)
SER_4432 misses 6 heavy atom(s)
SER_4433 misses 5 heavy atom(s)
SER_4434 misses 5 heavy atom(s)
SER_4489 misses 5 heavy atom(s)
SER_4490 misses 6 heavy atom(s)
SER_4491 misses 5 heavy atom(s)
SER_4492 misses 6 heavy atom(s)
SER_4493 misses 5 heavy atom(s)
SER_4494 misses 6 heavy atom(s)
SER_4495 misses 6 heavy atom(s)
SER_4496 misses 5 heavy atom(s)
SER_4497 misses 6 heavy atom(s)
SER_4498 misses 5 heavy atom(s)
SER_4499 misses 5 heavy atom(s)
SER_4853 misses 5 heavy atom(s)
SER_4854 misses 6 heavy atom(s)
SER_4855 misses 5 heavy atom(s)
SER_4856 misses 6 heavy atom(s)
SER_4857 misses 5 heavy atom(s)
SER_4858 misses 6 heavy atom(s)
SER_4859 misses 6 heavy atom(s)
SER_4860 misses 5 heavy atom(s)
SER_4861 misses 6 heavy atom(s)
SER_4862 misses 5 heavy atom(s)
SER_4863 misses 5 heavy atom(s)
SER_4919 misses 5 heavy atom(s)
SER_4920 misses 6 heavy atom(s)
SER_4921 misses 5 heavy atom(s)
SER_4922 misses 6 heavy atom(s)
SER_4923 misses 5 heavy atom(s)
SER_4924 misses 6 heavy atom(s)
SER_4925 misses 6 heavy atom(s)
SER_4926 misses 5 heavy atom(s)
SER_4927 misses 6 heavy atom(s)
SER_4928 misses 5 heavy atom(s)
SER_4929 misses 5 heavy atom(s)
SER_4985 misses 5 heavy atom(s)
SER_4986 misses 6 heavy atom(s)
SER_4987 misses 5 heavy atom(s)
SER_4988 misses 6 heavy atom(s)
SER_4989 misses 5 heavy atom(s)
SER_4990 misses 6 heavy atom(s)
SER_4991 misses 6 heavy atom(s)
SER_4992 misses 5 heavy atom(s)
SER_4993 misses 6 heavy atom(s)
SER_4994 misses 5 heavy atom(s)
SER_4995 misses 5 heavy atom(s)
SER_5051 misses 5 heavy atom(s)
SER_5052 misses 6 heavy atom(s)
SER_5053 misses 5 heavy atom(s)
SER_5054 misses 6 heavy atom(s)
SER_5055 misses 5 heavy atom(s)
SER_5056 misses 6 heavy atom(s)
SER_5057 misses 6 heavy atom(s)
SER_5058 misses 5 heavy atom(s)
SER_5059 misses 6 heavy atom(s)
SER_5060 misses 5 heavy atom(s)
SER_5061 misses 5 heavy atom(s)
SER_5117 misses 5 heavy atom(s)
SER_5118 misses 6 heavy atom(s)
SER_5119 misses 5 heavy atom(s)
SER_5120 misses 6 heavy atom(s)
SER_5121 misses 5 heavy atom(s)
SER_5122 misses 6 heavy atom(s)
SER_5123 misses 6 heavy atom(s)
SER_5124 misses 5 heavy atom(s)
SER_5125 misses 6 heavy atom(s)
SER_5126 misses 5 heavy atom(s)
SER_5127 misses 5 heavy atom(s)
SER_5182 misses 5 heavy atom(s)
SER_5183 misses 6 heavy atom(s)
SER_5184 misses 5 heavy atom(s)
SER_5185 misses 6 heavy atom(s)
SER_5186 misses 5 heavy atom(s)
SER_5187 misses 6 heavy atom(s)
SER_5188 misses 6 heavy atom(s)
SER_5189 misses 5 heavy atom(s)
SER_5190 misses 6 heavy atom(s)
SER_5191 misses 5 heavy atom(s)
SER_5192 misses 5 heavy atom(s)
not prmtop_filename /net/lewis/scratch1/nigel/amber/hi_lo/hs/3hsh/4amber_3hsh.prmtop
not prmtop_filename /net/chevy/raid1/nigel/amber/hi_lo/hs/3hsh/4amber_3hsh.prmtop

	Running AmberPrep : 3hsh.pdb


==================================================
Running pdb4amber on 3hsh.pdb
==================================================

==================================================
Setting up library files for non-standard residues
==================================================

  Residue "GOL" already in amber monomer library. Skipping elbow/antechamber
    run for this residue.
        

  Residue "SO4" already in amber monomer library. Skipping elbow/antechamber
    run for this residue.
        

==================================================
Preparing asu files and 4phenix_3hsh.pdb
==================================================

~> tleap -f 3hsh_asu_tleap_input_run

Checking output filenames
  file : 3hsh_asu.prmtop
  file : 3hsh_asu.rst7

~> ChBox -c 3hsh_asu.rst7 -o 3hsh_asu.rst7 -X 71.745 -Y 71.745 -Z 134.723 -al 90.0 -bt 90.0 -gm 90.0 


============================================================
Preparing unit cell files: 4amber_3hsh.prmtop and 4amber_3hsh.rst7
============================================================

~> UnitCell -p 3hsh_4UnitCell.pdb -o 3hsh_4tleap_uc1.pdb


~> tleap -f 3hsh_uc_tleap_input_run

Checking output filenames
  file : 3hsh_uc.prmtop
Sorry:   Output file is empty : 3hsh_uc.prmtop
  Check contents of "leap.log"
