HOST morse.lbl.gov
only_i 60
only_code None
force_amber_prep True
dry_run False
... 60 1afw
/net/chevy/raid1/nigel/amber/hi_lo
/net/chevy/raid1/nigel/amber/hi_lo/af/1afw
1afw.pdb 4phenix_1afw.pdb
1afw.pdb 4phenix_1afw.pdb
local_archive None
archive PDB None
Reading from local mirror:
  /net/cci/pdb_mirror/pdb/af/pdb1afw.ent.gz
Model saved to /net/morse/raid1/scratch1/nigel/amber/hi_lo/af/1afw/1afw.pdb
Sequence saved to /net/morse/raid1/scratch1/nigel/amber/hi_lo/af/1afw/1afw.fa
Reading from local mirror:
  /net/cci/pdb_mirror/structure_factors/af/r1afwsf.ent.gz
Structure factors saved to /net/morse/raid1/scratch1/nigel/amber/hi_lo/af/1afw/1afw-sf.cif
Reading from local mirror:
  /net/cci/pdb_mirror/mmcif/af/1afw.cif.gz
Model saved to /net/morse/raid1/scratch1/nigel/amber/hi_lo/af/1afw/1afw.cif
Can't determine output label for r1afwsf,_refln.crystal_id - skipping.
Can't determine output label for r1afwsf,_refln.scale_group_code - skipping.
Can't determine output label for r1afwsf,_refln.wavelength_id - skipping.
Converted structure factors saved to 1afw.mtz
local_archive None
archive PDB None
Reading from local mirror:
  /net/cci/pdb_mirror/pdb/af/pdb1afw.ent.gz
Model saved to /net/morse/raid1/scratch1/nigel/amber/hi_lo/af/1afw/1afw.pdb
Sequence saved to /net/morse/raid1/scratch1/nigel/amber/hi_lo/af/1afw/1afw.fa
Reading from local mirror:
  /net/cci/pdb_mirror/structure_factors/af/r1afwsf.ent.gz
Structure factors saved to /net/morse/raid1/scratch1/nigel/amber/hi_lo/af/1afw/1afw-sf.cif
Reading from local mirror:
  /net/cci/pdb_mirror/mmcif/af/1afw.cif.gz
Model saved to /net/morse/raid1/scratch1/nigel/amber/hi_lo/af/1afw/1afw.cif
Can't determine output label for r1afwsf,_refln.crystal_id - skipping.
Can't determine output label for r1afwsf,_refln.scale_group_code - skipping.
Can't determine output label for r1afwsf,_refln.wavelength_id - skipping.
Converted structure factors saved to 1afw.mtz

==================================================
Summary of pdb4amber for: 1afw.pdb
===================================================
REDUCE returned non-zero exit status: See reduce_info.log for more details

----------Chains
The following (original) chains have been found:
A
B

---------- Alternate Locations (Original Residues!))

The following residues had alternate locations:
None

---------- Gaps (Renumbered Residues!)
gap of 4.467947 A between ILE 238 and GLY 239

---------- Mising heavy atom(s)

None

==================================================
Summary of pdb4amber for: 1afw_4tleap_uc1.pdb
===================================================

----------Chains
The following (original) chains have been found:
A
B

---------- Alternate Locations (Original Residues!))

The following residues had alternate locations:
None

---------- Gaps (Renumbered Residues!)
gap of 4.467947 A between ILE 238 and GLY 239
gap of 4.467947 A between ILE 1471 and GLY 1472
gap of 4.467947 A between ILE 2704 and GLY 2705
gap of 4.467947 A between ILE 3937 and GLY 3938

---------- Mising heavy atom(s)

None
not prmtop_filename /net/morse/scratch1/nigel/amber/hi_lo/af/1afw/4amber_1afw.prmtop

	Running AmberPrep : 1afw.pdb


==================================================
Running pdb4amber on 1afw.pdb
==================================================

==================================================
Setting up library files for non-standard residues
==================================================

  Residue "MRD" already in amber monomer library. Skipping elbow/antechamber
    run for this residue.
        

==================================================
Preparing asu files and 4phenix_1afw.pdb
==================================================

~> tleap -f 1afw_asu_tleap_input_run

Checking output filenames
  file : 1afw_asu.prmtop
  file : 1afw_asu.rst7

~> ChBox -c 1afw_asu.rst7 -o 1afw_asu.rst7 -X 71.17 -Y 92.65 -Z 116.72 -al 90.0 -bt 90.0 -gm 90.0 


============================================================
Preparing unit cell files: 4amber_1afw.prmtop and 4amber_1afw.rst7
============================================================

~> UnitCell -p 1afw_4UnitCell.pdb -o 1afw_4tleap_uc1.pdb


~> tleap -f 1afw_uc_tleap_input_run

Checking output filenames
  file : 1afw_uc.prmtop
  file : 1afw_uc.rst7

~> ChBox -c 1afw_uc.rst7 -o 1afw_uc.rst7 -X 71.17 -Y 92.65 -Z 116.72 -al 90.0 -bt 90.0 -gm 90.0 


==================================================
Minimizing input coordinates.
==================================================

~> sander -O -i 1afw_amber_all.in -p 4amber_1afw.prmtop -c 4amber_1afw.rst7 -o 1afw.min.out            -ref 4amber_1afw.rst7 -r 4amber_1afw.min.rst7

checking special positions in 4phenix_1afw.pdb

==================================================
Done.  Three new files have been made:
      4phenix_1afw.pdb
      4amber_1afw.prmtop
      4amber_1afw.rst7
==================================================

Example

  phenix.refine 4phenix_1afw.pdb use_amber=True \
    amber.topology_file_name=4amber_1afw.prmtop \
    amber.coordinate_file_name=4amber_1afw.rst7 \
    ....(other refinement keywords here).....



Substituting Amber PDB file for downloaded file
run_tests_local.py:222: UserWarning: os.system() is not safe: please use the subprocess module or libtbx.easy_run instead.
  os.system(cmd)

  Amber files
    PDB    : 1afw.pdb
    MTZ    : 1afw.mtz
    prmtop : 4amber_1afw.prmtop
    rst7   : 4amber_1afw.rst7
  
/net/morse/raid1/scratch1/nigel/amber/hi_lo/af/1afw
return_files 1afw
/net/chevy/raid1/nigel/amber/hi_lo
4amber_1afw.pdb
4phenix_1afw.pdb
cp 4phenix_1afw.pdb /net/chevy/raid1/nigel/amber/hi_lo/af/1afw
1afw.pdb
cp 1afw.pdb /net/chevy/raid1/nigel/amber/hi_lo/af/1afw
4amber_1afw.mtz
4phenix_1afw.mtz
1afw.mtz
cp 1afw.mtz /net/chevy/raid1/nigel/amber/hi_lo/af/1afw
4amber_1afw.rst7
cp 4amber_1afw.rst7 /net/chevy/raid1/nigel/amber/hi_lo/af/1afw
4phenix_1afw.rst7
1afw.rst7
4amber_1afw.prmtop
cp 4amber_1afw.prmtop /net/chevy/raid1/nigel/amber/hi_lo/af/1afw
4phenix_1afw.prmtop
1afw.prmtop
4amber_1afw_refine_001.log
4phenix_1afw_refine_001.log
1afw_refine_001.log
4amber_1afw_refine_002.log
4phenix_1afw_refine_002.log
1afw_refine_002.log
4amber_1afw_refine_001.pdb
4phenix_1afw_refine_001.pdb
1afw_refine_001.pdb
4amber_1afw_refine_002.pdb
4phenix_1afw_refine_002.pdb
1afw_refine_002.pdb
local_archive /net/chevy/raid1/nigel/amber/hi_lo
archive PDB /net/chevy/raid1/nigel/amber/hi_lo/af/1afw/1afw.pdb
/net/morse/raid1/scratch1/nigel/amber/hi_lo/af/1afw
------------------------------
phenix.refine log filename ? > /net/chevy/raid1/nigel/amber/hi_lo/af/1afw/1afw_refine_001.log
------------------------------

	Already done (on chevy) 1afw_refine_001
------------------------------
phenix.refine log filename ? > /net/chevy/raid1/nigel/amber/hi_lo/af/1afw/1afw_refine_002.log
------------------------------

	Already done (on chevy) 1afw_refine_002
