HOST rebus.lbl.gov
only_i 63
only_code None
force_amber_prep True
dry_run False
1 1z3z,A,2.900,1zod,A,1.800
2 1psi,A,2.920,3ndd,A,1.500
3 3bpo,A,3.000,3l5w,I,2.000
4 1e6j,P,3.000,3mge,A,1.900
5 1r46,A,3.250,3hg3,A,1.900
6 2j0g,A,2.850,2j1g,A,1.950
7 1nsk,L,2.800,3bbb,A,1.300
8 1t04,B,3.000,1t3f,B,2.000
9 1kiu,B,3.000,1ze3,H,1.840
10 1kv3,A,2.800,2q3z,A,2.000
11 1wqs,A,2.800,2iph,A,1.750
12 3gwp,A,2.900,3i16,A,2.000
13 1c0n,A,2.800,1kmj,A,2.000
14 2r8j,A,3.100,3oha,A,2.000
15 1z5s,C,3.010,2grn,B,1.800
16 3icq,B,3.200,3m1i,A,2.000
17 1nb3,I,2.800,3kfq,C,1.990
18 1otc,A,2.800,2i0q,A,1.910
19 1ue8,A,3.000,3b4x,A,1.940
20 1a4o,A,2.800,2o02,A,1.500
21 1t6i,A,2.810,3g4z,A,1.870
22 1de9,A,3.000,2o3h,A,1.900
23 2j6e,L,3.000,3n9g,L,1.434
24 3hrk,A,3.050,3lc0,A,1.800
25 2ecp,A,2.950,2asv,A,1.950
26 1z8l,A,3.500,2xeg,A,1.590
27 1ere,A,3.100,2r6w,A,2.000
28 1xni,A,2.800,3lh0,A,1.900
29 2pl0,A,2.800,3mpm,A,1.950
30 1pxt,A,2.800,1afw,A,1.800
31 1bmf,A,2.850,2jdi,A,1.900
32 2g3k,A,3.050,2j9u,A,2.000
... 63 2g3k
/net/chevy/raid1/nigel/amber/hi_lo
/net/chevy/raid1/nigel/amber/hi_lo/g3/2g3k
2g3k.pdb 4phenix_2g3k.pdb
local_archive None
archive PDB None
Reading from local mirror:
  /net/cci/pdb_mirror/pdb/g3/pdb2g3k.ent.gz
Model saved to /net/rebus/raid1/scratch1/nigel/amber/hi_lo/g3/2g3k/2g3k.pdb
Sequence saved to /net/rebus/raid1/scratch1/nigel/amber/hi_lo/g3/2g3k/2g3k.fa
Reading from local mirror:
  /net/cci/pdb_mirror/structure_factors/g3/r2g3ksf.ent.gz
Structure factors saved to /net/rebus/raid1/scratch1/nigel/amber/hi_lo/g3/2g3k/2g3k-sf.cif
Reading from local mirror:
  /net/cci/pdb_mirror/mmcif/g3/2g3k.cif.gz
Model saved to /net/rebus/raid1/scratch1/nigel/amber/hi_lo/g3/2g3k/2g3k.cif
Can't determine output label for r2g3ksf,_refln.crystal_id - skipping.
Can't determine output label for r2g3ksf,_refln.scale_group_code - skipping.
Can't determine output label for r2g3ksf,_refln.wavelength_id - skipping.
Can't determine output label for r2g3kAsf,_refln.crystal_id - skipping.
Can't determine output label for r2g3kAsf,_refln.scale_group_code - skipping.
Can't determine output label for r2g3kAsf,wavelength_id=1,_refln.status - skipping.
Can't determine output label for r2g3kAsf,_refln.wavelength_id - skipping.
Converted structure factors saved to 2g3k.mtz
  I(+),SIGI(+),I(-),SIGI(-) is anomalous
local_archive None
archive PDB None
Reading from local mirror:
  /net/cci/pdb_mirror/pdb/g3/pdb2g3k.ent.gz
Model saved to /net/rebus/raid1/scratch1/nigel/amber/hi_lo/g3/2g3k/2g3k.pdb
Sequence saved to /net/rebus/raid1/scratch1/nigel/amber/hi_lo/g3/2g3k/2g3k.fa
Reading from local mirror:
  /net/cci/pdb_mirror/structure_factors/g3/r2g3ksf.ent.gz
Structure factors saved to /net/rebus/raid1/scratch1/nigel/amber/hi_lo/g3/2g3k/2g3k-sf.cif
Reading from local mirror:
  /net/cci/pdb_mirror/mmcif/g3/2g3k.cif.gz
Model saved to /net/rebus/raid1/scratch1/nigel/amber/hi_lo/g3/2g3k/2g3k.cif
Can't determine output label for r2g3ksf,_refln.crystal_id - skipping.
Can't determine output label for r2g3ksf,_refln.scale_group_code - skipping.
Can't determine output label for r2g3ksf,_refln.wavelength_id - skipping.
Can't determine output label for r2g3kAsf,_refln.crystal_id - skipping.
Can't determine output label for r2g3kAsf,_refln.scale_group_code - skipping.
Can't determine output label for r2g3kAsf,wavelength_id=1,_refln.status - skipping.
Can't determine output label for r2g3kAsf,_refln.wavelength_id - skipping.
Converted structure factors saved to 2g3k.mtz
  I(+),SIGI(+),I(-),SIGI(-) is anomalous

==================================================
Summary of pdb4amber for: 2g3k.pdb
===================================================
REDUCE returned non-zero exit status: See reduce_info.log for more details

----------Chains
The following (original) chains have been found:
A
B
C
D
E
F
G

---------- Alternate Locations (Original Residues!))

The following residues had alternate locations:
None

---------- Gaps (Renumbered Residues!)
gap of 3.251750 A between VAL 16 and ASP 18
gap of 3.142998 A between VAL 110 and ASP 112
gap of 3.112624 A between VAL 204 and ASP 206
gap of 3.105493 A between VAL 298 and ASP 300
gap of 3.154800 A between VAL 392 and ASP 394
gap of 3.340381 A between VAL 486 and ASP 488
gap of 3.293024 A between VAL 580 and ASP 582

---------- Mising heavy atom(s)

None
not prmtop_filename /net/rebus/scratch1/nigel/amber/hi_lo/g3/2g3k/4amber_2g3k.prmtop
not prmtop_filename /net/chevy/raid1/nigel/amber/hi_lo/g3/2g3k/4amber_2g3k.prmtop

	Running AmberPrep : 2g3k.pdb


==================================================
Running pdb4amber on 2g3k.pdb
==================================================

==================================================
Setting up library files for non-standard residues
==================================================

==================================================
Running elbow/antechamber for MSE 
==================================================
--------------------------------------------------------------------------------
['/tmp/6368459.63.all.q/tmpAcSa9Y', '/tmp/6368459.63.all.q/tmpl8Z1oR']
/tmp/6368459.63.all.q/tmpAcSa9Y
  Monomer Library directory:
    "/net/cci-filer2/raid1/xp/phenix/phenix-svn/modules/chem_data/mon_lib"
  Total number of atoms: 19
  Number of models: 1
  Model: ""
    Number of chains: 1
    Chain: "A"
      Number of atoms: 19
      Number of conformers: 1
      Conformer: ""
        Number of residues, atoms: 1, 17
          Duplicate atoms: {'MSE,HB2': 1, 'MSE,HG2': 1}
          Classifications: {'peptide': 1}
  Number of atoms with unknown nonbonded energy type symbols: 2
    "HETATM   13  HB3 MSE A   1 .*.A    H  "
    "HETATM   15  HG3 MSE A   1 .*.A    H  "
  Time building chain proxies: 0.01, per 1000 atoms: 0.53

--------------------------------------------------------------------------------

  Not all atoms are connected (distances greater than 1.95 A)
  Attempting to connect the groups using a longer cutoff

MoleculeClass :  C: 5  N: 1  O: 2 Se: 1 (CHEMICAL COMPONENTS format)
	19 atoms
	18 bonds
	31 angles
	36 dihedrals
	0 rings (groups, rings, atoms) 0 0
	1 chirals : S 

~> antechamber -i 4antechamber_MSE.pdb -fi pdb -o MSE.mol2 -fo mol2       -nc -1 -m 1 -s 2 -pf y -c bcc -at gaff2 -ek "qm_theory='AM1', grms_tol=0.0005, scfconv=1.d-10, maxcyc=0, ndiis_attempts=700,"


~> parmchk2 -s 2 -i MSE.mol2 -f mol2 -o MSE.frcmod


==================================================
Preparing asu files and 4phenix_2g3k.pdb
==================================================

~> tleap -f 2g3k_asu_tleap_input_run

Checking output filenames
  file : 2g3k_asu.prmtop
Sorry:   Output file is empty : 2g3k_asu.prmtop
  Check contents of "leap.log"
