HOST morse.lbl.gov
only_i 372
only_code None
force_amber_prep True
dry_run False
... 372 1bww
/net/chevy/raid1/nigel/amber/hi_lo
/net/chevy/raid1/nigel/amber/hi_lo/bw/1bww
1bww.pdb 4phenix_1bww.pdb
1bww.pdb 4phenix_1bww.pdb
local_archive None
archive PDB None
Reading from local mirror:
  /net/cci/pdb_mirror/pdb/bw/pdb1bww.ent.gz
Model saved to /net/morse/raid1/scratch1/nigel/amber/hi_lo/bw/1bww/1bww.pdb
Sequence saved to /net/morse/raid1/scratch1/nigel/amber/hi_lo/bw/1bww/1bww.fa
Reading from local mirror:
  /net/cci/pdb_mirror/structure_factors/bw/r1bwwsf.ent.gz
Structure factors saved to /net/morse/raid1/scratch1/nigel/amber/hi_lo/bw/1bww/1bww-sf.cif
Reading from local mirror:
  /net/cci/pdb_mirror/mmcif/bw/1bww.cif.gz
Model saved to /net/morse/raid1/scratch1/nigel/amber/hi_lo/bw/1bww/1bww.cif
Can't determine output label for r1bwwsf,_refln.crystal_id - skipping.
Can't determine output label for r1bwwsf,_refln.scale_group_code - skipping.
Can't determine output label for r1bwwsf,_refln.wavelength_id - skipping.
Converted structure factors saved to 1bww.mtz
local_archive None
archive PDB None
Reading from local mirror:
  /net/cci/pdb_mirror/pdb/bw/pdb1bww.ent.gz
Model saved to /net/morse/raid1/scratch1/nigel/amber/hi_lo/bw/1bww/1bww.pdb
Sequence saved to /net/morse/raid1/scratch1/nigel/amber/hi_lo/bw/1bww/1bww.fa
Reading from local mirror:
  /net/cci/pdb_mirror/structure_factors/bw/r1bwwsf.ent.gz
Structure factors saved to /net/morse/raid1/scratch1/nigel/amber/hi_lo/bw/1bww/1bww-sf.cif
Reading from local mirror:
  /net/cci/pdb_mirror/mmcif/bw/1bww.cif.gz
Model saved to /net/morse/raid1/scratch1/nigel/amber/hi_lo/bw/1bww/1bww.cif
Can't determine output label for r1bwwsf,_refln.crystal_id - skipping.
Can't determine output label for r1bwwsf,_refln.scale_group_code - skipping.
Can't determine output label for r1bwwsf,_refln.wavelength_id - skipping.
Converted structure factors saved to 1bww.mtz

==================================================
Summary of pdb4amber for: 1bww.pdb
===================================================

----------Chains
The following (original) chains have been found:
A
B

---------- Alternate Locations (Original Residues!))

The following residues had alternate locations:
CYS_25
ARG_63
CYS_134
ARG_172

---------- Mising heavy atom(s)

None
The alternate coordinates have been discarded.
Only the first occurrence for each atom was kept.

==================================================
Summary of pdb4amber for: 1bww_4tleap_uc1.pdb
===================================================

----------Chains
The following (original) chains have been found:
A
B

---------- Alternate Locations (Original Residues!))

The following residues had alternate locations:
None

---------- Mising heavy atom(s)

None
not prmtop_filename /net/morse/scratch1/nigel/amber/hi_lo/bw/1bww/4amber_1bww.prmtop

	Running AmberPrep : 1bww.pdb


==================================================
Running pdb4amber on 1bww.pdb
==================================================

==================================================
Setting up library files for non-standard residues
==================================================

==================================================
Preparing asu files and 4phenix_1bww.pdb
==================================================

~> tleap -f 1bww_asu_tleap_input_run

Checking output filenames
  file : 1bww_asu.prmtop
  file : 1bww_asu.rst7

~> ChBox -c 1bww_asu.rst7 -o 1bww_asu.rst7 -X 35.4 -Y 40.1 -Z 43.1 -al 66.9 -bt 85.4 -gm 73.8 


============================================================
Preparing unit cell files: 4amber_1bww.prmtop and 4amber_1bww.rst7
============================================================

~> UnitCell -p 1bww_4UnitCell.pdb -o 1bww_4tleap_uc1.pdb


~> tleap -f 1bww_uc_tleap_input_run

Checking output filenames
  file : 1bww_uc.prmtop
  file : 1bww_uc.rst7

~> ChBox -c 1bww_uc.rst7 -o 1bww_uc.rst7 -X 35.4 -Y 40.1 -Z 43.1 -al 66.9 -bt 85.4 -gm 73.8 


==================================================
Minimizing input coordinates.
==================================================

~> sander -O -i 1bww_amber_all.in -p 4amber_1bww.prmtop -c 4amber_1bww.rst7 -o 1bww.min.out            -ref 4amber_1bww.rst7 -r 4amber_1bww.min.rst7

checking special positions in 4phenix_1bww.pdb

==================================================
Done.  Three new files have been made:
      4phenix_1bww.pdb
      4amber_1bww.prmtop
      4amber_1bww.rst7
==================================================

Example

  phenix.refine 4phenix_1bww.pdb use_amber=True \
    amber.topology_file_name=4amber_1bww.prmtop \
    amber.coordinate_file_name=4amber_1bww.rst7 \
    ....(other refinement keywords here).....



Substituting Amber PDB file for downloaded file
run_tests_local.py:222: UserWarning: os.system() is not safe: please use the subprocess module or libtbx.easy_run instead.
  os.system(cmd)

  Amber files
    PDB    : 1bww.pdb
    MTZ    : 1bww.mtz
    prmtop : 4amber_1bww.prmtop
    rst7   : 4amber_1bww.rst7
  
/net/morse/raid1/scratch1/nigel/amber/hi_lo/bw/1bww
return_files 1bww
/net/chevy/raid1/nigel/amber/hi_lo
4amber_1bww.pdb
4phenix_1bww.pdb
cp 4phenix_1bww.pdb /net/chevy/raid1/nigel/amber/hi_lo/bw/1bww
1bww.pdb
cp 1bww.pdb /net/chevy/raid1/nigel/amber/hi_lo/bw/1bww
4amber_1bww.mtz
4phenix_1bww.mtz
1bww.mtz
cp 1bww.mtz /net/chevy/raid1/nigel/amber/hi_lo/bw/1bww
4amber_1bww.rst7
cp 4amber_1bww.rst7 /net/chevy/raid1/nigel/amber/hi_lo/bw/1bww
4phenix_1bww.rst7
1bww.rst7
4amber_1bww.prmtop
cp 4amber_1bww.prmtop /net/chevy/raid1/nigel/amber/hi_lo/bw/1bww
4phenix_1bww.prmtop
1bww.prmtop
4amber_1bww_refine_001.log
4phenix_1bww_refine_001.log
1bww_refine_001.log
4amber_1bww_refine_002.log
4phenix_1bww_refine_002.log
1bww_refine_002.log
4amber_1bww_refine_001.pdb
4phenix_1bww_refine_001.pdb
1bww_refine_001.pdb
4amber_1bww_refine_002.pdb
4phenix_1bww_refine_002.pdb
1bww_refine_002.pdb
local_archive /net/chevy/raid1/nigel/amber/hi_lo
archive PDB /net/chevy/raid1/nigel/amber/hi_lo/bw/1bww/1bww.pdb
/net/morse/raid1/scratch1/nigel/amber/hi_lo/bw/1bww
------------------------------
phenix.refine log filename ? > /net/chevy/raid1/nigel/amber/hi_lo/bw/1bww/1bww_refine_001.log
------------------------------

	Already done (on chevy) 1bww_refine_001
------------------------------
phenix.refine log filename ? > /net/chevy/raid1/nigel/amber/hi_lo/bw/1bww/1bww_refine_002.log
------------------------------

	Already done (on chevy) 1bww_refine_002
