HOST lewis.lbl.gov
only_i 207
only_code None
force_amber_prep True
dry_run False
... 207 3l0p
/net/chevy/raid1/nigel/amber/hi_lo
/net/chevy/raid1/nigel/amber/hi_lo/l0/3l0p
3l0p.pdb 4phenix_3l0p.pdb
3l0p.pdb 4phenix_3l0p.pdb
local_archive None
archive PDB None
Reading from local mirror:
  /net/cci/pdb_mirror/pdb/l0/pdb3l0p.ent.gz
Model saved to /net/lewis/raid1/scratch1/nigel/amber/hi_lo/l0/3l0p/3l0p.pdb
Traceback (most recent call last):
  File "/net/cci-filer2/raid1/xp/phenix/phenix-svn/build/../modules/cctbx_project/mmtbx/command_line/fetch_pdb.py", line 199, in <module>
    run2(sys.argv[1:])
  File "/net/cci-filer2/raid1/xp/phenix/phenix-svn/build/../modules/cctbx_project/mmtbx/command_line/fetch_pdb.py", line 155, in run2
    files.append(get_pdb(id, data_type_, mirror, log, format=data_format))
  File "/net/cci-filer2/raid1/xp/phenix/phenix-svn/modules/cctbx_project/iotbx/pdb/fetch.py", line 213, in get_pdb
    data = fetch(id, data_type, mirror=mirror, format=format, log=log)
  File "/net/cci-filer2/raid1/xp/phenix/phenix-svn/modules/cctbx_project/iotbx/pdb/fetch.py", line 150, in fetch
    data = libtbx.utils.urlopen(url)
  File "/net/cci-filer2/raid1/xp/phenix/phenix-svn/modules/cctbx_project/libtbx/utils.py", line 2069, in urlopen
    return urllib2.urlopen(*args, **kwds)
  File "/net/cci-filer2/raid1/xp/phenix/phenix-svn/base/lib/python2.7/urllib2.py", line 127, in urlopen
    return _opener.open(url, data, timeout)
  File "/net/cci-filer2/raid1/xp/phenix/phenix-svn/base/lib/python2.7/urllib2.py", line 404, in open
    response = self._open(req, data)
  File "/net/cci-filer2/raid1/xp/phenix/phenix-svn/base/lib/python2.7/urllib2.py", line 422, in _open
    '_open', req)
  File "/net/cci-filer2/raid1/xp/phenix/phenix-svn/base/lib/python2.7/urllib2.py", line 382, in _call_chain
    result = func(*args)
  File "/net/cci-filer2/raid1/xp/phenix/phenix-svn/base/lib/python2.7/urllib2.py", line 1214, in http_open
    return self.do_open(httplib.HTTPConnection, req)
  File "/net/cci-filer2/raid1/xp/phenix/phenix-svn/base/lib/python2.7/urllib2.py", line 1184, in do_open
    raise URLError(err)
urllib2.URLError: <urlopen error [Errno 110] Connection timed out>
local_archive None
archive PDB None
Reading from local mirror:
  /net/cci/pdb_mirror/pdb/l0/pdb3l0p.ent.gz
Model saved to /net/lewis/raid1/scratch1/nigel/amber/hi_lo/l0/3l0p/3l0p.pdb
Traceback (most recent call last):
  File "/net/cci-filer2/raid1/xp/phenix/phenix-svn/build/../modules/cctbx_project/mmtbx/command_line/fetch_pdb.py", line 199, in <module>
    run2(sys.argv[1:])
  File "/net/cci-filer2/raid1/xp/phenix/phenix-svn/build/../modules/cctbx_project/mmtbx/command_line/fetch_pdb.py", line 155, in run2
    files.append(get_pdb(id, data_type_, mirror, log, format=data_format))
  File "/net/cci-filer2/raid1/xp/phenix/phenix-svn/modules/cctbx_project/iotbx/pdb/fetch.py", line 213, in get_pdb
    data = fetch(id, data_type, mirror=mirror, format=format, log=log)
  File "/net/cci-filer2/raid1/xp/phenix/phenix-svn/modules/cctbx_project/iotbx/pdb/fetch.py", line 150, in fetch
    data = libtbx.utils.urlopen(url)
  File "/net/cci-filer2/raid1/xp/phenix/phenix-svn/modules/cctbx_project/libtbx/utils.py", line 2069, in urlopen
    return urllib2.urlopen(*args, **kwds)
  File "/net/cci-filer2/raid1/xp/phenix/phenix-svn/base/lib/python2.7/urllib2.py", line 127, in urlopen
    return _opener.open(url, data, timeout)
  File "/net/cci-filer2/raid1/xp/phenix/phenix-svn/base/lib/python2.7/urllib2.py", line 404, in open
    response = self._open(req, data)
  File "/net/cci-filer2/raid1/xp/phenix/phenix-svn/base/lib/python2.7/urllib2.py", line 422, in _open
    '_open', req)
  File "/net/cci-filer2/raid1/xp/phenix/phenix-svn/base/lib/python2.7/urllib2.py", line 382, in _call_chain
    result = func(*args)
  File "/net/cci-filer2/raid1/xp/phenix/phenix-svn/base/lib/python2.7/urllib2.py", line 1214, in http_open
    return self.do_open(httplib.HTTPConnection, req)
  File "/net/cci-filer2/raid1/xp/phenix/phenix-svn/base/lib/python2.7/urllib2.py", line 1184, in do_open
    raise URLError(err)
urllib2.URLError: <urlopen error [Errno 110] Connection timed out>

==================================================
Summary of pdb4amber for: 3l0p.pdb
===================================================

----------Chains
The following (original) chains have been found:
A

---------- Alternate Locations (Original Residues!))

The following residues had alternate locations:
ARG_152

---------- Gaps (Renumbered Residues!)
gap of 4.047481 A between GLU 208 and SER 209

---------- Mising heavy atom(s)

LYS_23 misses 4 heavy atom(s)
LYS_75 misses 4 heavy atom(s)
LYS_77 misses 4 heavy atom(s)
ASP_83 misses 3 heavy atom(s)
GLU_117 misses 4 heavy atom(s)
LYS_120 misses 4 heavy atom(s)
LYS_145 misses 4 heavy atom(s)
ASP_149 misses 3 heavy atom(s)
LYS_197 misses 4 heavy atom(s)
GLU_208 misses 4 heavy atom(s)
SER_209 misses 1 heavy atom(s)
ASP_211 misses 3 heavy atom(s)
SER_212 misses 1 heavy atom(s)
LYS_214 misses 4 heavy atom(s)
LEU_218 misses 3 heavy atom(s)
The alternate coordinates have been discarded.
Only the first occurrence for each atom was kept.

==================================================
Summary of pdb4amber for: 3l0p_4tleap_uc1.pdb
===================================================

----------Chains
The following (original) chains have been found:
A

---------- Alternate Locations (Original Residues!))

The following residues had alternate locations:
None

---------- Gaps (Renumbered Residues!)
gap of 4.047481 A between GLU 208 and SER 209
gap of 4.047481 A between GLU 440 and SER 441
gap of 4.047481 A between GLU 672 and SER 673
gap of 4.047481 A between GLU 904 and SER 905
gap of 4.047481 A between GLU 1136 and SER 1137
gap of 4.047481 A between GLU 1368 and SER 1369
gap of 4.047481 A between GLU 1600 and SER 1601
gap of 4.047481 A between GLU 1832 and SER 1833

---------- Mising heavy atom(s)

None
not prmtop_filename /net/lewis/scratch1/nigel/amber/hi_lo/l0/3l0p/4amber_3l0p.prmtop

	Running AmberPrep : 3l0p.pdb


==================================================
Running pdb4amber on 3l0p.pdb
==================================================

==================================================
Setting up library files for non-standard residues
==================================================

  Residue "GOL" already in amber monomer library. Skipping elbow/antechamber
    run for this residue.
        

==================================================
Preparing asu files and 4phenix_3l0p.pdb
==================================================

~> tleap -f 3l0p_asu_tleap_input_run

Checking output filenames
  file : 3l0p_asu.prmtop
  file : 3l0p_asu.rst7

~> ChBox -c 3l0p_asu.rst7 -o 3l0p_asu.rst7 -X 38.8 -Y 119.16 -Z 146.71 -al 90.0 -bt 90.0 -gm 90.0 


============================================================
Preparing unit cell files: 4amber_3l0p.prmtop and 4amber_3l0p.rst7
============================================================

~> UnitCell -p 3l0p_4UnitCell.pdb -o 3l0p_4tleap_uc1.pdb


~> tleap -f 3l0p_uc_tleap_input_run

Checking output filenames
  file : 3l0p_uc.prmtop
  file : 3l0p_uc.rst7

~> ChBox -c 3l0p_uc.rst7 -o 3l0p_uc.rst7 -X 38.8 -Y 119.16 -Z 146.71 -al 90.0 -bt 90.0 -gm 90.0 


==================================================
Minimizing input coordinates.
==================================================

~> sander -O -i 3l0p_amber_all.in -p 4amber_3l0p.prmtop -c 4amber_3l0p.rst7 -o 3l0p.min.out            -ref 4amber_3l0p.rst7 -r 4amber_3l0p.min.rst7

checking special positions in 4phenix_3l0p.pdb

==================================================
Done.  Three new files have been made:
      4phenix_3l0p.pdb
      4amber_3l0p.prmtop
      4amber_3l0p.rst7
==================================================

Example

  phenix.refine 4phenix_3l0p.pdb use_amber=True \
    amber.topology_file_name=4amber_3l0p.prmtop \
    amber.coordinate_file_name=4amber_3l0p.rst7 \
    ....(other refinement keywords here).....



Substituting Amber PDB file for downloaded file
run_tests_local.py:222: UserWarning: os.system() is not safe: please use the subprocess module or libtbx.easy_run instead.
  os.system(cmd)

  Amber files
    PDB    : 3l0p.pdb
    MTZ    : 3l0p.mtz
    prmtop : 4amber_3l0p.prmtop
    rst7   : 4amber_3l0p.rst7
  
/net/lewis/raid1/scratch1/nigel/amber/hi_lo/l0/3l0p
return_files 3l0p
/net/chevy/raid1/nigel/amber/hi_lo
4amber_3l0p.pdb
4phenix_3l0p.pdb
cp 4phenix_3l0p.pdb /net/chevy/raid1/nigel/amber/hi_lo/l0/3l0p
3l0p.pdb
cp 3l0p.pdb /net/chevy/raid1/nigel/amber/hi_lo/l0/3l0p
4amber_3l0p.mtz
4phenix_3l0p.mtz
3l0p.mtz
cp 3l0p.mtz /net/chevy/raid1/nigel/amber/hi_lo/l0/3l0p
4amber_3l0p.rst7
cp 4amber_3l0p.rst7 /net/chevy/raid1/nigel/amber/hi_lo/l0/3l0p
4phenix_3l0p.rst7
3l0p.rst7
4amber_3l0p.prmtop
cp 4amber_3l0p.prmtop /net/chevy/raid1/nigel/amber/hi_lo/l0/3l0p
4phenix_3l0p.prmtop
3l0p.prmtop
4amber_3l0p_refine_001.log
4phenix_3l0p_refine_001.log
3l0p_refine_001.log
4amber_3l0p_refine_002.log
4phenix_3l0p_refine_002.log
3l0p_refine_002.log
4amber_3l0p_refine_001.pdb
4phenix_3l0p_refine_001.pdb
3l0p_refine_001.pdb
4amber_3l0p_refine_002.pdb
4phenix_3l0p_refine_002.pdb
3l0p_refine_002.pdb
local_archive /net/chevy/raid1/nigel/amber/hi_lo
archive PDB /net/chevy/raid1/nigel/amber/hi_lo/l0/3l0p/3l0p.pdb
/net/lewis/raid1/scratch1/nigel/amber/hi_lo/l0/3l0p
------------------------------
phenix.refine log filename ? > /net/chevy/raid1/nigel/amber/hi_lo/l0/3l0p/3l0p_refine_001.log
------------------------------

	Already done (on chevy) 3l0p_refine_001
------------------------------
phenix.refine log filename ? > /net/chevy/raid1/nigel/amber/hi_lo/l0/3l0p/3l0p_refine_002.log
------------------------------

	Already done (on chevy) 3l0p_refine_002
