HOST morse.lbl.gov
only_i 155
only_code None
force_amber_prep True
dry_run False
... 155 2a7r
/net/chevy/raid1/nigel/amber/hi_lo
/net/chevy/raid1/nigel/amber/hi_lo/a7/2a7r
2a7r.pdb 4phenix_2a7r.pdb
2a7r.pdb 4phenix_2a7r.pdb
local_archive None
archive PDB None
Reading from local mirror:
  /net/cci/pdb_mirror/pdb/a7/pdb2a7r.ent.gz
Model saved to /net/morse/raid1/scratch1/nigel/amber/hi_lo/a7/2a7r/2a7r.pdb
Sequence saved to /net/morse/raid1/scratch1/nigel/amber/hi_lo/a7/2a7r/2a7r.fa
Reading from local mirror:
  /net/cci/pdb_mirror/structure_factors/a7/r2a7rsf.ent.gz
Structure factors saved to /net/morse/raid1/scratch1/nigel/amber/hi_lo/a7/2a7r/2a7r-sf.cif
Reading from local mirror:
  /net/cci/pdb_mirror/mmcif/a7/2a7r.cif.gz
Model saved to /net/morse/raid1/scratch1/nigel/amber/hi_lo/a7/2a7r/2a7r.cif
Can't determine output label for r2a7rsf,_refln.crystal_id - skipping.
Can't determine output label for r2a7rsf,_refln.scale_group_code - skipping.
Can't determine output label for r2a7rsf,_refln.wavelength_id - skipping.
Converted structure factors saved to 2a7r.mtz
local_archive None
archive PDB None
Reading from local mirror:
  /net/cci/pdb_mirror/pdb/a7/pdb2a7r.ent.gz
Model saved to /net/morse/raid1/scratch1/nigel/amber/hi_lo/a7/2a7r/2a7r.pdb
Sequence saved to /net/morse/raid1/scratch1/nigel/amber/hi_lo/a7/2a7r/2a7r.fa
Reading from local mirror:
  /net/cci/pdb_mirror/structure_factors/a7/r2a7rsf.ent.gz
Structure factors saved to /net/morse/raid1/scratch1/nigel/amber/hi_lo/a7/2a7r/2a7r-sf.cif
Reading from local mirror:
  /net/cci/pdb_mirror/mmcif/a7/2a7r.cif.gz
Model saved to /net/morse/raid1/scratch1/nigel/amber/hi_lo/a7/2a7r/2a7r.cif
Can't determine output label for r2a7rsf,_refln.crystal_id - skipping.
Can't determine output label for r2a7rsf,_refln.scale_group_code - skipping.
Can't determine output label for r2a7rsf,_refln.wavelength_id - skipping.
Converted structure factors saved to 2a7r.mtz

==================================================
Summary of pdb4amber for: 2a7r.pdb
===================================================

----------Chains
The following (original) chains have been found:
A
B
C
D

---------- Alternate Locations (Original Residues!))

The following residues had alternate locations:
None

---------- Gaps (Renumbered Residues!)
gap of 3.531637 A between ARG 624 and SER 625
gap of 14.694285 A between TYR 953 and GLY 954
gap of 7.192562 A between TYR 1269 and GLY 1270

---------- Mising heavy atom(s)

HIS_3 misses 5 heavy atom(s)
LYS_13 misses 4 heavy atom(s)
ARG_21 misses 6 heavy atom(s)
LYS_25 misses 4 heavy atom(s)
SER_26 misses 1 heavy atom(s)
ARG_27 misses 6 heavy atom(s)
GLU_29 misses 4 heavy atom(s)
SER_35 misses 1 heavy atom(s)
LYS_65 misses 4 heavy atom(s)
LYS_69 misses 4 heavy atom(s)
SER_81 misses 1 heavy atom(s)
GLN_91 misses 4 heavy atom(s)
PRO_93 misses 2 heavy atom(s)
SER_107 misses 1 heavy atom(s)
SER_108 misses 1 heavy atom(s)
LYS_124 misses 4 heavy atom(s)
VAL_130 misses 2 heavy atom(s)
SER_135 misses 1 heavy atom(s)
HIS_137 misses 5 heavy atom(s)
GLU_140 misses 4 heavy atom(s)
LYS_143 misses 4 heavy atom(s)
LYS_147 misses 4 heavy atom(s)
SER_171 misses 1 heavy atom(s)
SER_184 misses 1 heavy atom(s)
VAL_185 misses 2 heavy atom(s)
LYS_190 misses 4 heavy atom(s)
LYS_191 misses 4 heavy atom(s)
LYS_213 misses 4 heavy atom(s)
LEU_255 misses 3 heavy atom(s)
ASP_259 misses 3 heavy atom(s)
GLU_272 misses 4 heavy atom(s)
LYS_276 misses 4 heavy atom(s)
LYS_277 misses 4 heavy atom(s)
TYR_278 misses 7 heavy atom(s)
LYS_291 misses 4 heavy atom(s)
VAL_293 misses 2 heavy atom(s)
VAL_295 misses 2 heavy atom(s)
LYS_298 misses 4 heavy atom(s)
LYS_323 misses 4 heavy atom(s)
LYS_325 misses 4 heavy atom(s)
ARG_329 misses 6 heavy atom(s)
ARG_335 misses 6 heavy atom(s)
THR_337 misses 2 heavy atom(s)
GLN_338 misses 4 heavy atom(s)
HIS_341 misses 5 heavy atom(s)
LYS_351 misses 4 heavy atom(s)
LYS_363 misses 4 heavy atom(s)
SER_364 misses 1 heavy atom(s)
ARG_365 misses 6 heavy atom(s)
GLU_367 misses 4 heavy atom(s)
SER_373 misses 1 heavy atom(s)
LYS_403 misses 4 heavy atom(s)
LYS_407 misses 4 heavy atom(s)
LYS_416 misses 4 heavy atom(s)
SER_419 misses 1 heavy atom(s)
GLU_425 misses 4 heavy atom(s)
GLN_429 misses 4 heavy atom(s)
PRO_431 misses 2 heavy atom(s)
SER_445 misses 1 heavy atom(s)
SER_446 misses 1 heavy atom(s)
GLU_449 misses 4 heavy atom(s)
GLN_450 misses 4 heavy atom(s)
GLN_453 misses 4 heavy atom(s)
VAL_468 misses 2 heavy atom(s)
GLU_474 misses 4 heavy atom(s)
LYS_485 misses 4 heavy atom(s)
SER_509 misses 1 heavy atom(s)
SER_522 misses 1 heavy atom(s)
VAL_523 misses 2 heavy atom(s)
LYS_528 misses 4 heavy atom(s)
LYS_529 misses 4 heavy atom(s)
LYS_551 misses 4 heavy atom(s)
GLU_592 misses 4 heavy atom(s)
ILE_594 misses 3 heavy atom(s)
GLU_595 misses 4 heavy atom(s)
LYS_600 misses 4 heavy atom(s)
LEU_603 misses 3 heavy atom(s)
GLU_610 misses 4 heavy atom(s)
LYS_614 misses 4 heavy atom(s)
LYS_615 misses 4 heavy atom(s)
TYR_616 misses 7 heavy atom(s)
LYS_628 misses 4 heavy atom(s)
THR_629 misses 2 heavy atom(s)
VAL_630 misses 2 heavy atom(s)
GLU_631 misses 4 heavy atom(s)
VAL_632 misses 2 heavy atom(s)
THR_674 misses 2 heavy atom(s)
GLN_675 misses 4 heavy atom(s)
HIS_678 misses 5 heavy atom(s)
LYS_688 misses 4 heavy atom(s)
LYS_700 misses 4 heavy atom(s)
SER_701 misses 1 heavy atom(s)
ARG_702 misses 6 heavy atom(s)
GLU_704 misses 4 heavy atom(s)
SER_710 misses 1 heavy atom(s)
LYS_740 misses 4 heavy atom(s)
LYS_744 misses 4 heavy atom(s)
SER_756 misses 1 heavy atom(s)
GLN_761 misses 4 heavy atom(s)
GLU_762 misses 4 heavy atom(s)
GLN_766 misses 4 heavy atom(s)
PRO_768 misses 2 heavy atom(s)
LEU_771 misses 3 heavy atom(s)
SER_782 misses 1 heavy atom(s)
SER_783 misses 1 heavy atom(s)
GLU_786 misses 4 heavy atom(s)
GLN_787 misses 4 heavy atom(s)
GLN_790 misses 4 heavy atom(s)
ILE_795 misses 3 heavy atom(s)
LYS_799 misses 4 heavy atom(s)
VAL_805 misses 2 heavy atom(s)
SER_810 misses 1 heavy atom(s)
HIS_812 misses 5 heavy atom(s)
GLU_815 misses 4 heavy atom(s)
LYS_822 misses 4 heavy atom(s)
SER_859 misses 1 heavy atom(s)
VAL_860 misses 2 heavy atom(s)
LYS_865 misses 4 heavy atom(s)
LYS_888 misses 4 heavy atom(s)
GLU_929 misses 4 heavy atom(s)
LEU_930 misses 3 heavy atom(s)
ILE_931 misses 3 heavy atom(s)
GLU_932 misses 4 heavy atom(s)
LYS_936 misses 4 heavy atom(s)
LYS_937 misses 4 heavy atom(s)
LEU_940 misses 3 heavy atom(s)
GLU_947 misses 4 heavy atom(s)
LYS_951 misses 4 heavy atom(s)
LYS_952 misses 4 heavy atom(s)
TYR_953 misses 7 heavy atom(s)
LYS_955 misses 4 heavy atom(s)
VAL_957 misses 2 heavy atom(s)
VAL_959 misses 2 heavy atom(s)
LYS_987 misses 4 heavy atom(s)
LYS_989 misses 4 heavy atom(s)
ARG_993 misses 6 heavy atom(s)
THR_1001 misses 2 heavy atom(s)
GLN_1002 misses 4 heavy atom(s)
LYS_1015 misses 4 heavy atom(s)
LYS_1027 misses 4 heavy atom(s)
SER_1028 misses 1 heavy atom(s)
ARG_1029 misses 6 heavy atom(s)
GLU_1031 misses 4 heavy atom(s)
SER_1037 misses 1 heavy atom(s)
LYS_1067 misses 4 heavy atom(s)
LYS_1071 misses 4 heavy atom(s)
SER_1083 misses 1 heavy atom(s)
GLN_1093 misses 4 heavy atom(s)
PRO_1095 misses 2 heavy atom(s)
SER_1109 misses 1 heavy atom(s)
SER_1110 misses 1 heavy atom(s)
GLU_1113 misses 4 heavy atom(s)
GLN_1117 misses 4 heavy atom(s)
LYS_1126 misses 4 heavy atom(s)
VAL_1132 misses 2 heavy atom(s)
SER_1137 misses 1 heavy atom(s)
LYS_1145 misses 4 heavy atom(s)
LYS_1149 misses 4 heavy atom(s)
SER_1173 misses 1 heavy atom(s)
VAL_1187 misses 2 heavy atom(s)
LYS_1192 misses 4 heavy atom(s)
LYS_1193 misses 4 heavy atom(s)
LYS_1215 misses 4 heavy atom(s)
LEU_1257 misses 3 heavy atom(s)
ILE_1258 misses 3 heavy atom(s)
GLU_1259 misses 4 heavy atom(s)
ASP_1261 misses 3 heavy atom(s)
LYS_1263 misses 4 heavy atom(s)
LYS_1264 misses 4 heavy atom(s)
LEU_1267 misses 3 heavy atom(s)
TYR_1269 misses 7 heavy atom(s)
LYS_1271 misses 4 heavy atom(s)
THR_1272 misses 2 heavy atom(s)
LYS_1278 misses 4 heavy atom(s)
HIS_1283 misses 5 heavy atom(s)
LYS_1303 misses 4 heavy atom(s)
LYS_1305 misses 4 heavy atom(s)
ARG_1309 misses 6 heavy atom(s)
THR_1317 misses 2 heavy atom(s)
GLN_1318 misses 4 heavy atom(s)
GLN_1319 misses 4 heavy atom(s)

==================================================
Summary of pdb4amber for: 2a7r_4tleap_uc1.pdb
===================================================

----------Chains
The following (original) chains have been found:
A
B
C
D

---------- Alternate Locations (Original Residues!))

The following residues had alternate locations:
None

---------- Gaps (Renumbered Residues!)
gap of 3.531637 A between ARG 624 and SER 625
gap of 14.694285 A between TYR 953 and GLY 954
gap of 7.192562 A between TYR 1269 and GLY 1270
gap of 3.532163 A between ARG 1966 and SER 1967
gap of 14.694655 A between TYR 2295 and GLY 2296
gap of 7.193160 A between TYR 2611 and GLY 2612
gap of 3.531692 A between ARG 3308 and SER 3309
gap of 14.694687 A between TYR 3637 and GLY 3638
gap of 7.193127 A between TYR 3953 and GLY 3954
gap of 3.531692 A between ARG 4650 and SER 4651
gap of 14.694687 A between TYR 4979 and GLY 4980
gap of 7.193127 A between TYR 5295 and GLY 5296
gap of 3.531637 A between ARG 5992 and SER 5993
gap of 14.694285 A between TYR 6321 and GLY 6322
gap of 7.192562 A between TYR 6637 and GLY 6638
gap of 3.532163 A between ARG 7334 and SER 7335
gap of 14.694655 A between TYR 7663 and GLY 7664
gap of 7.193160 A between TYR 7979 and GLY 7980

---------- Mising heavy atom(s)

None
not prmtop_filename /net/morse/scratch1/nigel/amber/hi_lo/a7/2a7r/4amber_2a7r.prmtop

	Running AmberPrep : 2a7r.pdb


==================================================
Running pdb4amber on 2a7r.pdb
==================================================

==================================================
Setting up library files for non-standard residues
==================================================

  Residue "5GP" already in amber monomer library. Skipping elbow/antechamber
    run for this residue.
        

  Residue "SO4" already in amber monomer library. Skipping elbow/antechamber
    run for this residue.
        

==================================================
Preparing asu files and 4phenix_2a7r.pdb
==================================================

~> tleap -f 2a7r_asu_tleap_input_run

Checking output filenames
  file : 2a7r_asu.prmtop
  file : 2a7r_asu.rst7

~> ChBox -c 2a7r_asu.rst7 -o 2a7r_asu.rst7 -X 110.56 -Y 110.56 -Z 209.75 -al 90.0 -bt 90.0 -gm 120.0 


============================================================
Preparing unit cell files: 4amber_2a7r.prmtop and 4amber_2a7r.rst7
============================================================

~> UnitCell -p 2a7r_4UnitCell.pdb -o 2a7r_4tleap_uc1.pdb


~> tleap -f 2a7r_uc_tleap_input_run

Checking output filenames
  file : 2a7r_uc.prmtop
  file : 2a7r_uc.rst7

~> ChBox -c 2a7r_uc.rst7 -o 2a7r_uc.rst7 -X 110.56 -Y 110.56 -Z 209.75 -al 90.0 -bt 90.0 -gm 120.0 


==================================================
Minimizing input coordinates.
==================================================

~> sander -O -i 2a7r_amber_all.in -p 4amber_2a7r.prmtop -c 4amber_2a7r.rst7 -o 2a7r.min.out            -ref 4amber_2a7r.rst7 -r 4amber_2a7r.min.rst7

checking special positions in 4phenix_2a7r.pdb

==================================================
Done.  Three new files have been made:
      4phenix_2a7r.pdb
      4amber_2a7r.prmtop
      4amber_2a7r.rst7
==================================================

Example

  phenix.refine 4phenix_2a7r.pdb use_amber=True \
    amber.topology_file_name=4amber_2a7r.prmtop \
    amber.coordinate_file_name=4amber_2a7r.rst7 \
    ....(other refinement keywords here).....



Substituting Amber PDB file for downloaded file
run_tests_local.py:222: UserWarning: os.system() is not safe: please use the subprocess module or libtbx.easy_run instead.
  os.system(cmd)

  Amber files
    PDB    : 2a7r.pdb
    MTZ    : 2a7r.mtz
    prmtop : 4amber_2a7r.prmtop
    rst7   : 4amber_2a7r.rst7
  
/net/morse/raid1/scratch1/nigel/amber/hi_lo/a7/2a7r
return_files 2a7r
/net/chevy/raid1/nigel/amber/hi_lo
4amber_2a7r.pdb
4phenix_2a7r.pdb
cp 4phenix_2a7r.pdb /net/chevy/raid1/nigel/amber/hi_lo/a7/2a7r
2a7r.pdb
cp 2a7r.pdb /net/chevy/raid1/nigel/amber/hi_lo/a7/2a7r
4amber_2a7r.mtz
4phenix_2a7r.mtz
2a7r.mtz
cp 2a7r.mtz /net/chevy/raid1/nigel/amber/hi_lo/a7/2a7r
4amber_2a7r.rst7
cp 4amber_2a7r.rst7 /net/chevy/raid1/nigel/amber/hi_lo/a7/2a7r
4phenix_2a7r.rst7
2a7r.rst7
4amber_2a7r.prmtop
cp 4amber_2a7r.prmtop /net/chevy/raid1/nigel/amber/hi_lo/a7/2a7r
4phenix_2a7r.prmtop
2a7r.prmtop
4amber_2a7r_refine_001.log
4phenix_2a7r_refine_001.log
2a7r_refine_001.log
4amber_2a7r_refine_002.log
4phenix_2a7r_refine_002.log
2a7r_refine_002.log
4amber_2a7r_refine_001.pdb
4phenix_2a7r_refine_001.pdb
2a7r_refine_001.pdb
4amber_2a7r_refine_002.pdb
4phenix_2a7r_refine_002.pdb
2a7r_refine_002.pdb
local_archive /net/chevy/raid1/nigel/amber/hi_lo
archive PDB /net/chevy/raid1/nigel/amber/hi_lo/a7/2a7r/2a7r.pdb
/net/morse/raid1/scratch1/nigel/amber/hi_lo/a7/2a7r
------------------------------
phenix.refine log filename ? > /net/chevy/raid1/nigel/amber/hi_lo/a7/2a7r/2a7r_refine_001.log
------------------------------

	Already done (on chevy) 2a7r_refine_001
------------------------------
phenix.refine log filename ? > /net/chevy/raid1/nigel/amber/hi_lo/a7/2a7r/2a7r_refine_002.log
------------------------------

	Already done (on chevy) 2a7r_refine_002
