HOST morse.lbl.gov
only_i 162
only_code None
force_amber_prep True
dry_run False
... 162 1gvd
/net/chevy/raid1/nigel/amber/hi_lo
/net/chevy/raid1/nigel/amber/hi_lo/gv/1gvd
1gvd.pdb 4phenix_1gvd.pdb
local_archive None
archive PDB None
Reading from local mirror:
  /net/cci/pdb_mirror/pdb/gv/pdb1gvd.ent.gz
Model saved to /net/morse/raid1/scratch1/nigel/amber/hi_lo/gv/1gvd/1gvd.pdb
Sequence saved to /net/morse/raid1/scratch1/nigel/amber/hi_lo/gv/1gvd/1gvd.fa
Reading from local mirror:
  /net/cci/pdb_mirror/structure_factors/gv/r1gvdsf.ent.gz
Structure factors saved to /net/morse/raid1/scratch1/nigel/amber/hi_lo/gv/1gvd/1gvd-sf.cif
Reading from local mirror:
  /net/cci/pdb_mirror/mmcif/gv/1gvd.cif.gz
Model saved to /net/morse/raid1/scratch1/nigel/amber/hi_lo/gv/1gvd/1gvd.cif
Can't determine output label for r1gvdsf,_refln.crystal_id - skipping.
Can't determine output label for r1gvdsf,_refln.scale_group_code - skipping.
Can't determine output label for r1gvdsf,_refln.wavelength_id - skipping.
Converted structure factors saved to 1gvd.mtz
local_archive None
archive PDB None
Reading from local mirror:
  /net/cci/pdb_mirror/pdb/gv/pdb1gvd.ent.gz
Model saved to /net/morse/raid1/scratch1/nigel/amber/hi_lo/gv/1gvd/1gvd.pdb
Sequence saved to /net/morse/raid1/scratch1/nigel/amber/hi_lo/gv/1gvd/1gvd.fa
Reading from local mirror:
  /net/cci/pdb_mirror/structure_factors/gv/r1gvdsf.ent.gz
Structure factors saved to /net/morse/raid1/scratch1/nigel/amber/hi_lo/gv/1gvd/1gvd-sf.cif
Reading from local mirror:
  /net/cci/pdb_mirror/mmcif/gv/1gvd.cif.gz
Model saved to /net/morse/raid1/scratch1/nigel/amber/hi_lo/gv/1gvd/1gvd.cif
Can't determine output label for r1gvdsf,_refln.crystal_id - skipping.
Can't determine output label for r1gvdsf,_refln.scale_group_code - skipping.
Can't determine output label for r1gvdsf,_refln.wavelength_id - skipping.
Converted structure factors saved to 1gvd.mtz

==================================================
Summary of pdb4amber for: 1gvd.pdb
===================================================

----------Chains
The following (original) chains have been found:
A

---------- Alternate Locations (Original Residues!))

The following residues had alternate locations:
ARG_13
LYS_16
GLN_19
GLY_22
PRO_23
LYS_24
ARG_25
SER_27
HIS_48
GLU_52
not prmtop_filename /net/morse/scratch1/nigel/amber/hi_lo/gv/1gvd/4amber_1gvd.prmtop
not prmtop_filename /net/chevy/raid1/nigel/amber/hi_lo/gv/1gvd/4amber_1gvd.prmtop

	Running AmberPrep : 1gvd.pdb


==================================================
Running pdb4amber on 1gvd.pdb
==================================================
Traceback (most recent call last):
  File "run_tests_local.py", line 323, in <module>
    run(*tuple(args))
  File "run_tests_local.py", line 307, in run
    w2 = run_all_tests(code, force_amber_prep=force_amber_prep)
  File "run_tests_local.py", line 93, in run_all_tests
    "clean=on",
  File "/net/cci-filer2/raid1/xp/phenix/phenix-svn/modules/amber_adaptbx/command_line/AmberPrepClass.py", line 951, in run
    arg_conect=False,
  File "/net/cci-filer2/raid1/xp/phenix/phenix-svn/modules/amber/lib/python2.7/site-packages/pdb4amber/pdb4amber.py", line 522, in run
    gaplist = pdbfixer.find_gaps()
  File "/net/cci-filer2/raid1/xp/phenix/phenix-svn/modules/amber/lib/python2.7/site-packages/pdb4amber/pdb4amber.py", line 213, in find_gaps
    N_atom = parm.atoms[N_atoms[i + 1]]
IndexError: list index out of range
