HOST rebus.lbl.gov
only_i 130
only_code None
force_amber_prep True
dry_run False
... 130 3ori
/net/chevy/raid1/nigel/amber/hi_lo
/net/chevy/raid1/nigel/amber/hi_lo/or/3ori
3ori.pdb 4phenix_3ori.pdb
3ori.pdb 4phenix_3ori.pdb
local_archive None
archive PDB None
Reading from local mirror:
  /net/cci/pdb_mirror/pdb/or/pdb3ori.ent.gz
Model saved to /net/rebus/raid1/scratch1/nigel/amber/hi_lo/or/3ori/3ori.pdb
Sequence saved to /net/rebus/raid1/scratch1/nigel/amber/hi_lo/or/3ori/3ori.fa
Reading from local mirror:
  /net/cci/pdb_mirror/structure_factors/or/r3orisf.ent.gz
Structure factors saved to /net/rebus/raid1/scratch1/nigel/amber/hi_lo/or/3ori/3ori-sf.cif
Reading from local mirror:
  /net/cci/pdb_mirror/mmcif/or/3ori.cif.gz
Model saved to /net/rebus/raid1/scratch1/nigel/amber/hi_lo/or/3ori/3ori.cif
Can't determine output label for r3orisf,_refln.crystal_id - skipping.
Can't determine output label for r3orisf,_refln.scale_group_code - skipping.
Can't determine output label for r3orisf,_refln.wavelength_id - skipping.
Converted structure factors saved to 3ori.mtz
local_archive None
archive PDB None
Reading from local mirror:
  /net/cci/pdb_mirror/pdb/or/pdb3ori.ent.gz
Model saved to /net/rebus/raid1/scratch1/nigel/amber/hi_lo/or/3ori/3ori.pdb
Sequence saved to /net/rebus/raid1/scratch1/nigel/amber/hi_lo/or/3ori/3ori.fa
Reading from local mirror:
  /net/cci/pdb_mirror/structure_factors/or/r3orisf.ent.gz
Structure factors saved to /net/rebus/raid1/scratch1/nigel/amber/hi_lo/or/3ori/3ori-sf.cif
Reading from local mirror:
  /net/cci/pdb_mirror/mmcif/or/3ori.cif.gz
Model saved to /net/rebus/raid1/scratch1/nigel/amber/hi_lo/or/3ori/3ori.cif
Can't determine output label for r3orisf,_refln.crystal_id - skipping.
Can't determine output label for r3orisf,_refln.scale_group_code - skipping.
Can't determine output label for r3orisf,_refln.wavelength_id - skipping.
Converted structure factors saved to 3ori.mtz
not prmtop_filename /net/rebus/scratch1/nigel/amber/hi_lo/or/3ori/4amber_3ori.prmtop

	Running AmberPrep : 3ori.pdb


==================================================
Running pdb4amber on 3ori.pdb
==================================================

==================================================
Setting up library files for non-standard residues
==================================================

  Residue "AGS" already in amber monomer library. Skipping elbow/antechamber
    run for this residue.
        

==================================================
Preparing asu files and 4phenix_3ori.pdb
==================================================

~> tleap -f 3ori_asu_tleap_input_run

Checking output filenames
  file : 3ori_asu.prmtop
  file : 3ori_asu.rst7

~> ChBox -c 3ori_asu.rst7 -o 3ori_asu.rst7 -X 80.931 -Y 51.544 -Z 141.409 -al 90.0 -bt 106.62 -gm 90.0 


============================================================
Preparing unit cell files: 4amber_3ori.prmtop and 4amber_3ori.rst7
============================================================

~> UnitCell -p 3ori_4UnitCell.pdb -o 3ori_4tleap_uc1.pdb


~> tleap -f 3ori_uc_tleap_input_run

Checking output filenames
  file : 3ori_uc.prmtop
  file : 3ori_uc.rst7

~> ChBox -c 3ori_uc.rst7 -o 3ori_uc.rst7 -X 80.931 -Y 51.544 -Z 141.409 -al 90.0 -bt 106.62 -gm 90.0 


==================================================
Minimizing input coordinates.
==================================================

~> sander -O -i 3ori_amber_all.in -p 4amber_3ori.prmtop -c 4amber_3ori.rst7 -o 3ori.min.out            -ref 4amber_3ori.rst7 -r 4amber_3ori.min.rst7

checking special positions in 4phenix_3ori.pdb

==================================================
Done.  Three new files have been made:
      4phenix_3ori.pdb
      4amber_3ori.prmtop
      4amber_3ori.rst7
==================================================

Example

  phenix.refine 4phenix_3ori.pdb use_amber=True \
    amber.topology_file_name=4amber_3ori.prmtop \
    amber.coordinate_file_name=4amber_3ori.rst7 \
    ....(other refinement keywords here).....



Substituting Amber PDB file for downloaded file

  Amber files
    PDB    : 3ori.pdb
    MTZ    : 3ori.mtz
    prmtop : 4amber_3ori.prmtop
    rst7   : 4amber_3ori.rst7
  
/net/rebus/raid1/scratch1/nigel/amber/hi_lo/or/3ori
return_files 3ori
/net/chevy/raid1/nigel/amber/hi_lo
4amber_3ori.pdb
4phenix_3ori.pdb
cp 4phenix_3ori.pdb /net/chevy/raid1/nigel/amber/hi_lo/or/3ori
3ori.pdb
cp 3ori.pdb /net/chevy/raid1/nigel/amber/hi_lo/or/3ori
4amber_3ori.mtz
4phenix_3ori.mtz
3ori.mtz
cp 3ori.mtz /net/chevy/raid1/nigel/amber/hi_lo/or/3ori
4amber_3ori.rst7
cp 4amber_3ori.rst7 /net/chevy/raid1/nigel/amber/hi_lo/or/3ori
4phenix_3ori.rst7
3ori.rst7
4amber_3ori.prmtop
cp 4amber_3ori.prmtop /net/chevy/raid1/nigel/amber/hi_lo/or/3ori
4phenix_3ori.prmtop
3ori.prmtop
4amber_3ori_refine_001.log
4phenix_3ori_refine_001.log
3ori_refine_001.log
4amber_3ori_refine_002.log
4phenix_3ori_refine_002.log
3ori_refine_002.log
4amber_3ori_refine_001.pdb
4phenix_3ori_refine_001.pdb
3ori_refine_001.pdb
4amber_3ori_refine_002.pdb
4phenix_3ori_refine_002.pdb
3ori_refine_002.pdb
local_archive /net/chevy/raid1/nigel/amber/hi_lo
archive PDB /net/chevy/raid1/nigel/amber/hi_lo/or/3ori/3ori.pdb
/net/rebus/raid1/scratch1/nigel/amber/hi_lo/or/3ori
------------------------------
phenix.refine log filename ? > /net/chevy/raid1/nigel/amber/hi_lo/or/3ori/3ori_refine_001.log
------------------------------

	Already done (on chevy) 3ori_refine_001
------------------------------
phenix.refine log filename ? > /net/chevy/raid1/nigel/amber/hi_lo/or/3ori/3ori_refine_002.log
------------------------------

	Already done (on chevy) 3ori_refine_002
