HOST rebus.lbl.gov
only_i 197
only_code None
force_amber_prep True
dry_run False
... 197 2c44
/net/chevy/raid1/nigel/amber/hi_lo
/net/chevy/raid1/nigel/amber/hi_lo/c4/2c44
2c44.pdb 4phenix_2c44.pdb
2c44.pdb 4phenix_2c44.pdb
local_archive None
archive PDB None
Reading from local mirror:
  /net/cci/pdb_mirror/pdb/c4/pdb2c44.ent.gz
Model saved to /net/rebus/raid1/scratch1/nigel/amber/hi_lo/c4/2c44/2c44.pdb
Sequence saved to /net/rebus/raid1/scratch1/nigel/amber/hi_lo/c4/2c44/2c44.fa
Reading from local mirror:
  /net/cci/pdb_mirror/structure_factors/c4/r2c44sf.ent.gz
Structure factors saved to /net/rebus/raid1/scratch1/nigel/amber/hi_lo/c4/2c44/2c44-sf.cif
Reading from local mirror:
  /net/cci/pdb_mirror/mmcif/c4/2c44.cif.gz
Model saved to /net/rebus/raid1/scratch1/nigel/amber/hi_lo/c4/2c44/2c44.cif
Can't determine output label for r2c44sf,_refln.crystal_id - skipping.
Can't determine output label for r2c44sf,_refln.scale_group_code - skipping.
Can't determine output label for r2c44sf,_refln.wavelength_id - skipping.
Converted structure factors saved to 2c44.mtz
local_archive None
archive PDB None
Reading from local mirror:
  /net/cci/pdb_mirror/pdb/c4/pdb2c44.ent.gz
Model saved to /net/rebus/raid1/scratch1/nigel/amber/hi_lo/c4/2c44/2c44.pdb
Sequence saved to /net/rebus/raid1/scratch1/nigel/amber/hi_lo/c4/2c44/2c44.fa
Reading from local mirror:
  /net/cci/pdb_mirror/structure_factors/c4/r2c44sf.ent.gz
Structure factors saved to /net/rebus/raid1/scratch1/nigel/amber/hi_lo/c4/2c44/2c44-sf.cif
Reading from local mirror:
  /net/cci/pdb_mirror/mmcif/c4/2c44.cif.gz
Model saved to /net/rebus/raid1/scratch1/nigel/amber/hi_lo/c4/2c44/2c44.cif
Can't determine output label for r2c44sf,_refln.crystal_id - skipping.
Can't determine output label for r2c44sf,_refln.scale_group_code - skipping.
Can't determine output label for r2c44sf,_refln.wavelength_id - skipping.
Converted structure factors saved to 2c44.mtz
not prmtop_filename /net/rebus/scratch1/nigel/amber/hi_lo/c4/2c44/4amber_2c44.prmtop
natom*3 error

	Running AmberPrep : 2c44.pdb


==================================================
Running pdb4amber on 2c44.pdb
==================================================

==================================================
Setting up library files for non-standard residues
==================================================

  Residue "SO4" already in amber monomer library. Skipping elbow/antechamber
    run for this residue.
        

==================================================
Preparing asu files and 4phenix_2c44.pdb
==================================================

~> tleap -f 2c44_asu_tleap_input_run

Checking output filenames
  file : 2c44_asu.prmtop
  file : 2c44_asu.rst7

~> ChBox -c 2c44_asu.rst7 -o 2c44_asu.rst7 -X 215.51 -Y 215.51 -Z 107.56 -al 90.0 -bt 90.0 -gm 90.0 


============================================================
Preparing unit cell files: 4amber_2c44.prmtop and 4amber_2c44.rst7
============================================================

~> UnitCell -p 2c44_4UnitCell.pdb -o 2c44_4tleap_uc1.pdb


~> tleap -f 2c44_uc_tleap_input_run

Checking output filenames
  file : 2c44_uc.prmtop
  file : 2c44_uc.rst7

~> ChBox -c 2c44_uc.rst7 -o 2c44_uc.rst7 -X 215.51 -Y 215.51 -Z 107.56 -al 90.0 -bt 90.0 -gm 90.0 


==================================================
Minimizing input coordinates.
==================================================

~> sander -O -i 2c44_amber_all.in -p 4amber_2c44.prmtop -c 4amber_2c44.rst7 -o 2c44.min.out            -ref 4amber_2c44.rst7 -r 4amber_2c44.min.rst7

checking special positions in 4phenix_2c44.pdb

==================================================
Done.  Three new files have been made:
      4phenix_2c44.pdb
      4amber_2c44.prmtop
      4amber_2c44.rst7
==================================================

Example

  phenix.refine 4phenix_2c44.pdb use_amber=True \
    amber.topology_file_name=4amber_2c44.prmtop \
    amber.coordinate_file_name=4amber_2c44.rst7 \
    ....(other refinement keywords here).....



Substituting Amber PDB file for downloaded file

  Amber files
    PDB    : 2c44.pdb
    MTZ    : 2c44.mtz
    prmtop : 4amber_2c44.prmtop
    rst7   : 4amber_2c44.rst7
  
/net/rebus/raid1/scratch1/nigel/amber/hi_lo/c4/2c44
return_files 2c44
/net/chevy/raid1/nigel/amber/hi_lo
4amber_2c44.pdb
4phenix_2c44.pdb
cp 4phenix_2c44.pdb /net/chevy/raid1/nigel/amber/hi_lo/c4/2c44
2c44.pdb
cp 2c44.pdb /net/chevy/raid1/nigel/amber/hi_lo/c4/2c44
4amber_2c44.mtz
4phenix_2c44.mtz
2c44.mtz
cp 2c44.mtz /net/chevy/raid1/nigel/amber/hi_lo/c4/2c44
4amber_2c44.rst7
cp 4amber_2c44.rst7 /net/chevy/raid1/nigel/amber/hi_lo/c4/2c44
4phenix_2c44.rst7
2c44.rst7
4amber_2c44.prmtop
cp 4amber_2c44.prmtop /net/chevy/raid1/nigel/amber/hi_lo/c4/2c44
4phenix_2c44.prmtop
2c44.prmtop
4amber_2c44_refine_001.log
4phenix_2c44_refine_001.log
2c44_refine_001.log
4amber_2c44_refine_002.log
4phenix_2c44_refine_002.log
2c44_refine_002.log
4amber_2c44_refine_001.pdb
4phenix_2c44_refine_001.pdb
2c44_refine_001.pdb
4amber_2c44_refine_002.pdb
4phenix_2c44_refine_002.pdb
2c44_refine_002.pdb
local_archive /net/chevy/raid1/nigel/amber/hi_lo
archive PDB /net/chevy/raid1/nigel/amber/hi_lo/c4/2c44/2c44.pdb
/net/rebus/raid1/scratch1/nigel/amber/hi_lo/c4/2c44
------------------------------
phenix.refine log filename ? > /net/chevy/raid1/nigel/amber/hi_lo/c4/2c44/2c44_refine_001.log
------------------------------

	Already done (on chevy) 2c44_refine_001
------------------------------
phenix.refine log filename ? > /net/chevy/raid1/nigel/amber/hi_lo/c4/2c44/2c44_refine_002.log
------------------------------
------------------------------
phenix.refine log filename ? > 2c44_refine_002.log
------------------------------
Running phenix.refine

phenix.refine 2c44.pdb 2c44.mtz c_beta_restraints=False discard_psi_phi=False strategy="*individual_sites individual_sites_real_space rigid_body *individual_adp group_adp tls *occupancies group_anomalous" topology_file_name=/net/chevy/raid1/nigel/amber/hi_lo/c4/2c44/4amber_2c44.prmtop amber.coordinate_file_name=/net/chevy/raid1/nigel/amber/hi_lo/c4/2c44/4amber_2c44.rst7 use_amber=True refinement.target_weights.optimize_xyz_weight=True refinement.main.number_of_macro_cycles=10 write_geo=False amber.wxc_factor=0.300000 serial=2

