HOST morse.lbl.gov
only_i 230
only_code None
force_amber_prep True
dry_run False
... 230 2i0q
/net/chevy/raid1/nigel/amber/hi_lo
/net/chevy/raid1/nigel/amber/hi_lo/i0/2i0q
2i0q.pdb 4phenix_2i0q.pdb
2i0q.pdb 4phenix_2i0q.pdb
local_archive None
archive PDB None
Reading from local mirror:
  /net/cci/pdb_mirror/pdb/i0/pdb2i0q.ent.gz
Model saved to /net/morse/raid1/scratch1/nigel/amber/hi_lo/i0/2i0q/2i0q.pdb
Sequence saved to /net/morse/raid1/scratch1/nigel/amber/hi_lo/i0/2i0q/2i0q.fa
Reading from local mirror:
  /net/cci/pdb_mirror/structure_factors/i0/r2i0qsf.ent.gz
Structure factors saved to /net/morse/raid1/scratch1/nigel/amber/hi_lo/i0/2i0q/2i0q-sf.cif
Reading from local mirror:
  /net/cci/pdb_mirror/mmcif/i0/2i0q.cif.gz
Model saved to /net/morse/raid1/scratch1/nigel/amber/hi_lo/i0/2i0q/2i0q.cif
Can't determine output label for r2i0qsf,_refln.crystal_id - skipping.
Can't determine output label for r2i0qsf,_refln.scale_group_code - skipping.
Can't determine output label for r2i0qsf,_refln.wavelength_id - skipping.
Converted structure factors saved to 2i0q.mtz

==================================================
Summary of pdb4amber for: 2i0q.pdb
===================================================
REDUCE returned non-zero exit status: See reduce_info.log for more details

----------Chains
The following (original) chains have been found:
A
B
D

---------- Alternate Locations (Original Residues!))

The following residues had alternate locations:
SER_25
ALA_26
GLN_27
PRO_28
GLN_29
ASN_45
GLN_46
TYR_119
SER_120
ASP_145
THR_146
GLU_212
LEU_213
GLU_246
VAL_247
ILE_274
THR_275
GLN_328
ASP_329
THR_405
TYR_406
LEU_481
TYR_482
SER_497
ASN_498
THR_596
ARG_597
HOH_816
HOH_845
HOH_994

---------- Mising heavy atom(s)

GLU_47 misses 4 heavy atom(s)
ARG_48 misses 5 heavy atom(s)
GLN_64 misses 4 heavy atom(s)
LYS_66 misses 4 heavy atom(s)
LYS_82 misses 2 heavy atom(s)
LYS_130 misses 4 heavy atom(s)
LYS_160 misses 4 heavy atom(s)
GLN_167 misses 2 heavy atom(s)
LYS_171 misses 3 heavy atom(s)
LYS_198 misses 3 heavy atom(s)
LYS_284 misses 3 heavy atom(s)
LYS_303 misses 2 heavy atom(s)
LYS_317 misses 3 heavy atom(s)
GLU_339 misses 4 heavy atom(s)
GLN_343 misses 4 heavy atom(s)
LYS_370 misses 4 heavy atom(s)
LYS_373 misses 4 heavy atom(s)
LYS_383 misses 4 heavy atom(s)
GLU_443 misses 3 heavy atom(s)
GLN_473 misses 4 heavy atom(s)
LYS_501 misses 3 heavy atom(s)
LYS_504 misses 2 heavy atom(s)
LYS_529 misses 4 heavy atom(s)
LYS_538 misses 4 heavy atom(s)
ASN_541 misses 3 heavy atom(s)
LYS_550 misses 3 heavy atom(s)
GLU_568 misses 2 heavy atom(s)
LYS_586 misses 3 heavy atom(s)
GLN_590 misses 4 heavy atom(s)
LYS_626 misses 2 heavy atom(s)
LYS_629 misses 3 heavy atom(s)
LYS_660 misses 4 heavy atom(s)
LYS_670 misses 4 heavy atom(s)
LYS_687 misses 3 heavy atom(s)
The alternate coordinates have been discarded.
Only the first occurrence for each atom was kept.

==================================================
Summary of pdb4amber for: 2i0q_4tleap_uc1.pdb
===================================================

----------Chains
The following (original) chains have been found:
A
B
D

---------- Alternate Locations (Original Residues!))

The following residues had alternate locations:
None

---------- Mising heavy atom(s)

None

	Running AmberPrep : 2i0q.pdb


==================================================
Running pdb4amber on 2i0q.pdb
==================================================

==================================================
Setting up library files for non-standard residues
==================================================

  Residue "EDO" already in amber monomer library. Skipping elbow/antechamber
    run for this residue.
        

==================================================
Preparing asu files and 4phenix_2i0q.pdb
==================================================

~> tleap -f 2i0q_asu_tleap_input_run

Checking output filenames
  file : 2i0q_asu.prmtop
  file : 2i0q_asu.rst7

~> ChBox -c 2i0q_asu.rst7 -o 2i0q_asu.rst7 -X 93.331 -Y 93.331 -Z 423.779 -al 90.0 -bt 90.0 -gm 120.0 


============================================================
Preparing unit cell files: 4amber_2i0q.prmtop and 4amber_2i0q.rst7
============================================================

~> UnitCell -p 2i0q_4UnitCell.pdb -o 2i0q_4tleap_uc1.pdb


~> tleap -f 2i0q_uc_tleap_input_run

Checking output filenames
  file : 2i0q_uc.prmtop
  file : 2i0q_uc.rst7

~> ChBox -c 2i0q_uc.rst7 -o 2i0q_uc.rst7 -X 93.331 -Y 93.331 -Z 423.779 -al 90.0 -bt 90.0 -gm 120.0 


==================================================
Minimizing input coordinates.
==================================================

~> sander -O -i 2i0q_amber_all.in -p 4amber_2i0q.prmtop -c 4amber_2i0q.rst7 -o 2i0q.min.out            -ref 4amber_2i0q.rst7 -r 4amber_2i0q.min.rst7

checking special positions in 4phenix_2i0q.pdb

==================================================
Done.  Three new files have been made:
      4phenix_2i0q.pdb
      4amber_2i0q.prmtop
      4amber_2i0q.rst7
==================================================

Example

  phenix.refine 4phenix_2i0q.pdb use_amber=True \
    amber.topology_file_name=4amber_2i0q.prmtop \
    amber.coordinate_file_name=4amber_2i0q.rst7 \
    ....(other refinement keywords here).....



Substituting Amber PDB file for downloaded file
run_tests_local.py:222: UserWarning: os.system() is not safe: please use the subprocess module or libtbx.easy_run instead.
  os.system(cmd)

  Amber files
    PDB    : 2i0q.pdb
    MTZ    : 2i0q.mtz
    prmtop : 4amber_2i0q.prmtop
    rst7   : 4amber_2i0q.rst7
  
/net/morse/raid1/scratch1/nigel/amber/hi_lo/i0/2i0q
return_files 2i0q
/net/chevy/raid1/nigel/amber/hi_lo
4amber_2i0q.pdb
4phenix_2i0q.pdb
cp 4phenix_2i0q.pdb /net/chevy/raid1/nigel/amber/hi_lo/i0/2i0q
2i0q.pdb
cp 2i0q.pdb /net/chevy/raid1/nigel/amber/hi_lo/i0/2i0q
4amber_2i0q.mtz
4phenix_2i0q.mtz
2i0q.mtz
cp 2i0q.mtz /net/chevy/raid1/nigel/amber/hi_lo/i0/2i0q
4amber_2i0q.rst7
cp 4amber_2i0q.rst7 /net/chevy/raid1/nigel/amber/hi_lo/i0/2i0q
4phenix_2i0q.rst7
2i0q.rst7
4amber_2i0q.prmtop
cp 4amber_2i0q.prmtop /net/chevy/raid1/nigel/amber/hi_lo/i0/2i0q
4phenix_2i0q.prmtop
2i0q.prmtop
4amber_2i0q_refine_001.log
4phenix_2i0q_refine_001.log
2i0q_refine_001.log
4amber_2i0q_refine_002.log
4phenix_2i0q_refine_002.log
2i0q_refine_002.log
4amber_2i0q_refine_001.pdb
4phenix_2i0q_refine_001.pdb
2i0q_refine_001.pdb
4amber_2i0q_refine_002.pdb
4phenix_2i0q_refine_002.pdb
2i0q_refine_002.pdb
local_archive /net/chevy/raid1/nigel/amber/hi_lo
archive PDB /net/chevy/raid1/nigel/amber/hi_lo/i0/2i0q/2i0q.pdb
/net/morse/raid1/scratch1/nigel/amber/hi_lo/i0/2i0q
------------------------------
phenix.refine log filename ? > /net/chevy/raid1/nigel/amber/hi_lo/i0/2i0q/2i0q_refine_001.log
------------------------------

	Already done (on chevy) 2i0q_refine_001
------------------------------
phenix.refine log filename ? > /net/chevy/raid1/nigel/amber/hi_lo/i0/2i0q/2i0q_refine_002.log
------------------------------

	Already done (on chevy) 2i0q_refine_002
