HOST rebus.lbl.gov
only_i 91
only_code None
force_amber_prep True
dry_run False
... 91 2bp2
/net/chevy/raid1/nigel/amber/hi_lo
/net/chevy/raid1/nigel/amber/hi_lo/bp/2bp2
2bp2.pdb 4phenix_2bp2.pdb
2bp2.pdb 4phenix_2bp2.pdb
local_archive None
archive PDB None
Reading from local mirror:
  /net/cci/pdb_mirror/pdb/bp/pdb2bp2.ent.gz
Model saved to /net/rebus/raid1/scratch1/nigel/amber/hi_lo/bp/2bp2/2bp2.pdb
Sequence saved to /net/rebus/raid1/scratch1/nigel/amber/hi_lo/bp/2bp2/2bp2.fa
Reading from local mirror:
  /net/cci/pdb_mirror/structure_factors/bp/r2bp2sf.ent.gz
Structure factors saved to /net/rebus/raid1/scratch1/nigel/amber/hi_lo/bp/2bp2/2bp2-sf.cif
Reading from local mirror:
  /net/cci/pdb_mirror/mmcif/bp/2bp2.cif.gz
Model saved to /net/rebus/raid1/scratch1/nigel/amber/hi_lo/bp/2bp2/2bp2.cif
Warning: merging non-unique data
Warning: merging non-unique data
Can't determine output label for r2bp2sf,_refln.crystal_id - skipping.
Can't determine output label for r2bp2sf,_refln.scale_group_code - skipping.
Warning: merging non-unique data
Can't determine output label for r2bp2sf,_refln.wavelength_id - skipping.
Converted structure factors saved to 2bp2.mtz
local_archive None
archive PDB None
Reading from local mirror:
  /net/cci/pdb_mirror/pdb/bp/pdb2bp2.ent.gz
Model saved to /net/rebus/raid1/scratch1/nigel/amber/hi_lo/bp/2bp2/2bp2.pdb
Sequence saved to /net/rebus/raid1/scratch1/nigel/amber/hi_lo/bp/2bp2/2bp2.fa
Reading from local mirror:
  /net/cci/pdb_mirror/structure_factors/bp/r2bp2sf.ent.gz
Structure factors saved to /net/rebus/raid1/scratch1/nigel/amber/hi_lo/bp/2bp2/2bp2-sf.cif
Reading from local mirror:
  /net/cci/pdb_mirror/mmcif/bp/2bp2.cif.gz
Model saved to /net/rebus/raid1/scratch1/nigel/amber/hi_lo/bp/2bp2/2bp2.cif
Warning: merging non-unique data
Warning: merging non-unique data
Can't determine output label for r2bp2sf,_refln.crystal_id - skipping.
Can't determine output label for r2bp2sf,_refln.scale_group_code - skipping.
Warning: merging non-unique data
Can't determine output label for r2bp2sf,_refln.wavelength_id - skipping.
Converted structure factors saved to 2bp2.mtz
not prmtop_filename /net/rebus/scratch1/nigel/amber/hi_lo/bp/2bp2/4amber_2bp2.prmtop

	Running AmberPrep : 2bp2.pdb


==================================================
Running pdb4amber on 2bp2.pdb
==================================================

==================================================
Setting up library files for non-standard residues
==================================================

==================================================
Preparing asu files and 4phenix_2bp2.pdb
==================================================

~> tleap -f 2bp2_asu_tleap_input_run

Checking output filenames
  file : 2bp2_asu.prmtop
  file : 2bp2_asu.rst7

~> ChBox -c 2bp2_asu.rst7 -o 2bp2_asu.rst7 -X 46.95 -Y 46.95 -Z 102.04 -al 90.0 -bt 90.0 -gm 120.0 


============================================================
Preparing unit cell files: 4amber_2bp2.prmtop and 4amber_2bp2.rst7
============================================================

~> UnitCell -p 2bp2_4UnitCell.pdb -o 2bp2_4tleap_uc1.pdb


~> tleap -f 2bp2_uc_tleap_input_run

Checking output filenames
  file : 2bp2_uc.prmtop
  file : 2bp2_uc.rst7

~> ChBox -c 2bp2_uc.rst7 -o 2bp2_uc.rst7 -X 46.95 -Y 46.95 -Z 102.04 -al 90.0 -bt 90.0 -gm 120.0 


==================================================
Minimizing input coordinates.
==================================================

~> sander -O -i 2bp2_amber_all.in -p 4amber_2bp2.prmtop -c 4amber_2bp2.rst7 -o 2bp2.min.out            -ref 4amber_2bp2.rst7 -r 4amber_2bp2.min.rst7

checking special positions in 4phenix_2bp2.pdb

==================================================
Done.  Three new files have been made:
      4phenix_2bp2.pdb
      4amber_2bp2.prmtop
      4amber_2bp2.rst7
==================================================

Example

  phenix.refine 4phenix_2bp2.pdb use_amber=True \
    amber.topology_file_name=4amber_2bp2.prmtop \
    amber.coordinate_file_name=4amber_2bp2.rst7 \
    ....(other refinement keywords here).....



Substituting Amber PDB file for downloaded file

  Amber files
    PDB    : 2bp2.pdb
    MTZ    : 2bp2.mtz
    prmtop : 4amber_2bp2.prmtop
    rst7   : 4amber_2bp2.rst7
  
/net/rebus/raid1/scratch1/nigel/amber/hi_lo/bp/2bp2
return_files 2bp2
/net/chevy/raid1/nigel/amber/hi_lo
4amber_2bp2.pdb
4phenix_2bp2.pdb
cp 4phenix_2bp2.pdb /net/chevy/raid1/nigel/amber/hi_lo/bp/2bp2
2bp2.pdb
cp 2bp2.pdb /net/chevy/raid1/nigel/amber/hi_lo/bp/2bp2
4amber_2bp2.mtz
4phenix_2bp2.mtz
2bp2.mtz
cp 2bp2.mtz /net/chevy/raid1/nigel/amber/hi_lo/bp/2bp2
4amber_2bp2.rst7
cp 4amber_2bp2.rst7 /net/chevy/raid1/nigel/amber/hi_lo/bp/2bp2
4phenix_2bp2.rst7
2bp2.rst7
4amber_2bp2.prmtop
cp 4amber_2bp2.prmtop /net/chevy/raid1/nigel/amber/hi_lo/bp/2bp2
4phenix_2bp2.prmtop
2bp2.prmtop
4amber_2bp2_refine_001.log
4phenix_2bp2_refine_001.log
2bp2_refine_001.log
4amber_2bp2_refine_002.log
4phenix_2bp2_refine_002.log
2bp2_refine_002.log
4amber_2bp2_refine_001.pdb
4phenix_2bp2_refine_001.pdb
2bp2_refine_001.pdb
4amber_2bp2_refine_002.pdb
4phenix_2bp2_refine_002.pdb
2bp2_refine_002.pdb
local_archive /net/chevy/raid1/nigel/amber/hi_lo
archive PDB /net/chevy/raid1/nigel/amber/hi_lo/bp/2bp2/2bp2.pdb
/net/rebus/raid1/scratch1/nigel/amber/hi_lo/bp/2bp2
------------------------------
phenix.refine log filename ? > /net/chevy/raid1/nigel/amber/hi_lo/bp/2bp2/2bp2_refine_001.log
------------------------------

	Already done (on chevy) 2bp2_refine_001
------------------------------
phenix.refine log filename ? > /net/chevy/raid1/nigel/amber/hi_lo/bp/2bp2/2bp2_refine_002.log
------------------------------

	Already done (on chevy) 2bp2_refine_002
