HOST rebus.lbl.gov
only_i 260
only_code None
force_amber_prep True
dry_run False
... 260 3boy
/net/chevy/raid1/nigel/amber/hi_lo
/net/chevy/raid1/nigel/amber/hi_lo/bo/3boy
3boy.pdb 4phenix_3boy.pdb
local_archive None
archive PDB None
Reading from local mirror:
  /net/cci/pdb_mirror/pdb/bo/pdb3boy.ent.gz
Model saved to /net/rebus/raid1/scratch1/nigel/amber/hi_lo/bo/3boy/3boy.pdb
Sequence saved to /net/rebus/raid1/scratch1/nigel/amber/hi_lo/bo/3boy/3boy.fa
Reading from local mirror:
  /net/cci/pdb_mirror/structure_factors/bo/r3boysf.ent.gz
Structure factors saved to /net/rebus/raid1/scratch1/nigel/amber/hi_lo/bo/3boy/3boy-sf.cif
Reading from local mirror:
  /net/cci/pdb_mirror/mmcif/bo/3boy.cif.gz
Model saved to /net/rebus/raid1/scratch1/nigel/amber/hi_lo/bo/3boy/3boy.cif
Can't determine output label for r3boysf,_refln.crystal_id - skipping.
Can't determine output label for r3boysf,_refln.scale_group_code - skipping.
Can't determine output label for r3boysf,_refln.wavelength_id - skipping.
Converted structure factors saved to 3boy.mtz
local_archive None
archive PDB None
Reading from local mirror:
  /net/cci/pdb_mirror/pdb/bo/pdb3boy.ent.gz
Model saved to /net/rebus/raid1/scratch1/nigel/amber/hi_lo/bo/3boy/3boy.pdb
Sequence saved to /net/rebus/raid1/scratch1/nigel/amber/hi_lo/bo/3boy/3boy.fa
Reading from local mirror:
  /net/cci/pdb_mirror/structure_factors/bo/r3boysf.ent.gz
Structure factors saved to /net/rebus/raid1/scratch1/nigel/amber/hi_lo/bo/3boy/3boy-sf.cif
Reading from local mirror:
  /net/cci/pdb_mirror/mmcif/bo/3boy.cif.gz
Model saved to /net/rebus/raid1/scratch1/nigel/amber/hi_lo/bo/3boy/3boy.cif
Can't determine output label for r3boysf,_refln.crystal_id - skipping.
Can't determine output label for r3boysf,_refln.scale_group_code - skipping.
Can't determine output label for r3boysf,_refln.wavelength_id - skipping.
Converted structure factors saved to 3boy.mtz
not prmtop_filename /net/rebus/scratch1/nigel/amber/hi_lo/bo/3boy/4amber_3boy.prmtop
not prmtop_filename /net/chevy/raid1/nigel/amber/hi_lo/bo/3boy/4amber_3boy.prmtop

	Running AmberPrep : 3boy.pdb


==================================================
Running pdb4amber on 3boy.pdb
==================================================

==================================================
Setting up library files for non-standard residues
==================================================

==================================================
Preparing asu files and 4phenix_3boy.pdb
==================================================

~> tleap -f 3boy_asu_tleap_input_run

Checking output filenames
  file : 3boy_asu.prmtop
