HOST lewis.lbl.gov
only_i 229
only_code None
force_amber_prep True
dry_run False
... 229 1otc
/net/chevy/raid1/nigel/amber/hi_lo
/net/chevy/raid1/nigel/amber/hi_lo/ot/1otc
1otc.pdb 4phenix_1otc.pdb
1otc.pdb 4phenix_1otc.pdb
local_archive None
archive PDB None
Reading from local mirror:
  /net/cci/pdb_mirror/pdb/ot/pdb1otc.ent.gz
Model saved to /net/lewis/raid1/scratch1/nigel/amber/hi_lo/ot/1otc/1otc.pdb
Traceback (most recent call last):
  File "/net/cci-filer2/raid1/xp/phenix/phenix-svn/build/../modules/cctbx_project/mmtbx/command_line/fetch_pdb.py", line 199, in <module>
    run2(sys.argv[1:])
  File "/net/cci-filer2/raid1/xp/phenix/phenix-svn/build/../modules/cctbx_project/mmtbx/command_line/fetch_pdb.py", line 155, in run2
    files.append(get_pdb(id, data_type_, mirror, log, format=data_format))
  File "/net/cci-filer2/raid1/xp/phenix/phenix-svn/modules/cctbx_project/iotbx/pdb/fetch.py", line 213, in get_pdb
    data = fetch(id, data_type, mirror=mirror, format=format, log=log)
  File "/net/cci-filer2/raid1/xp/phenix/phenix-svn/modules/cctbx_project/iotbx/pdb/fetch.py", line 150, in fetch
    data = libtbx.utils.urlopen(url)
  File "/net/cci-filer2/raid1/xp/phenix/phenix-svn/modules/cctbx_project/libtbx/utils.py", line 2069, in urlopen
    return urllib2.urlopen(*args, **kwds)
  File "/net/cci-filer2/raid1/xp/phenix/phenix-svn/base/lib/python2.7/urllib2.py", line 127, in urlopen
    return _opener.open(url, data, timeout)
  File "/net/cci-filer2/raid1/xp/phenix/phenix-svn/base/lib/python2.7/urllib2.py", line 404, in open
    response = self._open(req, data)
  File "/net/cci-filer2/raid1/xp/phenix/phenix-svn/base/lib/python2.7/urllib2.py", line 422, in _open
    '_open', req)
  File "/net/cci-filer2/raid1/xp/phenix/phenix-svn/base/lib/python2.7/urllib2.py", line 382, in _call_chain
    result = func(*args)
  File "/net/cci-filer2/raid1/xp/phenix/phenix-svn/base/lib/python2.7/urllib2.py", line 1214, in http_open
    return self.do_open(httplib.HTTPConnection, req)
  File "/net/cci-filer2/raid1/xp/phenix/phenix-svn/base/lib/python2.7/urllib2.py", line 1184, in do_open
    raise URLError(err)
urllib2.URLError: <urlopen error [Errno 110] Connection timed out>

==================================================
Summary of pdb4amber for: 1otc.pdb
===================================================

----------Chains
The following (original) chains have been found:
A
B
D

---------- Alternate Locations (Original Residues!))

The following residues had alternate locations:
None

---------- Mising heavy atom(s)

None

==================================================
Summary of pdb4amber for: 1otc_4tleap_uc1.pdb
===================================================

----------Chains
The following (original) chains have been found:
A
B
D

---------- Alternate Locations (Original Residues!))

The following residues had alternate locations:
None

---------- Mising heavy atom(s)

None

	Running AmberPrep : 1otc.pdb


==================================================
Running pdb4amber on 1otc.pdb
==================================================

==================================================
Setting up library files for non-standard residues
==================================================

==================================================
Preparing asu files and 4phenix_1otc.pdb
==================================================

~> tleap -f 1otc_asu_tleap_input_run

Checking output filenames
  file : 1otc_asu.prmtop
  file : 1otc_asu.rst7

~> ChBox -c 1otc_asu.rst7 -o 1otc_asu.rst7 -X 94.5 -Y 94.5 -Z 426.2 -al 90.0 -bt 90.0 -gm 120.0 


============================================================
Preparing unit cell files: 4amber_1otc.prmtop and 4amber_1otc.rst7
============================================================

~> UnitCell -p 1otc_4UnitCell.pdb -o 1otc_4tleap_uc1.pdb


~> tleap -f 1otc_uc_tleap_input_run

Checking output filenames
  file : 1otc_uc.prmtop
  file : 1otc_uc.rst7

~> ChBox -c 1otc_uc.rst7 -o 1otc_uc.rst7 -X 94.5 -Y 94.5 -Z 426.2 -al 90.0 -bt 90.0 -gm 120.0 


==================================================
Minimizing input coordinates.
==================================================

~> sander -O -i 1otc_amber_all.in -p 4amber_1otc.prmtop -c 4amber_1otc.rst7 -o 1otc.min.out            -ref 4amber_1otc.rst7 -r 4amber_1otc.min.rst7

checking special positions in 4phenix_1otc.pdb

==================================================
Done.  Three new files have been made:
      4phenix_1otc.pdb
      4amber_1otc.prmtop
      4amber_1otc.rst7
==================================================

Example

  phenix.refine 4phenix_1otc.pdb use_amber=True \
    amber.topology_file_name=4amber_1otc.prmtop \
    amber.coordinate_file_name=4amber_1otc.rst7 \
    ....(other refinement keywords here).....



Substituting Amber PDB file for downloaded file
run_tests_local.py:222: UserWarning: os.system() is not safe: please use the subprocess module or libtbx.easy_run instead.
  os.system(cmd)

  Amber files
    PDB    : 1otc.pdb
    MTZ    : 1otc.mtz
    prmtop : 4amber_1otc.prmtop
    rst7   : 4amber_1otc.rst7
  
/net/lewis/raid1/scratch1/nigel/amber/hi_lo/ot/1otc
return_files 1otc
/net/chevy/raid1/nigel/amber/hi_lo
4amber_1otc.pdb
4phenix_1otc.pdb
cp 4phenix_1otc.pdb /net/chevy/raid1/nigel/amber/hi_lo/ot/1otc
1otc.pdb
cp 1otc.pdb /net/chevy/raid1/nigel/amber/hi_lo/ot/1otc
4amber_1otc.mtz
4phenix_1otc.mtz
1otc.mtz
cp 1otc.mtz /net/chevy/raid1/nigel/amber/hi_lo/ot/1otc
4amber_1otc.rst7
cp 4amber_1otc.rst7 /net/chevy/raid1/nigel/amber/hi_lo/ot/1otc
4phenix_1otc.rst7
1otc.rst7
4amber_1otc.prmtop
cp 4amber_1otc.prmtop /net/chevy/raid1/nigel/amber/hi_lo/ot/1otc
4phenix_1otc.prmtop
1otc.prmtop
4amber_1otc_refine_001.log
4phenix_1otc_refine_001.log
1otc_refine_001.log
4amber_1otc_refine_002.log
4phenix_1otc_refine_002.log
1otc_refine_002.log
4amber_1otc_refine_001.pdb
4phenix_1otc_refine_001.pdb
1otc_refine_001.pdb
4amber_1otc_refine_002.pdb
4phenix_1otc_refine_002.pdb
1otc_refine_002.pdb
local_archive /net/chevy/raid1/nigel/amber/hi_lo
archive PDB /net/chevy/raid1/nigel/amber/hi_lo/ot/1otc/1otc.pdb
/net/lewis/raid1/scratch1/nigel/amber/hi_lo/ot/1otc
------------------------------
phenix.refine log filename ? > /net/chevy/raid1/nigel/amber/hi_lo/ot/1otc/1otc_refine_001.log
------------------------------

	Already done (on chevy) 1otc_refine_001
------------------------------
phenix.refine log filename ? > /net/chevy/raid1/nigel/amber/hi_lo/ot/1otc/1otc_refine_002.log
------------------------------

	Already done (on chevy) 1otc_refine_002
