HOST lewis.lbl.gov
only_i 127
only_code None
force_amber_prep True
dry_run False
1 1z3z,A,2.900,1zod,A,1.800
2 1psi,A,2.920,3ndd,A,1.500
3 3bpo,A,3.000,3l5w,I,2.000
4 1e6j,P,3.000,3mge,A,1.900
5 1r46,A,3.250,3hg3,A,1.900
6 2j0g,A,2.850,2j1g,A,1.950
7 1nsk,L,2.800,3bbb,A,1.300
8 1t04,B,3.000,1t3f,B,2.000
9 1kiu,B,3.000,1ze3,H,1.840
10 1kv3,A,2.800,2q3z,A,2.000
11 1wqs,A,2.800,2iph,A,1.750
12 3gwp,A,2.900,3i16,A,2.000
13 1c0n,A,2.800,1kmj,A,2.000
14 2r8j,A,3.100,3oha,A,2.000
15 1z5s,C,3.010,2grn,B,1.800
16 3icq,B,3.200,3m1i,A,2.000
17 1nb3,I,2.800,3kfq,C,1.990
18 1otc,A,2.800,2i0q,A,1.910
19 1ue8,A,3.000,3b4x,A,1.940
20 1a4o,A,2.800,2o02,A,1.500
21 1t6i,A,2.810,3g4z,A,1.870
22 1de9,A,3.000,2o3h,A,1.900
23 2j6e,L,3.000,3n9g,L,1.434
24 3hrk,A,3.050,3lc0,A,1.800
25 2ecp,A,2.950,2asv,A,1.950
26 1z8l,A,3.500,2xeg,A,1.590
27 1ere,A,3.100,2r6w,A,2.000
28 1xni,A,2.800,3lh0,A,1.900
29 2pl0,A,2.800,3mpm,A,1.950
30 1pxt,A,2.800,1afw,A,1.800
31 1bmf,A,2.850,2jdi,A,1.900
32 2g3k,A,3.050,2j9u,A,2.000
33 3m9b,A,3.940,3m9h,A,2.000
34 2i0v,A,2.800,3dpk,A,1.950
35 1kiu,A,3.000,3bwu,C,1.760
36 1nys,A,3.050,2h62,D,1.850
37 1rgq,C,2.900,2o8m,C,2.000
38 1fg5,N,2.800,2vs4,A,1.770
39 1sj5,A,2.800,1vjl,A,1.900
40 2f7k,A,2.800,2yxt,A,2.000
41 1yrp,A,3.100,3bqr,A,1.750
42 3a7a,B,3.100,3ab9,A,1.650
43 2vhg,A,2.900,2vjv,A,1.900
44 1blf,A,2.800,3kj7,A,1.910
45 1pma,1,3.400,1yar,H,1.900
46 2bp2,A,3.000,2zp3,A,1.900
47 2oqj,A,2.800,3oaz,K,1.750
48 1fvv,B,2.800,3ddq,B,1.800
49 1qlr,A,2.830,3eo0,A,1.750
50 2fhg,2,3.230,2jay,A,1.990
51 1io4,A,3.000,2e42,A,1.800
52 2i22,A,2.800,2i2w,A,1.950
53 1bot,O,3.050,3ezw,A,2.000
54 1fnt,c,3.200,1yar,O,1.900
55 1htn,A,2.800,1tn3,A,2.000
56 1x75,C,2.800,3hpw,A,1.452
57 1b7b,A,2.800,2we5,A,1.390
58 2not,A,3.000,1ae7,A,2.000
59 1kfl,A,2.800,1n8f,A,1.750
60 2jla,A,2.810,3hww,A,1.950
61 2bct,A,2.900,1i7w,A,2.000
62 2pcb,B,2.800,2b4z,A,1.500
63 1h0y,A,2.800,2bky,A,1.700
64 1bz9,A,2.800,3cc5,A,1.910
... 127 1bz9
/net/chevy/raid1/nigel/amber/hi_lo
/net/chevy/raid1/nigel/amber/hi_lo/bz/1bz9
1bz9.pdb 4phenix_1bz9.pdb
local_archive None
archive PDB None
Reading from local mirror:
  /net/cci/pdb_mirror/pdb/bz/pdb1bz9.ent.gz
Model saved to /net/lewis/raid1/scratch1/nigel/amber/hi_lo/bz/1bz9/1bz9.pdb
Traceback (most recent call last):
  File "/net/cci-filer2/raid1/xp/phenix/phenix-svn/build/../modules/cctbx_project/mmtbx/command_line/fetch_pdb.py", line 199, in <module>
    run2(sys.argv[1:])
  File "/net/cci-filer2/raid1/xp/phenix/phenix-svn/build/../modules/cctbx_project/mmtbx/command_line/fetch_pdb.py", line 155, in run2
    files.append(get_pdb(id, data_type_, mirror, log, format=data_format))
  File "/net/cci-filer2/raid1/xp/phenix/phenix-svn/modules/cctbx_project/iotbx/pdb/fetch.py", line 213, in get_pdb
    data = fetch(id, data_type, mirror=mirror, format=format, log=log)
  File "/net/cci-filer2/raid1/xp/phenix/phenix-svn/modules/cctbx_project/iotbx/pdb/fetch.py", line 150, in fetch
    data = libtbx.utils.urlopen(url)
  File "/net/cci-filer2/raid1/xp/phenix/phenix-svn/modules/cctbx_project/libtbx/utils.py", line 2069, in urlopen
    return urllib2.urlopen(*args, **kwds)
  File "/net/cci-filer2/raid1/xp/phenix/phenix-svn/base/lib/python2.7/urllib2.py", line 127, in urlopen
    return _opener.open(url, data, timeout)
  File "/net/cci-filer2/raid1/xp/phenix/phenix-svn/base/lib/python2.7/urllib2.py", line 404, in open
    response = self._open(req, data)
  File "/net/cci-filer2/raid1/xp/phenix/phenix-svn/base/lib/python2.7/urllib2.py", line 422, in _open
    '_open', req)
  File "/net/cci-filer2/raid1/xp/phenix/phenix-svn/base/lib/python2.7/urllib2.py", line 382, in _call_chain
    result = func(*args)
  File "/net/cci-filer2/raid1/xp/phenix/phenix-svn/base/lib/python2.7/urllib2.py", line 1214, in http_open
    return self.do_open(httplib.HTTPConnection, req)
  File "/net/cci-filer2/raid1/xp/phenix/phenix-svn/base/lib/python2.7/urllib2.py", line 1184, in do_open
    raise URLError(err)
urllib2.URLError: <urlopen error [Errno 110] Connection timed out>

==================================================
Summary of pdb4amber for: 1bz9.pdb
===================================================
REDUCE returned non-zero exit status: See reduce_info.log for more details

----------Chains
The following (original) chains have been found:
A
B
C

---------- Alternate Locations (Original Residues!))

The following residues had alternate locations:
None

---------- Mising heavy atom(s)

None

==================================================
Summary of pdb4amber for: 1bz9_4tleap_uc1.pdb
===================================================

----------Chains
The following (original) chains have been found:
A
B
C

---------- Alternate Locations (Original Residues!))

The following residues had alternate locations:
None

---------- Mising heavy atom(s)

MET_274 misses 7 heavy atom(s)
MET_275 misses 8 heavy atom(s)
MET_276 misses 8 heavy atom(s)
MET_277 misses 8 heavy atom(s)
MET_278 misses 7 heavy atom(s)
MET_279 misses 8 heavy atom(s)
MET_280 misses 7 heavy atom(s)
MET_281 misses 8 heavy atom(s)
MET_282 misses 8 heavy atom(s)
MET_283 misses 7 heavy atom(s)
MET_284 misses 8 heavy atom(s)
MET_285 misses 8 heavy atom(s)
MET_286 misses 7 heavy atom(s)
MET_287 misses 7 heavy atom(s)
MET_288 misses 8 heavy atom(s)
MET_289 misses 8 heavy atom(s)
MET_290 misses 8 heavy atom(s)
MET_291 misses 7 heavy atom(s)
MET_292 misses 7 heavy atom(s)
MET_679 misses 7 heavy atom(s)
MET_680 misses 8 heavy atom(s)
MET_681 misses 8 heavy atom(s)
MET_682 misses 8 heavy atom(s)
MET_683 misses 7 heavy atom(s)
MET_684 misses 8 heavy atom(s)
MET_685 misses 7 heavy atom(s)
MET_686 misses 8 heavy atom(s)
MET_687 misses 8 heavy atom(s)
MET_688 misses 7 heavy atom(s)
MET_689 misses 8 heavy atom(s)
MET_690 misses 8 heavy atom(s)
MET_691 misses 7 heavy atom(s)
MET_692 misses 7 heavy atom(s)
MET_693 misses 8 heavy atom(s)
MET_694 misses 8 heavy atom(s)
MET_695 misses 8 heavy atom(s)
MET_696 misses 7 heavy atom(s)
MET_697 misses 7 heavy atom(s)
MET_1084 misses 7 heavy atom(s)
MET_1085 misses 8 heavy atom(s)
MET_1086 misses 8 heavy atom(s)
MET_1087 misses 8 heavy atom(s)
MET_1088 misses 7 heavy atom(s)
MET_1089 misses 8 heavy atom(s)
MET_1090 misses 7 heavy atom(s)
MET_1091 misses 8 heavy atom(s)
MET_1092 misses 8 heavy atom(s)
MET_1093 misses 7 heavy atom(s)
MET_1094 misses 8 heavy atom(s)
MET_1095 misses 8 heavy atom(s)
MET_1096 misses 7 heavy atom(s)
MET_1097 misses 7 heavy atom(s)
MET_1098 misses 8 heavy atom(s)
MET_1099 misses 8 heavy atom(s)
MET_1100 misses 8 heavy atom(s)
MET_1101 misses 7 heavy atom(s)
MET_1102 misses 7 heavy atom(s)
MET_1489 misses 7 heavy atom(s)
MET_1490 misses 8 heavy atom(s)
MET_1491 misses 8 heavy atom(s)
MET_1492 misses 8 heavy atom(s)
MET_1493 misses 7 heavy atom(s)
MET_1494 misses 8 heavy atom(s)
MET_1495 misses 7 heavy atom(s)
MET_1496 misses 8 heavy atom(s)
MET_1497 misses 8 heavy atom(s)
MET_1498 misses 7 heavy atom(s)
MET_1499 misses 8 heavy atom(s)
MET_1500 misses 8 heavy atom(s)
MET_1501 misses 7 heavy atom(s)
MET_1502 misses 7 heavy atom(s)
MET_1503 misses 8 heavy atom(s)
MET_1504 misses 8 heavy atom(s)
MET_1505 misses 8 heavy atom(s)
MET_1506 misses 7 heavy atom(s)
MET_1507 misses 7 heavy atom(s)
not prmtop_filename /net/lewis/scratch1/nigel/amber/hi_lo/bz/1bz9/4amber_1bz9.prmtop
not prmtop_filename /net/chevy/raid1/nigel/amber/hi_lo/bz/1bz9/4amber_1bz9.prmtop

	Running AmberPrep : 1bz9.pdb


==================================================
Running pdb4amber on 1bz9.pdb
==================================================

==================================================
Setting up library files for non-standard residues
==================================================

==================================================
Preparing asu files and 4phenix_1bz9.pdb
==================================================

~> tleap -f 1bz9_asu_tleap_input_run

Checking output filenames
  file : 1bz9_asu.prmtop
  file : 1bz9_asu.rst7

~> ChBox -c 1bz9_asu.rst7 -o 1bz9_asu.rst7 -X 91.35 -Y 109.19 -Z 57.78 -al 90.0 -bt 122.81 -gm 90.0 


============================================================
Preparing unit cell files: 4amber_1bz9.prmtop and 4amber_1bz9.rst7
============================================================

~> UnitCell -p 1bz9_4UnitCell.pdb -o 1bz9_4tleap_uc1.pdb


~> tleap -f 1bz9_uc_tleap_input_run

Checking output filenames
  file : 1bz9_uc.prmtop
Sorry:   Output file is empty : 1bz9_uc.prmtop
  Check contents of "leap.log"
