HOST rebus.lbl.gov
only_i 106
only_code None
force_amber_prep True
dry_run False
... 106 3ezw
/net/chevy/raid1/nigel/amber/hi_lo
/net/chevy/raid1/nigel/amber/hi_lo/ez/3ezw
3ezw.pdb 4phenix_3ezw.pdb
3ezw.pdb 4phenix_3ezw.pdb
local_archive None
archive PDB None
Reading from local mirror:
  /net/cci/pdb_mirror/pdb/ez/pdb3ezw.ent.gz
Model saved to /net/rebus/raid1/scratch1/nigel/amber/hi_lo/ez/3ezw/3ezw.pdb
Sequence saved to /net/rebus/raid1/scratch1/nigel/amber/hi_lo/ez/3ezw/3ezw.fa
Reading from local mirror:
  /net/cci/pdb_mirror/structure_factors/ez/r3ezwsf.ent.gz
Structure factors saved to /net/rebus/raid1/scratch1/nigel/amber/hi_lo/ez/3ezw/3ezw-sf.cif
Reading from local mirror:
  /net/cci/pdb_mirror/mmcif/ez/3ezw.cif.gz
Model saved to /net/rebus/raid1/scratch1/nigel/amber/hi_lo/ez/3ezw/3ezw.cif
Can't determine output label for r3ezwsf,_refln.crystal_id - skipping.
Can't determine output label for r3ezwsf,_refln.scale_group_code - skipping.
R-free-flags: fraction_free=0.020
R-free-flags: missing 46850 reflections
Can't determine output label for r3ezwsf,_refln.wavelength_id - skipping.
Converted structure factors saved to 3ezw.mtz
local_archive None
archive PDB None
Reading from local mirror:
  /net/cci/pdb_mirror/pdb/ez/pdb3ezw.ent.gz
Model saved to /net/rebus/raid1/scratch1/nigel/amber/hi_lo/ez/3ezw/3ezw.pdb
Sequence saved to /net/rebus/raid1/scratch1/nigel/amber/hi_lo/ez/3ezw/3ezw.fa
Reading from local mirror:
  /net/cci/pdb_mirror/structure_factors/ez/r3ezwsf.ent.gz
Structure factors saved to /net/rebus/raid1/scratch1/nigel/amber/hi_lo/ez/3ezw/3ezw-sf.cif
Reading from local mirror:
  /net/cci/pdb_mirror/mmcif/ez/3ezw.cif.gz
Model saved to /net/rebus/raid1/scratch1/nigel/amber/hi_lo/ez/3ezw/3ezw.cif
Can't determine output label for r3ezwsf,_refln.crystal_id - skipping.
Can't determine output label for r3ezwsf,_refln.scale_group_code - skipping.
R-free-flags: fraction_free=0.020
R-free-flags: missing 46850 reflections
Can't determine output label for r3ezwsf,_refln.wavelength_id - skipping.
Converted structure factors saved to 3ezw.mtz
not prmtop_filename /net/rebus/scratch1/nigel/amber/hi_lo/ez/3ezw/4amber_3ezw.prmtop
natom*3 error

	Running AmberPrep : 3ezw.pdb


==================================================
Running pdb4amber on 3ezw.pdb
==================================================

==================================================
Setting up library files for non-standard residues
==================================================

  Residue "GOL" already in amber monomer library. Skipping elbow/antechamber
    run for this residue.
        

  Residue "EDO" already in amber monomer library. Skipping elbow/antechamber
    run for this residue.
        

==================================================
Preparing asu files and 4phenix_3ezw.pdb
==================================================

~> tleap -f 3ezw_asu_tleap_input_run

Checking output filenames
  file : 3ezw_asu.prmtop
  file : 3ezw_asu.rst7

~> ChBox -c 3ezw_asu.rst7 -o 3ezw_asu.rst7 -X 91.116 -Y 114.26 -Z 212.624 -al 90.0 -bt 91.15 -gm 90.0 


============================================================
Preparing unit cell files: 4amber_3ezw.prmtop and 4amber_3ezw.rst7
============================================================

~> UnitCell -p 3ezw_4UnitCell.pdb -o 3ezw_4tleap_uc1.pdb


~> tleap -f 3ezw_uc_tleap_input_run

Checking output filenames
  file : 3ezw_uc.prmtop
  file : 3ezw_uc.rst7

~> ChBox -c 3ezw_uc.rst7 -o 3ezw_uc.rst7 -X 91.116 -Y 114.26 -Z 212.624 -al 90.0 -bt 91.15 -gm 90.0 


==================================================
Minimizing input coordinates.
==================================================

~> sander -O -i 3ezw_amber_all.in -p 4amber_3ezw.prmtop -c 4amber_3ezw.rst7 -o 3ezw.min.out            -ref 4amber_3ezw.rst7 -r 4amber_3ezw.min.rst7

checking special positions in 4phenix_3ezw.pdb

==================================================
Done.  Three new files have been made:
      4phenix_3ezw.pdb
      4amber_3ezw.prmtop
      4amber_3ezw.rst7
==================================================

Example

  phenix.refine 4phenix_3ezw.pdb use_amber=True \
    amber.topology_file_name=4amber_3ezw.prmtop \
    amber.coordinate_file_name=4amber_3ezw.rst7 \
    ....(other refinement keywords here).....



Substituting Amber PDB file for downloaded file

  Amber files
    PDB    : 3ezw.pdb
    MTZ    : 3ezw.mtz
    prmtop : 4amber_3ezw.prmtop
    rst7   : 4amber_3ezw.rst7
  
/net/rebus/raid1/scratch1/nigel/amber/hi_lo/ez/3ezw
return_files 3ezw
/net/chevy/raid1/nigel/amber/hi_lo
4amber_3ezw.pdb
4phenix_3ezw.pdb
cp 4phenix_3ezw.pdb /net/chevy/raid1/nigel/amber/hi_lo/ez/3ezw
3ezw.pdb
cp 3ezw.pdb /net/chevy/raid1/nigel/amber/hi_lo/ez/3ezw
4amber_3ezw.mtz
4phenix_3ezw.mtz
3ezw.mtz
cp 3ezw.mtz /net/chevy/raid1/nigel/amber/hi_lo/ez/3ezw
4amber_3ezw.rst7
cp 4amber_3ezw.rst7 /net/chevy/raid1/nigel/amber/hi_lo/ez/3ezw
4phenix_3ezw.rst7
3ezw.rst7
4amber_3ezw.prmtop
cp 4amber_3ezw.prmtop /net/chevy/raid1/nigel/amber/hi_lo/ez/3ezw
4phenix_3ezw.prmtop
3ezw.prmtop
4amber_3ezw_refine_001.log
4phenix_3ezw_refine_001.log
3ezw_refine_001.log
4amber_3ezw_refine_002.log
4phenix_3ezw_refine_002.log
3ezw_refine_002.log
4amber_3ezw_refine_001.pdb
4phenix_3ezw_refine_001.pdb
3ezw_refine_001.pdb
4amber_3ezw_refine_002.pdb
4phenix_3ezw_refine_002.pdb
3ezw_refine_002.pdb
local_archive /net/chevy/raid1/nigel/amber/hi_lo
archive PDB /net/chevy/raid1/nigel/amber/hi_lo/ez/3ezw/3ezw.pdb
/net/rebus/raid1/scratch1/nigel/amber/hi_lo/ez/3ezw
------------------------------
phenix.refine log filename ? > /net/chevy/raid1/nigel/amber/hi_lo/ez/3ezw/3ezw_refine_001.log
------------------------------
------------------------------
phenix.refine log filename ? > 3ezw_refine_001.log
------------------------------
Running phenix.refine

phenix.refine 3ezw.pdb 3ezw.mtz c_beta_restraints=False discard_psi_phi=False strategy="*individual_sites individual_sites_real_space rigid_body *individual_adp group_adp tls *occupancies group_anomalous" refinement.target_weights.optimize_xyz_weight=True refinement.main.number_of_macro_cycles=10 write_geo=False serial=1 cdl=True

------------------------------
phenix.refine log filename ? > /net/chevy/raid1/nigel/amber/hi_lo/ez/3ezw/3ezw_refine_002.log
------------------------------
------------------------------
phenix.refine log filename ? > 3ezw_refine_002.log
------------------------------
Running phenix.refine

phenix.refine 3ezw.pdb 3ezw.mtz c_beta_restraints=False discard_psi_phi=False strategy="*individual_sites individual_sites_real_space rigid_body *individual_adp group_adp tls *occupancies group_anomalous" topology_file_name=/net/chevy/raid1/nigel/amber/hi_lo/ez/3ezw/4amber_3ezw.prmtop amber.coordinate_file_name=/net/chevy/raid1/nigel/amber/hi_lo/ez/3ezw/4amber_3ezw.rst7 use_amber=True refinement.target_weights.optimize_xyz_weight=True refinement.main.number_of_macro_cycles=10 write_geo=False amber.wxc_factor=0.300000 serial=2

