HOST rebus.lbl.gov
only_i 316
only_code None
force_amber_prep True
dry_run False
... 316 3ino
/net/chevy/raid1/nigel/amber/hi_lo
/net/chevy/raid1/nigel/amber/hi_lo/in/3ino
3ino.pdb 4phenix_3ino.pdb
local_archive None
archive PDB None
Reading from local mirror:
  /net/cci/pdb_mirror/pdb/in/pdb3ino.ent.gz
Model saved to /net/rebus/raid1/scratch1/nigel/amber/hi_lo/in/3ino/3ino.pdb
Sequence saved to /net/rebus/raid1/scratch1/nigel/amber/hi_lo/in/3ino/3ino.fa
Reading from local mirror:
  /net/cci/pdb_mirror/structure_factors/in/r3inosf.ent.gz
Structure factors saved to /net/rebus/raid1/scratch1/nigel/amber/hi_lo/in/3ino/3ino-sf.cif
Reading from local mirror:
  /net/cci/pdb_mirror/mmcif/in/3ino.cif.gz
Model saved to /net/rebus/raid1/scratch1/nigel/amber/hi_lo/in/3ino/3ino.cif
Can't determine output label for r3inosf,_refln.crystal_id - skipping.
Can't determine output label for r3inosf,_refln.scale_group_code - skipping.
Can't determine output label for r3inosf,_refln.wavelength_id - skipping.
Converted structure factors saved to 3ino.mtz
local_archive None
archive PDB None
Reading from local mirror:
  /net/cci/pdb_mirror/pdb/in/pdb3ino.ent.gz
Model saved to /net/rebus/raid1/scratch1/nigel/amber/hi_lo/in/3ino/3ino.pdb
Sequence saved to /net/rebus/raid1/scratch1/nigel/amber/hi_lo/in/3ino/3ino.fa
Reading from local mirror:
  /net/cci/pdb_mirror/structure_factors/in/r3inosf.ent.gz
Structure factors saved to /net/rebus/raid1/scratch1/nigel/amber/hi_lo/in/3ino/3ino-sf.cif
Reading from local mirror:
  /net/cci/pdb_mirror/mmcif/in/3ino.cif.gz
Model saved to /net/rebus/raid1/scratch1/nigel/amber/hi_lo/in/3ino/3ino.cif
Can't determine output label for r3inosf,_refln.crystal_id - skipping.
Can't determine output label for r3inosf,_refln.scale_group_code - skipping.
Can't determine output label for r3inosf,_refln.wavelength_id - skipping.
Converted structure factors saved to 3ino.mtz
not prmtop_filename /net/rebus/scratch1/nigel/amber/hi_lo/in/3ino/4amber_3ino.prmtop
not prmtop_filename /net/chevy/raid1/nigel/amber/hi_lo/in/3ino/4amber_3ino.prmtop

	Running AmberPrep : 3ino.pdb


==================================================
Running pdb4amber on 3ino.pdb
==================================================

==================================================
Setting up library files for non-standard residues
==================================================

==================================================
Preparing asu files and 4phenix_3ino.pdb
==================================================

~> tleap -f 3ino_asu_tleap_input_run

Checking output filenames
  file : 3ino_asu.prmtop
  file : 3ino_asu.rst7

~> ChBox -c 3ino_asu.rst7 -o 3ino_asu.rst7 -X 62.735 -Y 35.851 -Z 129.09 -al 90.0 -bt 99.29 -gm 90.0 


============================================================
Preparing unit cell files: 4amber_3ino.prmtop and 4amber_3ino.rst7
============================================================

~> UnitCell -p 3ino_4UnitCell.pdb -o 3ino_4tleap_uc1.pdb


~> tleap -f 3ino_uc_tleap_input_run

Checking output filenames
  file : 3ino_uc.prmtop
  file : 3ino_uc.rst7

~> ChBox -c 3ino_uc.rst7 -o 3ino_uc.rst7 -X 62.735 -Y 35.851 -Z 129.09 -al 90.0 -bt 99.29 -gm 90.0 


==================================================
Minimizing input coordinates.
==================================================

~> sander -O -i 3ino_amber_all.in -p 4amber_3ino.prmtop -c 4amber_3ino.rst7 -o 3ino.min.out            -ref 4amber_3ino.rst7 -r 4amber_3ino.min.rst7

checking special positions in 4phenix_3ino.pdb

==================================================
Done.  Three new files have been made:
      4phenix_3ino.pdb
      4amber_3ino.prmtop
      4amber_3ino.rst7
==================================================

Example

  phenix.refine 4phenix_3ino.pdb use_amber=True \
    amber.topology_file_name=4amber_3ino.prmtop \
    amber.coordinate_file_name=4amber_3ino.rst7 \
    ....(other refinement keywords here).....



Substituting Amber PDB file for downloaded file

  Amber files
    PDB    : 3ino.pdb
    MTZ    : 3ino.mtz
    prmtop : 4amber_3ino.prmtop
    rst7   : 4amber_3ino.rst7
  
/net/rebus/raid1/scratch1/nigel/amber/hi_lo/in/3ino
return_files 3ino
/net/chevy/raid1/nigel/amber/hi_lo
4amber_3ino.pdb
4phenix_3ino.pdb
cp 4phenix_3ino.pdb /net/chevy/raid1/nigel/amber/hi_lo/in/3ino
3ino.pdb
cp 3ino.pdb /net/chevy/raid1/nigel/amber/hi_lo/in/3ino
4amber_3ino.mtz
4phenix_3ino.mtz
3ino.mtz
cp 3ino.mtz /net/chevy/raid1/nigel/amber/hi_lo/in/3ino
4amber_3ino.rst7
cp 4amber_3ino.rst7 /net/chevy/raid1/nigel/amber/hi_lo/in/3ino
4phenix_3ino.rst7
3ino.rst7
4amber_3ino.prmtop
cp 4amber_3ino.prmtop /net/chevy/raid1/nigel/amber/hi_lo/in/3ino
4phenix_3ino.prmtop
3ino.prmtop
4amber_3ino_refine_001.log
4phenix_3ino_refine_001.log
3ino_refine_001.log
4amber_3ino_refine_002.log
4phenix_3ino_refine_002.log
3ino_refine_002.log
4amber_3ino_refine_001.pdb
4phenix_3ino_refine_001.pdb
3ino_refine_001.pdb
4amber_3ino_refine_002.pdb
4phenix_3ino_refine_002.pdb
3ino_refine_002.pdb
local_archive /net/chevy/raid1/nigel/amber/hi_lo
archive PDB /net/chevy/raid1/nigel/amber/hi_lo/in/3ino/3ino.pdb
/net/rebus/raid1/scratch1/nigel/amber/hi_lo/in/3ino
------------------------------
phenix.refine log filename ? > /net/chevy/raid1/nigel/amber/hi_lo/in/3ino/3ino_refine_001.log
------------------------------
------------------------------
phenix.refine log filename ? > 3ino_refine_001.log
------------------------------
Running phenix.refine

phenix.refine 3ino.pdb 3ino.mtz c_beta_restraints=False discard_psi_phi=False strategy="*individual_sites individual_sites_real_space rigid_body *individual_adp group_adp tls *occupancies group_anomalous" refinement.target_weights.optimize_xyz_weight=True refinement.main.number_of_macro_cycles=10 write_geo=False serial=1 cdl=True

------------------------------
phenix.refine log filename ? > /net/chevy/raid1/nigel/amber/hi_lo/in/3ino/3ino_refine_002.log
------------------------------
------------------------------
phenix.refine log filename ? > 3ino_refine_002.log
------------------------------
Running phenix.refine

phenix.refine 3ino.pdb 3ino.mtz c_beta_restraints=False discard_psi_phi=False strategy="*individual_sites individual_sites_real_space rigid_body *individual_adp group_adp tls *occupancies group_anomalous" topology_file_name=/net/chevy/raid1/nigel/amber/hi_lo/in/3ino/4amber_3ino.prmtop amber.coordinate_file_name=/net/chevy/raid1/nigel/amber/hi_lo/in/3ino/4amber_3ino.rst7 use_amber=True refinement.target_weights.optimize_xyz_weight=True refinement.main.number_of_macro_cycles=10 write_geo=False amber.wxc_factor=0.300000 serial=2

