HOST lewis.lbl.gov
only_i 4
only_code None
force_amber_prep True
dry_run False
1 1z3z,A,2.900,1zod,A,1.800
2 1psi,A,2.920,3ndd,A,1.500
... 4 3ndd
/net/chevy/raid1/nigel/amber/hi_lo
/net/chevy/raid1/nigel/amber/hi_lo/nd/3ndd
3ndd.pdb 4phenix_3ndd.pdb
local_archive None
archive PDB None
Reading from local mirror:
  /net/cci/pdb_mirror/pdb/nd/pdb3ndd.ent.gz
Model saved to /net/lewis/raid1/scratch1/nigel/amber/hi_lo/nd/3ndd/3ndd.pdb
Traceback (most recent call last):
  File "/net/cci-filer2/raid1/xp/phenix/phenix-svn/build/../modules/cctbx_project/mmtbx/command_line/fetch_pdb.py", line 199, in <module>
    run2(sys.argv[1:])
  File "/net/cci-filer2/raid1/xp/phenix/phenix-svn/build/../modules/cctbx_project/mmtbx/command_line/fetch_pdb.py", line 155, in run2
    files.append(get_pdb(id, data_type_, mirror, log, format=data_format))
  File "/net/cci-filer2/raid1/xp/phenix/phenix-svn/modules/cctbx_project/iotbx/pdb/fetch.py", line 213, in get_pdb
    data = fetch(id, data_type, mirror=mirror, format=format, log=log)
  File "/net/cci-filer2/raid1/xp/phenix/phenix-svn/modules/cctbx_project/iotbx/pdb/fetch.py", line 150, in fetch
    data = libtbx.utils.urlopen(url)
  File "/net/cci-filer2/raid1/xp/phenix/phenix-svn/modules/cctbx_project/libtbx/utils.py", line 2069, in urlopen
    return urllib2.urlopen(*args, **kwds)
  File "/net/cci-filer2/raid1/xp/phenix/phenix-svn/base/lib/python2.7/urllib2.py", line 127, in urlopen
    return _opener.open(url, data, timeout)
  File "/net/cci-filer2/raid1/xp/phenix/phenix-svn/base/lib/python2.7/urllib2.py", line 404, in open
    response = self._open(req, data)
  File "/net/cci-filer2/raid1/xp/phenix/phenix-svn/base/lib/python2.7/urllib2.py", line 422, in _open
    '_open', req)
  File "/net/cci-filer2/raid1/xp/phenix/phenix-svn/base/lib/python2.7/urllib2.py", line 382, in _call_chain
    result = func(*args)
  File "/net/cci-filer2/raid1/xp/phenix/phenix-svn/base/lib/python2.7/urllib2.py", line 1214, in http_open
    return self.do_open(httplib.HTTPConnection, req)
  File "/net/cci-filer2/raid1/xp/phenix/phenix-svn/base/lib/python2.7/urllib2.py", line 1184, in do_open
    raise URLError(err)
urllib2.URLError: <urlopen error [Errno 110] Connection timed out>
local_archive None
archive PDB None
Reading from local mirror:
  /net/cci/pdb_mirror/pdb/nd/pdb3ndd.ent.gz
Model saved to /net/lewis/raid1/scratch1/nigel/amber/hi_lo/nd/3ndd/3ndd.pdb
Traceback (most recent call last):
  File "/net/cci-filer2/raid1/xp/phenix/phenix-svn/build/../modules/cctbx_project/mmtbx/command_line/fetch_pdb.py", line 199, in <module>
    run2(sys.argv[1:])
  File "/net/cci-filer2/raid1/xp/phenix/phenix-svn/build/../modules/cctbx_project/mmtbx/command_line/fetch_pdb.py", line 155, in run2
    files.append(get_pdb(id, data_type_, mirror, log, format=data_format))
  File "/net/cci-filer2/raid1/xp/phenix/phenix-svn/modules/cctbx_project/iotbx/pdb/fetch.py", line 213, in get_pdb
    data = fetch(id, data_type, mirror=mirror, format=format, log=log)
  File "/net/cci-filer2/raid1/xp/phenix/phenix-svn/modules/cctbx_project/iotbx/pdb/fetch.py", line 150, in fetch
    data = libtbx.utils.urlopen(url)
  File "/net/cci-filer2/raid1/xp/phenix/phenix-svn/modules/cctbx_project/libtbx/utils.py", line 2069, in urlopen
    return urllib2.urlopen(*args, **kwds)
  File "/net/cci-filer2/raid1/xp/phenix/phenix-svn/base/lib/python2.7/urllib2.py", line 127, in urlopen
    return _opener.open(url, data, timeout)
  File "/net/cci-filer2/raid1/xp/phenix/phenix-svn/base/lib/python2.7/urllib2.py", line 404, in open
    response = self._open(req, data)
  File "/net/cci-filer2/raid1/xp/phenix/phenix-svn/base/lib/python2.7/urllib2.py", line 422, in _open
    '_open', req)
  File "/net/cci-filer2/raid1/xp/phenix/phenix-svn/base/lib/python2.7/urllib2.py", line 382, in _call_chain
    result = func(*args)
  File "/net/cci-filer2/raid1/xp/phenix/phenix-svn/base/lib/python2.7/urllib2.py", line 1214, in http_open
    return self.do_open(httplib.HTTPConnection, req)
  File "/net/cci-filer2/raid1/xp/phenix/phenix-svn/base/lib/python2.7/urllib2.py", line 1184, in do_open
    raise URLError(err)
urllib2.URLError: <urlopen error [Errno 110] Connection timed out>

==================================================
Summary of pdb4amber for: 3ndd.pdb
===================================================
REDUCE returned non-zero exit status: See reduce_info.log for more details

----------Chains
The following (original) chains have been found:
A
B

---------- Alternate Locations (Original Residues!))

The following residues had alternate locations:
HIS_20
GLN_21
GLU_71
GLY_72
SER_85
GLN_86
SER_98
GLU_99
GLU_176
VAL_177
LEU_222
GLY_223
SER_278
VAL_279
THR_286
LYS_287
ASN_291
GLY_292
SER_307
LYS_308
VAL_310
HIS_311
THR_316
ILE_317
ASP_318

---------- Mising heavy atom(s)

LYS_2 misses 3 heavy atom(s)
ASN_23 misses 3 heavy atom(s)
SER_24 misses 1 heavy atom(s)
GLU_109 misses 4 heavy atom(s)
GLU_129 misses 3 heavy atom(s)
LYS_145 misses 2 heavy atom(s)
GLU_152 misses 4 heavy atom(s)
ARG_155 misses 6 heavy atom(s)
GLU_181 misses 4 heavy atom(s)
LYS_210 misses 4 heavy atom(s)
LYS_211 misses 4 heavy atom(s)
GLN_238 misses 4 heavy atom(s)
LYS_251 misses 4 heavy atom(s)
GLU_256 misses 4 heavy atom(s)
LYS_277 misses 3 heavy atom(s)
LYS_308 misses 2 heavy atom(s)
SER_336 misses 1 heavy atom(s)
LYS_357 misses 3 heavy atom(s)
The alternate coordinates have been discarded.
Only the first occurrence for each atom was kept.

==================================================
Summary of pdb4amber for: 3ndd_4tleap_uc1.pdb
===================================================

----------Chains
The following (original) chains have been found:
A
B

---------- Alternate Locations (Original Residues!))

The following residues had alternate locations:
None

---------- Mising heavy atom(s)

None
not prmtop_filename /net/lewis/scratch1/nigel/amber/hi_lo/nd/3ndd/4amber_3ndd.prmtop
not prmtop_filename /net/chevy/raid1/nigel/amber/hi_lo/nd/3ndd/4amber_3ndd.prmtop

	Running AmberPrep : 3ndd.pdb


==================================================
Running pdb4amber on 3ndd.pdb
==================================================

==================================================
Setting up library files for non-standard residues
==================================================

==================================================
Preparing asu files and 4phenix_3ndd.pdb
==================================================

~> tleap -f 3ndd_asu_tleap_input_run

Checking output filenames
  file : 3ndd_asu.prmtop
  file : 3ndd_asu.rst7

~> ChBox -c 3ndd_asu.rst7 -o 3ndd_asu.rst7 -X 37.23 -Y 121.88 -Z 43.22 -al 90.0 -bt 113.88 -gm 90.0 


============================================================
Preparing unit cell files: 4amber_3ndd.prmtop and 4amber_3ndd.rst7
============================================================

~> UnitCell -p 3ndd_4UnitCell.pdb -o 3ndd_4tleap_uc1.pdb


~> tleap -f 3ndd_uc_tleap_input_run

Checking output filenames
  file : 3ndd_uc.prmtop
  file : 3ndd_uc.rst7

~> ChBox -c 3ndd_uc.rst7 -o 3ndd_uc.rst7 -X 37.23 -Y 121.88 -Z 43.22 -al 90.0 -bt 113.88 -gm 90.0 


==================================================
Minimizing input coordinates.
==================================================

~> sander -O -i 3ndd_amber_all.in -p 4amber_3ndd.prmtop -c 4amber_3ndd.rst7 -o 3ndd.min.out            -ref 4amber_3ndd.rst7 -r 4amber_3ndd.min.rst7

checking special positions in 4phenix_3ndd.pdb

==================================================
Done.  Three new files have been made:
      4phenix_3ndd.pdb
      4amber_3ndd.prmtop
      4amber_3ndd.rst7
==================================================

Example

  phenix.refine 4phenix_3ndd.pdb use_amber=True \
    amber.topology_file_name=4amber_3ndd.prmtop \
    amber.coordinate_file_name=4amber_3ndd.rst7 \
    ....(other refinement keywords here).....



Substituting Amber PDB file for downloaded file
run_tests_local.py:220: UserWarning: os.system() is not safe: please use the subprocess module or libtbx.easy_run instead.
  os.system(cmd)

  Amber files
    PDB    : 3ndd.pdb
    MTZ    : 3ndd.mtz
    prmtop : 4amber_3ndd.prmtop
    rst7   : 4amber_3ndd.rst7
  
/net/lewis/raid1/scratch1/nigel/amber/hi_lo/nd/3ndd
return_files 3ndd
/net/chevy/raid1/nigel/amber/hi_lo
4amber_3ndd.pdb
4phenix_3ndd.pdb
cp 4phenix_3ndd.pdb /net/chevy/raid1/nigel/amber/hi_lo/nd/3ndd
3ndd.pdb
cp 3ndd.pdb /net/chevy/raid1/nigel/amber/hi_lo/nd/3ndd
4amber_3ndd.mtz
4phenix_3ndd.mtz
3ndd.mtz
cp 3ndd.mtz /net/chevy/raid1/nigel/amber/hi_lo/nd/3ndd
4amber_3ndd.rst7
cp 4amber_3ndd.rst7 /net/chevy/raid1/nigel/amber/hi_lo/nd/3ndd
4phenix_3ndd.rst7
3ndd.rst7
4amber_3ndd.prmtop
cp 4amber_3ndd.prmtop /net/chevy/raid1/nigel/amber/hi_lo/nd/3ndd
4phenix_3ndd.prmtop
3ndd.prmtop
4amber_3ndd_refine_001.log
4phenix_3ndd_refine_001.log
3ndd_refine_001.log
4amber_3ndd_refine_002.log
4phenix_3ndd_refine_002.log
3ndd_refine_002.log
4amber_3ndd_refine_001.pdb
4phenix_3ndd_refine_001.pdb
3ndd_refine_001.pdb
4amber_3ndd_refine_002.pdb
4phenix_3ndd_refine_002.pdb
3ndd_refine_002.pdb
local_archive /net/chevy/raid1/nigel/amber/hi_lo
archive PDB /net/chevy/raid1/nigel/amber/hi_lo/nd/3ndd/3ndd.pdb
/net/lewis/raid1/scratch1/nigel/amber/hi_lo/nd/3ndd
------------------------------
phenix.refine log filename ? > /net/chevy/raid1/nigel/amber/hi_lo/nd/3ndd/3ndd_refine_001.log
------------------------------
------------------------------
phenix.refine log filename ? > 3ndd_refine_001.log
------------------------------
Running phenix.refine

phenix.refine 3ndd.pdb 3ndd.mtz c_beta_restraints=False discard_psi_phi=False strategy="*individual_sites individual_sites_real_space rigid_body *individual_adp group_adp tls *occupancies group_anomalous" refinement.target_weights.optimize_xyz_weight=True refinement.main.number_of_macro_cycles=10 write_geo=False serial=1 cdl=True

------------------------------
phenix.refine log filename ? > /net/chevy/raid1/nigel/amber/hi_lo/nd/3ndd/3ndd_refine_002.log
------------------------------
------------------------------
phenix.refine log filename ? > 3ndd_refine_002.log
------------------------------
Running phenix.refine

phenix.refine 3ndd.pdb 3ndd.mtz c_beta_restraints=False discard_psi_phi=False strategy="*individual_sites individual_sites_real_space rigid_body *individual_adp group_adp tls *occupancies group_anomalous" topology_file_name=/net/chevy/raid1/nigel/amber/hi_lo/nd/3ndd/4amber_3ndd.prmtop amber.coordinate_file_name=/net/chevy/raid1/nigel/amber/hi_lo/nd/3ndd/4amber_3ndd.rst7 use_amber=True refinement.target_weights.optimize_xyz_weight=True refinement.main.number_of_macro_cycles=10 write_geo=False amber.wxc_factor=0.300000 serial=2

