HOST rebus.lbl.gov
only_i 159
only_code None
force_amber_prep True
dry_run False
... 159 3hfm
/net/chevy/raid1/nigel/amber/hi_lo
/net/chevy/raid1/nigel/amber/hi_lo/hf/3hfm
3hfm.pdb 4phenix_3hfm.pdb
3hfm.pdb 4phenix_3hfm.pdb
local_archive None
archive PDB None
Reading from local mirror:
  /net/cci/pdb_mirror/pdb/hf/pdb3hfm.ent.gz
Model saved to /net/rebus/raid1/scratch1/nigel/amber/hi_lo/hf/3hfm/3hfm.pdb
Sequence saved to /net/rebus/raid1/scratch1/nigel/amber/hi_lo/hf/3hfm/3hfm.fa
Reading from local mirror:
  /net/cci/pdb_mirror/structure_factors/hf/r3hfmsf.ent.gz
Structure factors saved to /net/rebus/raid1/scratch1/nigel/amber/hi_lo/hf/3hfm/3hfm-sf.cif
Reading from local mirror:
  /net/cci/pdb_mirror/mmcif/hf/3hfm.cif.gz
Model saved to /net/rebus/raid1/scratch1/nigel/amber/hi_lo/hf/3hfm/3hfm.cif
Can't determine output label for r3hfmsf,_refln.crystal_id - skipping.
Can't determine output label for r3hfmsf,_refln.scale_group_code - skipping.
Can't determine output label for r3hfmsf,_refln.wavelength_id - skipping.
Converted structure factors saved to 3hfm.mtz

	Running AmberPrep : 3hfm.pdb


==================================================
Running pdb4amber on 3hfm.pdb
==================================================

==================================================
Setting up library files for non-standard residues
==================================================

==================================================
Preparing asu files and 4phenix_3hfm.pdb
==================================================

~> tleap -f 3hfm_asu_tleap_input_run

Checking output filenames
  file : 3hfm_asu.prmtop
  file : 3hfm_asu.rst7

~> ChBox -c 3hfm_asu.rst7 -o 3hfm_asu.rst7 -X 57.468 -Y 118.734 -Z 137.678 -al 90.0 -bt 90.0 -gm 90.0 


============================================================
Preparing unit cell files: 4amber_3hfm.prmtop and 4amber_3hfm.rst7
============================================================

~> UnitCell -p 3hfm_4UnitCell.pdb -o 3hfm_4tleap_uc1.pdb


~> tleap -f 3hfm_uc_tleap_input_run

Checking output filenames
  file : 3hfm_uc.prmtop
  file : 3hfm_uc.rst7

~> ChBox -c 3hfm_uc.rst7 -o 3hfm_uc.rst7 -X 57.468 -Y 118.734 -Z 137.678 -al 90.0 -bt 90.0 -gm 90.0 


==================================================
Minimizing input coordinates.
==================================================

~> sander -O -i 3hfm_amber_all.in -p 4amber_3hfm.prmtop -c 4amber_3hfm.rst7 -o 3hfm.min.out            -ref 4amber_3hfm.rst7 -r 4amber_3hfm.min.rst7

checking special positions in 4phenix_3hfm.pdb

==================================================
Done.  Three new files have been made:
      4phenix_3hfm.pdb
      4amber_3hfm.prmtop
      4amber_3hfm.rst7
==================================================

Example

  phenix.refine 4phenix_3hfm.pdb use_amber=True \
    amber.topology_file_name=4amber_3hfm.prmtop \
    amber.coordinate_file_name=4amber_3hfm.rst7 \
    ....(other refinement keywords here).....



Substituting Amber PDB file for downloaded file

  Amber files
    PDB    : 3hfm.pdb
    MTZ    : 3hfm.mtz
    prmtop : 4amber_3hfm.prmtop
    rst7   : 4amber_3hfm.rst7
  
/net/rebus/raid1/scratch1/nigel/amber/hi_lo/hf/3hfm
return_files 3hfm
/net/chevy/raid1/nigel/amber/hi_lo
4amber_3hfm.pdb
4phenix_3hfm.pdb
cp 4phenix_3hfm.pdb /net/chevy/raid1/nigel/amber/hi_lo/hf/3hfm
3hfm.pdb
cp 3hfm.pdb /net/chevy/raid1/nigel/amber/hi_lo/hf/3hfm
4amber_3hfm.mtz
4phenix_3hfm.mtz
3hfm.mtz
cp 3hfm.mtz /net/chevy/raid1/nigel/amber/hi_lo/hf/3hfm
4amber_3hfm.rst7
cp 4amber_3hfm.rst7 /net/chevy/raid1/nigel/amber/hi_lo/hf/3hfm
4phenix_3hfm.rst7
3hfm.rst7
4amber_3hfm.prmtop
cp 4amber_3hfm.prmtop /net/chevy/raid1/nigel/amber/hi_lo/hf/3hfm
4phenix_3hfm.prmtop
3hfm.prmtop
4amber_3hfm_refine_001.log
4phenix_3hfm_refine_001.log
3hfm_refine_001.log
4amber_3hfm_refine_002.log
4phenix_3hfm_refine_002.log
3hfm_refine_002.log
4amber_3hfm_refine_001.pdb
4phenix_3hfm_refine_001.pdb
3hfm_refine_001.pdb
4amber_3hfm_refine_002.pdb
4phenix_3hfm_refine_002.pdb
3hfm_refine_002.pdb
local_archive /net/chevy/raid1/nigel/amber/hi_lo
archive PDB /net/chevy/raid1/nigel/amber/hi_lo/hf/3hfm/3hfm.pdb
/net/rebus/raid1/scratch1/nigel/amber/hi_lo/hf/3hfm
------------------------------
phenix.refine log filename ? > /net/chevy/raid1/nigel/amber/hi_lo/hf/3hfm/3hfm_refine_001.log
------------------------------

	Already done (on chevy) 3hfm_refine_001
------------------------------
phenix.refine log filename ? > /net/chevy/raid1/nigel/amber/hi_lo/hf/3hfm/3hfm_refine_002.log
------------------------------

	Already done (on chevy) 3hfm_refine_002
