HOST rebus.lbl.gov
only_i 196
only_code None
force_amber_prep True
dry_run False
... 196 1t3f
/net/chevy/raid1/nigel/amber/hi_lo
/net/chevy/raid1/nigel/amber/hi_lo/t3/1t3f
1t3f.pdb 4phenix_1t3f.pdb
1t3f.pdb 4phenix_1t3f.pdb
local_archive None
archive PDB None
Reading from local mirror:
  /net/cci/pdb_mirror/pdb/t3/pdb1t3f.ent.gz
Model saved to /net/rebus/raid1/scratch1/nigel/amber/hi_lo/t3/1t3f/1t3f.pdb
Sequence saved to /net/rebus/raid1/scratch1/nigel/amber/hi_lo/t3/1t3f/1t3f.fa
Reading from local mirror:
  /net/cci/pdb_mirror/structure_factors/t3/r1t3fsf.ent.gz
Structure factors saved to /net/rebus/raid1/scratch1/nigel/amber/hi_lo/t3/1t3f/1t3f-sf.cif
Reading from local mirror:
  /net/cci/pdb_mirror/mmcif/t3/1t3f.cif.gz
Model saved to /net/rebus/raid1/scratch1/nigel/amber/hi_lo/t3/1t3f/1t3f.cif
Can't determine output label for r1t3fsf,_refln.crystal_id - skipping.
Can't determine output label for r1t3fsf,_refln.scale_group_code - skipping.
Can't determine output label for r1t3fsf,_refln.wavelength_id - skipping.
Converted structure factors saved to 1t3f.mtz

	Running AmberPrep : 1t3f.pdb


==================================================
Running pdb4amber on 1t3f.pdb
==================================================

==================================================
Setting up library files for non-standard residues
==================================================
PCA.mol2 is present. Skipping elbow/antechamber run for this residue.


==================================================
Preparing asu files and 4phenix_1t3f.pdb
==================================================

~> tleap -f 1t3f_asu_tleap_input_run

Checking output filenames
  file : 1t3f_asu.prmtop
  file : 1t3f_asu.rst7

~> ChBox -c 1t3f_asu.rst7 -o 1t3f_asu.rst7 -X 64.39 -Y 74.274 -Z 104.643 -al 90.0 -bt 90.0 -gm 90.0 


============================================================
Preparing unit cell files: 4amber_1t3f.prmtop and 4amber_1t3f.rst7
============================================================

~> UnitCell -p 1t3f_4UnitCell.pdb -o 1t3f_4tleap_uc1.pdb


~> tleap -f 1t3f_uc_tleap_input_run

Checking output filenames
  file : 1t3f_uc.prmtop
  file : 1t3f_uc.rst7

~> ChBox -c 1t3f_uc.rst7 -o 1t3f_uc.rst7 -X 64.39 -Y 74.274 -Z 104.643 -al 90.0 -bt 90.0 -gm 90.0 


==================================================
Minimizing input coordinates.
==================================================

~> sander -O -i 1t3f_amber_all.in -p 4amber_1t3f.prmtop -c 4amber_1t3f.rst7 -o 1t3f.min.out            -ref 4amber_1t3f.rst7 -r 4amber_1t3f.min.rst7

checking special positions in 4phenix_1t3f.pdb

==================================================
Done.  Three new files have been made:
      4phenix_1t3f.pdb
      4amber_1t3f.prmtop
      4amber_1t3f.rst7
==================================================

Example

  phenix.refine 4phenix_1t3f.pdb use_amber=True \
    amber.topology_file_name=4amber_1t3f.prmtop \
    amber.coordinate_file_name=4amber_1t3f.rst7 \
    ....(other refinement keywords here).....



Substituting Amber PDB file for downloaded file

  Amber files
    PDB    : 1t3f.pdb
    MTZ    : 1t3f.mtz
    prmtop : 4amber_1t3f.prmtop
    rst7   : 4amber_1t3f.rst7
  
/net/rebus/raid1/scratch1/nigel/amber/hi_lo/t3/1t3f
return_files 1t3f
/net/chevy/raid1/nigel/amber/hi_lo
4amber_1t3f.pdb
4phenix_1t3f.pdb
cp 4phenix_1t3f.pdb /net/chevy/raid1/nigel/amber/hi_lo/t3/1t3f
1t3f.pdb
cp 1t3f.pdb /net/chevy/raid1/nigel/amber/hi_lo/t3/1t3f
4amber_1t3f.mtz
4phenix_1t3f.mtz
1t3f.mtz
cp 1t3f.mtz /net/chevy/raid1/nigel/amber/hi_lo/t3/1t3f
4amber_1t3f.rst7
cp 4amber_1t3f.rst7 /net/chevy/raid1/nigel/amber/hi_lo/t3/1t3f
4phenix_1t3f.rst7
1t3f.rst7
4amber_1t3f.prmtop
cp 4amber_1t3f.prmtop /net/chevy/raid1/nigel/amber/hi_lo/t3/1t3f
4phenix_1t3f.prmtop
1t3f.prmtop
4amber_1t3f_refine_001.log
4phenix_1t3f_refine_001.log
1t3f_refine_001.log
4amber_1t3f_refine_002.log
4phenix_1t3f_refine_002.log
1t3f_refine_002.log
4amber_1t3f_refine_001.pdb
4phenix_1t3f_refine_001.pdb
1t3f_refine_001.pdb
4amber_1t3f_refine_002.pdb
4phenix_1t3f_refine_002.pdb
1t3f_refine_002.pdb
local_archive /net/chevy/raid1/nigel/amber/hi_lo
archive PDB /net/chevy/raid1/nigel/amber/hi_lo/t3/1t3f/1t3f.pdb
/net/rebus/raid1/scratch1/nigel/amber/hi_lo/t3/1t3f
------------------------------
phenix.refine log filename ? > /net/chevy/raid1/nigel/amber/hi_lo/t3/1t3f/1t3f_refine_001.log
------------------------------

	Already done (on chevy) 1t3f_refine_001
------------------------------
phenix.refine log filename ? > /net/chevy/raid1/nigel/amber/hi_lo/t3/1t3f/1t3f_refine_002.log
------------------------------

	Already done (on chevy) 1t3f_refine_002
