HOST morse.lbl.gov
only_i 200
only_code None
force_amber_prep True
dry_run False
... 200 1d1i
/net/chevy/raid1/nigel/amber/hi_lo
/net/chevy/raid1/nigel/amber/hi_lo/d1/1d1i
1d1i.pdb 4phenix_1d1i.pdb
1d1i.pdb 4phenix_1d1i.pdb
local_archive None
archive PDB None
Reading from local mirror:
  /net/cci/pdb_mirror/pdb/d1/pdb1d1i.ent.gz
Model saved to /net/morse/raid1/scratch1/nigel/amber/hi_lo/d1/1d1i/1d1i.pdb
Sequence saved to /net/morse/raid1/scratch1/nigel/amber/hi_lo/d1/1d1i/1d1i.fa
Reading from local mirror:
  /net/cci/pdb_mirror/structure_factors/d1/r1d1isf.ent.gz
Structure factors saved to /net/morse/raid1/scratch1/nigel/amber/hi_lo/d1/1d1i/1d1i-sf.cif
Reading from local mirror:
  /net/cci/pdb_mirror/mmcif/d1/1d1i.cif.gz
Model saved to /net/morse/raid1/scratch1/nigel/amber/hi_lo/d1/1d1i/1d1i.cif
Can't determine output label for r1d1isf,_refln.crystal_id - skipping.
Can't determine output label for r1d1isf,_refln.scale_group_code - skipping.
Can't determine output label for r1d1isf,_refln.wavelength_id - skipping.
Converted structure factors saved to 1d1i.mtz
local_archive None
archive PDB None
Reading from local mirror:
  /net/cci/pdb_mirror/pdb/d1/pdb1d1i.ent.gz
Model saved to /net/morse/raid1/scratch1/nigel/amber/hi_lo/d1/1d1i/1d1i.pdb
Sequence saved to /net/morse/raid1/scratch1/nigel/amber/hi_lo/d1/1d1i/1d1i.fa
Reading from local mirror:
  /net/cci/pdb_mirror/structure_factors/d1/r1d1isf.ent.gz
Structure factors saved to /net/morse/raid1/scratch1/nigel/amber/hi_lo/d1/1d1i/1d1i-sf.cif
Reading from local mirror:
  /net/cci/pdb_mirror/mmcif/d1/1d1i.cif.gz
Model saved to /net/morse/raid1/scratch1/nigel/amber/hi_lo/d1/1d1i/1d1i.cif
Can't determine output label for r1d1isf,_refln.crystal_id - skipping.
Can't determine output label for r1d1isf,_refln.scale_group_code - skipping.
Can't determine output label for r1d1isf,_refln.wavelength_id - skipping.
Converted structure factors saved to 1d1i.mtz

==================================================
Summary of pdb4amber for: 1d1i.pdb
===================================================

----------Chains
The following (original) chains have been found:
A
B
C
D
E

---------- Alternate Locations (Original Residues!))

The following residues had alternate locations:
None

---------- Mising heavy atom(s)

None
not prmtop_filename /net/morse/scratch1/nigel/amber/hi_lo/d1/1d1i/4amber_1d1i.prmtop

	Running AmberPrep : 1d1i.pdb


==================================================
Running pdb4amber on 1d1i.pdb
==================================================

==================================================
Setting up library files for non-standard residues
==================================================

==================================================
Running elbow/antechamber for BGC 
==================================================

MoleculeClass :  C: 6  O: 6 (CHEMICAL COMPONENTS format)
	24 atoms
	24 bonds
	42 angles
	66 dihedrals
	1 rings (groups, rings, atoms) 1 6
	5 chirals : R S S R R 

~> antechamber -i 4antechamber_BGC.pdb -fi pdb -o BGC.mol2 -fo mol2       -nc 0 -m 1 -s 2 -pf y -c bcc -at gaff2 -ek "qm_theory='AM1',grms_tol=0.0005,scfconv=1.d-10,maxcyc=0,ndiis_attempts=700,"


~> parmchk2 -s 2 -i BGC.mol2 -f mol2 -o BGC.frcmod


==================================================
Running elbow/antechamber for GLA 
==================================================

MoleculeClass :  C: 6  O: 6 (CHEMICAL COMPONENTS format)
	24 atoms
	24 bonds
	42 angles
	66 dihedrals
	1 rings (groups, rings, atoms) 1 6
	5 chirals : S R S R R 

~> antechamber -i 4antechamber_GLA.pdb -fi pdb -o GLA.mol2 -fo mol2       -nc 0 -m 1 -s 2 -pf y -c bcc -at gaff2 -ek "qm_theory='AM1',grms_tol=0.0005,scfconv=1.d-10,maxcyc=0,ndiis_attempts=700,"


~> parmchk2 -s 2 -i GLA.mol2 -f mol2 -o GLA.frcmod


==================================================
Running elbow/antechamber for GAL 
==================================================

==================================================
Summary of pdb4amber for: 1d1i_4tleap_uc1.pdb
===================================================

----------Chains
The following (original) chains have been found:
A
B
C
D
E

---------- Alternate Locations (Original Residues!))

The following residues had alternate locations:
None

---------- Mising heavy atom(s)

None

MoleculeClass :  C: 6  O: 6 (CHEMICAL COMPONENTS format)
	24 atoms
	24 bonds
	42 angles
	66 dihedrals
	1 rings (groups, rings, atoms) 1 6
	5 chirals : R R S R R 

~> antechamber -i 4antechamber_GAL.pdb -fi pdb -o GAL.mol2 -fo mol2       -nc 0 -m 1 -s 2 -pf y -c bcc -at gaff2 -ek "qm_theory='AM1',grms_tol=0.0005,scfconv=1.d-10,maxcyc=0,ndiis_attempts=700,"


~> parmchk2 -s 2 -i GAL.mol2 -f mol2 -o GAL.frcmod


==================================================
Preparing asu files and 4phenix_1d1i.pdb
==================================================

~> tleap -f 1d1i_asu_tleap_input_run

Checking output filenames
  file : 1d1i_asu.prmtop
  file : 1d1i_asu.rst7

~> ChBox -c 1d1i_asu.rst7 -o 1d1i_asu.rst7 -X 44.232 -Y 44.136 -Z 53.881 -al 106.04 -bt 106.37 -gm 99.22 


============================================================
Preparing unit cell files: 4amber_1d1i.prmtop and 4amber_1d1i.rst7
============================================================

~> UnitCell -p 1d1i_4UnitCell.pdb -o 1d1i_4tleap_uc1.pdb


~> tleap -f 1d1i_uc_tleap_input_run

Checking output filenames
  file : 1d1i_uc.prmtop
  file : 1d1i_uc.rst7

~> ChBox -c 1d1i_uc.rst7 -o 1d1i_uc.rst7 -X 44.232 -Y 44.136 -Z 53.881 -al 106.04 -bt 106.37 -gm 99.22 


==================================================
Minimizing input coordinates.
==================================================

~> sander -O -i 1d1i_amber_all.in -p 4amber_1d1i.prmtop -c 4amber_1d1i.rst7 -o 1d1i.min.out            -ref 4amber_1d1i.rst7 -r 4amber_1d1i.min.rst7

checking special positions in 4phenix_1d1i.pdb

==================================================
Done.  Three new files have been made:
      4phenix_1d1i.pdb
      4amber_1d1i.prmtop
      4amber_1d1i.rst7
==================================================

Example

  phenix.refine 4phenix_1d1i.pdb use_amber=True \
    amber.topology_file_name=4amber_1d1i.prmtop \
    amber.coordinate_file_name=4amber_1d1i.rst7 \
    ....(other refinement keywords here).....



Substituting Amber PDB file for downloaded file
run_tests_local.py:222: UserWarning: os.system() is not safe: please use the subprocess module or libtbx.easy_run instead.
  os.system(cmd)

  Amber files
    PDB    : 1d1i.pdb
    MTZ    : 1d1i.mtz
    prmtop : 4amber_1d1i.prmtop
    rst7   : 4amber_1d1i.rst7
  
/net/morse/raid1/scratch1/nigel/amber/hi_lo/d1/1d1i
return_files 1d1i
/net/chevy/raid1/nigel/amber/hi_lo
4amber_1d1i.pdb
4phenix_1d1i.pdb
cp 4phenix_1d1i.pdb /net/chevy/raid1/nigel/amber/hi_lo/d1/1d1i
1d1i.pdb
cp 1d1i.pdb /net/chevy/raid1/nigel/amber/hi_lo/d1/1d1i
4amber_1d1i.mtz
4phenix_1d1i.mtz
1d1i.mtz
cp 1d1i.mtz /net/chevy/raid1/nigel/amber/hi_lo/d1/1d1i
4amber_1d1i.rst7
cp 4amber_1d1i.rst7 /net/chevy/raid1/nigel/amber/hi_lo/d1/1d1i
4phenix_1d1i.rst7
1d1i.rst7
4amber_1d1i.prmtop
cp 4amber_1d1i.prmtop /net/chevy/raid1/nigel/amber/hi_lo/d1/1d1i
4phenix_1d1i.prmtop
1d1i.prmtop
4amber_1d1i_refine_001.log
4phenix_1d1i_refine_001.log
1d1i_refine_001.log
4amber_1d1i_refine_002.log
4phenix_1d1i_refine_002.log
1d1i_refine_002.log
4amber_1d1i_refine_001.pdb
4phenix_1d1i_refine_001.pdb
1d1i_refine_001.pdb
4amber_1d1i_refine_002.pdb
4phenix_1d1i_refine_002.pdb
1d1i_refine_002.pdb
local_archive /net/chevy/raid1/nigel/amber/hi_lo
archive PDB /net/chevy/raid1/nigel/amber/hi_lo/d1/1d1i/1d1i.pdb
/net/morse/raid1/scratch1/nigel/amber/hi_lo/d1/1d1i
------------------------------
phenix.refine log filename ? > /net/chevy/raid1/nigel/amber/hi_lo/d1/1d1i/1d1i_refine_001.log
------------------------------

	Already done (on chevy) 1d1i_refine_001
------------------------------
phenix.refine log filename ? > /net/chevy/raid1/nigel/amber/hi_lo/d1/1d1i/1d1i_refine_002.log
------------------------------

	Already done (on chevy) 1d1i_refine_002
