HOST morse.lbl.gov
only_i 274
only_code None
force_amber_prep True
dry_run False
... 274 2izz
/net/chevy/raid1/nigel/amber/hi_lo
/net/chevy/raid1/nigel/amber/hi_lo/iz/2izz
2izz.pdb 4phenix_2izz.pdb
local_archive None
archive PDB None
Reading from local mirror:
  /net/cci/pdb_mirror/pdb/iz/pdb2izz.ent.gz
Model saved to /net/morse/raid1/scratch1/nigel/amber/hi_lo/iz/2izz/2izz.pdb
Sequence saved to /net/morse/raid1/scratch1/nigel/amber/hi_lo/iz/2izz/2izz.fa
Reading from local mirror:
  /net/cci/pdb_mirror/structure_factors/iz/r2izzsf.ent.gz
Structure factors saved to /net/morse/raid1/scratch1/nigel/amber/hi_lo/iz/2izz/2izz-sf.cif
Reading from local mirror:
  /net/cci/pdb_mirror/mmcif/iz/2izz.cif.gz
Model saved to /net/morse/raid1/scratch1/nigel/amber/hi_lo/iz/2izz/2izz.cif
Can't determine output label for r2izzsf,_refln.crystal_id - skipping.
Can't determine output label for r2izzsf,_refln.scale_group_code - skipping.
R-free-flags: fraction_free=0.016
R-free-flags: missing 97 reflections
Can't determine output label for r2izzsf,_refln.wavelength_id - skipping.
Converted structure factors saved to 2izz.mtz
local_archive None
archive PDB None
Reading from local mirror:
  /net/cci/pdb_mirror/pdb/iz/pdb2izz.ent.gz
Model saved to /net/morse/raid1/scratch1/nigel/amber/hi_lo/iz/2izz/2izz.pdb
Sequence saved to /net/morse/raid1/scratch1/nigel/amber/hi_lo/iz/2izz/2izz.fa
Reading from local mirror:
  /net/cci/pdb_mirror/structure_factors/iz/r2izzsf.ent.gz
Structure factors saved to /net/morse/raid1/scratch1/nigel/amber/hi_lo/iz/2izz/2izz-sf.cif
Reading from local mirror:
  /net/cci/pdb_mirror/mmcif/iz/2izz.cif.gz
Model saved to /net/morse/raid1/scratch1/nigel/amber/hi_lo/iz/2izz/2izz.cif
Can't determine output label for r2izzsf,_refln.crystal_id - skipping.
Can't determine output label for r2izzsf,_refln.scale_group_code - skipping.
R-free-flags: fraction_free=0.016
R-free-flags: missing 97 reflections
Can't determine output label for r2izzsf,_refln.wavelength_id - skipping.
Converted structure factors saved to 2izz.mtz

==================================================
Summary of pdb4amber for: 2izz.pdb
===================================================
REDUCE returned non-zero exit status: See reduce_info.log for more details

----------Chains
The following (original) chains have been found:
A
B
C
D
E

---------- Alternate Locations (Original Residues!))

The following residues had alternate locations:
ARG_47
SER_64
LYS_72
SER_110
MET_150
ARG_200
ARG_477
SER_661
THR_676
MET_701
ARG_751
SER_941
ARG_1031
MET_1252
ARG_1302

---------- Mising heavy atom(s)

SER_1 misses 1 heavy atom(s)
ASP_39 misses 3 heavy atom(s)
LYS_48 misses 3 heavy atom(s)
LYS_52 misses 2 heavy atom(s)
PHE_78 misses 5 heavy atom(s)
GLN_143 misses 3 heavy atom(s)
ARG_148 misses 5 heavy atom(s)
ARG_201 misses 3 heavy atom(s)
GLU_222 misses 4 heavy atom(s)
GLN_277 misses 4 heavy atom(s)
SER_278 misses 1 heavy atom(s)
LYS_295 misses 2 heavy atom(s)
ASP_316 misses 3 heavy atom(s)
LYS_325 misses 2 heavy atom(s)
GLU_422 misses 4 heavy atom(s)
ARG_425 misses 4 heavy atom(s)
MET_549 misses 3 heavy atom(s)
LYS_569 misses 2 heavy atom(s)
LEU_591 misses 2 heavy atom(s)
LYS_599 misses 4 heavy atom(s)
LYS_603 misses 4 heavy atom(s)
LYS_609 misses 4 heavy atom(s)
LYS_658 misses 3 heavy atom(s)
GLU_696 misses 3 heavy atom(s)
ARG_699 misses 5 heavy atom(s)
ARG_752 misses 3 heavy atom(s)
GLU_773 misses 3 heavy atom(s)
MET_823 misses 3 heavy atom(s)
GLN_826 misses 4 heavy atom(s)
GLU_827 misses 4 heavy atom(s)
LYS_849 misses 1 heavy atom(s)
LEU_857 misses 3 heavy atom(s)
ASP_870 misses 3 heavy atom(s)
VAL_874 misses 2 heavy atom(s)
ARG_878 misses 6 heavy atom(s)
LYS_879 misses 4 heavy atom(s)
LYS_883 misses 4 heavy atom(s)
LYS_889 misses 4 heavy atom(s)
GLU_890 misses 4 heavy atom(s)
GLN_893 misses 4 heavy atom(s)
LYS_903 misses 4 heavy atom(s)
PHE_909 misses 5 heavy atom(s)
LYS_938 misses 3 heavy atom(s)
ARG_944 misses 3 heavy atom(s)
ARG_1032 misses 3 heavy atom(s)
GLU_1053 misses 4 heavy atom(s)
MET_1103 misses 3 heavy atom(s)
LEU_1128 misses 1 heavy atom(s)
ASP_1141 misses 3 heavy atom(s)
LYS_1160 misses 4 heavy atom(s)
GLU_1161 misses 4 heavy atom(s)
LYS_1209 misses 3 heavy atom(s)
VAL_1246 misses 2 heavy atom(s)
GLU_1247 misses 4 heavy atom(s)
ARG_1250 misses 3 heavy atom(s)
GLU_1324 misses 4 heavy atom(s)
MET_1374 misses 2 heavy atom(s)
The alternate coordinates have been discarded.
Only the first occurrence for each atom was kept.
not prmtop_filename /net/morse/scratch1/nigel/amber/hi_lo/iz/2izz/4amber_2izz.prmtop
not prmtop_filename /net/chevy/raid1/nigel/amber/hi_lo/iz/2izz/4amber_2izz.prmtop

	Running AmberPrep : 2izz.pdb


==================================================
Running pdb4amber on 2izz.pdb
==================================================

==================================================
Setting up library files for non-standard residues
==================================================

  Residue "EDO" already in amber monomer library. Skipping elbow/antechamber
    run for this residue.
        

==================================================
Running elbow/antechamber for NAD 
==================================================

==================================================
Summary of pdb4amber for: 2izz_4tleap_uc1.pdb
===================================================

----------Chains
The following (original) chains have been found:
A
B
C
D
E

---------- Alternate Locations (Original Residues!))

The following residues had alternate locations:
None

---------- Mising heavy atom(s)

None

MoleculeClass :  C:21  N: 7  O:14  P: 2 (CHEMICAL COMPONENTS format)
	70 atoms
	74 bonds
	129 angles
	190 dihedrals
	4 rings (groups, rings, atoms) 5 27
	8 chirals : R S R R R S R R 

~> antechamber -i 4antechamber_NAD.pdb -fi pdb -o NAD.mol2 -fo mol2       -nc -1 -m 1 -s 2 -pf y -c bcc -at gaff2 -ek "qm_theory='AM1',grms_tol=0.0005,scfconv=1.d-10,maxcyc=0,ndiis_attempts=700,"


~> parmchk2 -s 2 -i NAD.mol2 -f mol2 -o NAD.frcmod


==================================================
Preparing asu files and 4phenix_2izz.pdb
==================================================

~> tleap -f 2izz_asu_tleap_input_run

Checking output filenames
  file : 2izz_asu.prmtop
  file : 2izz_asu.rst7

~> ChBox -c 2izz_asu.rst7 -o 2izz_asu.rst7 -X 110.453 -Y 177.944 -Z 87.916 -al 90.0 -bt 106.7 -gm 90.0 


============================================================
Preparing unit cell files: 4amber_2izz.prmtop and 4amber_2izz.rst7
============================================================

~> UnitCell -p 2izz_4UnitCell.pdb -o 2izz_4tleap_uc1.pdb


~> tleap -f 2izz_uc_tleap_input_run

Checking output filenames
  file : 2izz_uc.prmtop
  file : 2izz_uc.rst7

~> ChBox -c 2izz_uc.rst7 -o 2izz_uc.rst7 -X 110.453 -Y 177.944 -Z 87.916 -al 90.0 -bt 106.7 -gm 90.0 


==================================================
Minimizing input coordinates.
==================================================

~> sander -O -i 2izz_amber_all.in -p 4amber_2izz.prmtop -c 4amber_2izz.rst7 -o 2izz.min.out            -ref 4amber_2izz.rst7 -r 4amber_2izz.min.rst7

checking special positions in 4phenix_2izz.pdb

==================================================
Done.  Three new files have been made:
      4phenix_2izz.pdb
      4amber_2izz.prmtop
      4amber_2izz.rst7
==================================================

Example

  phenix.refine 4phenix_2izz.pdb use_amber=True \
    amber.topology_file_name=4amber_2izz.prmtop \
    amber.coordinate_file_name=4amber_2izz.rst7 \
    ....(other refinement keywords here).....



Substituting Amber PDB file for downloaded file
run_tests_local.py:222: UserWarning: os.system() is not safe: please use the subprocess module or libtbx.easy_run instead.
  os.system(cmd)
