HOST morse.lbl.gov
only_i 186
only_code None
force_amber_prep True
dry_run False
... 186 2uyz
/net/chevy/raid1/nigel/amber/hi_lo
/net/chevy/raid1/nigel/amber/hi_lo/uy/2uyz
2uyz.pdb 4phenix_2uyz.pdb
local_archive None
archive PDB None
Reading from local mirror:
  /net/cci/pdb_mirror/pdb/uy/pdb2uyz.ent.gz
Model saved to /net/morse/raid1/scratch1/nigel/amber/hi_lo/uy/2uyz/2uyz.pdb
Sequence saved to /net/morse/raid1/scratch1/nigel/amber/hi_lo/uy/2uyz/2uyz.fa
Reading from local mirror:
  /net/cci/pdb_mirror/structure_factors/uy/r2uyzsf.ent.gz
Structure factors saved to /net/morse/raid1/scratch1/nigel/amber/hi_lo/uy/2uyz/2uyz-sf.cif
Reading from local mirror:
  /net/cci/pdb_mirror/mmcif/uy/2uyz.cif.gz
Model saved to /net/morse/raid1/scratch1/nigel/amber/hi_lo/uy/2uyz/2uyz.cif
Can't determine output label for r2uyzsf,_refln.crystal_id - skipping.
Can't determine output label for r2uyzsf,_refln.scale_group_code - skipping.
R-free-flags: fraction_free=0.050
R-free-flags: missing 391 reflections
Can't determine output label for r2uyzsf,_refln.wavelength_id - skipping.
Converted structure factors saved to 2uyz.mtz
local_archive None
archive PDB None
Reading from local mirror:
  /net/cci/pdb_mirror/pdb/uy/pdb2uyz.ent.gz
Model saved to /net/morse/raid1/scratch1/nigel/amber/hi_lo/uy/2uyz/2uyz.pdb
Sequence saved to /net/morse/raid1/scratch1/nigel/amber/hi_lo/uy/2uyz/2uyz.fa
Reading from local mirror:
  /net/cci/pdb_mirror/structure_factors/uy/r2uyzsf.ent.gz
Structure factors saved to /net/morse/raid1/scratch1/nigel/amber/hi_lo/uy/2uyz/2uyz-sf.cif
Reading from local mirror:
  /net/cci/pdb_mirror/mmcif/uy/2uyz.cif.gz
Model saved to /net/morse/raid1/scratch1/nigel/amber/hi_lo/uy/2uyz/2uyz.cif
Can't determine output label for r2uyzsf,_refln.crystal_id - skipping.
Can't determine output label for r2uyzsf,_refln.scale_group_code - skipping.
R-free-flags: fraction_free=0.050
R-free-flags: missing 391 reflections
Can't determine output label for r2uyzsf,_refln.wavelength_id - skipping.
Converted structure factors saved to 2uyz.mtz

==================================================
Summary of pdb4amber for: 2uyz.pdb
===================================================
REDUCE returned non-zero exit status: See reduce_info.log for more details

----------Chains
The following (original) chains have been found:
A
B

---------- Alternate Locations (Original Residues!))

The following residues had alternate locations:
SER_5
ARG_6
LYS_12
ALA_13
LYS_16
ASP_17
HIS_18
GLU_52
GLY_53
LYS_57
LEU_58
ARG_59
LYS_74
LEU_79
SER_93
ILE_94
LYS_108
GLN_109
ILE_123
GLN_124
ASP_125
ARG_147
ALA_148
LYS_151
LYS_152
GLN_167
ASP_168
MET_178
THR_179
LYS_184
LEU_185
SER_188
TYR_189
ARG_201
PHE_202
ARG_208
ILE_209
LYS_216
GLU_223
ASP_224
VAL_225
ILE_226
GLN_232
THR_233
not prmtop_filename /net/morse/scratch1/nigel/amber/hi_lo/uy/2uyz/4amber_2uyz.prmtop
not prmtop_filename /net/chevy/raid1/nigel/amber/hi_lo/uy/2uyz/4amber_2uyz.prmtop

	Running AmberPrep : 2uyz.pdb


==================================================
Running pdb4amber on 2uyz.pdb
==================================================
Traceback (most recent call last):
  File "run_tests_local.py", line 323, in <module>
    run(*tuple(args))
  File "run_tests_local.py", line 307, in run
    w2 = run_all_tests(code, force_amber_prep=force_amber_prep)
  File "run_tests_local.py", line 93, in run_all_tests
    "clean=on",
  File "/net/cci-filer2/raid1/xp/phenix/phenix-svn/modules/amber_adaptbx/command_line/AmberPrepClass.py", line 951, in run
    arg_conect=False,
  File "/net/cci-filer2/raid1/xp/phenix/phenix-svn/modules/amber/lib/python2.7/site-packages/pdb4amber/pdb4amber.py", line 522, in run
    gaplist = pdbfixer.find_gaps()
  File "/net/cci-filer2/raid1/xp/phenix/phenix-svn/modules/amber/lib/python2.7/site-packages/pdb4amber/pdb4amber.py", line 213, in find_gaps
    N_atom = parm.atoms[N_atoms[i + 1]]
IndexError: list index out of range
