HOST morse.lbl.gov
only_i 310
only_code None
force_amber_prep True
dry_run False
... 310 3f02
/net/chevy/raid1/nigel/amber/hi_lo
/net/chevy/raid1/nigel/amber/hi_lo/f0/3f02
3f02.pdb 4phenix_3f02.pdb
3f02.pdb 4phenix_3f02.pdb
local_archive None
archive PDB None
Reading from local mirror:
  /net/cci/pdb_mirror/pdb/f0/pdb3f02.ent.gz
Model saved to /net/morse/raid1/scratch1/nigel/amber/hi_lo/f0/3f02/3f02.pdb
Sequence saved to /net/morse/raid1/scratch1/nigel/amber/hi_lo/f0/3f02/3f02.fa
Reading from local mirror:
  /net/cci/pdb_mirror/structure_factors/f0/r3f02sf.ent.gz
Structure factors saved to /net/morse/raid1/scratch1/nigel/amber/hi_lo/f0/3f02/3f02-sf.cif
Reading from local mirror:
  /net/cci/pdb_mirror/mmcif/f0/3f02.cif.gz
Model saved to /net/morse/raid1/scratch1/nigel/amber/hi_lo/f0/3f02/3f02.cif
Can't determine output label for r3f02sf,_refln.crystal_id - skipping.
Can't determine output label for r3f02sf,_refln.scale_group_code - skipping.
R-free-flags: fraction_free=0.050
R-free-flags: missing 346 reflections
Can't determine output label for r3f02sf,_refln.wavelength_id - skipping.
Converted structure factors saved to 3f02.mtz
local_archive None
archive PDB None
Reading from local mirror:
  /net/cci/pdb_mirror/pdb/f0/pdb3f02.ent.gz
Model saved to /net/morse/raid1/scratch1/nigel/amber/hi_lo/f0/3f02/3f02.pdb
Sequence saved to /net/morse/raid1/scratch1/nigel/amber/hi_lo/f0/3f02/3f02.fa
Reading from local mirror:
  /net/cci/pdb_mirror/structure_factors/f0/r3f02sf.ent.gz
Structure factors saved to /net/morse/raid1/scratch1/nigel/amber/hi_lo/f0/3f02/3f02-sf.cif
Reading from local mirror:
  /net/cci/pdb_mirror/mmcif/f0/3f02.cif.gz
Model saved to /net/morse/raid1/scratch1/nigel/amber/hi_lo/f0/3f02/3f02.cif
Can't determine output label for r3f02sf,_refln.crystal_id - skipping.
Can't determine output label for r3f02sf,_refln.scale_group_code - skipping.
R-free-flags: fraction_free=0.050
R-free-flags: missing 346 reflections
Can't determine output label for r3f02sf,_refln.wavelength_id - skipping.
Converted structure factors saved to 3f02.mtz

==================================================
Summary of pdb4amber for: 3f02.pdb
===================================================

----------Chains
The following (original) chains have been found:
A
B
C
D

---------- Alternate Locations (Original Residues!))

The following residues had alternate locations:
ILE_3
MET_10
MET_69
ASN_124
LEU_125
LYS_154
GLU_160
GLN_176
ARG_219
LEU_337
MET_349
MET_367
ASP_377
MET_430
LYS_431
HIS_443
ASN_485
LEU_504
ILE_538
PHE_552
GLU_599
SER_656
GLU_669
MET_716

---------- Gaps (Renumbered Residues!)
gap of 9.963835 A between SER 57 and GLU 58
gap of 15.967547 A between PHE 66 and TYR 67
gap of 8.063920 A between SER 195 and GLY 196
gap of 7.348279 A between LEU 415 and GLU 416
gap of 13.770457 A between SER 425 and SER 426
gap of 5.226386 A between ASN 557 and GLY 558

---------- Mising heavy atom(s)

None
The alternate coordinates have been discarded.
Only the first occurrence for each atom was kept.

==================================================
Summary of pdb4amber for: 3f02_4tleap_uc1.pdb
===================================================

----------Chains
The following (original) chains have been found:
A
B
C
D

---------- Alternate Locations (Original Residues!))

The following residues had alternate locations:
None

---------- Gaps (Renumbered Residues!)
gap of 9.963835 A between SER 57 and GLU 58
gap of 15.967547 A between PHE 66 and TYR 67
gap of 8.063920 A between SER 195 and GLY 196
gap of 7.348279 A between LEU 415 and GLU 416
gap of 13.770457 A between SER 425 and SER 426
gap of 5.226386 A between ASN 557 and GLY 558
gap of 9.963835 A between SER 1329 and GLU 1330
gap of 15.967547 A between PHE 1338 and TYR 1339
gap of 8.063920 A between SER 1467 and GLY 1468
gap of 7.348279 A between LEU 1687 and GLU 1688
gap of 13.770457 A between SER 1697 and SER 1698
gap of 5.226386 A between ASN 1829 and GLY 1830
gap of 9.963835 A between SER 2601 and GLU 2602
gap of 15.967547 A between PHE 2610 and TYR 2611
gap of 8.063920 A between SER 2739 and GLY 2740
gap of 7.348279 A between LEU 2959 and GLU 2960
gap of 13.770457 A between SER 2969 and SER 2970
gap of 5.226386 A between ASN 3101 and GLY 3102
gap of 9.963835 A between SER 3873 and GLU 3874
gap of 15.967547 A between PHE 3882 and TYR 3883
gap of 8.063920 A between SER 4011 and GLY 4012
gap of 7.348279 A between LEU 4231 and GLU 4232
gap of 13.770457 A between SER 4241 and SER 4242
gap of 5.226386 A between ASN 4373 and GLY 4374

---------- Mising heavy atom(s)

None
not prmtop_filename /net/morse/scratch1/nigel/amber/hi_lo/f0/3f02/4amber_3f02.prmtop

	Running AmberPrep : 3f02.pdb


==================================================
Running pdb4amber on 3f02.pdb
==================================================

==================================================
Setting up library files for non-standard residues
==================================================

==================================================
Preparing asu files and 4phenix_3f02.pdb
==================================================

~> tleap -f 3f02_asu_tleap_input_run

Checking output filenames
  file : 3f02_asu.prmtop
  file : 3f02_asu.rst7

~> ChBox -c 3f02_asu.rst7 -o 3f02_asu.rst7 -X 72.928 -Y 100.066 -Z 115.825 -al 90.0 -bt 90.0 -gm 90.0 


============================================================
Preparing unit cell files: 4amber_3f02.prmtop and 4amber_3f02.rst7
============================================================

~> UnitCell -p 3f02_4UnitCell.pdb -o 3f02_4tleap_uc1.pdb


~> tleap -f 3f02_uc_tleap_input_run

Checking output filenames
  file : 3f02_uc.prmtop
  file : 3f02_uc.rst7

~> ChBox -c 3f02_uc.rst7 -o 3f02_uc.rst7 -X 72.928 -Y 100.066 -Z 115.825 -al 90.0 -bt 90.0 -gm 90.0 


==================================================
Minimizing input coordinates.
==================================================

~> sander -O -i 3f02_amber_all.in -p 4amber_3f02.prmtop -c 4amber_3f02.rst7 -o 3f02.min.out            -ref 4amber_3f02.rst7 -r 4amber_3f02.min.rst7

checking special positions in 4phenix_3f02.pdb

==================================================
Done.  Three new files have been made:
      4phenix_3f02.pdb
      4amber_3f02.prmtop
      4amber_3f02.rst7
==================================================

Example

  phenix.refine 4phenix_3f02.pdb use_amber=True \
    amber.topology_file_name=4amber_3f02.prmtop \
    amber.coordinate_file_name=4amber_3f02.rst7 \
    ....(other refinement keywords here).....



Substituting Amber PDB file for downloaded file
run_tests_local.py:222: UserWarning: os.system() is not safe: please use the subprocess module or libtbx.easy_run instead.
  os.system(cmd)

  Amber files
    PDB    : 3f02.pdb
    MTZ    : 3f02.mtz
    prmtop : 4amber_3f02.prmtop
    rst7   : 4amber_3f02.rst7
  
/net/morse/raid1/scratch1/nigel/amber/hi_lo/f0/3f02
return_files 3f02
/net/chevy/raid1/nigel/amber/hi_lo
4amber_3f02.pdb
4phenix_3f02.pdb
cp 4phenix_3f02.pdb /net/chevy/raid1/nigel/amber/hi_lo/f0/3f02
3f02.pdb
cp 3f02.pdb /net/chevy/raid1/nigel/amber/hi_lo/f0/3f02
4amber_3f02.mtz
4phenix_3f02.mtz
3f02.mtz
cp 3f02.mtz /net/chevy/raid1/nigel/amber/hi_lo/f0/3f02
4amber_3f02.rst7
cp 4amber_3f02.rst7 /net/chevy/raid1/nigel/amber/hi_lo/f0/3f02
4phenix_3f02.rst7
3f02.rst7
4amber_3f02.prmtop
cp 4amber_3f02.prmtop /net/chevy/raid1/nigel/amber/hi_lo/f0/3f02
4phenix_3f02.prmtop
3f02.prmtop
4amber_3f02_refine_001.log
4phenix_3f02_refine_001.log
3f02_refine_001.log
4amber_3f02_refine_002.log
4phenix_3f02_refine_002.log
3f02_refine_002.log
4amber_3f02_refine_001.pdb
4phenix_3f02_refine_001.pdb
3f02_refine_001.pdb
4amber_3f02_refine_002.pdb
4phenix_3f02_refine_002.pdb
3f02_refine_002.pdb
local_archive /net/chevy/raid1/nigel/amber/hi_lo
archive PDB /net/chevy/raid1/nigel/amber/hi_lo/f0/3f02/3f02.pdb
/net/morse/raid1/scratch1/nigel/amber/hi_lo/f0/3f02
------------------------------
phenix.refine log filename ? > /net/chevy/raid1/nigel/amber/hi_lo/f0/3f02/3f02_refine_001.log
------------------------------

	Already done (on chevy) 3f02_refine_001
------------------------------
phenix.refine log filename ? > /net/chevy/raid1/nigel/amber/hi_lo/f0/3f02/3f02_refine_002.log
------------------------------

	Already done (on chevy) 3f02_refine_002
