HOST rebus.lbl.gov
only_i 43
only_code None
force_amber_prep True
dry_run False
1 1z3z,A,2.900,1zod,A,1.800
2 1psi,A,2.920,3ndd,A,1.500
3 3bpo,A,3.000,3l5w,I,2.000
4 1e6j,P,3.000,3mge,A,1.900
5 1r46,A,3.250,3hg3,A,1.900
6 2j0g,A,2.850,2j1g,A,1.950
7 1nsk,L,2.800,3bbb,A,1.300
8 1t04,B,3.000,1t3f,B,2.000
9 1kiu,B,3.000,1ze3,H,1.840
10 1kv3,A,2.800,2q3z,A,2.000
11 1wqs,A,2.800,2iph,A,1.750
12 3gwp,A,2.900,3i16,A,2.000
13 1c0n,A,2.800,1kmj,A,2.000
14 2r8j,A,3.100,3oha,A,2.000
15 1z5s,C,3.010,2grn,B,1.800
16 3icq,B,3.200,3m1i,A,2.000
17 1nb3,I,2.800,3kfq,C,1.990
18 1otc,A,2.800,2i0q,A,1.910
19 1ue8,A,3.000,3b4x,A,1.940
20 1a4o,A,2.800,2o02,A,1.500
21 1t6i,A,2.810,3g4z,A,1.870
22 1de9,A,3.000,2o3h,A,1.900
... 43 1de9
/net/chevy/raid1/nigel/amber/hi_lo
/net/chevy/raid1/nigel/amber/hi_lo/de/1de9
1de9.pdb 4phenix_1de9.pdb
1de9.pdb 4phenix_1de9.pdb
local_archive None
archive PDB None
Reading from local mirror:
  /net/cci/pdb_mirror/pdb/de/pdb1de9.ent.gz
Model saved to /net/rebus/raid1/scratch1/nigel/amber/hi_lo/de/1de9/1de9.pdb
Sequence saved to /net/rebus/raid1/scratch1/nigel/amber/hi_lo/de/1de9/1de9.fa
Reading from local mirror:
  /net/cci/pdb_mirror/structure_factors/de/r1de9sf.ent.gz
Structure factors saved to /net/rebus/raid1/scratch1/nigel/amber/hi_lo/de/1de9/1de9-sf.cif
Reading from local mirror:
  /net/cci/pdb_mirror/mmcif/de/1de9.cif.gz
Model saved to /net/rebus/raid1/scratch1/nigel/amber/hi_lo/de/1de9/1de9.cif
Can't determine output label for r1de9sf,_refln.crystal_id - skipping.
Can't determine output label for r1de9sf,_refln.scale_group_code - skipping.
Can't determine output label for r1de9sf,_refln.wavelength_id - skipping.
Converted structure factors saved to 1de9.mtz
local_archive None
archive PDB None
Reading from local mirror:
  /net/cci/pdb_mirror/pdb/de/pdb1de9.ent.gz
Model saved to /net/rebus/raid1/scratch1/nigel/amber/hi_lo/de/1de9/1de9.pdb
Sequence saved to /net/rebus/raid1/scratch1/nigel/amber/hi_lo/de/1de9/1de9.fa
Reading from local mirror:
  /net/cci/pdb_mirror/structure_factors/de/r1de9sf.ent.gz
Structure factors saved to /net/rebus/raid1/scratch1/nigel/amber/hi_lo/de/1de9/1de9-sf.cif
Reading from local mirror:
  /net/cci/pdb_mirror/mmcif/de/1de9.cif.gz
Model saved to /net/rebus/raid1/scratch1/nigel/amber/hi_lo/de/1de9/1de9.cif
Can't determine output label for r1de9sf,_refln.crystal_id - skipping.
Can't determine output label for r1de9sf,_refln.scale_group_code - skipping.
Can't determine output label for r1de9sf,_refln.wavelength_id - skipping.
Converted structure factors saved to 1de9.mtz

==================================================
Summary of pdb4amber for: 1de9.pdb
===================================================
REDUCE returned non-zero exit status: See reduce_info.log for more details

----------Chains
The following (original) chains have been found:
A
B
U
V
W
X
Y
Z

---------- Alternate Locations (Original Residues!))

The following residues had alternate locations:
None

---------- Mising heavy atom(s)

LYS_119 misses 4 heavy atom(s)
GLU_210 misses 4 heavy atom(s)
LYS_218 misses 4 heavy atom(s)
LYS_395 misses 4 heavy atom(s)
GLU_486 misses 4 heavy atom(s)
LYS_494 misses 4 heavy atom(s)
not prmtop_filename /net/rebus/scratch1/nigel/amber/hi_lo/de/1de9/4amber_1de9.prmtop

	Running AmberPrep : 1de9.pdb


==================================================
Running pdb4amber on 1de9.pdb
==================================================

==================================================
Setting up library files for non-standard residues
==================================================

==================================================
Running elbow/antechamber for DG 
==================================================
Traceback (most recent call last):
  File "run_tests_local.py", line 321, in <module>
    run(*tuple(args))
  File "run_tests_local.py", line 305, in run
    w2 = run_all_tests(code, force_amber_prep=force_amber_prep)
  File "run_tests_local.py", line 93, in run_all_tests
    "clean=on",
  File "/net/cci-filer2/raid1/xp/phenix/phenix-svn/modules/amber_adaptbx/command_line/AmberPrepClass.py", line 961, in run
    prefer_input_method=inputs.antechamber.prefer_input_method,
  File "/net/cci-filer2/raid1/xp/phenix/phenix-svn/modules/amber_adaptbx/command_line/AmberPrepClass.py", line 393, in process_ligands
    _run_elbow_antechamber(self.pdb_hierarchy, residue_name, debug=debug)
  File "/net/cci-filer2/raid1/xp/phenix/phenix-svn/modules/amber_adaptbx/command_line/AmberPrepClass.py", line 877, in _run_elbow_antechamber
    pdb_mol.Bondise(add_bond_order=False)
  File "/net/cci-filer2/raid1/xp/phenix/phenix-svn/modules/elbow/elbow/chemistry/BondTopologyMixins.py", line 161, in Bondise
    self.CheckBondise(keep_all_atoms=keep_all_atoms)
  File "/net/cci-filer2/raid1/xp/phenix/phenix-svn/modules/elbow/elbow/chemistry/BondTopologyMixins.py", line 871, in CheckBondise
    bonded = self._get_bonded_to_atom()
  File "/net/cci-filer2/raid1/xp/phenix/phenix-svn/modules/elbow/elbow/chemistry/BondTopologyMixins.py", line 786, in _get_bonded_to_atom
    bonded = [self[i].index]
IndexError: list index out of range
