HOST lewis.lbl.gov
only_i 204
only_code None
force_amber_prep True
dry_run False
... 204 2uyo
/net/chevy/raid1/nigel/amber/hi_lo
/net/chevy/raid1/nigel/amber/hi_lo/uy/2uyo
2uyo.pdb 4phenix_2uyo.pdb
2uyo.pdb 4phenix_2uyo.pdb
local_archive None
archive PDB None
Reading from local mirror:
  /net/cci/pdb_mirror/pdb/uy/pdb2uyo.ent.gz
Model saved to /net/lewis/raid1/scratch1/nigel/amber/hi_lo/uy/2uyo/2uyo.pdb
Traceback (most recent call last):
  File "/net/cci-filer2/raid1/xp/phenix/phenix-svn/build/../modules/cctbx_project/mmtbx/command_line/fetch_pdb.py", line 199, in <module>
    run2(sys.argv[1:])
  File "/net/cci-filer2/raid1/xp/phenix/phenix-svn/build/../modules/cctbx_project/mmtbx/command_line/fetch_pdb.py", line 155, in run2
    files.append(get_pdb(id, data_type_, mirror, log, format=data_format))
  File "/net/cci-filer2/raid1/xp/phenix/phenix-svn/modules/cctbx_project/iotbx/pdb/fetch.py", line 213, in get_pdb
    data = fetch(id, data_type, mirror=mirror, format=format, log=log)
  File "/net/cci-filer2/raid1/xp/phenix/phenix-svn/modules/cctbx_project/iotbx/pdb/fetch.py", line 150, in fetch
    data = libtbx.utils.urlopen(url)
  File "/net/cci-filer2/raid1/xp/phenix/phenix-svn/modules/cctbx_project/libtbx/utils.py", line 2069, in urlopen
    return urllib2.urlopen(*args, **kwds)
  File "/net/cci-filer2/raid1/xp/phenix/phenix-svn/base/lib/python2.7/urllib2.py", line 127, in urlopen
    return _opener.open(url, data, timeout)
  File "/net/cci-filer2/raid1/xp/phenix/phenix-svn/base/lib/python2.7/urllib2.py", line 404, in open
    response = self._open(req, data)
  File "/net/cci-filer2/raid1/xp/phenix/phenix-svn/base/lib/python2.7/urllib2.py", line 422, in _open
    '_open', req)
  File "/net/cci-filer2/raid1/xp/phenix/phenix-svn/base/lib/python2.7/urllib2.py", line 382, in _call_chain
    result = func(*args)
  File "/net/cci-filer2/raid1/xp/phenix/phenix-svn/base/lib/python2.7/urllib2.py", line 1214, in http_open
    return self.do_open(httplib.HTTPConnection, req)
  File "/net/cci-filer2/raid1/xp/phenix/phenix-svn/base/lib/python2.7/urllib2.py", line 1184, in do_open
    raise URLError(err)
urllib2.URLError: <urlopen error [Errno 110] Connection timed out>
local_archive None
archive PDB None
Reading from local mirror:
  /net/cci/pdb_mirror/pdb/uy/pdb2uyo.ent.gz
Model saved to /net/lewis/raid1/scratch1/nigel/amber/hi_lo/uy/2uyo/2uyo.pdb
Traceback (most recent call last):
  File "/net/cci-filer2/raid1/xp/phenix/phenix-svn/build/../modules/cctbx_project/mmtbx/command_line/fetch_pdb.py", line 199, in <module>
    run2(sys.argv[1:])
  File "/net/cci-filer2/raid1/xp/phenix/phenix-svn/build/../modules/cctbx_project/mmtbx/command_line/fetch_pdb.py", line 155, in run2
    files.append(get_pdb(id, data_type_, mirror, log, format=data_format))
  File "/net/cci-filer2/raid1/xp/phenix/phenix-svn/modules/cctbx_project/iotbx/pdb/fetch.py", line 213, in get_pdb
    data = fetch(id, data_type, mirror=mirror, format=format, log=log)
  File "/net/cci-filer2/raid1/xp/phenix/phenix-svn/modules/cctbx_project/iotbx/pdb/fetch.py", line 150, in fetch
    data = libtbx.utils.urlopen(url)
  File "/net/cci-filer2/raid1/xp/phenix/phenix-svn/modules/cctbx_project/libtbx/utils.py", line 2069, in urlopen
    return urllib2.urlopen(*args, **kwds)
  File "/net/cci-filer2/raid1/xp/phenix/phenix-svn/base/lib/python2.7/urllib2.py", line 127, in urlopen
    return _opener.open(url, data, timeout)
  File "/net/cci-filer2/raid1/xp/phenix/phenix-svn/base/lib/python2.7/urllib2.py", line 404, in open
    response = self._open(req, data)
  File "/net/cci-filer2/raid1/xp/phenix/phenix-svn/base/lib/python2.7/urllib2.py", line 422, in _open
    '_open', req)
  File "/net/cci-filer2/raid1/xp/phenix/phenix-svn/base/lib/python2.7/urllib2.py", line 382, in _call_chain
    result = func(*args)
  File "/net/cci-filer2/raid1/xp/phenix/phenix-svn/base/lib/python2.7/urllib2.py", line 1214, in http_open
    return self.do_open(httplib.HTTPConnection, req)
  File "/net/cci-filer2/raid1/xp/phenix/phenix-svn/base/lib/python2.7/urllib2.py", line 1184, in do_open
    raise URLError(err)
urllib2.URLError: <urlopen error [Errno 110] Connection timed out>

==================================================
Summary of pdb4amber for: 2uyo.pdb
===================================================

----------Chains
The following (original) chains have been found:
A

---------- Alternate Locations (Original Residues!))

The following residues had alternate locations:
None

---------- Gaps (Renumbered Residues!)
gap of 12.482712 A between MET 44 and ASP 45
gap of 2.454038 A between LEU 217 and LEU 217
gap of 2.395602 A between ILE 218 and ILE 218
gap of 2.507811 A between TYR 219 and TYR 219
gap of 2.446137 A between HID 220 and HID 220
gap of 2.452265 A between ASP 221 and ASP 221
gap of 2.509082 A between GLU 222 and GLU 222
gap of 2.514633 A between ASN 223 and ASN 223
gap of 2.414856 A between ARG 224 and ARG 224
gap of 2.497017 A between ALA 225 and ALA 225
gap of 2.452875 A between VAL 226 and VAL 226
gap of 2.514553 A between VAL 227 and VAL 227
gap of 2.458589 A between ALA 228 and ALA 228
gap of 2.471639 A between ASP 229 and ASP 229
gap of 2.442651 A between TRP 230 and TRP 230
gap of 2.491229 A between LEU 231 and LEU 231
gap of 2.554640 A between ASN 232 and ASN 232
gap of 2.526943 A between ARG 233 and ARG 233
gap of 2.489905 A between HID 234 and HID 234
gap of 2.531219 A between GLY 235 and GLY 235
gap of 2.475160 A between TRP 236 and TRP 236
gap of 2.404817 A between ARG 237 and ARG 237
gap of 2.459879 A between ALA 238 and ALA 238
gap of 2.447575 A between THR 239 and THR 239
gap of 2.476654 A between ALA 240 and ALA 240
gap of 2.369366 A between GLN 241 and GLN 241
gap of 2.433107 A between SER 242 and SER 242
gap of 2.504340 A between ALA 243 and ALA 243
gap of 2.537178 A between PRO 244 and PRO 244
gap of 2.482501 A between ASP 245 and ASP 245
gap of 2.490099 A between GLU 246 and GLU 246
gap of 2.457098 A between MET 247 and MET 247
gap of 2.484334 A between ARG 248 and ARG 248
gap of 2.474159 A between ARG 249 and ARG 249
gap of 2.537143 A between VAL 250 and VAL 250
gap of 2.490286 A between GLY 251 and GLY 251
gap of 2.541870 A between ARG 252 and ARG 252
gap of 2.453474 A between TRP 253 and TRP 253
gap of 2.391646 A between GLY 254 and GLY 254
gap of 2.510140 A between ASP 255 and ASP 255
gap of 2.515584 A between GLY 256 and GLY 256
gap of 2.473903 A between VAL 257 and VAL 257
gap of 2.521930 A between PRO 258 and PRO 258
gap of 2.555207 A between MET 259 and MET 259
gap of 2.524454 A between ALA 260 and ALA 260
gap of 2.503990 A between ASP 261 and ASP 261
gap of 2.428929 A between ASP 262 and ASP 262
gap of 2.485493 A between LYS 263 and LYS 263
gap of 2.486117 A between ASP 264 and ASP 264
gap of 2.488913 A between ALA 265 and ALA 265
gap of 2.517404 A between PHE 266 and PHE 266
gap of 2.449872 A between ALA 267 and ALA 267
gap of 2.415270 A between GLU 268 and GLU 268
gap of 2.409453 A between PHE 269 and PHE 269
gap of 2.413799 A between VAL 270 and VAL 270
gap of 2.407435 A between THR 271 and THR 271
gap of 2.452591 A between ALA 272 and ALA 272
gap of 2.444064 A between HID 273 and HID 273
gap of 2.449733 A between ARG 274 and ARG 274
gap of 2.477205 A between LEU 275 and LEU 275

---------- Mising heavy atom(s)

LEU_40 misses 3 heavy atom(s)
GLU_42 misses 4 heavy atom(s)
MET_44 misses 3 heavy atom(s)
LYS_110 misses 4 heavy atom(s)
GLU_121 misses 4 heavy atom(s)
ASP_199 misses 3 heavy atom(s)
GLU_200 misses 4 heavy atom(s)
ARG_202 misses 6 heavy atom(s)
GLU_203 misses 4 heavy atom(s)
GLN_204 misses 4 heavy atom(s)
MET_205 misses 3 heavy atom(s)
GLN_206 misses 4 heavy atom(s)
LEU_207 misses 3 heavy atom(s)
ARG_208 misses 6 heavy atom(s)
PHE_209 misses 6 heavy atom(s)
ARG_210 misses 6 heavy atom(s)
ARG_211 misses 6 heavy atom(s)
VAL_212 misses 2 heavy atom(s)
SER_213 misses 1 heavy atom(s)
ASP_214 misses 3 heavy atom(s)
ALA_215 misses 2 heavy atom(s)
GLU_216 misses 4 heavy atom(s)
ASN_223 misses 3 heavy atom(s)
ASP_255 misses 3 heavy atom(s)
VAL_257 misses 2 heavy atom(s)
MET_259 misses 3 heavy atom(s)
ASP_261 misses 3 heavy atom(s)
LYS_263 misses 4 heavy atom(s)

==================================================
Summary of pdb4amber for: 2uyo_4tleap_uc1.pdb
===================================================

----------Chains
The following (original) chains have been found:
A

---------- Alternate Locations (Original Residues!))

The following residues had alternate locations:
None

---------- Gaps (Renumbered Residues!)
gap of 12.482712 A between MET 44 and ASP 45
gap of 12.482805 A between MET 530 and ASP 531
gap of 12.482735 A between MET 1016 and ASP 1017
gap of 12.483625 A between MET 1502 and ASP 1503
gap of 12.482805 A between MET 1988 and ASP 1989
gap of 12.482735 A between MET 2474 and ASP 2475

---------- Mising heavy atom(s)

None
not prmtop_filename /net/lewis/scratch1/nigel/amber/hi_lo/uy/2uyo/4amber_2uyo.prmtop

	Running AmberPrep : 2uyo.pdb


==================================================
Running pdb4amber on 2uyo.pdb
==================================================

==================================================
Setting up library files for non-standard residues
==================================================

==================================================
Preparing asu files and 4phenix_2uyo.pdb
==================================================

~> tleap -f 2uyo_asu_tleap_input_run

Checking output filenames
  file : 2uyo_asu.prmtop
  file : 2uyo_asu.rst7

~> ChBox -c 2uyo_asu.rst7 -o 2uyo_asu.rst7 -X 75.725 -Y 75.725 -Z 105.811 -al 90.0 -bt 90.0 -gm 120.0 


============================================================
Preparing unit cell files: 4amber_2uyo.prmtop and 4amber_2uyo.rst7
============================================================

~> UnitCell -p 2uyo_4UnitCell.pdb -o 2uyo_4tleap_uc1.pdb


~> tleap -f 2uyo_uc_tleap_input_run

Checking output filenames
  file : 2uyo_uc.prmtop
  file : 2uyo_uc.rst7

~> ChBox -c 2uyo_uc.rst7 -o 2uyo_uc.rst7 -X 75.725 -Y 75.725 -Z 105.811 -al 90.0 -bt 90.0 -gm 120.0 


==================================================
Minimizing input coordinates.
==================================================

~> sander -O -i 2uyo_amber_all.in -p 4amber_2uyo.prmtop -c 4amber_2uyo.rst7 -o 2uyo.min.out            -ref 4amber_2uyo.rst7 -r 4amber_2uyo.min.rst7

checking special positions in 4phenix_2uyo.pdb

==================================================
Done.  Three new files have been made:
      4phenix_2uyo.pdb
      4amber_2uyo.prmtop
      4amber_2uyo.rst7
==================================================

Example

  phenix.refine 4phenix_2uyo.pdb use_amber=True \
    amber.topology_file_name=4amber_2uyo.prmtop \
    amber.coordinate_file_name=4amber_2uyo.rst7 \
    ....(other refinement keywords here).....



Substituting Amber PDB file for downloaded file
run_tests_local.py:222: UserWarning: os.system() is not safe: please use the subprocess module or libtbx.easy_run instead.
  os.system(cmd)

  Amber files
    PDB    : 2uyo.pdb
    MTZ    : 2uyo.mtz
    prmtop : 4amber_2uyo.prmtop
    rst7   : 4amber_2uyo.rst7
  
/net/lewis/raid1/scratch1/nigel/amber/hi_lo/uy/2uyo
return_files 2uyo
/net/chevy/raid1/nigel/amber/hi_lo
4amber_2uyo.pdb
4phenix_2uyo.pdb
cp 4phenix_2uyo.pdb /net/chevy/raid1/nigel/amber/hi_lo/uy/2uyo
2uyo.pdb
cp 2uyo.pdb /net/chevy/raid1/nigel/amber/hi_lo/uy/2uyo
4amber_2uyo.mtz
4phenix_2uyo.mtz
2uyo.mtz
cp 2uyo.mtz /net/chevy/raid1/nigel/amber/hi_lo/uy/2uyo
4amber_2uyo.rst7
cp 4amber_2uyo.rst7 /net/chevy/raid1/nigel/amber/hi_lo/uy/2uyo
4phenix_2uyo.rst7
2uyo.rst7
4amber_2uyo.prmtop
cp 4amber_2uyo.prmtop /net/chevy/raid1/nigel/amber/hi_lo/uy/2uyo
4phenix_2uyo.prmtop
2uyo.prmtop
4amber_2uyo_refine_001.log
4phenix_2uyo_refine_001.log
2uyo_refine_001.log
4amber_2uyo_refine_002.log
4phenix_2uyo_refine_002.log
2uyo_refine_002.log
4amber_2uyo_refine_001.pdb
4phenix_2uyo_refine_001.pdb
2uyo_refine_001.pdb
4amber_2uyo_refine_002.pdb
4phenix_2uyo_refine_002.pdb
2uyo_refine_002.pdb
local_archive /net/chevy/raid1/nigel/amber/hi_lo
archive PDB /net/chevy/raid1/nigel/amber/hi_lo/uy/2uyo/2uyo.pdb
/net/lewis/raid1/scratch1/nigel/amber/hi_lo/uy/2uyo
------------------------------
phenix.refine log filename ? > /net/chevy/raid1/nigel/amber/hi_lo/uy/2uyo/2uyo_refine_001.log
------------------------------

	Already done (on chevy) 2uyo_refine_001
------------------------------
phenix.refine log filename ? > /net/chevy/raid1/nigel/amber/hi_lo/uy/2uyo/2uyo_refine_002.log
------------------------------

	Already done (on chevy) 2uyo_refine_002
