HOST rebus.lbl.gov
only_i 220
only_code None
force_amber_prep True
dry_run False
... 220 2o8m
/net/chevy/raid1/nigel/amber/hi_lo
/net/chevy/raid1/nigel/amber/hi_lo/o8/2o8m
2o8m.pdb 4phenix_2o8m.pdb
2o8m.pdb 4phenix_2o8m.pdb
local_archive None
archive PDB None
Reading from local mirror:
  /net/cci/pdb_mirror/pdb/o8/pdb2o8m.ent.gz
Model saved to /net/rebus/raid1/scratch1/nigel/amber/hi_lo/o8/2o8m/2o8m.pdb
Sequence saved to /net/rebus/raid1/scratch1/nigel/amber/hi_lo/o8/2o8m/2o8m.fa
Reading from local mirror:
  /net/cci/pdb_mirror/structure_factors/o8/r2o8msf.ent.gz
Structure factors saved to /net/rebus/raid1/scratch1/nigel/amber/hi_lo/o8/2o8m/2o8m-sf.cif
Reading from local mirror:
  /net/cci/pdb_mirror/mmcif/o8/2o8m.cif.gz
Model saved to /net/rebus/raid1/scratch1/nigel/amber/hi_lo/o8/2o8m/2o8m.cif
Can't determine output label for r2o8msf,_refln.crystal_id - skipping.
Can't determine output label for r2o8msf,_refln.scale_group_code - skipping.
Can't determine output label for r2o8msf,_refln.wavelength_id - skipping.
Converted structure factors saved to 2o8m.mtz

	Running AmberPrep : 2o8m.pdb


==================================================
Running pdb4amber on 2o8m.pdb
==================================================

==================================================
Setting up library files for non-standard residues
==================================================

==================================================
Preparing asu files and 4phenix_2o8m.pdb
==================================================

~> tleap -f 2o8m_asu_tleap_input_run

Checking output filenames
  file : 2o8m_asu.prmtop
  file : 2o8m_asu.rst7

~> ChBox -c 2o8m_asu.rst7 -o 2o8m_asu.rst7 -X 224.64 -Y 224.64 -Z 75.36 -al 90.0 -bt 90.0 -gm 120.0 


============================================================
Preparing unit cell files: 4amber_2o8m.prmtop and 4amber_2o8m.rst7
============================================================

~> UnitCell -p 2o8m_4UnitCell.pdb -o 2o8m_4tleap_uc1.pdb


~> tleap -f 2o8m_uc_tleap_input_run

Checking output filenames
  file : 2o8m_uc.prmtop
  file : 2o8m_uc.rst7

~> ChBox -c 2o8m_uc.rst7 -o 2o8m_uc.rst7 -X 224.64 -Y 224.64 -Z 75.36 -al 90.0 -bt 90.0 -gm 120.0 


==================================================
Minimizing input coordinates.
==================================================

~> sander -O -i 2o8m_amber_all.in -p 4amber_2o8m.prmtop -c 4amber_2o8m.rst7 -o 2o8m.min.out            -ref 4amber_2o8m.rst7 -r 4amber_2o8m.min.rst7

checking special positions in 4phenix_2o8m.pdb

==================================================
Done.  Three new files have been made:
      4phenix_2o8m.pdb
      4amber_2o8m.prmtop
      4amber_2o8m.rst7
==================================================

Example

  phenix.refine 4phenix_2o8m.pdb use_amber=True \
    amber.topology_file_name=4amber_2o8m.prmtop \
    amber.coordinate_file_name=4amber_2o8m.rst7 \
    ....(other refinement keywords here).....



Substituting Amber PDB file for downloaded file

  Amber files
    PDB    : 2o8m.pdb
    MTZ    : 2o8m.mtz
    prmtop : 4amber_2o8m.prmtop
    rst7   : 4amber_2o8m.rst7
  
/net/rebus/raid1/scratch1/nigel/amber/hi_lo/o8/2o8m
return_files 2o8m
/net/chevy/raid1/nigel/amber/hi_lo
4amber_2o8m.pdb
4phenix_2o8m.pdb
cp 4phenix_2o8m.pdb /net/chevy/raid1/nigel/amber/hi_lo/o8/2o8m
2o8m.pdb
cp 2o8m.pdb /net/chevy/raid1/nigel/amber/hi_lo/o8/2o8m
4amber_2o8m.mtz
4phenix_2o8m.mtz
2o8m.mtz
cp 2o8m.mtz /net/chevy/raid1/nigel/amber/hi_lo/o8/2o8m
4amber_2o8m.rst7
cp 4amber_2o8m.rst7 /net/chevy/raid1/nigel/amber/hi_lo/o8/2o8m
4phenix_2o8m.rst7
2o8m.rst7
4amber_2o8m.prmtop
cp 4amber_2o8m.prmtop /net/chevy/raid1/nigel/amber/hi_lo/o8/2o8m
4phenix_2o8m.prmtop
2o8m.prmtop
4amber_2o8m_refine_001.log
4phenix_2o8m_refine_001.log
2o8m_refine_001.log
4amber_2o8m_refine_002.log
4phenix_2o8m_refine_002.log
2o8m_refine_002.log
cp 2o8m_refine_002.log /net/chevy/raid1/nigel/amber/hi_lo/o8/2o8m
4amber_2o8m_refine_001.pdb
4phenix_2o8m_refine_001.pdb
2o8m_refine_001.pdb
4amber_2o8m_refine_002.pdb
4phenix_2o8m_refine_002.pdb
2o8m_refine_002.pdb
cp 2o8m_refine_002.pdb /net/chevy/raid1/nigel/amber/hi_lo/o8/2o8m
local_archive /net/chevy/raid1/nigel/amber/hi_lo
archive PDB /net/chevy/raid1/nigel/amber/hi_lo/o8/2o8m/2o8m.pdb
/net/rebus/raid1/scratch1/nigel/amber/hi_lo/o8/2o8m
------------------------------
phenix.refine log filename ? > /net/chevy/raid1/nigel/amber/hi_lo/o8/2o8m/2o8m_refine_001.log
------------------------------

	Already done (on chevy) 2o8m_refine_001
------------------------------
phenix.refine log filename ? > /net/chevy/raid1/nigel/amber/hi_lo/o8/2o8m/2o8m_refine_002.log
------------------------------
------------------------------
phenix.refine log filename ? > 2o8m_refine_002.log
------------------------------
Running phenix.refine

phenix.refine 2o8m.pdb 2o8m.mtz c_beta_restraints=False discard_psi_phi=False strategy="*individual_sites individual_sites_real_space rigid_body *individual_adp group_adp tls *occupancies group_anomalous" topology_file_name=/net/chevy/raid1/nigel/amber/hi_lo/o8/2o8m/4amber_2o8m.prmtop amber.coordinate_file_name=/net/chevy/raid1/nigel/amber/hi_lo/o8/2o8m/4amber_2o8m.rst7 use_amber=True refinement.target_weights.optimize_xyz_weight=True refinement.main.number_of_macro_cycles=10 write_geo=False amber.wxc_factor=0.300000 serial=2

-------
phenix.refine log filename ? > /net/chevy/raid1/nigel/amber/hi_lo/o8/2o8m/2o8m_refine_002.log
------------------------------
------------------------------
phenix.refine log filename ? > 2o8m_refine_002.log
------------------------------
Running phenix.refine

phenix.refine 2o8m.pdb 2o8m.mtz c_beta_restraints=False discard_psi_phi=False strategy="*individual_sites individual_sites_real_space rigid_body *individual_adp group_adp tls *occupancies group_anomalous" topology_file_name=/net/chevy/raid1/nigel/amber/hi_lo/o8/2o8m/4amber_2o8m.prmtop amber.coordinate_file_name=/net/chevy/raid1/nigel/amber/hi_lo/o8/2o8m/4amber_2o8m.rst7 use_amber=True refinement.target_weights.optimize_xyz_weight=True refinement.main.number_of_macro_cycles=10 write_geo=False amber.wxc_factor=0.300000 serial=2

