HOST morse.lbl.gov
only_i 20
only_code None
force_amber_prep True
dry_run False
... 20 2q3z
/net/chevy/raid1/nigel/amber/hi_lo
/net/chevy/raid1/nigel/amber/hi_lo/q3/2q3z
2q3z.pdb 4phenix_2q3z.pdb
local_archive None
archive PDB None
Reading from local mirror:
  /net/cci/pdb_mirror/pdb/q3/pdb2q3z.ent.gz
Model saved to /net/morse/raid1/scratch1/nigel/amber/hi_lo/q3/2q3z/2q3z.pdb
Sequence saved to /net/morse/raid1/scratch1/nigel/amber/hi_lo/q3/2q3z/2q3z.fa
Reading from local mirror:
  /net/cci/pdb_mirror/structure_factors/q3/r2q3zsf.ent.gz
Structure factors saved to /net/morse/raid1/scratch1/nigel/amber/hi_lo/q3/2q3z/2q3z-sf.cif
Reading from local mirror:
  /net/cci/pdb_mirror/mmcif/q3/2q3z.cif.gz
Model saved to /net/morse/raid1/scratch1/nigel/amber/hi_lo/q3/2q3z/2q3z.cif
Can't determine output label for r2q3zsf,_refln.crystal_id - skipping.
Can't determine output label for r2q3zsf,_refln.scale_group_code - skipping.
Can't determine output label for r2q3zsf,_refln.wavelength_id - skipping.
Converted structure factors saved to 2q3z.mtz
local_archive None
archive PDB None
Reading from local mirror:
  /net/cci/pdb_mirror/pdb/q3/pdb2q3z.ent.gz
Model saved to /net/morse/raid1/scratch1/nigel/amber/hi_lo/q3/2q3z/2q3z.pdb
Sequence saved to /net/morse/raid1/scratch1/nigel/amber/hi_lo/q3/2q3z/2q3z.fa
Reading from local mirror:
  /net/cci/pdb_mirror/structure_factors/q3/r2q3zsf.ent.gz
Structure factors saved to /net/morse/raid1/scratch1/nigel/amber/hi_lo/q3/2q3z/2q3z-sf.cif
Reading from local mirror:
  /net/cci/pdb_mirror/mmcif/q3/2q3z.cif.gz
Model saved to /net/morse/raid1/scratch1/nigel/amber/hi_lo/q3/2q3z/2q3z.cif
Can't determine output label for r2q3zsf,_refln.crystal_id - skipping.
Can't determine output label for r2q3zsf,_refln.scale_group_code - skipping.
Can't determine output label for r2q3zsf,_refln.wavelength_id - skipping.
Converted structure factors saved to 2q3z.mtz

==================================================
Summary of pdb4amber for: 2q3z.pdb
===================================================
REDUCE returned non-zero exit status: See reduce_info.log for more details

----------Chains
The following (original) chains have been found:
A
X

---------- Alternate Locations (Original Residues!))

The following residues had alternate locations:
None

---------- Gaps (Renumbered Residues!)
gap of 4.708246 A between ASP 306 and SER 307
gap of 12.809216 A between ASN 316 and SER 317
gap of 7.051625 A between GLN 395 and LYS 396
gap of 9.166253 A between HIE 443 and GLY 444
gap of 7.033128 A between ACE 656 and LEU 659
gap of 7.636017 A between PRO 657 and PRO 660
gap of 4.023221 A between LEU 659 and PHE 661

---------- Mising heavy atom(s)

None
not prmtop_filename /net/morse/scratch1/nigel/amber/hi_lo/q3/2q3z/4amber_2q3z.prmtop
not prmtop_filename /net/chevy/raid1/nigel/amber/hi_lo/q3/2q3z/4amber_2q3z.prmtop

	Running AmberPrep : 2q3z.pdb


==================================================
Running pdb4amber on 2q3z.pdb
==================================================

==================================================
Setting up library files for non-standard residues
==================================================

  Residue "SO4" already in amber monomer library. Skipping elbow/antechamber
    run for this residue.
        

==================================================
Running elbow/antechamber for ONL 
==================================================

MoleculeClass :  C: 6  N: 1  O: 3 (CHEMICAL COMPONENTS format)
	20 atoms
	19 bonds
	33 angles
	42 dihedrals
	0 rings (groups, rings, atoms) 0 0
	1 chirals : S 

~> antechamber -i 4antechamber_ONL.pdb -fi pdb -o ONL.mol2 -fo mol2       -nc -1 -m 1 -s 2 -pf y -c bcc -at gaff2 -ek "qm_theory='AM1',grms_tol=0.0005,scfconv=1.d-10,maxcyc=0,ndiis_attempts=700,"


~> parmchk2 -s 2 -i ONL.mol2 -f mol2 -o ONL.frcmod


==================================================
Running elbow/antechamber for NH2 
==================================================

MoleculeClass :  N: 1 (CHEMICAL COMPONENTS format)
	3 atoms
	2 bonds
	1 angles
	0 dihedrals
	0 rings (groups, rings, atoms) 0 0
	0 chirals

~> antechamber -i 4antechamber_NH2.pdb -fi pdb -o NH2.mol2 -fo mol2       -nc 0 -m 2 -s 2 -pf y -c bcc -at gaff2 -ek "qm_theory='AM1',grms_tol=0.0005,scfconv=1.d-10,maxcyc=0,ndiis_attempts=700,"

Sorry: Error: cannot run "/net/cci-filer2/raid1/xp/phenix/phenix-svn/modules/amber/bin/sqm -O -i sqm.in -o sqm.out" of bcc() in charge.c properly, exit
