HOST lewis.lbl.gov
only_i 143
only_code None
force_amber_prep True
dry_run False
... 143 1p7d
/net/chevy/raid1/nigel/amber/hi_lo
/net/chevy/raid1/nigel/amber/hi_lo/p7/1p7d
1p7d.pdb 4phenix_1p7d.pdb
local_archive None
archive PDB None
Reading from local mirror:
  /net/cci/pdb_mirror/pdb/p7/pdb1p7d.ent.gz
Model saved to /net/lewis/raid1/scratch1/nigel/amber/hi_lo/p7/1p7d/1p7d.pdb
Traceback (most recent call last):
  File "/net/cci-filer2/raid1/xp/phenix/phenix-svn/build/../modules/cctbx_project/mmtbx/command_line/fetch_pdb.py", line 199, in <module>
    run2(sys.argv[1:])
  File "/net/cci-filer2/raid1/xp/phenix/phenix-svn/build/../modules/cctbx_project/mmtbx/command_line/fetch_pdb.py", line 155, in run2
    files.append(get_pdb(id, data_type_, mirror, log, format=data_format))
  File "/net/cci-filer2/raid1/xp/phenix/phenix-svn/modules/cctbx_project/iotbx/pdb/fetch.py", line 213, in get_pdb
    data = fetch(id, data_type, mirror=mirror, format=format, log=log)
  File "/net/cci-filer2/raid1/xp/phenix/phenix-svn/modules/cctbx_project/iotbx/pdb/fetch.py", line 150, in fetch
    data = libtbx.utils.urlopen(url)
  File "/net/cci-filer2/raid1/xp/phenix/phenix-svn/modules/cctbx_project/libtbx/utils.py", line 2069, in urlopen
    return urllib2.urlopen(*args, **kwds)
  File "/net/cci-filer2/raid1/xp/phenix/phenix-svn/base/lib/python2.7/urllib2.py", line 127, in urlopen
    return _opener.open(url, data, timeout)
  File "/net/cci-filer2/raid1/xp/phenix/phenix-svn/base/lib/python2.7/urllib2.py", line 404, in open
    response = self._open(req, data)
  File "/net/cci-filer2/raid1/xp/phenix/phenix-svn/base/lib/python2.7/urllib2.py", line 422, in _open
    '_open', req)
  File "/net/cci-filer2/raid1/xp/phenix/phenix-svn/base/lib/python2.7/urllib2.py", line 382, in _call_chain
    result = func(*args)
  File "/net/cci-filer2/raid1/xp/phenix/phenix-svn/base/lib/python2.7/urllib2.py", line 1214, in http_open
    return self.do_open(httplib.HTTPConnection, req)
  File "/net/cci-filer2/raid1/xp/phenix/phenix-svn/base/lib/python2.7/urllib2.py", line 1184, in do_open
    raise URLError(err)
urllib2.URLError: <urlopen error [Errno 110] Connection timed out>
local_archive None
archive PDB None
Reading from local mirror:
  /net/cci/pdb_mirror/pdb/p7/pdb1p7d.ent.gz
Model saved to /net/lewis/raid1/scratch1/nigel/amber/hi_lo/p7/1p7d/1p7d.pdb
Traceback (most recent call last):
  File "/net/cci-filer2/raid1/xp/phenix/phenix-svn/build/../modules/cctbx_project/mmtbx/command_line/fetch_pdb.py", line 199, in <module>
    run2(sys.argv[1:])
  File "/net/cci-filer2/raid1/xp/phenix/phenix-svn/build/../modules/cctbx_project/mmtbx/command_line/fetch_pdb.py", line 155, in run2
    files.append(get_pdb(id, data_type_, mirror, log, format=data_format))
  File "/net/cci-filer2/raid1/xp/phenix/phenix-svn/modules/cctbx_project/iotbx/pdb/fetch.py", line 213, in get_pdb
    data = fetch(id, data_type, mirror=mirror, format=format, log=log)
  File "/net/cci-filer2/raid1/xp/phenix/phenix-svn/modules/cctbx_project/iotbx/pdb/fetch.py", line 150, in fetch
    data = libtbx.utils.urlopen(url)
  File "/net/cci-filer2/raid1/xp/phenix/phenix-svn/modules/cctbx_project/libtbx/utils.py", line 2069, in urlopen
    return urllib2.urlopen(*args, **kwds)
  File "/net/cci-filer2/raid1/xp/phenix/phenix-svn/base/lib/python2.7/urllib2.py", line 127, in urlopen
    return _opener.open(url, data, timeout)
  File "/net/cci-filer2/raid1/xp/phenix/phenix-svn/base/lib/python2.7/urllib2.py", line 404, in open
    response = self._open(req, data)
  File "/net/cci-filer2/raid1/xp/phenix/phenix-svn/base/lib/python2.7/urllib2.py", line 422, in _open
    '_open', req)
  File "/net/cci-filer2/raid1/xp/phenix/phenix-svn/base/lib/python2.7/urllib2.py", line 382, in _call_chain
    result = func(*args)
  File "/net/cci-filer2/raid1/xp/phenix/phenix-svn/base/lib/python2.7/urllib2.py", line 1214, in http_open
    return self.do_open(httplib.HTTPConnection, req)
  File "/net/cci-filer2/raid1/xp/phenix/phenix-svn/base/lib/python2.7/urllib2.py", line 1184, in do_open
    raise URLError(err)
urllib2.URLError: <urlopen error [Errno 110] Connection timed out>

==================================================
Summary of pdb4amber for: 1p7d.pdb
===================================================

----------Chains
The following (original) chains have been found:
A
B
C
D
E
F

---------- Alternate Locations (Original Residues!))

The following residues had alternate locations:
None

---------- Gaps (Renumbered Residues!)
gap of 7.908988 A between LEU 121 and THR 122
gap of 3.012146 A between GLN 343 and ARG 345
gap of 8.197193 A between LEU 401 and THR 402
gap of 2.986689 A between GLN 623 and ARG 625

---------- Mising heavy atom(s)

THR_80 misses 2 heavy atom(s)
GLN_99 misses 4 heavy atom(s)
LYS_124 misses 4 heavy atom(s)
ASP_135 misses 3 heavy atom(s)
ILE_162 misses 3 heavy atom(s)
LYS_174 misses 4 heavy atom(s)
SER_175 misses 1 heavy atom(s)
GLN_192 misses 4 heavy atom(s)
GLU_195 misses 4 heavy atom(s)
GLU_271 misses 4 heavy atom(s)
ARG_279 misses 6 heavy atom(s)
GLU_280 misses 4 heavy atom(s)
ASP_338 misses 3 heavy atom(s)
THR_339 misses 2 heavy atom(s)
MET_359 misses 3 heavy atom(s)
THR_360 misses 2 heavy atom(s)
SER_363 misses 1 heavy atom(s)
LYS_370 misses 4 heavy atom(s)
THR_402 misses 2 heavy atom(s)
LYS_404 misses 4 heavy atom(s)
GLU_405 misses 4 heavy atom(s)
ILE_406 misses 3 heavy atom(s)
ASP_415 misses 3 heavy atom(s)
LYS_423 misses 4 heavy atom(s)
LEU_429 misses 3 heavy atom(s)
ARG_434 misses 6 heavy atom(s)
GLU_439 misses 4 heavy atom(s)
ILE_442 misses 3 heavy atom(s)
LYS_454 misses 4 heavy atom(s)
SER_455 misses 1 heavy atom(s)
GLN_472 misses 4 heavy atom(s)
GLU_475 misses 4 heavy atom(s)
GLU_551 misses 4 heavy atom(s)
ARG_559 misses 6 heavy atom(s)
GLU_560 misses 4 heavy atom(s)
LYS_607 misses 4 heavy atom(s)
ASP_618 misses 3 heavy atom(s)
THR_619 misses 2 heavy atom(s)
LYS_638 misses 3 heavy atom(s)
not prmtop_filename /net/lewis/scratch1/nigel/amber/hi_lo/p7/1p7d/4amber_1p7d.prmtop
not prmtop_filename /net/chevy/raid1/nigel/amber/hi_lo/p7/1p7d/4amber_1p7d.prmtop

	Running AmberPrep : 1p7d.pdb


==================================================
Running pdb4amber on 1p7d.pdb
==================================================

==================================================
Setting up library files for non-standard residues
==================================================

==================================================
Running elbow/antechamber for PTR 
==================================================

MoleculeClass :  C: 9  N: 1  O: 6  P: 1 (CHEMICAL COMPONENTS format)
	26 atoms
	26 bonds
	43 angles
	56 dihedrals
	1 rings (groups, rings, atoms) 1 6
	1 chirals : S 

~> antechamber -i 4antechamber_PTR.pdb -fi pdb -o PTR.mol2 -fo mol2       -nc -3 -m 1 -s 2 -pf y -c bcc -at gaff2 -ek "qm_theory='AM1',grms_tol=0.0005,scfconv=1.d-10,maxcyc=0,ndiis_attempts=700,"


~> parmchk2 -s 2 -i PTR.mol2 -f mol2 -o PTR.frcmod


==================================================
Preparing asu files and 4phenix_1p7d.pdb
==================================================

~> tleap -f 1p7d_asu_tleap_input_run

Checking output filenames
  file : 1p7d_asu.prmtop
Sorry:   Output file is empty : 1p7d_asu.prmtop
  Check contents of "leap.log"
