HOST lewis.lbl.gov
only_i 269
only_code None
force_amber_prep True
dry_run False
... 269 3eoa
/net/chevy/raid1/nigel/amber/hi_lo
/net/chevy/raid1/nigel/amber/hi_lo/eo/3eoa
3eoa.pdb 4phenix_3eoa.pdb
3eoa.pdb 4phenix_3eoa.pdb
local_archive None
archive PDB None
Reading from local mirror:
  /net/cci/pdb_mirror/pdb/eo/pdb3eoa.ent.gz
Model saved to /net/lewis/raid1/scratch1/nigel/amber/hi_lo/eo/3eoa/3eoa.pdb
Traceback (most recent call last):
  File "/net/cci-filer2/raid1/xp/phenix/phenix-svn/build/../modules/cctbx_project/mmtbx/command_line/fetch_pdb.py", line 199, in <module>
    run2(sys.argv[1:])
  File "/net/cci-filer2/raid1/xp/phenix/phenix-svn/build/../modules/cctbx_project/mmtbx/command_line/fetch_pdb.py", line 155, in run2
    files.append(get_pdb(id, data_type_, mirror, log, format=data_format))
  File "/net/cci-filer2/raid1/xp/phenix/phenix-svn/modules/cctbx_project/iotbx/pdb/fetch.py", line 213, in get_pdb
    data = fetch(id, data_type, mirror=mirror, format=format, log=log)
  File "/net/cci-filer2/raid1/xp/phenix/phenix-svn/modules/cctbx_project/iotbx/pdb/fetch.py", line 150, in fetch
    data = libtbx.utils.urlopen(url)
  File "/net/cci-filer2/raid1/xp/phenix/phenix-svn/modules/cctbx_project/libtbx/utils.py", line 2069, in urlopen
    return urllib2.urlopen(*args, **kwds)
  File "/net/cci-filer2/raid1/xp/phenix/phenix-svn/base/lib/python2.7/urllib2.py", line 127, in urlopen
    return _opener.open(url, data, timeout)
  File "/net/cci-filer2/raid1/xp/phenix/phenix-svn/base/lib/python2.7/urllib2.py", line 404, in open
    response = self._open(req, data)
  File "/net/cci-filer2/raid1/xp/phenix/phenix-svn/base/lib/python2.7/urllib2.py", line 422, in _open
    '_open', req)
  File "/net/cci-filer2/raid1/xp/phenix/phenix-svn/base/lib/python2.7/urllib2.py", line 382, in _call_chain
    result = func(*args)
  File "/net/cci-filer2/raid1/xp/phenix/phenix-svn/base/lib/python2.7/urllib2.py", line 1214, in http_open
    return self.do_open(httplib.HTTPConnection, req)
  File "/net/cci-filer2/raid1/xp/phenix/phenix-svn/base/lib/python2.7/urllib2.py", line 1184, in do_open
    raise URLError(err)
urllib2.URLError: <urlopen error [Errno 110] Connection timed out>
local_archive None
archive PDB None
Reading from local mirror:
  /net/cci/pdb_mirror/pdb/eo/pdb3eoa.ent.gz
Model saved to /net/lewis/raid1/scratch1/nigel/amber/hi_lo/eo/3eoa/3eoa.pdb
Traceback (most recent call last):
  File "/net/cci-filer2/raid1/xp/phenix/phenix-svn/build/../modules/cctbx_project/mmtbx/command_line/fetch_pdb.py", line 199, in <module>
    run2(sys.argv[1:])
  File "/net/cci-filer2/raid1/xp/phenix/phenix-svn/build/../modules/cctbx_project/mmtbx/command_line/fetch_pdb.py", line 155, in run2
    files.append(get_pdb(id, data_type_, mirror, log, format=data_format))
  File "/net/cci-filer2/raid1/xp/phenix/phenix-svn/modules/cctbx_project/iotbx/pdb/fetch.py", line 213, in get_pdb
    data = fetch(id, data_type, mirror=mirror, format=format, log=log)
  File "/net/cci-filer2/raid1/xp/phenix/phenix-svn/modules/cctbx_project/iotbx/pdb/fetch.py", line 150, in fetch
    data = libtbx.utils.urlopen(url)
  File "/net/cci-filer2/raid1/xp/phenix/phenix-svn/modules/cctbx_project/libtbx/utils.py", line 2069, in urlopen
    return urllib2.urlopen(*args, **kwds)
  File "/net/cci-filer2/raid1/xp/phenix/phenix-svn/base/lib/python2.7/urllib2.py", line 127, in urlopen
    return _opener.open(url, data, timeout)
  File "/net/cci-filer2/raid1/xp/phenix/phenix-svn/base/lib/python2.7/urllib2.py", line 404, in open
    response = self._open(req, data)
  File "/net/cci-filer2/raid1/xp/phenix/phenix-svn/base/lib/python2.7/urllib2.py", line 422, in _open
    '_open', req)
  File "/net/cci-filer2/raid1/xp/phenix/phenix-svn/base/lib/python2.7/urllib2.py", line 382, in _call_chain
    result = func(*args)
  File "/net/cci-filer2/raid1/xp/phenix/phenix-svn/base/lib/python2.7/urllib2.py", line 1214, in http_open
    return self.do_open(httplib.HTTPConnection, req)
  File "/net/cci-filer2/raid1/xp/phenix/phenix-svn/base/lib/python2.7/urllib2.py", line 1184, in do_open
    raise URLError(err)
urllib2.URLError: <urlopen error [Errno 110] Connection timed out>

==================================================
Summary of pdb4amber for: 3eoa.pdb
===================================================

----------Chains
The following (original) chains have been found:
A
B
H
I
J
L

---------- Alternate Locations (Original Residues!))

The following residues had alternate locations:
None

---------- Gaps (Renumbered Residues!)
gap of 12.930843 A between SER 350 and GLY 351
gap of 10.415370 A between SER 958 and GLY 959

---------- Mising heavy atom(s)

None

==================================================
Summary of pdb4amber for: 3eoa_4tleap_uc1.pdb
===================================================

----------Chains
The following (original) chains have been found:
A
B
H
I
J
L

---------- Alternate Locations (Original Residues!))

The following residues had alternate locations:
None

---------- Gaps (Renumbered Residues!)
gap of 12.930843 A between SER 350 and GLY 351
gap of 10.415370 A between SER 958 and GLY 959
gap of 12.930843 A between SER 1922 and GLY 1923
gap of 10.415370 A between SER 2530 and GLY 2531
gap of 12.930843 A between SER 3494 and GLY 3495
gap of 10.415370 A between SER 4102 and GLY 4103
gap of 12.930797 A between SER 5066 and GLY 5067
gap of 10.415340 A between SER 5674 and GLY 5675

---------- Mising heavy atom(s)

None
not prmtop_filename /net/lewis/scratch1/nigel/amber/hi_lo/eo/3eoa/4amber_3eoa.prmtop

	Running AmberPrep : 3eoa.pdb


==================================================
Running pdb4amber on 3eoa.pdb
==================================================

==================================================
Setting up library files for non-standard residues
==================================================

==================================================
Preparing asu files and 4phenix_3eoa.pdb
==================================================

~> tleap -f 3eoa_asu_tleap_input_run

Checking output filenames
  file : 3eoa_asu.prmtop
  file : 3eoa_asu.rst7

~> ChBox -c 3eoa_asu.rst7 -o 3eoa_asu.rst7 -X 64.719 -Y 81.696 -Z 281.882 -al 90.0 -bt 90.0 -gm 90.0 


============================================================
Preparing unit cell files: 4amber_3eoa.prmtop and 4amber_3eoa.rst7
============================================================

~> UnitCell -p 3eoa_4UnitCell.pdb -o 3eoa_4tleap_uc1.pdb


~> tleap -f 3eoa_uc_tleap_input_run

Checking output filenames
  file : 3eoa_uc.prmtop
  file : 3eoa_uc.rst7

~> ChBox -c 3eoa_uc.rst7 -o 3eoa_uc.rst7 -X 64.719 -Y 81.696 -Z 281.882 -al 90.0 -bt 90.0 -gm 90.0 


==================================================
Minimizing input coordinates.
==================================================

~> sander -O -i 3eoa_amber_all.in -p 4amber_3eoa.prmtop -c 4amber_3eoa.rst7 -o 3eoa.min.out            -ref 4amber_3eoa.rst7 -r 4amber_3eoa.min.rst7

checking special positions in 4phenix_3eoa.pdb

==================================================
Done.  Three new files have been made:
      4phenix_3eoa.pdb
      4amber_3eoa.prmtop
      4amber_3eoa.rst7
==================================================

Example

  phenix.refine 4phenix_3eoa.pdb use_amber=True \
    amber.topology_file_name=4amber_3eoa.prmtop \
    amber.coordinate_file_name=4amber_3eoa.rst7 \
    ....(other refinement keywords here).....



Substituting Amber PDB file for downloaded file
run_tests_local.py:222: UserWarning: os.system() is not safe: please use the subprocess module or libtbx.easy_run instead.
  os.system(cmd)

  Amber files
    PDB    : 3eoa.pdb
    MTZ    : 3eoa.mtz
    prmtop : 4amber_3eoa.prmtop
    rst7   : 4amber_3eoa.rst7
  
/net/lewis/raid1/scratch1/nigel/amber/hi_lo/eo/3eoa
return_files 3eoa
/net/chevy/raid1/nigel/amber/hi_lo
4amber_3eoa.pdb
4phenix_3eoa.pdb
cp 4phenix_3eoa.pdb /net/chevy/raid1/nigel/amber/hi_lo/eo/3eoa
3eoa.pdb
cp 3eoa.pdb /net/chevy/raid1/nigel/amber/hi_lo/eo/3eoa
4amber_3eoa.mtz
4phenix_3eoa.mtz
3eoa.mtz
cp 3eoa.mtz /net/chevy/raid1/nigel/amber/hi_lo/eo/3eoa
4amber_3eoa.rst7
cp 4amber_3eoa.rst7 /net/chevy/raid1/nigel/amber/hi_lo/eo/3eoa
4phenix_3eoa.rst7
3eoa.rst7
4amber_3eoa.prmtop
cp 4amber_3eoa.prmtop /net/chevy/raid1/nigel/amber/hi_lo/eo/3eoa
4phenix_3eoa.prmtop
3eoa.prmtop
4amber_3eoa_refine_001.log
4phenix_3eoa_refine_001.log
3eoa_refine_001.log
4amber_3eoa_refine_002.log
4phenix_3eoa_refine_002.log
3eoa_refine_002.log
4amber_3eoa_refine_001.pdb
4phenix_3eoa_refine_001.pdb
3eoa_refine_001.pdb
4amber_3eoa_refine_002.pdb
4phenix_3eoa_refine_002.pdb
3eoa_refine_002.pdb
local_archive /net/chevy/raid1/nigel/amber/hi_lo
archive PDB /net/chevy/raid1/nigel/amber/hi_lo/eo/3eoa/3eoa.pdb
/net/lewis/raid1/scratch1/nigel/amber/hi_lo/eo/3eoa
------------------------------
phenix.refine log filename ? > /net/chevy/raid1/nigel/amber/hi_lo/eo/3eoa/3eoa_refine_001.log
------------------------------

	Already done (on chevy) 3eoa_refine_001
------------------------------
phenix.refine log filename ? > /net/chevy/raid1/nigel/amber/hi_lo/eo/3eoa/3eoa_refine_002.log
------------------------------

	Already done (on chevy) 3eoa_refine_002
