HOST rebus.lbl.gov
only_i 84
only_code None
force_amber_prep True
dry_run False
1 1z3z,A,2.900,1zod,A,1.800
2 1psi,A,2.920,3ndd,A,1.500
3 3bpo,A,3.000,3l5w,I,2.000
4 1e6j,P,3.000,3mge,A,1.900
5 1r46,A,3.250,3hg3,A,1.900
6 2j0g,A,2.850,2j1g,A,1.950
7 1nsk,L,2.800,3bbb,A,1.300
8 1t04,B,3.000,1t3f,B,2.000
9 1kiu,B,3.000,1ze3,H,1.840
10 1kv3,A,2.800,2q3z,A,2.000
11 1wqs,A,2.800,2iph,A,1.750
12 3gwp,A,2.900,3i16,A,2.000
13 1c0n,A,2.800,1kmj,A,2.000
14 2r8j,A,3.100,3oha,A,2.000
15 1z5s,C,3.010,2grn,B,1.800
16 3icq,B,3.200,3m1i,A,2.000
17 1nb3,I,2.800,3kfq,C,1.990
18 1otc,A,2.800,2i0q,A,1.910
19 1ue8,A,3.000,3b4x,A,1.940
20 1a4o,A,2.800,2o02,A,1.500
21 1t6i,A,2.810,3g4z,A,1.870
22 1de9,A,3.000,2o3h,A,1.900
23 2j6e,L,3.000,3n9g,L,1.434
24 3hrk,A,3.050,3lc0,A,1.800
25 2ecp,A,2.950,2asv,A,1.950
26 1z8l,A,3.500,2xeg,A,1.590
27 1ere,A,3.100,2r6w,A,2.000
28 1xni,A,2.800,3lh0,A,1.900
29 2pl0,A,2.800,3mpm,A,1.950
30 1pxt,A,2.800,1afw,A,1.800
31 1bmf,A,2.850,2jdi,A,1.900
32 2g3k,A,3.050,2j9u,A,2.000
33 3m9b,A,3.940,3m9h,A,2.000
34 2i0v,A,2.800,3dpk,A,1.950
35 1kiu,A,3.000,3bwu,C,1.760
36 1nys,A,3.050,2h62,D,1.850
37 1rgq,C,2.900,2o8m,C,2.000
38 1fg5,N,2.800,2vs4,A,1.770
39 1sj5,A,2.800,1vjl,A,1.900
40 2f7k,A,2.800,2yxt,A,2.000
41 1yrp,A,3.100,3bqr,A,1.750
42 3a7a,B,3.100,3ab9,A,1.650
... 84 3ab9
/net/chevy/raid1/nigel/amber/hi_lo
/net/chevy/raid1/nigel/amber/hi_lo/ab/3ab9
3ab9.pdb 4phenix_3ab9.pdb
local_archive None
archive PDB None
Reading from local mirror:
  /net/cci/pdb_mirror/pdb/ab/pdb3ab9.ent.gz
Model saved to /net/rebus/raid1/scratch1/nigel/amber/hi_lo/ab/3ab9/3ab9.pdb
Sequence saved to /net/rebus/raid1/scratch1/nigel/amber/hi_lo/ab/3ab9/3ab9.fa
Reading from local mirror:
  /net/cci/pdb_mirror/structure_factors/ab/r3ab9sf.ent.gz
Structure factors saved to /net/rebus/raid1/scratch1/nigel/amber/hi_lo/ab/3ab9/3ab9-sf.cif
Reading from local mirror:
  /net/cci/pdb_mirror/mmcif/ab/3ab9.cif.gz
Model saved to /net/rebus/raid1/scratch1/nigel/amber/hi_lo/ab/3ab9/3ab9.cif
Can't determine output label for r3ab9sf,_refln.crystal_id - skipping.
Can't determine output label for r3ab9sf,_refln.scale_group_code - skipping.
R-free-flags: fraction_free=0.050
R-free-flags: missing 3 reflections
Can't determine output label for r3ab9sf,_refln.wavelength_id - skipping.
Converted structure factors saved to 3ab9.mtz
local_archive None
archive PDB None
Reading from local mirror:
  /net/cci/pdb_mirror/pdb/ab/pdb3ab9.ent.gz
Model saved to /net/rebus/raid1/scratch1/nigel/amber/hi_lo/ab/3ab9/3ab9.pdb
Sequence saved to /net/rebus/raid1/scratch1/nigel/amber/hi_lo/ab/3ab9/3ab9.fa
Reading from local mirror:
  /net/cci/pdb_mirror/structure_factors/ab/r3ab9sf.ent.gz
Structure factors saved to /net/rebus/raid1/scratch1/nigel/amber/hi_lo/ab/3ab9/3ab9-sf.cif
Reading from local mirror:
  /net/cci/pdb_mirror/mmcif/ab/3ab9.cif.gz
Model saved to /net/rebus/raid1/scratch1/nigel/amber/hi_lo/ab/3ab9/3ab9.cif
Can't determine output label for r3ab9sf,_refln.crystal_id - skipping.
Can't determine output label for r3ab9sf,_refln.scale_group_code - skipping.
R-free-flags: fraction_free=0.050
R-free-flags: missing 3 reflections
Can't determine output label for r3ab9sf,_refln.wavelength_id - skipping.
Converted structure factors saved to 3ab9.mtz

==================================================
Summary of pdb4amber for: 3ab9.pdb
===================================================
REDUCE returned non-zero exit status: See reduce_info.log for more details

----------Chains
The following (original) chains have been found:
A

---------- Alternate Locations (Original Residues!))

The following residues had alternate locations:
None

---------- Gaps (Renumbered Residues!)
gap of 3.903197 A between VAL 62 and ALA 64

---------- Mising heavy atom(s)

None
not prmtop_filename /net/rebus/scratch1/nigel/amber/hi_lo/ab/3ab9/4amber_3ab9.prmtop
not prmtop_filename /net/chevy/raid1/nigel/amber/hi_lo/ab/3ab9/4amber_3ab9.prmtop

	Running AmberPrep : 3ab9.pdb


==================================================
Running pdb4amber on 3ab9.pdb
==================================================

==================================================
Setting up library files for non-standard residues
==================================================

==================================================
Running elbow/antechamber for LA2 
==================================================

MoleculeClass :  C:14  N: 2  O: 3  S: 2 (CHEMICAL COMPONENTS format)
	48 atoms
	47 bonds
	86 angles
	124 dihedrals
	0 rings (groups, rings, atoms) 0 0
	2 chirals : S R 

~> antechamber -i 4antechamber_LA2.pdb -fi pdb -o LA2.mol2 -fo mol2       -nc -1 -m 1 -s 2 -pf y -c bcc -at gaff2 -ek "qm_theory='AM1', grms_tol=0.0005, scfconv=1.d-10, maxcyc=0, ndiis_attempts=700,"


~> parmchk2 -s 2 -i LA2.mol2 -f mol2 -o LA2.frcmod


==================================================
Preparing asu files and 4phenix_3ab9.pdb
==================================================

~> tleap -f 3ab9_asu_tleap_input_run

Checking output filenames
  file : 3ab9_asu.prmtop
Sorry:   Output file is empty : 3ab9_asu.prmtop
  Check contents of "leap.log"
