HOST morse.lbl.gov
only_i 304
only_code None
force_amber_prep True
dry_run False
... 304 1cb6
/net/chevy/raid1/nigel/amber/hi_lo
/net/chevy/raid1/nigel/amber/hi_lo/cb/1cb6
1cb6.pdb 4phenix_1cb6.pdb
local_archive None
archive PDB None
Reading from local mirror:
  /net/cci/pdb_mirror/pdb/cb/pdb1cb6.ent.gz
Model saved to /net/morse/raid1/scratch1/nigel/amber/hi_lo/cb/1cb6/1cb6.pdb
Sequence saved to /net/morse/raid1/scratch1/nigel/amber/hi_lo/cb/1cb6/1cb6.fa
Reading from local mirror:
  /net/cci/pdb_mirror/structure_factors/cb/r1cb6sf.ent.gz
Structure factors saved to /net/morse/raid1/scratch1/nigel/amber/hi_lo/cb/1cb6/1cb6-sf.cif
Reading from local mirror:
  /net/cci/pdb_mirror/mmcif/cb/1cb6.cif.gz
Model saved to /net/morse/raid1/scratch1/nigel/amber/hi_lo/cb/1cb6/1cb6.cif
Warning: merging non-unique data
Can't determine output label for r1cb6sf,_refln.crystal_id - skipping.
Can't determine output label for r1cb6sf,_refln.scale_group_code - skipping.
Warning: merging non-unique data
Sorry: cctbx Error: merge_equivalents_exact: incompatible flags for hkl = (0, 0, 0) (mismatch between Friedel mates) for _refln.status
Add --incompatible_flags_to_work_set to command line arguments to place incompatible flags to working set.
Sorry: MTZ conversion failed - try running phenix.cif_as_mtz manually (and check 1cb6-sf.cif for format errors).
Traceback (most recent call last):
  File "run_tests_local.py", line 323, in <module>
    run(*tuple(args))
  File "run_tests_local.py", line 302, in run
    mtz_file = get_mtz_filename(code)
  File "/net/chevy/raid1/nigel/amber/hi_lo/run_utils.py", line 421, in get_mtz_filename
    assert 0
AssertionError
