HOST lewis.lbl.gov
only_i 194
only_code None
force_amber_prep True
dry_run False
... 194 3hio
/net/chevy/raid1/nigel/amber/hi_lo
/net/chevy/raid1/nigel/amber/hi_lo/hi/3hio
3hio.pdb 4phenix_3hio.pdb
3hio.pdb 4phenix_3hio.pdb
local_archive None
archive PDB None
Reading from local mirror:
  /net/cci/pdb_mirror/pdb/hi/pdb3hio.ent.gz
Model saved to /net/lewis/raid1/scratch1/nigel/amber/hi_lo/hi/3hio/3hio.pdb
Traceback (most recent call last):
  File "/net/cci-filer2/raid1/xp/phenix/phenix-svn/build/../modules/cctbx_project/mmtbx/command_line/fetch_pdb.py", line 199, in <module>
    run2(sys.argv[1:])
  File "/net/cci-filer2/raid1/xp/phenix/phenix-svn/build/../modules/cctbx_project/mmtbx/command_line/fetch_pdb.py", line 155, in run2
    files.append(get_pdb(id, data_type_, mirror, log, format=data_format))
  File "/net/cci-filer2/raid1/xp/phenix/phenix-svn/modules/cctbx_project/iotbx/pdb/fetch.py", line 213, in get_pdb
    data = fetch(id, data_type, mirror=mirror, format=format, log=log)
  File "/net/cci-filer2/raid1/xp/phenix/phenix-svn/modules/cctbx_project/iotbx/pdb/fetch.py", line 150, in fetch
    data = libtbx.utils.urlopen(url)
  File "/net/cci-filer2/raid1/xp/phenix/phenix-svn/modules/cctbx_project/libtbx/utils.py", line 2069, in urlopen
    return urllib2.urlopen(*args, **kwds)
  File "/net/cci-filer2/raid1/xp/phenix/phenix-svn/base/lib/python2.7/urllib2.py", line 127, in urlopen
    return _opener.open(url, data, timeout)
  File "/net/cci-filer2/raid1/xp/phenix/phenix-svn/base/lib/python2.7/urllib2.py", line 404, in open
    response = self._open(req, data)
  File "/net/cci-filer2/raid1/xp/phenix/phenix-svn/base/lib/python2.7/urllib2.py", line 422, in _open
    '_open', req)
  File "/net/cci-filer2/raid1/xp/phenix/phenix-svn/base/lib/python2.7/urllib2.py", line 382, in _call_chain
    result = func(*args)
  File "/net/cci-filer2/raid1/xp/phenix/phenix-svn/base/lib/python2.7/urllib2.py", line 1214, in http_open
    return self.do_open(httplib.HTTPConnection, req)
  File "/net/cci-filer2/raid1/xp/phenix/phenix-svn/base/lib/python2.7/urllib2.py", line 1184, in do_open
    raise URLError(err)
urllib2.URLError: <urlopen error [Errno 110] Connection timed out>
local_archive None
archive PDB None
Reading from local mirror:
  /net/cci/pdb_mirror/pdb/hi/pdb3hio.ent.gz
Model saved to /net/lewis/raid1/scratch1/nigel/amber/hi_lo/hi/3hio/3hio.pdb
Traceback (most recent call last):
  File "/net/cci-filer2/raid1/xp/phenix/phenix-svn/build/../modules/cctbx_project/mmtbx/command_line/fetch_pdb.py", line 199, in <module>
    run2(sys.argv[1:])
  File "/net/cci-filer2/raid1/xp/phenix/phenix-svn/build/../modules/cctbx_project/mmtbx/command_line/fetch_pdb.py", line 155, in run2
    files.append(get_pdb(id, data_type_, mirror, log, format=data_format))
  File "/net/cci-filer2/raid1/xp/phenix/phenix-svn/modules/cctbx_project/iotbx/pdb/fetch.py", line 213, in get_pdb
    data = fetch(id, data_type, mirror=mirror, format=format, log=log)
  File "/net/cci-filer2/raid1/xp/phenix/phenix-svn/modules/cctbx_project/iotbx/pdb/fetch.py", line 150, in fetch
    data = libtbx.utils.urlopen(url)
  File "/net/cci-filer2/raid1/xp/phenix/phenix-svn/modules/cctbx_project/libtbx/utils.py", line 2069, in urlopen
    return urllib2.urlopen(*args, **kwds)
  File "/net/cci-filer2/raid1/xp/phenix/phenix-svn/base/lib/python2.7/urllib2.py", line 127, in urlopen
    return _opener.open(url, data, timeout)
  File "/net/cci-filer2/raid1/xp/phenix/phenix-svn/base/lib/python2.7/urllib2.py", line 404, in open
    response = self._open(req, data)
  File "/net/cci-filer2/raid1/xp/phenix/phenix-svn/base/lib/python2.7/urllib2.py", line 422, in _open
    '_open', req)
  File "/net/cci-filer2/raid1/xp/phenix/phenix-svn/base/lib/python2.7/urllib2.py", line 382, in _call_chain
    result = func(*args)
  File "/net/cci-filer2/raid1/xp/phenix/phenix-svn/base/lib/python2.7/urllib2.py", line 1214, in http_open
    return self.do_open(httplib.HTTPConnection, req)
  File "/net/cci-filer2/raid1/xp/phenix/phenix-svn/base/lib/python2.7/urllib2.py", line 1184, in do_open
    raise URLError(err)
urllib2.URLError: <urlopen error [Errno 110] Connection timed out>

==================================================
Summary of pdb4amber for: 3hio.pdb
===================================================

----------Chains
The following (original) chains have been found:
A

---------- Alternate Locations (Original Residues!))

The following residues had alternate locations:
THR_8
SER_65
THR_202
CYS_255
ALA_256

---------- Mising heavy atom(s)

GLN_1 misses 4 heavy atom(s)
The alternate coordinates have been discarded.
Only the first occurrence for each atom was kept.
not prmtop_filename /net/lewis/scratch1/nigel/amber/hi_lo/hi/3hio/4amber_3hio.prmtop

	Running AmberPrep : 3hio.pdb


==================================================
Running pdb4amber on 3hio.pdb
==================================================

==================================================
Setting up library files for non-standard residues
==================================================

==================================================
Running elbow/antechamber for C2X 
==================================================
 Processing a loop

==================================================
Summary of pdb4amber for: 3hio_4tleap_uc1.pdb
===================================================

----------Chains
The following (original) chains have been found:
A

---------- Alternate Locations (Original Residues!))

The following residues had alternate locations:
None

---------- Mising heavy atom(s)

None

MoleculeClass :  C:51  N:21  O:29  P: 5 (CHEMICAL COMPONENTS format)
	173 atoms
	185 bonds
	335 angles
	471 dihedrals
	8 rings (groups, rings, atoms) 12 64
	14 chirals : R R R R R R R R R R R R R R 

~> antechamber -i 4antechamber_C2X.pdb -fi pdb -o C2X.mol2 -fo mol2       -nc -5 -m 1 -s 2 -pf y -c bcc -at gaff2 -ek "qm_theory='AM1',grms_tol=0.0005,scfconv=1.d-10,maxcyc=0,ndiis_attempts=700,"


~> parmchk2 -s 2 -i C2X.mol2 -f mol2 -o C2X.frcmod


  Residue "SO4" already in amber monomer library. Skipping elbow/antechamber
    run for this residue.
        

==================================================
Preparing asu files and 4phenix_3hio.pdb
==================================================

~> tleap -f 3hio_asu_tleap_input_run

Checking output filenames
  file : 3hio_asu.prmtop
  file : 3hio_asu.rst7

~> ChBox -c 3hio_asu.rst7 -o 3hio_asu.rst7 -X 68.632 -Y 68.632 -Z 134.681 -al 90.0 -bt 90.0 -gm 90.0 


============================================================
Preparing unit cell files: 4amber_3hio.prmtop and 4amber_3hio.rst7
============================================================

~> UnitCell -p 3hio_4UnitCell.pdb -o 3hio_4tleap_uc1.pdb


~> tleap -f 3hio_uc_tleap_input_run

Checking output filenames
  file : 3hio_uc.prmtop
  file : 3hio_uc.rst7

~> ChBox -c 3hio_uc.rst7 -o 3hio_uc.rst7 -X 68.632 -Y 68.632 -Z 134.681 -al 90.0 -bt 90.0 -gm 90.0 


==================================================
Minimizing input coordinates.
==================================================

~> sander -O -i 3hio_amber_all.in -p 4amber_3hio.prmtop -c 4amber_3hio.rst7 -o 3hio.min.out            -ref 4amber_3hio.rst7 -r 4amber_3hio.min.rst7

checking special positions in 4phenix_3hio.pdb

==================================================
Done.  Three new files have been made:
      4phenix_3hio.pdb
      4amber_3hio.prmtop
      4amber_3hio.rst7
==================================================

Example

  phenix.refine 4phenix_3hio.pdb use_amber=True \
    amber.topology_file_name=4amber_3hio.prmtop \
    amber.coordinate_file_name=4amber_3hio.rst7 \
    ....(other refinement keywords here).....



Substituting Amber PDB file for downloaded file
run_tests_local.py:222: UserWarning: os.system() is not safe: please use the subprocess module or libtbx.easy_run instead.
  os.system(cmd)

  Amber files
    PDB    : 3hio.pdb
    MTZ    : 3hio.mtz
    prmtop : 4amber_3hio.prmtop
    rst7   : 4amber_3hio.rst7
  
/net/lewis/raid1/scratch1/nigel/amber/hi_lo/hi/3hio
return_files 3hio
/net/chevy/raid1/nigel/amber/hi_lo
4amber_3hio.pdb
4phenix_3hio.pdb
cp 4phenix_3hio.pdb /net/chevy/raid1/nigel/amber/hi_lo/hi/3hio
3hio.pdb
cp 3hio.pdb /net/chevy/raid1/nigel/amber/hi_lo/hi/3hio
4amber_3hio.mtz
4phenix_3hio.mtz
3hio.mtz
cp 3hio.mtz /net/chevy/raid1/nigel/amber/hi_lo/hi/3hio
4amber_3hio.rst7
cp 4amber_3hio.rst7 /net/chevy/raid1/nigel/amber/hi_lo/hi/3hio
4phenix_3hio.rst7
3hio.rst7
4amber_3hio.prmtop
cp 4amber_3hio.prmtop /net/chevy/raid1/nigel/amber/hi_lo/hi/3hio
4phenix_3hio.prmtop
3hio.prmtop
4amber_3hio_refine_001.log
4phenix_3hio_refine_001.log
3hio_refine_001.log
4amber_3hio_refine_002.log
4phenix_3hio_refine_002.log
3hio_refine_002.log
4amber_3hio_refine_001.pdb
4phenix_3hio_refine_001.pdb
3hio_refine_001.pdb
4amber_3hio_refine_002.pdb
4phenix_3hio_refine_002.pdb
3hio_refine_002.pdb
local_archive /net/chevy/raid1/nigel/amber/hi_lo
archive PDB /net/chevy/raid1/nigel/amber/hi_lo/hi/3hio/3hio.pdb
/net/lewis/raid1/scratch1/nigel/amber/hi_lo/hi/3hio
------------------------------
phenix.refine log filename ? > /net/chevy/raid1/nigel/amber/hi_lo/hi/3hio/3hio_refine_001.log
------------------------------

	Already done (on chevy) 3hio_refine_001
------------------------------
phenix.refine log filename ? > /net/chevy/raid1/nigel/amber/hi_lo/hi/3hio/3hio_refine_002.log
------------------------------

	Already done (on chevy) 3hio_refine_002
