HOST lewis.lbl.gov
only_i 271
only_code None
force_amber_prep True
dry_run False
... 271 1osi
/net/chevy/raid1/nigel/amber/hi_lo
/net/chevy/raid1/nigel/amber/hi_lo/os/1osi
1osi.pdb 4phenix_1osi.pdb
1osi.pdb 4phenix_1osi.pdb
local_archive None
archive PDB None
Reading from local mirror:
  /net/cci/pdb_mirror/pdb/os/pdb1osi.ent.gz
Model saved to /net/lewis/raid1/scratch1/nigel/amber/hi_lo/os/1osi/1osi.pdb
Traceback (most recent call last):
  File "/net/cci-filer2/raid1/xp/phenix/phenix-svn/build/../modules/cctbx_project/mmtbx/command_line/fetch_pdb.py", line 199, in <module>
    run2(sys.argv[1:])
  File "/net/cci-filer2/raid1/xp/phenix/phenix-svn/build/../modules/cctbx_project/mmtbx/command_line/fetch_pdb.py", line 155, in run2
    files.append(get_pdb(id, data_type_, mirror, log, format=data_format))
  File "/net/cci-filer2/raid1/xp/phenix/phenix-svn/modules/cctbx_project/iotbx/pdb/fetch.py", line 213, in get_pdb
    data = fetch(id, data_type, mirror=mirror, format=format, log=log)
  File "/net/cci-filer2/raid1/xp/phenix/phenix-svn/modules/cctbx_project/iotbx/pdb/fetch.py", line 150, in fetch
    data = libtbx.utils.urlopen(url)
  File "/net/cci-filer2/raid1/xp/phenix/phenix-svn/modules/cctbx_project/libtbx/utils.py", line 2069, in urlopen
    return urllib2.urlopen(*args, **kwds)
  File "/net/cci-filer2/raid1/xp/phenix/phenix-svn/base/lib/python2.7/urllib2.py", line 127, in urlopen
    return _opener.open(url, data, timeout)
  File "/net/cci-filer2/raid1/xp/phenix/phenix-svn/base/lib/python2.7/urllib2.py", line 404, in open
    response = self._open(req, data)
  File "/net/cci-filer2/raid1/xp/phenix/phenix-svn/base/lib/python2.7/urllib2.py", line 422, in _open
    '_open', req)
  File "/net/cci-filer2/raid1/xp/phenix/phenix-svn/base/lib/python2.7/urllib2.py", line 382, in _call_chain
    result = func(*args)
  File "/net/cci-filer2/raid1/xp/phenix/phenix-svn/base/lib/python2.7/urllib2.py", line 1214, in http_open
    return self.do_open(httplib.HTTPConnection, req)
  File "/net/cci-filer2/raid1/xp/phenix/phenix-svn/base/lib/python2.7/urllib2.py", line 1184, in do_open
    raise URLError(err)
urllib2.URLError: <urlopen error [Errno 110] Connection timed out>
local_archive None
archive PDB None
Reading from local mirror:
  /net/cci/pdb_mirror/pdb/os/pdb1osi.ent.gz
Model saved to /net/lewis/raid1/scratch1/nigel/amber/hi_lo/os/1osi/1osi.pdb
Traceback (most recent call last):
  File "/net/cci-filer2/raid1/xp/phenix/phenix-svn/build/../modules/cctbx_project/mmtbx/command_line/fetch_pdb.py", line 199, in <module>
    run2(sys.argv[1:])
  File "/net/cci-filer2/raid1/xp/phenix/phenix-svn/build/../modules/cctbx_project/mmtbx/command_line/fetch_pdb.py", line 155, in run2
    files.append(get_pdb(id, data_type_, mirror, log, format=data_format))
  File "/net/cci-filer2/raid1/xp/phenix/phenix-svn/modules/cctbx_project/iotbx/pdb/fetch.py", line 213, in get_pdb
    data = fetch(id, data_type, mirror=mirror, format=format, log=log)
  File "/net/cci-filer2/raid1/xp/phenix/phenix-svn/modules/cctbx_project/iotbx/pdb/fetch.py", line 150, in fetch
    data = libtbx.utils.urlopen(url)
  File "/net/cci-filer2/raid1/xp/phenix/phenix-svn/modules/cctbx_project/libtbx/utils.py", line 2069, in urlopen
    return urllib2.urlopen(*args, **kwds)
  File "/net/cci-filer2/raid1/xp/phenix/phenix-svn/base/lib/python2.7/urllib2.py", line 127, in urlopen
    return _opener.open(url, data, timeout)
  File "/net/cci-filer2/raid1/xp/phenix/phenix-svn/base/lib/python2.7/urllib2.py", line 404, in open
    response = self._open(req, data)
  File "/net/cci-filer2/raid1/xp/phenix/phenix-svn/base/lib/python2.7/urllib2.py", line 422, in _open
    '_open', req)
  File "/net/cci-filer2/raid1/xp/phenix/phenix-svn/base/lib/python2.7/urllib2.py", line 382, in _call_chain
    result = func(*args)
  File "/net/cci-filer2/raid1/xp/phenix/phenix-svn/base/lib/python2.7/urllib2.py", line 1214, in http_open
    return self.do_open(httplib.HTTPConnection, req)
  File "/net/cci-filer2/raid1/xp/phenix/phenix-svn/base/lib/python2.7/urllib2.py", line 1184, in do_open
    raise URLError(err)
urllib2.URLError: <urlopen error [Errno 110] Connection timed out>

==================================================
Summary of pdb4amber for: 1osi.pdb
===================================================

----------Chains
The following (original) chains have been found:
A
B
C
D

---------- Alternate Locations (Original Residues!))

The following residues had alternate locations:
None

---------- Mising heavy atom(s)

None

==================================================
Summary of pdb4amber for: 1osi_4tleap_uc1.pdb
===================================================

----------Chains
The following (original) chains have been found:
A
B
C
D

---------- Alternate Locations (Original Residues!))

The following residues had alternate locations:
None

---------- Mising heavy atom(s)

None
not prmtop_filename /net/lewis/scratch1/nigel/amber/hi_lo/os/1osi/4amber_1osi.prmtop

	Running AmberPrep : 1osi.pdb


==================================================
Running pdb4amber on 1osi.pdb
==================================================

==================================================
Setting up library files for non-standard residues
==================================================

==================================================
Preparing asu files and 4phenix_1osi.pdb
==================================================

~> tleap -f 1osi_asu_tleap_input_run

Checking output filenames
  file : 1osi_asu.prmtop
  file : 1osi_asu.rst7

~> ChBox -c 1osi_asu.rst7 -o 1osi_asu.rst7 -X 82.5 -Y 86.7 -Z 112.1 -al 90.0 -bt 90.7 -gm 90.0 


============================================================
Preparing unit cell files: 4amber_1osi.prmtop and 4amber_1osi.rst7
============================================================

~> UnitCell -p 1osi_4UnitCell.pdb -o 1osi_4tleap_uc1.pdb


~> tleap -f 1osi_uc_tleap_input_run

Checking output filenames
  file : 1osi_uc.prmtop
  file : 1osi_uc.rst7

~> ChBox -c 1osi_uc.rst7 -o 1osi_uc.rst7 -X 82.5 -Y 86.7 -Z 112.1 -al 90.0 -bt 90.7 -gm 90.0 


==================================================
Minimizing input coordinates.
==================================================

~> sander -O -i 1osi_amber_all.in -p 4amber_1osi.prmtop -c 4amber_1osi.rst7 -o 1osi.min.out            -ref 4amber_1osi.rst7 -r 4amber_1osi.min.rst7

checking special positions in 4phenix_1osi.pdb

==================================================
Done.  Three new files have been made:
      4phenix_1osi.pdb
      4amber_1osi.prmtop
      4amber_1osi.rst7
==================================================

Example

  phenix.refine 4phenix_1osi.pdb use_amber=True \
    amber.topology_file_name=4amber_1osi.prmtop \
    amber.coordinate_file_name=4amber_1osi.rst7 \
    ....(other refinement keywords here).....



Substituting Amber PDB file for downloaded file
run_tests_local.py:222: UserWarning: os.system() is not safe: please use the subprocess module or libtbx.easy_run instead.
  os.system(cmd)

  Amber files
    PDB    : 1osi.pdb
    MTZ    : 1osi.mtz
    prmtop : 4amber_1osi.prmtop
    rst7   : 4amber_1osi.rst7
  
/net/lewis/raid1/scratch1/nigel/amber/hi_lo/os/1osi
return_files 1osi
/net/chevy/raid1/nigel/amber/hi_lo
4amber_1osi.pdb
4phenix_1osi.pdb
cp 4phenix_1osi.pdb /net/chevy/raid1/nigel/amber/hi_lo/os/1osi
1osi.pdb
cp 1osi.pdb /net/chevy/raid1/nigel/amber/hi_lo/os/1osi
4amber_1osi.mtz
4phenix_1osi.mtz
1osi.mtz
cp 1osi.mtz /net/chevy/raid1/nigel/amber/hi_lo/os/1osi
4amber_1osi.rst7
cp 4amber_1osi.rst7 /net/chevy/raid1/nigel/amber/hi_lo/os/1osi
4phenix_1osi.rst7
1osi.rst7
4amber_1osi.prmtop
cp 4amber_1osi.prmtop /net/chevy/raid1/nigel/amber/hi_lo/os/1osi
4phenix_1osi.prmtop
1osi.prmtop
4amber_1osi_refine_001.log
4phenix_1osi_refine_001.log
1osi_refine_001.log
4amber_1osi_refine_002.log
4phenix_1osi_refine_002.log
1osi_refine_002.log
4amber_1osi_refine_001.pdb
4phenix_1osi_refine_001.pdb
1osi_refine_001.pdb
4amber_1osi_refine_002.pdb
4phenix_1osi_refine_002.pdb
1osi_refine_002.pdb
local_archive /net/chevy/raid1/nigel/amber/hi_lo
archive PDB /net/chevy/raid1/nigel/amber/hi_lo/os/1osi/1osi.pdb
/net/lewis/raid1/scratch1/nigel/amber/hi_lo/os/1osi
------------------------------
phenix.refine log filename ? > /net/chevy/raid1/nigel/amber/hi_lo/os/1osi/1osi_refine_001.log
------------------------------

	Already done (on chevy) 1osi_refine_001
------------------------------
phenix.refine log filename ? > /net/chevy/raid1/nigel/amber/hi_lo/os/1osi/1osi_refine_002.log
------------------------------

	Already done (on chevy) 1osi_refine_002
