HOST rebus.lbl.gov
only_i 2
only_code None
force_amber_prep True
dry_run False
... 2 1zod
/net/chevy/raid1/nigel/amber/hi_lo
/net/chevy/raid1/nigel/amber/hi_lo/zo/1zod
1zod.pdb 4phenix_1zod.pdb
1zod.pdb 4phenix_1zod.pdb
local_archive None
archive PDB None
Reading from local mirror:
  /net/cci/pdb_mirror/pdb/zo/pdb1zod.ent.gz
Model saved to /net/rebus/raid1/scratch1/nigel/amber/hi_lo/zo/1zod/1zod.pdb
Sequence saved to /net/rebus/raid1/scratch1/nigel/amber/hi_lo/zo/1zod/1zod.fa
Reading from local mirror:
  /net/cci/pdb_mirror/structure_factors/zo/r1zodsf.ent.gz
Structure factors saved to /net/rebus/raid1/scratch1/nigel/amber/hi_lo/zo/1zod/1zod-sf.cif
Reading from local mirror:
  /net/cci/pdb_mirror/mmcif/zo/1zod.cif.gz
Model saved to /net/rebus/raid1/scratch1/nigel/amber/hi_lo/zo/1zod/1zod.cif
Can't determine output label for r1zodsf,_refln.crystal_id - skipping.
Can't determine output label for r1zodsf,_refln.scale_group_code - skipping.
Can't determine output label for r1zodsf,_refln.wavelength_id - skipping.
Converted structure factors saved to 1zod.mtz
local_archive None
archive PDB None
Reading from local mirror:
  /net/cci/pdb_mirror/pdb/zo/pdb1zod.ent.gz
Model saved to /net/rebus/raid1/scratch1/nigel/amber/hi_lo/zo/1zod/1zod.pdb
Sequence saved to /net/rebus/raid1/scratch1/nigel/amber/hi_lo/zo/1zod/1zod.fa
Reading from local mirror:
  /net/cci/pdb_mirror/structure_factors/zo/r1zodsf.ent.gz
Structure factors saved to /net/rebus/raid1/scratch1/nigel/amber/hi_lo/zo/1zod/1zod-sf.cif
Reading from local mirror:
  /net/cci/pdb_mirror/mmcif/zo/1zod.cif.gz
Model saved to /net/rebus/raid1/scratch1/nigel/amber/hi_lo/zo/1zod/1zod.cif
Can't determine output label for r1zodsf,_refln.crystal_id - skipping.
Can't determine output label for r1zodsf,_refln.scale_group_code - skipping.
Can't determine output label for r1zodsf,_refln.wavelength_id - skipping.
Converted structure factors saved to 1zod.mtz
not prmtop_filename /net/rebus/scratch1/nigel/amber/hi_lo/zo/1zod/4amber_1zod.prmtop

	Running AmberPrep : 1zod.pdb


==================================================
Running pdb4amber on 1zod.pdb
==================================================

==================================================
Setting up library files for non-standard residues
==================================================

  Residue "MES" already in amber monomer library. Skipping elbow/antechamber
    run for this residue.
        

  Residue "PLP" already in amber monomer library. Skipping elbow/antechamber
    run for this residue.
        

==================================================
Preparing asu files and 4phenix_1zod.pdb
==================================================

~> tleap -f 1zod_asu_tleap_input_run

Checking output filenames
  file : 1zod_asu.prmtop
  file : 1zod_asu.rst7

~> ChBox -c 1zod_asu.rst7 -o 1zod_asu.rst7 -X 150.524 -Y 150.524 -Z 84.859 -al 90.0 -bt 90.0 -gm 120.0 


============================================================
Preparing unit cell files: 4amber_1zod.prmtop and 4amber_1zod.rst7
============================================================

~> UnitCell -p 1zod_4UnitCell.pdb -o 1zod_4tleap_uc1.pdb


~> tleap -f 1zod_uc_tleap_input_run

Checking output filenames
  file : 1zod_uc.prmtop
  file : 1zod_uc.rst7

~> ChBox -c 1zod_uc.rst7 -o 1zod_uc.rst7 -X 150.524 -Y 150.524 -Z 84.859 -al 90.0 -bt 90.0 -gm 120.0 


==================================================
Minimizing input coordinates.
==================================================

~> sander -O -i 1zod_amber_all.in -p 4amber_1zod.prmtop -c 4amber_1zod.rst7 -o 1zod.min.out            -ref 4amber_1zod.rst7 -r 4amber_1zod.min.rst7

checking special positions in 4phenix_1zod.pdb

==================================================
Done.  Three new files have been made:
      4phenix_1zod.pdb
      4amber_1zod.prmtop
      4amber_1zod.rst7
==================================================

Example

  phenix.refine 4phenix_1zod.pdb use_amber=True \
    amber.topology_file_name=4amber_1zod.prmtop \
    amber.coordinate_file_name=4amber_1zod.rst7 \
    ....(other refinement keywords here).....



Substituting Amber PDB file for downloaded file

  Amber files
    PDB    : 1zod.pdb
    MTZ    : 1zod.mtz
    prmtop : 4amber_1zod.prmtop
    rst7   : 4amber_1zod.rst7
  
/net/rebus/raid1/scratch1/nigel/amber/hi_lo/zo/1zod
return_files 1zod
/net/chevy/raid1/nigel/amber/hi_lo
4amber_1zod.pdb
4phenix_1zod.pdb
cp 4phenix_1zod.pdb /net/chevy/raid1/nigel/amber/hi_lo/zo/1zod
1zod.pdb
cp 1zod.pdb /net/chevy/raid1/nigel/amber/hi_lo/zo/1zod
4amber_1zod.mtz
4phenix_1zod.mtz
1zod.mtz
cp 1zod.mtz /net/chevy/raid1/nigel/amber/hi_lo/zo/1zod
4amber_1zod.rst7
cp 4amber_1zod.rst7 /net/chevy/raid1/nigel/amber/hi_lo/zo/1zod
4phenix_1zod.rst7
1zod.rst7
4amber_1zod.prmtop
cp 4amber_1zod.prmtop /net/chevy/raid1/nigel/amber/hi_lo/zo/1zod
4phenix_1zod.prmtop
1zod.prmtop
4amber_1zod_refine_001.log
4phenix_1zod_refine_001.log
1zod_refine_001.log
4amber_1zod_refine_002.log
4phenix_1zod_refine_002.log
1zod_refine_002.log
4amber_1zod_refine_001.pdb
4phenix_1zod_refine_001.pdb
1zod_refine_001.pdb
4amber_1zod_refine_002.pdb
4phenix_1zod_refine_002.pdb
1zod_refine_002.pdb
local_archive /net/chevy/raid1/nigel/amber/hi_lo
archive PDB /net/chevy/raid1/nigel/amber/hi_lo/zo/1zod/1zod.pdb
/net/rebus/raid1/scratch1/nigel/amber/hi_lo/zo/1zod
------------------------------
phenix.refine log filename ? > /net/chevy/raid1/nigel/amber/hi_lo/zo/1zod/1zod_refine_001.log
------------------------------

	Already done (on chevy) 1zod_refine_001
------------------------------
phenix.refine log filename ? > /net/chevy/raid1/nigel/amber/hi_lo/zo/1zod/1zod_refine_002.log
------------------------------

	Already done (on chevy) 1zod_refine_002
