HOST lewis.lbl.gov
only_i 326
only_code None
force_amber_prep True
dry_run False
... 326 3mn5
/net/chevy/raid1/nigel/amber/hi_lo
/net/chevy/raid1/nigel/amber/hi_lo/mn/3mn5
3mn5.pdb 4phenix_3mn5.pdb
3mn5.pdb 4phenix_3mn5.pdb
local_archive None
archive PDB None
Reading from local mirror:
  /net/cci/pdb_mirror/pdb/mn/pdb3mn5.ent.gz
Model saved to /net/lewis/raid1/scratch1/nigel/amber/hi_lo/mn/3mn5/3mn5.pdb
Traceback (most recent call last):
  File "/net/cci-filer2/raid1/xp/phenix/phenix-svn/build/../modules/cctbx_project/mmtbx/command_line/fetch_pdb.py", line 199, in <module>
    run2(sys.argv[1:])
  File "/net/cci-filer2/raid1/xp/phenix/phenix-svn/build/../modules/cctbx_project/mmtbx/command_line/fetch_pdb.py", line 155, in run2
    files.append(get_pdb(id, data_type_, mirror, log, format=data_format))
  File "/net/cci-filer2/raid1/xp/phenix/phenix-svn/modules/cctbx_project/iotbx/pdb/fetch.py", line 213, in get_pdb
    data = fetch(id, data_type, mirror=mirror, format=format, log=log)
  File "/net/cci-filer2/raid1/xp/phenix/phenix-svn/modules/cctbx_project/iotbx/pdb/fetch.py", line 150, in fetch
    data = libtbx.utils.urlopen(url)
  File "/net/cci-filer2/raid1/xp/phenix/phenix-svn/modules/cctbx_project/libtbx/utils.py", line 2069, in urlopen
    return urllib2.urlopen(*args, **kwds)
  File "/net/cci-filer2/raid1/xp/phenix/phenix-svn/base/lib/python2.7/urllib2.py", line 127, in urlopen
    return _opener.open(url, data, timeout)
  File "/net/cci-filer2/raid1/xp/phenix/phenix-svn/base/lib/python2.7/urllib2.py", line 404, in open
    response = self._open(req, data)
  File "/net/cci-filer2/raid1/xp/phenix/phenix-svn/base/lib/python2.7/urllib2.py", line 422, in _open
    '_open', req)
  File "/net/cci-filer2/raid1/xp/phenix/phenix-svn/base/lib/python2.7/urllib2.py", line 382, in _call_chain
    result = func(*args)
  File "/net/cci-filer2/raid1/xp/phenix/phenix-svn/base/lib/python2.7/urllib2.py", line 1214, in http_open
    return self.do_open(httplib.HTTPConnection, req)
  File "/net/cci-filer2/raid1/xp/phenix/phenix-svn/base/lib/python2.7/urllib2.py", line 1184, in do_open
    raise URLError(err)
urllib2.URLError: <urlopen error [Errno 110] Connection timed out>
local_archive None
archive PDB None
Reading from local mirror:
  /net/cci/pdb_mirror/pdb/mn/pdb3mn5.ent.gz
Model saved to /net/lewis/raid1/scratch1/nigel/amber/hi_lo/mn/3mn5/3mn5.pdb
Traceback (most recent call last):
  File "/net/cci-filer2/raid1/xp/phenix/phenix-svn/build/../modules/cctbx_project/mmtbx/command_line/fetch_pdb.py", line 199, in <module>
    run2(sys.argv[1:])
  File "/net/cci-filer2/raid1/xp/phenix/phenix-svn/build/../modules/cctbx_project/mmtbx/command_line/fetch_pdb.py", line 155, in run2
    files.append(get_pdb(id, data_type_, mirror, log, format=data_format))
  File "/net/cci-filer2/raid1/xp/phenix/phenix-svn/modules/cctbx_project/iotbx/pdb/fetch.py", line 213, in get_pdb
    data = fetch(id, data_type, mirror=mirror, format=format, log=log)
  File "/net/cci-filer2/raid1/xp/phenix/phenix-svn/modules/cctbx_project/iotbx/pdb/fetch.py", line 150, in fetch
    data = libtbx.utils.urlopen(url)
  File "/net/cci-filer2/raid1/xp/phenix/phenix-svn/modules/cctbx_project/libtbx/utils.py", line 2069, in urlopen
    return urllib2.urlopen(*args, **kwds)
  File "/net/cci-filer2/raid1/xp/phenix/phenix-svn/base/lib/python2.7/urllib2.py", line 127, in urlopen
    return _opener.open(url, data, timeout)
  File "/net/cci-filer2/raid1/xp/phenix/phenix-svn/base/lib/python2.7/urllib2.py", line 404, in open
    response = self._open(req, data)
  File "/net/cci-filer2/raid1/xp/phenix/phenix-svn/base/lib/python2.7/urllib2.py", line 422, in _open
    '_open', req)
  File "/net/cci-filer2/raid1/xp/phenix/phenix-svn/base/lib/python2.7/urllib2.py", line 382, in _call_chain
    result = func(*args)
  File "/net/cci-filer2/raid1/xp/phenix/phenix-svn/base/lib/python2.7/urllib2.py", line 1214, in http_open
    return self.do_open(httplib.HTTPConnection, req)
  File "/net/cci-filer2/raid1/xp/phenix/phenix-svn/base/lib/python2.7/urllib2.py", line 1184, in do_open
    raise URLError(err)
urllib2.URLError: <urlopen error [Errno 110] Connection timed out>

==================================================
Summary of pdb4amber for: 3mn5.pdb
===================================================

----------Chains
The following (original) chains have been found:
A
S

---------- Alternate Locations (Original Residues!))

The following residues had alternate locations:
None

---------- Gaps (Renumbered Residues!)
gap of 9.455288 A between GLU 37 and ARG 38
gap of 3.130936 A between ARG 38 and THR 39

---------- Mising heavy atom(s)

ASP_36 misses 3 heavy atom(s)
GLU_37 misses 4 heavy atom(s)
THR_39 misses 2 heavy atom(s)
not prmtop_filename /net/lewis/scratch1/nigel/amber/hi_lo/mn/3mn5/4amber_3mn5.prmtop

	Running AmberPrep : 3mn5.pdb


==================================================
Running pdb4amber on 3mn5.pdb
==================================================

==================================================
Setting up library files for non-standard residues
==================================================

  Residue "LAB" already in amber monomer library. Skipping elbow/antechamber
    run for this residue.
        

==================================================
Running elbow/antechamber for ATP 
==================================================

==================================================
Summary of pdb4amber for: 3mn5_4tleap_uc1.pdb
===================================================

----------Chains
The following (original) chains have been found:
A
S

---------- Alternate Locations (Original Residues!))

The following residues had alternate locations:
None

---------- Gaps (Renumbered Residues!)
gap of 9.455288 A between GLU 37 and ARG 38
gap of 3.130936 A between ARG 38 and THR 39
gap of 9.455288 A between GLU 896 and ARG 897
gap of 3.130936 A between ARG 897 and THR 898
gap of 9.455288 A between GLU 1755 and ARG 1756
gap of 3.130936 A between ARG 1756 and THR 1757
gap of 9.455288 A between GLU 2614 and ARG 2615
gap of 3.130936 A between ARG 2615 and THR 2616

---------- Mising heavy atom(s)

None

MoleculeClass :  C:10  N: 5  O:13  P: 3 (CHEMICAL COMPONENTS format)
	43 atoms
	45 bonds
	78 angles
	104 dihedrals
	2 rings (groups, rings, atoms) 3 16
	4 chirals : R S R R 

~> antechamber -i 4antechamber_ATP.pdb -fi pdb -o ATP.mol2 -fo mol2       -nc -4 -m 1 -s 2 -pf y -c bcc -at gaff2 -ek "qm_theory='AM1',grms_tol=0.0005,scfconv=1.d-10,maxcyc=0,ndiis_attempts=700,"


~> parmchk2 -s 2 -i ATP.mol2 -f mol2 -o ATP.frcmod


==================================================
Preparing asu files and 4phenix_3mn5.pdb
==================================================

~> tleap -f 3mn5_asu_tleap_input_run

Checking output filenames
  file : 3mn5_asu.prmtop
  file : 3mn5_asu.rst7

~> ChBox -c 3mn5_asu.rst7 -o 3mn5_asu.rst7 -X 52.96 -Y 71.81 -Z 100.72 -al 90.0 -bt 90.0 -gm 90.0 


============================================================
Preparing unit cell files: 4amber_3mn5.prmtop and 4amber_3mn5.rst7
============================================================

~> UnitCell -p 3mn5_4UnitCell.pdb -o 3mn5_4tleap_uc1.pdb


~> tleap -f 3mn5_uc_tleap_input_run

Checking output filenames
  file : 3mn5_uc.prmtop
  file : 3mn5_uc.rst7

~> ChBox -c 3mn5_uc.rst7 -o 3mn5_uc.rst7 -X 52.96 -Y 71.81 -Z 100.72 -al 90.0 -bt 90.0 -gm 90.0 


==================================================
Minimizing input coordinates.
==================================================

~> sander -O -i 3mn5_amber_all.in -p 4amber_3mn5.prmtop -c 4amber_3mn5.rst7 -o 3mn5.min.out            -ref 4amber_3mn5.rst7 -r 4amber_3mn5.min.rst7

checking special positions in 4phenix_3mn5.pdb

==================================================
Done.  Three new files have been made:
      4phenix_3mn5.pdb
      4amber_3mn5.prmtop
      4amber_3mn5.rst7
==================================================

Example

  phenix.refine 4phenix_3mn5.pdb use_amber=True \
    amber.topology_file_name=4amber_3mn5.prmtop \
    amber.coordinate_file_name=4amber_3mn5.rst7 \
    ....(other refinement keywords here).....



Substituting Amber PDB file for downloaded file
run_tests_local.py:222: UserWarning: os.system() is not safe: please use the subprocess module or libtbx.easy_run instead.
  os.system(cmd)

  Amber files
    PDB    : 3mn5.pdb
    MTZ    : 3mn5.mtz
    prmtop : 4amber_3mn5.prmtop
    rst7   : 4amber_3mn5.rst7
  
/net/lewis/raid1/scratch1/nigel/amber/hi_lo/mn/3mn5
return_files 3mn5
/net/chevy/raid1/nigel/amber/hi_lo
4amber_3mn5.pdb
4phenix_3mn5.pdb
cp 4phenix_3mn5.pdb /net/chevy/raid1/nigel/amber/hi_lo/mn/3mn5
3mn5.pdb
cp 3mn5.pdb /net/chevy/raid1/nigel/amber/hi_lo/mn/3mn5
4amber_3mn5.mtz
4phenix_3mn5.mtz
3mn5.mtz
cp 3mn5.mtz /net/chevy/raid1/nigel/amber/hi_lo/mn/3mn5
4amber_3mn5.rst7
cp 4amber_3mn5.rst7 /net/chevy/raid1/nigel/amber/hi_lo/mn/3mn5
4phenix_3mn5.rst7
3mn5.rst7
4amber_3mn5.prmtop
cp 4amber_3mn5.prmtop /net/chevy/raid1/nigel/amber/hi_lo/mn/3mn5
4phenix_3mn5.prmtop
3mn5.prmtop
4amber_3mn5_refine_001.log
4phenix_3mn5_refine_001.log
3mn5_refine_001.log
4amber_3mn5_refine_002.log
4phenix_3mn5_refine_002.log
3mn5_refine_002.log
4amber_3mn5_refine_001.pdb
4phenix_3mn5_refine_001.pdb
3mn5_refine_001.pdb
4amber_3mn5_refine_002.pdb
4phenix_3mn5_refine_002.pdb
3mn5_refine_002.pdb
local_archive /net/chevy/raid1/nigel/amber/hi_lo
archive PDB /net/chevy/raid1/nigel/amber/hi_lo/mn/3mn5/3mn5.pdb
/net/lewis/raid1/scratch1/nigel/amber/hi_lo/mn/3mn5
------------------------------
phenix.refine log filename ? > /net/chevy/raid1/nigel/amber/hi_lo/mn/3mn5/3mn5_refine_001.log
------------------------------

	Already done (on chevy) 3mn5_refine_001
------------------------------
phenix.refine log filename ? > /net/chevy/raid1/nigel/amber/hi_lo/mn/3mn5/3mn5_refine_002.log
------------------------------

	Already done (on chevy) 3mn5_refine_002
