HOST rebus.lbl.gov
only_i 215
only_code None
force_amber_prep True
dry_run False
... 215 3o1b
/net/chevy/raid1/nigel/amber/hi_lo
/net/chevy/raid1/nigel/amber/hi_lo/o1/3o1b
3o1b.pdb 4phenix_3o1b.pdb
local_archive None
archive PDB None
Reading from local mirror:
  /net/cci/pdb_mirror/pdb/o1/pdb3o1b.ent.gz
Model saved to /net/rebus/raid1/scratch1/nigel/amber/hi_lo/o1/3o1b/3o1b.pdb
Sequence saved to /net/rebus/raid1/scratch1/nigel/amber/hi_lo/o1/3o1b/3o1b.fa
Reading from local mirror:
  /net/cci/pdb_mirror/structure_factors/o1/r3o1bsf.ent.gz
Structure factors saved to /net/rebus/raid1/scratch1/nigel/amber/hi_lo/o1/3o1b/3o1b-sf.cif
Reading from local mirror:
  /net/cci/pdb_mirror/mmcif/o1/3o1b.cif.gz
Model saved to /net/rebus/raid1/scratch1/nigel/amber/hi_lo/o1/3o1b/3o1b.cif
Can't determine output label for r3o1bsf,_refln.crystal_id - skipping.
Can't determine output label for r3o1bsf,_refln.scale_group_code - skipping.
Can't determine output label for r3o1bsf,_refln.wavelength_id - skipping.
Converted structure factors saved to 3o1b.mtz
local_archive None
archive PDB None
Reading from local mirror:
  /net/cci/pdb_mirror/pdb/o1/pdb3o1b.ent.gz
Model saved to /net/rebus/raid1/scratch1/nigel/amber/hi_lo/o1/3o1b/3o1b.pdb
Sequence saved to /net/rebus/raid1/scratch1/nigel/amber/hi_lo/o1/3o1b/3o1b.fa
Reading from local mirror:
  /net/cci/pdb_mirror/structure_factors/o1/r3o1bsf.ent.gz
Structure factors saved to /net/rebus/raid1/scratch1/nigel/amber/hi_lo/o1/3o1b/3o1b-sf.cif
Reading from local mirror:
  /net/cci/pdb_mirror/mmcif/o1/3o1b.cif.gz
Model saved to /net/rebus/raid1/scratch1/nigel/amber/hi_lo/o1/3o1b/3o1b.cif
Can't determine output label for r3o1bsf,_refln.crystal_id - skipping.
Can't determine output label for r3o1bsf,_refln.scale_group_code - skipping.
Can't determine output label for r3o1bsf,_refln.wavelength_id - skipping.
Converted structure factors saved to 3o1b.mtz
not prmtop_filename /net/rebus/scratch1/nigel/amber/hi_lo/o1/3o1b/4amber_3o1b.prmtop
not prmtop_filename /net/chevy/raid1/nigel/amber/hi_lo/o1/3o1b/4amber_3o1b.prmtop

	Running AmberPrep : 3o1b.pdb


==================================================
Running pdb4amber on 3o1b.pdb
==================================================

==================================================
Setting up library files for non-standard residues
==================================================

==================================================
Preparing asu files and 4phenix_3o1b.pdb
==================================================

~> tleap -f 3o1b_asu_tleap_input_run

Checking output filenames
  file : 3o1b_asu.prmtop
  file : 3o1b_asu.rst7

~> ChBox -c 3o1b_asu.rst7 -o 3o1b_asu.rst7 -X 144.503 -Y 57.036 -Z 72.811 -al 90.0 -bt 110.34 -gm 90.0 


============================================================
Preparing unit cell files: 4amber_3o1b.prmtop and 4amber_3o1b.rst7
============================================================

~> UnitCell -p 3o1b_4UnitCell.pdb -o 3o1b_4tleap_uc1.pdb


~> tleap -f 3o1b_uc_tleap_input_run

Checking output filenames
  file : 3o1b_uc.prmtop
  file : 3o1b_uc.rst7

~> ChBox -c 3o1b_uc.rst7 -o 3o1b_uc.rst7 -X 144.503 -Y 57.036 -Z 72.811 -al 90.0 -bt 110.34 -gm 90.0 


==================================================
Minimizing input coordinates.
==================================================

~> sander -O -i 3o1b_amber_all.in -p 4amber_3o1b.prmtop -c 4amber_3o1b.rst7 -o 3o1b.min.out            -ref 4amber_3o1b.rst7 -r 4amber_3o1b.min.rst7

checking special positions in 4phenix_3o1b.pdb

==================================================
Done.  Three new files have been made:
      4phenix_3o1b.pdb
      4amber_3o1b.prmtop
      4amber_3o1b.rst7
==================================================

Example

  phenix.refine 4phenix_3o1b.pdb use_amber=True \
    amber.topology_file_name=4amber_3o1b.prmtop \
    amber.coordinate_file_name=4amber_3o1b.rst7 \
    ....(other refinement keywords here).....



Substituting Amber PDB file for downloaded file

  Amber files
    PDB    : 3o1b.pdb
    MTZ    : 3o1b.mtz
    prmtop : 4amber_3o1b.prmtop
    rst7   : 4amber_3o1b.rst7
  
/net/rebus/raid1/scratch1/nigel/amber/hi_lo/o1/3o1b
return_files 3o1b
/net/chevy/raid1/nigel/amber/hi_lo
4amber_3o1b.pdb
4phenix_3o1b.pdb
cp 4phenix_3o1b.pdb /net/chevy/raid1/nigel/amber/hi_lo/o1/3o1b
3o1b.pdb
cp 3o1b.pdb /net/chevy/raid1/nigel/amber/hi_lo/o1/3o1b
4amber_3o1b.mtz
4phenix_3o1b.mtz
3o1b.mtz
cp 3o1b.mtz /net/chevy/raid1/nigel/amber/hi_lo/o1/3o1b
4amber_3o1b.rst7
cp 4amber_3o1b.rst7 /net/chevy/raid1/nigel/amber/hi_lo/o1/3o1b
4phenix_3o1b.rst7
3o1b.rst7
4amber_3o1b.prmtop
cp 4amber_3o1b.prmtop /net/chevy/raid1/nigel/amber/hi_lo/o1/3o1b
4phenix_3o1b.prmtop
3o1b.prmtop
4amber_3o1b_refine_001.log
4phenix_3o1b_refine_001.log
3o1b_refine_001.log
4amber_3o1b_refine_002.log
4phenix_3o1b_refine_002.log
3o1b_refine_002.log
4amber_3o1b_refine_001.pdb
4phenix_3o1b_refine_001.pdb
3o1b_refine_001.pdb
4amber_3o1b_refine_002.pdb
4phenix_3o1b_refine_002.pdb
3o1b_refine_002.pdb
local_archive /net/chevy/raid1/nigel/amber/hi_lo
archive PDB /net/chevy/raid1/nigel/amber/hi_lo/o1/3o1b/3o1b.pdb
/net/rebus/raid1/scratch1/nigel/amber/hi_lo/o1/3o1b
------------------------------
phenix.refine log filename ? > /net/chevy/raid1/nigel/amber/hi_lo/o1/3o1b/3o1b_refine_001.log
------------------------------
------------------------------
phenix.refine log filename ? > 3o1b_refine_001.log
------------------------------
Running phenix.refine

phenix.refine 3o1b.pdb 3o1b.mtz c_beta_restraints=False discard_psi_phi=False strategy="*individual_sites individual_sites_real_space rigid_body *individual_adp group_adp tls *occupancies group_anomalous" refinement.target_weights.optimize_xyz_weight=True refinement.main.number_of_macro_cycles=10 write_geo=False serial=1 cdl=True

------------------------------
phenix.refine log filename ? > /net/chevy/raid1/nigel/amber/hi_lo/o1/3o1b/3o1b_refine_002.log
------------------------------
------------------------------
phenix.refine log filename ? > 3o1b_refine_002.log
------------------------------
Running phenix.refine

phenix.refine 3o1b.pdb 3o1b.mtz c_beta_restraints=False discard_psi_phi=False strategy="*individual_sites individual_sites_real_space rigid_body *individual_adp group_adp tls *occupancies group_anomalous" topology_file_name=/net/chevy/raid1/nigel/amber/hi_lo/o1/3o1b/4amber_3o1b.prmtop amber.coordinate_file_name=/net/chevy/raid1/nigel/amber/hi_lo/o1/3o1b/4amber_3o1b.rst7 use_amber=True refinement.target_weights.optimize_xyz_weight=True refinement.main.number_of_macro_cycles=10 write_geo=False amber.wxc_factor=0.300000 serial=2

