HOST morse.lbl.gov
only_i 374
only_code None
force_amber_prep True
dry_run False
... 374 2jdi
/net/chevy/raid1/nigel/amber/hi_lo
/net/chevy/raid1/nigel/amber/hi_lo/jd/2jdi
2jdi.pdb 4phenix_2jdi.pdb
local_archive None
archive PDB None
Reading from local mirror:
  /net/cci/pdb_mirror/pdb/jd/pdb2jdi.ent.gz
Model saved to /net/morse/raid1/scratch1/nigel/amber/hi_lo/jd/2jdi/2jdi.pdb
Sequence saved to /net/morse/raid1/scratch1/nigel/amber/hi_lo/jd/2jdi/2jdi.fa
Reading from local mirror:
  /net/cci/pdb_mirror/structure_factors/jd/r2jdisf.ent.gz
Structure factors saved to /net/morse/raid1/scratch1/nigel/amber/hi_lo/jd/2jdi/2jdi-sf.cif
Reading from local mirror:
  /net/cci/pdb_mirror/mmcif/jd/2jdi.cif.gz
Model saved to /net/morse/raid1/scratch1/nigel/amber/hi_lo/jd/2jdi/2jdi.cif
Can't determine output label for r2jdisf,_refln.crystal_id - skipping.
Can't determine output label for r2jdisf,_refln.scale_group_code - skipping.
R-free-flags: fraction_free=0.050
R-free-flags: missing 94109 reflections
Can't determine output label for r2jdisf,_refln.wavelength_id - skipping.
Converted structure factors saved to 2jdi.mtz

==================================================
Summary of pdb4amber for: 2jdi.pdb
===================================================
REDUCE returned non-zero exit status: See reduce_info.log for more details

----------Chains
The following (original) chains have been found:
A
B
C
D
E
F
G
H
I

---------- Alternate Locations (Original Residues!))

The following residues had alternate locations:
SER_321
ARG_350
ILE_1721
THR_1973
ASN_2170
VAL_2468
VAL_2531
not prmtop_filename /net/morse/scratch1/nigel/amber/hi_lo/jd/2jdi/4amber_2jdi.prmtop
not prmtop_filename /net/chevy/raid1/nigel/amber/hi_lo/jd/2jdi/4amber_2jdi.prmtop

	Running AmberPrep : 2jdi.pdb


==================================================
Running pdb4amber on 2jdi.pdb
==================================================
Traceback (most recent call last):
  File "run_tests_local.py", line 323, in <module>
    run(*tuple(args))
  File "run_tests_local.py", line 307, in run
    w2 = run_all_tests(code, force_amber_prep=force_amber_prep)
  File "run_tests_local.py", line 93, in run_all_tests
    "clean=on",
  File "/net/cci-filer2/raid1/xp/phenix/phenix-svn/modules/amber_adaptbx/command_line/AmberPrepClass.py", line 951, in run
    arg_conect=False,
  File "/net/cci-filer2/raid1/xp/phenix/phenix-svn/modules/amber/lib/python2.7/site-packages/pdb4amber/pdb4amber.py", line 522, in run
    gaplist = pdbfixer.find_gaps()
  File "/net/cci-filer2/raid1/xp/phenix/phenix-svn/modules/amber/lib/python2.7/site-packages/pdb4amber/pdb4amber.py", line 213, in find_gaps
    N_atom = parm.atoms[N_atoms[i + 1]]
IndexError: list index out of range
