HOST morse.lbl.gov
only_i 52
only_code None
force_amber_prep True
dry_run False
... 52 2xeg
/net/chevy/raid1/nigel/amber/hi_lo
/net/chevy/raid1/nigel/amber/hi_lo/xe/2xeg
2xeg.pdb 4phenix_2xeg.pdb
local_archive None
archive PDB None
Reading from local mirror:
  /net/cci/pdb_mirror/pdb/xe/pdb2xeg.ent.gz
Model saved to /net/morse/raid1/scratch1/nigel/amber/hi_lo/xe/2xeg/2xeg.pdb
Sequence saved to /net/morse/raid1/scratch1/nigel/amber/hi_lo/xe/2xeg/2xeg.fa
Reading from local mirror:
  /net/cci/pdb_mirror/structure_factors/xe/r2xegsf.ent.gz
Structure factors saved to /net/morse/raid1/scratch1/nigel/amber/hi_lo/xe/2xeg/2xeg-sf.cif
Reading from local mirror:
  /net/cci/pdb_mirror/mmcif/xe/2xeg.cif.gz
Model saved to /net/morse/raid1/scratch1/nigel/amber/hi_lo/xe/2xeg/2xeg.cif
Can't determine output label for r2xegsf,_refln.crystal_id - skipping.
Can't determine output label for r2xegsf,_refln.scale_group_code - skipping.
Can't determine output label for r2xegsf,_refln.wavelength_id - skipping.
Converted structure factors saved to 2xeg.mtz
local_archive None
archive PDB None
Reading from local mirror:
  /net/cci/pdb_mirror/pdb/xe/pdb2xeg.ent.gz
Model saved to /net/morse/raid1/scratch1/nigel/amber/hi_lo/xe/2xeg/2xeg.pdb
Sequence saved to /net/morse/raid1/scratch1/nigel/amber/hi_lo/xe/2xeg/2xeg.fa
Reading from local mirror:
  /net/cci/pdb_mirror/structure_factors/xe/r2xegsf.ent.gz
Structure factors saved to /net/morse/raid1/scratch1/nigel/amber/hi_lo/xe/2xeg/2xeg-sf.cif
Reading from local mirror:
  /net/cci/pdb_mirror/mmcif/xe/2xeg.cif.gz
Model saved to /net/morse/raid1/scratch1/nigel/amber/hi_lo/xe/2xeg/2xeg.cif
Can't determine output label for r2xegsf,_refln.crystal_id - skipping.
Can't determine output label for r2xegsf,_refln.scale_group_code - skipping.
Can't determine output label for r2xegsf,_refln.wavelength_id - skipping.
Converted structure factors saved to 2xeg.mtz

==================================================
Summary of pdb4amber for: 2xeg.pdb
===================================================
REDUCE returned non-zero exit status: See reduce_info.log for more details

----------Chains
The following (original) chains have been found:
A

---------- Alternate Locations (Original Residues!))

The following residues had alternate locations:
MET_4
PHE_36
ILE_42
SER_44
GLU_48
SER_53
SER_88
LEU_120
VAL_185
GLU_222
TYR_223
TYR_225
ARG_226
SER_237
MET_255
SER_347
THR_350
LEU_351
LEU_374
LEU_375
GLN_389
GLU_390
ARG_409
SER_418
MET_455
LYS_460
SER_500
MET_515
PHE_516
GLU_532
LEU_533
ASN_535
SER_536
ILE_537
LYS_556
SER_559
GLN_566
SER_572
LYS_591
SER_593
SER_600
ASN_601
PRO_602
ILE_603
VAL_604
LEU_605
ARG_606
MET_607
MET_608
ARG_632
SER_640
SER_661
LYS_673
not prmtop_filename /net/morse/scratch1/nigel/amber/hi_lo/xe/2xeg/4amber_2xeg.prmtop
not prmtop_filename /net/chevy/raid1/nigel/amber/hi_lo/xe/2xeg/4amber_2xeg.prmtop

	Running AmberPrep : 2xeg.pdb


==================================================
Running pdb4amber on 2xeg.pdb
==================================================
Traceback (most recent call last):
  File "run_tests_local.py", line 323, in <module>
    run(*tuple(args))
  File "run_tests_local.py", line 307, in run
    w2 = run_all_tests(code, force_amber_prep=force_amber_prep)
  File "run_tests_local.py", line 93, in run_all_tests
    "clean=on",
  File "/net/cci-filer2/raid1/xp/phenix/phenix-svn/modules/amber_adaptbx/command_line/AmberPrepClass.py", line 951, in run
    arg_conect=False,
  File "/net/cci-filer2/raid1/xp/phenix/phenix-svn/modules/amber/lib/python2.7/site-packages/pdb4amber/pdb4amber.py", line 522, in run
    gaplist = pdbfixer.find_gaps()
  File "/net/cci-filer2/raid1/xp/phenix/phenix-svn/modules/amber/lib/python2.7/site-packages/pdb4amber/pdb4amber.py", line 213, in find_gaps
    N_atom = parm.atoms[N_atoms[i + 1]]
IndexError: list index out of range
