HOST morse.lbl.gov
only_i 59
only_code None
force_amber_prep True
dry_run False
... 59 1pxt
/net/chevy/raid1/nigel/amber/hi_lo
/net/chevy/raid1/nigel/amber/hi_lo/px/1pxt
1pxt.pdb 4phenix_1pxt.pdb
1pxt.pdb 4phenix_1pxt.pdb
local_archive None
archive PDB None
Reading from local mirror:
  /net/cci/pdb_mirror/pdb/px/pdb1pxt.ent.gz
Model saved to /net/morse/raid1/scratch1/nigel/amber/hi_lo/px/1pxt/1pxt.pdb
Sequence saved to /net/morse/raid1/scratch1/nigel/amber/hi_lo/px/1pxt/1pxt.fa
Reading from local mirror:
  /net/cci/pdb_mirror/structure_factors/px/r1pxtsf.ent.gz
Structure factors saved to /net/morse/raid1/scratch1/nigel/amber/hi_lo/px/1pxt/1pxt-sf.cif
Reading from local mirror:
  /net/cci/pdb_mirror/mmcif/px/1pxt.cif.gz
Model saved to /net/morse/raid1/scratch1/nigel/amber/hi_lo/px/1pxt/1pxt.cif
Can't determine output label for r1pxtsf,_refln.crystal_id - skipping.
Can't determine output label for r1pxtsf,_refln.scale_group_code - skipping.
Can't determine output label for r1pxtsf,_refln.wavelength_id - skipping.
Converted structure factors saved to 1pxt.mtz
local_archive None
archive PDB None
Reading from local mirror:
  /net/cci/pdb_mirror/pdb/px/pdb1pxt.ent.gz
Model saved to /net/morse/raid1/scratch1/nigel/amber/hi_lo/px/1pxt/1pxt.pdb
Sequence saved to /net/morse/raid1/scratch1/nigel/amber/hi_lo/px/1pxt/1pxt.fa
Reading from local mirror:
  /net/cci/pdb_mirror/structure_factors/px/r1pxtsf.ent.gz
Structure factors saved to /net/morse/raid1/scratch1/nigel/amber/hi_lo/px/1pxt/1pxt-sf.cif
Reading from local mirror:
  /net/cci/pdb_mirror/mmcif/px/1pxt.cif.gz
Model saved to /net/morse/raid1/scratch1/nigel/amber/hi_lo/px/1pxt/1pxt.cif
Can't determine output label for r1pxtsf,_refln.crystal_id - skipping.
Can't determine output label for r1pxtsf,_refln.scale_group_code - skipping.
Can't determine output label for r1pxtsf,_refln.wavelength_id - skipping.
Converted structure factors saved to 1pxt.mtz

==================================================
Summary of pdb4amber for: 1pxt.pdb
===================================================
REDUCE returned non-zero exit status: See reduce_info.log for more details

----------Chains
The following (original) chains have been found:
A
B

---------- Alternate Locations (Original Residues!))

The following residues had alternate locations:
None

---------- Gaps (Renumbered Residues!)
gap of 17.962708 A between ASN 134 and GLN 135
gap of 12.204495 A between ASN 153 and ARG 154
gap of 16.009737 A between PRO 200 and GLN 201
gap of 18.497828 A between ASN 477 and LYS 478
gap of 7.060873 A between LEU 486 and MET 487
gap of 11.656533 A between ASN 493 and ARG 494
gap of 14.035298 A between LEU 547 and SER 548

---------- Mising heavy atom(s)

ASN_134 misses 1 heavy atom(s)
ASN_153 misses 1 heavy atom(s)
PRO_200 misses 1 heavy atom(s)
ASN_477 misses 1 heavy atom(s)
LEU_486 misses 1 heavy atom(s)
ASN_493 misses 1 heavy atom(s)
LEU_547 misses 1 heavy atom(s)

==================================================
Summary of pdb4amber for: 1pxt_4tleap_uc1.pdb
===================================================

----------Chains
The following (original) chains have been found:
A
B

---------- Alternate Locations (Original Residues!))

The following residues had alternate locations:
None

---------- Gaps (Renumbered Residues!)
gap of 17.962708 A between ASN 134 and GLN 135
gap of 12.204495 A between ASN 153 and ARG 154
gap of 16.009737 A between PRO 200 and GLN 201
gap of 18.497828 A between ASN 477 and LYS 478
gap of 7.060873 A between LEU 486 and MET 487
gap of 11.656533 A between ASN 493 and ARG 494
gap of 14.035298 A between LEU 547 and SER 548
gap of 17.962708 A between ASN 825 and GLN 826
gap of 12.204495 A between ASN 844 and ARG 845
gap of 16.009737 A between PRO 891 and GLN 892
gap of 18.497828 A between ASN 1168 and LYS 1169
gap of 7.060873 A between LEU 1177 and MET 1178
gap of 11.656533 A between ASN 1184 and ARG 1185
gap of 14.035298 A between LEU 1238 and SER 1239
gap of 17.962708 A between ASN 1516 and GLN 1517
gap of 12.204495 A between ASN 1535 and ARG 1536
gap of 16.009737 A between PRO 1582 and GLN 1583
gap of 18.497828 A between ASN 1859 and LYS 1860
gap of 7.060873 A between LEU 1868 and MET 1869
gap of 11.656533 A between ASN 1875 and ARG 1876
gap of 14.035298 A between LEU 1929 and SER 1930
gap of 17.962708 A between ASN 2207 and GLN 2208
gap of 12.204495 A between ASN 2226 and ARG 2227
gap of 16.009737 A between PRO 2273 and GLN 2274
gap of 18.497828 A between ASN 2550 and LYS 2551
gap of 7.060873 A between LEU 2559 and MET 2560
gap of 11.656533 A between ASN 2566 and ARG 2567
gap of 14.035298 A between LEU 2620 and SER 2621

---------- Mising heavy atom(s)

None
not prmtop_filename /net/morse/scratch1/nigel/amber/hi_lo/px/1pxt/4amber_1pxt.prmtop

	Running AmberPrep : 1pxt.pdb


==================================================
Running pdb4amber on 1pxt.pdb
==================================================

==================================================
Setting up library files for non-standard residues
==================================================

==================================================
Preparing asu files and 4phenix_1pxt.pdb
==================================================

~> tleap -f 1pxt_asu_tleap_input_run

Checking output filenames
  file : 1pxt_asu.prmtop
  file : 1pxt_asu.rst7

~> ChBox -c 1pxt_asu.rst7 -o 1pxt_asu.rst7 -X 71.78 -Y 93.72 -Z 120.45 -al 90.0 -bt 90.0 -gm 90.0 


============================================================
Preparing unit cell files: 4amber_1pxt.prmtop and 4amber_1pxt.rst7
============================================================

~> UnitCell -p 1pxt_4UnitCell.pdb -o 1pxt_4tleap_uc1.pdb


~> tleap -f 1pxt_uc_tleap_input_run

Checking output filenames
  file : 1pxt_uc.prmtop
  file : 1pxt_uc.rst7

~> ChBox -c 1pxt_uc.rst7 -o 1pxt_uc.rst7 -X 71.78 -Y 93.72 -Z 120.45 -al 90.0 -bt 90.0 -gm 90.0 


==================================================
Minimizing input coordinates.
==================================================

~> sander -O -i 1pxt_amber_all.in -p 4amber_1pxt.prmtop -c 4amber_1pxt.rst7 -o 1pxt.min.out            -ref 4amber_1pxt.rst7 -r 4amber_1pxt.min.rst7

checking special positions in 4phenix_1pxt.pdb

==================================================
Done.  Three new files have been made:
      4phenix_1pxt.pdb
      4amber_1pxt.prmtop
      4amber_1pxt.rst7
==================================================

Example

  phenix.refine 4phenix_1pxt.pdb use_amber=True \
    amber.topology_file_name=4amber_1pxt.prmtop \
    amber.coordinate_file_name=4amber_1pxt.rst7 \
    ....(other refinement keywords here).....



Substituting Amber PDB file for downloaded file
run_tests_local.py:222: UserWarning: os.system() is not safe: please use the subprocess module or libtbx.easy_run instead.
  os.system(cmd)

  Amber files
    PDB    : 1pxt.pdb
    MTZ    : 1pxt.mtz
    prmtop : 4amber_1pxt.prmtop
    rst7   : 4amber_1pxt.rst7
  
/net/morse/raid1/scratch1/nigel/amber/hi_lo/px/1pxt
return_files 1pxt
/net/chevy/raid1/nigel/amber/hi_lo
4amber_1pxt.pdb
4phenix_1pxt.pdb
cp 4phenix_1pxt.pdb /net/chevy/raid1/nigel/amber/hi_lo/px/1pxt
1pxt.pdb
cp 1pxt.pdb /net/chevy/raid1/nigel/amber/hi_lo/px/1pxt
4amber_1pxt.mtz
4phenix_1pxt.mtz
1pxt.mtz
cp 1pxt.mtz /net/chevy/raid1/nigel/amber/hi_lo/px/1pxt
4amber_1pxt.rst7
cp 4amber_1pxt.rst7 /net/chevy/raid1/nigel/amber/hi_lo/px/1pxt
4phenix_1pxt.rst7
1pxt.rst7
4amber_1pxt.prmtop
cp 4amber_1pxt.prmtop /net/chevy/raid1/nigel/amber/hi_lo/px/1pxt
4phenix_1pxt.prmtop
1pxt.prmtop
4amber_1pxt_refine_001.log
4phenix_1pxt_refine_001.log
1pxt_refine_001.log
4amber_1pxt_refine_002.log
4phenix_1pxt_refine_002.log
1pxt_refine_002.log
4amber_1pxt_refine_001.pdb
4phenix_1pxt_refine_001.pdb
1pxt_refine_001.pdb
4amber_1pxt_refine_002.pdb
4phenix_1pxt_refine_002.pdb
1pxt_refine_002.pdb
local_archive /net/chevy/raid1/nigel/amber/hi_lo
archive PDB /net/chevy/raid1/nigel/amber/hi_lo/px/1pxt/1pxt.pdb
/net/morse/raid1/scratch1/nigel/amber/hi_lo/px/1pxt
------------------------------
phenix.refine log filename ? > /net/chevy/raid1/nigel/amber/hi_lo/px/1pxt/1pxt_refine_001.log
------------------------------

	Already done (on chevy) 1pxt_refine_001
------------------------------
phenix.refine log filename ? > /net/chevy/raid1/nigel/amber/hi_lo/px/1pxt/1pxt_refine_002.log
------------------------------

	Already done (on chevy) 1pxt_refine_002
