HOST lewis.lbl.gov
only_i 345
only_code None
force_amber_prep True
dry_run False
... 345 2eaw
/net/chevy/raid1/nigel/amber/hi_lo
/net/chevy/raid1/nigel/amber/hi_lo/ea/2eaw
2eaw.pdb 4phenix_2eaw.pdb
2eaw.pdb 4phenix_2eaw.pdb
local_archive None
archive PDB None
Reading from local mirror:
  /net/cci/pdb_mirror/pdb/ea/pdb2eaw.ent.gz
Model saved to /net/lewis/raid1/scratch1/nigel/amber/hi_lo/ea/2eaw/2eaw.pdb
Traceback (most recent call last):
  File "/net/cci-filer2/raid1/xp/phenix/phenix-svn/build/../modules/cctbx_project/mmtbx/command_line/fetch_pdb.py", line 199, in <module>
    run2(sys.argv[1:])
  File "/net/cci-filer2/raid1/xp/phenix/phenix-svn/build/../modules/cctbx_project/mmtbx/command_line/fetch_pdb.py", line 155, in run2
    files.append(get_pdb(id, data_type_, mirror, log, format=data_format))
  File "/net/cci-filer2/raid1/xp/phenix/phenix-svn/modules/cctbx_project/iotbx/pdb/fetch.py", line 213, in get_pdb
    data = fetch(id, data_type, mirror=mirror, format=format, log=log)
  File "/net/cci-filer2/raid1/xp/phenix/phenix-svn/modules/cctbx_project/iotbx/pdb/fetch.py", line 150, in fetch
    data = libtbx.utils.urlopen(url)
  File "/net/cci-filer2/raid1/xp/phenix/phenix-svn/modules/cctbx_project/libtbx/utils.py", line 2069, in urlopen
    return urllib2.urlopen(*args, **kwds)
  File "/net/cci-filer2/raid1/xp/phenix/phenix-svn/base/lib/python2.7/urllib2.py", line 127, in urlopen
    return _opener.open(url, data, timeout)
  File "/net/cci-filer2/raid1/xp/phenix/phenix-svn/base/lib/python2.7/urllib2.py", line 404, in open
    response = self._open(req, data)
  File "/net/cci-filer2/raid1/xp/phenix/phenix-svn/base/lib/python2.7/urllib2.py", line 422, in _open
    '_open', req)
  File "/net/cci-filer2/raid1/xp/phenix/phenix-svn/base/lib/python2.7/urllib2.py", line 382, in _call_chain
    result = func(*args)
  File "/net/cci-filer2/raid1/xp/phenix/phenix-svn/base/lib/python2.7/urllib2.py", line 1214, in http_open
    return self.do_open(httplib.HTTPConnection, req)
  File "/net/cci-filer2/raid1/xp/phenix/phenix-svn/base/lib/python2.7/urllib2.py", line 1184, in do_open
    raise URLError(err)
urllib2.URLError: <urlopen error [Errno 110] Connection timed out>
local_archive None
archive PDB None
Reading from local mirror:
  /net/cci/pdb_mirror/pdb/ea/pdb2eaw.ent.gz
Model saved to /net/lewis/raid1/scratch1/nigel/amber/hi_lo/ea/2eaw/2eaw.pdb
Traceback (most recent call last):
  File "/net/cci-filer2/raid1/xp/phenix/phenix-svn/build/../modules/cctbx_project/mmtbx/command_line/fetch_pdb.py", line 199, in <module>
    run2(sys.argv[1:])
  File "/net/cci-filer2/raid1/xp/phenix/phenix-svn/build/../modules/cctbx_project/mmtbx/command_line/fetch_pdb.py", line 155, in run2
    files.append(get_pdb(id, data_type_, mirror, log, format=data_format))
  File "/net/cci-filer2/raid1/xp/phenix/phenix-svn/modules/cctbx_project/iotbx/pdb/fetch.py", line 213, in get_pdb
    data = fetch(id, data_type, mirror=mirror, format=format, log=log)
  File "/net/cci-filer2/raid1/xp/phenix/phenix-svn/modules/cctbx_project/iotbx/pdb/fetch.py", line 150, in fetch
    data = libtbx.utils.urlopen(url)
  File "/net/cci-filer2/raid1/xp/phenix/phenix-svn/modules/cctbx_project/libtbx/utils.py", line 2069, in urlopen
    return urllib2.urlopen(*args, **kwds)
  File "/net/cci-filer2/raid1/xp/phenix/phenix-svn/base/lib/python2.7/urllib2.py", line 127, in urlopen
    return _opener.open(url, data, timeout)
  File "/net/cci-filer2/raid1/xp/phenix/phenix-svn/base/lib/python2.7/urllib2.py", line 404, in open
    response = self._open(req, data)
  File "/net/cci-filer2/raid1/xp/phenix/phenix-svn/base/lib/python2.7/urllib2.py", line 422, in _open
    '_open', req)
  File "/net/cci-filer2/raid1/xp/phenix/phenix-svn/base/lib/python2.7/urllib2.py", line 382, in _call_chain
    result = func(*args)
  File "/net/cci-filer2/raid1/xp/phenix/phenix-svn/base/lib/python2.7/urllib2.py", line 1214, in http_open
    return self.do_open(httplib.HTTPConnection, req)
  File "/net/cci-filer2/raid1/xp/phenix/phenix-svn/base/lib/python2.7/urllib2.py", line 1184, in do_open
    raise URLError(err)
urllib2.URLError: <urlopen error [Errno 110] Connection timed out>

==================================================
Summary of pdb4amber for: 2eaw.pdb
===================================================

----------Chains
The following (original) chains have been found:
A
B

---------- Alternate Locations (Original Residues!))

The following residues had alternate locations:
None

---------- Mising heavy atom(s)

None

==================================================
Summary of pdb4amber for: 2eaw_4tleap_uc1.pdb
===================================================

----------Chains
The following (original) chains have been found:
A
B

---------- Alternate Locations (Original Residues!))

The following residues had alternate locations:
None

---------- Mising heavy atom(s)

None
not prmtop_filename /net/lewis/scratch1/nigel/amber/hi_lo/ea/2eaw/4amber_2eaw.prmtop

	Running AmberPrep : 2eaw.pdb


==================================================
Running pdb4amber on 2eaw.pdb
==================================================

==================================================
Setting up library files for non-standard residues
==================================================

  Residue "SO4" already in amber monomer library. Skipping elbow/antechamber
    run for this residue.
        

==================================================
Preparing asu files and 4phenix_2eaw.pdb
==================================================

~> tleap -f 2eaw_asu_tleap_input_run

Checking output filenames
  file : 2eaw_asu.prmtop
  file : 2eaw_asu.rst7

~> ChBox -c 2eaw_asu.rst7 -o 2eaw_asu.rst7 -X 67.571 -Y 59.37 -Z 69.863 -al 90.0 -bt 114.3 -gm 90.0 


============================================================
Preparing unit cell files: 4amber_2eaw.prmtop and 4amber_2eaw.rst7
============================================================

~> UnitCell -p 2eaw_4UnitCell.pdb -o 2eaw_4tleap_uc1.pdb


~> tleap -f 2eaw_uc_tleap_input_run

Checking output filenames
  file : 2eaw_uc.prmtop
  file : 2eaw_uc.rst7

~> ChBox -c 2eaw_uc.rst7 -o 2eaw_uc.rst7 -X 67.571 -Y 59.37 -Z 69.863 -al 90.0 -bt 114.3 -gm 90.0 


==================================================
Minimizing input coordinates.
==================================================

~> sander -O -i 2eaw_amber_all.in -p 4amber_2eaw.prmtop -c 4amber_2eaw.rst7 -o 2eaw.min.out            -ref 4amber_2eaw.rst7 -r 4amber_2eaw.min.rst7

checking special positions in 4phenix_2eaw.pdb

==================================================
Done.  Three new files have been made:
      4phenix_2eaw.pdb
      4amber_2eaw.prmtop
      4amber_2eaw.rst7
==================================================

Example

  phenix.refine 4phenix_2eaw.pdb use_amber=True \
    amber.topology_file_name=4amber_2eaw.prmtop \
    amber.coordinate_file_name=4amber_2eaw.rst7 \
    ....(other refinement keywords here).....



Substituting Amber PDB file for downloaded file
run_tests_local.py:222: UserWarning: os.system() is not safe: please use the subprocess module or libtbx.easy_run instead.
  os.system(cmd)

  Amber files
    PDB    : 2eaw.pdb
    MTZ    : 2eaw.mtz
    prmtop : 4amber_2eaw.prmtop
    rst7   : 4amber_2eaw.rst7
  
/net/lewis/raid1/scratch1/nigel/amber/hi_lo/ea/2eaw
return_files 2eaw
/net/chevy/raid1/nigel/amber/hi_lo
4amber_2eaw.pdb
4phenix_2eaw.pdb
cp 4phenix_2eaw.pdb /net/chevy/raid1/nigel/amber/hi_lo/ea/2eaw
2eaw.pdb
cp 2eaw.pdb /net/chevy/raid1/nigel/amber/hi_lo/ea/2eaw
4amber_2eaw.mtz
4phenix_2eaw.mtz
2eaw.mtz
cp 2eaw.mtz /net/chevy/raid1/nigel/amber/hi_lo/ea/2eaw
4amber_2eaw.rst7
cp 4amber_2eaw.rst7 /net/chevy/raid1/nigel/amber/hi_lo/ea/2eaw
4phenix_2eaw.rst7
2eaw.rst7
4amber_2eaw.prmtop
cp 4amber_2eaw.prmtop /net/chevy/raid1/nigel/amber/hi_lo/ea/2eaw
4phenix_2eaw.prmtop
2eaw.prmtop
4amber_2eaw_refine_001.log
4phenix_2eaw_refine_001.log
2eaw_refine_001.log
4amber_2eaw_refine_002.log
4phenix_2eaw_refine_002.log
2eaw_refine_002.log
4amber_2eaw_refine_001.pdb
4phenix_2eaw_refine_001.pdb
2eaw_refine_001.pdb
4amber_2eaw_refine_002.pdb
4phenix_2eaw_refine_002.pdb
2eaw_refine_002.pdb
local_archive /net/chevy/raid1/nigel/amber/hi_lo
archive PDB /net/chevy/raid1/nigel/amber/hi_lo/ea/2eaw/2eaw.pdb
/net/lewis/raid1/scratch1/nigel/amber/hi_lo/ea/2eaw
------------------------------
phenix.refine log filename ? > /net/chevy/raid1/nigel/amber/hi_lo/ea/2eaw/2eaw_refine_001.log
------------------------------

	Already done (on chevy) 2eaw_refine_001
------------------------------
phenix.refine log filename ? > /net/chevy/raid1/nigel/amber/hi_lo/ea/2eaw/2eaw_refine_002.log
------------------------------

	Already done (on chevy) 2eaw_refine_002
