HOST rebus.lbl.gov
only_i 37
only_code None
force_amber_prep True
dry_run False
... 37 1ue8
/net/chevy/raid1/nigel/amber/hi_lo
/net/chevy/raid1/nigel/amber/hi_lo/ue/1ue8
1ue8.pdb 4phenix_1ue8.pdb
local_archive None
archive PDB None
Reading from local mirror:
  /net/cci/pdb_mirror/pdb/ue/pdb1ue8.ent.gz
Model saved to /net/rebus/raid1/scratch1/nigel/amber/hi_lo/ue/1ue8/1ue8.pdb
Sequence saved to /net/rebus/raid1/scratch1/nigel/amber/hi_lo/ue/1ue8/1ue8.fa
Reading from local mirror:
  /net/cci/pdb_mirror/structure_factors/ue/r1ue8sf.ent.gz
Structure factors saved to /net/rebus/raid1/scratch1/nigel/amber/hi_lo/ue/1ue8/1ue8-sf.cif
Reading from local mirror:
  /net/cci/pdb_mirror/mmcif/ue/1ue8.cif.gz
Model saved to /net/rebus/raid1/scratch1/nigel/amber/hi_lo/ue/1ue8/1ue8.cif
Can't determine output label for r1ue8sf,_refln.crystal_id - skipping.
Can't determine output label for r1ue8sf,_refln.scale_group_code - skipping.
Can't determine output label for r1ue8sf,_refln.wavelength_id - skipping.
Converted structure factors saved to 1ue8.mtz
local_archive None
archive PDB None
Reading from local mirror:
  /net/cci/pdb_mirror/pdb/ue/pdb1ue8.ent.gz
Model saved to /net/rebus/raid1/scratch1/nigel/amber/hi_lo/ue/1ue8/1ue8.pdb
Sequence saved to /net/rebus/raid1/scratch1/nigel/amber/hi_lo/ue/1ue8/1ue8.fa
Reading from local mirror:
  /net/cci/pdb_mirror/structure_factors/ue/r1ue8sf.ent.gz
Structure factors saved to /net/rebus/raid1/scratch1/nigel/amber/hi_lo/ue/1ue8/1ue8-sf.cif
Reading from local mirror:
  /net/cci/pdb_mirror/mmcif/ue/1ue8.cif.gz
Model saved to /net/rebus/raid1/scratch1/nigel/amber/hi_lo/ue/1ue8/1ue8.cif
Can't determine output label for r1ue8sf,_refln.crystal_id - skipping.
Can't determine output label for r1ue8sf,_refln.scale_group_code - skipping.
Can't determine output label for r1ue8sf,_refln.wavelength_id - skipping.
Converted structure factors saved to 1ue8.mtz
not prmtop_filename /net/rebus/scratch1/nigel/amber/hi_lo/ue/1ue8/4amber_1ue8.prmtop
not prmtop_filename /net/chevy/raid1/nigel/amber/hi_lo/ue/1ue8/4amber_1ue8.prmtop

	Running AmberPrep : 1ue8.pdb


==================================================
Running pdb4amber on 1ue8.pdb
==================================================

==================================================
Setting up library files for non-standard residues
==================================================

==================================================
Running elbow/antechamber for HEM 
==================================================
	Difficulties in the ring structures may lead to problems later

   Residue has metal at the centre of a coordination sphere. Using input
   geometry to generate restraints. Hydrogens may not be added.
   

MoleculeClass :  C:34  N: 4  O: 4 Fe: 1 (CHEMICAL COMPONENTS format)
	73 atoms
	80 bonds
	144 angles
	218 dihedrals
	1 rings (groups, rings, atoms) 8 44
	0 chirals

~> antechamber -i 4antechamber_HEM.pdb -fi pdb -o HEM.mol2 -fo mol2       -nc -2 -m 1 -s 2 -pf y -c bcc -at gaff2 -ek "qm_theory='AM1', grms_tol=0.0005, scfconv=1.d-10, maxcyc=0, ndiis_attempts=700,"

(2) adjust atom valence penalty parameters in APS.DAT, and/or 
