HOST rebus.lbl.gov
only_i 18
only_code None
force_amber_prep True
dry_run False
... 18 1ze3
/net/chevy/raid1/nigel/amber/hi_lo
/net/chevy/raid1/nigel/amber/hi_lo/ze/1ze3
1ze3.pdb 4phenix_1ze3.pdb
1ze3.pdb 4phenix_1ze3.pdb
local_archive None
archive PDB None
Reading from local mirror:
  /net/cci/pdb_mirror/pdb/ze/pdb1ze3.ent.gz
Model saved to /net/rebus/raid1/scratch1/nigel/amber/hi_lo/ze/1ze3/1ze3.pdb
Sequence saved to /net/rebus/raid1/scratch1/nigel/amber/hi_lo/ze/1ze3/1ze3.fa
Reading from local mirror:
  /net/cci/pdb_mirror/structure_factors/ze/r1ze3sf.ent.gz
Structure factors saved to /net/rebus/raid1/scratch1/nigel/amber/hi_lo/ze/1ze3/1ze3-sf.cif
Reading from local mirror:
  /net/cci/pdb_mirror/mmcif/ze/1ze3.cif.gz
Model saved to /net/rebus/raid1/scratch1/nigel/amber/hi_lo/ze/1ze3/1ze3.cif
Can't determine output label for r1ze3sf,_refln.crystal_id - skipping.
Can't determine output label for r1ze3sf,_refln.scale_group_code - skipping.
Can't determine output label for r1ze3sf,_refln.wavelength_id - skipping.
Converted structure factors saved to 1ze3.mtz
local_archive None
archive PDB None
Reading from local mirror:
  /net/cci/pdb_mirror/pdb/ze/pdb1ze3.ent.gz
Model saved to /net/rebus/raid1/scratch1/nigel/amber/hi_lo/ze/1ze3/1ze3.pdb
Sequence saved to /net/rebus/raid1/scratch1/nigel/amber/hi_lo/ze/1ze3/1ze3.fa
Reading from local mirror:
  /net/cci/pdb_mirror/structure_factors/ze/r1ze3sf.ent.gz
Structure factors saved to /net/rebus/raid1/scratch1/nigel/amber/hi_lo/ze/1ze3/1ze3-sf.cif
Reading from local mirror:
  /net/cci/pdb_mirror/mmcif/ze/1ze3.cif.gz
Model saved to /net/rebus/raid1/scratch1/nigel/amber/hi_lo/ze/1ze3/1ze3.cif
Can't determine output label for r1ze3sf,_refln.crystal_id - skipping.
Can't determine output label for r1ze3sf,_refln.scale_group_code - skipping.
Can't determine output label for r1ze3sf,_refln.wavelength_id - skipping.
Converted structure factors saved to 1ze3.mtz
not prmtop_filename /net/rebus/scratch1/nigel/amber/hi_lo/ze/1ze3/4amber_1ze3.prmtop

	Running AmberPrep : 1ze3.pdb


==================================================
Running pdb4amber on 1ze3.pdb
==================================================

==================================================
Setting up library files for non-standard residues
==================================================

  Residue "EDO" already in amber monomer library. Skipping elbow/antechamber
    run for this residue.
        

==================================================
Preparing asu files and 4phenix_1ze3.pdb
==================================================

~> tleap -f 1ze3_asu_tleap_input_run

Checking output filenames
  file : 1ze3_asu.prmtop
  file : 1ze3_asu.rst7

~> ChBox -c 1ze3_asu.rst7 -o 1ze3_asu.rst7 -X 54.82 -Y 83.32 -Z 110.23 -al 90.0 -bt 90.0 -gm 90.0 


============================================================
Preparing unit cell files: 4amber_1ze3.prmtop and 4amber_1ze3.rst7
============================================================

~> UnitCell -p 1ze3_4UnitCell.pdb -o 1ze3_4tleap_uc1.pdb


~> tleap -f 1ze3_uc_tleap_input_run

Checking output filenames
  file : 1ze3_uc.prmtop
  file : 1ze3_uc.rst7

~> ChBox -c 1ze3_uc.rst7 -o 1ze3_uc.rst7 -X 54.82 -Y 83.32 -Z 110.23 -al 90.0 -bt 90.0 -gm 90.0 


==================================================
Minimizing input coordinates.
==================================================

~> sander -O -i 1ze3_amber_all.in -p 4amber_1ze3.prmtop -c 4amber_1ze3.rst7 -o 1ze3.min.out            -ref 4amber_1ze3.rst7 -r 4amber_1ze3.min.rst7

checking special positions in 4phenix_1ze3.pdb

==================================================
Done.  Three new files have been made:
      4phenix_1ze3.pdb
      4amber_1ze3.prmtop
      4amber_1ze3.rst7
==================================================

Example

  phenix.refine 4phenix_1ze3.pdb use_amber=True \
    amber.topology_file_name=4amber_1ze3.prmtop \
    amber.coordinate_file_name=4amber_1ze3.rst7 \
    ....(other refinement keywords here).....



Substituting Amber PDB file for downloaded file

  Amber files
    PDB    : 1ze3.pdb
    MTZ    : 1ze3.mtz
    prmtop : 4amber_1ze3.prmtop
    rst7   : 4amber_1ze3.rst7
  
/net/rebus/raid1/scratch1/nigel/amber/hi_lo/ze/1ze3
return_files 1ze3
/net/chevy/raid1/nigel/amber/hi_lo
4amber_1ze3.pdb
4phenix_1ze3.pdb
cp 4phenix_1ze3.pdb /net/chevy/raid1/nigel/amber/hi_lo/ze/1ze3
1ze3.pdb
cp 1ze3.pdb /net/chevy/raid1/nigel/amber/hi_lo/ze/1ze3
4amber_1ze3.mtz
4phenix_1ze3.mtz
1ze3.mtz
cp 1ze3.mtz /net/chevy/raid1/nigel/amber/hi_lo/ze/1ze3
4amber_1ze3.rst7
cp 4amber_1ze3.rst7 /net/chevy/raid1/nigel/amber/hi_lo/ze/1ze3
4phenix_1ze3.rst7
1ze3.rst7
4amber_1ze3.prmtop
cp 4amber_1ze3.prmtop /net/chevy/raid1/nigel/amber/hi_lo/ze/1ze3
4phenix_1ze3.prmtop
1ze3.prmtop
4amber_1ze3_refine_001.log
4phenix_1ze3_refine_001.log
1ze3_refine_001.log
4amber_1ze3_refine_002.log
4phenix_1ze3_refine_002.log
1ze3_refine_002.log
4amber_1ze3_refine_001.pdb
4phenix_1ze3_refine_001.pdb
1ze3_refine_001.pdb
4amber_1ze3_refine_002.pdb
4phenix_1ze3_refine_002.pdb
1ze3_refine_002.pdb
local_archive /net/chevy/raid1/nigel/amber/hi_lo
archive PDB /net/chevy/raid1/nigel/amber/hi_lo/ze/1ze3/1ze3.pdb
/net/rebus/raid1/scratch1/nigel/amber/hi_lo/ze/1ze3
------------------------------
phenix.refine log filename ? > /net/chevy/raid1/nigel/amber/hi_lo/ze/1ze3/1ze3_refine_001.log
------------------------------

	Already done (on chevy) 1ze3_refine_001
------------------------------
phenix.refine log filename ? > /net/chevy/raid1/nigel/amber/hi_lo/ze/1ze3/1ze3_refine_002.log
------------------------------

	Already done (on chevy) 1ze3_refine_002
