HOST lewis.lbl.gov
only_i 182
only_code None
force_amber_prep True
dry_run False
... 182 2vap
/net/chevy/raid1/nigel/amber/hi_lo
/net/chevy/raid1/nigel/amber/hi_lo/va/2vap
2vap.pdb 4phenix_2vap.pdb
2vap.pdb 4phenix_2vap.pdb
local_archive None
archive PDB None
Reading from local mirror:
  /net/cci/pdb_mirror/pdb/va/pdb2vap.ent.gz
Model saved to /net/lewis/raid1/scratch1/nigel/amber/hi_lo/va/2vap/2vap.pdb
Traceback (most recent call last):
  File "/net/cci-filer2/raid1/xp/phenix/phenix-svn/build/../modules/cctbx_project/mmtbx/command_line/fetch_pdb.py", line 199, in <module>
    run2(sys.argv[1:])
  File "/net/cci-filer2/raid1/xp/phenix/phenix-svn/build/../modules/cctbx_project/mmtbx/command_line/fetch_pdb.py", line 155, in run2
    files.append(get_pdb(id, data_type_, mirror, log, format=data_format))
  File "/net/cci-filer2/raid1/xp/phenix/phenix-svn/modules/cctbx_project/iotbx/pdb/fetch.py", line 213, in get_pdb
    data = fetch(id, data_type, mirror=mirror, format=format, log=log)
  File "/net/cci-filer2/raid1/xp/phenix/phenix-svn/modules/cctbx_project/iotbx/pdb/fetch.py", line 150, in fetch
    data = libtbx.utils.urlopen(url)
  File "/net/cci-filer2/raid1/xp/phenix/phenix-svn/modules/cctbx_project/libtbx/utils.py", line 2069, in urlopen
    return urllib2.urlopen(*args, **kwds)
  File "/net/cci-filer2/raid1/xp/phenix/phenix-svn/base/lib/python2.7/urllib2.py", line 127, in urlopen
    return _opener.open(url, data, timeout)
  File "/net/cci-filer2/raid1/xp/phenix/phenix-svn/base/lib/python2.7/urllib2.py", line 404, in open
    response = self._open(req, data)
  File "/net/cci-filer2/raid1/xp/phenix/phenix-svn/base/lib/python2.7/urllib2.py", line 422, in _open
    '_open', req)
  File "/net/cci-filer2/raid1/xp/phenix/phenix-svn/base/lib/python2.7/urllib2.py", line 382, in _call_chain
    result = func(*args)
  File "/net/cci-filer2/raid1/xp/phenix/phenix-svn/base/lib/python2.7/urllib2.py", line 1214, in http_open
    return self.do_open(httplib.HTTPConnection, req)
  File "/net/cci-filer2/raid1/xp/phenix/phenix-svn/base/lib/python2.7/urllib2.py", line 1184, in do_open
    raise URLError(err)
urllib2.URLError: <urlopen error [Errno 110] Connection timed out>
local_archive None
archive PDB None
Reading from local mirror:
  /net/cci/pdb_mirror/pdb/va/pdb2vap.ent.gz
Model saved to /net/lewis/raid1/scratch1/nigel/amber/hi_lo/va/2vap/2vap.pdb
Traceback (most recent call last):
  File "/net/cci-filer2/raid1/xp/phenix/phenix-svn/build/../modules/cctbx_project/mmtbx/command_line/fetch_pdb.py", line 199, in <module>
    run2(sys.argv[1:])
  File "/net/cci-filer2/raid1/xp/phenix/phenix-svn/build/../modules/cctbx_project/mmtbx/command_line/fetch_pdb.py", line 155, in run2
    files.append(get_pdb(id, data_type_, mirror, log, format=data_format))
  File "/net/cci-filer2/raid1/xp/phenix/phenix-svn/modules/cctbx_project/iotbx/pdb/fetch.py", line 213, in get_pdb
    data = fetch(id, data_type, mirror=mirror, format=format, log=log)
  File "/net/cci-filer2/raid1/xp/phenix/phenix-svn/modules/cctbx_project/iotbx/pdb/fetch.py", line 150, in fetch
    data = libtbx.utils.urlopen(url)
  File "/net/cci-filer2/raid1/xp/phenix/phenix-svn/modules/cctbx_project/libtbx/utils.py", line 2069, in urlopen
    return urllib2.urlopen(*args, **kwds)
  File "/net/cci-filer2/raid1/xp/phenix/phenix-svn/base/lib/python2.7/urllib2.py", line 127, in urlopen
    return _opener.open(url, data, timeout)
  File "/net/cci-filer2/raid1/xp/phenix/phenix-svn/base/lib/python2.7/urllib2.py", line 404, in open
    response = self._open(req, data)
  File "/net/cci-filer2/raid1/xp/phenix/phenix-svn/base/lib/python2.7/urllib2.py", line 422, in _open
    '_open', req)
  File "/net/cci-filer2/raid1/xp/phenix/phenix-svn/base/lib/python2.7/urllib2.py", line 382, in _call_chain
    result = func(*args)
  File "/net/cci-filer2/raid1/xp/phenix/phenix-svn/base/lib/python2.7/urllib2.py", line 1214, in http_open
    return self.do_open(httplib.HTTPConnection, req)
  File "/net/cci-filer2/raid1/xp/phenix/phenix-svn/base/lib/python2.7/urllib2.py", line 1184, in do_open
    raise URLError(err)
urllib2.URLError: <urlopen error [Errno 110] Connection timed out>

==================================================
Summary of pdb4amber for: 2vap.pdb
===================================================

----------Chains
The following (original) chains have been found:
A

---------- Alternate Locations (Original Residues!))

The following residues had alternate locations:
None

---------- Mising heavy atom(s)

None
not prmtop_filename /net/lewis/scratch1/nigel/amber/hi_lo/va/2vap/4amber_2vap.prmtop

	Running AmberPrep : 2vap.pdb


==================================================
Running pdb4amber on 2vap.pdb
==================================================

==================================================
Setting up library files for non-standard residues
==================================================

==================================================
Running elbow/antechamber for GDP 
==================================================

==================================================
Summary of pdb4amber for: 2vap_4tleap_uc1.pdb
===================================================

----------Chains
The following (original) chains have been found:
A

---------- Alternate Locations (Original Residues!))

The following residues had alternate locations:
None

---------- Mising heavy atom(s)

None

MoleculeClass :  C:10  N: 5  O:11  P: 2 (CHEMICAL COMPONENTS format)
	40 atoms
	42 bonds
	73 angles
	102 dihedrals
	2 rings (groups, rings, atoms) 3 16
	4 chirals : R S R R 

~> antechamber -i 4antechamber_GDP.pdb -fi pdb -o GDP.mol2 -fo mol2       -nc -3 -m 1 -s 2 -pf y -c bcc -at gaff2 -ek "qm_theory='AM1',grms_tol=0.0005,scfconv=1.d-10,maxcyc=0,ndiis_attempts=700,"


~> parmchk2 -s 2 -i GDP.mol2 -f mol2 -o GDP.frcmod


==================================================
Preparing asu files and 4phenix_2vap.pdb
==================================================

~> tleap -f 2vap_asu_tleap_input_run

Checking output filenames
  file : 2vap_asu.prmtop
  file : 2vap_asu.rst7

~> ChBox -c 2vap_asu.rst7 -o 2vap_asu.rst7 -X 70.585 -Y 70.585 -Z 136.977 -al 90.0 -bt 90.0 -gm 120.0 


============================================================
Preparing unit cell files: 4amber_2vap.prmtop and 4amber_2vap.rst7
============================================================

~> UnitCell -p 2vap_4UnitCell.pdb -o 2vap_4tleap_uc1.pdb


~> tleap -f 2vap_uc_tleap_input_run

Checking output filenames
  file : 2vap_uc.prmtop
  file : 2vap_uc.rst7

~> ChBox -c 2vap_uc.rst7 -o 2vap_uc.rst7 -X 70.585 -Y 70.585 -Z 136.977 -al 90.0 -bt 90.0 -gm 120.0 


==================================================
Minimizing input coordinates.
==================================================

~> sander -O -i 2vap_amber_all.in -p 4amber_2vap.prmtop -c 4amber_2vap.rst7 -o 2vap.min.out            -ref 4amber_2vap.rst7 -r 4amber_2vap.min.rst7

checking special positions in 4phenix_2vap.pdb

==================================================
Done.  Three new files have been made:
      4phenix_2vap.pdb
      4amber_2vap.prmtop
      4amber_2vap.rst7
==================================================

Example

  phenix.refine 4phenix_2vap.pdb use_amber=True \
    amber.topology_file_name=4amber_2vap.prmtop \
    amber.coordinate_file_name=4amber_2vap.rst7 \
    ....(other refinement keywords here).....



Substituting Amber PDB file for downloaded file
run_tests_local.py:222: UserWarning: os.system() is not safe: please use the subprocess module or libtbx.easy_run instead.
  os.system(cmd)

  Amber files
    PDB    : 2vap.pdb
    MTZ    : 2vap.mtz
    prmtop : 4amber_2vap.prmtop
    rst7   : 4amber_2vap.rst7
  
/net/lewis/raid1/scratch1/nigel/amber/hi_lo/va/2vap
return_files 2vap
/net/chevy/raid1/nigel/amber/hi_lo
4amber_2vap.pdb
4phenix_2vap.pdb
cp 4phenix_2vap.pdb /net/chevy/raid1/nigel/amber/hi_lo/va/2vap
2vap.pdb
cp 2vap.pdb /net/chevy/raid1/nigel/amber/hi_lo/va/2vap
4amber_2vap.mtz
4phenix_2vap.mtz
2vap.mtz
cp 2vap.mtz /net/chevy/raid1/nigel/amber/hi_lo/va/2vap
4amber_2vap.rst7
cp 4amber_2vap.rst7 /net/chevy/raid1/nigel/amber/hi_lo/va/2vap
4phenix_2vap.rst7
2vap.rst7
4amber_2vap.prmtop
cp 4amber_2vap.prmtop /net/chevy/raid1/nigel/amber/hi_lo/va/2vap
4phenix_2vap.prmtop
2vap.prmtop
4amber_2vap_refine_001.log
4phenix_2vap_refine_001.log
2vap_refine_001.log
4amber_2vap_refine_002.log
4phenix_2vap_refine_002.log
2vap_refine_002.log
4amber_2vap_refine_001.pdb
4phenix_2vap_refine_001.pdb
2vap_refine_001.pdb
4amber_2vap_refine_002.pdb
4phenix_2vap_refine_002.pdb
2vap_refine_002.pdb
local_archive /net/chevy/raid1/nigel/amber/hi_lo
archive PDB /net/chevy/raid1/nigel/amber/hi_lo/va/2vap/2vap.pdb
/net/lewis/raid1/scratch1/nigel/amber/hi_lo/va/2vap
------------------------------
phenix.refine log filename ? > /net/chevy/raid1/nigel/amber/hi_lo/va/2vap/2vap_refine_001.log
------------------------------

	Already done (on chevy) 2vap_refine_001
------------------------------
phenix.refine log filename ? > /net/chevy/raid1/nigel/amber/hi_lo/va/2vap/2vap_refine_002.log
------------------------------

	Already done (on chevy) 2vap_refine_002
