HOST morse.lbl.gov
only_i 369
only_code None
force_amber_prep True
dry_run False
... 369 1jqj
/net/chevy/raid1/nigel/amber/hi_lo
/net/chevy/raid1/nigel/amber/hi_lo/jq/1jqj
1jqj.pdb 4phenix_1jqj.pdb
1jqj.pdb 4phenix_1jqj.pdb
local_archive None
archive PDB None
Reading from local mirror:
  /net/cci/pdb_mirror/pdb/jq/pdb1jqj.ent.gz
Model saved to /net/morse/raid1/scratch1/nigel/amber/hi_lo/jq/1jqj/1jqj.pdb
Sequence saved to /net/morse/raid1/scratch1/nigel/amber/hi_lo/jq/1jqj/1jqj.fa
Reading from local mirror:
  /net/cci/pdb_mirror/structure_factors/jq/r1jqjsf.ent.gz
Structure factors saved to /net/morse/raid1/scratch1/nigel/amber/hi_lo/jq/1jqj/1jqj-sf.cif
Reading from local mirror:
  /net/cci/pdb_mirror/mmcif/jq/1jqj.cif.gz
Model saved to /net/morse/raid1/scratch1/nigel/amber/hi_lo/jq/1jqj/1jqj.cif
Can't determine output label for r1jqjsf,_refln.crystal_id - skipping.
Can't determine output label for r1jqjsf,_refln.scale_group_code - skipping.
Can't determine output label for r1jqjsf,_refln.wavelength_id - skipping.
Converted structure factors saved to 1jqj.mtz
local_archive None
archive PDB None
Reading from local mirror:
  /net/cci/pdb_mirror/pdb/jq/pdb1jqj.ent.gz
Model saved to /net/morse/raid1/scratch1/nigel/amber/hi_lo/jq/1jqj/1jqj.pdb
Sequence saved to /net/morse/raid1/scratch1/nigel/amber/hi_lo/jq/1jqj/1jqj.fa
Reading from local mirror:
  /net/cci/pdb_mirror/structure_factors/jq/r1jqjsf.ent.gz
Structure factors saved to /net/morse/raid1/scratch1/nigel/amber/hi_lo/jq/1jqj/1jqj-sf.cif
Reading from local mirror:
  /net/cci/pdb_mirror/mmcif/jq/1jqj.cif.gz
Model saved to /net/morse/raid1/scratch1/nigel/amber/hi_lo/jq/1jqj/1jqj.cif
Can't determine output label for r1jqjsf,_refln.crystal_id - skipping.
Can't determine output label for r1jqjsf,_refln.scale_group_code - skipping.
Can't determine output label for r1jqjsf,_refln.wavelength_id - skipping.
Converted structure factors saved to 1jqj.mtz

==================================================
Summary of pdb4amber for: 1jqj.pdb
===================================================
REDUCE returned non-zero exit status: See reduce_info.log for more details

----------Chains
The following (original) chains have been found:
A
B
C
D

---------- Alternate Locations (Original Residues!))

The following residues had alternate locations:
None

---------- Gaps (Renumbered Residues!)
gap of 4.042337 A between TRP 1011 and ARG 1012
gap of 9.086925 A between GLN 1048 and ALA 1049
gap of 11.858051 A between ALA 1269 and THR 1270
gap of 3.127525 A between TRP 1336 and ARG 1337
gap of 7.516508 A between GLN 1373 and ALA 1374

---------- Mising heavy atom(s)

None

==================================================
Summary of pdb4amber for: 1jqj_4tleap_uc1.pdb
===================================================

----------Chains
The following (original) chains have been found:
A
B
C
D

---------- Alternate Locations (Original Residues!))

The following residues had alternate locations:
None

---------- Gaps (Renumbered Residues!)
gap of 4.042337 A between TRP 1011 and ARG 1012
gap of 9.086925 A between GLN 1048 and ALA 1049
gap of 11.858051 A between ALA 1269 and THR 1270
gap of 3.127525 A between TRP 1336 and ARG 1337
gap of 7.516508 A between GLN 1373 and ALA 1374
gap of 4.042337 A between TRP 2396 and ARG 2397
gap of 9.086925 A between GLN 2433 and ALA 2434
gap of 11.858051 A between ALA 2654 and THR 2655
gap of 3.127525 A between TRP 2721 and ARG 2722
gap of 7.516508 A between GLN 2758 and ALA 2759
gap of 4.042337 A between TRP 3781 and ARG 3782
gap of 9.086925 A between GLN 3818 and ALA 3819
gap of 11.857648 A between ALA 4039 and THR 4040
gap of 3.127525 A between TRP 4106 and ARG 4107
gap of 7.516508 A between GLN 4143 and ALA 4144
gap of 4.042337 A between TRP 5166 and ARG 5167
gap of 9.086925 A between GLN 5203 and ALA 5204
gap of 11.857648 A between ALA 5424 and THR 5425
gap of 3.127525 A between TRP 5491 and ARG 5492
gap of 7.516508 A between GLN 5528 and ALA 5529

---------- Mising heavy atom(s)

None
not prmtop_filename /net/morse/scratch1/nigel/amber/hi_lo/jq/1jqj/4amber_1jqj.prmtop

	Running AmberPrep : 1jqj.pdb


==================================================
Running pdb4amber on 1jqj.pdb
==================================================

==================================================
Setting up library files for non-standard residues
==================================================

==================================================
Preparing asu files and 4phenix_1jqj.pdb
==================================================

~> tleap -f 1jqj_asu_tleap_input_run

Checking output filenames
  file : 1jqj_asu.prmtop
  file : 1jqj_asu.rst7

~> ChBox -c 1jqj_asu.rst7 -o 1jqj_asu.rst7 -X 198.836 -Y 99.293 -Z 113.023 -al 90.0 -bt 119.17 -gm 90.0 


============================================================
Preparing unit cell files: 4amber_1jqj.prmtop and 4amber_1jqj.rst7
============================================================

~> UnitCell -p 1jqj_4UnitCell.pdb -o 1jqj_4tleap_uc1.pdb


~> tleap -f 1jqj_uc_tleap_input_run

Checking output filenames
  file : 1jqj_uc.prmtop
  file : 1jqj_uc.rst7

~> ChBox -c 1jqj_uc.rst7 -o 1jqj_uc.rst7 -X 198.836 -Y 99.293 -Z 113.023 -al 90.0 -bt 119.17 -gm 90.0 


==================================================
Minimizing input coordinates.
==================================================

~> sander -O -i 1jqj_amber_all.in -p 4amber_1jqj.prmtop -c 4amber_1jqj.rst7 -o 1jqj.min.out            -ref 4amber_1jqj.rst7 -r 4amber_1jqj.min.rst7

checking special positions in 4phenix_1jqj.pdb

==================================================
Done.  Three new files have been made:
      4phenix_1jqj.pdb
      4amber_1jqj.prmtop
      4amber_1jqj.rst7
==================================================

Example

  phenix.refine 4phenix_1jqj.pdb use_amber=True \
    amber.topology_file_name=4amber_1jqj.prmtop \
    amber.coordinate_file_name=4amber_1jqj.rst7 \
    ....(other refinement keywords here).....



Substituting Amber PDB file for downloaded file
run_tests_local.py:222: UserWarning: os.system() is not safe: please use the subprocess module or libtbx.easy_run instead.
  os.system(cmd)

  Amber files
    PDB    : 1jqj.pdb
    MTZ    : 1jqj.mtz
    prmtop : 4amber_1jqj.prmtop
    rst7   : 4amber_1jqj.rst7
  
/net/morse/raid1/scratch1/nigel/amber/hi_lo/jq/1jqj
return_files 1jqj
/net/chevy/raid1/nigel/amber/hi_lo
4amber_1jqj.pdb
4phenix_1jqj.pdb
cp 4phenix_1jqj.pdb /net/chevy/raid1/nigel/amber/hi_lo/jq/1jqj
1jqj.pdb
cp 1jqj.pdb /net/chevy/raid1/nigel/amber/hi_lo/jq/1jqj
4amber_1jqj.mtz
4phenix_1jqj.mtz
1jqj.mtz
cp 1jqj.mtz /net/chevy/raid1/nigel/amber/hi_lo/jq/1jqj
4amber_1jqj.rst7
cp 4amber_1jqj.rst7 /net/chevy/raid1/nigel/amber/hi_lo/jq/1jqj
4phenix_1jqj.rst7
1jqj.rst7
4amber_1jqj.prmtop
cp 4amber_1jqj.prmtop /net/chevy/raid1/nigel/amber/hi_lo/jq/1jqj
4phenix_1jqj.prmtop
1jqj.prmtop
4amber_1jqj_refine_001.log
4phenix_1jqj_refine_001.log
1jqj_refine_001.log
4amber_1jqj_refine_002.log
4phenix_1jqj_refine_002.log
1jqj_refine_002.log
4amber_1jqj_refine_001.pdb
4phenix_1jqj_refine_001.pdb
1jqj_refine_001.pdb
4amber_1jqj_refine_002.pdb
4phenix_1jqj_refine_002.pdb
1jqj_refine_002.pdb
local_archive /net/chevy/raid1/nigel/amber/hi_lo
archive PDB /net/chevy/raid1/nigel/amber/hi_lo/jq/1jqj/1jqj.pdb
/net/morse/raid1/scratch1/nigel/amber/hi_lo/jq/1jqj
------------------------------
phenix.refine log filename ? > /net/chevy/raid1/nigel/amber/hi_lo/jq/1jqj/1jqj_refine_001.log
------------------------------

	Already done (on chevy) 1jqj_refine_001
------------------------------
phenix.refine log filename ? > /net/chevy/raid1/nigel/amber/hi_lo/jq/1jqj/1jqj_refine_002.log
------------------------------

	Already done (on chevy) 1jqj_refine_002
