HOST rebus.lbl.gov
only_i 28
only_code None
force_amber_prep True
dry_run False
1 1z3z,A,2.900,1zod,A,1.800
2 1psi,A,2.920,3ndd,A,1.500
3 3bpo,A,3.000,3l5w,I,2.000
4 1e6j,P,3.000,3mge,A,1.900
5 1r46,A,3.250,3hg3,A,1.900
6 2j0g,A,2.850,2j1g,A,1.950
7 1nsk,L,2.800,3bbb,A,1.300
8 1t04,B,3.000,1t3f,B,2.000
9 1kiu,B,3.000,1ze3,H,1.840
10 1kv3,A,2.800,2q3z,A,2.000
11 1wqs,A,2.800,2iph,A,1.750
12 3gwp,A,2.900,3i16,A,2.000
13 1c0n,A,2.800,1kmj,A,2.000
14 2r8j,A,3.100,3oha,A,2.000
... 28 3oha
/net/chevy/raid1/nigel/amber/hi_lo
/net/chevy/raid1/nigel/amber/hi_lo/oh/3oha
3oha.pdb 4phenix_3oha.pdb
local_archive None
archive PDB None
Reading from local mirror:
  /net/cci/pdb_mirror/pdb/oh/pdb3oha.ent.gz
Model saved to /net/rebus/raid1/scratch1/nigel/amber/hi_lo/oh/3oha/3oha.pdb
Sequence saved to /net/rebus/raid1/scratch1/nigel/amber/hi_lo/oh/3oha/3oha.fa
Reading from local mirror:
  /net/cci/pdb_mirror/structure_factors/oh/r3ohasf.ent.gz
Structure factors saved to /net/rebus/raid1/scratch1/nigel/amber/hi_lo/oh/3oha/3oha-sf.cif
Reading from local mirror:
  /net/cci/pdb_mirror/mmcif/oh/3oha.cif.gz
Model saved to /net/rebus/raid1/scratch1/nigel/amber/hi_lo/oh/3oha/3oha.cif
Can't determine output label for r3ohasf,_refln.crystal_id - skipping.
Can't determine output label for r3ohasf,_refln.scale_group_code - skipping.
R-free-flags: fraction_free=0.051
R-free-flags: missing 13 reflections
Can't determine output label for r3ohasf,_refln.wavelength_id - skipping.
Can't determine output label for r3ohaAsf,_refln.crystal_id - skipping.
Can't determine output label for r3ohaAsf,_refln.scale_group_code - skipping.
Can't determine output label for r3ohaAsf,_refln.wavelength_id - skipping.
Converted structure factors saved to 3oha.mtz
local_archive None
archive PDB None
Reading from local mirror:
  /net/cci/pdb_mirror/pdb/oh/pdb3oha.ent.gz
Model saved to /net/rebus/raid1/scratch1/nigel/amber/hi_lo/oh/3oha/3oha.pdb
Sequence saved to /net/rebus/raid1/scratch1/nigel/amber/hi_lo/oh/3oha/3oha.fa
Reading from local mirror:
  /net/cci/pdb_mirror/structure_factors/oh/r3ohasf.ent.gz
Structure factors saved to /net/rebus/raid1/scratch1/nigel/amber/hi_lo/oh/3oha/3oha-sf.cif
Reading from local mirror:
  /net/cci/pdb_mirror/mmcif/oh/3oha.cif.gz
Model saved to /net/rebus/raid1/scratch1/nigel/amber/hi_lo/oh/3oha/3oha.cif
Can't determine output label for r3ohasf,_refln.crystal_id - skipping.
Can't determine output label for r3ohasf,_refln.scale_group_code - skipping.
R-free-flags: fraction_free=0.051
R-free-flags: missing 13 reflections
Can't determine output label for r3ohasf,_refln.wavelength_id - skipping.
Can't determine output label for r3ohaAsf,_refln.crystal_id - skipping.
Can't determine output label for r3ohaAsf,_refln.scale_group_code - skipping.
Can't determine output label for r3ohaAsf,_refln.wavelength_id - skipping.
Converted structure factors saved to 3oha.mtz

==================================================
Summary of pdb4amber for: 3oha.pdb
===================================================

----------Chains
The following (original) chains have been found:
A
P
T

---------- Alternate Locations (Original Residues!))

The following residues had alternate locations:
MET_5
SER_6
GLN_15
LEU_16
GLU_24
SER_25
ASN_90
LEU_91
ASP_110
GLY_111
ASN_202
TYR_203
SER_207
HIS_208
ASP_232
LEU_233
CYS_249
LYS_250
ASN_273
VAL_274
ASP_322
VAL_323
ASP_325
LEU_326
ASP_358
TYR_359
ASP_360
ARG_361
SER_418
TRP_419
SER_429
ARG_430
ASP_487
LEU_488
ASN_509
PHE_510

---------- Mising heavy atom(s)

LYS_21 misses 2 heavy atom(s)
LYS_51 misses 3 heavy atom(s)
GLN_117 misses 4 heavy atom(s)
LYS_215 misses 2 heavy atom(s)
LYS_355 misses 4 heavy atom(s)
ARG_361 misses 6 heavy atom(s)
LYS_397 misses 2 heavy atom(s)
ARG_406 misses 6 heavy atom(s)
LYS_408 misses 2 heavy atom(s)
LYS_483 misses 2 heavy atom(s)
LYS_491 misses 2 heavy atom(s)
LYS_493 misses 2 heavy atom(s)
LYS_495 misses 2 heavy atom(s)
GLN_516 misses 4 heavy atom(s)
The alternate coordinates have been discarded.
Only the first occurrence for each atom was kept.
not prmtop_filename /net/rebus/scratch1/nigel/amber/hi_lo/oh/3oha/4amber_3oha.prmtop
not prmtop_filename /net/chevy/raid1/nigel/amber/hi_lo/oh/3oha/4amber_3oha.prmtop

	Running AmberPrep : 3oha.pdb


==================================================
Running pdb4amber on 3oha.pdb
==================================================

==================================================
Setting up library files for non-standard residues
==================================================

==================================================
Running elbow/antechamber for DG 
==================================================
Traceback (most recent call last):
  File "run_tests_local.py", line 321, in <module>
    run(*tuple(args))
  File "run_tests_local.py", line 305, in run
    w2 = run_all_tests(code, force_amber_prep=force_amber_prep)
  File "run_tests_local.py", line 93, in run_all_tests
    "clean=on",
  File "/net/cci-filer2/raid1/xp/phenix/phenix-svn/modules/amber_adaptbx/command_line/AmberPrepClass.py", line 961, in run
    prefer_input_method=inputs.antechamber.prefer_input_method,
  File "/net/cci-filer2/raid1/xp/phenix/phenix-svn/modules/amber_adaptbx/command_line/AmberPrepClass.py", line 393, in process_ligands
    _run_elbow_antechamber(self.pdb_hierarchy, residue_name, debug=debug)
  File "/net/cci-filer2/raid1/xp/phenix/phenix-svn/modules/amber_adaptbx/command_line/AmberPrepClass.py", line 877, in _run_elbow_antechamber
    pdb_mol.Bondise(add_bond_order=False)
  File "/net/cci-filer2/raid1/xp/phenix/phenix-svn/modules/elbow/elbow/chemistry/BondTopologyMixins.py", line 161, in Bondise
    self.CheckBondise(keep_all_atoms=keep_all_atoms)
  File "/net/cci-filer2/raid1/xp/phenix/phenix-svn/modules/elbow/elbow/chemistry/BondTopologyMixins.py", line 871, in CheckBondise
    bonded = self._get_bonded_to_atom()
  File "/net/cci-filer2/raid1/xp/phenix/phenix-svn/modules/elbow/elbow/chemistry/BondTopologyMixins.py", line 786, in _get_bonded_to_atom
    bonded = [self[i].index]
IndexError: list index out of range
