HOST morse.lbl.gov
only_i 320
only_code None
force_amber_prep True
dry_run False
... 320 3gug
/net/chevy/raid1/nigel/amber/hi_lo
/net/chevy/raid1/nigel/amber/hi_lo/gu/3gug
3gug.pdb 4phenix_3gug.pdb
local_archive None
archive PDB None
Reading from local mirror:
  /net/cci/pdb_mirror/pdb/gu/pdb3gug.ent.gz
Model saved to /net/morse/raid1/scratch1/nigel/amber/hi_lo/gu/3gug/3gug.pdb
Sequence saved to /net/morse/raid1/scratch1/nigel/amber/hi_lo/gu/3gug/3gug.fa
Reading from local mirror:
  /net/cci/pdb_mirror/structure_factors/gu/r3gugsf.ent.gz
Structure factors saved to /net/morse/raid1/scratch1/nigel/amber/hi_lo/gu/3gug/3gug-sf.cif
Reading from local mirror:
  /net/cci/pdb_mirror/mmcif/gu/3gug.cif.gz
Model saved to /net/morse/raid1/scratch1/nigel/amber/hi_lo/gu/3gug/3gug.cif
Can't determine output label for r3gugsf,_refln.crystal_id - skipping.
Can't determine output label for r3gugsf,_refln.scale_group_code - skipping.
R-free-flags: fraction_free=0.051
R-free-flags: missing 1342 reflections
Can't determine output label for r3gugsf,_refln.wavelength_id - skipping.
Converted structure factors saved to 3gug.mtz
local_archive None
archive PDB None
Reading from local mirror:
  /net/cci/pdb_mirror/pdb/gu/pdb3gug.ent.gz
Model saved to /net/morse/raid1/scratch1/nigel/amber/hi_lo/gu/3gug/3gug.pdb
Sequence saved to /net/morse/raid1/scratch1/nigel/amber/hi_lo/gu/3gug/3gug.fa
Reading from local mirror:
  /net/cci/pdb_mirror/structure_factors/gu/r3gugsf.ent.gz
Structure factors saved to /net/morse/raid1/scratch1/nigel/amber/hi_lo/gu/3gug/3gug-sf.cif
Reading from local mirror:
  /net/cci/pdb_mirror/mmcif/gu/3gug.cif.gz
Model saved to /net/morse/raid1/scratch1/nigel/amber/hi_lo/gu/3gug/3gug.cif
Can't determine output label for r3gugsf,_refln.crystal_id - skipping.
Can't determine output label for r3gugsf,_refln.scale_group_code - skipping.
R-free-flags: fraction_free=0.051
R-free-flags: missing 1342 reflections
Can't determine output label for r3gugsf,_refln.wavelength_id - skipping.
Converted structure factors saved to 3gug.mtz

==================================================
Summary of pdb4amber for: 3gug.pdb
===================================================

----------Chains
The following (original) chains have been found:
A

---------- Alternate Locations (Original Residues!))

The following residues had alternate locations:
CYS_2
ILE_44
CYS_237

---------- Mising heavy atom(s)

None
The alternate coordinates have been discarded.
Only the first occurrence for each atom was kept.
not prmtop_filename /net/morse/scratch1/nigel/amber/hi_lo/gu/3gug/4amber_3gug.prmtop
not prmtop_filename /net/chevy/raid1/nigel/amber/hi_lo/gu/3gug/4amber_3gug.prmtop

	Running AmberPrep : 3gug.pdb


==================================================
Running pdb4amber on 3gug.pdb
==================================================

==================================================
Setting up library files for non-standard residues
==================================================

==================================================
Running elbow/antechamber for NAP 
==================================================

MoleculeClass :  C:21  N: 7  O:17  P: 3 (CHEMICAL COMPONENTS format)
	73 atoms
	77 bonds
	135 angles
	193 dihedrals
	4 rings (groups, rings, atoms) 5 27
	8 chirals : R R R R R S R R 

~> antechamber -i 4antechamber_NAP.pdb -fi pdb -o NAP.mol2 -fo mol2       -nc -3 -m 1 -s 2 -pf y -c bcc -at gaff2 -ek "qm_theory='AM1',grms_tol=0.0005,scfconv=1.d-10,maxcyc=0,ndiis_attempts=700,"

Sorry: Error: cannot run "/net/cci-filer2/raid1/xp/phenix/phenix-svn/modules/amber/bin/sqm -O -i sqm.in -o sqm.out" of bcc() in charge.c properly, exit
