HOST rebus.lbl.gov
only_i 18
only_code None
force_amber_prep True
dry_run False
1 1z3z,A,2.900,1zod,A,1.800
2 1psi,A,2.920,3ndd,A,1.500
3 3bpo,A,3.000,3l5w,I,2.000
4 1e6j,P,3.000,3mge,A,1.900
5 1r46,A,3.250,3hg3,A,1.900
6 2j0g,A,2.850,2j1g,A,1.950
7 1nsk,L,2.800,3bbb,A,1.300
8 1t04,B,3.000,1t3f,B,2.000
9 1kiu,B,3.000,1ze3,H,1.840
... 18 1ze3
/net/chevy/raid1/nigel/amber/hi_lo
/net/chevy/raid1/nigel/amber/hi_lo/ze/1ze3
1ze3.pdb 4phenix_1ze3.pdb
1ze3.pdb 4phenix_1ze3.pdb
local_archive None
archive PDB None
Reading from local mirror:
  /net/cci/pdb_mirror/pdb/ze/pdb1ze3.ent.gz
Model saved to /net/rebus/raid1/scratch1/nigel/amber/hi_lo/ze/1ze3/1ze3.pdb
Sequence saved to /net/rebus/raid1/scratch1/nigel/amber/hi_lo/ze/1ze3/1ze3.fa
Reading from local mirror:
  /net/cci/pdb_mirror/structure_factors/ze/r1ze3sf.ent.gz
Structure factors saved to /net/rebus/raid1/scratch1/nigel/amber/hi_lo/ze/1ze3/1ze3-sf.cif
Reading from local mirror:
  /net/cci/pdb_mirror/mmcif/ze/1ze3.cif.gz
Model saved to /net/rebus/raid1/scratch1/nigel/amber/hi_lo/ze/1ze3/1ze3.cif
Can't determine output label for r1ze3sf,_refln.crystal_id - skipping.
Can't determine output label for r1ze3sf,_refln.scale_group_code - skipping.
Can't determine output label for r1ze3sf,_refln.wavelength_id - skipping.
Converted structure factors saved to 1ze3.mtz
local_archive None
archive PDB None
Reading from local mirror:
  /net/cci/pdb_mirror/pdb/ze/pdb1ze3.ent.gz
Model saved to /net/rebus/raid1/scratch1/nigel/amber/hi_lo/ze/1ze3/1ze3.pdb
Sequence saved to /net/rebus/raid1/scratch1/nigel/amber/hi_lo/ze/1ze3/1ze3.fa
Reading from local mirror:
  /net/cci/pdb_mirror/structure_factors/ze/r1ze3sf.ent.gz
Structure factors saved to /net/rebus/raid1/scratch1/nigel/amber/hi_lo/ze/1ze3/1ze3-sf.cif
Reading from local mirror:
  /net/cci/pdb_mirror/mmcif/ze/1ze3.cif.gz
Model saved to /net/rebus/raid1/scratch1/nigel/amber/hi_lo/ze/1ze3/1ze3.cif
Can't determine output label for r1ze3sf,_refln.crystal_id - skipping.
Can't determine output label for r1ze3sf,_refln.scale_group_code - skipping.
Can't determine output label for r1ze3sf,_refln.wavelength_id - skipping.
Converted structure factors saved to 1ze3.mtz

==================================================
Summary of pdb4amber for: 1ze3.pdb
===================================================
REDUCE returned non-zero exit status: See reduce_info.log for more details

----------Chains
The following (original) chains have been found:
C
D
H

---------- Alternate Locations (Original Residues!))

The following residues had alternate locations:
MET_170
SER_173
ARG_352
GLN_427
ARG_428
THR_432
HOH_669
HOH_961

---------- Gaps (Renumbered Residues!)
gap of 11.125585 A between LEU 336 and LEU 337

---------- Mising heavy atom(s)

None
The alternate coordinates have been discarded.
Only the first occurrence for each atom was kept.

==================================================
Summary of pdb4amber for: 1ze3_4tleap_uc1.pdb
===================================================

----------Chains
The following (original) chains have been found:
C
D
H

---------- Alternate Locations (Original Residues!))

The following residues had alternate locations:
None

---------- Gaps (Renumbered Residues!)
gap of 11.125585 A between LEU 336 and LEU 337
gap of 11.125585 A between LEU 1299 and LEU 1300
gap of 11.125585 A between LEU 2262 and LEU 2263
gap of 11.125585 A between LEU 3225 and LEU 3226

---------- Mising heavy atom(s)

None
not prmtop_filename /net/rebus/scratch1/nigel/amber/hi_lo/ze/1ze3/4amber_1ze3.prmtop

	Running AmberPrep : 1ze3.pdb


==================================================
Running pdb4amber on 1ze3.pdb
==================================================

==================================================
Setting up library files for non-standard residues
==================================================

  Residue "EDO" already in amber monomer library. Skipping elbow/antechamber
    run for this residue.
        

==================================================
Preparing asu files and 4phenix_1ze3.pdb
==================================================

~> tleap -f 1ze3_asu_tleap_input_run

Checking output filenames
  file : 1ze3_asu.prmtop
  file : 1ze3_asu.rst7

~> ChBox -c 1ze3_asu.rst7 -o 1ze3_asu.rst7 -X 54.82 -Y 83.32 -Z 110.23 -al 90.0 -bt 90.0 -gm 90.0 


============================================================
Preparing unit cell files: 4amber_1ze3.prmtop and 4amber_1ze3.rst7
============================================================

~> UnitCell -p 1ze3_4UnitCell.pdb -o 1ze3_4tleap_uc1.pdb


~> tleap -f 1ze3_uc_tleap_input_run

Checking output filenames
  file : 1ze3_uc.prmtop
  file : 1ze3_uc.rst7

~> ChBox -c 1ze3_uc.rst7 -o 1ze3_uc.rst7 -X 54.82 -Y 83.32 -Z 110.23 -al 90.0 -bt 90.0 -gm 90.0 


==================================================
Minimizing input coordinates.
==================================================

~> sander -O -i 1ze3_amber_all.in -p 4amber_1ze3.prmtop -c 4amber_1ze3.rst7 -o 1ze3.min.out            -ref 4amber_1ze3.rst7 -r 4amber_1ze3.min.rst7

checking special positions in 4phenix_1ze3.pdb

==================================================
Done.  Three new files have been made:
      4phenix_1ze3.pdb
      4amber_1ze3.prmtop
      4amber_1ze3.rst7
==================================================

Example

  phenix.refine 4phenix_1ze3.pdb use_amber=True \
    amber.topology_file_name=4amber_1ze3.prmtop \
    amber.coordinate_file_name=4amber_1ze3.rst7 \
    ....(other refinement keywords here).....



Substituting Amber PDB file for downloaded file
run_tests_local.py:220: UserWarning: os.system() is not safe: please use the subprocess module or libtbx.easy_run instead.
  os.system(cmd)

  Amber files
    PDB    : 1ze3.pdb
    MTZ    : 1ze3.mtz
    prmtop : 4amber_1ze3.prmtop
    rst7   : 4amber_1ze3.rst7
  
/net/rebus/raid1/scratch1/nigel/amber/hi_lo/ze/1ze3
return_files 1ze3
/net/chevy/raid1/nigel/amber/hi_lo
4amber_1ze3.pdb
4phenix_1ze3.pdb
cp 4phenix_1ze3.pdb /net/chevy/raid1/nigel/amber/hi_lo/ze/1ze3
1ze3.pdb
cp 1ze3.pdb /net/chevy/raid1/nigel/amber/hi_lo/ze/1ze3
4amber_1ze3.mtz
4phenix_1ze3.mtz
1ze3.mtz
cp 1ze3.mtz /net/chevy/raid1/nigel/amber/hi_lo/ze/1ze3
4amber_1ze3.rst7
cp 4amber_1ze3.rst7 /net/chevy/raid1/nigel/amber/hi_lo/ze/1ze3
4phenix_1ze3.rst7
1ze3.rst7
4amber_1ze3.prmtop
cp 4amber_1ze3.prmtop /net/chevy/raid1/nigel/amber/hi_lo/ze/1ze3
4phenix_1ze3.prmtop
1ze3.prmtop
4amber_1ze3_refine_001.log
4phenix_1ze3_refine_001.log
1ze3_refine_001.log
4amber_1ze3_refine_002.log
4phenix_1ze3_refine_002.log
1ze3_refine_002.log
4amber_1ze3_refine_001.pdb
4phenix_1ze3_refine_001.pdb
1ze3_refine_001.pdb
4amber_1ze3_refine_002.pdb
4phenix_1ze3_refine_002.pdb
1ze3_refine_002.pdb
local_archive /net/chevy/raid1/nigel/amber/hi_lo
archive PDB /net/chevy/raid1/nigel/amber/hi_lo/ze/1ze3/1ze3.pdb
/net/rebus/raid1/scratch1/nigel/amber/hi_lo/ze/1ze3
------------------------------
phenix.refine log filename ? > /net/chevy/raid1/nigel/amber/hi_lo/ze/1ze3/1ze3_refine_001.log
------------------------------
------------------------------
phenix.refine log filename ? > 1ze3_refine_001.log
------------------------------
Running phenix.refine

phenix.refine 1ze3.pdb 1ze3.mtz c_beta_restraints=False discard_psi_phi=False strategy="*individual_sites individual_sites_real_space rigid_body *individual_adp group_adp tls *occupancies group_anomalous" refinement.target_weights.optimize_xyz_weight=True refinement.main.number_of_macro_cycles=10 write_geo=False serial=1 cdl=True

------------------------------
phenix.refine log filename ? > /net/chevy/raid1/nigel/amber/hi_lo/ze/1ze3/1ze3_refine_002.log
------------------------------
------------------------------
phenix.refine log filename ? > 1ze3_refine_002.log
------------------------------
Running phenix.refine

phenix.refine 1ze3.pdb 1ze3.mtz c_beta_restraints=False discard_psi_phi=False strategy="*individual_sites individual_sites_real_space rigid_body *individual_adp group_adp tls *occupancies group_anomalous" topology_file_name=/net/chevy/raid1/nigel/amber/hi_lo/ze/1ze3/4amber_1ze3.prmtop amber.coordinate_file_name=/net/chevy/raid1/nigel/amber/hi_lo/ze/1ze3/4amber_1ze3.rst7 use_amber=True refinement.target_weights.optimize_xyz_weight=True refinement.main.number_of_macro_cycles=10 write_geo=False amber.wxc_factor=0.300000 serial=2

