HOST morse.lbl.gov
only_i 288
only_code None
force_amber_prep True
dry_run False
... 288 3iq3
/net/chevy/raid1/nigel/amber/hi_lo
/net/chevy/raid1/nigel/amber/hi_lo/iq/3iq3
3iq3.pdb 4phenix_3iq3.pdb
3iq3.pdb 4phenix_3iq3.pdb
local_archive None
archive PDB None
Reading from local mirror:
  /net/cci/pdb_mirror/pdb/iq/pdb3iq3.ent.gz
Model saved to /net/morse/raid1/scratch1/nigel/amber/hi_lo/iq/3iq3/3iq3.pdb
Sequence saved to /net/morse/raid1/scratch1/nigel/amber/hi_lo/iq/3iq3/3iq3.fa
Reading from local mirror:
  /net/cci/pdb_mirror/structure_factors/iq/r3iq3sf.ent.gz
Structure factors saved to /net/morse/raid1/scratch1/nigel/amber/hi_lo/iq/3iq3/3iq3-sf.cif
Reading from local mirror:
  /net/cci/pdb_mirror/mmcif/iq/3iq3.cif.gz
Model saved to /net/morse/raid1/scratch1/nigel/amber/hi_lo/iq/3iq3/3iq3.cif
Can't determine output label for r3iq3sf,_refln.crystal_id - skipping.
Can't determine output label for r3iq3sf,_refln.scale_group_code - skipping.
Can't determine output label for r3iq3sf,_refln.wavelength_id - skipping.
Converted structure factors saved to 3iq3.mtz
local_archive None
archive PDB None
Reading from local mirror:
  /net/cci/pdb_mirror/pdb/iq/pdb3iq3.ent.gz
Model saved to /net/morse/raid1/scratch1/nigel/amber/hi_lo/iq/3iq3/3iq3.pdb
Sequence saved to /net/morse/raid1/scratch1/nigel/amber/hi_lo/iq/3iq3/3iq3.fa
Reading from local mirror:
  /net/cci/pdb_mirror/structure_factors/iq/r3iq3sf.ent.gz
Structure factors saved to /net/morse/raid1/scratch1/nigel/amber/hi_lo/iq/3iq3/3iq3-sf.cif
Reading from local mirror:
  /net/cci/pdb_mirror/mmcif/iq/3iq3.cif.gz
Model saved to /net/morse/raid1/scratch1/nigel/amber/hi_lo/iq/3iq3/3iq3.cif
Can't determine output label for r3iq3sf,_refln.crystal_id - skipping.
Can't determine output label for r3iq3sf,_refln.scale_group_code - skipping.
Can't determine output label for r3iq3sf,_refln.wavelength_id - skipping.
Converted structure factors saved to 3iq3.mtz

==================================================
Summary of pdb4amber for: 3iq3.pdb
===================================================

----------Chains
The following (original) chains have been found:
A
B

---------- Alternate Locations (Original Residues!))

The following residues had alternate locations:
None

---------- Mising heavy atom(s)

None

==================================================
Summary of pdb4amber for: 3iq3_4tleap_uc1.pdb
===================================================

----------Chains
The following (original) chains have been found:
A
B

---------- Alternate Locations (Original Residues!))

The following residues had alternate locations:
None

---------- Mising heavy atom(s)

None
not prmtop_filename /net/morse/scratch1/nigel/amber/hi_lo/iq/3iq3/4amber_3iq3.prmtop

	Running AmberPrep : 3iq3.pdb


==================================================
Running pdb4amber on 3iq3.pdb
==================================================

==================================================
Setting up library files for non-standard residues
==================================================

  Residue "PE4" already in amber monomer library. Skipping elbow/antechamber
    run for this residue.
        

  Residue "SO4" already in amber monomer library. Skipping elbow/antechamber
    run for this residue.
        

==================================================
Preparing asu files and 4phenix_3iq3.pdb
==================================================

~> tleap -f 3iq3_asu_tleap_input_run

Checking output filenames
  file : 3iq3_asu.prmtop
  file : 3iq3_asu.rst7

~> ChBox -c 3iq3_asu.rst7 -o 3iq3_asu.rst7 -X 38.5 -Y 70.8 -Z 43.8 -al 90.0 -bt 102.2 -gm 90.0 


============================================================
Preparing unit cell files: 4amber_3iq3.prmtop and 4amber_3iq3.rst7
============================================================

~> UnitCell -p 3iq3_4UnitCell.pdb -o 3iq3_4tleap_uc1.pdb


~> tleap -f 3iq3_uc_tleap_input_run

Checking output filenames
  file : 3iq3_uc.prmtop
  file : 3iq3_uc.rst7

~> ChBox -c 3iq3_uc.rst7 -o 3iq3_uc.rst7 -X 38.5 -Y 70.8 -Z 43.8 -al 90.0 -bt 102.2 -gm 90.0 


==================================================
Minimizing input coordinates.
==================================================

~> sander -O -i 3iq3_amber_all.in -p 4amber_3iq3.prmtop -c 4amber_3iq3.rst7 -o 3iq3.min.out            -ref 4amber_3iq3.rst7 -r 4amber_3iq3.min.rst7

checking special positions in 4phenix_3iq3.pdb

==================================================
Done.  Three new files have been made:
      4phenix_3iq3.pdb
      4amber_3iq3.prmtop
      4amber_3iq3.rst7
==================================================

Example

  phenix.refine 4phenix_3iq3.pdb use_amber=True \
    amber.topology_file_name=4amber_3iq3.prmtop \
    amber.coordinate_file_name=4amber_3iq3.rst7 \
    ....(other refinement keywords here).....



Substituting Amber PDB file for downloaded file
run_tests_local.py:222: UserWarning: os.system() is not safe: please use the subprocess module or libtbx.easy_run instead.
  os.system(cmd)

  Amber files
    PDB    : 3iq3.pdb
    MTZ    : 3iq3.mtz
    prmtop : 4amber_3iq3.prmtop
    rst7   : 4amber_3iq3.rst7
  
/net/morse/raid1/scratch1/nigel/amber/hi_lo/iq/3iq3
return_files 3iq3
/net/chevy/raid1/nigel/amber/hi_lo
4amber_3iq3.pdb
4phenix_3iq3.pdb
cp 4phenix_3iq3.pdb /net/chevy/raid1/nigel/amber/hi_lo/iq/3iq3
3iq3.pdb
cp 3iq3.pdb /net/chevy/raid1/nigel/amber/hi_lo/iq/3iq3
4amber_3iq3.mtz
4phenix_3iq3.mtz
3iq3.mtz
cp 3iq3.mtz /net/chevy/raid1/nigel/amber/hi_lo/iq/3iq3
4amber_3iq3.rst7
cp 4amber_3iq3.rst7 /net/chevy/raid1/nigel/amber/hi_lo/iq/3iq3
4phenix_3iq3.rst7
3iq3.rst7
4amber_3iq3.prmtop
cp 4amber_3iq3.prmtop /net/chevy/raid1/nigel/amber/hi_lo/iq/3iq3
4phenix_3iq3.prmtop
3iq3.prmtop
4amber_3iq3_refine_001.log
4phenix_3iq3_refine_001.log
3iq3_refine_001.log
4amber_3iq3_refine_002.log
4phenix_3iq3_refine_002.log
3iq3_refine_002.log
4amber_3iq3_refine_001.pdb
4phenix_3iq3_refine_001.pdb
3iq3_refine_001.pdb
4amber_3iq3_refine_002.pdb
4phenix_3iq3_refine_002.pdb
3iq3_refine_002.pdb
local_archive /net/chevy/raid1/nigel/amber/hi_lo
archive PDB /net/chevy/raid1/nigel/amber/hi_lo/iq/3iq3/3iq3.pdb
/net/morse/raid1/scratch1/nigel/amber/hi_lo/iq/3iq3
------------------------------
phenix.refine log filename ? > /net/chevy/raid1/nigel/amber/hi_lo/iq/3iq3/3iq3_refine_001.log
------------------------------

	Already done (on chevy) 3iq3_refine_001
------------------------------
phenix.refine log filename ? > /net/chevy/raid1/nigel/amber/hi_lo/iq/3iq3/3iq3_refine_002.log
------------------------------

	Already done (on chevy) 3iq3_refine_002
