HOST rebus.lbl.gov
only_i 343
only_code None
force_amber_prep True
dry_run False
... 343 2d31
/net/chevy/raid1/nigel/amber/hi_lo
/net/chevy/raid1/nigel/amber/hi_lo/d3/2d31
2d31.pdb 4phenix_2d31.pdb
local_archive None
archive PDB None
Reading from local mirror:
  /net/cci/pdb_mirror/pdb/d3/pdb2d31.ent.gz
Model saved to /net/rebus/raid1/scratch1/nigel/amber/hi_lo/d3/2d31/2d31.pdb
Sequence saved to /net/rebus/raid1/scratch1/nigel/amber/hi_lo/d3/2d31/2d31.fa
Reading from local mirror:
  /net/cci/pdb_mirror/structure_factors/d3/r2d31sf.ent.gz
Structure factors saved to /net/rebus/raid1/scratch1/nigel/amber/hi_lo/d3/2d31/2d31-sf.cif
Reading from local mirror:
  /net/cci/pdb_mirror/mmcif/d3/2d31.cif.gz
Model saved to /net/rebus/raid1/scratch1/nigel/amber/hi_lo/d3/2d31/2d31.cif
Can't determine output label for r2d31sf,_refln.crystal_id - skipping.
Can't determine output label for r2d31sf,_refln.scale_group_code - skipping.
R-free-flags: fraction_free=0.073
R-free-flags: missing 2564 reflections
Can't determine output label for r2d31sf,_refln.wavelength_id - skipping.
Converted structure factors saved to 2d31.mtz
local_archive None
archive PDB None
Reading from local mirror:
  /net/cci/pdb_mirror/pdb/d3/pdb2d31.ent.gz
Model saved to /net/rebus/raid1/scratch1/nigel/amber/hi_lo/d3/2d31/2d31.pdb
Sequence saved to /net/rebus/raid1/scratch1/nigel/amber/hi_lo/d3/2d31/2d31.fa
Reading from local mirror:
  /net/cci/pdb_mirror/structure_factors/d3/r2d31sf.ent.gz
Structure factors saved to /net/rebus/raid1/scratch1/nigel/amber/hi_lo/d3/2d31/2d31-sf.cif
Reading from local mirror:
  /net/cci/pdb_mirror/mmcif/d3/2d31.cif.gz
Model saved to /net/rebus/raid1/scratch1/nigel/amber/hi_lo/d3/2d31/2d31.cif
Can't determine output label for r2d31sf,_refln.crystal_id - skipping.
Can't determine output label for r2d31sf,_refln.scale_group_code - skipping.
R-free-flags: fraction_free=0.073
R-free-flags: missing 2564 reflections
Can't determine output label for r2d31sf,_refln.wavelength_id - skipping.
Converted structure factors saved to 2d31.mtz
not prmtop_filename /net/rebus/scratch1/nigel/amber/hi_lo/d3/2d31/4amber_2d31.prmtop
not prmtop_filename /net/chevy/raid1/nigel/amber/hi_lo/d3/2d31/4amber_2d31.prmtop

	Running AmberPrep : 2d31.pdb


==================================================
Running pdb4amber on 2d31.pdb
==================================================

==================================================
Setting up library files for non-standard residues
==================================================

==================================================
Preparing asu files and 4phenix_2d31.pdb
==================================================

~> tleap -f 2d31_asu_tleap_input_run

Checking output filenames
  file : 2d31_asu.prmtop
  file : 2d31_asu.rst7

~> ChBox -c 2d31_asu.rst7 -o 2d31_asu.rst7 -X 94.641 -Y 127.807 -Z 72.58 -al 90.0 -bt 90.0 -gm 90.0 


============================================================
Preparing unit cell files: 4amber_2d31.prmtop and 4amber_2d31.rst7
============================================================

~> UnitCell -p 2d31_4UnitCell.pdb -o 2d31_4tleap_uc1.pdb


~> tleap -f 2d31_uc_tleap_input_run

Checking output filenames
  file : 2d31_uc.prmtop
  file : 2d31_uc.rst7

~> ChBox -c 2d31_uc.rst7 -o 2d31_uc.rst7 -X 94.641 -Y 127.807 -Z 72.58 -al 90.0 -bt 90.0 -gm 90.0 


==================================================
Minimizing input coordinates.
==================================================

~> sander -O -i 2d31_amber_all.in -p 4amber_2d31.prmtop -c 4amber_2d31.rst7 -o 2d31.min.out            -ref 4amber_2d31.rst7 -r 4amber_2d31.min.rst7

checking special positions in 4phenix_2d31.pdb

==================================================
Done.  Three new files have been made:
      4phenix_2d31.pdb
      4amber_2d31.prmtop
      4amber_2d31.rst7
==================================================

Example

  phenix.refine 4phenix_2d31.pdb use_amber=True \
    amber.topology_file_name=4amber_2d31.prmtop \
    amber.coordinate_file_name=4amber_2d31.rst7 \
    ....(other refinement keywords here).....



Substituting Amber PDB file for downloaded file

  Amber files
    PDB    : 2d31.pdb
    MTZ    : 2d31.mtz
    prmtop : 4amber_2d31.prmtop
    rst7   : 4amber_2d31.rst7
  
/net/rebus/raid1/scratch1/nigel/amber/hi_lo/d3/2d31
return_files 2d31
/net/chevy/raid1/nigel/amber/hi_lo
4amber_2d31.pdb
4phenix_2d31.pdb
cp 4phenix_2d31.pdb /net/chevy/raid1/nigel/amber/hi_lo/d3/2d31
2d31.pdb
cp 2d31.pdb /net/chevy/raid1/nigel/amber/hi_lo/d3/2d31
4amber_2d31.mtz
4phenix_2d31.mtz
2d31.mtz
cp 2d31.mtz /net/chevy/raid1/nigel/amber/hi_lo/d3/2d31
4amber_2d31.rst7
cp 4amber_2d31.rst7 /net/chevy/raid1/nigel/amber/hi_lo/d3/2d31
4phenix_2d31.rst7
2d31.rst7
4amber_2d31.prmtop
cp 4amber_2d31.prmtop /net/chevy/raid1/nigel/amber/hi_lo/d3/2d31
4phenix_2d31.prmtop
2d31.prmtop
4amber_2d31_refine_001.log
4phenix_2d31_refine_001.log
2d31_refine_001.log
4amber_2d31_refine_002.log
4phenix_2d31_refine_002.log
2d31_refine_002.log
4amber_2d31_refine_001.pdb
4phenix_2d31_refine_001.pdb
2d31_refine_001.pdb
4amber_2d31_refine_002.pdb
4phenix_2d31_refine_002.pdb
2d31_refine_002.pdb
local_archive /net/chevy/raid1/nigel/amber/hi_lo
archive PDB /net/chevy/raid1/nigel/amber/hi_lo/d3/2d31/2d31.pdb
/net/rebus/raid1/scratch1/nigel/amber/hi_lo/d3/2d31
------------------------------
phenix.refine log filename ? > /net/chevy/raid1/nigel/amber/hi_lo/d3/2d31/2d31_refine_001.log
------------------------------
------------------------------
phenix.refine log filename ? > 2d31_refine_001.log
------------------------------
Running phenix.refine

phenix.refine 2d31.pdb 2d31.mtz c_beta_restraints=False discard_psi_phi=False strategy="*individual_sites individual_sites_real_space rigid_body *individual_adp group_adp tls *occupancies group_anomalous" refinement.target_weights.optimize_xyz_weight=True refinement.main.number_of_macro_cycles=10 write_geo=False serial=1 cdl=True

------------------------------
phenix.refine log filename ? > /net/chevy/raid1/nigel/amber/hi_lo/d3/2d31/2d31_refine_002.log
------------------------------
------------------------------
phenix.refine log filename ? > 2d31_refine_002.log
------------------------------
Running phenix.refine

phenix.refine 2d31.pdb 2d31.mtz c_beta_restraints=False discard_psi_phi=False strategy="*individual_sites individual_sites_real_space rigid_body *individual_adp group_adp tls *occupancies group_anomalous" topology_file_name=/net/chevy/raid1/nigel/amber/hi_lo/d3/2d31/4amber_2d31.prmtop amber.coordinate_file_name=/net/chevy/raid1/nigel/amber/hi_lo/d3/2d31/4amber_2d31.rst7 use_amber=True refinement.target_weights.optimize_xyz_weight=True refinement.main.number_of_macro_cycles=10 write_geo=False amber.wxc_factor=0.300000 serial=2

