HOST morse.lbl.gov
only_i 107
only_code None
force_amber_prep True
dry_run False
... 107 1fnt
/net/chevy/raid1/nigel/amber/hi_lo
/net/chevy/raid1/nigel/amber/hi_lo/fn/1fnt
1fnt.pdb 4phenix_1fnt.pdb
local_archive None
archive PDB None
Reading from local mirror:
  /net/cci/pdb_mirror/pdb/fn/pdb1fnt.ent.gz
Model saved to /net/morse/raid1/scratch1/nigel/amber/hi_lo/fn/1fnt/1fnt.pdb
Sequence saved to /net/morse/raid1/scratch1/nigel/amber/hi_lo/fn/1fnt/1fnt.fa
Reading from local mirror:
  /net/cci/pdb_mirror/structure_factors/fn/r1fntsf.ent.gz
Structure factors saved to /net/morse/raid1/scratch1/nigel/amber/hi_lo/fn/1fnt/1fnt-sf.cif
Reading from local mirror:
  /net/cci/pdb_mirror/mmcif/fn/1fnt.cif.gz
Model saved to /net/morse/raid1/scratch1/nigel/amber/hi_lo/fn/1fnt/1fnt.cif
Can't determine output label for r1fntsf,_refln.crystal_id - skipping.
Can't determine output label for r1fntsf,_refln.scale_group_code - skipping.
Can't determine output label for r1fntsf,_refln.wavelength_id - skipping.
Converted structure factors saved to 1fnt.mtz
local_archive None
archive PDB None
Reading from local mirror:
  /net/cci/pdb_mirror/pdb/fn/pdb1fnt.ent.gz
Model saved to /net/morse/raid1/scratch1/nigel/amber/hi_lo/fn/1fnt/1fnt.pdb
Sequence saved to /net/morse/raid1/scratch1/nigel/amber/hi_lo/fn/1fnt/1fnt.fa
Reading from local mirror:
  /net/cci/pdb_mirror/structure_factors/fn/r1fntsf.ent.gz
Structure factors saved to /net/morse/raid1/scratch1/nigel/amber/hi_lo/fn/1fnt/1fnt-sf.cif
Reading from local mirror:
  /net/cci/pdb_mirror/mmcif/fn/1fnt.cif.gz
Model saved to /net/morse/raid1/scratch1/nigel/amber/hi_lo/fn/1fnt/1fnt.cif
Can't determine output label for r1fntsf,_refln.crystal_id - skipping.
Can't determine output label for r1fntsf,_refln.scale_group_code - skipping.
Can't determine output label for r1fntsf,_refln.wavelength_id - skipping.
Converted structure factors saved to 1fnt.mtz

==================================================
Summary of pdb4amber for: 1fnt.pdb
===================================================
REDUCE returned non-zero exit status: See reduce_info.log for more details

----------Chains
The following (original) chains have been found:
A
B
C
D
E
F
G
H
I
J
K
L
M
N
O
P
Q
R
S
T
U
V
W
X
Y
Z
a
b
c
d
e
f
g
h
i
j
k
l
m
n
o
p

---------- Alternate Locations (Original Residues!))

The following residues had alternate locations:
None

---------- Gaps (Renumbered Residues!)
gap of 5.287133 A between GLU 6480 and SER 6481
gap of 5.112622 A between GLU 6678 and SER 6679
gap of 5.249523 A between GLU 6876 and SER 6877
gap of 5.037072 A between GLU 7074 and SER 7075
gap of 5.291800 A between GLU 7272 and SER 7273
gap of 5.175888 A between GLU 7470 and SER 7471
gap of 5.173759 A between GLU 7668 and SER 7669
gap of 5.061228 A between GLU 7866 and SER 7867
gap of 5.128412 A between GLU 8064 and SER 8065
gap of 5.149573 A between GLU 8262 and SER 8263
gap of 5.166829 A between GLU 8460 and SER 8461
gap of 5.061142 A between GLU 8658 and SER 8659
gap of 5.397006 A between GLU 8856 and SER 8857
gap of 5.349106 A between GLU 9054 and SER 9055

---------- Mising heavy atom(s)

ARG_239 misses 6 heavy atom(s)
TYR_240 misses 7 heavy atom(s)
SER_241 misses 1 heavy atom(s)
PHE_242 misses 6 heavy atom(s)
SER_243 misses 1 heavy atom(s)
LEU_244 misses 3 heavy atom(s)
ARG_486 misses 6 heavy atom(s)
TYR_487 misses 7 heavy atom(s)
ASP_488 misses 3 heavy atom(s)
ASP_727 misses 3 heavy atom(s)
ARG_728 misses 6 heavy atom(s)
LEU_730 misses 3 heavy atom(s)
GLU_966 misses 4 heavy atom(s)
TYR_967 misses 7 heavy atom(s)
THR_1683 misses 2 heavy atom(s)
ARG_3408 misses 6 heavy atom(s)
TYR_3409 misses 7 heavy atom(s)
SER_3410 misses 1 heavy atom(s)
PHE_3411 misses 6 heavy atom(s)
SER_3412 misses 1 heavy atom(s)
LEU_3413 misses 3 heavy atom(s)
ARG_3655 misses 6 heavy atom(s)
TYR_3656 misses 7 heavy atom(s)
ASP_3657 misses 3 heavy atom(s)
ASP_3896 misses 3 heavy atom(s)
ARG_3897 misses 6 heavy atom(s)
LEU_3899 misses 3 heavy atom(s)
GLU_4135 misses 4 heavy atom(s)
TYR_4136 misses 7 heavy atom(s)
THR_4852 misses 2 heavy atom(s)

==================================================
Summary of pdb4amber for: 1fnt_4tleap_uc1.pdb
===================================================

----------Chains
The following (original) chains have been found:
A
B
C
D
E
F
G
H
I
J
K
L
M
N
O
P
Q
R
S
T
U
V
W
X
Y
Z
a
b
c
d
e
f
g
h
i
j
k
l
m
n
o
p

---------- Alternate Locations (Original Residues!))

The following residues had alternate locations:
None

---------- Gaps (Renumbered Residues!)
gap of 5.287133 A between GLU 6480 and SER 6481
gap of 5.112622 A between GLU 6678 and SER 6679
gap of 5.249523 A between GLU 6876 and SER 6877
gap of 5.037072 A between GLU 7074 and SER 7075
gap of 5.291800 A between GLU 7272 and SER 7273
gap of 5.175888 A between GLU 7470 and SER 7471
gap of 5.173759 A between GLU 7668 and SER 7669
gap of 5.061228 A between GLU 7866 and SER 7867
gap of 5.128412 A between GLU 8064 and SER 8065
gap of 5.149573 A between GLU 8262 and SER 8263
gap of 5.166829 A between GLU 8460 and SER 8461
gap of 5.061142 A between GLU 8658 and SER 8659
gap of 5.397006 A between GLU 8856 and SER 8857
gap of 5.349106 A between GLU 9054 and SER 9055
gap of 5.287133 A between GLU 15604 and SER 15605
gap of 5.112622 A between GLU 15802 and SER 15803
gap of 5.249523 A between GLU 16000 and SER 16001
gap of 5.037072 A between GLU 16198 and SER 16199
gap of 5.291800 A between GLU 16396 and SER 16397
gap of 5.175888 A between GLU 16594 and SER 16595
gap of 5.173759 A between GLU 16792 and SER 16793
gap of 5.061228 A between GLU 16990 and SER 16991
gap of 5.128412 A between GLU 17188 and SER 17189
gap of 5.149573 A between GLU 17386 and SER 17387
gap of 5.166829 A between GLU 17584 and SER 17585
gap of 5.061142 A between GLU 17782 and SER 17783
gap of 5.397006 A between GLU 17980 and SER 17981
gap of 5.349106 A between GLU 18178 and SER 18179
gap of 5.287101 A between GLU 24728 and SER 24729
gap of 5.112622 A between GLU 24926 and SER 24927
gap of 5.249523 A between GLU 25124 and SER 25125
gap of 5.037072 A between GLU 25322 and SER 25323
gap of 5.291800 A between GLU 25520 and SER 25521
gap of 5.175888 A between GLU 25718 and SER 25719
gap of 5.174139 A between GLU 25916 and SER 25917
gap of 5.060520 A between GLU 26114 and SER 26115
gap of 5.128740 A between GLU 26312 and SER 26313
gap of 5.149573 A between GLU 26510 and SER 26511
gap of 5.166829 A between GLU 26708 and SER 26709
gap of 5.060919 A between GLU 26906 and SER 26907
gap of 5.397006 A between GLU 27104 and SER 27105
gap of 5.349106 A between GLU 27302 and SER 27303
gap of 5.287101 A between GLU 33852 and SER 33853
gap of 5.112170 A between GLU 34050 and SER 34051
gap of 5.249523 A between GLU 34248 and SER 34249
gap of 5.037072 A between GLU 34446 and SER 34447
gap of 5.291800 A between GLU 34644 and SER 34645
gap of 5.175888 A between GLU 34842 and SER 34843
gap of 5.174139 A between GLU 35040 and SER 35041
gap of 5.061228 A between GLU 35238 and SER 35239
gap of 5.128740 A between GLU 35436 and SER 35437
gap of 5.149573 A between GLU 35634 and SER 35635
gap of 5.166829 A between GLU 35832 and SER 35833
gap of 5.061142 A between GLU 36030 and SER 36031
gap of 5.397006 A between GLU 36228 and SER 36229
gap of 5.349106 A between GLU 36426 and SER 36427

---------- Mising heavy atom(s)

None
not prmtop_filename /net/morse/scratch1/nigel/amber/hi_lo/fn/1fnt/4amber_1fnt.prmtop
not prmtop_filename /net/chevy/raid1/nigel/amber/hi_lo/fn/1fnt/4amber_1fnt.prmtop

	Running AmberPrep : 1fnt.pdb


==================================================
Running pdb4amber on 1fnt.pdb
==================================================

==================================================
Setting up library files for non-standard residues
==================================================

==================================================
Preparing asu files and 4phenix_1fnt.pdb
==================================================

~> tleap -f 1fnt_asu_tleap_input_run

Checking output filenames
  file : 1fnt_asu.prmtop
  file : 1fnt_asu.rst7

~> ChBox -c 1fnt_asu.rst7 -o 1fnt_asu.rst7 -X 192.964 -Y 232.127 -Z 296.772 -al 90.0 -bt 90.0 -gm 90.0 


============================================================
Preparing unit cell files: 4amber_1fnt.prmtop and 4amber_1fnt.rst7
============================================================

~> UnitCell -p 1fnt_4UnitCell.pdb -o 1fnt_4tleap_uc1.pdb


~> tleap -f 1fnt_uc_tleap_input_run

Checking output filenames
  file : 1fnt_uc.prmtop
  file : 1fnt_uc.rst7

~> ChBox -c 1fnt_uc.rst7 -o 1fnt_uc.rst7 -X 192.964 -Y 232.127 -Z 296.772 -al 90.0 -bt 90.0 -gm 90.0 


==================================================
Minimizing input coordinates.
==================================================

~> sander -O -i 1fnt_amber_all.in -p 4amber_1fnt.prmtop -c 4amber_1fnt.rst7 -o 1fnt.min.out            -ref 4amber_1fnt.rst7 -r 4amber_1fnt.min.rst7

Traceback (most recent call last):
  File "run_tests_local.py", line 323, in <module>
    run(*tuple(args))
  File "run_tests_local.py", line 307, in run
    w2 = run_all_tests(code, force_amber_prep=force_amber_prep)
  File "run_tests_local.py", line 93, in run_all_tests
    "clean=on",
  File "/net/cci-filer2/raid1/xp/phenix/phenix-svn/modules/amber_adaptbx/command_line/AmberPrepClass.py", line 1034, in run
    minimization_options=actions.minimization_options)
  File "/net/cci-filer2/raid1/xp/phenix/phenix-svn/modules/amber_adaptbx/command_line/AmberPrepClass.py", line 689, in run_minimise
    output_pdb_file )
  File "/net/cci-filer2/raid1/xp/phenix/phenix-svn/modules/amber_adaptbx/command_line/AmberPrepClass.py", line 312, in uc_parm7_to_4phenix_pdb
    template_parm = parmed.load_file(template_pdb)
  File "/net/cci-filer2/raid1/xp/phenix/phenix-svn/modules/amber/lib/python2.7/site-packages/parmed/formats/registry.py", line 197, in load_file
    return cls.parse(filename, *args, **kwargs)
  File "/net/cci-filer2/raid1/xp/phenix/phenix-svn/modules/amber/lib/python2.7/site-packages/parmed/formats/pdb.py", line 416, in parse
    atnum = int(atnum, 16)
ValueError: invalid literal for int() with base 16: 'A000G'
