HOST rebus.lbl.gov
only_i 177
only_code None
force_amber_prep True
dry_run False
... 177 3vtk
/net/chevy/raid1/nigel/amber/hi_lo
/net/chevy/raid1/nigel/amber/hi_lo/vt/3vtk
3vtk.pdb 4phenix_3vtk.pdb
3vtk.pdb 4phenix_3vtk.pdb
local_archive None
archive PDB None
Reading from local mirror:
  /net/cci/pdb_mirror/pdb/vt/pdb3vtk.ent.gz
Model saved to /net/rebus/raid1/scratch1/nigel/amber/hi_lo/vt/3vtk/3vtk.pdb
Sequence saved to /net/rebus/raid1/scratch1/nigel/amber/hi_lo/vt/3vtk/3vtk.fa
Reading from local mirror:
  /net/cci/pdb_mirror/structure_factors/vt/r3vtksf.ent.gz
Structure factors saved to /net/rebus/raid1/scratch1/nigel/amber/hi_lo/vt/3vtk/3vtk-sf.cif
Reading from local mirror:
  /net/cci/pdb_mirror/mmcif/vt/3vtk.cif.gz
Model saved to /net/rebus/raid1/scratch1/nigel/amber/hi_lo/vt/3vtk/3vtk.cif
Warning: merging non-unique data
Can't determine output label for r3vtksf,_refln.crystal_id - skipping.
Can't determine output label for r3vtksf,_refln.scale_group_code - skipping.
Warning: merging non-unique data
Can't determine output label for r3vtksf,_refln.wavelength_id - skipping.
Converted structure factors saved to 3vtk.mtz
local_archive None
archive PDB None
Reading from local mirror:
  /net/cci/pdb_mirror/pdb/vt/pdb3vtk.ent.gz
Model saved to /net/rebus/raid1/scratch1/nigel/amber/hi_lo/vt/3vtk/3vtk.pdb
Sequence saved to /net/rebus/raid1/scratch1/nigel/amber/hi_lo/vt/3vtk/3vtk.fa
Reading from local mirror:
  /net/cci/pdb_mirror/structure_factors/vt/r3vtksf.ent.gz
Structure factors saved to /net/rebus/raid1/scratch1/nigel/amber/hi_lo/vt/3vtk/3vtk-sf.cif
Reading from local mirror:
  /net/cci/pdb_mirror/mmcif/vt/3vtk.cif.gz
Model saved to /net/rebus/raid1/scratch1/nigel/amber/hi_lo/vt/3vtk/3vtk.cif
Warning: merging non-unique data
Can't determine output label for r3vtksf,_refln.crystal_id - skipping.
Can't determine output label for r3vtksf,_refln.scale_group_code - skipping.
Warning: merging non-unique data
Can't determine output label for r3vtksf,_refln.wavelength_id - skipping.
Converted structure factors saved to 3vtk.mtz
not prmtop_filename /net/rebus/scratch1/nigel/amber/hi_lo/vt/3vtk/4amber_3vtk.prmtop

	Running AmberPrep : 3vtk.pdb


==================================================
Running pdb4amber on 3vtk.pdb
==================================================

==================================================
Setting up library files for non-standard residues
==================================================

==================================================
Running elbow/antechamber for 5IU 
==================================================

MoleculeClass :  C: 9  N: 2  O: 8  P: 1  I: 1 (CHEMICAL COMPONENTS format)
	31 atoms
	32 bonds
	57 angles
	81 dihedrals
	2 rings (groups, rings, atoms) 2 11
	3 chirals : R S R 

~> antechamber -i 4antechamber_5IU.pdb -fi pdb -o 5IU.mol2 -fo mol2       -nc -2 -m 1 -s 2 -pf y -c bcc -at gaff2 -ek "qm_theory='AM1', grms_tol=0.0005, scfconv=1.d-10, maxcyc=0, ndiis_attempts=700,"


~> parmchk2 -s 2 -i 5IU.mol2 -f mol2 -o 5IU.frcmod


==================================================
Running elbow/antechamber for ADP 
==================================================

MoleculeClass :  C:10  N: 5  O:10  P: 2 (CHEMICAL COMPONENTS format)
	39 atoms
	41 bonds
	71 angles
	98 dihedrals
	2 rings (groups, rings, atoms) 3 16
	4 chirals : R S R R 

~> antechamber -i 4antechamber_ADP.pdb -fi pdb -o ADP.mol2 -fo mol2       -nc -3 -m 1 -s 2 -pf y -c bcc -at gaff2 -ek "qm_theory='AM1', grms_tol=0.0005, scfconv=1.d-10, maxcyc=0, ndiis_attempts=700,"


~> parmchk2 -s 2 -i ADP.mol2 -f mol2 -o ADP.frcmod


==================================================
Preparing asu files and 4phenix_3vtk.pdb
==================================================

~> tleap -f 3vtk_asu_tleap_input_run

Checking output filenames
  file : 3vtk_asu.prmtop
  file : 3vtk_asu.rst7

~> ChBox -c 3vtk_asu.rst7 -o 3vtk_asu.rst7 -X 83.7 -Y 83.7 -Z 156.3 -al 90.0 -bt 90.0 -gm 90.0 


============================================================
Preparing unit cell files: 4amber_3vtk.prmtop and 4amber_3vtk.rst7
============================================================

~> UnitCell -p 3vtk_4UnitCell.pdb -o 3vtk_4tleap_uc1.pdb


~> tleap -f 3vtk_uc_tleap_input_run

Checking output filenames
  file : 3vtk_uc.prmtop
  file : 3vtk_uc.rst7

~> ChBox -c 3vtk_uc.rst7 -o 3vtk_uc.rst7 -X 83.7 -Y 83.7 -Z 156.3 -al 90.0 -bt 90.0 -gm 90.0 


==================================================
Minimizing input coordinates.
==================================================

~> sander -O -i 3vtk_amber_all.in -p 4amber_3vtk.prmtop -c 4amber_3vtk.rst7 -o 3vtk.min.out            -ref 4amber_3vtk.rst7 -r 4amber_3vtk.min.rst7

checking special positions in 4phenix_3vtk.pdb

==================================================
Done.  Three new files have been made:
      4phenix_3vtk.pdb
      4amber_3vtk.prmtop
      4amber_3vtk.rst7
==================================================

Example

  phenix.refine 4phenix_3vtk.pdb use_amber=True \
    amber.topology_file_name=4amber_3vtk.prmtop \
    amber.coordinate_file_name=4amber_3vtk.rst7 \
    ....(other refinement keywords here).....



Substituting Amber PDB file for downloaded file

  Amber files
    PDB    : 3vtk.pdb
    MTZ    : 3vtk.mtz
    prmtop : 4amber_3vtk.prmtop
    rst7   : 4amber_3vtk.rst7
  
/net/rebus/raid1/scratch1/nigel/amber/hi_lo/vt/3vtk
return_files 3vtk
/net/chevy/raid1/nigel/amber/hi_lo
4amber_3vtk.pdb
4phenix_3vtk.pdb
cp 4phenix_3vtk.pdb /net/chevy/raid1/nigel/amber/hi_lo/vt/3vtk
3vtk.pdb
cp 3vtk.pdb /net/chevy/raid1/nigel/amber/hi_lo/vt/3vtk
4amber_3vtk.mtz
4phenix_3vtk.mtz
3vtk.mtz
cp 3vtk.mtz /net/chevy/raid1/nigel/amber/hi_lo/vt/3vtk
4amber_3vtk.rst7
cp 4amber_3vtk.rst7 /net/chevy/raid1/nigel/amber/hi_lo/vt/3vtk
4phenix_3vtk.rst7
3vtk.rst7
4amber_3vtk.prmtop
cp 4amber_3vtk.prmtop /net/chevy/raid1/nigel/amber/hi_lo/vt/3vtk
4phenix_3vtk.prmtop
3vtk.prmtop
4amber_3vtk_refine_001.log
4phenix_3vtk_refine_001.log
3vtk_refine_001.log
4amber_3vtk_refine_002.log
4phenix_3vtk_refine_002.log
3vtk_refine_002.log
4amber_3vtk_refine_001.pdb
4phenix_3vtk_refine_001.pdb
3vtk_refine_001.pdb
4amber_3vtk_refine_002.pdb
4phenix_3vtk_refine_002.pdb
3vtk_refine_002.pdb
local_archive /net/chevy/raid1/nigel/amber/hi_lo
archive PDB /net/chevy/raid1/nigel/amber/hi_lo/vt/3vtk/3vtk.pdb
/net/rebus/raid1/scratch1/nigel/amber/hi_lo/vt/3vtk
------------------------------
phenix.refine log filename ? > /net/chevy/raid1/nigel/amber/hi_lo/vt/3vtk/3vtk_refine_001.log
------------------------------

	Already done (on chevy) 3vtk_refine_001
------------------------------
phenix.refine log filename ? > /net/chevy/raid1/nigel/amber/hi_lo/vt/3vtk/3vtk_refine_002.log
------------------------------

	Already done (on chevy) 3vtk_refine_002
