HOST rebus.lbl.gov
only_i 72
only_code None
force_amber_prep True
dry_run False
1 1z3z,A,2.900,1zod,A,1.800
2 1psi,A,2.920,3ndd,A,1.500
3 3bpo,A,3.000,3l5w,I,2.000
4 1e6j,P,3.000,3mge,A,1.900
5 1r46,A,3.250,3hg3,A,1.900
6 2j0g,A,2.850,2j1g,A,1.950
7 1nsk,L,2.800,3bbb,A,1.300
8 1t04,B,3.000,1t3f,B,2.000
9 1kiu,B,3.000,1ze3,H,1.840
10 1kv3,A,2.800,2q3z,A,2.000
11 1wqs,A,2.800,2iph,A,1.750
12 3gwp,A,2.900,3i16,A,2.000
13 1c0n,A,2.800,1kmj,A,2.000
14 2r8j,A,3.100,3oha,A,2.000
15 1z5s,C,3.010,2grn,B,1.800
16 3icq,B,3.200,3m1i,A,2.000
17 1nb3,I,2.800,3kfq,C,1.990
18 1otc,A,2.800,2i0q,A,1.910
19 1ue8,A,3.000,3b4x,A,1.940
20 1a4o,A,2.800,2o02,A,1.500
21 1t6i,A,2.810,3g4z,A,1.870
22 1de9,A,3.000,2o3h,A,1.900
23 2j6e,L,3.000,3n9g,L,1.434
24 3hrk,A,3.050,3lc0,A,1.800
25 2ecp,A,2.950,2asv,A,1.950
26 1z8l,A,3.500,2xeg,A,1.590
27 1ere,A,3.100,2r6w,A,2.000
28 1xni,A,2.800,3lh0,A,1.900
29 2pl0,A,2.800,3mpm,A,1.950
30 1pxt,A,2.800,1afw,A,1.800
31 1bmf,A,2.850,2jdi,A,1.900
32 2g3k,A,3.050,2j9u,A,2.000
33 3m9b,A,3.940,3m9h,A,2.000
34 2i0v,A,2.800,3dpk,A,1.950
35 1kiu,A,3.000,3bwu,C,1.760
36 1nys,A,3.050,2h62,D,1.850
... 72 2h62
/net/chevy/raid1/nigel/amber/hi_lo
/net/chevy/raid1/nigel/amber/hi_lo/h6/2h62
2h62.pdb 4phenix_2h62.pdb
2h62.pdb 4phenix_2h62.pdb
local_archive None
archive PDB None
Reading from local mirror:
  /net/cci/pdb_mirror/pdb/h6/pdb2h62.ent.gz
Model saved to /net/rebus/raid1/scratch1/nigel/amber/hi_lo/h6/2h62/2h62.pdb
Sequence saved to /net/rebus/raid1/scratch1/nigel/amber/hi_lo/h6/2h62/2h62.fa
Reading from local mirror:
  /net/cci/pdb_mirror/structure_factors/h6/r2h62sf.ent.gz
Structure factors saved to /net/rebus/raid1/scratch1/nigel/amber/hi_lo/h6/2h62/2h62-sf.cif
Reading from local mirror:
  /net/cci/pdb_mirror/mmcif/h6/2h62.cif.gz
Model saved to /net/rebus/raid1/scratch1/nigel/amber/hi_lo/h6/2h62/2h62.cif
Can't determine output label for r2h62sf,_refln.crystal_id - skipping.
Can't determine output label for r2h62sf,_refln.scale_group_code - skipping.
R-free-flags: fraction_free=0.049
R-free-flags: missing 5938 reflections
Can't determine output label for r2h62sf,_refln.wavelength_id - skipping.
Converted structure factors saved to 2h62.mtz
local_archive None
archive PDB None
Reading from local mirror:
  /net/cci/pdb_mirror/pdb/h6/pdb2h62.ent.gz
Model saved to /net/rebus/raid1/scratch1/nigel/amber/hi_lo/h6/2h62/2h62.pdb
Sequence saved to /net/rebus/raid1/scratch1/nigel/amber/hi_lo/h6/2h62/2h62.fa
Reading from local mirror:
  /net/cci/pdb_mirror/structure_factors/h6/r2h62sf.ent.gz
Structure factors saved to /net/rebus/raid1/scratch1/nigel/amber/hi_lo/h6/2h62/2h62-sf.cif
Reading from local mirror:
  /net/cci/pdb_mirror/mmcif/h6/2h62.cif.gz
Model saved to /net/rebus/raid1/scratch1/nigel/amber/hi_lo/h6/2h62/2h62.cif
Can't determine output label for r2h62sf,_refln.crystal_id - skipping.
Can't determine output label for r2h62sf,_refln.scale_group_code - skipping.
R-free-flags: fraction_free=0.049
R-free-flags: missing 5938 reflections
Can't determine output label for r2h62sf,_refln.wavelength_id - skipping.
Converted structure factors saved to 2h62.mtz

==================================================
Summary of pdb4amber for: 2h62.pdb
===================================================
REDUCE returned non-zero exit status: See reduce_info.log for more details

----------Chains
The following (original) chains have been found:
A
B
C
D

---------- Alternate Locations (Original Residues!))

The following residues had alternate locations:
None

---------- Mising heavy atom(s)

LYS_1 misses 4 heavy atom(s)
TYR_184 misses 7 heavy atom(s)
LEU_185 misses 3 heavy atom(s)
ASP_186 misses 3 heavy atom(s)
GLU_187 misses 4 heavy atom(s)
VAL_191 misses 2 heavy atom(s)
ASP_241 misses 3 heavy atom(s)
GLN_242 misses 4 heavy atom(s)
GLU_305 misses 4 heavy atom(s)
LEU_306 misses 3 heavy atom(s)
ARG_308 misses 6 heavy atom(s)
GLN_321 misses 4 heavy atom(s)
ASP_322 misses 3 heavy atom(s)
SER_334 misses 1 heavy atom(s)
THR_337 misses 2 heavy atom(s)
GLU_363 misses 4 heavy atom(s)
ASN_364 misses 3 heavy atom(s)

==================================================
Summary of pdb4amber for: 2h62_4tleap_uc1.pdb
===================================================

----------Chains
The following (original) chains have been found:
A
B
C
D

---------- Alternate Locations (Original Residues!))

The following residues had alternate locations:
None

---------- Mising heavy atom(s)

None
not prmtop_filename /net/rebus/scratch1/nigel/amber/hi_lo/h6/2h62/4amber_2h62.prmtop

	Running AmberPrep : 2h62.pdb


==================================================
Running pdb4amber on 2h62.pdb
==================================================

==================================================
Setting up library files for non-standard residues
==================================================

==================================================
Preparing asu files and 4phenix_2h62.pdb
==================================================

~> tleap -f 2h62_asu_tleap_input_run

Checking output filenames
  file : 2h62_asu.prmtop
  file : 2h62_asu.rst7

~> ChBox -c 2h62_asu.rst7 -o 2h62_asu.rst7 -X 64.131 -Y 65.368 -Z 114.067 -al 90.0 -bt 90.0 -gm 90.0 


============================================================
Preparing unit cell files: 4amber_2h62.prmtop and 4amber_2h62.rst7
============================================================

~> UnitCell -p 2h62_4UnitCell.pdb -o 2h62_4tleap_uc1.pdb


~> tleap -f 2h62_uc_tleap_input_run

Checking output filenames
  file : 2h62_uc.prmtop
  file : 2h62_uc.rst7

~> ChBox -c 2h62_uc.rst7 -o 2h62_uc.rst7 -X 64.131 -Y 65.368 -Z 114.067 -al 90.0 -bt 90.0 -gm 90.0 


==================================================
Minimizing input coordinates.
==================================================

~> sander -O -i 2h62_amber_all.in -p 4amber_2h62.prmtop -c 4amber_2h62.rst7 -o 2h62.min.out            -ref 4amber_2h62.rst7 -r 4amber_2h62.min.rst7

checking special positions in 4phenix_2h62.pdb

==================================================
Done.  Three new files have been made:
      4phenix_2h62.pdb
      4amber_2h62.prmtop
      4amber_2h62.rst7
==================================================

Example

  phenix.refine 4phenix_2h62.pdb use_amber=True \
    amber.topology_file_name=4amber_2h62.prmtop \
    amber.coordinate_file_name=4amber_2h62.rst7 \
    ....(other refinement keywords here).....



Substituting Amber PDB file for downloaded file
run_tests_local.py:220: UserWarning: os.system() is not safe: please use the subprocess module or libtbx.easy_run instead.
  os.system(cmd)

  Amber files
    PDB    : 2h62.pdb
    MTZ    : 2h62.mtz
    prmtop : 4amber_2h62.prmtop
    rst7   : 4amber_2h62.rst7
  
/net/rebus/raid1/scratch1/nigel/amber/hi_lo/h6/2h62
return_files 2h62
/net/chevy/raid1/nigel/amber/hi_lo
4amber_2h62.pdb
4phenix_2h62.pdb
cp 4phenix_2h62.pdb /net/chevy/raid1/nigel/amber/hi_lo/h6/2h62
2h62.pdb
cp 2h62.pdb /net/chevy/raid1/nigel/amber/hi_lo/h6/2h62
4amber_2h62.mtz
4phenix_2h62.mtz
2h62.mtz
cp 2h62.mtz /net/chevy/raid1/nigel/amber/hi_lo/h6/2h62
4amber_2h62.rst7
cp 4amber_2h62.rst7 /net/chevy/raid1/nigel/amber/hi_lo/h6/2h62
4phenix_2h62.rst7
2h62.rst7
4amber_2h62.prmtop
cp 4amber_2h62.prmtop /net/chevy/raid1/nigel/amber/hi_lo/h6/2h62
4phenix_2h62.prmtop
2h62.prmtop
4amber_2h62_refine_001.log
4phenix_2h62_refine_001.log
2h62_refine_001.log
4amber_2h62_refine_002.log
4phenix_2h62_refine_002.log
2h62_refine_002.log
4amber_2h62_refine_001.pdb
4phenix_2h62_refine_001.pdb
2h62_refine_001.pdb
4amber_2h62_refine_002.pdb
4phenix_2h62_refine_002.pdb
2h62_refine_002.pdb
local_archive /net/chevy/raid1/nigel/amber/hi_lo
archive PDB /net/chevy/raid1/nigel/amber/hi_lo/h6/2h62/2h62.pdb
/net/rebus/raid1/scratch1/nigel/amber/hi_lo/h6/2h62
------------------------------
phenix.refine log filename ? > /net/chevy/raid1/nigel/amber/hi_lo/h6/2h62/2h62_refine_001.log
------------------------------
------------------------------
phenix.refine log filename ? > 2h62_refine_001.log
------------------------------
Running phenix.refine

phenix.refine 2h62.pdb 2h62.mtz c_beta_restraints=False discard_psi_phi=False strategy="*individual_sites individual_sites_real_space rigid_body *individual_adp group_adp tls *occupancies group_anomalous" refinement.target_weights.optimize_xyz_weight=True refinement.main.number_of_macro_cycles=10 write_geo=False serial=1 cdl=True

------------------------------
phenix.refine log filename ? > /net/chevy/raid1/nigel/amber/hi_lo/h6/2h62/2h62_refine_002.log
------------------------------
------------------------------
phenix.refine log filename ? > 2h62_refine_002.log
------------------------------
Running phenix.refine

phenix.refine 2h62.pdb 2h62.mtz c_beta_restraints=False discard_psi_phi=False strategy="*individual_sites individual_sites_real_space rigid_body *individual_adp group_adp tls *occupancies group_anomalous" topology_file_name=/net/chevy/raid1/nigel/amber/hi_lo/h6/2h62/4amber_2h62.prmtop amber.coordinate_file_name=/net/chevy/raid1/nigel/amber/hi_lo/h6/2h62/4amber_2h62.rst7 use_amber=True refinement.target_weights.optimize_xyz_weight=True refinement.main.number_of_macro_cycles=10 write_geo=False amber.wxc_factor=0.300000 serial=2

