HOST morse.lbl.gov
only_i 285
only_code None
force_amber_prep True
dry_run False
... 285 2acl
/net/chevy/raid1/nigel/amber/hi_lo
/net/chevy/raid1/nigel/amber/hi_lo/ac/2acl
2acl.pdb 4phenix_2acl.pdb
local_archive None
archive PDB None
Reading from local mirror:
  /net/cci/pdb_mirror/pdb/ac/pdb2acl.ent.gz
Model saved to /net/morse/raid1/scratch1/nigel/amber/hi_lo/ac/2acl/2acl.pdb
Sequence saved to /net/morse/raid1/scratch1/nigel/amber/hi_lo/ac/2acl/2acl.fa
Reading from local mirror:
  /net/cci/pdb_mirror/structure_factors/ac/r2aclsf.ent.gz
Structure factors saved to /net/morse/raid1/scratch1/nigel/amber/hi_lo/ac/2acl/2acl-sf.cif
Reading from local mirror:
  /net/cci/pdb_mirror/mmcif/ac/2acl.cif.gz
Model saved to /net/morse/raid1/scratch1/nigel/amber/hi_lo/ac/2acl/2acl.cif
Can't determine output label for r2aclsf,_refln.crystal_id - skipping.
Can't determine output label for r2aclsf,_refln.scale_group_code - skipping.
Can't determine output label for r2aclsf,_refln.wavelength_id - skipping.
Converted structure factors saved to 2acl.mtz
local_archive None
archive PDB None
Reading from local mirror:
  /net/cci/pdb_mirror/pdb/ac/pdb2acl.ent.gz
Model saved to /net/morse/raid1/scratch1/nigel/amber/hi_lo/ac/2acl/2acl.pdb
Sequence saved to /net/morse/raid1/scratch1/nigel/amber/hi_lo/ac/2acl/2acl.fa
Reading from local mirror:
  /net/cci/pdb_mirror/structure_factors/ac/r2aclsf.ent.gz
Structure factors saved to /net/morse/raid1/scratch1/nigel/amber/hi_lo/ac/2acl/2acl-sf.cif
Reading from local mirror:
  /net/cci/pdb_mirror/mmcif/ac/2acl.cif.gz
Model saved to /net/morse/raid1/scratch1/nigel/amber/hi_lo/ac/2acl/2acl.cif
Can't determine output label for r2aclsf,_refln.crystal_id - skipping.
Can't determine output label for r2aclsf,_refln.scale_group_code - skipping.
Can't determine output label for r2aclsf,_refln.wavelength_id - skipping.
Converted structure factors saved to 2acl.mtz

==================================================
Summary of pdb4amber for: 2acl.pdb
===================================================
REDUCE returned non-zero exit status: See reduce_info.log for more details

----------Chains
The following (original) chains have been found:
A
B
C
D
E
F
G
H

---------- Alternate Locations (Original Residues!))

The following residues had alternate locations:
None

---------- Gaps (Renumbered Residues!)
gap of 22.714999 A between GLU 19 and ASP 20
gap of 22.586150 A between GLU 475 and ASP 476
gap of 22.461992 A between GLU 932 and ASP 933
gap of 22.885099 A between GLU 1388 and ASP 1389

---------- Mising heavy atom(s)

GLU_19 misses 4 heavy atom(s)
GLU_475 misses 4 heavy atom(s)
GLU_932 misses 4 heavy atom(s)
GLU_1388 misses 4 heavy atom(s)
not prmtop_filename /net/morse/scratch1/nigel/amber/hi_lo/ac/2acl/4amber_2acl.prmtop
not prmtop_filename /net/chevy/raid1/nigel/amber/hi_lo/ac/2acl/4amber_2acl.prmtop

	Running AmberPrep : 2acl.pdb


==================================================
Running pdb4amber on 2acl.pdb
==================================================

==================================================
Setting up library files for non-standard residues
==================================================

  Residue "L05" already in amber monomer library. Skipping elbow/antechamber
    run for this residue.
        

==================================================
Preparing asu files and 4phenix_2acl.pdb
==================================================

~> tleap -f 2acl_asu_tleap_input_run

Checking output filenames
  file : 2acl_asu.prmtop
Sorry:   Output file is empty : 2acl_asu.prmtop
  Check contents of "leap.log"
