HOST lewis.lbl.gov
only_i 112
only_code None
force_amber_prep True
dry_run False
... 112 3hpw
/net/chevy/raid1/nigel/amber/hi_lo
/net/chevy/raid1/nigel/amber/hi_lo/hp/3hpw
3hpw.pdb 4phenix_3hpw.pdb
3hpw.pdb 4phenix_3hpw.pdb
local_archive None
archive PDB None
Reading from local mirror:
  /net/cci/pdb_mirror/pdb/hp/pdb3hpw.ent.gz
Model saved to /net/lewis/raid1/scratch1/nigel/amber/hi_lo/hp/3hpw/3hpw.pdb
Traceback (most recent call last):
  File "/net/cci-filer2/raid1/xp/phenix/phenix-svn/build/../modules/cctbx_project/mmtbx/command_line/fetch_pdb.py", line 199, in <module>
    run2(sys.argv[1:])
  File "/net/cci-filer2/raid1/xp/phenix/phenix-svn/build/../modules/cctbx_project/mmtbx/command_line/fetch_pdb.py", line 155, in run2
    files.append(get_pdb(id, data_type_, mirror, log, format=data_format))
  File "/net/cci-filer2/raid1/xp/phenix/phenix-svn/modules/cctbx_project/iotbx/pdb/fetch.py", line 213, in get_pdb
    data = fetch(id, data_type, mirror=mirror, format=format, log=log)
  File "/net/cci-filer2/raid1/xp/phenix/phenix-svn/modules/cctbx_project/iotbx/pdb/fetch.py", line 150, in fetch
    data = libtbx.utils.urlopen(url)
  File "/net/cci-filer2/raid1/xp/phenix/phenix-svn/modules/cctbx_project/libtbx/utils.py", line 2069, in urlopen
    return urllib2.urlopen(*args, **kwds)
  File "/net/cci-filer2/raid1/xp/phenix/phenix-svn/base/lib/python2.7/urllib2.py", line 127, in urlopen
    return _opener.open(url, data, timeout)
  File "/net/cci-filer2/raid1/xp/phenix/phenix-svn/base/lib/python2.7/urllib2.py", line 404, in open
    response = self._open(req, data)
  File "/net/cci-filer2/raid1/xp/phenix/phenix-svn/base/lib/python2.7/urllib2.py", line 422, in _open
    '_open', req)
  File "/net/cci-filer2/raid1/xp/phenix/phenix-svn/base/lib/python2.7/urllib2.py", line 382, in _call_chain
    result = func(*args)
  File "/net/cci-filer2/raid1/xp/phenix/phenix-svn/base/lib/python2.7/urllib2.py", line 1214, in http_open
    return self.do_open(httplib.HTTPConnection, req)
  File "/net/cci-filer2/raid1/xp/phenix/phenix-svn/base/lib/python2.7/urllib2.py", line 1184, in do_open
    raise URLError(err)
urllib2.URLError: <urlopen error [Errno 110] Connection timed out>
local_archive None
archive PDB None
Reading from local mirror:
  /net/cci/pdb_mirror/pdb/hp/pdb3hpw.ent.gz
Model saved to /net/lewis/raid1/scratch1/nigel/amber/hi_lo/hp/3hpw/3hpw.pdb
Traceback (most recent call last):
  File "/net/cci-filer2/raid1/xp/phenix/phenix-svn/build/../modules/cctbx_project/mmtbx/command_line/fetch_pdb.py", line 199, in <module>
    run2(sys.argv[1:])
  File "/net/cci-filer2/raid1/xp/phenix/phenix-svn/build/../modules/cctbx_project/mmtbx/command_line/fetch_pdb.py", line 155, in run2
    files.append(get_pdb(id, data_type_, mirror, log, format=data_format))
  File "/net/cci-filer2/raid1/xp/phenix/phenix-svn/modules/cctbx_project/iotbx/pdb/fetch.py", line 213, in get_pdb
    data = fetch(id, data_type, mirror=mirror, format=format, log=log)
  File "/net/cci-filer2/raid1/xp/phenix/phenix-svn/modules/cctbx_project/iotbx/pdb/fetch.py", line 150, in fetch
    data = libtbx.utils.urlopen(url)
  File "/net/cci-filer2/raid1/xp/phenix/phenix-svn/modules/cctbx_project/libtbx/utils.py", line 2069, in urlopen
    return urllib2.urlopen(*args, **kwds)
  File "/net/cci-filer2/raid1/xp/phenix/phenix-svn/base/lib/python2.7/urllib2.py", line 127, in urlopen
    return _opener.open(url, data, timeout)
  File "/net/cci-filer2/raid1/xp/phenix/phenix-svn/base/lib/python2.7/urllib2.py", line 404, in open
    response = self._open(req, data)
  File "/net/cci-filer2/raid1/xp/phenix/phenix-svn/base/lib/python2.7/urllib2.py", line 422, in _open
    '_open', req)
  File "/net/cci-filer2/raid1/xp/phenix/phenix-svn/base/lib/python2.7/urllib2.py", line 382, in _call_chain
    result = func(*args)
  File "/net/cci-filer2/raid1/xp/phenix/phenix-svn/base/lib/python2.7/urllib2.py", line 1214, in http_open
    return self.do_open(httplib.HTTPConnection, req)
  File "/net/cci-filer2/raid1/xp/phenix/phenix-svn/base/lib/python2.7/urllib2.py", line 1184, in do_open
    raise URLError(err)
urllib2.URLError: <urlopen error [Errno 110] Connection timed out>

==================================================
Summary of pdb4amber for: 3hpw.pdb
===================================================

----------Chains
The following (original) chains have been found:
A
B
C

---------- Alternate Locations (Original Residues!))

The following residues had alternate locations:
MET_32
HIS_55
SER_60
MET_63
MET_68
SER_84
GLU_87
LEU_96
MET_97
SER_139
LEU_142
SER_171
GLN_212

---------- Gaps (Renumbered Residues!)
gap of 2.451958 A between ALA 204 and ALA 204
gap of 2.452503 A between GLU 205 and GLU 205
gap of 2.450980 A between ARG 206 and ARG 206
gap of 2.500354 A between TRP 207 and TRP 207
gap of 2.480342 A between LYS 208 and LYS 208
gap of 2.486835 A between ALA 209 and ALA 209
gap of 2.395313 A between GLU 210 and GLU 210
gap of 2.572249 A between ASN 211 and ASN 211
gap of 2.495366 A between GLN 212 and GLN 212
gap of 2.474934 A between GLU 213 and GLU 213
gap of 2.484969 A between GLY 214 and GLY 214
gap of 2.461966 A between MET 215 and MET 215
gap of 2.434271 A between ALA 216 and ALA 216
gap of 2.485933 A between GLU 217 and GLU 217
gap of 2.472845 A between VAL 218 and VAL 218
gap of 2.461913 A between ALA 219 and ALA 219
gap of 2.465421 A between ARG 220 and ARG 220
gap of 2.468698 A between PHE 221 and PHE 221
gap of 2.475406 A between ILE 222 and ILE 222
gap of 2.471410 A between GLU 223 and GLU 223
gap of 2.493239 A between MET 224 and MET 224
gap of 2.491556 A between ASN 225 and ASN 225
gap of 2.453542 A between GLY 226 and GLY 226
gap of 2.486545 A between SER 227 and SER 227
gap of 2.458971 A between PHE 228 and PHE 228
gap of 2.487644 A between ALA 229 and ALA 229
gap of 2.488689 A between ASP 230 and ASP 230
gap of 2.497063 A between GLU 231 and GLU 231
gap of 2.581542 A between ASN 232 and ASN 232
gap of 2.460544 A between ARG 233 and ARG 233
gap of 2.476006 A between ASP 234 and ASP 234
gap of 2.419044 A between TRP 235 and TRP 235

---------- Mising heavy atom(s)

ARG_10 misses 4 heavy atom(s)
ARG_40 misses 5 heavy atom(s)
LYS_45 misses 2 heavy atom(s)
GLU_59 misses 3 heavy atom(s)
LYS_110 misses 2 heavy atom(s)
GLU_112 misses 4 heavy atom(s)
ASP_145 misses 2 heavy atom(s)
LYS_146 misses 3 heavy atom(s)
GLU_150 misses 3 heavy atom(s)
GLU_160 misses 2 heavy atom(s)
GLU_179 misses 3 heavy atom(s)
ASN_189 misses 1 heavy atom(s)
LYS_192 misses 3 heavy atom(s)
ILE_202 misses 6 heavy atom(s)
ARG_203 misses 6 heavy atom(s)
ALA_204 misses 1 heavy atom(s)
LYS_208 misses 3 heavy atom(s)
GLU_210 misses 2 heavy atom(s)
GLU_213 misses 4 heavy atom(s)
GLU_223 misses 4 heavy atom(s)
The alternate coordinates have been discarded.
Only the first occurrence for each atom was kept.

==================================================
Summary of pdb4amber for: 3hpw_4tleap_uc1.pdb
===================================================

----------Chains
The following (original) chains have been found:
A
B
C

---------- Alternate Locations (Original Residues!))

The following residues had alternate locations:
None

---------- Mising heavy atom(s)

None
not prmtop_filename /net/lewis/scratch1/nigel/amber/hi_lo/hp/3hpw/4amber_3hpw.prmtop

	Running AmberPrep : 3hpw.pdb


==================================================
Running pdb4amber on 3hpw.pdb
==================================================

==================================================
Setting up library files for non-standard residues
==================================================

  Residue "PEG" already in amber monomer library. Skipping elbow/antechamber
    run for this residue.
        

  Residue "SO4" already in amber monomer library. Skipping elbow/antechamber
    run for this residue.
        

==================================================
Preparing asu files and 4phenix_3hpw.pdb
==================================================

~> tleap -f 3hpw_asu_tleap_input_run

Checking output filenames
  file : 3hpw_asu.prmtop
  file : 3hpw_asu.rst7

~> ChBox -c 3hpw_asu.rst7 -o 3hpw_asu.rst7 -X 41.357 -Y 38.038 -Z 69.651 -al 90.0 -bt 97.51 -gm 90.0 


============================================================
Preparing unit cell files: 4amber_3hpw.prmtop and 4amber_3hpw.rst7
============================================================

~> UnitCell -p 3hpw_4UnitCell.pdb -o 3hpw_4tleap_uc1.pdb


~> tleap -f 3hpw_uc_tleap_input_run

Checking output filenames
  file : 3hpw_uc.prmtop
  file : 3hpw_uc.rst7

~> ChBox -c 3hpw_uc.rst7 -o 3hpw_uc.rst7 -X 41.357 -Y 38.038 -Z 69.651 -al 90.0 -bt 97.51 -gm 90.0 


==================================================
Minimizing input coordinates.
==================================================

~> sander -O -i 3hpw_amber_all.in -p 4amber_3hpw.prmtop -c 4amber_3hpw.rst7 -o 3hpw.min.out            -ref 4amber_3hpw.rst7 -r 4amber_3hpw.min.rst7

checking special positions in 4phenix_3hpw.pdb

==================================================
Done.  Three new files have been made:
      4phenix_3hpw.pdb
      4amber_3hpw.prmtop
      4amber_3hpw.rst7
==================================================

Example

  phenix.refine 4phenix_3hpw.pdb use_amber=True \
    amber.topology_file_name=4amber_3hpw.prmtop \
    amber.coordinate_file_name=4amber_3hpw.rst7 \
    ....(other refinement keywords here).....



Substituting Amber PDB file for downloaded file
run_tests_local.py:222: UserWarning: os.system() is not safe: please use the subprocess module or libtbx.easy_run instead.
  os.system(cmd)

  Amber files
    PDB    : 3hpw.pdb
    MTZ    : 3hpw.mtz
    prmtop : 4amber_3hpw.prmtop
    rst7   : 4amber_3hpw.rst7
  
/net/lewis/raid1/scratch1/nigel/amber/hi_lo/hp/3hpw
return_files 3hpw
/net/chevy/raid1/nigel/amber/hi_lo
4amber_3hpw.pdb
4phenix_3hpw.pdb
cp 4phenix_3hpw.pdb /net/chevy/raid1/nigel/amber/hi_lo/hp/3hpw
3hpw.pdb
cp 3hpw.pdb /net/chevy/raid1/nigel/amber/hi_lo/hp/3hpw
4amber_3hpw.mtz
4phenix_3hpw.mtz
3hpw.mtz
cp 3hpw.mtz /net/chevy/raid1/nigel/amber/hi_lo/hp/3hpw
4amber_3hpw.rst7
cp 4amber_3hpw.rst7 /net/chevy/raid1/nigel/amber/hi_lo/hp/3hpw
4phenix_3hpw.rst7
3hpw.rst7
4amber_3hpw.prmtop
cp 4amber_3hpw.prmtop /net/chevy/raid1/nigel/amber/hi_lo/hp/3hpw
4phenix_3hpw.prmtop
3hpw.prmtop
4amber_3hpw_refine_001.log
4phenix_3hpw_refine_001.log
3hpw_refine_001.log
4amber_3hpw_refine_002.log
4phenix_3hpw_refine_002.log
3hpw_refine_002.log
4amber_3hpw_refine_001.pdb
4phenix_3hpw_refine_001.pdb
3hpw_refine_001.pdb
4amber_3hpw_refine_002.pdb
4phenix_3hpw_refine_002.pdb
3hpw_refine_002.pdb
local_archive /net/chevy/raid1/nigel/amber/hi_lo
archive PDB /net/chevy/raid1/nigel/amber/hi_lo/hp/3hpw/3hpw.pdb
/net/lewis/raid1/scratch1/nigel/amber/hi_lo/hp/3hpw
------------------------------
phenix.refine log filename ? > /net/chevy/raid1/nigel/amber/hi_lo/hp/3hpw/3hpw_refine_001.log
------------------------------

	Already done (on chevy) 3hpw_refine_001
------------------------------
phenix.refine log filename ? > /net/chevy/raid1/nigel/amber/hi_lo/hp/3hpw/3hpw_refine_002.log
------------------------------

	Already done (on chevy) 3hpw_refine_002
