HOST morse.lbl.gov
only_i 72
only_code None
force_amber_prep True
dry_run False
... 72 2h62
/net/chevy/raid1/nigel/amber/hi_lo
/net/chevy/raid1/nigel/amber/hi_lo/h6/2h62
2h62.pdb 4phenix_2h62.pdb
2h62.pdb 4phenix_2h62.pdb
local_archive None
archive PDB None
Reading from local mirror:
  /net/cci/pdb_mirror/pdb/h6/pdb2h62.ent.gz
Model saved to /net/morse/raid1/scratch1/nigel/amber/hi_lo/h6/2h62/2h62.pdb
Sequence saved to /net/morse/raid1/scratch1/nigel/amber/hi_lo/h6/2h62/2h62.fa
Reading from local mirror:
  /net/cci/pdb_mirror/structure_factors/h6/r2h62sf.ent.gz
Structure factors saved to /net/morse/raid1/scratch1/nigel/amber/hi_lo/h6/2h62/2h62-sf.cif
Reading from local mirror:
  /net/cci/pdb_mirror/mmcif/h6/2h62.cif.gz
Model saved to /net/morse/raid1/scratch1/nigel/amber/hi_lo/h6/2h62/2h62.cif
Can't determine output label for r2h62sf,_refln.crystal_id - skipping.
Can't determine output label for r2h62sf,_refln.scale_group_code - skipping.
R-free-flags: fraction_free=0.049
R-free-flags: missing 5938 reflections
Can't determine output label for r2h62sf,_refln.wavelength_id - skipping.
Converted structure factors saved to 2h62.mtz
local_archive None
archive PDB None
Reading from local mirror:
  /net/cci/pdb_mirror/pdb/h6/pdb2h62.ent.gz
Model saved to /net/morse/raid1/scratch1/nigel/amber/hi_lo/h6/2h62/2h62.pdb
Sequence saved to /net/morse/raid1/scratch1/nigel/amber/hi_lo/h6/2h62/2h62.fa
Reading from local mirror:
  /net/cci/pdb_mirror/structure_factors/h6/r2h62sf.ent.gz
Structure factors saved to /net/morse/raid1/scratch1/nigel/amber/hi_lo/h6/2h62/2h62-sf.cif
Reading from local mirror:
  /net/cci/pdb_mirror/mmcif/h6/2h62.cif.gz
Model saved to /net/morse/raid1/scratch1/nigel/amber/hi_lo/h6/2h62/2h62.cif
Can't determine output label for r2h62sf,_refln.crystal_id - skipping.
Can't determine output label for r2h62sf,_refln.scale_group_code - skipping.
R-free-flags: fraction_free=0.049
R-free-flags: missing 5938 reflections
Can't determine output label for r2h62sf,_refln.wavelength_id - skipping.
Converted structure factors saved to 2h62.mtz

==================================================
Summary of pdb4amber for: 2h62.pdb
===================================================
REDUCE returned non-zero exit status: See reduce_info.log for more details

----------Chains
The following (original) chains have been found:
A
B
C
D

---------- Alternate Locations (Original Residues!))

The following residues had alternate locations:
None

---------- Mising heavy atom(s)

LYS_1 misses 4 heavy atom(s)
TYR_184 misses 7 heavy atom(s)
LEU_185 misses 3 heavy atom(s)
ASP_186 misses 3 heavy atom(s)
GLU_187 misses 4 heavy atom(s)
VAL_191 misses 2 heavy atom(s)
ASP_241 misses 3 heavy atom(s)
GLN_242 misses 4 heavy atom(s)
GLU_305 misses 4 heavy atom(s)
LEU_306 misses 3 heavy atom(s)
ARG_308 misses 6 heavy atom(s)
GLN_321 misses 4 heavy atom(s)
ASP_322 misses 3 heavy atom(s)
SER_334 misses 1 heavy atom(s)
THR_337 misses 2 heavy atom(s)
GLU_363 misses 4 heavy atom(s)
ASN_364 misses 3 heavy atom(s)

==================================================
Summary of pdb4amber for: 2h62_4tleap_uc1.pdb
===================================================

----------Chains
The following (original) chains have been found:
A
B
C
D

---------- Alternate Locations (Original Residues!))

The following residues had alternate locations:
None

---------- Mising heavy atom(s)

None
not prmtop_filename /net/morse/scratch1/nigel/amber/hi_lo/h6/2h62/4amber_2h62.prmtop

	Running AmberPrep : 2h62.pdb


==================================================
Running pdb4amber on 2h62.pdb
==================================================

==================================================
Setting up library files for non-standard residues
==================================================

==================================================
Preparing asu files and 4phenix_2h62.pdb
==================================================

~> tleap -f 2h62_asu_tleap_input_run

Checking output filenames
  file : 2h62_asu.prmtop
  file : 2h62_asu.rst7

~> ChBox -c 2h62_asu.rst7 -o 2h62_asu.rst7 -X 64.131 -Y 65.368 -Z 114.067 -al 90.0 -bt 90.0 -gm 90.0 


============================================================
Preparing unit cell files: 4amber_2h62.prmtop and 4amber_2h62.rst7
============================================================

~> UnitCell -p 2h62_4UnitCell.pdb -o 2h62_4tleap_uc1.pdb


~> tleap -f 2h62_uc_tleap_input_run

Checking output filenames
  file : 2h62_uc.prmtop
  file : 2h62_uc.rst7

~> ChBox -c 2h62_uc.rst7 -o 2h62_uc.rst7 -X 64.131 -Y 65.368 -Z 114.067 -al 90.0 -bt 90.0 -gm 90.0 


==================================================
Minimizing input coordinates.
==================================================

~> sander -O -i 2h62_amber_all.in -p 4amber_2h62.prmtop -c 4amber_2h62.rst7 -o 2h62.min.out            -ref 4amber_2h62.rst7 -r 4amber_2h62.min.rst7

checking special positions in 4phenix_2h62.pdb

==================================================
Done.  Three new files have been made:
      4phenix_2h62.pdb
      4amber_2h62.prmtop
      4amber_2h62.rst7
==================================================

Example

  phenix.refine 4phenix_2h62.pdb use_amber=True \
    amber.topology_file_name=4amber_2h62.prmtop \
    amber.coordinate_file_name=4amber_2h62.rst7 \
    ....(other refinement keywords here).....



Substituting Amber PDB file for downloaded file
run_tests_local.py:222: UserWarning: os.system() is not safe: please use the subprocess module or libtbx.easy_run instead.
  os.system(cmd)

  Amber files
    PDB    : 2h62.pdb
    MTZ    : 2h62.mtz
    prmtop : 4amber_2h62.prmtop
    rst7   : 4amber_2h62.rst7
  
/net/morse/raid1/scratch1/nigel/amber/hi_lo/h6/2h62
return_files 2h62
/net/chevy/raid1/nigel/amber/hi_lo
4amber_2h62.pdb
4phenix_2h62.pdb
cp 4phenix_2h62.pdb /net/chevy/raid1/nigel/amber/hi_lo/h6/2h62
2h62.pdb
cp 2h62.pdb /net/chevy/raid1/nigel/amber/hi_lo/h6/2h62
4amber_2h62.mtz
4phenix_2h62.mtz
2h62.mtz
cp 2h62.mtz /net/chevy/raid1/nigel/amber/hi_lo/h6/2h62
4amber_2h62.rst7
cp 4amber_2h62.rst7 /net/chevy/raid1/nigel/amber/hi_lo/h6/2h62
4phenix_2h62.rst7
2h62.rst7
4amber_2h62.prmtop
cp 4amber_2h62.prmtop /net/chevy/raid1/nigel/amber/hi_lo/h6/2h62
4phenix_2h62.prmtop
2h62.prmtop
4amber_2h62_refine_001.log
4phenix_2h62_refine_001.log
2h62_refine_001.log
4amber_2h62_refine_002.log
4phenix_2h62_refine_002.log
2h62_refine_002.log
4amber_2h62_refine_001.pdb
4phenix_2h62_refine_001.pdb
2h62_refine_001.pdb
4amber_2h62_refine_002.pdb
4phenix_2h62_refine_002.pdb
2h62_refine_002.pdb
local_archive /net/chevy/raid1/nigel/amber/hi_lo
archive PDB /net/chevy/raid1/nigel/amber/hi_lo/h6/2h62/2h62.pdb
/net/morse/raid1/scratch1/nigel/amber/hi_lo/h6/2h62
------------------------------
phenix.refine log filename ? > /net/chevy/raid1/nigel/amber/hi_lo/h6/2h62/2h62_refine_001.log
------------------------------

	Already done (on chevy) 2h62_refine_001
------------------------------
phenix.refine log filename ? > /net/chevy/raid1/nigel/amber/hi_lo/h6/2h62/2h62_refine_002.log
------------------------------

	Already done (on chevy) 2h62_refine_002
