HOST lewis.lbl.gov
only_i 302
only_code None
force_amber_prep True
dry_run False
... 302 3ak8
/net/chevy/raid1/nigel/amber/hi_lo
/net/chevy/raid1/nigel/amber/hi_lo/ak/3ak8
3ak8.pdb 4phenix_3ak8.pdb
3ak8.pdb 4phenix_3ak8.pdb
local_archive None
archive PDB None
Reading from local mirror:
  /net/cci/pdb_mirror/pdb/ak/pdb3ak8.ent.gz
Model saved to /net/lewis/raid1/scratch1/nigel/amber/hi_lo/ak/3ak8/3ak8.pdb
Traceback (most recent call last):
  File "/net/cci-filer2/raid1/xp/phenix/phenix-svn/build/../modules/cctbx_project/mmtbx/command_line/fetch_pdb.py", line 199, in <module>
    run2(sys.argv[1:])
  File "/net/cci-filer2/raid1/xp/phenix/phenix-svn/build/../modules/cctbx_project/mmtbx/command_line/fetch_pdb.py", line 155, in run2
    files.append(get_pdb(id, data_type_, mirror, log, format=data_format))
  File "/net/cci-filer2/raid1/xp/phenix/phenix-svn/modules/cctbx_project/iotbx/pdb/fetch.py", line 213, in get_pdb
    data = fetch(id, data_type, mirror=mirror, format=format, log=log)
  File "/net/cci-filer2/raid1/xp/phenix/phenix-svn/modules/cctbx_project/iotbx/pdb/fetch.py", line 150, in fetch
    data = libtbx.utils.urlopen(url)
  File "/net/cci-filer2/raid1/xp/phenix/phenix-svn/modules/cctbx_project/libtbx/utils.py", line 2069, in urlopen
    return urllib2.urlopen(*args, **kwds)
  File "/net/cci-filer2/raid1/xp/phenix/phenix-svn/base/lib/python2.7/urllib2.py", line 127, in urlopen
    return _opener.open(url, data, timeout)
  File "/net/cci-filer2/raid1/xp/phenix/phenix-svn/base/lib/python2.7/urllib2.py", line 404, in open
    response = self._open(req, data)
  File "/net/cci-filer2/raid1/xp/phenix/phenix-svn/base/lib/python2.7/urllib2.py", line 422, in _open
    '_open', req)
  File "/net/cci-filer2/raid1/xp/phenix/phenix-svn/base/lib/python2.7/urllib2.py", line 382, in _call_chain
    result = func(*args)
  File "/net/cci-filer2/raid1/xp/phenix/phenix-svn/base/lib/python2.7/urllib2.py", line 1214, in http_open
    return self.do_open(httplib.HTTPConnection, req)
  File "/net/cci-filer2/raid1/xp/phenix/phenix-svn/base/lib/python2.7/urllib2.py", line 1184, in do_open
    raise URLError(err)
urllib2.URLError: <urlopen error [Errno 110] Connection timed out>
local_archive None
archive PDB None
Reading from local mirror:
  /net/cci/pdb_mirror/pdb/ak/pdb3ak8.ent.gz
Model saved to /net/lewis/raid1/scratch1/nigel/amber/hi_lo/ak/3ak8/3ak8.pdb
Traceback (most recent call last):
  File "/net/cci-filer2/raid1/xp/phenix/phenix-svn/build/../modules/cctbx_project/mmtbx/command_line/fetch_pdb.py", line 199, in <module>
    run2(sys.argv[1:])
  File "/net/cci-filer2/raid1/xp/phenix/phenix-svn/build/../modules/cctbx_project/mmtbx/command_line/fetch_pdb.py", line 155, in run2
    files.append(get_pdb(id, data_type_, mirror, log, format=data_format))
  File "/net/cci-filer2/raid1/xp/phenix/phenix-svn/modules/cctbx_project/iotbx/pdb/fetch.py", line 213, in get_pdb
    data = fetch(id, data_type, mirror=mirror, format=format, log=log)
  File "/net/cci-filer2/raid1/xp/phenix/phenix-svn/modules/cctbx_project/iotbx/pdb/fetch.py", line 150, in fetch
    data = libtbx.utils.urlopen(url)
  File "/net/cci-filer2/raid1/xp/phenix/phenix-svn/modules/cctbx_project/libtbx/utils.py", line 2069, in urlopen
    return urllib2.urlopen(*args, **kwds)
  File "/net/cci-filer2/raid1/xp/phenix/phenix-svn/base/lib/python2.7/urllib2.py", line 127, in urlopen
    return _opener.open(url, data, timeout)
  File "/net/cci-filer2/raid1/xp/phenix/phenix-svn/base/lib/python2.7/urllib2.py", line 404, in open
    response = self._open(req, data)
  File "/net/cci-filer2/raid1/xp/phenix/phenix-svn/base/lib/python2.7/urllib2.py", line 422, in _open
    '_open', req)
  File "/net/cci-filer2/raid1/xp/phenix/phenix-svn/base/lib/python2.7/urllib2.py", line 382, in _call_chain
    result = func(*args)
  File "/net/cci-filer2/raid1/xp/phenix/phenix-svn/base/lib/python2.7/urllib2.py", line 1214, in http_open
    return self.do_open(httplib.HTTPConnection, req)
  File "/net/cci-filer2/raid1/xp/phenix/phenix-svn/base/lib/python2.7/urllib2.py", line 1184, in do_open
    raise URLError(err)
urllib2.URLError: <urlopen error [Errno 110] Connection timed out>

==================================================
Summary of pdb4amber for: 3ak8.pdb
===================================================

----------Chains
The following (original) chains have been found:
A
B
C
D
E
F
G
H
I
J
K
L

---------- Alternate Locations (Original Residues!))

The following residues had alternate locations:
SER_31
ASP_209
ASP_217
MET_222
ILE_240
SER_321
MET_377
SER_496
LEU_497
ASP_527
MET_532
LEU_639
ASP_682
MET_687
GLU_689
VAL_692
GLN_693
SER_810
ASP_833
ASP_841
MET_846
ILE_864
SER_965
ASP_988
MET_1001
SER_1120
ASP_1151
MET_1156
SER_1176
SER_1275
THR_1305
ASP_1306
MET_1311
GLU_1313
VAL_1316
LEU_1318
MET_1466
MET_1621
SER_1740
LEU_1741
MET_1776

---------- Mising heavy atom(s)

None
The alternate coordinates have been discarded.
Only the first occurrence for each atom was kept.

==================================================
Summary of pdb4amber for: 3ak8_4tleap_uc1.pdb
===================================================

----------Chains
The following (original) chains have been found:
A
B
C
D
E
F
G
H
I
J
K
L

---------- Alternate Locations (Original Residues!))

The following residues had alternate locations:
None

---------- Mising heavy atom(s)

None
not prmtop_filename /net/lewis/scratch1/nigel/amber/hi_lo/ak/3ak8/4amber_3ak8.prmtop

	Running AmberPrep : 3ak8.pdb


==================================================
Running pdb4amber on 3ak8.pdb
==================================================

==================================================
Setting up library files for non-standard residues
==================================================

  Residue "SO4" already in amber monomer library. Skipping elbow/antechamber
    run for this residue.
        

==================================================
Preparing asu files and 4phenix_3ak8.pdb
==================================================

~> tleap -f 3ak8_asu_tleap_input_run

Checking output filenames
  file : 3ak8_asu.prmtop
  file : 3ak8_asu.rst7

~> ChBox -c 3ak8_asu.rst7 -o 3ak8_asu.rst7 -X 94.699 -Y 98.383 -Z 208.915 -al 90.0 -bt 90.0 -gm 90.0 


============================================================
Preparing unit cell files: 4amber_3ak8.prmtop and 4amber_3ak8.rst7
============================================================

~> UnitCell -p 3ak8_4UnitCell.pdb -o 3ak8_4tleap_uc1.pdb


~> tleap -f 3ak8_uc_tleap_input_run

Checking output filenames
  file : 3ak8_uc.prmtop
  file : 3ak8_uc.rst7

~> ChBox -c 3ak8_uc.rst7 -o 3ak8_uc.rst7 -X 94.699 -Y 98.383 -Z 208.915 -al 90.0 -bt 90.0 -gm 90.0 


==================================================
Minimizing input coordinates.
==================================================

~> sander -O -i 3ak8_amber_all.in -p 4amber_3ak8.prmtop -c 4amber_3ak8.rst7 -o 3ak8.min.out            -ref 4amber_3ak8.rst7 -r 4amber_3ak8.min.rst7

checking special positions in 4phenix_3ak8.pdb

==================================================
Done.  Three new files have been made:
      4phenix_3ak8.pdb
      4amber_3ak8.prmtop
      4amber_3ak8.rst7
==================================================

Example

  phenix.refine 4phenix_3ak8.pdb use_amber=True \
    amber.topology_file_name=4amber_3ak8.prmtop \
    amber.coordinate_file_name=4amber_3ak8.rst7 \
    ....(other refinement keywords here).....



Substituting Amber PDB file for downloaded file
run_tests_local.py:222: UserWarning: os.system() is not safe: please use the subprocess module or libtbx.easy_run instead.
  os.system(cmd)

  Amber files
    PDB    : 3ak8.pdb
    MTZ    : 3ak8.mtz
    prmtop : 4amber_3ak8.prmtop
    rst7   : 4amber_3ak8.rst7
  
/net/lewis/raid1/scratch1/nigel/amber/hi_lo/ak/3ak8
return_files 3ak8
/net/chevy/raid1/nigel/amber/hi_lo
4amber_3ak8.pdb
4phenix_3ak8.pdb
cp 4phenix_3ak8.pdb /net/chevy/raid1/nigel/amber/hi_lo/ak/3ak8
3ak8.pdb
cp 3ak8.pdb /net/chevy/raid1/nigel/amber/hi_lo/ak/3ak8
4amber_3ak8.mtz
4phenix_3ak8.mtz
3ak8.mtz
cp 3ak8.mtz /net/chevy/raid1/nigel/amber/hi_lo/ak/3ak8
4amber_3ak8.rst7
cp 4amber_3ak8.rst7 /net/chevy/raid1/nigel/amber/hi_lo/ak/3ak8
4phenix_3ak8.rst7
3ak8.rst7
4amber_3ak8.prmtop
cp 4amber_3ak8.prmtop /net/chevy/raid1/nigel/amber/hi_lo/ak/3ak8
4phenix_3ak8.prmtop
3ak8.prmtop
4amber_3ak8_refine_001.log
4phenix_3ak8_refine_001.log
3ak8_refine_001.log
4amber_3ak8_refine_002.log
4phenix_3ak8_refine_002.log
3ak8_refine_002.log
4amber_3ak8_refine_001.pdb
4phenix_3ak8_refine_001.pdb
3ak8_refine_001.pdb
4amber_3ak8_refine_002.pdb
4phenix_3ak8_refine_002.pdb
3ak8_refine_002.pdb
local_archive /net/chevy/raid1/nigel/amber/hi_lo
archive PDB /net/chevy/raid1/nigel/amber/hi_lo/ak/3ak8/3ak8.pdb
/net/lewis/raid1/scratch1/nigel/amber/hi_lo/ak/3ak8
------------------------------
phenix.refine log filename ? > /net/chevy/raid1/nigel/amber/hi_lo/ak/3ak8/3ak8_refine_001.log
------------------------------

	Already done (on chevy) 3ak8_refine_001
------------------------------
phenix.refine log filename ? > /net/chevy/raid1/nigel/amber/hi_lo/ak/3ak8/3ak8_refine_002.log
------------------------------

	Already done (on chevy) 3ak8_refine_002
