HOST morse.lbl.gov
only_i 66
only_code None
force_amber_prep True
dry_run False
... 66 3m9h
/net/chevy/raid1/nigel/amber/hi_lo
/net/chevy/raid1/nigel/amber/hi_lo/m9/3m9h
3m9h.pdb 4phenix_3m9h.pdb
3m9h.pdb 4phenix_3m9h.pdb
local_archive None
archive PDB None
Reading from local mirror:
  /net/cci/pdb_mirror/pdb/m9/pdb3m9h.ent.gz
Model saved to /net/morse/raid1/scratch1/nigel/amber/hi_lo/m9/3m9h/3m9h.pdb
Sequence saved to /net/morse/raid1/scratch1/nigel/amber/hi_lo/m9/3m9h/3m9h.fa
Reading from local mirror:
  /net/cci/pdb_mirror/structure_factors/m9/r3m9hsf.ent.gz
Structure factors saved to /net/morse/raid1/scratch1/nigel/amber/hi_lo/m9/3m9h/3m9h-sf.cif
Reading from local mirror:
  /net/cci/pdb_mirror/mmcif/m9/3m9h.cif.gz
Model saved to /net/morse/raid1/scratch1/nigel/amber/hi_lo/m9/3m9h/3m9h.cif
Can't determine output label for r3m9hsf,_refln.crystal_id - skipping.
Can't determine output label for r3m9hsf,_refln.scale_group_code - skipping.
Can't determine output label for r3m9hsf,_refln.wavelength_id - skipping.
Converted structure factors saved to 3m9h.mtz
local_archive None
archive PDB None
Reading from local mirror:
  /net/cci/pdb_mirror/pdb/m9/pdb3m9h.ent.gz
Model saved to /net/morse/raid1/scratch1/nigel/amber/hi_lo/m9/3m9h/3m9h.pdb
Sequence saved to /net/morse/raid1/scratch1/nigel/amber/hi_lo/m9/3m9h/3m9h.fa
Reading from local mirror:
  /net/cci/pdb_mirror/structure_factors/m9/r3m9hsf.ent.gz
Structure factors saved to /net/morse/raid1/scratch1/nigel/amber/hi_lo/m9/3m9h/3m9h-sf.cif
Reading from local mirror:
  /net/cci/pdb_mirror/mmcif/m9/3m9h.cif.gz
Model saved to /net/morse/raid1/scratch1/nigel/amber/hi_lo/m9/3m9h/3m9h.cif
Can't determine output label for r3m9hsf,_refln.crystal_id - skipping.
Can't determine output label for r3m9hsf,_refln.scale_group_code - skipping.
Can't determine output label for r3m9hsf,_refln.wavelength_id - skipping.
Converted structure factors saved to 3m9h.mtz

==================================================
Summary of pdb4amber for: 3m9h.pdb
===================================================

----------Chains
The following (original) chains have been found:
A
B
C
D
E
F

---------- Alternate Locations (Original Residues!))

The following residues had alternate locations:
None

---------- Mising heavy atom(s)

None

==================================================
Summary of pdb4amber for: 3m9h_4tleap_uc1.pdb
===================================================

----------Chains
The following (original) chains have been found:
A
B
C
D
E
F

---------- Alternate Locations (Original Residues!))

The following residues had alternate locations:
None

---------- Mising heavy atom(s)

None
not prmtop_filename /net/morse/scratch1/nigel/amber/hi_lo/m9/3m9h/4amber_3m9h.prmtop

	Running AmberPrep : 3m9h.pdb


==================================================
Running pdb4amber on 3m9h.pdb
==================================================

==================================================
Setting up library files for non-standard residues
==================================================

==================================================
Preparing asu files and 4phenix_3m9h.pdb
==================================================

~> tleap -f 3m9h_asu_tleap_input_run

Checking output filenames
  file : 3m9h_asu.prmtop
  file : 3m9h_asu.rst7

~> ChBox -c 3m9h_asu.rst7 -o 3m9h_asu.rst7 -X 80.752 -Y 114.164 -Z 114.49 -al 90.0 -bt 90.0 -gm 90.0 


============================================================
Preparing unit cell files: 4amber_3m9h.prmtop and 4amber_3m9h.rst7
============================================================

~> UnitCell -p 3m9h_4UnitCell.pdb -o 3m9h_4tleap_uc1.pdb


~> tleap -f 3m9h_uc_tleap_input_run

Checking output filenames
  file : 3m9h_uc.prmtop
  file : 3m9h_uc.rst7

~> ChBox -c 3m9h_uc.rst7 -o 3m9h_uc.rst7 -X 80.752 -Y 114.164 -Z 114.49 -al 90.0 -bt 90.0 -gm 90.0 


==================================================
Minimizing input coordinates.
==================================================

~> sander -O -i 3m9h_amber_all.in -p 4amber_3m9h.prmtop -c 4amber_3m9h.rst7 -o 3m9h.min.out            -ref 4amber_3m9h.rst7 -r 4amber_3m9h.min.rst7

checking special positions in 4phenix_3m9h.pdb

==================================================
Done.  Three new files have been made:
      4phenix_3m9h.pdb
      4amber_3m9h.prmtop
      4amber_3m9h.rst7
==================================================

Example

  phenix.refine 4phenix_3m9h.pdb use_amber=True \
    amber.topology_file_name=4amber_3m9h.prmtop \
    amber.coordinate_file_name=4amber_3m9h.rst7 \
    ....(other refinement keywords here).....



Substituting Amber PDB file for downloaded file
run_tests_local.py:222: UserWarning: os.system() is not safe: please use the subprocess module or libtbx.easy_run instead.
  os.system(cmd)

  Amber files
    PDB    : 3m9h.pdb
    MTZ    : 3m9h.mtz
    prmtop : 4amber_3m9h.prmtop
    rst7   : 4amber_3m9h.rst7
  
/net/morse/raid1/scratch1/nigel/amber/hi_lo/m9/3m9h
return_files 3m9h
/net/chevy/raid1/nigel/amber/hi_lo
4amber_3m9h.pdb
4phenix_3m9h.pdb
cp 4phenix_3m9h.pdb /net/chevy/raid1/nigel/amber/hi_lo/m9/3m9h
3m9h.pdb
cp 3m9h.pdb /net/chevy/raid1/nigel/amber/hi_lo/m9/3m9h
4amber_3m9h.mtz
4phenix_3m9h.mtz
3m9h.mtz
cp 3m9h.mtz /net/chevy/raid1/nigel/amber/hi_lo/m9/3m9h
4amber_3m9h.rst7
cp 4amber_3m9h.rst7 /net/chevy/raid1/nigel/amber/hi_lo/m9/3m9h
4phenix_3m9h.rst7
3m9h.rst7
4amber_3m9h.prmtop
cp 4amber_3m9h.prmtop /net/chevy/raid1/nigel/amber/hi_lo/m9/3m9h
4phenix_3m9h.prmtop
3m9h.prmtop
4amber_3m9h_refine_001.log
4phenix_3m9h_refine_001.log
3m9h_refine_001.log
4amber_3m9h_refine_002.log
4phenix_3m9h_refine_002.log
3m9h_refine_002.log
4amber_3m9h_refine_001.pdb
4phenix_3m9h_refine_001.pdb
3m9h_refine_001.pdb
4amber_3m9h_refine_002.pdb
4phenix_3m9h_refine_002.pdb
3m9h_refine_002.pdb
local_archive /net/chevy/raid1/nigel/amber/hi_lo
archive PDB /net/chevy/raid1/nigel/amber/hi_lo/m9/3m9h/3m9h.pdb
/net/morse/raid1/scratch1/nigel/amber/hi_lo/m9/3m9h
------------------------------
phenix.refine log filename ? > /net/chevy/raid1/nigel/amber/hi_lo/m9/3m9h/3m9h_refine_001.log
------------------------------

	Already done (on chevy) 3m9h_refine_001
------------------------------
phenix.refine log filename ? > /net/chevy/raid1/nigel/amber/hi_lo/m9/3m9h/3m9h_refine_002.log
------------------------------

	Already done (on chevy) 3m9h_refine_002
