HOST morse.lbl.gov
only_i 239
only_code None
force_amber_prep True
dry_run False
... 239 2zz9
/net/chevy/raid1/nigel/amber/hi_lo
/net/chevy/raid1/nigel/amber/hi_lo/zz/2zz9
2zz9.pdb 4phenix_2zz9.pdb
2zz9.pdb 4phenix_2zz9.pdb
local_archive None
archive PDB None
Reading from local mirror:
  /net/cci/pdb_mirror/pdb/zz/pdb2zz9.ent.gz
Model saved to /net/morse/raid1/scratch1/nigel/amber/hi_lo/zz/2zz9/2zz9.pdb
Sequence saved to /net/morse/raid1/scratch1/nigel/amber/hi_lo/zz/2zz9/2zz9.fa
Reading from local mirror:
  /net/cci/pdb_mirror/structure_factors/zz/r2zz9sf.ent.gz
Structure factors saved to /net/morse/raid1/scratch1/nigel/amber/hi_lo/zz/2zz9/2zz9-sf.cif
Reading from local mirror:
  /net/cci/pdb_mirror/mmcif/zz/2zz9.cif.gz
Model saved to /net/morse/raid1/scratch1/nigel/amber/hi_lo/zz/2zz9/2zz9.cif
Can't determine output label for r2zz9sf,_refln.crystal_id - skipping.
Can't determine output label for r2zz9sf,_refln.scale_group_code - skipping.
Can't determine output label for r2zz9sf,_refln.wavelength_id - skipping.
Converted structure factors saved to 2zz9.mtz
local_archive None
archive PDB None
Reading from local mirror:
  /net/cci/pdb_mirror/pdb/zz/pdb2zz9.ent.gz
Model saved to /net/morse/raid1/scratch1/nigel/amber/hi_lo/zz/2zz9/2zz9.pdb
Sequence saved to /net/morse/raid1/scratch1/nigel/amber/hi_lo/zz/2zz9/2zz9.fa
Reading from local mirror:
  /net/cci/pdb_mirror/structure_factors/zz/r2zz9sf.ent.gz
Structure factors saved to /net/morse/raid1/scratch1/nigel/amber/hi_lo/zz/2zz9/2zz9-sf.cif
Reading from local mirror:
  /net/cci/pdb_mirror/mmcif/zz/2zz9.cif.gz
Model saved to /net/morse/raid1/scratch1/nigel/amber/hi_lo/zz/2zz9/2zz9.cif
Can't determine output label for r2zz9sf,_refln.crystal_id - skipping.
Can't determine output label for r2zz9sf,_refln.scale_group_code - skipping.
Can't determine output label for r2zz9sf,_refln.wavelength_id - skipping.
Converted structure factors saved to 2zz9.mtz

==================================================
Summary of pdb4amber for: 2zz9.pdb
===================================================
REDUCE returned non-zero exit status: See reduce_info.log for more details

----------Chains
The following (original) chains have been found:
A

---------- Alternate Locations (Original Residues!))

The following residues had alternate locations:
None

---------- Gaps (Renumbered Residues!)
gap of 3.911817 A between SER 33 and ASN 34

---------- Mising heavy atom(s)

ASN_34 misses 4 heavy atom(s)
PRO_35 misses 3 heavy atom(s)
LEU_36 misses 4 heavy atom(s)
PRO_37 misses 3 heavy atom(s)
VAL_38 misses 3 heavy atom(s)

==================================================
Summary of pdb4amber for: 2zz9_4tleap_uc1.pdb
===================================================

----------Chains
The following (original) chains have been found:
A

---------- Alternate Locations (Original Residues!))

The following residues had alternate locations:
None

---------- Gaps (Renumbered Residues!)
gap of 3.911817 A between SER 33 and ASN 34
gap of 3.911817 A between SER 275 and ASN 276
gap of 3.911817 A between SER 517 and ASN 518
gap of 3.911817 A between SER 759 and ASN 760
gap of 3.911817 A between SER 1001 and ASN 1002
gap of 3.911817 A between SER 1243 and ASN 1244
gap of 3.911817 A between SER 1485 and ASN 1486
gap of 3.911817 A between SER 1727 and ASN 1728

---------- Mising heavy atom(s)

None
not prmtop_filename /net/morse/scratch1/nigel/amber/hi_lo/zz/2zz9/4amber_2zz9.prmtop

	Running AmberPrep : 2zz9.pdb


==================================================
Running pdb4amber on 2zz9.pdb
==================================================

==================================================
Setting up library files for non-standard residues
==================================================

  Residue "PEE" already in amber monomer library. Skipping elbow/antechamber
    run for this residue.
        

==================================================
Preparing asu files and 4phenix_2zz9.pdb
==================================================

~> tleap -f 2zz9_asu_tleap_input_run

Checking output filenames
  file : 2zz9_asu.prmtop
  file : 2zz9_asu.rst7

~> ChBox -c 2zz9_asu.rst7 -o 2zz9_asu.rst7 -X 69.0 -Y 69.0 -Z 160.0 -al 90.0 -bt 90.0 -gm 90.0 


============================================================
Preparing unit cell files: 4amber_2zz9.prmtop and 4amber_2zz9.rst7
============================================================

~> UnitCell -p 2zz9_4UnitCell.pdb -o 2zz9_4tleap_uc1.pdb


~> tleap -f 2zz9_uc_tleap_input_run

Checking output filenames
  file : 2zz9_uc.prmtop
  file : 2zz9_uc.rst7

~> ChBox -c 2zz9_uc.rst7 -o 2zz9_uc.rst7 -X 69.0 -Y 69.0 -Z 160.0 -al 90.0 -bt 90.0 -gm 90.0 


==================================================
Minimizing input coordinates.
==================================================

~> sander -O -i 2zz9_amber_all.in -p 4amber_2zz9.prmtop -c 4amber_2zz9.rst7 -o 2zz9.min.out            -ref 4amber_2zz9.rst7 -r 4amber_2zz9.min.rst7

checking special positions in 4phenix_2zz9.pdb

==================================================
Done.  Three new files have been made:
      4phenix_2zz9.pdb
      4amber_2zz9.prmtop
      4amber_2zz9.rst7
==================================================

Example

  phenix.refine 4phenix_2zz9.pdb use_amber=True \
    amber.topology_file_name=4amber_2zz9.prmtop \
    amber.coordinate_file_name=4amber_2zz9.rst7 \
    ....(other refinement keywords here).....



Substituting Amber PDB file for downloaded file
run_tests_local.py:222: UserWarning: os.system() is not safe: please use the subprocess module or libtbx.easy_run instead.
  os.system(cmd)

  Amber files
    PDB    : 2zz9.pdb
    MTZ    : 2zz9.mtz
    prmtop : 4amber_2zz9.prmtop
    rst7   : 4amber_2zz9.rst7
  
/net/morse/raid1/scratch1/nigel/amber/hi_lo/zz/2zz9
return_files 2zz9
/net/chevy/raid1/nigel/amber/hi_lo
4amber_2zz9.pdb
4phenix_2zz9.pdb
cp 4phenix_2zz9.pdb /net/chevy/raid1/nigel/amber/hi_lo/zz/2zz9
2zz9.pdb
cp 2zz9.pdb /net/chevy/raid1/nigel/amber/hi_lo/zz/2zz9
4amber_2zz9.mtz
4phenix_2zz9.mtz
2zz9.mtz
cp 2zz9.mtz /net/chevy/raid1/nigel/amber/hi_lo/zz/2zz9
4amber_2zz9.rst7
cp 4amber_2zz9.rst7 /net/chevy/raid1/nigel/amber/hi_lo/zz/2zz9
4phenix_2zz9.rst7
2zz9.rst7
4amber_2zz9.prmtop
cp 4amber_2zz9.prmtop /net/chevy/raid1/nigel/amber/hi_lo/zz/2zz9
4phenix_2zz9.prmtop
2zz9.prmtop
4amber_2zz9_refine_001.log
4phenix_2zz9_refine_001.log
2zz9_refine_001.log
4amber_2zz9_refine_002.log
4phenix_2zz9_refine_002.log
2zz9_refine_002.log
4amber_2zz9_refine_001.pdb
4phenix_2zz9_refine_001.pdb
2zz9_refine_001.pdb
4amber_2zz9_refine_002.pdb
4phenix_2zz9_refine_002.pdb
2zz9_refine_002.pdb
local_archive /net/chevy/raid1/nigel/amber/hi_lo
archive PDB /net/chevy/raid1/nigel/amber/hi_lo/zz/2zz9/2zz9.pdb
/net/morse/raid1/scratch1/nigel/amber/hi_lo/zz/2zz9
------------------------------
phenix.refine log filename ? > /net/chevy/raid1/nigel/amber/hi_lo/zz/2zz9/2zz9_refine_001.log
------------------------------

	Already done (on chevy) 2zz9_refine_001
------------------------------
phenix.refine log filename ? > /net/chevy/raid1/nigel/amber/hi_lo/zz/2zz9/2zz9_refine_002.log
------------------------------

	Already done (on chevy) 2zz9_refine_002
