HOST morse.lbl.gov
only_i 169
only_code None
force_amber_prep True
dry_run False
... 169 1tyg
/net/chevy/raid1/nigel/amber/hi_lo
/net/chevy/raid1/nigel/amber/hi_lo/ty/1tyg
1tyg.pdb 4phenix_1tyg.pdb
1tyg.pdb 4phenix_1tyg.pdb
local_archive None
archive PDB None
Reading from local mirror:
  /net/cci/pdb_mirror/pdb/ty/pdb1tyg.ent.gz
Model saved to /net/morse/raid1/scratch1/nigel/amber/hi_lo/ty/1tyg/1tyg.pdb
Sequence saved to /net/morse/raid1/scratch1/nigel/amber/hi_lo/ty/1tyg/1tyg.fa
Reading from local mirror:
  /net/cci/pdb_mirror/structure_factors/ty/r1tygsf.ent.gz
Structure factors saved to /net/morse/raid1/scratch1/nigel/amber/hi_lo/ty/1tyg/1tyg-sf.cif
Reading from local mirror:
  /net/cci/pdb_mirror/mmcif/ty/1tyg.cif.gz
Model saved to /net/morse/raid1/scratch1/nigel/amber/hi_lo/ty/1tyg/1tyg.cif
Can't determine output label for r1tygsf,_refln.crystal_id - skipping.
Can't determine output label for r1tygsf,_refln.scale_group_code - skipping.
Can't determine output label for r1tygsf,_refln.wavelength_id - skipping.
Converted structure factors saved to 1tyg.mtz
local_archive None
archive PDB None
Reading from local mirror:
  /net/cci/pdb_mirror/pdb/ty/pdb1tyg.ent.gz
Model saved to /net/morse/raid1/scratch1/nigel/amber/hi_lo/ty/1tyg/1tyg.pdb
Sequence saved to /net/morse/raid1/scratch1/nigel/amber/hi_lo/ty/1tyg/1tyg.fa
Reading from local mirror:
  /net/cci/pdb_mirror/structure_factors/ty/r1tygsf.ent.gz
Structure factors saved to /net/morse/raid1/scratch1/nigel/amber/hi_lo/ty/1tyg/1tyg-sf.cif
Reading from local mirror:
  /net/cci/pdb_mirror/mmcif/ty/1tyg.cif.gz
Model saved to /net/morse/raid1/scratch1/nigel/amber/hi_lo/ty/1tyg/1tyg.cif
Can't determine output label for r1tygsf,_refln.crystal_id - skipping.
Can't determine output label for r1tygsf,_refln.scale_group_code - skipping.
Can't determine output label for r1tygsf,_refln.wavelength_id - skipping.
Converted structure factors saved to 1tyg.mtz

==================================================
Summary of pdb4amber for: 1tyg.pdb
===================================================
REDUCE returned non-zero exit status: See reduce_info.log for more details

----------Chains
The following (original) chains have been found:
A
B
C
G

---------- Alternate Locations (Original Residues!))

The following residues had alternate locations:
None

---------- Gaps (Renumbered Residues!)
gap of 17.407693 A between ALA 348 and PHE 349

---------- Mising heavy atom(s)

LYS_13 misses 4 heavy atom(s)
LYS_92 misses 4 heavy atom(s)
GLU_114 misses 4 heavy atom(s)
SER_116 misses 1 heavy atom(s)
GLN_117 misses 4 heavy atom(s)
LYS_305 misses 4 heavy atom(s)
GLN_306 misses 4 heavy atom(s)
MET_308 misses 3 heavy atom(s)
LYS_314 misses 4 heavy atom(s)
PHE_349 misses 6 heavy atom(s)
GLU_350 misses 4 heavy atom(s)
SER_352 misses 1 heavy atom(s)
GLN_353 misses 4 heavy atom(s)
PHE_356 misses 6 heavy atom(s)
ARG_382 misses 6 heavy atom(s)
LYS_388 misses 4 heavy atom(s)
LYS_557 misses 4 heavy atom(s)
LYS_574 misses 4 heavy atom(s)
LYS_582 misses 4 heavy atom(s)
LYS_587 misses 4 heavy atom(s)

==================================================
Summary of pdb4amber for: 1tyg_4tleap_uc1.pdb
===================================================

----------Chains
The following (original) chains have been found:
A
B
C
G

---------- Alternate Locations (Original Residues!))

The following residues had alternate locations:
None

---------- Gaps (Renumbered Residues!)
gap of 17.407693 A between ALA 348 and PHE 349
gap of 17.407747 A between ALA 963 and PHE 964
gap of 17.408317 A between ALA 1578 and PHE 1579
gap of 17.407693 A between ALA 2193 and PHE 2194
gap of 17.407747 A between ALA 2808 and PHE 2809
gap of 17.408317 A between ALA 3423 and PHE 3424
gap of 17.408317 A between ALA 4038 and PHE 4039
gap of 17.407693 A between ALA 4653 and PHE 4654
gap of 17.407747 A between ALA 5268 and PHE 5269
gap of 17.408317 A between ALA 5883 and PHE 5884
gap of 17.407693 A between ALA 6498 and PHE 6499
gap of 17.407747 A between ALA 7113 and PHE 7114

---------- Mising heavy atom(s)

None
not prmtop_filename /net/morse/scratch1/nigel/amber/hi_lo/ty/1tyg/4amber_1tyg.prmtop

	Running AmberPrep : 1tyg.pdb


==================================================
Running pdb4amber on 1tyg.pdb
==================================================

==================================================
Setting up library files for non-standard residues
==================================================

  Residue "PO4" already in amber monomer library. Skipping elbow/antechamber
    run for this residue.
        

==================================================
Preparing asu files and 4phenix_1tyg.pdb
==================================================

~> tleap -f 1tyg_asu_tleap_input_run

Checking output filenames
  file : 1tyg_asu.prmtop
  file : 1tyg_asu.rst7

~> ChBox -c 1tyg_asu.rst7 -o 1tyg_asu.rst7 -X 91.654 -Y 91.654 -Z 401.3 -al 90.0 -bt 90.0 -gm 120.0 


============================================================
Preparing unit cell files: 4amber_1tyg.prmtop and 4amber_1tyg.rst7
============================================================

~> UnitCell -p 1tyg_4UnitCell.pdb -o 1tyg_4tleap_uc1.pdb


~> tleap -f 1tyg_uc_tleap_input_run

Checking output filenames
  file : 1tyg_uc.prmtop
  file : 1tyg_uc.rst7

~> ChBox -c 1tyg_uc.rst7 -o 1tyg_uc.rst7 -X 91.654 -Y 91.654 -Z 401.3 -al 90.0 -bt 90.0 -gm 120.0 


==================================================
Minimizing input coordinates.
==================================================

~> sander -O -i 1tyg_amber_all.in -p 4amber_1tyg.prmtop -c 4amber_1tyg.rst7 -o 1tyg.min.out            -ref 4amber_1tyg.rst7 -r 4amber_1tyg.min.rst7

checking special positions in 4phenix_1tyg.pdb

==================================================
Done.  Three new files have been made:
      4phenix_1tyg.pdb
      4amber_1tyg.prmtop
      4amber_1tyg.rst7
==================================================

Example

  phenix.refine 4phenix_1tyg.pdb use_amber=True \
    amber.topology_file_name=4amber_1tyg.prmtop \
    amber.coordinate_file_name=4amber_1tyg.rst7 \
    ....(other refinement keywords here).....



Substituting Amber PDB file for downloaded file
run_tests_local.py:222: UserWarning: os.system() is not safe: please use the subprocess module or libtbx.easy_run instead.
  os.system(cmd)

  Amber files
    PDB    : 1tyg.pdb
    MTZ    : 1tyg.mtz
    prmtop : 4amber_1tyg.prmtop
    rst7   : 4amber_1tyg.rst7
  
/net/morse/raid1/scratch1/nigel/amber/hi_lo/ty/1tyg
return_files 1tyg
/net/chevy/raid1/nigel/amber/hi_lo
4amber_1tyg.pdb
4phenix_1tyg.pdb
cp 4phenix_1tyg.pdb /net/chevy/raid1/nigel/amber/hi_lo/ty/1tyg
1tyg.pdb
cp 1tyg.pdb /net/chevy/raid1/nigel/amber/hi_lo/ty/1tyg
4amber_1tyg.mtz
4phenix_1tyg.mtz
1tyg.mtz
cp 1tyg.mtz /net/chevy/raid1/nigel/amber/hi_lo/ty/1tyg
4amber_1tyg.rst7
cp 4amber_1tyg.rst7 /net/chevy/raid1/nigel/amber/hi_lo/ty/1tyg
4phenix_1tyg.rst7
1tyg.rst7
4amber_1tyg.prmtop
cp 4amber_1tyg.prmtop /net/chevy/raid1/nigel/amber/hi_lo/ty/1tyg
4phenix_1tyg.prmtop
1tyg.prmtop
4amber_1tyg_refine_001.log
4phenix_1tyg_refine_001.log
1tyg_refine_001.log
4amber_1tyg_refine_002.log
4phenix_1tyg_refine_002.log
1tyg_refine_002.log
4amber_1tyg_refine_001.pdb
4phenix_1tyg_refine_001.pdb
1tyg_refine_001.pdb
4amber_1tyg_refine_002.pdb
4phenix_1tyg_refine_002.pdb
1tyg_refine_002.pdb
local_archive /net/chevy/raid1/nigel/amber/hi_lo
archive PDB /net/chevy/raid1/nigel/amber/hi_lo/ty/1tyg/1tyg.pdb
/net/morse/raid1/scratch1/nigel/amber/hi_lo/ty/1tyg
------------------------------
phenix.refine log filename ? > /net/chevy/raid1/nigel/amber/hi_lo/ty/1tyg/1tyg_refine_001.log
------------------------------

	Already done (on chevy) 1tyg_refine_001
------------------------------
phenix.refine log filename ? > /net/chevy/raid1/nigel/amber/hi_lo/ty/1tyg/1tyg_refine_002.log
------------------------------

	Already done (on chevy) 1tyg_refine_002
