HOST lewis.lbl.gov
only_i 373
only_code None
force_amber_prep True
dry_run False
... 373 1bmf
/net/chevy/raid1/nigel/amber/hi_lo
/net/chevy/raid1/nigel/amber/hi_lo/bm/1bmf
1bmf.pdb 4phenix_1bmf.pdb
1bmf.pdb 4phenix_1bmf.pdb
local_archive None
archive PDB None
Reading from local mirror:
  /net/cci/pdb_mirror/pdb/bm/pdb1bmf.ent.gz
Model saved to /net/lewis/raid1/scratch1/nigel/amber/hi_lo/bm/1bmf/1bmf.pdb
Traceback (most recent call last):
  File "/net/cci-filer2/raid1/xp/phenix/phenix-svn/build/../modules/cctbx_project/mmtbx/command_line/fetch_pdb.py", line 199, in <module>
    run2(sys.argv[1:])
  File "/net/cci-filer2/raid1/xp/phenix/phenix-svn/build/../modules/cctbx_project/mmtbx/command_line/fetch_pdb.py", line 155, in run2
    files.append(get_pdb(id, data_type_, mirror, log, format=data_format))
  File "/net/cci-filer2/raid1/xp/phenix/phenix-svn/modules/cctbx_project/iotbx/pdb/fetch.py", line 213, in get_pdb
    data = fetch(id, data_type, mirror=mirror, format=format, log=log)
  File "/net/cci-filer2/raid1/xp/phenix/phenix-svn/modules/cctbx_project/iotbx/pdb/fetch.py", line 150, in fetch
    data = libtbx.utils.urlopen(url)
  File "/net/cci-filer2/raid1/xp/phenix/phenix-svn/modules/cctbx_project/libtbx/utils.py", line 2069, in urlopen
    return urllib2.urlopen(*args, **kwds)
  File "/net/cci-filer2/raid1/xp/phenix/phenix-svn/base/lib/python2.7/urllib2.py", line 127, in urlopen
    return _opener.open(url, data, timeout)
  File "/net/cci-filer2/raid1/xp/phenix/phenix-svn/base/lib/python2.7/urllib2.py", line 404, in open
    response = self._open(req, data)
  File "/net/cci-filer2/raid1/xp/phenix/phenix-svn/base/lib/python2.7/urllib2.py", line 422, in _open
    '_open', req)
  File "/net/cci-filer2/raid1/xp/phenix/phenix-svn/base/lib/python2.7/urllib2.py", line 382, in _call_chain
    result = func(*args)
  File "/net/cci-filer2/raid1/xp/phenix/phenix-svn/base/lib/python2.7/urllib2.py", line 1214, in http_open
    return self.do_open(httplib.HTTPConnection, req)
  File "/net/cci-filer2/raid1/xp/phenix/phenix-svn/base/lib/python2.7/urllib2.py", line 1184, in do_open
    raise URLError(err)
urllib2.URLError: <urlopen error [Errno 110] Connection timed out>

==================================================
Summary of pdb4amber for: 1bmf.pdb
===================================================

----------Chains
The following (original) chains have been found:
A
B
C
D
E
F
G

---------- Alternate Locations (Original Residues!))

The following residues had alternate locations:
None

---------- Gaps (Renumbered Residues!)
gap of 28.742435 A between TYR 2909 and LEU 2910
gap of 22.746864 A between LYS 2923 and LEU 2924

---------- Mising heavy atom(s)

None

==================================================
Summary of pdb4amber for: 1bmf_4tleap_uc1.pdb
===================================================

----------Chains
The following (original) chains have been found:
A
B
C
D
E
F
G

---------- Alternate Locations (Original Residues!))

The following residues had alternate locations:
None

---------- Gaps (Renumbered Residues!)
gap of 28.742435 A between TYR 2909 and LEU 2910
gap of 22.746864 A between LYS 2923 and LEU 2924
gap of 28.742435 A between TYR 6509 and LEU 6510
gap of 22.746864 A between LYS 6523 and LEU 6524
gap of 28.742435 A between TYR 10109 and LEU 10110
gap of 22.746864 A between LYS 10123 and LEU 10124
gap of 28.742435 A between TYR 13709 and LEU 13710
gap of 22.746864 A between LYS 13723 and LEU 13724

---------- Mising heavy atom(s)

None

	Running AmberPrep : 1bmf.pdb


==================================================
Running pdb4amber on 1bmf.pdb
==================================================

==================================================
Setting up library files for non-standard residues
==================================================

  Residue "ANP" already in amber monomer library. Skipping elbow/antechamber
    run for this residue.
        
ADP.mol2 is present. Skipping elbow/antechamber run for this residue.


==================================================
Preparing asu files and 4phenix_1bmf.pdb
==================================================

~> tleap -f 1bmf_asu_tleap_input_run

Checking output filenames
  file : 1bmf_asu.prmtop
  file : 1bmf_asu.rst7

~> ChBox -c 1bmf_asu.rst7 -o 1bmf_asu.rst7 -X 284.22 -Y 107.76 -Z 139.68 -al 90.0 -bt 90.0 -gm 90.0 


============================================================
Preparing unit cell files: 4amber_1bmf.prmtop and 4amber_1bmf.rst7
============================================================

~> UnitCell -p 1bmf_4UnitCell.pdb -o 1bmf_4tleap_uc1.pdb


~> tleap -f 1bmf_uc_tleap_input_run

Checking output filenames
  file : 1bmf_uc.prmtop
  file : 1bmf_uc.rst7

~> ChBox -c 1bmf_uc.rst7 -o 1bmf_uc.rst7 -X 284.22 -Y 107.76 -Z 139.68 -al 90.0 -bt 90.0 -gm 90.0 


==================================================
Minimizing input coordinates.
==================================================

~> sander -O -i 1bmf_amber_all.in -p 4amber_1bmf.prmtop -c 4amber_1bmf.rst7 -o 1bmf.min.out            -ref 4amber_1bmf.rst7 -r 4amber_1bmf.min.rst7

checking special positions in 4phenix_1bmf.pdb

==================================================
Done.  Three new files have been made:
      4phenix_1bmf.pdb
      4amber_1bmf.prmtop
      4amber_1bmf.rst7
==================================================

Example

  phenix.refine 4phenix_1bmf.pdb use_amber=True \
    amber.topology_file_name=4amber_1bmf.prmtop \
    amber.coordinate_file_name=4amber_1bmf.rst7 \
    ....(other refinement keywords here).....



Substituting Amber PDB file for downloaded file
run_tests_local.py:222: UserWarning: os.system() is not safe: please use the subprocess module or libtbx.easy_run instead.
  os.system(cmd)
