HOST rebus.lbl.gov
only_i 263
only_code None
force_amber_prep True
dry_run False
... 263 1qlr
/net/chevy/raid1/nigel/amber/hi_lo
/net/chevy/raid1/nigel/amber/hi_lo/ql/1qlr
1qlr.pdb 4phenix_1qlr.pdb
1qlr.pdb 4phenix_1qlr.pdb
local_archive None
archive PDB None
Reading from local mirror:
  /net/cci/pdb_mirror/pdb/ql/pdb1qlr.ent.gz
Model saved to /net/rebus/raid1/scratch1/nigel/amber/hi_lo/ql/1qlr/1qlr.pdb
Sequence saved to /net/rebus/raid1/scratch1/nigel/amber/hi_lo/ql/1qlr/1qlr.fa
Reading from local mirror:
  /net/cci/pdb_mirror/structure_factors/ql/r1qlrsf.ent.gz
Structure factors saved to /net/rebus/raid1/scratch1/nigel/amber/hi_lo/ql/1qlr/1qlr-sf.cif
Reading from local mirror:
  /net/cci/pdb_mirror/mmcif/ql/1qlr.cif.gz
Model saved to /net/rebus/raid1/scratch1/nigel/amber/hi_lo/ql/1qlr/1qlr.cif
Can't determine output label for r1qlrsf,_refln.crystal_id - skipping.
Can't determine output label for r1qlrsf,_refln.scale_group_code - skipping.
Can't determine output label for r1qlrsf,_refln.wavelength_id - skipping.
Converted structure factors saved to 1qlr.mtz

	Running AmberPrep : 1qlr.pdb


==================================================
Running pdb4amber on 1qlr.pdb
==================================================

==================================================
Setting up library files for non-standard residues
==================================================
NAG.mol2 is present. Skipping elbow/antechamber run for this residue.

FUC.mol2 is present. Skipping elbow/antechamber run for this residue.


==================================================
Preparing asu files and 4phenix_1qlr.pdb
==================================================

~> tleap -f 1qlr_asu_tleap_input_run

Checking output filenames
  file : 1qlr_asu.prmtop
  file : 1qlr_asu.rst7

~> ChBox -c 1qlr_asu.rst7 -o 1qlr_asu.rst7 -X 115.66 -Y 115.66 -Z 174.95 -al 90.0 -bt 90.0 -gm 120.0 


============================================================
Preparing unit cell files: 4amber_1qlr.prmtop and 4amber_1qlr.rst7
============================================================

~> UnitCell -p 1qlr_4UnitCell.pdb -o 1qlr_4tleap_uc1.pdb


~> tleap -f 1qlr_uc_tleap_input_run

Checking output filenames
  file : 1qlr_uc.prmtop
  file : 1qlr_uc.rst7

~> ChBox -c 1qlr_uc.rst7 -o 1qlr_uc.rst7 -X 115.66 -Y 115.66 -Z 174.95 -al 90.0 -bt 90.0 -gm 120.0 


==================================================
Minimizing input coordinates.
==================================================

~> sander -O -i 1qlr_amber_all.in -p 4amber_1qlr.prmtop -c 4amber_1qlr.rst7 -o 1qlr.min.out            -ref 4amber_1qlr.rst7 -r 4amber_1qlr.min.rst7

checking special positions in 4phenix_1qlr.pdb

==================================================
Done.  Three new files have been made:
      4phenix_1qlr.pdb
      4amber_1qlr.prmtop
      4amber_1qlr.rst7
==================================================

Example

  phenix.refine 4phenix_1qlr.pdb use_amber=True \
    amber.topology_file_name=4amber_1qlr.prmtop \
    amber.coordinate_file_name=4amber_1qlr.rst7 \
    ....(other refinement keywords here).....



Substituting Amber PDB file for downloaded file

  Amber files
    PDB    : 1qlr.pdb
    MTZ    : 1qlr.mtz
    prmtop : 4amber_1qlr.prmtop
    rst7   : 4amber_1qlr.rst7
  
/net/rebus/raid1/scratch1/nigel/amber/hi_lo/ql/1qlr
return_files 1qlr
/net/chevy/raid1/nigel/amber/hi_lo
4amber_1qlr.pdb
4phenix_1qlr.pdb
cp 4phenix_1qlr.pdb /net/chevy/raid1/nigel/amber/hi_lo/ql/1qlr
1qlr.pdb
cp 1qlr.pdb /net/chevy/raid1/nigel/amber/hi_lo/ql/1qlr
4amber_1qlr.mtz
4phenix_1qlr.mtz
1qlr.mtz
cp 1qlr.mtz /net/chevy/raid1/nigel/amber/hi_lo/ql/1qlr
4amber_1qlr.rst7
cp 4amber_1qlr.rst7 /net/chevy/raid1/nigel/amber/hi_lo/ql/1qlr
4phenix_1qlr.rst7
1qlr.rst7
4amber_1qlr.prmtop
cp 4amber_1qlr.prmtop /net/chevy/raid1/nigel/amber/hi_lo/ql/1qlr
4phenix_1qlr.prmtop
1qlr.prmtop
4amber_1qlr_refine_001.log
4phenix_1qlr_refine_001.log
1qlr_refine_001.log
4amber_1qlr_refine_002.log
4phenix_1qlr_refine_002.log
1qlr_refine_002.log
4amber_1qlr_refine_001.pdb
4phenix_1qlr_refine_001.pdb
1qlr_refine_001.pdb
4amber_1qlr_refine_002.pdb
4phenix_1qlr_refine_002.pdb
1qlr_refine_002.pdb
local_archive /net/chevy/raid1/nigel/amber/hi_lo
archive PDB /net/chevy/raid1/nigel/amber/hi_lo/ql/1qlr/1qlr.pdb
/net/rebus/raid1/scratch1/nigel/amber/hi_lo/ql/1qlr
------------------------------
phenix.refine log filename ? > /net/chevy/raid1/nigel/amber/hi_lo/ql/1qlr/1qlr_refine_001.log
------------------------------

	Already done (on chevy) 1qlr_refine_001
------------------------------
phenix.refine log filename ? > /net/chevy/raid1/nigel/amber/hi_lo/ql/1qlr/1qlr_refine_002.log
------------------------------

	Already done (on chevy) 1qlr_refine_002
