HOST rebus.lbl.gov
only_i 368
only_code None
force_amber_prep True
dry_run False
... 368 3od5
/net/chevy/raid1/nigel/amber/hi_lo
/net/chevy/raid1/nigel/amber/hi_lo/od/3od5
3od5.pdb 4phenix_3od5.pdb
local_archive None
archive PDB None
Reading from local mirror:
  /net/cci/pdb_mirror/pdb/od/pdb3od5.ent.gz
Model saved to /net/rebus/raid1/scratch1/nigel/amber/hi_lo/od/3od5/3od5.pdb
Sequence saved to /net/rebus/raid1/scratch1/nigel/amber/hi_lo/od/3od5/3od5.fa
Reading from local mirror:
  /net/cci/pdb_mirror/structure_factors/od/r3od5sf.ent.gz
Structure factors saved to /net/rebus/raid1/scratch1/nigel/amber/hi_lo/od/3od5/3od5-sf.cif
Reading from local mirror:
  /net/cci/pdb_mirror/mmcif/od/3od5.cif.gz
Model saved to /net/rebus/raid1/scratch1/nigel/amber/hi_lo/od/3od5/3od5.cif
Can't determine output label for r3od5sf,_refln.crystal_id - skipping.
Can't determine output label for r3od5sf,_refln.scale_group_code - skipping.
Can't determine output label for r3od5sf,_refln.wavelength_id - skipping.
Converted structure factors saved to 3od5.mtz
local_archive None
archive PDB None
Reading from local mirror:
  /net/cci/pdb_mirror/pdb/od/pdb3od5.ent.gz
Model saved to /net/rebus/raid1/scratch1/nigel/amber/hi_lo/od/3od5/3od5.pdb
Sequence saved to /net/rebus/raid1/scratch1/nigel/amber/hi_lo/od/3od5/3od5.fa
Reading from local mirror:
  /net/cci/pdb_mirror/structure_factors/od/r3od5sf.ent.gz
Structure factors saved to /net/rebus/raid1/scratch1/nigel/amber/hi_lo/od/3od5/3od5-sf.cif
Reading from local mirror:
  /net/cci/pdb_mirror/mmcif/od/3od5.cif.gz
Model saved to /net/rebus/raid1/scratch1/nigel/amber/hi_lo/od/3od5/3od5.cif
Can't determine output label for r3od5sf,_refln.crystal_id - skipping.
Can't determine output label for r3od5sf,_refln.scale_group_code - skipping.
Can't determine output label for r3od5sf,_refln.wavelength_id - skipping.
Converted structure factors saved to 3od5.mtz
not prmtop_filename /net/rebus/scratch1/nigel/amber/hi_lo/od/3od5/4amber_3od5.prmtop
not prmtop_filename /net/chevy/raid1/nigel/amber/hi_lo/od/3od5/4amber_3od5.prmtop

	Running AmberPrep : 3od5.pdb


==================================================
Running pdb4amber on 3od5.pdb
==================================================

==================================================
Setting up library files for non-standard residues
==================================================

==================================================
Running elbow/antechamber for CAC 
==================================================

MoleculeClass :  C: 2  O: 2 As: 1 (CHEMICAL COMPONENTS format)
	11 atoms
	10 bonds
	18 angles
	18 dihedrals
	0 rings (groups, rings, atoms) 0 0
	0 chirals

~> antechamber -i 4antechamber_CAC.pdb -fi pdb -o CAC.mol2 -fo mol2       -nc -1 -m 1 -s 2 -pf y -c bcc -at gaff2 -ek "qm_theory='AM1', grms_tol=0.0005, scfconv=1.d-10, maxcyc=0, ndiis_attempts=700,"

For atom[1]:AS, the best APS is not zero, bonds involved by this atom are frozen

~> parmchk2 -s 2 -i CAC.mol2 -f mol2 -o CAC.frcmod


==================================================
Preparing asu files and 4phenix_3od5.pdb
==================================================

~> tleap -f 3od5_asu_tleap_input_run


~> " --- Testing environment ---"


AMBERHOME: /net/cci-filer2/raid1/xp/phenix/phenix-svn/modules/amber

PATH: /net/cci-filer2/raid1/xp/phenix/phenix-svn/modules/amber/bin
    : /net/cci-filer2/raid1/xp/phenix/phenix-svn/build/bin
    : /net/cci-filer2/raid1/xp/phenix/phenix-svn/build/bin
    : /usr/local_cci/gcc-4.3.4_fc8_x86_64/bin
    : /net/cci/xp/CCDC/CSD_2016/bin
    : /net/boa/srv/sge-6.1u2/bin/lx24-amd64
    : .
    : /net/cci/nigel/bin
    : /net/cci/nigel/bin/Linux
    : /usr/local_cci/bin
    : /usr/local/bin
    : /bin
    : /usr/bin
    : /usr/sbin
    : /usr/bin/X11
    : /etc
    : /usr/etc
