HOST morse.lbl.gov
only_i 146
only_code None
force_amber_prep True
dry_run False
... 146 2p49
/net/chevy/raid1/nigel/amber/hi_lo
/net/chevy/raid1/nigel/amber/hi_lo/p4/2p49
2p49.pdb 4phenix_2p49.pdb
local_archive None
archive PDB None
Reading from local mirror:
  /net/cci/pdb_mirror/pdb/p4/pdb2p49.ent.gz
Model saved to /net/morse/raid1/scratch1/nigel/amber/hi_lo/p4/2p49/2p49.pdb
Sequence saved to /net/morse/raid1/scratch1/nigel/amber/hi_lo/p4/2p49/2p49.fa
Reading from local mirror:
  /net/cci/pdb_mirror/structure_factors/p4/r2p49sf.ent.gz
Structure factors saved to /net/morse/raid1/scratch1/nigel/amber/hi_lo/p4/2p49/2p49-sf.cif
Reading from local mirror:
  /net/cci/pdb_mirror/mmcif/p4/2p49.cif.gz
Model saved to /net/morse/raid1/scratch1/nigel/amber/hi_lo/p4/2p49/2p49.cif
Can't determine output label for r2p49sf,_refln.crystal_id - skipping.
Can't determine output label for r2p49sf,_refln.scale_group_code - skipping.
R-free-flags: fraction_free=0.050
R-free-flags: missing 145 reflections
Can't determine output label for r2p49sf,_refln.wavelength_id - skipping.
Converted structure factors saved to 2p49.mtz
local_archive None
archive PDB None
Reading from local mirror:
  /net/cci/pdb_mirror/pdb/p4/pdb2p49.ent.gz
Model saved to /net/morse/raid1/scratch1/nigel/amber/hi_lo/p4/2p49/2p49.pdb
Sequence saved to /net/morse/raid1/scratch1/nigel/amber/hi_lo/p4/2p49/2p49.fa
Reading from local mirror:
  /net/cci/pdb_mirror/structure_factors/p4/r2p49sf.ent.gz
Structure factors saved to /net/morse/raid1/scratch1/nigel/amber/hi_lo/p4/2p49/2p49-sf.cif
Reading from local mirror:
  /net/cci/pdb_mirror/mmcif/p4/2p49.cif.gz
Model saved to /net/morse/raid1/scratch1/nigel/amber/hi_lo/p4/2p49/2p49.cif
Can't determine output label for r2p49sf,_refln.crystal_id - skipping.
Can't determine output label for r2p49sf,_refln.scale_group_code - skipping.
R-free-flags: fraction_free=0.050
R-free-flags: missing 145 reflections
Can't determine output label for r2p49sf,_refln.wavelength_id - skipping.
Converted structure factors saved to 2p49.mtz

==================================================
Summary of pdb4amber for: 2p49.pdb
===================================================
REDUCE returned non-zero exit status: See reduce_info.log for more details

----------Chains
The following (original) chains have been found:
A
B

---------- Alternate Locations (Original Residues!))

The following residues had alternate locations:
SER_54
SER_118
SER_142

---------- Gaps (Renumbered Residues!)
gap of 10.214463 A between THR 16 and SER 17

---------- Mising heavy atom(s)

None
The alternate coordinates have been discarded.
Only the first occurrence for each atom was kept.

==================================================
Summary of pdb4amber for: 2p49_4tleap_uc1.pdb
===================================================

----------Chains
The following (original) chains have been found:
A
B

---------- Alternate Locations (Original Residues!))

The following residues had alternate locations:
None

---------- Gaps (Renumbered Residues!)
gap of 10.214463 A between THR 16 and SER 17
gap of 10.214463 A between THR 609 and SER 610

---------- Mising heavy atom(s)

None
not prmtop_filename /net/morse/scratch1/nigel/amber/hi_lo/p4/2p49/4amber_2p49.prmtop
not prmtop_filename /net/chevy/raid1/nigel/amber/hi_lo/p4/2p49/4amber_2p49.prmtop

	Running AmberPrep : 2p49.pdb


==================================================
Running pdb4amber on 2p49.pdb
==================================================

==================================================
Setting up library files for non-standard residues
==================================================

  Residue "PO4" already in amber monomer library. Skipping elbow/antechamber
    run for this residue.
        

==================================================
Preparing asu files and 4phenix_2p49.pdb
==================================================

~> tleap -f 2p49_asu_tleap_input_run

Checking output filenames
  file : 2p49_asu.prmtop
  file : 2p49_asu.rst7

~> ChBox -c 2p49_asu.rst7 -o 2p49_asu.rst7 -X 40.13 -Y 54.394 -Z 48.044 -al 90.0 -bt 108.49 -gm 90.0 


============================================================
Preparing unit cell files: 4amber_2p49.prmtop and 4amber_2p49.rst7
============================================================

~> UnitCell -p 2p49_4UnitCell.pdb -o 2p49_4tleap_uc1.pdb


~> tleap -f 2p49_uc_tleap_input_run

Checking output filenames
  file : 2p49_uc.prmtop
  file : 2p49_uc.rst7

~> ChBox -c 2p49_uc.rst7 -o 2p49_uc.rst7 -X 40.13 -Y 54.394 -Z 48.044 -al 90.0 -bt 108.49 -gm 90.0 


==================================================
Minimizing input coordinates.
==================================================

~> sander -O -i 2p49_amber_all.in -p 4amber_2p49.prmtop -c 4amber_2p49.rst7 -o 2p49.min.out            -ref 4amber_2p49.rst7 -r 4amber_2p49.min.rst7

checking special positions in 4phenix_2p49.pdb

==================================================
Done.  Three new files have been made:
      4phenix_2p49.pdb
      4amber_2p49.prmtop
      4amber_2p49.rst7
==================================================

Example

  phenix.refine 4phenix_2p49.pdb use_amber=True \
    amber.topology_file_name=4amber_2p49.prmtop \
    amber.coordinate_file_name=4amber_2p49.rst7 \
    ....(other refinement keywords here).....



Substituting Amber PDB file for downloaded file
run_tests_local.py:222: UserWarning: os.system() is not safe: please use the subprocess module or libtbx.easy_run instead.
  os.system(cmd)

  Amber files
    PDB    : 2p49.pdb
    MTZ    : 2p49.mtz
    prmtop : 4amber_2p49.prmtop
    rst7   : 4amber_2p49.rst7
  
/net/morse/raid1/scratch1/nigel/amber/hi_lo/p4/2p49
return_files 2p49
/net/chevy/raid1/nigel/amber/hi_lo
4amber_2p49.pdb
4phenix_2p49.pdb
cp 4phenix_2p49.pdb /net/chevy/raid1/nigel/amber/hi_lo/p4/2p49
2p49.pdb
cp 2p49.pdb /net/chevy/raid1/nigel/amber/hi_lo/p4/2p49
4amber_2p49.mtz
4phenix_2p49.mtz
2p49.mtz
cp 2p49.mtz /net/chevy/raid1/nigel/amber/hi_lo/p4/2p49
4amber_2p49.rst7
cp 4amber_2p49.rst7 /net/chevy/raid1/nigel/amber/hi_lo/p4/2p49
4phenix_2p49.rst7
2p49.rst7
4amber_2p49.prmtop
cp 4amber_2p49.prmtop /net/chevy/raid1/nigel/amber/hi_lo/p4/2p49
4phenix_2p49.prmtop
2p49.prmtop
4amber_2p49_refine_001.log
4phenix_2p49_refine_001.log
2p49_refine_001.log
4amber_2p49_refine_002.log
4phenix_2p49_refine_002.log
2p49_refine_002.log
4amber_2p49_refine_001.pdb
4phenix_2p49_refine_001.pdb
2p49_refine_001.pdb
4amber_2p49_refine_002.pdb
4phenix_2p49_refine_002.pdb
2p49_refine_002.pdb
local_archive /net/chevy/raid1/nigel/amber/hi_lo
archive PDB /net/chevy/raid1/nigel/amber/hi_lo/p4/2p49/2p49.pdb
/net/morse/raid1/scratch1/nigel/amber/hi_lo/p4/2p49
------------------------------
phenix.refine log filename ? > /net/chevy/raid1/nigel/amber/hi_lo/p4/2p49/2p49_refine_001.log
------------------------------
------------------------------
phenix.refine log filename ? > 2p49_refine_001.log
------------------------------
Running phenix.refine

phenix.refine 2p49.pdb 2p49.mtz c_beta_restraints=False discard_psi_phi=False strategy="*individual_sites individual_sites_real_space rigid_body *individual_adp group_adp tls *occupancies group_anomalous" refinement.target_weights.optimize_xyz_weight=True refinement.main.number_of_macro_cycles=10 write_geo=False serial=1 cdl=True

------------------------------
phenix.refine log filename ? > /net/chevy/raid1/nigel/amber/hi_lo/p4/2p49/2p49_refine_002.log
------------------------------
------------------------------
phenix.refine log filename ? > 2p49_refine_002.log
------------------------------
Running phenix.refine

phenix.refine 2p49.pdb 2p49.mtz c_beta_restraints=False discard_psi_phi=False strategy="*individual_sites individual_sites_real_space rigid_body *individual_adp group_adp tls *occupancies group_anomalous" topology_file_name=/net/chevy/raid1/nigel/amber/hi_lo/p4/2p49/4amber_2p49.prmtop amber.coordinate_file_name=/net/chevy/raid1/nigel/amber/hi_lo/p4/2p49/4amber_2p49.rst7 use_amber=True refinement.target_weights.optimize_xyz_weight=True refinement.main.number_of_macro_cycles=10 write_geo=False amber.wxc_factor=0.300000 serial=2

