HOST morse.lbl.gov
only_i 268
only_code None
force_amber_prep True
dry_run False
... 268 2v33
/net/chevy/raid1/nigel/amber/hi_lo
/net/chevy/raid1/nigel/amber/hi_lo/v3/2v33
2v33.pdb 4phenix_2v33.pdb
local_archive None
archive PDB None
Reading from local mirror:
  /net/cci/pdb_mirror/pdb/v3/pdb2v33.ent.gz
Model saved to /net/morse/raid1/scratch1/nigel/amber/hi_lo/v3/2v33/2v33.pdb
Sequence saved to /net/morse/raid1/scratch1/nigel/amber/hi_lo/v3/2v33/2v33.fa
Reading from local mirror:
  /net/cci/pdb_mirror/structure_factors/v3/r2v33sf.ent.gz
Structure factors saved to /net/morse/raid1/scratch1/nigel/amber/hi_lo/v3/2v33/2v33-sf.cif
Reading from local mirror:
  /net/cci/pdb_mirror/mmcif/v3/2v33.cif.gz
Model saved to /net/morse/raid1/scratch1/nigel/amber/hi_lo/v3/2v33/2v33.cif
Can't determine output label for r2v33sf,_refln.crystal_id - skipping.
Can't determine output label for r2v33sf,_refln.scale_group_code - skipping.
R-free-flags: fraction_free=0.051
R-free-flags: missing 430 reflections
Can't determine output label for r2v33sf,_refln.wavelength_id - skipping.
Converted structure factors saved to 2v33.mtz
local_archive None
archive PDB None
Reading from local mirror:
  /net/cci/pdb_mirror/pdb/v3/pdb2v33.ent.gz
Model saved to /net/morse/raid1/scratch1/nigel/amber/hi_lo/v3/2v33/2v33.pdb
Sequence saved to /net/morse/raid1/scratch1/nigel/amber/hi_lo/v3/2v33/2v33.fa
Reading from local mirror:
  /net/cci/pdb_mirror/structure_factors/v3/r2v33sf.ent.gz
Structure factors saved to /net/morse/raid1/scratch1/nigel/amber/hi_lo/v3/2v33/2v33-sf.cif
Reading from local mirror:
  /net/cci/pdb_mirror/mmcif/v3/2v33.cif.gz
Model saved to /net/morse/raid1/scratch1/nigel/amber/hi_lo/v3/2v33/2v33.cif
Can't determine output label for r2v33sf,_refln.crystal_id - skipping.
Can't determine output label for r2v33sf,_refln.scale_group_code - skipping.
R-free-flags: fraction_free=0.051
R-free-flags: missing 430 reflections
Can't determine output label for r2v33sf,_refln.wavelength_id - skipping.
Converted structure factors saved to 2v33.mtz

==================================================
Summary of pdb4amber for: 2v33.pdb
===================================================

----------Chains
The following (original) chains have been found:
A
B

---------- Alternate Locations (Original Residues!))

The following residues had alternate locations:
THR_9
THR_16
THR_28
VAL_45
THR_52
LYS_60
SER_66
SER_71
THR_100
THR_102
THR_105
CYS_106
THR_107
PHE_112
GLY_113
GLY_114
VAL_115
THR_119
SER_132
HIS_133
SER_134
ASN_135
VAL_136
THR_138
THR_143
SER_157
THR_158
SER_162
SER_171
not prmtop_filename /net/morse/scratch1/nigel/amber/hi_lo/v3/2v33/4amber_2v33.prmtop
not prmtop_filename /net/chevy/raid1/nigel/amber/hi_lo/v3/2v33/4amber_2v33.prmtop

	Running AmberPrep : 2v33.pdb


==================================================
Running pdb4amber on 2v33.pdb
==================================================
Traceback (most recent call last):
  File "run_tests_local.py", line 323, in <module>
    run(*tuple(args))
  File "run_tests_local.py", line 307, in run
    w2 = run_all_tests(code, force_amber_prep=force_amber_prep)
  File "run_tests_local.py", line 93, in run_all_tests
    "clean=on",
  File "/net/cci-filer2/raid1/xp/phenix/phenix-svn/modules/amber_adaptbx/command_line/AmberPrepClass.py", line 951, in run
    arg_conect=False,
  File "/net/cci-filer2/raid1/xp/phenix/phenix-svn/modules/amber/lib/python2.7/site-packages/pdb4amber/pdb4amber.py", line 522, in run
    gaplist = pdbfixer.find_gaps()
  File "/net/cci-filer2/raid1/xp/phenix/phenix-svn/modules/amber/lib/python2.7/site-packages/pdb4amber/pdb4amber.py", line 213, in find_gaps
    N_atom = parm.atoms[N_atoms[i + 1]]
IndexError: list index out of range
