HOST rebus.lbl.gov
only_i 270
only_code None
force_amber_prep True
dry_run False
... 270 3l5w
/net/chevy/raid1/nigel/amber/hi_lo
/net/chevy/raid1/nigel/amber/hi_lo/l5/3l5w
3l5w.pdb 4phenix_3l5w.pdb
3l5w.pdb 4phenix_3l5w.pdb
local_archive None
archive PDB None
Reading from local mirror:
  /net/cci/pdb_mirror/pdb/l5/pdb3l5w.ent.gz
Model saved to /net/rebus/raid1/scratch1/nigel/amber/hi_lo/l5/3l5w/3l5w.pdb
Sequence saved to /net/rebus/raid1/scratch1/nigel/amber/hi_lo/l5/3l5w/3l5w.fa
Reading from local mirror:
  /net/cci/pdb_mirror/structure_factors/l5/r3l5wsf.ent.gz
Structure factors saved to /net/rebus/raid1/scratch1/nigel/amber/hi_lo/l5/3l5w/3l5w-sf.cif
Reading from local mirror:
  /net/cci/pdb_mirror/mmcif/l5/3l5w.cif.gz
Model saved to /net/rebus/raid1/scratch1/nigel/amber/hi_lo/l5/3l5w/3l5w.cif
Can't determine output label for r3l5wsf,_refln.crystal_id - skipping.
Can't determine output label for r3l5wsf,_refln.scale_group_code - skipping.
Can't determine output label for r3l5wsf,_refln.wavelength_id - skipping.
Converted structure factors saved to 3l5w.mtz

	Running AmberPrep : 3l5w.pdb


==================================================
Running pdb4amber on 3l5w.pdb
==================================================

==================================================
Setting up library files for non-standard residues
==================================================

  Residue "GOL" already in amber monomer library. Skipping elbow/antechamber
    run for this residue.
        

==================================================
Preparing asu files and 4phenix_3l5w.pdb
==================================================

~> tleap -f 3l5w_asu_tleap_input_run

Checking output filenames
  file : 3l5w_asu.prmtop
  file : 3l5w_asu.rst7

~> ChBox -c 3l5w_asu.rst7 -o 3l5w_asu.rst7 -X 76.62 -Y 65.56 -Z 118.74 -al 90.0 -bt 107.02 -gm 90.0 


============================================================
Preparing unit cell files: 4amber_3l5w.prmtop and 4amber_3l5w.rst7
============================================================

~> UnitCell -p 3l5w_4UnitCell.pdb -o 3l5w_4tleap_uc1.pdb


~> tleap -f 3l5w_uc_tleap_input_run

Checking output filenames
  file : 3l5w_uc.prmtop
  file : 3l5w_uc.rst7

~> ChBox -c 3l5w_uc.rst7 -o 3l5w_uc.rst7 -X 76.62 -Y 65.56 -Z 118.74 -al 90.0 -bt 107.02 -gm 90.0 


==================================================
Minimizing input coordinates.
==================================================

~> sander -O -i 3l5w_amber_all.in -p 4amber_3l5w.prmtop -c 4amber_3l5w.rst7 -o 3l5w.min.out            -ref 4amber_3l5w.rst7 -r 4amber_3l5w.min.rst7

checking special positions in 4phenix_3l5w.pdb

==================================================
Done.  Three new files have been made:
      4phenix_3l5w.pdb
      4amber_3l5w.prmtop
      4amber_3l5w.rst7
==================================================

Example

  phenix.refine 4phenix_3l5w.pdb use_amber=True \
    amber.topology_file_name=4amber_3l5w.prmtop \
    amber.coordinate_file_name=4amber_3l5w.rst7 \
    ....(other refinement keywords here).....



Substituting Amber PDB file for downloaded file

  Amber files
    PDB    : 3l5w.pdb
    MTZ    : 3l5w.mtz
    prmtop : 4amber_3l5w.prmtop
    rst7   : 4amber_3l5w.rst7
  
/net/rebus/raid1/scratch1/nigel/amber/hi_lo/l5/3l5w
return_files 3l5w
/net/chevy/raid1/nigel/amber/hi_lo
4amber_3l5w.pdb
4phenix_3l5w.pdb
cp 4phenix_3l5w.pdb /net/chevy/raid1/nigel/amber/hi_lo/l5/3l5w
3l5w.pdb
cp 3l5w.pdb /net/chevy/raid1/nigel/amber/hi_lo/l5/3l5w
4amber_3l5w.mtz
4phenix_3l5w.mtz
3l5w.mtz
cp 3l5w.mtz /net/chevy/raid1/nigel/amber/hi_lo/l5/3l5w
4amber_3l5w.rst7
cp 4amber_3l5w.rst7 /net/chevy/raid1/nigel/amber/hi_lo/l5/3l5w
4phenix_3l5w.rst7
3l5w.rst7
4amber_3l5w.prmtop
cp 4amber_3l5w.prmtop /net/chevy/raid1/nigel/amber/hi_lo/l5/3l5w
4phenix_3l5w.prmtop
3l5w.prmtop
4amber_3l5w_refine_001.log
4phenix_3l5w_refine_001.log
3l5w_refine_001.log
4amber_3l5w_refine_002.log
4phenix_3l5w_refine_002.log
3l5w_refine_002.log
4amber_3l5w_refine_001.pdb
4phenix_3l5w_refine_001.pdb
3l5w_refine_001.pdb
4amber_3l5w_refine_002.pdb
4phenix_3l5w_refine_002.pdb
3l5w_refine_002.pdb
local_archive /net/chevy/raid1/nigel/amber/hi_lo
archive PDB /net/chevy/raid1/nigel/amber/hi_lo/l5/3l5w/3l5w.pdb
/net/rebus/raid1/scratch1/nigel/amber/hi_lo/l5/3l5w
------------------------------
phenix.refine log filename ? > /net/chevy/raid1/nigel/amber/hi_lo/l5/3l5w/3l5w_refine_001.log
------------------------------

	Already done (on chevy) 3l5w_refine_001
------------------------------
phenix.refine log filename ? > /net/chevy/raid1/nigel/amber/hi_lo/l5/3l5w/3l5w_refine_002.log
------------------------------

	Already done (on chevy) 3l5w_refine_002
