HOST morse.lbl.gov
only_i 77
only_code None
force_amber_prep True
dry_run False
... 77 1sj5
/net/chevy/raid1/nigel/amber/hi_lo
/net/chevy/raid1/nigel/amber/hi_lo/sj/1sj5
1sj5.pdb 4phenix_1sj5.pdb
local_archive None
archive PDB None
Reading from local mirror:
  /net/cci/pdb_mirror/pdb/sj/pdb1sj5.ent.gz
Model saved to /net/morse/raid1/scratch1/nigel/amber/hi_lo/sj/1sj5/1sj5.pdb
Sequence saved to /net/morse/raid1/scratch1/nigel/amber/hi_lo/sj/1sj5/1sj5.fa
Reading from local mirror:
  /net/cci/pdb_mirror/structure_factors/sj/r1sj5sf.ent.gz
Structure factors saved to /net/morse/raid1/scratch1/nigel/amber/hi_lo/sj/1sj5/1sj5-sf.cif
Reading from local mirror:
  /net/cci/pdb_mirror/mmcif/sj/1sj5.cif.gz
Model saved to /net/morse/raid1/scratch1/nigel/amber/hi_lo/sj/1sj5/1sj5.cif
Can't determine output label for r1sj5sf,_refln.crystal_id - skipping.
Can't determine output label for r1sj5sf,_refln.scale_group_code - skipping.
Can't determine output label for r1sj5sf,_refln.wavelength_id - skipping.
Converted structure factors saved to 1sj5.mtz
local_archive None
archive PDB None
Reading from local mirror:
  /net/cci/pdb_mirror/pdb/sj/pdb1sj5.ent.gz
Model saved to /net/morse/raid1/scratch1/nigel/amber/hi_lo/sj/1sj5/1sj5.pdb
Sequence saved to /net/morse/raid1/scratch1/nigel/amber/hi_lo/sj/1sj5/1sj5.fa
Reading from local mirror:
  /net/cci/pdb_mirror/structure_factors/sj/r1sj5sf.ent.gz
Structure factors saved to /net/morse/raid1/scratch1/nigel/amber/hi_lo/sj/1sj5/1sj5-sf.cif
Reading from local mirror:
  /net/cci/pdb_mirror/mmcif/sj/1sj5.cif.gz
Model saved to /net/morse/raid1/scratch1/nigel/amber/hi_lo/sj/1sj5/1sj5.cif
Can't determine output label for r1sj5sf,_refln.crystal_id - skipping.
Can't determine output label for r1sj5sf,_refln.scale_group_code - skipping.
Can't determine output label for r1sj5sf,_refln.wavelength_id - skipping.
Converted structure factors saved to 1sj5.mtz

==================================================
Summary of pdb4amber for: 1sj5.pdb
===================================================

----------Chains
The following (original) chains have been found:
A
B

---------- Alternate Locations (Original Residues!))

The following residues had alternate locations:
None

---------- Gaps (Renumbered Residues!)
gap of 10.498840 A between THR 96 and ALA 97
gap of 5.687785 A between TYR 240 and GLU 241

---------- Mising heavy atom(s)

GLU_52 misses 4 heavy atom(s)
LYS_225 misses 4 heavy atom(s)
LYS_275 misses 3 heavy atom(s)

==================================================
Summary of pdb4amber for: 1sj5_4tleap_uc1.pdb
===================================================

----------Chains
The following (original) chains have been found:
A
B

---------- Alternate Locations (Original Residues!))

The following residues had alternate locations:
None

---------- Gaps (Renumbered Residues!)
gap of 10.498840 A between THR 96 and ALA 97
gap of 5.687785 A between TYR 240 and GLU 241
gap of 10.498840 A between THR 376 and ALA 377
gap of 5.687785 A between TYR 520 and GLU 521

---------- Mising heavy atom(s)

None
not prmtop_filename /net/morse/scratch1/nigel/amber/hi_lo/sj/1sj5/4amber_1sj5.prmtop
not prmtop_filename /net/chevy/raid1/nigel/amber/hi_lo/sj/1sj5/4amber_1sj5.prmtop

	Running AmberPrep : 1sj5.pdb


==================================================
Running pdb4amber on 1sj5.pdb
==================================================

==================================================
Setting up library files for non-standard residues
==================================================

==================================================
Preparing asu files and 4phenix_1sj5.pdb
==================================================

~> tleap -f 1sj5_asu_tleap_input_run

Checking output filenames
  file : 1sj5_asu.prmtop
  file : 1sj5_asu.rst7

~> ChBox -c 1sj5_asu.rst7 -o 1sj5_asu.rst7 -X 44.001 -Y 52.136 -Z 73.33 -al 90.0 -bt 97.64 -gm 90.0 


============================================================
Preparing unit cell files: 4amber_1sj5.prmtop and 4amber_1sj5.rst7
============================================================

~> UnitCell -p 1sj5_4UnitCell.pdb -o 1sj5_4tleap_uc1.pdb


~> tleap -f 1sj5_uc_tleap_input_run

Checking output filenames
  file : 1sj5_uc.prmtop
  file : 1sj5_uc.rst7

~> ChBox -c 1sj5_uc.rst7 -o 1sj5_uc.rst7 -X 44.001 -Y 52.136 -Z 73.33 -al 90.0 -bt 97.64 -gm 90.0 


==================================================
Minimizing input coordinates.
==================================================

~> sander -O -i 1sj5_amber_all.in -p 4amber_1sj5.prmtop -c 4amber_1sj5.rst7 -o 1sj5.min.out            -ref 4amber_1sj5.rst7 -r 4amber_1sj5.min.rst7

checking special positions in 4phenix_1sj5.pdb

==================================================
Done.  Three new files have been made:
      4phenix_1sj5.pdb
      4amber_1sj5.prmtop
      4amber_1sj5.rst7
==================================================

Example

  phenix.refine 4phenix_1sj5.pdb use_amber=True \
    amber.topology_file_name=4amber_1sj5.prmtop \
    amber.coordinate_file_name=4amber_1sj5.rst7 \
    ....(other refinement keywords here).....



Substituting Amber PDB file for downloaded file
run_tests_local.py:222: UserWarning: os.system() is not safe: please use the subprocess module or libtbx.easy_run instead.
  os.system(cmd)

  Amber files
    PDB    : 1sj5.pdb
    MTZ    : 1sj5.mtz
    prmtop : 4amber_1sj5.prmtop
    rst7   : 4amber_1sj5.rst7
  
/net/morse/raid1/scratch1/nigel/amber/hi_lo/sj/1sj5
return_files 1sj5
/net/chevy/raid1/nigel/amber/hi_lo
4amber_1sj5.pdb
4phenix_1sj5.pdb
cp 4phenix_1sj5.pdb /net/chevy/raid1/nigel/amber/hi_lo/sj/1sj5
1sj5.pdb
cp 1sj5.pdb /net/chevy/raid1/nigel/amber/hi_lo/sj/1sj5
4amber_1sj5.mtz
4phenix_1sj5.mtz
1sj5.mtz
cp 1sj5.mtz /net/chevy/raid1/nigel/amber/hi_lo/sj/1sj5
4amber_1sj5.rst7
cp 4amber_1sj5.rst7 /net/chevy/raid1/nigel/amber/hi_lo/sj/1sj5
4phenix_1sj5.rst7
1sj5.rst7
4amber_1sj5.prmtop
cp 4amber_1sj5.prmtop /net/chevy/raid1/nigel/amber/hi_lo/sj/1sj5
4phenix_1sj5.prmtop
1sj5.prmtop
4amber_1sj5_refine_001.log
4phenix_1sj5_refine_001.log
1sj5_refine_001.log
4amber_1sj5_refine_002.log
4phenix_1sj5_refine_002.log
1sj5_refine_002.log
4amber_1sj5_refine_001.pdb
4phenix_1sj5_refine_001.pdb
1sj5_refine_001.pdb
4amber_1sj5_refine_002.pdb
4phenix_1sj5_refine_002.pdb
1sj5_refine_002.pdb
local_archive /net/chevy/raid1/nigel/amber/hi_lo
archive PDB /net/chevy/raid1/nigel/amber/hi_lo/sj/1sj5/1sj5.pdb
/net/morse/raid1/scratch1/nigel/amber/hi_lo/sj/1sj5
------------------------------
phenix.refine log filename ? > /net/chevy/raid1/nigel/amber/hi_lo/sj/1sj5/1sj5_refine_001.log
------------------------------
------------------------------
phenix.refine log filename ? > 1sj5_refine_001.log
------------------------------
Running phenix.refine

phenix.refine 1sj5.pdb 1sj5.mtz c_beta_restraints=False discard_psi_phi=False strategy="*individual_sites individual_sites_real_space rigid_body *individual_adp group_adp tls *occupancies group_anomalous" refinement.target_weights.optimize_xyz_weight=True refinement.main.number_of_macro_cycles=10 write_geo=False serial=1 cdl=True

------------------------------
phenix.refine log filename ? > /net/chevy/raid1/nigel/amber/hi_lo/sj/1sj5/1sj5_refine_002.log
------------------------------
------------------------------
phenix.refine log filename ? > 1sj5_refine_002.log
------------------------------
Running phenix.refine

phenix.refine 1sj5.pdb 1sj5.mtz c_beta_restraints=False discard_psi_phi=False strategy="*individual_sites individual_sites_real_space rigid_body *individual_adp group_adp tls *occupancies group_anomalous" topology_file_name=/net/chevy/raid1/nigel/amber/hi_lo/sj/1sj5/4amber_1sj5.prmtop amber.coordinate_file_name=/net/chevy/raid1/nigel/amber/hi_lo/sj/1sj5/4amber_1sj5.rst7 use_amber=True refinement.target_weights.optimize_xyz_weight=True refinement.main.number_of_macro_cycles=10 write_geo=False amber.wxc_factor=0.300000 serial=2

