HOST rebus.lbl.gov
only_i 211
only_code None
force_amber_prep True
dry_run False
... 211 1iun
/net/chevy/raid1/nigel/amber/hi_lo
/net/chevy/raid1/nigel/amber/hi_lo/iu/1iun
1iun.pdb 4phenix_1iun.pdb
local_archive None
archive PDB None
Reading from local mirror:
  /net/cci/pdb_mirror/pdb/iu/pdb1iun.ent.gz
Model saved to /net/rebus/raid1/scratch1/nigel/amber/hi_lo/iu/1iun/1iun.pdb
Sequence saved to /net/rebus/raid1/scratch1/nigel/amber/hi_lo/iu/1iun/1iun.fa
Reading from local mirror:
  /net/cci/pdb_mirror/structure_factors/iu/r1iunsf.ent.gz
Structure factors saved to /net/rebus/raid1/scratch1/nigel/amber/hi_lo/iu/1iun/1iun-sf.cif
Reading from local mirror:
  /net/cci/pdb_mirror/mmcif/iu/1iun.cif.gz
Model saved to /net/rebus/raid1/scratch1/nigel/amber/hi_lo/iu/1iun/1iun.cif
Can't determine output label for r1iunsf,_refln.crystal_id - skipping.
Can't determine output label for r1iunsf,_refln.scale_group_code - skipping.
Can't determine output label for r1iunsf,_refln.wavelength_id - skipping.
Converted structure factors saved to 1iun.mtz
local_archive None
archive PDB None
Reading from local mirror:
  /net/cci/pdb_mirror/pdb/iu/pdb1iun.ent.gz
Model saved to /net/rebus/raid1/scratch1/nigel/amber/hi_lo/iu/1iun/1iun.pdb
Sequence saved to /net/rebus/raid1/scratch1/nigel/amber/hi_lo/iu/1iun/1iun.fa
Reading from local mirror:
  /net/cci/pdb_mirror/structure_factors/iu/r1iunsf.ent.gz
Structure factors saved to /net/rebus/raid1/scratch1/nigel/amber/hi_lo/iu/1iun/1iun-sf.cif
Reading from local mirror:
  /net/cci/pdb_mirror/mmcif/iu/1iun.cif.gz
Model saved to /net/rebus/raid1/scratch1/nigel/amber/hi_lo/iu/1iun/1iun.cif
Can't determine output label for r1iunsf,_refln.crystal_id - skipping.
Can't determine output label for r1iunsf,_refln.scale_group_code - skipping.
Can't determine output label for r1iunsf,_refln.wavelength_id - skipping.
Converted structure factors saved to 1iun.mtz
not prmtop_filename /net/rebus/scratch1/nigel/amber/hi_lo/iu/1iun/4amber_1iun.prmtop
not prmtop_filename /net/chevy/raid1/nigel/amber/hi_lo/iu/1iun/4amber_1iun.prmtop

	Running AmberPrep : 1iun.pdb


==================================================
Running pdb4amber on 1iun.pdb
==================================================

==================================================
Setting up library files for non-standard residues
==================================================

  Residue "ACT" already in amber monomer library. Skipping elbow/antechamber
    run for this residue.
        

==================================================
Preparing asu files and 4phenix_1iun.pdb
==================================================

~> tleap -f 1iun_asu_tleap_input_run

Checking output filenames
  file : 1iun_asu.prmtop
  file : 1iun_asu.rst7

~> ChBox -c 1iun_asu.rst7 -o 1iun_asu.rst7 -X 98.797 -Y 98.797 -Z 149.34 -al 90.0 -bt 90.0 -gm 120.0 


============================================================
Preparing unit cell files: 4amber_1iun.prmtop and 4amber_1iun.rst7
============================================================

~> UnitCell -p 1iun_4UnitCell.pdb -o 1iun_4tleap_uc1.pdb


~> tleap -f 1iun_uc_tleap_input_run

Checking output filenames
  file : 1iun_uc.prmtop
  file : 1iun_uc.rst7

~> ChBox -c 1iun_uc.rst7 -o 1iun_uc.rst7 -X 98.797 -Y 98.797 -Z 149.34 -al 90.0 -bt 90.0 -gm 120.0 


==================================================
Minimizing input coordinates.
==================================================

~> sander -O -i 1iun_amber_all.in -p 4amber_1iun.prmtop -c 4amber_1iun.rst7 -o 1iun.min.out            -ref 4amber_1iun.rst7 -r 4amber_1iun.min.rst7

checking special positions in 4phenix_1iun.pdb

==================================================
Done.  Three new files have been made:
      4phenix_1iun.pdb
      4amber_1iun.prmtop
      4amber_1iun.rst7
==================================================

Example

  phenix.refine 4phenix_1iun.pdb use_amber=True \
    amber.topology_file_name=4amber_1iun.prmtop \
    amber.coordinate_file_name=4amber_1iun.rst7 \
    ....(other refinement keywords here).....



Substituting Amber PDB file for downloaded file

  Amber files
    PDB    : 1iun.pdb
    MTZ    : 1iun.mtz
    prmtop : 4amber_1iun.prmtop
    rst7   : 4amber_1iun.rst7
  
/net/rebus/raid1/scratch1/nigel/amber/hi_lo/iu/1iun
return_files 1iun
/net/chevy/raid1/nigel/amber/hi_lo
4amber_1iun.pdb
4phenix_1iun.pdb
cp 4phenix_1iun.pdb /net/chevy/raid1/nigel/amber/hi_lo/iu/1iun
1iun.pdb
cp 1iun.pdb /net/chevy/raid1/nigel/amber/hi_lo/iu/1iun
4amber_1iun.mtz
4phenix_1iun.mtz
1iun.mtz
cp 1iun.mtz /net/chevy/raid1/nigel/amber/hi_lo/iu/1iun
4amber_1iun.rst7
cp 4amber_1iun.rst7 /net/chevy/raid1/nigel/amber/hi_lo/iu/1iun
4phenix_1iun.rst7
1iun.rst7
4amber_1iun.prmtop
cp 4amber_1iun.prmtop /net/chevy/raid1/nigel/amber/hi_lo/iu/1iun
4phenix_1iun.prmtop
1iun.prmtop
4amber_1iun_refine_001.log
4phenix_1iun_refine_001.log
1iun_refine_001.log
4amber_1iun_refine_002.log
4phenix_1iun_refine_002.log
1iun_refine_002.log
4amber_1iun_refine_001.pdb
4phenix_1iun_refine_001.pdb
1iun_refine_001.pdb
4amber_1iun_refine_002.pdb
4phenix_1iun_refine_002.pdb
1iun_refine_002.pdb
local_archive /net/chevy/raid1/nigel/amber/hi_lo
archive PDB /net/chevy/raid1/nigel/amber/hi_lo/iu/1iun/1iun.pdb
/net/rebus/raid1/scratch1/nigel/amber/hi_lo/iu/1iun
------------------------------
phenix.refine log filename ? > /net/chevy/raid1/nigel/amber/hi_lo/iu/1iun/1iun_refine_001.log
------------------------------
------------------------------
phenix.refine log filename ? > 1iun_refine_001.log
------------------------------
Running phenix.refine

phenix.refine 1iun.pdb 1iun.mtz c_beta_restraints=False discard_psi_phi=False strategy="*individual_sites individual_sites_real_space rigid_body *individual_adp group_adp tls *occupancies group_anomalous" refinement.target_weights.optimize_xyz_weight=True refinement.main.number_of_macro_cycles=10 write_geo=False serial=1 cdl=True

------------------------------
phenix.refine log filename ? > /net/chevy/raid1/nigel/amber/hi_lo/iu/1iun/1iun_refine_002.log
------------------------------
------------------------------
phenix.refine log filename ? > 1iun_refine_002.log
------------------------------
Running phenix.refine

phenix.refine 1iun.pdb 1iun.mtz c_beta_restraints=False discard_psi_phi=False strategy="*individual_sites individual_sites_real_space rigid_body *individual_adp group_adp tls *occupancies group_anomalous" topology_file_name=/net/chevy/raid1/nigel/amber/hi_lo/iu/1iun/4amber_1iun.prmtop amber.coordinate_file_name=/net/chevy/raid1/nigel/amber/hi_lo/iu/1iun/4amber_1iun.rst7 use_amber=True refinement.target_weights.optimize_xyz_weight=True refinement.main.number_of_macro_cycles=10 write_geo=False amber.wxc_factor=0.300000 serial=2

