HOST morse.lbl.gov
only_i 25
only_code None
force_amber_prep True
dry_run False
... 25 1c0n
/net/chevy/raid1/nigel/amber/hi_lo
/net/chevy/raid1/nigel/amber/hi_lo/c0/1c0n
1c0n.pdb 4phenix_1c0n.pdb
local_archive None
archive PDB None
Reading from local mirror:
  /net/cci/pdb_mirror/pdb/c0/pdb1c0n.ent.gz
Model saved to /net/morse/raid1/scratch1/nigel/amber/hi_lo/c0/1c0n/1c0n.pdb
Sequence saved to /net/morse/raid1/scratch1/nigel/amber/hi_lo/c0/1c0n/1c0n.fa
Reading from local mirror:
  /net/cci/pdb_mirror/structure_factors/c0/r1c0nsf.ent.gz
Structure factors saved to /net/morse/raid1/scratch1/nigel/amber/hi_lo/c0/1c0n/1c0n-sf.cif
Reading from local mirror:
  /net/cci/pdb_mirror/mmcif/c0/1c0n.cif.gz
Model saved to /net/morse/raid1/scratch1/nigel/amber/hi_lo/c0/1c0n/1c0n.cif
Can't determine output label for r1c0nsf,_refln.crystal_id - skipping.
Can't determine output label for r1c0nsf,_refln.scale_group_code - skipping.
Can't determine output label for r1c0nsf,_refln.wavelength_id - skipping.
Converted structure factors saved to 1c0n.mtz
local_archive None
archive PDB None
Reading from local mirror:
  /net/cci/pdb_mirror/pdb/c0/pdb1c0n.ent.gz
Model saved to /net/morse/raid1/scratch1/nigel/amber/hi_lo/c0/1c0n/1c0n.pdb
Sequence saved to /net/morse/raid1/scratch1/nigel/amber/hi_lo/c0/1c0n/1c0n.fa
Reading from local mirror:
  /net/cci/pdb_mirror/structure_factors/c0/r1c0nsf.ent.gz
Structure factors saved to /net/morse/raid1/scratch1/nigel/amber/hi_lo/c0/1c0n/1c0n-sf.cif
Reading from local mirror:
  /net/cci/pdb_mirror/mmcif/c0/1c0n.cif.gz
Model saved to /net/morse/raid1/scratch1/nigel/amber/hi_lo/c0/1c0n/1c0n.cif
Can't determine output label for r1c0nsf,_refln.crystal_id - skipping.
Can't determine output label for r1c0nsf,_refln.scale_group_code - skipping.
Can't determine output label for r1c0nsf,_refln.wavelength_id - skipping.
Converted structure factors saved to 1c0n.mtz

==================================================
Summary of pdb4amber for: 1c0n.pdb
===================================================
REDUCE returned non-zero exit status: See reduce_info.log for more details

----------Chains
The following (original) chains have been found:
A

---------- Alternate Locations (Original Residues!))

The following residues had alternate locations:
None

---------- Mising heavy atom(s)

None
not prmtop_filename /net/morse/scratch1/nigel/amber/hi_lo/c0/1c0n/4amber_1c0n.prmtop
not prmtop_filename /net/chevy/raid1/nigel/amber/hi_lo/c0/1c0n/4amber_1c0n.prmtop

	Running AmberPrep : 1c0n.pdb


==================================================
Running pdb4amber on 1c0n.pdb
==================================================

==================================================
Setting up library files for non-standard residues
==================================================

  Residue "ACY" already in amber monomer library. Skipping elbow/antechamber
    run for this residue.
        

  Residue "PLP" already in amber monomer library. Skipping elbow/antechamber
    run for this residue.
        

==================================================
Preparing asu files and 4phenix_1c0n.pdb
==================================================

~> tleap -f 1c0n_asu_tleap_input_run

Checking output filenames
  file : 1c0n_asu.prmtop
Sorry:   Output file is empty : 1c0n_asu.prmtop
  Check contents of "leap.log"
