HOST rebus.lbl.gov
only_i 22
only_code None
force_amber_prep True
dry_run False
1 1z3z,A,2.900,1zod,A,1.800
2 1psi,A,2.920,3ndd,A,1.500
3 3bpo,A,3.000,3l5w,I,2.000
4 1e6j,P,3.000,3mge,A,1.900
5 1r46,A,3.250,3hg3,A,1.900
6 2j0g,A,2.850,2j1g,A,1.950
7 1nsk,L,2.800,3bbb,A,1.300
8 1t04,B,3.000,1t3f,B,2.000
9 1kiu,B,3.000,1ze3,H,1.840
10 1kv3,A,2.800,2q3z,A,2.000
11 1wqs,A,2.800,2iph,A,1.750
... 22 2iph
/net/chevy/raid1/nigel/amber/hi_lo
/net/chevy/raid1/nigel/amber/hi_lo/ip/2iph
2iph.pdb 4phenix_2iph.pdb
local_archive None
archive PDB None
Reading from local mirror:
  /net/cci/pdb_mirror/pdb/ip/pdb2iph.ent.gz
Model saved to /net/rebus/raid1/scratch1/nigel/amber/hi_lo/ip/2iph/2iph.pdb
Sequence saved to /net/rebus/raid1/scratch1/nigel/amber/hi_lo/ip/2iph/2iph.fa
Reading from local mirror:
  /net/cci/pdb_mirror/structure_factors/ip/r2iphsf.ent.gz
Structure factors saved to /net/rebus/raid1/scratch1/nigel/amber/hi_lo/ip/2iph/2iph-sf.cif
Reading from local mirror:
  /net/cci/pdb_mirror/mmcif/ip/2iph.cif.gz
Model saved to /net/rebus/raid1/scratch1/nigel/amber/hi_lo/ip/2iph/2iph.cif
Can't determine output label for r2iphsf,_refln.crystal_id - skipping.
Can't determine output label for r2iphsf,_refln.scale_group_code - skipping.
Can't determine output label for r2iphsf,_refln.wavelength_id - skipping.
Converted structure factors saved to 2iph.mtz
local_archive None
archive PDB None
Reading from local mirror:
  /net/cci/pdb_mirror/pdb/ip/pdb2iph.ent.gz
Model saved to /net/rebus/raid1/scratch1/nigel/amber/hi_lo/ip/2iph/2iph.pdb
Sequence saved to /net/rebus/raid1/scratch1/nigel/amber/hi_lo/ip/2iph/2iph.fa
Reading from local mirror:
  /net/cci/pdb_mirror/structure_factors/ip/r2iphsf.ent.gz
Structure factors saved to /net/rebus/raid1/scratch1/nigel/amber/hi_lo/ip/2iph/2iph-sf.cif
Reading from local mirror:
  /net/cci/pdb_mirror/mmcif/ip/2iph.cif.gz
Model saved to /net/rebus/raid1/scratch1/nigel/amber/hi_lo/ip/2iph/2iph.cif
Can't determine output label for r2iphsf,_refln.crystal_id - skipping.
Can't determine output label for r2iphsf,_refln.scale_group_code - skipping.
Can't determine output label for r2iphsf,_refln.wavelength_id - skipping.
Converted structure factors saved to 2iph.mtz

==================================================
Summary of pdb4amber for: 2iph.pdb
===================================================
REDUCE returned non-zero exit status: See reduce_info.log for more details

----------Chains
The following (original) chains have been found:
A
B

---------- Alternate Locations (Original Residues!))

The following residues had alternate locations:
ASN_126
ALA_127
LYS_128
GLY_129
MET_130
ASP_131
LEU_132
GLY_133
GLN_172
ALA_173
THR_205
THR_206
VAL_262
LEU_263
MET_297
LEU_298
MET_307
ASP_308

---------- Mising heavy atom(s)

None
The alternate coordinates have been discarded.
Only the first occurrence for each atom was kept.
not prmtop_filename /net/rebus/scratch1/nigel/amber/hi_lo/ip/2iph/4amber_2iph.prmtop
not prmtop_filename /net/chevy/raid1/nigel/amber/hi_lo/ip/2iph/4amber_2iph.prmtop

	Running AmberPrep : 2iph.pdb


==================================================
Running pdb4amber on 2iph.pdb
==================================================

==================================================
Setting up library files for non-standard residues
==================================================

==================================================
Running elbow/antechamber for LGG 
==================================================

MoleculeClass :  C:34  N: 7  O:11 (CHEMICAL COMPONENTS format)
	101 atoms
	101 bonds
	180 angles
	259 dihedrals
	1 rings (groups, rings, atoms) 1 6
	5 chirals : S S S S S 

~> antechamber -i 4antechamber_LGG.pdb -fi pdb -o LGG.mol2 -fo mol2       -nc -2 -m 1 -s 2 -pf y -c bcc -at gaff2 -ek "qm_theory='AM1', grms_tol=0.0005, scfconv=1.d-10, maxcyc=0, ndiis_attempts=700,"


~> parmchk2 -s 2 -i LGG.mol2 -f mol2 -o LGG.frcmod


==================================================
Preparing asu files and 4phenix_2iph.pdb
==================================================

~> tleap -f 2iph_asu_tleap_input_run

Checking output filenames
  file : 2iph_asu.prmtop
Sorry:   Output file is empty : 2iph_asu.prmtop
  Check contents of "leap.log"
