HOST lewis.lbl.gov
only_i 275
only_code None
force_amber_prep True
dry_run False
... 275 3ifp
/net/chevy/raid1/nigel/amber/hi_lo
/net/chevy/raid1/nigel/amber/hi_lo/if/3ifp
3ifp.pdb 4phenix_3ifp.pdb
3ifp.pdb 4phenix_3ifp.pdb
local_archive None
archive PDB None
Reading from local mirror:
  /net/cci/pdb_mirror/pdb/if/pdb3ifp.ent.gz
Model saved to /net/lewis/raid1/scratch1/nigel/amber/hi_lo/if/3ifp/3ifp.pdb
Traceback (most recent call last):
  File "/net/cci-filer2/raid1/xp/phenix/phenix-svn/build/../modules/cctbx_project/mmtbx/command_line/fetch_pdb.py", line 199, in <module>
    run2(sys.argv[1:])
  File "/net/cci-filer2/raid1/xp/phenix/phenix-svn/build/../modules/cctbx_project/mmtbx/command_line/fetch_pdb.py", line 155, in run2
    files.append(get_pdb(id, data_type_, mirror, log, format=data_format))
  File "/net/cci-filer2/raid1/xp/phenix/phenix-svn/modules/cctbx_project/iotbx/pdb/fetch.py", line 213, in get_pdb
    data = fetch(id, data_type, mirror=mirror, format=format, log=log)
  File "/net/cci-filer2/raid1/xp/phenix/phenix-svn/modules/cctbx_project/iotbx/pdb/fetch.py", line 150, in fetch
    data = libtbx.utils.urlopen(url)
  File "/net/cci-filer2/raid1/xp/phenix/phenix-svn/modules/cctbx_project/libtbx/utils.py", line 2069, in urlopen
    return urllib2.urlopen(*args, **kwds)
  File "/net/cci-filer2/raid1/xp/phenix/phenix-svn/base/lib/python2.7/urllib2.py", line 127, in urlopen
    return _opener.open(url, data, timeout)
  File "/net/cci-filer2/raid1/xp/phenix/phenix-svn/base/lib/python2.7/urllib2.py", line 404, in open
    response = self._open(req, data)
  File "/net/cci-filer2/raid1/xp/phenix/phenix-svn/base/lib/python2.7/urllib2.py", line 422, in _open
    '_open', req)
  File "/net/cci-filer2/raid1/xp/phenix/phenix-svn/base/lib/python2.7/urllib2.py", line 382, in _call_chain
    result = func(*args)
  File "/net/cci-filer2/raid1/xp/phenix/phenix-svn/base/lib/python2.7/urllib2.py", line 1214, in http_open
    return self.do_open(httplib.HTTPConnection, req)
  File "/net/cci-filer2/raid1/xp/phenix/phenix-svn/base/lib/python2.7/urllib2.py", line 1184, in do_open
    raise URLError(err)
urllib2.URLError: <urlopen error [Errno 110] Connection timed out>
local_archive None
archive PDB None
Reading from local mirror:
  /net/cci/pdb_mirror/pdb/if/pdb3ifp.ent.gz
Model saved to /net/lewis/raid1/scratch1/nigel/amber/hi_lo/if/3ifp/3ifp.pdb
Traceback (most recent call last):
  File "/net/cci-filer2/raid1/xp/phenix/phenix-svn/build/../modules/cctbx_project/mmtbx/command_line/fetch_pdb.py", line 199, in <module>
    run2(sys.argv[1:])
  File "/net/cci-filer2/raid1/xp/phenix/phenix-svn/build/../modules/cctbx_project/mmtbx/command_line/fetch_pdb.py", line 155, in run2
    files.append(get_pdb(id, data_type_, mirror, log, format=data_format))
  File "/net/cci-filer2/raid1/xp/phenix/phenix-svn/modules/cctbx_project/iotbx/pdb/fetch.py", line 213, in get_pdb
    data = fetch(id, data_type, mirror=mirror, format=format, log=log)
  File "/net/cci-filer2/raid1/xp/phenix/phenix-svn/modules/cctbx_project/iotbx/pdb/fetch.py", line 150, in fetch
    data = libtbx.utils.urlopen(url)
  File "/net/cci-filer2/raid1/xp/phenix/phenix-svn/modules/cctbx_project/libtbx/utils.py", line 2069, in urlopen
    return urllib2.urlopen(*args, **kwds)
  File "/net/cci-filer2/raid1/xp/phenix/phenix-svn/base/lib/python2.7/urllib2.py", line 127, in urlopen
    return _opener.open(url, data, timeout)
  File "/net/cci-filer2/raid1/xp/phenix/phenix-svn/base/lib/python2.7/urllib2.py", line 404, in open
    response = self._open(req, data)
  File "/net/cci-filer2/raid1/xp/phenix/phenix-svn/base/lib/python2.7/urllib2.py", line 422, in _open
    '_open', req)
  File "/net/cci-filer2/raid1/xp/phenix/phenix-svn/base/lib/python2.7/urllib2.py", line 382, in _call_chain
    result = func(*args)
  File "/net/cci-filer2/raid1/xp/phenix/phenix-svn/base/lib/python2.7/urllib2.py", line 1214, in http_open
    return self.do_open(httplib.HTTPConnection, req)
  File "/net/cci-filer2/raid1/xp/phenix/phenix-svn/base/lib/python2.7/urllib2.py", line 1184, in do_open
    raise URLError(err)
urllib2.URLError: <urlopen error [Errno 110] Connection timed out>

==================================================
Summary of pdb4amber for: 3ifp.pdb
===================================================

----------Chains
The following (original) chains have been found:
A
B
C
D
E
F
H
L
P
Q
R
S

---------- Alternate Locations (Original Residues!))

The following residues had alternate locations:
None

---------- Gaps (Renumbered Residues!)
gap of 14.247567 A between GLY 582 and SER 583
gap of 14.274793 A between GLY 1022 and SER 1023
gap of 14.277818 A between GLY 1462 and SER 1463

---------- Mising heavy atom(s)

None

==================================================
Summary of pdb4amber for: 3ifp_4tleap_uc1.pdb
===================================================

----------Chains
The following (original) chains have been found:
A
B
C
D
E
F
H
L
P
Q
R
S

---------- Alternate Locations (Original Residues!))

The following residues had alternate locations:
None

---------- Gaps (Renumbered Residues!)
gap of 14.247567 A between GLY 582 and SER 583
gap of 14.274793 A between GLY 1022 and SER 1023
gap of 14.277818 A between GLY 1462 and SER 1463

---------- Mising heavy atom(s)

None
not prmtop_filename /net/lewis/scratch1/nigel/amber/hi_lo/if/3ifp/4amber_3ifp.prmtop

	Running AmberPrep : 3ifp.pdb


==================================================
Running pdb4amber on 3ifp.pdb
==================================================

==================================================
Setting up library files for non-standard residues
==================================================

==================================================
Preparing asu files and 4phenix_3ifp.pdb
==================================================

~> tleap -f 3ifp_asu_tleap_input_run

Checking output filenames
  file : 3ifp_asu.prmtop
  file : 3ifp_asu.rst7

~> ChBox -c 3ifp_asu.rst7 -o 3ifp_asu.rst7 -X 78.86 -Y 79.24 -Z 94.1 -al 68.66 -bt 65.28 -gm 78.47 


============================================================
Preparing unit cell files: 4amber_3ifp.prmtop and 4amber_3ifp.rst7
============================================================

~> UnitCell -p 3ifp_4UnitCell.pdb -o 3ifp_4tleap_uc1.pdb


~> tleap -f 3ifp_uc_tleap_input_run

Checking output filenames
  file : 3ifp_uc.prmtop
  file : 3ifp_uc.rst7

~> ChBox -c 3ifp_uc.rst7 -o 3ifp_uc.rst7 -X 78.86 -Y 79.24 -Z 94.1 -al 68.66 -bt 65.28 -gm 78.47 


==================================================
Minimizing input coordinates.
==================================================

~> sander -O -i 3ifp_amber_all.in -p 4amber_3ifp.prmtop -c 4amber_3ifp.rst7 -o 3ifp.min.out            -ref 4amber_3ifp.rst7 -r 4amber_3ifp.min.rst7

checking special positions in 4phenix_3ifp.pdb

==================================================
Done.  Three new files have been made:
      4phenix_3ifp.pdb
      4amber_3ifp.prmtop
      4amber_3ifp.rst7
==================================================

Example

  phenix.refine 4phenix_3ifp.pdb use_amber=True \
    amber.topology_file_name=4amber_3ifp.prmtop \
    amber.coordinate_file_name=4amber_3ifp.rst7 \
    ....(other refinement keywords here).....



Substituting Amber PDB file for downloaded file
run_tests_local.py:222: UserWarning: os.system() is not safe: please use the subprocess module or libtbx.easy_run instead.
  os.system(cmd)

  Amber files
    PDB    : 3ifp.pdb
    MTZ    : 3ifp.mtz
    prmtop : 4amber_3ifp.prmtop
    rst7   : 4amber_3ifp.rst7
  
/net/lewis/raid1/scratch1/nigel/amber/hi_lo/if/3ifp
return_files 3ifp
/net/chevy/raid1/nigel/amber/hi_lo
4amber_3ifp.pdb
4phenix_3ifp.pdb
cp 4phenix_3ifp.pdb /net/chevy/raid1/nigel/amber/hi_lo/if/3ifp
3ifp.pdb
cp 3ifp.pdb /net/chevy/raid1/nigel/amber/hi_lo/if/3ifp
4amber_3ifp.mtz
4phenix_3ifp.mtz
3ifp.mtz
cp 3ifp.mtz /net/chevy/raid1/nigel/amber/hi_lo/if/3ifp
4amber_3ifp.rst7
cp 4amber_3ifp.rst7 /net/chevy/raid1/nigel/amber/hi_lo/if/3ifp
4phenix_3ifp.rst7
3ifp.rst7
4amber_3ifp.prmtop
cp 4amber_3ifp.prmtop /net/chevy/raid1/nigel/amber/hi_lo/if/3ifp
4phenix_3ifp.prmtop
3ifp.prmtop
4amber_3ifp_refine_001.log
4phenix_3ifp_refine_001.log
3ifp_refine_001.log
4amber_3ifp_refine_002.log
4phenix_3ifp_refine_002.log
3ifp_refine_002.log
4amber_3ifp_refine_001.pdb
4phenix_3ifp_refine_001.pdb
3ifp_refine_001.pdb
4amber_3ifp_refine_002.pdb
4phenix_3ifp_refine_002.pdb
3ifp_refine_002.pdb
local_archive /net/chevy/raid1/nigel/amber/hi_lo
archive PDB /net/chevy/raid1/nigel/amber/hi_lo/if/3ifp/3ifp.pdb
/net/lewis/raid1/scratch1/nigel/amber/hi_lo/if/3ifp
------------------------------
phenix.refine log filename ? > /net/chevy/raid1/nigel/amber/hi_lo/if/3ifp/3ifp_refine_001.log
------------------------------

	Already done (on chevy) 3ifp_refine_001
------------------------------
phenix.refine log filename ? > /net/chevy/raid1/nigel/amber/hi_lo/if/3ifp/3ifp_refine_002.log
------------------------------

	Already done (on chevy) 3ifp_refine_002
