HOST lewis.lbl.gov
only_i 350
only_code None
force_amber_prep True
dry_run False
... 350 2g50
/net/chevy/raid1/nigel/amber/hi_lo
/net/chevy/raid1/nigel/amber/hi_lo/g5/2g50
2g50.pdb 4phenix_2g50.pdb
2g50.pdb 4phenix_2g50.pdb
local_archive None
archive PDB None
Reading from local mirror:
  /net/cci/pdb_mirror/pdb/g5/pdb2g50.ent.gz
Model saved to /net/lewis/raid1/scratch1/nigel/amber/hi_lo/g5/2g50/2g50.pdb
Traceback (most recent call last):
  File "/net/cci-filer2/raid1/xp/phenix/phenix-svn/build/../modules/cctbx_project/mmtbx/command_line/fetch_pdb.py", line 199, in <module>
    run2(sys.argv[1:])
  File "/net/cci-filer2/raid1/xp/phenix/phenix-svn/build/../modules/cctbx_project/mmtbx/command_line/fetch_pdb.py", line 155, in run2
    files.append(get_pdb(id, data_type_, mirror, log, format=data_format))
  File "/net/cci-filer2/raid1/xp/phenix/phenix-svn/modules/cctbx_project/iotbx/pdb/fetch.py", line 213, in get_pdb
    data = fetch(id, data_type, mirror=mirror, format=format, log=log)
  File "/net/cci-filer2/raid1/xp/phenix/phenix-svn/modules/cctbx_project/iotbx/pdb/fetch.py", line 150, in fetch
    data = libtbx.utils.urlopen(url)
  File "/net/cci-filer2/raid1/xp/phenix/phenix-svn/modules/cctbx_project/libtbx/utils.py", line 2069, in urlopen
    return urllib2.urlopen(*args, **kwds)
  File "/net/cci-filer2/raid1/xp/phenix/phenix-svn/base/lib/python2.7/urllib2.py", line 127, in urlopen
    return _opener.open(url, data, timeout)
  File "/net/cci-filer2/raid1/xp/phenix/phenix-svn/base/lib/python2.7/urllib2.py", line 404, in open
    response = self._open(req, data)
  File "/net/cci-filer2/raid1/xp/phenix/phenix-svn/base/lib/python2.7/urllib2.py", line 422, in _open
    '_open', req)
  File "/net/cci-filer2/raid1/xp/phenix/phenix-svn/base/lib/python2.7/urllib2.py", line 382, in _call_chain
    result = func(*args)
  File "/net/cci-filer2/raid1/xp/phenix/phenix-svn/base/lib/python2.7/urllib2.py", line 1214, in http_open
    return self.do_open(httplib.HTTPConnection, req)
  File "/net/cci-filer2/raid1/xp/phenix/phenix-svn/base/lib/python2.7/urllib2.py", line 1184, in do_open
    raise URLError(err)
urllib2.URLError: <urlopen error [Errno 110] Connection timed out>
local_archive None
archive PDB None
Reading from local mirror:
  /net/cci/pdb_mirror/pdb/g5/pdb2g50.ent.gz
Model saved to /net/lewis/raid1/scratch1/nigel/amber/hi_lo/g5/2g50/2g50.pdb
Traceback (most recent call last):
  File "/net/cci-filer2/raid1/xp/phenix/phenix-svn/build/../modules/cctbx_project/mmtbx/command_line/fetch_pdb.py", line 199, in <module>
    run2(sys.argv[1:])
  File "/net/cci-filer2/raid1/xp/phenix/phenix-svn/build/../modules/cctbx_project/mmtbx/command_line/fetch_pdb.py", line 155, in run2
    files.append(get_pdb(id, data_type_, mirror, log, format=data_format))
  File "/net/cci-filer2/raid1/xp/phenix/phenix-svn/modules/cctbx_project/iotbx/pdb/fetch.py", line 213, in get_pdb
    data = fetch(id, data_type, mirror=mirror, format=format, log=log)
  File "/net/cci-filer2/raid1/xp/phenix/phenix-svn/modules/cctbx_project/iotbx/pdb/fetch.py", line 150, in fetch
    data = libtbx.utils.urlopen(url)
  File "/net/cci-filer2/raid1/xp/phenix/phenix-svn/modules/cctbx_project/libtbx/utils.py", line 2069, in urlopen
    return urllib2.urlopen(*args, **kwds)
  File "/net/cci-filer2/raid1/xp/phenix/phenix-svn/base/lib/python2.7/urllib2.py", line 127, in urlopen
    return _opener.open(url, data, timeout)
  File "/net/cci-filer2/raid1/xp/phenix/phenix-svn/base/lib/python2.7/urllib2.py", line 404, in open
    response = self._open(req, data)
  File "/net/cci-filer2/raid1/xp/phenix/phenix-svn/base/lib/python2.7/urllib2.py", line 422, in _open
    '_open', req)
  File "/net/cci-filer2/raid1/xp/phenix/phenix-svn/base/lib/python2.7/urllib2.py", line 382, in _call_chain
    result = func(*args)
  File "/net/cci-filer2/raid1/xp/phenix/phenix-svn/base/lib/python2.7/urllib2.py", line 1214, in http_open
    return self.do_open(httplib.HTTPConnection, req)
  File "/net/cci-filer2/raid1/xp/phenix/phenix-svn/base/lib/python2.7/urllib2.py", line 1184, in do_open
    raise URLError(err)
urllib2.URLError: <urlopen error [Errno 110] Connection timed out>

==================================================
Summary of pdb4amber for: 2g50.pdb
===================================================

----------Chains
The following (original) chains have been found:
A
B
C
D
E
F
G
H

---------- Alternate Locations (Original Residues!))

The following residues had alternate locations:
MET_10
PHE_14
GLU_16
LYS_18
GLU_47
MET_52
MET_62
THR_127
LYS_129
LEU_132
VAL_156
GLN_215
ARG_234
GLU_241
LYS_324
ARG_327
GLU_361
MET_377
ARG_380
ARG_388
GLU_406
ASN_479
LYS_486
VAL_496
MET_513
VAL_515
PHE_534
GLU_536
LYS_538
GLU_567
MET_572
TYR_591
GLU_752
VAL_753
LYS_760
ARG_777
GLU_781
GLU_784
GLN_828
LYS_835
ARG_838
SER_845
ARG_891
ARG_899
SER_901
GLU_917
GLU_932
GLN_939
PHE_969
LYS_974
ASN_990
VAL_1007
MET_1024
VAL_1026
VAL_1027
MET_1040
PHE_1044
GLU_1046
LYS_1048
ARG_1074
MET_1082
TYR_1101
GLN_1238
ASP_1239
GLU_1245
GLN_1246
LYS_1258
ILE_1268
LYS_1277
HIS_1285
GLU_1286
GLN_1340
ARG_1350
MET_1400
PHE_1401
ARG_1411
GLN_1415
GLU_1429
ALA_1430
GLU_1444
GLN_1451
VAL_1452
ASN_1502
LEU_1503
LYS_1515
VAL_1519
MET_1536
VAL_1538
PHE_1558
GLU_1560
HIS_1561
LYS_1562
MET_1596
TYR_1615
THR_1671
ASN_1695
ASP_1710
SER_1714
GLN_1716
LYS_1762
LYS_1779
GLU_1785
VAL_1786
LYS_1788
HIS_1806
GLU_1807
GLY_1808
ARG_1871
ARG_1932
ALA_1933
GLU_1950
ARG_1968
ASN_2023
VAL_2040
ARG_2048
MET_2057
ARG_2058
VAL_2059
GLN_2067
THR_2068
PHE_2079
GLU_2081
LYS_2083
GLU_2112
MET_2117
ILE_2118
TYR_2136
ILE_2156
LEU_2193
LYS_2194
MET_2202
ILE_2209
VAL_2247
GLU_2251
LYS_2259
GLU_2276
LYS_2283
PHE_2284
GLU_2306
HIS_2327
ARG_2331
ARG_2392
LYS_2420
ARG_2445
GLU_2471
LEU_2541
ASN_2544
LYS_2557
LYS_2558
VAL_2561
MET_2578
ARG_2579
VAL_2580
PHE_2599
GLU_2601
HIS_2602
MET_2637
ILE_2638
TYR_2656
SER_2673
GLU_2791
GLN_2795
GLU_2802
VAL_2808
ARG_2814
LYS_2815
ILE_2825
LYS_2831
HIS_2842
ARG_2846
GLN_2897
ARG_2907
LYS_2961
ARG_2968
SER_2970
GLN_2972
GLU_2986
GLN_3008
ASP_3044
VAL_3076
MET_3093
ARG_3094
VAL_3095
VAL_3096
PHE_3114
GLU_3116
LYS_3118
GLU_3147
MET_3152
SER_3263
HIS_3352
GLN_3407
ARG_3417
ARG_3478
SER_3480
GLU_3496
VAL_3586
MET_3603
ARG_3604
VAL_3605
PHE_3624
GLU_3626
LYS_3628
MET_3662
ILE_3663
TYR_3681
GLN_3824
ASP_3825
LYS_3827
PHE_3828
GLU_3857
ARG_3875
ARG_3936
LYS_3964
ARG_3997
ALA_3998
SER_3999
GLU_4015
ILE_4048
ASN_4088
MET_4091
VAL_4105
MET_4122
ARG_4123
VAL_4124

---------- Gaps (Renumbered Residues!)
gap of 10.375413 A between LEU 631 and ALA 632
gap of 5.127814 A between LYS 690 and PHE 691
gap of 6.349139 A between ILE 1142 and ALA 1143
gap of 6.155131 A between LYS 1201 and ASP 1202
gap of 7.632077 A between LYS 2698 and THR 2699
gap of 6.121421 A between LYS 2758 and ASP 2759
gap of 8.472416 A between LEU 3211 and GLU 3212
gap of 5.506207 A between LYS 3269 and PHE 3270
gap of 3.126966 A between GLY 3787 and ASP 3788

---------- Mising heavy atom(s)

None
The alternate coordinates have been discarded.
Only the first occurrence for each atom was kept.

==================================================
Summary of pdb4amber for: 2g50_4tleap_uc1.pdb
===================================================

----------Chains
The following (original) chains have been found:
A
B
C
D
E
F
G
H

---------- Alternate Locations (Original Residues!))

The following residues had alternate locations:
None

---------- Gaps (Renumbered Residues!)
gap of 10.375413 A between LEU 631 and ALA 632
gap of 5.127814 A between LYS 690 and PHE 691
gap of 6.349139 A between ILE 1142 and ALA 1143
gap of 6.155131 A between LYS 1201 and ASP 1202
gap of 7.632077 A between LYS 2698 and THR 2699
gap of 6.121421 A between LYS 2758 and ASP 2759
gap of 8.472416 A between LEU 3211 and GLU 3212
gap of 5.506207 A between LYS 3269 and PHE 3270
gap of 3.126966 A between GLY 3787 and ASP 3788

---------- Mising heavy atom(s)

None
not prmtop_filename /net/lewis/scratch1/nigel/amber/hi_lo/g5/2g50/4amber_2g50.prmtop

	Running AmberPrep : 2g50.pdb


==================================================
Running pdb4amber on 2g50.pdb
==================================================

==================================================
Setting up library files for non-standard residues
==================================================

  Residue "GOL" already in amber monomer library. Skipping elbow/antechamber
    run for this residue.
        

  Residue "PYR" already in amber monomer library. Skipping elbow/antechamber
    run for this residue.
        

  Residue "EDO" already in amber monomer library. Skipping elbow/antechamber
    run for this residue.
        

  Residue "ETE" already in amber monomer library. Skipping elbow/antechamber
    run for this residue.
        

==================================================
Preparing asu files and 4phenix_2g50.pdb
==================================================

~> tleap -f 2g50_asu_tleap_input_run

Checking output filenames
  file : 2g50_asu.prmtop
  file : 2g50_asu.rst7

~> ChBox -c 2g50_asu.rst7 -o 2g50_asu.rst7 -X 82.626 -Y 109.014 -Z 144.463 -al 95.15 -bt 93.45 -gm 112.26 


============================================================
Preparing unit cell files: 4amber_2g50.prmtop and 4amber_2g50.rst7
============================================================

~> UnitCell -p 2g50_4UnitCell.pdb -o 2g50_4tleap_uc1.pdb


~> tleap -f 2g50_uc_tleap_input_run

Checking output filenames
  file : 2g50_uc.prmtop
  file : 2g50_uc.rst7

~> ChBox -c 2g50_uc.rst7 -o 2g50_uc.rst7 -X 82.626 -Y 109.014 -Z 144.463 -al 95.15 -bt 93.45 -gm 112.26 


==================================================
Minimizing input coordinates.
==================================================

~> sander -O -i 2g50_amber_all.in -p 4amber_2g50.prmtop -c 4amber_2g50.rst7 -o 2g50.min.out            -ref 4amber_2g50.rst7 -r 4amber_2g50.min.rst7

checking special positions in 4phenix_2g50.pdb

==================================================
Done.  Three new files have been made:
      4phenix_2g50.pdb
      4amber_2g50.prmtop
      4amber_2g50.rst7
==================================================

Example

  phenix.refine 4phenix_2g50.pdb use_amber=True \
    amber.topology_file_name=4amber_2g50.prmtop \
    amber.coordinate_file_name=4amber_2g50.rst7 \
    ....(other refinement keywords here).....



Substituting Amber PDB file for downloaded file
run_tests_local.py:222: UserWarning: os.system() is not safe: please use the subprocess module or libtbx.easy_run instead.
  os.system(cmd)

  Amber files
    PDB    : 2g50.pdb
    MTZ    : 2g50.mtz
    prmtop : 4amber_2g50.prmtop
    rst7   : 4amber_2g50.rst7
  
/net/lewis/raid1/scratch1/nigel/amber/hi_lo/g5/2g50
return_files 2g50
/net/chevy/raid1/nigel/amber/hi_lo
4amber_2g50.pdb
4phenix_2g50.pdb
cp 4phenix_2g50.pdb /net/chevy/raid1/nigel/amber/hi_lo/g5/2g50
2g50.pdb
cp 2g50.pdb /net/chevy/raid1/nigel/amber/hi_lo/g5/2g50
4amber_2g50.mtz
4phenix_2g50.mtz
2g50.mtz
cp 2g50.mtz /net/chevy/raid1/nigel/amber/hi_lo/g5/2g50
4amber_2g50.rst7
cp 4amber_2g50.rst7 /net/chevy/raid1/nigel/amber/hi_lo/g5/2g50
4phenix_2g50.rst7
2g50.rst7
4amber_2g50.prmtop
cp 4amber_2g50.prmtop /net/chevy/raid1/nigel/amber/hi_lo/g5/2g50
4phenix_2g50.prmtop
2g50.prmtop
4amber_2g50_refine_001.log
4phenix_2g50_refine_001.log
2g50_refine_001.log
4amber_2g50_refine_002.log
4phenix_2g50_refine_002.log
2g50_refine_002.log
4amber_2g50_refine_001.pdb
4phenix_2g50_refine_001.pdb
2g50_refine_001.pdb
4amber_2g50_refine_002.pdb
4phenix_2g50_refine_002.pdb
2g50_refine_002.pdb
local_archive /net/chevy/raid1/nigel/amber/hi_lo
archive PDB /net/chevy/raid1/nigel/amber/hi_lo/g5/2g50/2g50.pdb
/net/lewis/raid1/scratch1/nigel/amber/hi_lo/g5/2g50
------------------------------
phenix.refine log filename ? > /net/chevy/raid1/nigel/amber/hi_lo/g5/2g50/2g50_refine_001.log
------------------------------

	Already done (on chevy) 2g50_refine_001
------------------------------
phenix.refine log filename ? > /net/chevy/raid1/nigel/amber/hi_lo/g5/2g50/2g50_refine_002.log
------------------------------

	Already done (on chevy) 2g50_refine_002
