HOST lewis.lbl.gov
only_i 296
only_code None
force_amber_prep True
dry_run False
... 296 3a7n
/net/chevy/raid1/nigel/amber/hi_lo
/net/chevy/raid1/nigel/amber/hi_lo/a7/3a7n
3a7n.pdb 4phenix_3a7n.pdb
local_archive None
archive PDB None
Reading from local mirror:
  /net/cci/pdb_mirror/pdb/a7/pdb3a7n.ent.gz
Model saved to /net/lewis/raid1/scratch1/nigel/amber/hi_lo/a7/3a7n/3a7n.pdb
Traceback (most recent call last):
  File "/net/cci-filer2/raid1/xp/phenix/phenix-svn/build/../modules/cctbx_project/mmtbx/command_line/fetch_pdb.py", line 199, in <module>
    run2(sys.argv[1:])
  File "/net/cci-filer2/raid1/xp/phenix/phenix-svn/build/../modules/cctbx_project/mmtbx/command_line/fetch_pdb.py", line 155, in run2
    files.append(get_pdb(id, data_type_, mirror, log, format=data_format))
  File "/net/cci-filer2/raid1/xp/phenix/phenix-svn/modules/cctbx_project/iotbx/pdb/fetch.py", line 213, in get_pdb
    data = fetch(id, data_type, mirror=mirror, format=format, log=log)
  File "/net/cci-filer2/raid1/xp/phenix/phenix-svn/modules/cctbx_project/iotbx/pdb/fetch.py", line 150, in fetch
    data = libtbx.utils.urlopen(url)
  File "/net/cci-filer2/raid1/xp/phenix/phenix-svn/modules/cctbx_project/libtbx/utils.py", line 2069, in urlopen
    return urllib2.urlopen(*args, **kwds)
  File "/net/cci-filer2/raid1/xp/phenix/phenix-svn/base/lib/python2.7/urllib2.py", line 127, in urlopen
    return _opener.open(url, data, timeout)
  File "/net/cci-filer2/raid1/xp/phenix/phenix-svn/base/lib/python2.7/urllib2.py", line 404, in open
    response = self._open(req, data)
  File "/net/cci-filer2/raid1/xp/phenix/phenix-svn/base/lib/python2.7/urllib2.py", line 422, in _open
    '_open', req)
  File "/net/cci-filer2/raid1/xp/phenix/phenix-svn/base/lib/python2.7/urllib2.py", line 382, in _call_chain
    result = func(*args)
  File "/net/cci-filer2/raid1/xp/phenix/phenix-svn/base/lib/python2.7/urllib2.py", line 1214, in http_open
    return self.do_open(httplib.HTTPConnection, req)
  File "/net/cci-filer2/raid1/xp/phenix/phenix-svn/base/lib/python2.7/urllib2.py", line 1184, in do_open
    raise URLError(err)
urllib2.URLError: <urlopen error [Errno 110] Connection timed out>
local_archive None
archive PDB None
Reading from local mirror:
  /net/cci/pdb_mirror/pdb/a7/pdb3a7n.ent.gz
Model saved to /net/lewis/raid1/scratch1/nigel/amber/hi_lo/a7/3a7n/3a7n.pdb
Traceback (most recent call last):
  File "/net/cci-filer2/raid1/xp/phenix/phenix-svn/build/../modules/cctbx_project/mmtbx/command_line/fetch_pdb.py", line 199, in <module>
    run2(sys.argv[1:])
  File "/net/cci-filer2/raid1/xp/phenix/phenix-svn/build/../modules/cctbx_project/mmtbx/command_line/fetch_pdb.py", line 155, in run2
    files.append(get_pdb(id, data_type_, mirror, log, format=data_format))
  File "/net/cci-filer2/raid1/xp/phenix/phenix-svn/modules/cctbx_project/iotbx/pdb/fetch.py", line 213, in get_pdb
    data = fetch(id, data_type, mirror=mirror, format=format, log=log)
  File "/net/cci-filer2/raid1/xp/phenix/phenix-svn/modules/cctbx_project/iotbx/pdb/fetch.py", line 150, in fetch
    data = libtbx.utils.urlopen(url)
  File "/net/cci-filer2/raid1/xp/phenix/phenix-svn/modules/cctbx_project/libtbx/utils.py", line 2069, in urlopen
    return urllib2.urlopen(*args, **kwds)
  File "/net/cci-filer2/raid1/xp/phenix/phenix-svn/base/lib/python2.7/urllib2.py", line 127, in urlopen
    return _opener.open(url, data, timeout)
  File "/net/cci-filer2/raid1/xp/phenix/phenix-svn/base/lib/python2.7/urllib2.py", line 404, in open
    response = self._open(req, data)
  File "/net/cci-filer2/raid1/xp/phenix/phenix-svn/base/lib/python2.7/urllib2.py", line 422, in _open
    '_open', req)
  File "/net/cci-filer2/raid1/xp/phenix/phenix-svn/base/lib/python2.7/urllib2.py", line 382, in _call_chain
    result = func(*args)
  File "/net/cci-filer2/raid1/xp/phenix/phenix-svn/base/lib/python2.7/urllib2.py", line 1214, in http_open
    return self.do_open(httplib.HTTPConnection, req)
  File "/net/cci-filer2/raid1/xp/phenix/phenix-svn/base/lib/python2.7/urllib2.py", line 1184, in do_open
    raise URLError(err)
urllib2.URLError: <urlopen error [Errno 110] Connection timed out>

==================================================
Summary of pdb4amber for: 3a7n.pdb
===================================================

----------Chains
The following (original) chains have been found:
A

---------- Alternate Locations (Original Residues!))

The following residues had alternate locations:
None

---------- Mising heavy atom(s)

ARG_18 misses 4 heavy atom(s)
ARG_176 misses 5 heavy atom(s)

==================================================
Summary of pdb4amber for: 3a7n_4tleap_uc1.pdb
===================================================

----------Chains
The following (original) chains have been found:
A

---------- Alternate Locations (Original Residues!))

The following residues had alternate locations:
None

---------- Mising heavy atom(s)

SER_6 misses 5 heavy atom(s)
SER_7 misses 6 heavy atom(s)
SER_8 misses 5 heavy atom(s)
SER_9 misses 6 heavy atom(s)
SER_10 misses 5 heavy atom(s)
SER_11 misses 6 heavy atom(s)
SER_12 misses 6 heavy atom(s)
SER_13 misses 5 heavy atom(s)
SER_14 misses 6 heavy atom(s)
SER_15 misses 5 heavy atom(s)
SER_16 misses 5 heavy atom(s)
SER_444 misses 5 heavy atom(s)
SER_445 misses 6 heavy atom(s)
SER_446 misses 5 heavy atom(s)
SER_447 misses 6 heavy atom(s)
SER_448 misses 5 heavy atom(s)
SER_449 misses 6 heavy atom(s)
SER_450 misses 6 heavy atom(s)
SER_451 misses 5 heavy atom(s)
SER_452 misses 6 heavy atom(s)
SER_453 misses 5 heavy atom(s)
SER_454 misses 5 heavy atom(s)
SER_882 misses 5 heavy atom(s)
SER_883 misses 6 heavy atom(s)
SER_884 misses 5 heavy atom(s)
SER_885 misses 6 heavy atom(s)
SER_886 misses 5 heavy atom(s)
SER_887 misses 6 heavy atom(s)
SER_888 misses 6 heavy atom(s)
SER_889 misses 5 heavy atom(s)
SER_890 misses 6 heavy atom(s)
SER_891 misses 5 heavy atom(s)
SER_892 misses 5 heavy atom(s)
SER_1320 misses 5 heavy atom(s)
SER_1321 misses 6 heavy atom(s)
SER_1322 misses 5 heavy atom(s)
SER_1323 misses 6 heavy atom(s)
SER_1324 misses 5 heavy atom(s)
SER_1325 misses 6 heavy atom(s)
SER_1326 misses 6 heavy atom(s)
SER_1327 misses 5 heavy atom(s)
SER_1328 misses 6 heavy atom(s)
SER_1329 misses 5 heavy atom(s)
SER_1330 misses 5 heavy atom(s)
not prmtop_filename /net/lewis/scratch1/nigel/amber/hi_lo/a7/3a7n/4amber_3a7n.prmtop
not prmtop_filename /net/chevy/raid1/nigel/amber/hi_lo/a7/3a7n/4amber_3a7n.prmtop

	Running AmberPrep : 3a7n.pdb


==================================================
Running pdb4amber on 3a7n.pdb
==================================================

==================================================
Setting up library files for non-standard residues
==================================================

  Residue "FLC" already in amber monomer library. Skipping elbow/antechamber
    run for this residue.
        

==================================================
Preparing asu files and 4phenix_3a7n.pdb
==================================================

~> tleap -f 3a7n_asu_tleap_input_run

Checking output filenames
  file : 3a7n_asu.prmtop
  file : 3a7n_asu.rst7

~> ChBox -c 3a7n_asu.rst7 -o 3a7n_asu.rst7 -X 44.84 -Y 63.67 -Z 86.4 -al 90.0 -bt 90.0 -gm 90.0 


============================================================
Preparing unit cell files: 4amber_3a7n.prmtop and 4amber_3a7n.rst7
============================================================

~> UnitCell -p 3a7n_4UnitCell.pdb -o 3a7n_4tleap_uc1.pdb


~> tleap -f 3a7n_uc_tleap_input_run

Checking output filenames
  file : 3a7n_uc.prmtop
Sorry:   Output file is empty : 3a7n_uc.prmtop
  Check contents of "leap.log"
