HOST morse.lbl.gov
only_i 380
only_code None
force_amber_prep True
dry_run False
... 380 1r8q
/net/chevy/raid1/nigel/amber/hi_lo
/net/chevy/raid1/nigel/amber/hi_lo/r8/1r8q
1r8q.pdb 4phenix_1r8q.pdb
1r8q.pdb 4phenix_1r8q.pdb
local_archive None
archive PDB None
Reading from local mirror:
  /net/cci/pdb_mirror/pdb/r8/pdb1r8q.ent.gz
Model saved to /net/morse/raid1/scratch1/nigel/amber/hi_lo/r8/1r8q/1r8q.pdb
Sequence saved to /net/morse/raid1/scratch1/nigel/amber/hi_lo/r8/1r8q/1r8q.fa
Reading from local mirror:
  /net/cci/pdb_mirror/structure_factors/r8/r1r8qsf.ent.gz
Structure factors saved to /net/morse/raid1/scratch1/nigel/amber/hi_lo/r8/1r8q/1r8q-sf.cif
Reading from local mirror:
  /net/cci/pdb_mirror/mmcif/r8/1r8q.cif.gz
Model saved to /net/morse/raid1/scratch1/nigel/amber/hi_lo/r8/1r8q/1r8q.cif
Can't determine output label for r1r8qsf,_refln.crystal_id - skipping.
Can't determine output label for r1r8qsf,_refln.scale_group_code - skipping.
Can't determine output label for r1r8qsf,_refln.wavelength_id - skipping.
Converted structure factors saved to 1r8q.mtz
local_archive None
archive PDB None
Reading from local mirror:
  /net/cci/pdb_mirror/pdb/r8/pdb1r8q.ent.gz
Model saved to /net/morse/raid1/scratch1/nigel/amber/hi_lo/r8/1r8q/1r8q.pdb
Sequence saved to /net/morse/raid1/scratch1/nigel/amber/hi_lo/r8/1r8q/1r8q.fa
Reading from local mirror:
  /net/cci/pdb_mirror/structure_factors/r8/r1r8qsf.ent.gz
Structure factors saved to /net/morse/raid1/scratch1/nigel/amber/hi_lo/r8/1r8q/1r8q-sf.cif
Reading from local mirror:
  /net/cci/pdb_mirror/mmcif/r8/1r8q.cif.gz
Model saved to /net/morse/raid1/scratch1/nigel/amber/hi_lo/r8/1r8q/1r8q.cif
Can't determine output label for r1r8qsf,_refln.crystal_id - skipping.
Can't determine output label for r1r8qsf,_refln.scale_group_code - skipping.
Can't determine output label for r1r8qsf,_refln.wavelength_id - skipping.
Converted structure factors saved to 1r8q.mtz

==================================================
Summary of pdb4amber for: 1r8q.pdb
===================================================
REDUCE returned non-zero exit status: See reduce_info.log for more details

----------Chains
The following (original) chains have been found:
A
B
E
F

---------- Alternate Locations (Original Residues!))

The following residues had alternate locations:
VAL_22
THR_54
GLU_258
VAL_392
THR_603
ARG_733

---------- Mising heavy atom(s)

None
The alternate coordinates have been discarded.
Only the first occurrence for each atom was kept.
not prmtop_filename /net/morse/scratch1/nigel/amber/hi_lo/r8/1r8q/4amber_1r8q.prmtop

	Running AmberPrep : 1r8q.pdb


==================================================
Running pdb4amber on 1r8q.pdb
==================================================

==================================================
Setting up library files for non-standard residues
==================================================

==================================================
Running elbow/antechamber for G3D 
==================================================

==================================================
Summary of pdb4amber for: 1r8q_4tleap_uc1.pdb
===================================================

----------Chains
The following (original) chains have been found:
A
B
E
F

---------- Alternate Locations (Original Residues!))

The following residues had alternate locations:
None

---------- Mising heavy atom(s)

None

MoleculeClass :  C:10  N: 5  O:14  P: 3 (CHEMICAL COMPONENTS format)
	43 atoms
	45 bonds
	79 angles
	105 dihedrals
	2 rings (groups, rings, atoms) 3 16
	4 chirals : R S R R 

~> antechamber -i 4antechamber_G3D.pdb -fi pdb -o G3D.mol2 -fo mol2       -nc -5 -m 1 -s 2 -pf y -c bcc -at gaff2 -ek "qm_theory='AM1',grms_tol=0.0005,scfconv=1.d-10,maxcyc=0,ndiis_attempts=700,"


~> parmchk2 -s 2 -i G3D.mol2 -f mol2 -o G3D.frcmod


  Residue "AFB" already in amber monomer library. Skipping elbow/antechamber
    run for this residue.
        

==================================================
Preparing asu files and 4phenix_1r8q.pdb
==================================================

~> tleap -f 1r8q_asu_tleap_input_run

Checking output filenames
  file : 1r8q_asu.prmtop
  file : 1r8q_asu.rst7

~> ChBox -c 1r8q_asu.rst7 -o 1r8q_asu.rst7 -X 69.081 -Y 109.773 -Z 118.326 -al 90.0 -bt 90.0 -gm 90.0 


============================================================
Preparing unit cell files: 4amber_1r8q.prmtop and 4amber_1r8q.rst7
============================================================

~> UnitCell -p 1r8q_4UnitCell.pdb -o 1r8q_4tleap_uc1.pdb


~> tleap -f 1r8q_uc_tleap_input_run

Checking output filenames
  file : 1r8q_uc.prmtop
  file : 1r8q_uc.rst7

~> ChBox -c 1r8q_uc.rst7 -o 1r8q_uc.rst7 -X 69.081 -Y 109.773 -Z 118.326 -al 90.0 -bt 90.0 -gm 90.0 


==================================================
Minimizing input coordinates.
==================================================

~> sander -O -i 1r8q_amber_all.in -p 4amber_1r8q.prmtop -c 4amber_1r8q.rst7 -o 1r8q.min.out            -ref 4amber_1r8q.rst7 -r 4amber_1r8q.min.rst7

checking special positions in 4phenix_1r8q.pdb

==================================================
Done.  Three new files have been made:
      4phenix_1r8q.pdb
      4amber_1r8q.prmtop
      4amber_1r8q.rst7
==================================================

Example

  phenix.refine 4phenix_1r8q.pdb use_amber=True \
    amber.topology_file_name=4amber_1r8q.prmtop \
    amber.coordinate_file_name=4amber_1r8q.rst7 \
    ....(other refinement keywords here).....



Substituting Amber PDB file for downloaded file
run_tests_local.py:222: UserWarning: os.system() is not safe: please use the subprocess module or libtbx.easy_run instead.
  os.system(cmd)

  Amber files
    PDB    : 1r8q.pdb
    MTZ    : 1r8q.mtz
    prmtop : 4amber_1r8q.prmtop
    rst7   : 4amber_1r8q.rst7
  
/net/morse/raid1/scratch1/nigel/amber/hi_lo/r8/1r8q
return_files 1r8q
/net/chevy/raid1/nigel/amber/hi_lo
4amber_1r8q.pdb
4phenix_1r8q.pdb
cp 4phenix_1r8q.pdb /net/chevy/raid1/nigel/amber/hi_lo/r8/1r8q
1r8q.pdb
cp 1r8q.pdb /net/chevy/raid1/nigel/amber/hi_lo/r8/1r8q
4amber_1r8q.mtz
4phenix_1r8q.mtz
1r8q.mtz
cp 1r8q.mtz /net/chevy/raid1/nigel/amber/hi_lo/r8/1r8q
4amber_1r8q.rst7
cp 4amber_1r8q.rst7 /net/chevy/raid1/nigel/amber/hi_lo/r8/1r8q
4phenix_1r8q.rst7
1r8q.rst7
4amber_1r8q.prmtop
cp 4amber_1r8q.prmtop /net/chevy/raid1/nigel/amber/hi_lo/r8/1r8q
4phenix_1r8q.prmtop
1r8q.prmtop
4amber_1r8q_refine_001.log
4phenix_1r8q_refine_001.log
1r8q_refine_001.log
4amber_1r8q_refine_002.log
4phenix_1r8q_refine_002.log
1r8q_refine_002.log
4amber_1r8q_refine_001.pdb
4phenix_1r8q_refine_001.pdb
1r8q_refine_001.pdb
4amber_1r8q_refine_002.pdb
4phenix_1r8q_refine_002.pdb
1r8q_refine_002.pdb
local_archive /net/chevy/raid1/nigel/amber/hi_lo
archive PDB /net/chevy/raid1/nigel/amber/hi_lo/r8/1r8q/1r8q.pdb
/net/morse/raid1/scratch1/nigel/amber/hi_lo/r8/1r8q
------------------------------
phenix.refine log filename ? > /net/chevy/raid1/nigel/amber/hi_lo/r8/1r8q/1r8q_refine_001.log
------------------------------

	Already done (on chevy) 1r8q_refine_001
------------------------------
phenix.refine log filename ? > /net/chevy/raid1/nigel/amber/hi_lo/r8/1r8q/1r8q_refine_002.log
------------------------------

	Already done (on chevy) 1r8q_refine_002
