HOST morse.lbl.gov
only_i 356
only_code None
force_amber_prep True
dry_run False
... 356 1u6r
/net/chevy/raid1/nigel/amber/hi_lo
/net/chevy/raid1/nigel/amber/hi_lo/u6/1u6r
1u6r.pdb 4phenix_1u6r.pdb
local_archive None
archive PDB None
Reading from local mirror:
  /net/cci/pdb_mirror/pdb/u6/pdb1u6r.ent.gz
Model saved to /net/morse/raid1/scratch1/nigel/amber/hi_lo/u6/1u6r/1u6r.pdb
Sequence saved to /net/morse/raid1/scratch1/nigel/amber/hi_lo/u6/1u6r/1u6r.fa
Reading from local mirror:
  /net/cci/pdb_mirror/structure_factors/u6/r1u6rsf.ent.gz
Structure factors saved to /net/morse/raid1/scratch1/nigel/amber/hi_lo/u6/1u6r/1u6r-sf.cif
Reading from local mirror:
  /net/cci/pdb_mirror/mmcif/u6/1u6r.cif.gz
Model saved to /net/morse/raid1/scratch1/nigel/amber/hi_lo/u6/1u6r/1u6r.cif
Can't determine output label for r1u6rsf,_refln.crystal_id - skipping.
Can't determine output label for r1u6rsf,_refln.scale_group_code - skipping.
R-free-flags: fraction_free=0.050
R-free-flags: missing 1937 reflections
Can't determine output label for r1u6rsf,_refln.wavelength_id - skipping.
Converted structure factors saved to 1u6r.mtz
local_archive None
archive PDB None
Reading from local mirror:
  /net/cci/pdb_mirror/pdb/u6/pdb1u6r.ent.gz
Model saved to /net/morse/raid1/scratch1/nigel/amber/hi_lo/u6/1u6r/1u6r.pdb
Sequence saved to /net/morse/raid1/scratch1/nigel/amber/hi_lo/u6/1u6r/1u6r.fa
Reading from local mirror:
  /net/cci/pdb_mirror/structure_factors/u6/r1u6rsf.ent.gz
Structure factors saved to /net/morse/raid1/scratch1/nigel/amber/hi_lo/u6/1u6r/1u6r-sf.cif
Reading from local mirror:
  /net/cci/pdb_mirror/mmcif/u6/1u6r.cif.gz
Model saved to /net/morse/raid1/scratch1/nigel/amber/hi_lo/u6/1u6r/1u6r.cif
Can't determine output label for r1u6rsf,_refln.crystal_id - skipping.
Can't determine output label for r1u6rsf,_refln.scale_group_code - skipping.
R-free-flags: fraction_free=0.050
R-free-flags: missing 1937 reflections
Can't determine output label for r1u6rsf,_refln.wavelength_id - skipping.
Converted structure factors saved to 1u6r.mtz

==================================================
Summary of pdb4amber for: 1u6r.pdb
===================================================

----------Chains
The following (original) chains have been found:
A
B

---------- Alternate Locations (Original Residues!))

The following residues had alternate locations:
GLU_274
LYS_420
ASP_474
GLU_654
GLU_689
ASP_754

---------- Mising heavy atom(s)

None
The alternate coordinates have been discarded.
Only the first occurrence for each atom was kept.
not prmtop_filename /net/morse/scratch1/nigel/amber/hi_lo/u6/1u6r/4amber_1u6r.prmtop
not prmtop_filename /net/chevy/raid1/nigel/amber/hi_lo/u6/1u6r/4amber_1u6r.prmtop

	Running AmberPrep : 1u6r.pdb


==================================================
Running pdb4amber on 1u6r.pdb
==================================================

==================================================
Setting up library files for non-standard residues
==================================================

  Residue "IOM" already in amber monomer library. Skipping elbow/antechamber
    run for this residue.
        

==================================================
Running elbow/antechamber for ADP 
==================================================

MoleculeClass :  C:10  N: 5  O:10  P: 2 (CHEMICAL COMPONENTS format)
	39 atoms
	41 bonds
	71 angles
	98 dihedrals
	2 rings (groups, rings, atoms) 3 16
	4 chirals : R S R R 

~> antechamber -i 4antechamber_ADP.pdb -fi pdb -o ADP.mol2 -fo mol2       -nc -3 -m 1 -s 2 -pf y -c bcc -at gaff2 -ek "qm_theory='AM1',grms_tol=0.0005,scfconv=1.d-10,maxcyc=0,ndiis_attempts=700,"


~> parmchk2 -s 2 -i ADP.mol2 -f mol2 -o ADP.frcmod


  Residue "NO3" already in amber monomer library. Skipping elbow/antechamber
    run for this residue.
        

==================================================
Preparing asu files and 4phenix_1u6r.pdb
==================================================

~> tleap -f 1u6r_asu_tleap_input_run

Checking output filenames
  file : 1u6r_asu.prmtop
Sorry:   Output file is empty : 1u6r_asu.prmtop
  Check contents of "leap.log"
