HOST lewis.lbl.gov
only_i 334
only_code None
force_amber_prep True
dry_run False
... 334 3ll8
/net/chevy/raid1/nigel/amber/hi_lo
/net/chevy/raid1/nigel/amber/hi_lo/ll/3ll8
3ll8.pdb 4phenix_3ll8.pdb
3ll8.pdb 4phenix_3ll8.pdb
local_archive None
archive PDB None
Reading from local mirror:
  /net/cci/pdb_mirror/pdb/ll/pdb3ll8.ent.gz
Model saved to /net/lewis/raid1/scratch1/nigel/amber/hi_lo/ll/3ll8/3ll8.pdb
Traceback (most recent call last):
  File "/net/cci-filer2/raid1/xp/phenix/phenix-svn/build/../modules/cctbx_project/mmtbx/command_line/fetch_pdb.py", line 199, in <module>
    run2(sys.argv[1:])
  File "/net/cci-filer2/raid1/xp/phenix/phenix-svn/build/../modules/cctbx_project/mmtbx/command_line/fetch_pdb.py", line 155, in run2
    files.append(get_pdb(id, data_type_, mirror, log, format=data_format))
  File "/net/cci-filer2/raid1/xp/phenix/phenix-svn/modules/cctbx_project/iotbx/pdb/fetch.py", line 213, in get_pdb
    data = fetch(id, data_type, mirror=mirror, format=format, log=log)
  File "/net/cci-filer2/raid1/xp/phenix/phenix-svn/modules/cctbx_project/iotbx/pdb/fetch.py", line 150, in fetch
    data = libtbx.utils.urlopen(url)
  File "/net/cci-filer2/raid1/xp/phenix/phenix-svn/modules/cctbx_project/libtbx/utils.py", line 2069, in urlopen
    return urllib2.urlopen(*args, **kwds)
  File "/net/cci-filer2/raid1/xp/phenix/phenix-svn/base/lib/python2.7/urllib2.py", line 127, in urlopen
    return _opener.open(url, data, timeout)
  File "/net/cci-filer2/raid1/xp/phenix/phenix-svn/base/lib/python2.7/urllib2.py", line 404, in open
    response = self._open(req, data)
  File "/net/cci-filer2/raid1/xp/phenix/phenix-svn/base/lib/python2.7/urllib2.py", line 422, in _open
    '_open', req)
  File "/net/cci-filer2/raid1/xp/phenix/phenix-svn/base/lib/python2.7/urllib2.py", line 382, in _call_chain
    result = func(*args)
  File "/net/cci-filer2/raid1/xp/phenix/phenix-svn/base/lib/python2.7/urllib2.py", line 1214, in http_open
    return self.do_open(httplib.HTTPConnection, req)
  File "/net/cci-filer2/raid1/xp/phenix/phenix-svn/base/lib/python2.7/urllib2.py", line 1184, in do_open
    raise URLError(err)
urllib2.URLError: <urlopen error [Errno 110] Connection timed out>

==================================================
Summary of pdb4amber for: 3ll8.pdb
===================================================

----------Chains
The following (original) chains have been found:
A
B
C
D
E

---------- Alternate Locations (Original Residues!))

The following residues had alternate locations:
None

---------- Mising heavy atom(s)

None

==================================================
Summary of pdb4amber for: 3ll8_4tleap_uc1.pdb
===================================================

----------Chains
The following (original) chains have been found:
A
B
C
D
E

---------- Alternate Locations (Original Residues!))

The following residues had alternate locations:
None

---------- Mising heavy atom(s)

None
not prmtop_filename /net/lewis/scratch1/nigel/amber/hi_lo/ll/3ll8/4amber_3ll8.prmtop

	Running AmberPrep : 3ll8.pdb


==================================================
Running pdb4amber on 3ll8.pdb
==================================================

==================================================
Setting up library files for non-standard residues
==================================================

  Residue "PO4" already in amber monomer library. Skipping elbow/antechamber
    run for this residue.
        

==================================================
Preparing asu files and 4phenix_3ll8.pdb
==================================================

~> tleap -f 3ll8_asu_tleap_input_run

Checking output filenames
  file : 3ll8_asu.prmtop
  file : 3ll8_asu.rst7

~> ChBox -c 3ll8_asu.rst7 -o 3ll8_asu.rst7 -X 86.275 -Y 89.699 -Z 158.914 -al 90.0 -bt 90.0 -gm 90.0 


============================================================
Preparing unit cell files: 4amber_3ll8.prmtop and 4amber_3ll8.rst7
============================================================

~> UnitCell -p 3ll8_4UnitCell.pdb -o 3ll8_4tleap_uc1.pdb


~> tleap -f 3ll8_uc_tleap_input_run

Checking output filenames
  file : 3ll8_uc.prmtop
  file : 3ll8_uc.rst7

~> ChBox -c 3ll8_uc.rst7 -o 3ll8_uc.rst7 -X 86.275 -Y 89.699 -Z 158.914 -al 90.0 -bt 90.0 -gm 90.0 


==================================================
Minimizing input coordinates.
==================================================

~> sander -O -i 3ll8_amber_all.in -p 4amber_3ll8.prmtop -c 4amber_3ll8.rst7 -o 3ll8.min.out            -ref 4amber_3ll8.rst7 -r 4amber_3ll8.min.rst7

Traceback (most recent call last):
  File "run_tests_local.py", line 323, in <module>
    run(*tuple(args))
  File "run_tests_local.py", line 307, in run
    w2 = run_all_tests(code, force_amber_prep=force_amber_prep)
  File "run_tests_local.py", line 93, in run_all_tests
    "clean=on",
  File "/net/cci-filer2/raid1/xp/phenix/phenix-svn/modules/amber_adaptbx/command_line/AmberPrepClass.py", line 1034, in run
    minimization_options=actions.minimization_options)
  File "/net/cci-filer2/raid1/xp/phenix/phenix-svn/modules/amber_adaptbx/command_line/AmberPrepClass.py", line 689, in run_minimise
    output_pdb_file )
  File "/net/cci-filer2/raid1/xp/phenix/phenix-svn/modules/amber_adaptbx/command_line/AmberPrepClass.py", line 313, in uc_parm7_to_4phenix_pdb
    parm = parmed.load_file( parm7_file, xyz=rst7_file )
  File "/net/cci-filer2/raid1/xp/phenix/phenix-svn/modules/amber/lib/python2.7/site-packages/parmed/formats/registry.py", line 197, in load_file
    return cls.parse(filename, *args, **kwargs)
  File "/net/cci-filer2/raid1/xp/phenix/phenix-svn/modules/amber/lib/python2.7/site-packages/parmed/amber/amberformat.py", line 353, in parse
    return LoadParm(filename, *args, **kwargs)
  File "/net/cci-filer2/raid1/xp/phenix/phenix-svn/modules/amber/lib/python2.7/site-packages/parmed/amber/readparm.py", line 73, in LoadParm
    f = load_file(xyz)
  File "/net/cci-filer2/raid1/xp/phenix/phenix-svn/modules/amber/lib/python2.7/site-packages/parmed/formats/registry.py", line 168, in load_file
    raise IOError('%s does not exist' % filename)
IOError: 4amber_3ll8.min.rst7 does not exist
.rst7 -o 3ll8_uc.rst7 -X 86.275 -Y 89.699 -Z 158.914 -al 90.0 -bt 90.0 -gm 90.0 


==================================================
Minimizing input coordinates.
==================================================

~> sander -O -i 3ll8_amber_all.in -p 4amber_3ll8.prmtop -c 4amber_3ll8.rst7 -o 3ll8.min.out            -ref 4amber_3ll8.rst7 -r 4amber_3ll8.min.rst7

checking special positions in 4phenix_3ll8.pdb

==================================================
Done.  Three new files have been made:
      4phenix_3ll8.pdb
      4amber_3ll8.prmtop
      4amber_3ll8.rst7
==================================================

Example

  phenix.refine 4phenix_3ll8.pdb use_amber=True \
    amber.topology_file_name=4amber_3ll8.prmtop \
    amber.coordinate_file_name=4amber_3ll8.rst7 \
    ....(other refinement keywords here).....



Substituting Amber PDB file for downloaded file
run_tests_local.py:222: UserWarning: os.system() is not safe: please use the subprocess module or libtbx.easy_run instead.
  os.system(cmd)

  Amber files
    PDB    : 3ll8.pdb
    MTZ    : 3ll8.mtz
    prmtop : 4amber_3ll8.prmtop
    rst7   : 4amber_3ll8.rst7
  
/net/lewis/raid1/scratch1/nigel/amber/hi_lo/ll/3ll8
return_files 3ll8
/net/chevy/raid1/nigel/amber/hi_lo
4amber_3ll8.pdb
4phenix_3ll8.pdb
cp 4phenix_3ll8.pdb /net/chevy/raid1/nigel/amber/hi_lo/ll/3ll8
3ll8.pdb
cp 3ll8.pdb /net/chevy/raid1/nigel/amber/hi_lo/ll/3ll8
4amber_3ll8.mtz
4phenix_3ll8.mtz
3ll8.mtz
cp 3ll8.mtz /net/chevy/raid1/nigel/amber/hi_lo/ll/3ll8
4amber_3ll8.rst7
cp 4amber_3ll8.rst7 /net/chevy/raid1/nigel/amber/hi_lo/ll/3ll8
4phenix_3ll8.rst7
3ll8.rst7
4amber_3ll8.prmtop
cp 4amber_3ll8.prmtop /net/chevy/raid1/nigel/amber/hi_lo/ll/3ll8
4phenix_3ll8.prmtop
3ll8.prmtop
4amber_3ll8_refine_001.log
4phenix_3ll8_refine_001.log
3ll8_refine_001.log
4amber_3ll8_refine_002.log
4phenix_3ll8_refine_002.log
3ll8_refine_002.log
4amber_3ll8_refine_001.pdb
4phenix_3ll8_refine_001.pdb
3ll8_refine_001.pdb
4amber_3ll8_refine_002.pdb
4phenix_3ll8_refine_002.pdb
3ll8_refine_002.pdb
local_archive /net/chevy/raid1/nigel/amber/hi_lo
archive PDB /net/chevy/raid1/nigel/amber/hi_lo/ll/3ll8/3ll8.pdb
/net/lewis/raid1/scratch1/nigel/amber/hi_lo/ll/3ll8
------------------------------
phenix.refine log filename ? > /net/chevy/raid1/nigel/amber/hi_lo/ll/3ll8/3ll8_refine_001.log
------------------------------

	Already done (on chevy) 3ll8_refine_001
------------------------------
phenix.refine log filename ? > /net/chevy/raid1/nigel/amber/hi_lo/ll/3ll8/3ll8_refine_002.log
------------------------------

	Already done (on chevy) 3ll8_refine_002
