HOST morse.lbl.gov
only_i 173
only_code None
force_amber_prep True
dry_run False
... 173 1kd7
/net/chevy/raid1/nigel/amber/hi_lo
/net/chevy/raid1/nigel/amber/hi_lo/kd/1kd7
1kd7.pdb 4phenix_1kd7.pdb
1kd7.pdb 4phenix_1kd7.pdb
local_archive None
archive PDB None
Reading from local mirror:
  /net/cci/pdb_mirror/pdb/kd/pdb1kd7.ent.gz
Model saved to /net/morse/raid1/scratch1/nigel/amber/hi_lo/kd/1kd7/1kd7.pdb
Sequence saved to /net/morse/raid1/scratch1/nigel/amber/hi_lo/kd/1kd7/1kd7.fa
Reading from local mirror:
  /net/cci/pdb_mirror/structure_factors/kd/r1kd7sf.ent.gz
Structure factors saved to /net/morse/raid1/scratch1/nigel/amber/hi_lo/kd/1kd7/1kd7-sf.cif
Reading from local mirror:
  /net/cci/pdb_mirror/mmcif/kd/1kd7.cif.gz
Model saved to /net/morse/raid1/scratch1/nigel/amber/hi_lo/kd/1kd7/1kd7.cif
Can't determine output label for r1kd7sf,_refln.crystal_id - skipping.
Can't determine output label for r1kd7sf,_refln.scale_group_code - skipping.
Can't determine output label for r1kd7sf,_refln.wavelength_id - skipping.
Converted structure factors saved to 1kd7.mtz
local_archive None
archive PDB None
Reading from local mirror:
  /net/cci/pdb_mirror/pdb/kd/pdb1kd7.ent.gz
Model saved to /net/morse/raid1/scratch1/nigel/amber/hi_lo/kd/1kd7/1kd7.pdb
Sequence saved to /net/morse/raid1/scratch1/nigel/amber/hi_lo/kd/1kd7/1kd7.fa
Reading from local mirror:
  /net/cci/pdb_mirror/structure_factors/kd/r1kd7sf.ent.gz
Structure factors saved to /net/morse/raid1/scratch1/nigel/amber/hi_lo/kd/1kd7/1kd7-sf.cif
Reading from local mirror:
  /net/cci/pdb_mirror/mmcif/kd/1kd7.cif.gz
Model saved to /net/morse/raid1/scratch1/nigel/amber/hi_lo/kd/1kd7/1kd7.cif
Can't determine output label for r1kd7sf,_refln.crystal_id - skipping.
Can't determine output label for r1kd7sf,_refln.scale_group_code - skipping.
Can't determine output label for r1kd7sf,_refln.wavelength_id - skipping.
Converted structure factors saved to 1kd7.mtz

==================================================
Summary of pdb4amber for: 1kd7.pdb
===================================================
REDUCE returned non-zero exit status: See reduce_info.log for more details

----------Chains
The following (original) chains have been found:
A
B
C
K
L
M

---------- Alternate Locations (Original Residues!))

The following residues had alternate locations:
None

---------- Mising heavy atom(s)

None

==================================================
Summary of pdb4amber for: 1kd7_4tleap_uc1.pdb
===================================================

----------Chains
The following (original) chains have been found:
A
B
C
K
L
M

---------- Alternate Locations (Original Residues!))

The following residues had alternate locations:
None

---------- Mising heavy atom(s)

None
not prmtop_filename /net/morse/scratch1/nigel/amber/hi_lo/kd/1kd7/4amber_1kd7.prmtop

	Running AmberPrep : 1kd7.pdb


==================================================
Running pdb4amber on 1kd7.pdb
==================================================

==================================================
Setting up library files for non-standard residues
==================================================

==================================================
Preparing asu files and 4phenix_1kd7.pdb
==================================================

~> tleap -f 1kd7_asu_tleap_input_run

Checking output filenames
  file : 1kd7_asu.prmtop
  file : 1kd7_asu.rst7

~> ChBox -c 1kd7_asu.rst7 -o 1kd7_asu.rst7 -X 121.72 -Y 121.72 -Z 160.74 -al 90.0 -bt 90.0 -gm 120.0 


============================================================
Preparing unit cell files: 4amber_1kd7.prmtop and 4amber_1kd7.rst7
============================================================

~> UnitCell -p 1kd7_4UnitCell.pdb -o 1kd7_4tleap_uc1.pdb


~> tleap -f 1kd7_uc_tleap_input_run

Checking output filenames
  file : 1kd7_uc.prmtop
  file : 1kd7_uc.rst7

~> ChBox -c 1kd7_uc.rst7 -o 1kd7_uc.rst7 -X 121.72 -Y 121.72 -Z 160.74 -al 90.0 -bt 90.0 -gm 120.0 


==================================================
Minimizing input coordinates.
==================================================

~> sander -O -i 1kd7_amber_all.in -p 4amber_1kd7.prmtop -c 4amber_1kd7.rst7 -o 1kd7.min.out            -ref 4amber_1kd7.rst7 -r 4amber_1kd7.min.rst7

checking special positions in 4phenix_1kd7.pdb

==================================================
Done.  Three new files have been made:
      4phenix_1kd7.pdb
      4amber_1kd7.prmtop
      4amber_1kd7.rst7
==================================================

Example

  phenix.refine 4phenix_1kd7.pdb use_amber=True \
    amber.topology_file_name=4amber_1kd7.prmtop \
    amber.coordinate_file_name=4amber_1kd7.rst7 \
    ....(other refinement keywords here).....



Substituting Amber PDB file for downloaded file
run_tests_local.py:222: UserWarning: os.system() is not safe: please use the subprocess module or libtbx.easy_run instead.
  os.system(cmd)

  Amber files
    PDB    : 1kd7.pdb
    MTZ    : 1kd7.mtz
    prmtop : 4amber_1kd7.prmtop
    rst7   : 4amber_1kd7.rst7
  
/net/morse/raid1/scratch1/nigel/amber/hi_lo/kd/1kd7
return_files 1kd7
/net/chevy/raid1/nigel/amber/hi_lo
4amber_1kd7.pdb
4phenix_1kd7.pdb
cp 4phenix_1kd7.pdb /net/chevy/raid1/nigel/amber/hi_lo/kd/1kd7
1kd7.pdb
cp 1kd7.pdb /net/chevy/raid1/nigel/amber/hi_lo/kd/1kd7
4amber_1kd7.mtz
4phenix_1kd7.mtz
1kd7.mtz
cp 1kd7.mtz /net/chevy/raid1/nigel/amber/hi_lo/kd/1kd7
4amber_1kd7.rst7
cp 4amber_1kd7.rst7 /net/chevy/raid1/nigel/amber/hi_lo/kd/1kd7
4phenix_1kd7.rst7
1kd7.rst7
4amber_1kd7.prmtop
cp 4amber_1kd7.prmtop /net/chevy/raid1/nigel/amber/hi_lo/kd/1kd7
4phenix_1kd7.prmtop
1kd7.prmtop
4amber_1kd7_refine_001.log
4phenix_1kd7_refine_001.log
1kd7_refine_001.log
4amber_1kd7_refine_002.log
4phenix_1kd7_refine_002.log
1kd7_refine_002.log
4amber_1kd7_refine_001.pdb
4phenix_1kd7_refine_001.pdb
1kd7_refine_001.pdb
4amber_1kd7_refine_002.pdb
4phenix_1kd7_refine_002.pdb
1kd7_refine_002.pdb
local_archive /net/chevy/raid1/nigel/amber/hi_lo
archive PDB /net/chevy/raid1/nigel/amber/hi_lo/kd/1kd7/1kd7.pdb
/net/morse/raid1/scratch1/nigel/amber/hi_lo/kd/1kd7
------------------------------
phenix.refine log filename ? > /net/chevy/raid1/nigel/amber/hi_lo/kd/1kd7/1kd7_refine_001.log
------------------------------

	Already done (on chevy) 1kd7_refine_001
------------------------------
phenix.refine log filename ? > /net/chevy/raid1/nigel/amber/hi_lo/kd/1kd7/1kd7_refine_002.log
------------------------------

	Already done (on chevy) 1kd7_refine_002
