HOST morse.lbl.gov
only_i 41
only_code None
force_amber_prep True
dry_run False
... 41 1t6i
/net/chevy/raid1/nigel/amber/hi_lo
/net/chevy/raid1/nigel/amber/hi_lo/t6/1t6i
1t6i.pdb 4phenix_1t6i.pdb
local_archive None
archive PDB None
Reading from local mirror:
  /net/cci/pdb_mirror/pdb/t6/pdb1t6i.ent.gz
Model saved to /net/morse/raid1/scratch1/nigel/amber/hi_lo/t6/1t6i/1t6i.pdb
Sequence saved to /net/morse/raid1/scratch1/nigel/amber/hi_lo/t6/1t6i/1t6i.fa
Reading from local mirror:
  /net/cci/pdb_mirror/structure_factors/t6/r1t6isf.ent.gz
Structure factors saved to /net/morse/raid1/scratch1/nigel/amber/hi_lo/t6/1t6i/1t6i-sf.cif
Reading from local mirror:
  /net/cci/pdb_mirror/mmcif/t6/1t6i.cif.gz
Model saved to /net/morse/raid1/scratch1/nigel/amber/hi_lo/t6/1t6i/1t6i.cif
Can't determine output label for r1t6isf,_refln.crystal_id - skipping.
Can't determine output label for r1t6isf,_refln.scale_group_code - skipping.
Can't determine output label for r1t6isf,_refln.wavelength_id - skipping.
Converted structure factors saved to 1t6i.mtz
local_archive None
archive PDB None
Reading from local mirror:
  /net/cci/pdb_mirror/pdb/t6/pdb1t6i.ent.gz
Model saved to /net/morse/raid1/scratch1/nigel/amber/hi_lo/t6/1t6i/1t6i.pdb
Sequence saved to /net/morse/raid1/scratch1/nigel/amber/hi_lo/t6/1t6i/1t6i.fa
Reading from local mirror:
  /net/cci/pdb_mirror/structure_factors/t6/r1t6isf.ent.gz
Structure factors saved to /net/morse/raid1/scratch1/nigel/amber/hi_lo/t6/1t6i/1t6i-sf.cif
Reading from local mirror:
  /net/cci/pdb_mirror/mmcif/t6/1t6i.cif.gz
Model saved to /net/morse/raid1/scratch1/nigel/amber/hi_lo/t6/1t6i/1t6i.cif
Can't determine output label for r1t6isf,_refln.crystal_id - skipping.
Can't determine output label for r1t6isf,_refln.scale_group_code - skipping.
Can't determine output label for r1t6isf,_refln.wavelength_id - skipping.
Converted structure factors saved to 1t6i.mtz

==================================================
Summary of pdb4amber for: 1t6i.pdb
===================================================

----------Chains
The following (original) chains have been found:
A
B
C

---------- Alternate Locations (Original Residues!))

The following residues had alternate locations:
None

---------- Gaps (Renumbered Residues!)
gap of 3.299859 A between LYS 21 and ALA 23
gap of 3.228739 A between ALA 78 and SER 80
gap of 3.246664 A between LYS 131 and ALA 133
gap of 3.357168 A between ALA 188 and SER 190
gap of 3.205716 A between LYS 241 and ALA 243
gap of 3.260919 A between ALA 298 and SER 300

---------- Mising heavy atom(s)

None
not prmtop_filename /net/morse/scratch1/nigel/amber/hi_lo/t6/1t6i/4amber_1t6i.prmtop
not pdb_filename /net/chevy/raid1/nigel/amber/hi_lo/t6/1t6i/4phenix_1t6i.pdb

	Running AmberPrep : 1t6i.pdb


==================================================
Running pdb4amber on 1t6i.pdb
==================================================

==================================================
Setting up library files for non-standard residues
==================================================

==================================================
Running elbow/antechamber for MSE 
==================================================
--------------------------------------------------------------------------------
['/tmp/6368472.41.all.q/tmp2b75z2', '/tmp/6368472.41.all.q/tmpOmUHiP']
/tmp/6368472.41.all.q/tmp2b75z2
  Monomer Library directory:
    "/net/cci-filer2/raid1/xp/phenix/phenix-svn/modules/chem_data/mon_lib"
  Total number of atoms: 19
  Number of models: 1
  Model: ""
    Number of chains: 1
    Chain: "A"
      Number of atoms: 19
      Number of conformers: 1
      Conformer: ""
        Number of residues, atoms: 1, 17
          Duplicate atoms: {'MSE,HB2': 1, 'MSE,HG2': 1}
          Classifications: {'peptide': 1}
  Number of atoms with unknown nonbonded energy type symbols: 2
    "HETATM   13  HB3 MSE A   1 .*.A    H  "
    "HETATM   15  HG3 MSE A   1 .*.A    H  "
  Time building chain proxies: 0.01, per 1000 atoms: 0.53

--------------------------------------------------------------------------------

MoleculeClass :  C: 5  N: 1  O: 2 Se: 1 (CHEMICAL COMPONENTS format)
	19 atoms
	18 bonds
	31 angles
	36 dihedrals
	0 rings (groups, rings, atoms) 0 0
	1 chirals : S 

~> antechamber -i 4antechamber_MSE.pdb -fi pdb -o MSE.mol2 -fo mol2       -nc -1 -m 1 -s 2 -pf y -c bcc -at gaff2 -ek "qm_theory='AM1',grms_tol=0.0005,scfconv=1.d-10,maxcyc=0,ndiis_attempts=700,"


~> parmchk2 -s 2 -i MSE.mol2 -f mol2 -o MSE.frcmod


==================================================
Preparing asu files and 4phenix_1t6i.pdb
==================================================

~> tleap -f 1t6i_asu_tleap_input_run

Checking output filenames
  file : 1t6i_asu.prmtop
Sorry:   Output file is empty : 1t6i_asu.prmtop
  Check contents of "leap.log"
