HOST morse.lbl.gov
only_i 150
only_code None
force_amber_prep True
dry_run False
... 150 3bwd
/net/chevy/raid1/nigel/amber/hi_lo
/net/chevy/raid1/nigel/amber/hi_lo/bw/3bwd
3bwd.pdb 4phenix_3bwd.pdb
3bwd.pdb 4phenix_3bwd.pdb
local_archive None
archive PDB None
Reading from local mirror:
  /net/cci/pdb_mirror/pdb/bw/pdb3bwd.ent.gz
Model saved to /net/morse/raid1/scratch1/nigel/amber/hi_lo/bw/3bwd/3bwd.pdb
Sequence saved to /net/morse/raid1/scratch1/nigel/amber/hi_lo/bw/3bwd/3bwd.fa
Reading from local mirror:
  /net/cci/pdb_mirror/structure_factors/bw/r3bwdsf.ent.gz
Structure factors saved to /net/morse/raid1/scratch1/nigel/amber/hi_lo/bw/3bwd/3bwd-sf.cif
Reading from local mirror:
  /net/cci/pdb_mirror/mmcif/bw/3bwd.cif.gz
Model saved to /net/morse/raid1/scratch1/nigel/amber/hi_lo/bw/3bwd/3bwd.cif
Can't determine output label for r3bwdsf,_refln.crystal_id - skipping.
Can't determine output label for r3bwdsf,_refln.scale_group_code - skipping.
Can't determine output label for r3bwdsf,_refln.wavelength_id - skipping.
Converted structure factors saved to 3bwd.mtz
local_archive None
archive PDB None
Reading from local mirror:
  /net/cci/pdb_mirror/pdb/bw/pdb3bwd.ent.gz
Model saved to /net/morse/raid1/scratch1/nigel/amber/hi_lo/bw/3bwd/3bwd.pdb
Sequence saved to /net/morse/raid1/scratch1/nigel/amber/hi_lo/bw/3bwd/3bwd.fa
Reading from local mirror:
  /net/cci/pdb_mirror/structure_factors/bw/r3bwdsf.ent.gz
Structure factors saved to /net/morse/raid1/scratch1/nigel/amber/hi_lo/bw/3bwd/3bwd-sf.cif
Reading from local mirror:
  /net/cci/pdb_mirror/mmcif/bw/3bwd.cif.gz
Model saved to /net/morse/raid1/scratch1/nigel/amber/hi_lo/bw/3bwd/3bwd.cif
Can't determine output label for r3bwdsf,_refln.crystal_id - skipping.
Can't determine output label for r3bwdsf,_refln.scale_group_code - skipping.
Can't determine output label for r3bwdsf,_refln.wavelength_id - skipping.
Converted structure factors saved to 3bwd.mtz

==================================================
Summary of pdb4amber for: 3bwd.pdb
===================================================

----------Chains
The following (original) chains have been found:
D

---------- Alternate Locations (Original Residues!))

The following residues had alternate locations:
CYS_5
VAL_6
SER_21
TYR_22
SER_24
ASN_25
ILE_60
LEU_61
ILE_108
ASP_109
CYS_134
SER_135

---------- Gaps (Renumbered Residues!)
gap of 16.790630 A between PRO 28 and PHE 29
gap of 10.728209 A between VAL 34 and LEU 35
gap of 4.287045 A between GLY 42 and GLU 43
gap of 3.876285 A between HID 110 and ALA 111

---------- Mising heavy atom(s)

ARG_1 misses 6 heavy atom(s)
PHE_2 misses 6 heavy atom(s)
VAL_33 misses 2 heavy atom(s)
VAL_34 misses 2 heavy atom(s)
GLU_43 misses 4 heavy atom(s)
ASP_44 misses 3 heavy atom(s)
ARG_54 misses 6 heavy atom(s)
ASP_57 misses 3 heavy atom(s)
LYS_68 misses 4 heavy atom(s)
GLU_72 misses 4 heavy atom(s)
SER_75 misses 1 heavy atom(s)
LYS_76 misses 4 heavy atom(s)
LYS_83 misses 4 heavy atom(s)
LYS_104 misses 4 heavy atom(s)
VAL_112 misses 2 heavy atom(s)
ASP_147 misses 3 heavy atom(s)
ARG_151 misses 6 heavy atom(s)
GLN_155 misses 4 heavy atom(s)
The alternate coordinates have been discarded.
Only the first occurrence for each atom was kept.
not prmtop_filename /net/morse/scratch1/nigel/amber/hi_lo/bw/3bwd/4amber_3bwd.prmtop

	Running AmberPrep : 3bwd.pdb


==================================================
Running pdb4amber on 3bwd.pdb
==================================================

==================================================
Setting up library files for non-standard residues
==================================================

==================================================
Running elbow/antechamber for GDP 
==================================================

==================================================
Summary of pdb4amber for: 3bwd_4tleap_uc1.pdb
===================================================

----------Chains
The following (original) chains have been found:
D

---------- Alternate Locations (Original Residues!))

The following residues had alternate locations:
None

---------- Gaps (Renumbered Residues!)
gap of 16.790630 A between PRO 28 and PHE 29
gap of 10.728209 A between VAL 34 and LEU 35
gap of 4.287045 A between GLY 42 and GLU 43
gap of 3.876285 A between HID 110 and ALA 111
gap of 16.790630 A between PRO 234 and PHE 235
gap of 10.728209 A between VAL 240 and LEU 241
gap of 4.287045 A between GLY 248 and GLU 249
gap of 3.876285 A between HID 316 and ALA 317

---------- Mising heavy atom(s)

None

MoleculeClass :  C:10  N: 5  O:11  P: 2 (CHEMICAL COMPONENTS format)
	40 atoms
	42 bonds
	73 angles
	102 dihedrals
	2 rings (groups, rings, atoms) 3 16
	4 chirals : R S R R 

~> antechamber -i 4antechamber_GDP.pdb -fi pdb -o GDP.mol2 -fo mol2       -nc -3 -m 1 -s 2 -pf y -c bcc -at gaff2 -ek "qm_theory='AM1',grms_tol=0.0005,scfconv=1.d-10,maxcyc=0,ndiis_attempts=700,"


~> parmchk2 -s 2 -i GDP.mol2 -f mol2 -o GDP.frcmod


==================================================
Preparing asu files and 4phenix_3bwd.pdb
==================================================

~> tleap -f 3bwd_asu_tleap_input_run

Checking output filenames
  file : 3bwd_asu.prmtop
  file : 3bwd_asu.rst7

~> ChBox -c 3bwd_asu.rst7 -o 3bwd_asu.rst7 -X 36.42 -Y 40.39 -Z 57.18 -al 90.0 -bt 102.6 -gm 90.0 


============================================================
Preparing unit cell files: 4amber_3bwd.prmtop and 4amber_3bwd.rst7
============================================================

~> UnitCell -p 3bwd_4UnitCell.pdb -o 3bwd_4tleap_uc1.pdb


~> tleap -f 3bwd_uc_tleap_input_run

Checking output filenames
  file : 3bwd_uc.prmtop
  file : 3bwd_uc.rst7

~> ChBox -c 3bwd_uc.rst7 -o 3bwd_uc.rst7 -X 36.42 -Y 40.39 -Z 57.18 -al 90.0 -bt 102.6 -gm 90.0 


==================================================
Minimizing input coordinates.
==================================================

~> sander -O -i 3bwd_amber_all.in -p 4amber_3bwd.prmtop -c 4amber_3bwd.rst7 -o 3bwd.min.out            -ref 4amber_3bwd.rst7 -r 4amber_3bwd.min.rst7

checking special positions in 4phenix_3bwd.pdb

==================================================
Done.  Three new files have been made:
      4phenix_3bwd.pdb
      4amber_3bwd.prmtop
      4amber_3bwd.rst7
==================================================

Example

  phenix.refine 4phenix_3bwd.pdb use_amber=True \
    amber.topology_file_name=4amber_3bwd.prmtop \
    amber.coordinate_file_name=4amber_3bwd.rst7 \
    ....(other refinement keywords here).....



Substituting Amber PDB file for downloaded file
run_tests_local.py:222: UserWarning: os.system() is not safe: please use the subprocess module or libtbx.easy_run instead.
  os.system(cmd)

  Amber files
    PDB    : 3bwd.pdb
    MTZ    : 3bwd.mtz
    prmtop : 4amber_3bwd.prmtop
    rst7   : 4amber_3bwd.rst7
  
/net/morse/raid1/scratch1/nigel/amber/hi_lo/bw/3bwd
return_files 3bwd
/net/chevy/raid1/nigel/amber/hi_lo
4amber_3bwd.pdb
4phenix_3bwd.pdb
cp 4phenix_3bwd.pdb /net/chevy/raid1/nigel/amber/hi_lo/bw/3bwd
3bwd.pdb
cp 3bwd.pdb /net/chevy/raid1/nigel/amber/hi_lo/bw/3bwd
4amber_3bwd.mtz
4phenix_3bwd.mtz
3bwd.mtz
cp 3bwd.mtz /net/chevy/raid1/nigel/amber/hi_lo/bw/3bwd
4amber_3bwd.rst7
cp 4amber_3bwd.rst7 /net/chevy/raid1/nigel/amber/hi_lo/bw/3bwd
4phenix_3bwd.rst7
3bwd.rst7
4amber_3bwd.prmtop
cp 4amber_3bwd.prmtop /net/chevy/raid1/nigel/amber/hi_lo/bw/3bwd
4phenix_3bwd.prmtop
3bwd.prmtop
4amber_3bwd_refine_001.log
4phenix_3bwd_refine_001.log
3bwd_refine_001.log
4amber_3bwd_refine_002.log
4phenix_3bwd_refine_002.log
3bwd_refine_002.log
4amber_3bwd_refine_001.pdb
4phenix_3bwd_refine_001.pdb
3bwd_refine_001.pdb
4amber_3bwd_refine_002.pdb
4phenix_3bwd_refine_002.pdb
3bwd_refine_002.pdb
local_archive /net/chevy/raid1/nigel/amber/hi_lo
archive PDB /net/chevy/raid1/nigel/amber/hi_lo/bw/3bwd/3bwd.pdb
/net/morse/raid1/scratch1/nigel/amber/hi_lo/bw/3bwd
------------------------------
phenix.refine log filename ? > /net/chevy/raid1/nigel/amber/hi_lo/bw/3bwd/3bwd_refine_001.log
------------------------------

	Already done (on chevy) 3bwd_refine_001
------------------------------
phenix.refine log filename ? > /net/chevy/raid1/nigel/amber/hi_lo/bw/3bwd/3bwd_refine_002.log
------------------------------

	Already done (on chevy) 3bwd_refine_002
