HOST morse.lbl.gov
only_i 181
only_code None
force_amber_prep True
dry_run False
... 181 1fsz
/net/chevy/raid1/nigel/amber/hi_lo
/net/chevy/raid1/nigel/amber/hi_lo/fs/1fsz
1fsz.pdb 4phenix_1fsz.pdb
1fsz.pdb 4phenix_1fsz.pdb
local_archive None
archive PDB None
Reading from local mirror:
  /net/cci/pdb_mirror/pdb/fs/pdb1fsz.ent.gz
Model saved to /net/morse/raid1/scratch1/nigel/amber/hi_lo/fs/1fsz/1fsz.pdb
Sequence saved to /net/morse/raid1/scratch1/nigel/amber/hi_lo/fs/1fsz/1fsz.fa
Reading from local mirror:
  /net/cci/pdb_mirror/structure_factors/fs/r1fszsf.ent.gz
Structure factors saved to /net/morse/raid1/scratch1/nigel/amber/hi_lo/fs/1fsz/1fsz-sf.cif
Reading from local mirror:
  /net/cci/pdb_mirror/mmcif/fs/1fsz.cif.gz
Model saved to /net/morse/raid1/scratch1/nigel/amber/hi_lo/fs/1fsz/1fsz.cif
Can't determine output label for r1fszsf,_refln.crystal_id - skipping.
Can't determine output label for r1fszsf,wavelength_id=1,_refln.pdbx_F_calc_part_solvent,_refln.pdbx_phase_calc_part_solvent - skipping.
Can't determine output label for r1fszsf,_refln.scale_group_code - skipping.
Can't determine output label for r1fszsf,_refln.wavelength_id - skipping.
Converted structure factors saved to 1fsz.mtz
local_archive None
archive PDB None
Reading from local mirror:
  /net/cci/pdb_mirror/pdb/fs/pdb1fsz.ent.gz
Model saved to /net/morse/raid1/scratch1/nigel/amber/hi_lo/fs/1fsz/1fsz.pdb
Sequence saved to /net/morse/raid1/scratch1/nigel/amber/hi_lo/fs/1fsz/1fsz.fa
Reading from local mirror:
  /net/cci/pdb_mirror/structure_factors/fs/r1fszsf.ent.gz
Structure factors saved to /net/morse/raid1/scratch1/nigel/amber/hi_lo/fs/1fsz/1fsz-sf.cif
Reading from local mirror:
  /net/cci/pdb_mirror/mmcif/fs/1fsz.cif.gz
Model saved to /net/morse/raid1/scratch1/nigel/amber/hi_lo/fs/1fsz/1fsz.cif
Can't determine output label for r1fszsf,_refln.crystal_id - skipping.
Can't determine output label for r1fszsf,wavelength_id=1,_refln.pdbx_F_calc_part_solvent,_refln.pdbx_phase_calc_part_solvent - skipping.
Can't determine output label for r1fszsf,_refln.scale_group_code - skipping.
Can't determine output label for r1fszsf,_refln.wavelength_id - skipping.
Converted structure factors saved to 1fsz.mtz

==================================================
Summary of pdb4amber for: 1fsz.pdb
===================================================
REDUCE returned non-zero exit status: See reduce_info.log for more details

----------Chains
The following (original) chains have been found:
A

---------- Alternate Locations (Original Residues!))

The following residues had alternate locations:
None

---------- Mising heavy atom(s)

None
not prmtop_filename /net/morse/scratch1/nigel/amber/hi_lo/fs/1fsz/4amber_1fsz.prmtop

	Running AmberPrep : 1fsz.pdb


==================================================
Running pdb4amber on 1fsz.pdb
==================================================

==================================================
Setting up library files for non-standard residues
==================================================

==================================================
Running elbow/antechamber for GDP 
==================================================

==================================================
Summary of pdb4amber for: 1fsz_4tleap_uc1.pdb
===================================================

----------Chains
The following (original) chains have been found:
A

---------- Alternate Locations (Original Residues!))

The following residues had alternate locations:
None

---------- Mising heavy atom(s)

None

MoleculeClass :  C:10  N: 5  O:11  P: 2 (CHEMICAL COMPONENTS format)
	40 atoms
	42 bonds
	73 angles
	102 dihedrals
	2 rings (groups, rings, atoms) 3 16
	4 chirals : R S R R 

~> antechamber -i 4antechamber_GDP.pdb -fi pdb -o GDP.mol2 -fo mol2       -nc -3 -m 1 -s 2 -pf y -c bcc -at gaff2 -ek "qm_theory='AM1',grms_tol=0.0005,scfconv=1.d-10,maxcyc=0,ndiis_attempts=700,"


~> parmchk2 -s 2 -i GDP.mol2 -f mol2 -o GDP.frcmod


==================================================
Preparing asu files and 4phenix_1fsz.pdb
==================================================

~> tleap -f 1fsz_asu_tleap_input_run

Checking output filenames
  file : 1fsz_asu.prmtop
  file : 1fsz_asu.rst7

~> ChBox -c 1fsz_asu.rst7 -o 1fsz_asu.rst7 -X 159.14 -Y 159.14 -Z 159.14 -al 90.0 -bt 90.0 -gm 90.0 


============================================================
Preparing unit cell files: 4amber_1fsz.prmtop and 4amber_1fsz.rst7
============================================================

~> UnitCell -p 1fsz_4UnitCell.pdb -o 1fsz_4tleap_uc1.pdb


~> tleap -f 1fsz_uc_tleap_input_run

Checking output filenames
  file : 1fsz_uc.prmtop
  file : 1fsz_uc.rst7

~> ChBox -c 1fsz_uc.rst7 -o 1fsz_uc.rst7 -X 159.14 -Y 159.14 -Z 159.14 -al 90.0 -bt 90.0 -gm 90.0 


==================================================
Minimizing input coordinates.
==================================================

~> sander -O -i 1fsz_amber_all.in -p 4amber_1fsz.prmtop -c 4amber_1fsz.rst7 -o 1fsz.min.out            -ref 4amber_1fsz.rst7 -r 4amber_1fsz.min.rst7

checking special positions in 4phenix_1fsz.pdb

==================================================
Done.  Three new files have been made:
      4phenix_1fsz.pdb
      4amber_1fsz.prmtop
      4amber_1fsz.rst7
==================================================

Example

  phenix.refine 4phenix_1fsz.pdb use_amber=True \
    amber.topology_file_name=4amber_1fsz.prmtop \
    amber.coordinate_file_name=4amber_1fsz.rst7 \
    ....(other refinement keywords here).....



Substituting Amber PDB file for downloaded file
run_tests_local.py:222: UserWarning: os.system() is not safe: please use the subprocess module or libtbx.easy_run instead.
  os.system(cmd)

  Amber files
    PDB    : 1fsz.pdb
    MTZ    : 1fsz.mtz
    prmtop : 4amber_1fsz.prmtop
    rst7   : 4amber_1fsz.rst7
  
/net/morse/raid1/scratch1/nigel/amber/hi_lo/fs/1fsz
return_files 1fsz
/net/chevy/raid1/nigel/amber/hi_lo
4amber_1fsz.pdb
4phenix_1fsz.pdb
cp 4phenix_1fsz.pdb /net/chevy/raid1/nigel/amber/hi_lo/fs/1fsz
1fsz.pdb
cp 1fsz.pdb /net/chevy/raid1/nigel/amber/hi_lo/fs/1fsz
4amber_1fsz.mtz
4phenix_1fsz.mtz
1fsz.mtz
cp 1fsz.mtz /net/chevy/raid1/nigel/amber/hi_lo/fs/1fsz
4amber_1fsz.rst7
cp 4amber_1fsz.rst7 /net/chevy/raid1/nigel/amber/hi_lo/fs/1fsz
4phenix_1fsz.rst7
1fsz.rst7
4amber_1fsz.prmtop
cp 4amber_1fsz.prmtop /net/chevy/raid1/nigel/amber/hi_lo/fs/1fsz
4phenix_1fsz.prmtop
1fsz.prmtop
4amber_1fsz_refine_001.log
4phenix_1fsz_refine_001.log
1fsz_refine_001.log
4amber_1fsz_refine_002.log
4phenix_1fsz_refine_002.log
1fsz_refine_002.log
4amber_1fsz_refine_001.pdb
4phenix_1fsz_refine_001.pdb
1fsz_refine_001.pdb
4amber_1fsz_refine_002.pdb
4phenix_1fsz_refine_002.pdb
1fsz_refine_002.pdb
local_archive /net/chevy/raid1/nigel/amber/hi_lo
archive PDB /net/chevy/raid1/nigel/amber/hi_lo/fs/1fsz/1fsz.pdb
/net/morse/raid1/scratch1/nigel/amber/hi_lo/fs/1fsz
------------------------------
phenix.refine log filename ? > /net/chevy/raid1/nigel/amber/hi_lo/fs/1fsz/1fsz_refine_001.log
------------------------------

	Already done (on chevy) 1fsz_refine_001
------------------------------
phenix.refine log filename ? > /net/chevy/raid1/nigel/amber/hi_lo/fs/1fsz/1fsz_refine_002.log
------------------------------

	Already done (on chevy) 1fsz_refine_002
