HOST morse.lbl.gov
only_i 301
only_code None
force_amber_prep True
dry_run False
... 301 1f30
/net/chevy/raid1/nigel/amber/hi_lo
/net/chevy/raid1/nigel/amber/hi_lo/f3/1f30
1f30.pdb 4phenix_1f30.pdb
1f30.pdb 4phenix_1f30.pdb
local_archive None
archive PDB None
Reading from local mirror:
  /net/cci/pdb_mirror/pdb/f3/pdb1f30.ent.gz
Model saved to /net/morse/raid1/scratch1/nigel/amber/hi_lo/f3/1f30/1f30.pdb
Sequence saved to /net/morse/raid1/scratch1/nigel/amber/hi_lo/f3/1f30/1f30.fa
Reading from local mirror:
  /net/cci/pdb_mirror/structure_factors/f3/r1f30sf.ent.gz
Structure factors saved to /net/morse/raid1/scratch1/nigel/amber/hi_lo/f3/1f30/1f30-sf.cif
Reading from local mirror:
  /net/cci/pdb_mirror/mmcif/f3/1f30.cif.gz
Model saved to /net/morse/raid1/scratch1/nigel/amber/hi_lo/f3/1f30/1f30.cif
Can't determine output label for r1f30sf,_refln.crystal_id - skipping.
Can't determine output label for r1f30sf,_refln.scale_group_code - skipping.
Can't determine output label for r1f30sf,_refln.wavelength_id - skipping.
Converted structure factors saved to 1f30.mtz
local_archive None
archive PDB None
Reading from local mirror:
  /net/cci/pdb_mirror/pdb/f3/pdb1f30.ent.gz
Model saved to /net/morse/raid1/scratch1/nigel/amber/hi_lo/f3/1f30/1f30.pdb
Sequence saved to /net/morse/raid1/scratch1/nigel/amber/hi_lo/f3/1f30/1f30.fa
Reading from local mirror:
  /net/cci/pdb_mirror/structure_factors/f3/r1f30sf.ent.gz
Structure factors saved to /net/morse/raid1/scratch1/nigel/amber/hi_lo/f3/1f30/1f30-sf.cif
Reading from local mirror:
  /net/cci/pdb_mirror/mmcif/f3/1f30.cif.gz
Model saved to /net/morse/raid1/scratch1/nigel/amber/hi_lo/f3/1f30/1f30.cif
Can't determine output label for r1f30sf,_refln.crystal_id - skipping.
Can't determine output label for r1f30sf,_refln.scale_group_code - skipping.
Can't determine output label for r1f30sf,_refln.wavelength_id - skipping.
Converted structure factors saved to 1f30.mtz

==================================================
Summary of pdb4amber for: 1f30.pdb
===================================================
REDUCE returned non-zero exit status: See reduce_info.log for more details

----------Chains
The following (original) chains have been found:
A
B
C
D
E
F
G
H
I
J
K
L

---------- Alternate Locations (Original Residues!))

The following residues had alternate locations:
None

---------- Mising heavy atom(s)

None

==================================================
Summary of pdb4amber for: 1f30_4tleap_uc1.pdb
===================================================

----------Chains
The following (original) chains have been found:
A
B
C
D
E
F
G
H
I
J
K
L

---------- Alternate Locations (Original Residues!))

The following residues had alternate locations:
None

---------- Mising heavy atom(s)

None
not prmtop_filename /net/morse/scratch1/nigel/amber/hi_lo/f3/1f30/4amber_1f30.prmtop

	Running AmberPrep : 1f30.pdb


==================================================
Running pdb4amber on 1f30.pdb
==================================================

==================================================
Setting up library files for non-standard residues
==================================================

  Residue "TRS" already in amber monomer library. Skipping elbow/antechamber
    run for this residue.
        

==================================================
Preparing asu files and 4phenix_1f30.pdb
==================================================

~> tleap -f 1f30_asu_tleap_input_run

Checking output filenames
  file : 1f30_asu.prmtop
  file : 1f30_asu.rst7

~> ChBox -c 1f30_asu.rst7 -o 1f30_asu.rst7 -X 117.773 -Y 140.78 -Z 268.419 -al 90.0 -bt 90.0 -gm 90.0 


============================================================
Preparing unit cell files: 4amber_1f30.prmtop and 4amber_1f30.rst7
============================================================

~> UnitCell -p 1f30_4UnitCell.pdb -o 1f30_4tleap_uc1.pdb


~> tleap -f 1f30_uc_tleap_input_run

Checking output filenames
  file : 1f30_uc.prmtop
  file : 1f30_uc.rst7

~> ChBox -c 1f30_uc.rst7 -o 1f30_uc.rst7 -X 117.773 -Y 140.78 -Z 268.419 -al 90.0 -bt 90.0 -gm 90.0 


==================================================
Minimizing input coordinates.
==================================================

~> sander -O -i 1f30_amber_all.in -p 4amber_1f30.prmtop -c 4amber_1f30.rst7 -o 1f30.min.out            -ref 4amber_1f30.rst7 -r 4amber_1f30.min.rst7

checking special positions in 4phenix_1f30.pdb

==================================================
Done.  Three new files have been made:
      4phenix_1f30.pdb
      4amber_1f30.prmtop
      4amber_1f30.rst7
==================================================

Example

  phenix.refine 4phenix_1f30.pdb use_amber=True \
    amber.topology_file_name=4amber_1f30.prmtop \
    amber.coordinate_file_name=4amber_1f30.rst7 \
    ....(other refinement keywords here).....



Substituting Amber PDB file for downloaded file
run_tests_local.py:222: UserWarning: os.system() is not safe: please use the subprocess module or libtbx.easy_run instead.
  os.system(cmd)

  Amber files
    PDB    : 1f30.pdb
    MTZ    : 1f30.mtz
    prmtop : 4amber_1f30.prmtop
    rst7   : 4amber_1f30.rst7
  
/net/morse/raid1/scratch1/nigel/amber/hi_lo/f3/1f30
return_files 1f30
/net/chevy/raid1/nigel/amber/hi_lo
4amber_1f30.pdb
4phenix_1f30.pdb
cp 4phenix_1f30.pdb /net/chevy/raid1/nigel/amber/hi_lo/f3/1f30
1f30.pdb
cp 1f30.pdb /net/chevy/raid1/nigel/amber/hi_lo/f3/1f30
4amber_1f30.mtz
4phenix_1f30.mtz
1f30.mtz
cp 1f30.mtz /net/chevy/raid1/nigel/amber/hi_lo/f3/1f30
4amber_1f30.rst7
cp 4amber_1f30.rst7 /net/chevy/raid1/nigel/amber/hi_lo/f3/1f30
4phenix_1f30.rst7
1f30.rst7
4amber_1f30.prmtop
cp 4amber_1f30.prmtop /net/chevy/raid1/nigel/amber/hi_lo/f3/1f30
4phenix_1f30.prmtop
1f30.prmtop
4amber_1f30_refine_001.log
4phenix_1f30_refine_001.log
1f30_refine_001.log
4amber_1f30_refine_002.log
4phenix_1f30_refine_002.log
1f30_refine_002.log
4amber_1f30_refine_001.pdb
4phenix_1f30_refine_001.pdb
1f30_refine_001.pdb
4amber_1f30_refine_002.pdb
4phenix_1f30_refine_002.pdb
1f30_refine_002.pdb
local_archive /net/chevy/raid1/nigel/amber/hi_lo
archive PDB /net/chevy/raid1/nigel/amber/hi_lo/f3/1f30/1f30.pdb
/net/morse/raid1/scratch1/nigel/amber/hi_lo/f3/1f30
------------------------------
phenix.refine log filename ? > /net/chevy/raid1/nigel/amber/hi_lo/f3/1f30/1f30_refine_001.log
------------------------------

	Already done (on chevy) 1f30_refine_001
------------------------------
phenix.refine log filename ? > /net/chevy/raid1/nigel/amber/hi_lo/f3/1f30/1f30_refine_002.log
------------------------------

	Already done (on chevy) 1f30_refine_002
