HOST lewis.lbl.gov
only_i 223
only_code None
force_amber_prep True
dry_run False
... 223 1bg3
/net/chevy/raid1/nigel/amber/hi_lo
/net/chevy/raid1/nigel/amber/hi_lo/bg/1bg3
1bg3.pdb 4phenix_1bg3.pdb
1bg3.pdb 4phenix_1bg3.pdb
local_archive None
archive PDB None
Reading from local mirror:
  /net/cci/pdb_mirror/pdb/bg/pdb1bg3.ent.gz
Model saved to /net/lewis/raid1/scratch1/nigel/amber/hi_lo/bg/1bg3/1bg3.pdb
Traceback (most recent call last):
  File "/net/cci-filer2/raid1/xp/phenix/phenix-svn/build/../modules/cctbx_project/mmtbx/command_line/fetch_pdb.py", line 199, in <module>
    run2(sys.argv[1:])
  File "/net/cci-filer2/raid1/xp/phenix/phenix-svn/build/../modules/cctbx_project/mmtbx/command_line/fetch_pdb.py", line 155, in run2
    files.append(get_pdb(id, data_type_, mirror, log, format=data_format))
  File "/net/cci-filer2/raid1/xp/phenix/phenix-svn/modules/cctbx_project/iotbx/pdb/fetch.py", line 213, in get_pdb
    data = fetch(id, data_type, mirror=mirror, format=format, log=log)
  File "/net/cci-filer2/raid1/xp/phenix/phenix-svn/modules/cctbx_project/iotbx/pdb/fetch.py", line 150, in fetch
    data = libtbx.utils.urlopen(url)
  File "/net/cci-filer2/raid1/xp/phenix/phenix-svn/modules/cctbx_project/libtbx/utils.py", line 2069, in urlopen
    return urllib2.urlopen(*args, **kwds)
  File "/net/cci-filer2/raid1/xp/phenix/phenix-svn/base/lib/python2.7/urllib2.py", line 127, in urlopen
    return _opener.open(url, data, timeout)
  File "/net/cci-filer2/raid1/xp/phenix/phenix-svn/base/lib/python2.7/urllib2.py", line 404, in open
    response = self._open(req, data)
  File "/net/cci-filer2/raid1/xp/phenix/phenix-svn/base/lib/python2.7/urllib2.py", line 422, in _open
    '_open', req)
  File "/net/cci-filer2/raid1/xp/phenix/phenix-svn/base/lib/python2.7/urllib2.py", line 382, in _call_chain
    result = func(*args)
  File "/net/cci-filer2/raid1/xp/phenix/phenix-svn/base/lib/python2.7/urllib2.py", line 1214, in http_open
    return self.do_open(httplib.HTTPConnection, req)
  File "/net/cci-filer2/raid1/xp/phenix/phenix-svn/base/lib/python2.7/urllib2.py", line 1184, in do_open
    raise URLError(err)
urllib2.URLError: <urlopen error [Errno 110] Connection timed out>
local_archive None
archive PDB None
Reading from local mirror:
  /net/cci/pdb_mirror/pdb/bg/pdb1bg3.ent.gz
Model saved to /net/lewis/raid1/scratch1/nigel/amber/hi_lo/bg/1bg3/1bg3.pdb
Traceback (most recent call last):
  File "/net/cci-filer2/raid1/xp/phenix/phenix-svn/build/../modules/cctbx_project/mmtbx/command_line/fetch_pdb.py", line 199, in <module>
    run2(sys.argv[1:])
  File "/net/cci-filer2/raid1/xp/phenix/phenix-svn/build/../modules/cctbx_project/mmtbx/command_line/fetch_pdb.py", line 155, in run2
    files.append(get_pdb(id, data_type_, mirror, log, format=data_format))
  File "/net/cci-filer2/raid1/xp/phenix/phenix-svn/modules/cctbx_project/iotbx/pdb/fetch.py", line 213, in get_pdb
    data = fetch(id, data_type, mirror=mirror, format=format, log=log)
  File "/net/cci-filer2/raid1/xp/phenix/phenix-svn/modules/cctbx_project/iotbx/pdb/fetch.py", line 150, in fetch
    data = libtbx.utils.urlopen(url)
  File "/net/cci-filer2/raid1/xp/phenix/phenix-svn/modules/cctbx_project/libtbx/utils.py", line 2069, in urlopen
    return urllib2.urlopen(*args, **kwds)
  File "/net/cci-filer2/raid1/xp/phenix/phenix-svn/base/lib/python2.7/urllib2.py", line 127, in urlopen
    return _opener.open(url, data, timeout)
  File "/net/cci-filer2/raid1/xp/phenix/phenix-svn/base/lib/python2.7/urllib2.py", line 404, in open
    response = self._open(req, data)
  File "/net/cci-filer2/raid1/xp/phenix/phenix-svn/base/lib/python2.7/urllib2.py", line 422, in _open
    '_open', req)
  File "/net/cci-filer2/raid1/xp/phenix/phenix-svn/base/lib/python2.7/urllib2.py", line 382, in _call_chain
    result = func(*args)
  File "/net/cci-filer2/raid1/xp/phenix/phenix-svn/base/lib/python2.7/urllib2.py", line 1214, in http_open
    return self.do_open(httplib.HTTPConnection, req)
  File "/net/cci-filer2/raid1/xp/phenix/phenix-svn/base/lib/python2.7/urllib2.py", line 1184, in do_open
    raise URLError(err)
urllib2.URLError: <urlopen error [Errno 110] Connection timed out>

==================================================
Summary of pdb4amber for: 1bg3.pdb
===================================================

----------Chains
The following (original) chains have been found:
A
B

---------- Alternate Locations (Original Residues!))

The following residues had alternate locations:
None

---------- Gaps (Renumbered Residues!)
gap of 4.915063 A between VAL 97 and ASN 98
gap of 2.801832 A between SER 541 and ARG 542
gap of 6.814577 A between VAL 999 and ASN 1000
gap of 4.988797 A between LYS 1036 and LYS 1037

---------- Mising heavy atom(s)

MET_1 misses 3 heavy atom(s)
ILE_2 misses 3 heavy atom(s)
GLN_5 misses 4 heavy atom(s)
TYR_9 misses 7 heavy atom(s)
ASP_17 misses 3 heavy atom(s)
LYS_20 misses 4 heavy atom(s)
LYS_21 misses 4 heavy atom(s)
LYS_24 misses 4 heavy atom(s)
LYS_48 misses 4 heavy atom(s)
ARG_53 misses 6 heavy atom(s)
LYS_77 misses 4 heavy atom(s)
GLN_96 misses 4 heavy atom(s)
ASN_98 misses 3 heavy atom(s)
SER_100 misses 1 heavy atom(s)
GLU_102 misses 4 heavy atom(s)
SER_103 misses 1 heavy atom(s)
ASP_126 misses 3 heavy atom(s)
GLU_133 misses 4 heavy atom(s)
LYS_136 misses 4 heavy atom(s)
ASP_139 misses 3 heavy atom(s)
LYS_140 misses 4 heavy atom(s)
LYS_141 misses 4 heavy atom(s)
LYS_188 misses 4 heavy atom(s)
GLU_315 misses 4 heavy atom(s)
LYS_340 misses 4 heavy atom(s)
LYS_423 misses 4 heavy atom(s)
GLU_440 misses 4 heavy atom(s)
SER_474 misses 1 heavy atom(s)
GLN_476 misses 3 heavy atom(s)
LYS_483 misses 4 heavy atom(s)
ARG_494 misses 6 heavy atom(s)
LYS_495 misses 4 heavy atom(s)
SER_499 misses 1 heavy atom(s)
LYS_500 misses 4 heavy atom(s)
SER_541 misses 1 heavy atom(s)
GLU_556 misses 4 heavy atom(s)
ARG_586 misses 6 heavy atom(s)
LYS_633 misses 4 heavy atom(s)
GLU_636 misses 4 heavy atom(s)
GLU_637 misses 4 heavy atom(s)
LYS_682 misses 4 heavy atom(s)
GLU_688 misses 4 heavy atom(s)
LYS_718 misses 4 heavy atom(s)
GLU_722 misses 4 heavy atom(s)
ARG_760 misses 6 heavy atom(s)
GLN_762 misses 4 heavy atom(s)
LYS_768 misses 4 heavy atom(s)
ARG_785 misses 6 heavy atom(s)
LEU_789 misses 3 heavy atom(s)
GLN_797 misses 3 heavy atom(s)
ASN_801 misses 3 heavy atom(s)
ASP_843 misses 3 heavy atom(s)
GLN_868 misses 4 heavy atom(s)
LYS_876 misses 4 heavy atom(s)
VAL_898 misses 2 heavy atom(s)
LEU_902 misses 3 heavy atom(s)
MET_903 misses 3 heavy atom(s)
ILE_904 misses 3 heavy atom(s)
GLN_907 misses 4 heavy atom(s)
TYR_911 misses 7 heavy atom(s)
ASP_919 misses 3 heavy atom(s)
LYS_922 misses 4 heavy atom(s)
LYS_923 misses 4 heavy atom(s)
LYS_926 misses 4 heavy atom(s)
TYR_929 misses 7 heavy atom(s)
ARG_932 misses 6 heavy atom(s)
LYS_950 misses 3 heavy atom(s)
ARG_955 misses 6 heavy atom(s)
LYS_979 misses 4 heavy atom(s)
ASN_1000 misses 3 heavy atom(s)
SER_1002 misses 1 heavy atom(s)
GLU_1004 misses 4 heavy atom(s)
SER_1005 misses 1 heavy atom(s)
GLU_1012 misses 4 heavy atom(s)
SER_1018 misses 1 heavy atom(s)
GLU_1035 misses 4 heavy atom(s)
LYS_1037 misses 4 heavy atom(s)
LYS_1039 misses 4 heavy atom(s)
LYS_1040 misses 4 heavy atom(s)
ARG_1052 misses 6 heavy atom(s)
SER_1054 misses 1 heavy atom(s)
LYS_1055 misses 4 heavy atom(s)
LYS_1080 misses 4 heavy atom(s)
LYS_1087 misses 4 heavy atom(s)
ARG_1089 misses 6 heavy atom(s)
GLN_1115 misses 4 heavy atom(s)
ARG_1136 misses 6 heavy atom(s)
GLU_1145 misses 4 heavy atom(s)
LYS_1183 misses 4 heavy atom(s)
GLU_1214 misses 4 heavy atom(s)
GLU_1240 misses 4 heavy atom(s)
LYS_1246 misses 4 heavy atom(s)
SER_1340 misses 1 heavy atom(s)
ARG_1355 misses 6 heavy atom(s)
LYS_1382 misses 4 heavy atom(s)
ARG_1383 misses 6 heavy atom(s)
GLU_1395 misses 3 heavy atom(s)
LYS_1399 misses 4 heavy atom(s)
LYS_1442 misses 4 heavy atom(s)
LYS_1443 misses 4 heavy atom(s)
ARG_1444 misses 6 heavy atom(s)
GLU_1458 misses 4 heavy atom(s)
GLU_1538 misses 4 heavy atom(s)
ASP_1541 misses 3 heavy atom(s)
ASP_1543 misses 3 heavy atom(s)
LYS_1584 misses 4 heavy atom(s)
GLU_1590 misses 4 heavy atom(s)
GLN_1593 misses 4 heavy atom(s)
LYS_1631 misses 4 heavy atom(s)
LYS_1656 misses 4 heavy atom(s)
ARG_1662 misses 6 heavy atom(s)
GLN_1664 misses 4 heavy atom(s)
LYS_1678 misses 4 heavy atom(s)
ARG_1687 misses 6 heavy atom(s)
GLN_1699 misses 4 heavy atom(s)
SER_1704 misses 1 heavy atom(s)
GLN_1770 misses 4 heavy atom(s)
LYS_1778 misses 3 heavy atom(s)
ARG_1803 misses 6 heavy atom(s)
not prmtop_filename /net/lewis/scratch1/nigel/amber/hi_lo/bg/1bg3/4amber_1bg3.prmtop

	Running AmberPrep : 1bg3.pdb


==================================================
Running pdb4amber on 1bg3.pdb
==================================================

==================================================
Setting up library files for non-standard residues
==================================================

==================================================
Running elbow/antechamber for G6P 
==================================================

MoleculeClass :  C: 6  O: 9  P: 1 (CHEMICAL COMPONENTS format)
	27 atoms
	27 bonds
	48 angles
	69 dihedrals
	1 rings (groups, rings, atoms) 1 6
	5 chirals : S R S S R 

~> antechamber -i 4antechamber_G6P.pdb -fi pdb -o G6P.mol2 -fo mol2       -nc -2 -m 1 -s 2 -pf y -c bcc -at gaff2 -ek "qm_theory='AM1',grms_tol=0.0005,scfconv=1.d-10,maxcyc=0,ndiis_attempts=700,"


~> parmchk2 -s 2 -i G6P.mol2 -f mol2 -o G6P.frcmod


==================================================
Running elbow/antechamber for BGC 
==================================================

==================================================
Summary of pdb4amber for: 1bg3_4tleap_uc1.pdb
===================================================

----------Chains
The following (original) chains have been found:
A
B

---------- Alternate Locations (Original Residues!))

The following residues had alternate locations:
None

---------- Gaps (Renumbered Residues!)
gap of 4.915063 A between VAL 97 and ASN 98
gap of 2.801832 A between SER 541 and ARG 542
gap of 6.814577 A between VAL 999 and ASN 1000
gap of 4.988797 A between LYS 1036 and LYS 1037
gap of 4.915063 A between VAL 2144 and ASN 2145
gap of 2.801832 A between SER 2588 and ARG 2589
gap of 6.814577 A between VAL 3046 and ASN 3047
gap of 4.988797 A between LYS 3083 and LYS 3084

---------- Mising heavy atom(s)

None

MoleculeClass :  C: 6  O: 6 (CHEMICAL COMPONENTS format)
	24 atoms
	24 bonds
	42 angles
	66 dihedrals
	1 rings (groups, rings, atoms) 1 6
	5 chirals : R S S R R 

~> antechamber -i 4antechamber_BGC.pdb -fi pdb -o BGC.mol2 -fo mol2       -nc 0 -m 1 -s 2 -pf y -c bcc -at gaff2 -ek "qm_theory='AM1',grms_tol=0.0005,scfconv=1.d-10,maxcyc=0,ndiis_attempts=700,"


~> parmchk2 -s 2 -i BGC.mol2 -f mol2 -o BGC.frcmod


==================================================
Preparing asu files and 4phenix_1bg3.pdb
==================================================

~> tleap -f 1bg3_asu_tleap_input_run

Checking output filenames
  file : 1bg3_asu.prmtop
  file : 1bg3_asu.rst7

~> ChBox -c 1bg3_asu.rst7 -o 1bg3_asu.rst7 -X 132.1 -Y 77.1 -Z 137.1 -al 90.0 -bt 96.0 -gm 90.0 


============================================================
Preparing unit cell files: 4amber_1bg3.prmtop and 4amber_1bg3.rst7
============================================================

~> UnitCell -p 1bg3_4UnitCell.pdb -o 1bg3_4tleap_uc1.pdb


~> tleap -f 1bg3_uc_tleap_input_run

Checking output filenames
  file : 1bg3_uc.prmtop
  file : 1bg3_uc.rst7

~> ChBox -c 1bg3_uc.rst7 -o 1bg3_uc.rst7 -X 132.1 -Y 77.1 -Z 137.1 -al 90.0 -bt 96.0 -gm 90.0 


==================================================
Minimizing input coordinates.
==================================================

~> sander -O -i 1bg3_amber_all.in -p 4amber_1bg3.prmtop -c 4amber_1bg3.rst7 -o 1bg3.min.out            -ref 4amber_1bg3.rst7 -r 4amber_1bg3.min.rst7

checking special positions in 4phenix_1bg3.pdb

==================================================
Done.  Three new files have been made:
      4phenix_1bg3.pdb
      4amber_1bg3.prmtop
      4amber_1bg3.rst7
==================================================

Example

  phenix.refine 4phenix_1bg3.pdb use_amber=True \
    amber.topology_file_name=4amber_1bg3.prmtop \
    amber.coordinate_file_name=4amber_1bg3.rst7 \
    ....(other refinement keywords here).....



Substituting Amber PDB file for downloaded file
run_tests_local.py:222: UserWarning: os.system() is not safe: please use the subprocess module or libtbx.easy_run instead.
  os.system(cmd)

  Amber files
    PDB    : 1bg3.pdb
    MTZ    : 1bg3.mtz
    prmtop : 4amber_1bg3.prmtop
    rst7   : 4amber_1bg3.rst7
  
/net/lewis/raid1/scratch1/nigel/amber/hi_lo/bg/1bg3
return_files 1bg3
/net/chevy/raid1/nigel/amber/hi_lo
4amber_1bg3.pdb
4phenix_1bg3.pdb
cp 4phenix_1bg3.pdb /net/chevy/raid1/nigel/amber/hi_lo/bg/1bg3
1bg3.pdb
cp 1bg3.pdb /net/chevy/raid1/nigel/amber/hi_lo/bg/1bg3
4amber_1bg3.mtz
4phenix_1bg3.mtz
1bg3.mtz
cp 1bg3.mtz /net/chevy/raid1/nigel/amber/hi_lo/bg/1bg3
4amber_1bg3.rst7
cp 4amber_1bg3.rst7 /net/chevy/raid1/nigel/amber/hi_lo/bg/1bg3
4phenix_1bg3.rst7
1bg3.rst7
4amber_1bg3.prmtop
cp 4amber_1bg3.prmtop /net/chevy/raid1/nigel/amber/hi_lo/bg/1bg3
4phenix_1bg3.prmtop
1bg3.prmtop
4amber_1bg3_refine_001.log
4phenix_1bg3_refine_001.log
1bg3_refine_001.log
4amber_1bg3_refine_002.log
4phenix_1bg3_refine_002.log
1bg3_refine_002.log
4amber_1bg3_refine_001.pdb
4phenix_1bg3_refine_001.pdb
1bg3_refine_001.pdb
4amber_1bg3_refine_002.pdb
4phenix_1bg3_refine_002.pdb
1bg3_refine_002.pdb
local_archive /net/chevy/raid1/nigel/amber/hi_lo
archive PDB /net/chevy/raid1/nigel/amber/hi_lo/bg/1bg3/1bg3.pdb
/net/lewis/raid1/scratch1/nigel/amber/hi_lo/bg/1bg3
------------------------------
phenix.refine log filename ? > /net/chevy/raid1/nigel/amber/hi_lo/bg/1bg3/1bg3_refine_001.log
------------------------------

	Already done (on chevy) 1bg3_refine_001
------------------------------
phenix.refine log filename ? > /net/chevy/raid1/nigel/amber/hi_lo/bg/1bg3/1bg3_refine_002.log
------------------------------

	Already done (on chevy) 1bg3_refine_002
