HOST rebus.lbl.gov
only_i 51
only_code None
force_amber_prep True
dry_run False
1 1z3z,A,2.900,1zod,A,1.800
2 1psi,A,2.920,3ndd,A,1.500
3 3bpo,A,3.000,3l5w,I,2.000
4 1e6j,P,3.000,3mge,A,1.900
5 1r46,A,3.250,3hg3,A,1.900
6 2j0g,A,2.850,2j1g,A,1.950
7 1nsk,L,2.800,3bbb,A,1.300
8 1t04,B,3.000,1t3f,B,2.000
9 1kiu,B,3.000,1ze3,H,1.840
10 1kv3,A,2.800,2q3z,A,2.000
11 1wqs,A,2.800,2iph,A,1.750
12 3gwp,A,2.900,3i16,A,2.000
13 1c0n,A,2.800,1kmj,A,2.000
14 2r8j,A,3.100,3oha,A,2.000
15 1z5s,C,3.010,2grn,B,1.800
16 3icq,B,3.200,3m1i,A,2.000
17 1nb3,I,2.800,3kfq,C,1.990
18 1otc,A,2.800,2i0q,A,1.910
19 1ue8,A,3.000,3b4x,A,1.940
20 1a4o,A,2.800,2o02,A,1.500
21 1t6i,A,2.810,3g4z,A,1.870
22 1de9,A,3.000,2o3h,A,1.900
23 2j6e,L,3.000,3n9g,L,1.434
24 3hrk,A,3.050,3lc0,A,1.800
25 2ecp,A,2.950,2asv,A,1.950
26 1z8l,A,3.500,2xeg,A,1.590
... 51 1z8l
/net/chevy/raid1/nigel/amber/hi_lo
/net/chevy/raid1/nigel/amber/hi_lo/z8/1z8l
1z8l.pdb 4phenix_1z8l.pdb
1z8l.pdb 4phenix_1z8l.pdb
local_archive None
archive PDB None
Reading from local mirror:
  /net/cci/pdb_mirror/pdb/z8/pdb1z8l.ent.gz
Model saved to /net/rebus/raid1/scratch1/nigel/amber/hi_lo/z8/1z8l/1z8l.pdb
Sequence saved to /net/rebus/raid1/scratch1/nigel/amber/hi_lo/z8/1z8l/1z8l.fa
Reading from local mirror:
  /net/cci/pdb_mirror/structure_factors/z8/r1z8lsf.ent.gz
Structure factors saved to /net/rebus/raid1/scratch1/nigel/amber/hi_lo/z8/1z8l/1z8l-sf.cif
Reading from local mirror:
  /net/cci/pdb_mirror/mmcif/z8/1z8l.cif.gz
Model saved to /net/rebus/raid1/scratch1/nigel/amber/hi_lo/z8/1z8l/1z8l.cif
Can't determine output label for r1z8lsf,_refln.crystal_id - skipping.
Can't determine output label for r1z8lsf,_refln.scale_group_code - skipping.
Can't determine output label for r1z8lsf,wavelength_id=1,_refln.status - skipping.
Can't determine output label for r1z8lsf,_refln.wavelength_id - skipping.
Converted structure factors saved to 1z8l.mtz
  F(+),SIGF(+),F(-),SIGF(-) is anomalous
local_archive None
archive PDB None
Reading from local mirror:
  /net/cci/pdb_mirror/pdb/z8/pdb1z8l.ent.gz
Model saved to /net/rebus/raid1/scratch1/nigel/amber/hi_lo/z8/1z8l/1z8l.pdb
Sequence saved to /net/rebus/raid1/scratch1/nigel/amber/hi_lo/z8/1z8l/1z8l.fa
Reading from local mirror:
  /net/cci/pdb_mirror/structure_factors/z8/r1z8lsf.ent.gz
Structure factors saved to /net/rebus/raid1/scratch1/nigel/amber/hi_lo/z8/1z8l/1z8l-sf.cif
Reading from local mirror:
  /net/cci/pdb_mirror/mmcif/z8/1z8l.cif.gz
Model saved to /net/rebus/raid1/scratch1/nigel/amber/hi_lo/z8/1z8l/1z8l.cif
Can't determine output label for r1z8lsf,_refln.crystal_id - skipping.
Can't determine output label for r1z8lsf,_refln.scale_group_code - skipping.
Can't determine output label for r1z8lsf,wavelength_id=1,_refln.status - skipping.
Can't determine output label for r1z8lsf,_refln.wavelength_id - skipping.
Converted structure factors saved to 1z8l.mtz
  F(+),SIGF(+),F(-),SIGF(-) is anomalous

==================================================
Summary of pdb4amber for: 1z8l.pdb
===================================================
REDUCE returned non-zero exit status: See reduce_info.log for more details

----------Chains
The following (original) chains have been found:
A
B
C
D

---------- Alternate Locations (Original Residues!))

The following residues had alternate locations:
None

---------- Mising heavy atom(s)

None
not prmtop_filename /net/rebus/scratch1/nigel/amber/hi_lo/z8/1z8l/4amber_1z8l.prmtop

	Running AmberPrep : 1z8l.pdb


==================================================
Running pdb4amber on 1z8l.pdb
==================================================

==================================================
Setting up library files for non-standard residues
==================================================

==================================================
Running elbow/antechamber for NAG 
==================================================

MoleculeClass :  C: 8  N: 1  O: 6 (CHEMICAL COMPONENTS format)
	30 atoms
	30 bonds
	53 angles
	79 dihedrals
	1 rings (groups, rings, atoms) 1 6
	5 chirals : R R R S R 

~> antechamber -i 4antechamber_NAG.pdb -fi pdb -o NAG.mol2 -fo mol2       -nc 0 -m 1 -s 2 -pf y -c bcc -at gaff2 -ek "qm_theory='AM1', grms_tol=0.0005, scfconv=1.d-10, maxcyc=0, ndiis_attempts=700,"


~> parmchk2 -s 2 -i NAG.mol2 -f mol2 -o NAG.frcmod


==================================================
Running elbow/antechamber for NDG 
==================================================

==================================================
Summary of pdb4amber for: 1z8l_4tleap_uc1.pdb
===================================================

----------Chains
The following (original) chains have been found:
A
B
C
D

---------- Alternate Locations (Original Residues!))

The following residues had alternate locations:
None

---------- Mising heavy atom(s)

None

MoleculeClass :  C: 8  N: 1  O: 6 (CHEMICAL COMPONENTS format)
	30 atoms
	30 bonds
	53 angles
	79 dihedrals
	1 rings (groups, rings, atoms) 1 6
	5 chirals : S R R S R 

~> antechamber -i 4antechamber_NDG.pdb -fi pdb -o NDG.mol2 -fo mol2       -nc 0 -m 1 -s 2 -pf y -c bcc -at gaff2 -ek "qm_theory='AM1', grms_tol=0.0005, scfconv=1.d-10, maxcyc=0, ndiis_attempts=700,"


~> parmchk2 -s 2 -i NDG.mol2 -f mol2 -o NDG.frcmod


==================================================
Preparing asu files and 4phenix_1z8l.pdb
==================================================

~> tleap -f 1z8l_asu_tleap_input_run

Checking output filenames
  file : 1z8l_asu.prmtop
  file : 1z8l_asu.rst7

~> ChBox -c 1z8l_asu.rst7 -o 1z8l_asu.rst7 -X 74.865 -Y 157.765 -Z 133.839 -al 90.0 -bt 93.24 -gm 90.0 


============================================================
Preparing unit cell files: 4amber_1z8l.prmtop and 4amber_1z8l.rst7
============================================================

~> UnitCell -p 1z8l_4UnitCell.pdb -o 1z8l_4tleap_uc1.pdb


~> tleap -f 1z8l_uc_tleap_input_run

Checking output filenames
  file : 1z8l_uc.prmtop
  file : 1z8l_uc.rst7

~> ChBox -c 1z8l_uc.rst7 -o 1z8l_uc.rst7 -X 74.865 -Y 157.765 -Z 133.839 -al 90.0 -bt 93.24 -gm 90.0 


==================================================
Minimizing input coordinates.
==================================================

~> sander -O -i 1z8l_amber_all.in -p 4amber_1z8l.prmtop -c 4amber_1z8l.rst7 -o 1z8l.min.out            -ref 4amber_1z8l.rst7 -r 4amber_1z8l.min.rst7

checking special positions in 4phenix_1z8l.pdb

==================================================
Done.  Three new files have been made:
      4phenix_1z8l.pdb
      4amber_1z8l.prmtop
      4amber_1z8l.rst7
==================================================

Example

  phenix.refine 4phenix_1z8l.pdb use_amber=True \
    amber.topology_file_name=4amber_1z8l.prmtop \
    amber.coordinate_file_name=4amber_1z8l.rst7 \
    ....(other refinement keywords here).....



Substituting Amber PDB file for downloaded file
run_tests_local.py:220: UserWarning: os.system() is not safe: please use the subprocess module or libtbx.easy_run instead.
  os.system(cmd)

  Amber files
    PDB    : 1z8l.pdb
    MTZ    : 1z8l.mtz
    prmtop : 4amber_1z8l.prmtop
    rst7   : 4amber_1z8l.rst7
  
/net/rebus/raid1/scratch1/nigel/amber/hi_lo/z8/1z8l
return_files 1z8l
/net/chevy/raid1/nigel/amber/hi_lo
4amber_1z8l.pdb
4phenix_1z8l.pdb
cp 4phenix_1z8l.pdb /net/chevy/raid1/nigel/amber/hi_lo/z8/1z8l
1z8l.pdb
cp 1z8l.pdb /net/chevy/raid1/nigel/amber/hi_lo/z8/1z8l
4amber_1z8l.mtz
4phenix_1z8l.mtz
1z8l.mtz
cp 1z8l.mtz /net/chevy/raid1/nigel/amber/hi_lo/z8/1z8l
4amber_1z8l.rst7
cp 4amber_1z8l.rst7 /net/chevy/raid1/nigel/amber/hi_lo/z8/1z8l
4phenix_1z8l.rst7
1z8l.rst7
4amber_1z8l.prmtop
cp 4amber_1z8l.prmtop /net/chevy/raid1/nigel/amber/hi_lo/z8/1z8l
4phenix_1z8l.prmtop
1z8l.prmtop
4amber_1z8l_refine_001.log
4phenix_1z8l_refine_001.log
1z8l_refine_001.log
4amber_1z8l_refine_002.log
4phenix_1z8l_refine_002.log
1z8l_refine_002.log
4amber_1z8l_refine_001.pdb
4phenix_1z8l_refine_001.pdb
1z8l_refine_001.pdb
4amber_1z8l_refine_002.pdb
4phenix_1z8l_refine_002.pdb
1z8l_refine_002.pdb
local_archive /net/chevy/raid1/nigel/amber/hi_lo
archive PDB /net/chevy/raid1/nigel/amber/hi_lo/z8/1z8l/1z8l.pdb
/net/rebus/raid1/scratch1/nigel/amber/hi_lo/z8/1z8l
------------------------------
phenix.refine log filename ? > /net/chevy/raid1/nigel/amber/hi_lo/z8/1z8l/1z8l_refine_001.log
------------------------------

	Already done (on chevy) 1z8l_refine_001
------------------------------
phenix.refine log filename ? > /net/chevy/raid1/nigel/amber/hi_lo/z8/1z8l/1z8l_refine_002.log
------------------------------

	Already done (on chevy) 1z8l_refine_002
