HOST rebus.lbl.gov
only_i 126
only_code None
force_amber_prep True
dry_run False
1 1z3z,A,2.900,1zod,A,1.800
2 1psi,A,2.920,3ndd,A,1.500
3 3bpo,A,3.000,3l5w,I,2.000
4 1e6j,P,3.000,3mge,A,1.900
5 1r46,A,3.250,3hg3,A,1.900
6 2j0g,A,2.850,2j1g,A,1.950
7 1nsk,L,2.800,3bbb,A,1.300
8 1t04,B,3.000,1t3f,B,2.000
9 1kiu,B,3.000,1ze3,H,1.840
10 1kv3,A,2.800,2q3z,A,2.000
11 1wqs,A,2.800,2iph,A,1.750
12 3gwp,A,2.900,3i16,A,2.000
13 1c0n,A,2.800,1kmj,A,2.000
14 2r8j,A,3.100,3oha,A,2.000
15 1z5s,C,3.010,2grn,B,1.800
16 3icq,B,3.200,3m1i,A,2.000
17 1nb3,I,2.800,3kfq,C,1.990
18 1otc,A,2.800,2i0q,A,1.910
19 1ue8,A,3.000,3b4x,A,1.940
20 1a4o,A,2.800,2o02,A,1.500
21 1t6i,A,2.810,3g4z,A,1.870
22 1de9,A,3.000,2o3h,A,1.900
23 2j6e,L,3.000,3n9g,L,1.434
24 3hrk,A,3.050,3lc0,A,1.800
25 2ecp,A,2.950,2asv,A,1.950
26 1z8l,A,3.500,2xeg,A,1.590
27 1ere,A,3.100,2r6w,A,2.000
28 1xni,A,2.800,3lh0,A,1.900
29 2pl0,A,2.800,3mpm,A,1.950
30 1pxt,A,2.800,1afw,A,1.800
31 1bmf,A,2.850,2jdi,A,1.900
32 2g3k,A,3.050,2j9u,A,2.000
33 3m9b,A,3.940,3m9h,A,2.000
34 2i0v,A,2.800,3dpk,A,1.950
35 1kiu,A,3.000,3bwu,C,1.760
36 1nys,A,3.050,2h62,D,1.850
37 1rgq,C,2.900,2o8m,C,2.000
38 1fg5,N,2.800,2vs4,A,1.770
39 1sj5,A,2.800,1vjl,A,1.900
40 2f7k,A,2.800,2yxt,A,2.000
41 1yrp,A,3.100,3bqr,A,1.750
42 3a7a,B,3.100,3ab9,A,1.650
43 2vhg,A,2.900,2vjv,A,1.900
44 1blf,A,2.800,3kj7,A,1.910
45 1pma,1,3.400,1yar,H,1.900
46 2bp2,A,3.000,2zp3,A,1.900
47 2oqj,A,2.800,3oaz,K,1.750
48 1fvv,B,2.800,3ddq,B,1.800
49 1qlr,A,2.830,3eo0,A,1.750
50 2fhg,2,3.230,2jay,A,1.990
51 1io4,A,3.000,2e42,A,1.800
52 2i22,A,2.800,2i2w,A,1.950
53 1bot,O,3.050,3ezw,A,2.000
54 1fnt,c,3.200,1yar,O,1.900
55 1htn,A,2.800,1tn3,A,2.000
56 1x75,C,2.800,3hpw,A,1.452
57 1b7b,A,2.800,2we5,A,1.390
58 2not,A,3.000,1ae7,A,2.000
59 1kfl,A,2.800,1n8f,A,1.750
60 2jla,A,2.810,3hww,A,1.950
61 2bct,A,2.900,1i7w,A,2.000
62 2pcb,B,2.800,2b4z,A,1.500
63 1h0y,A,2.800,2bky,A,1.700
... 126 2bky
/net/chevy/raid1/nigel/amber/hi_lo
/net/chevy/raid1/nigel/amber/hi_lo/bk/2bky
2bky.pdb 4phenix_2bky.pdb
2bky.pdb 4phenix_2bky.pdb
local_archive None
archive PDB None
Reading from local mirror:
  /net/cci/pdb_mirror/pdb/bk/pdb2bky.ent.gz
Model saved to /net/rebus/raid1/scratch1/nigel/amber/hi_lo/bk/2bky/2bky.pdb
Sequence saved to /net/rebus/raid1/scratch1/nigel/amber/hi_lo/bk/2bky/2bky.fa
Reading from local mirror:
  /net/cci/pdb_mirror/structure_factors/bk/r2bkysf.ent.gz
Structure factors saved to /net/rebus/raid1/scratch1/nigel/amber/hi_lo/bk/2bky/2bky-sf.cif
Reading from local mirror:
  /net/cci/pdb_mirror/mmcif/bk/2bky.cif.gz
Model saved to /net/rebus/raid1/scratch1/nigel/amber/hi_lo/bk/2bky/2bky.cif
Can't determine output label for r2bkysf,_refln.crystal_id - skipping.
Can't determine output label for r2bkysf,_refln.scale_group_code - skipping.
Can't determine output label for r2bkysf,_refln.wavelength_id - skipping.
Converted structure factors saved to 2bky.mtz
local_archive None
archive PDB None
Reading from local mirror:
  /net/cci/pdb_mirror/pdb/bk/pdb2bky.ent.gz
Model saved to /net/rebus/raid1/scratch1/nigel/amber/hi_lo/bk/2bky/2bky.pdb
Sequence saved to /net/rebus/raid1/scratch1/nigel/amber/hi_lo/bk/2bky/2bky.fa
Reading from local mirror:
  /net/cci/pdb_mirror/structure_factors/bk/r2bkysf.ent.gz
Structure factors saved to /net/rebus/raid1/scratch1/nigel/amber/hi_lo/bk/2bky/2bky-sf.cif
Reading from local mirror:
  /net/cci/pdb_mirror/mmcif/bk/2bky.cif.gz
Model saved to /net/rebus/raid1/scratch1/nigel/amber/hi_lo/bk/2bky/2bky.cif
Can't determine output label for r2bkysf,_refln.crystal_id - skipping.
Can't determine output label for r2bkysf,_refln.scale_group_code - skipping.
Can't determine output label for r2bkysf,_refln.wavelength_id - skipping.
Converted structure factors saved to 2bky.mtz

==================================================
Summary of pdb4amber for: 2bky.pdb
===================================================

----------Chains
The following (original) chains have been found:
A
B
X
Y

---------- Alternate Locations (Original Residues!))

The following residues had alternate locations:
ARG_36
ALA_37
ILE_57
GLU_58
SER_71
GLN_72
ARG_78
VAL_79
LYS_89
SER_116
GLU_117
LYS_121
ALA_122
ASP_144
LYS_145
LYS_178
LYS_179
LEU_180
ASP_207
GLU_208
VAL_209
ILE_210
SER_227
LEU_228
ASP_230
ARG_231
ARG_252
ILE_253
SER_254
ARG_272
LYS_273
ASP_293
GLU_294
ARG_337
ARG_338
ARG_348
VAL_349

---------- Gaps (Renumbered Residues!)
gap of 2.480394 A between ARG 36 and ARG 36
gap of 2.422516 A between ILE 57 and ILE 57
gap of 2.421266 A between SER 71 and SER 71
gap of 2.404413 A between ARG 78 and ARG 78
gap of 2.477884 A between SER 116 and SER 116
gap of 2.444771 A between LYS 121 and LYS 121
gap of 2.503970 A between ASP 144 and ASP 144
gap of 2.475652 A between LYS 179 and LYS 179
gap of 2.496699 A between ASP 207 and ASP 207
gap of 2.375232 A between VAL 209 and VAL 209
gap of 2.435191 A between SER 227 and SER 227
gap of 2.526833 A between ASP 230 and ASP 230
gap of 2.524121 A between ARG 252 and ARG 252
gap of 2.529716 A between ILE 253 and ILE 253
gap of 2.642252 A between ARG 272 and ARG 272
gap of 2.467543 A between ASP 293 and ASP 293
gap of 2.426236 A between ARG 337 and ARG 337
gap of 2.441231 A between ARG 348 and ARG 348

---------- Mising heavy atom(s)

None
The alternate coordinates have been discarded.
Only the first occurrence for each atom was kept.

==================================================
Summary of pdb4amber for: 2bky_4tleap_uc1.pdb
===================================================

----------Chains
The following (original) chains have been found:
A
B
X
Y

---------- Alternate Locations (Original Residues!))

The following residues had alternate locations:
None

---------- Mising heavy atom(s)

None
not prmtop_filename /net/rebus/scratch1/nigel/amber/hi_lo/bk/2bky/4amber_2bky.prmtop

	Running AmberPrep : 2bky.pdb


==================================================
Running pdb4amber on 2bky.pdb
==================================================

==================================================
Setting up library files for non-standard residues
==================================================

  Residue "MPD" already in amber monomer library. Skipping elbow/antechamber
    run for this residue.
        

==================================================
Preparing asu files and 4phenix_2bky.pdb
==================================================

~> tleap -f 2bky_asu_tleap_input_run

Checking output filenames
  file : 2bky_asu.prmtop
  file : 2bky_asu.rst7

~> ChBox -c 2bky_asu.rst7 -o 2bky_asu.rst7 -X 102.788 -Y 102.788 -Z 66.566 -al 90.0 -bt 90.0 -gm 120.0 


============================================================
Preparing unit cell files: 4amber_2bky.prmtop and 4amber_2bky.rst7
============================================================

~> UnitCell -p 2bky_4UnitCell.pdb -o 2bky_4tleap_uc1.pdb


~> tleap -f 2bky_uc_tleap_input_run

Checking output filenames
  file : 2bky_uc.prmtop
  file : 2bky_uc.rst7

~> ChBox -c 2bky_uc.rst7 -o 2bky_uc.rst7 -X 102.788 -Y 102.788 -Z 66.566 -al 90.0 -bt 90.0 -gm 120.0 


==================================================
Minimizing input coordinates.
==================================================

~> sander -O -i 2bky_amber_all.in -p 4amber_2bky.prmtop -c 4amber_2bky.rst7 -o 2bky.min.out            -ref 4amber_2bky.rst7 -r 4amber_2bky.min.rst7

checking special positions in 4phenix_2bky.pdb

==================================================
Done.  Three new files have been made:
      4phenix_2bky.pdb
      4amber_2bky.prmtop
      4amber_2bky.rst7
==================================================

Example

  phenix.refine 4phenix_2bky.pdb use_amber=True \
    amber.topology_file_name=4amber_2bky.prmtop \
    amber.coordinate_file_name=4amber_2bky.rst7 \
    ....(other refinement keywords here).....



Substituting Amber PDB file for downloaded file
run_tests_local.py:220: UserWarning: os.system() is not safe: please use the subprocess module or libtbx.easy_run instead.
  os.system(cmd)

  Amber files
    PDB    : 2bky.pdb
    MTZ    : 2bky.mtz
    prmtop : 4amber_2bky.prmtop
    rst7   : 4amber_2bky.rst7
  
/net/rebus/raid1/scratch1/nigel/amber/hi_lo/bk/2bky
return_files 2bky
/net/chevy/raid1/nigel/amber/hi_lo
4amber_2bky.pdb
4phenix_2bky.pdb
cp 4phenix_2bky.pdb /net/chevy/raid1/nigel/amber/hi_lo/bk/2bky
2bky.pdb
cp 2bky.pdb /net/chevy/raid1/nigel/amber/hi_lo/bk/2bky
4amber_2bky.mtz
4phenix_2bky.mtz
2bky.mtz
cp 2bky.mtz /net/chevy/raid1/nigel/amber/hi_lo/bk/2bky
4amber_2bky.rst7
cp 4amber_2bky.rst7 /net/chevy/raid1/nigel/amber/hi_lo/bk/2bky
4phenix_2bky.rst7
2bky.rst7
4amber_2bky.prmtop
cp 4amber_2bky.prmtop /net/chevy/raid1/nigel/amber/hi_lo/bk/2bky
4phenix_2bky.prmtop
2bky.prmtop
4amber_2bky_refine_001.log
4phenix_2bky_refine_001.log
2bky_refine_001.log
4amber_2bky_refine_002.log
4phenix_2bky_refine_002.log
2bky_refine_002.log
4amber_2bky_refine_001.pdb
4phenix_2bky_refine_001.pdb
2bky_refine_001.pdb
4amber_2bky_refine_002.pdb
4phenix_2bky_refine_002.pdb
2bky_refine_002.pdb
local_archive /net/chevy/raid1/nigel/amber/hi_lo
archive PDB /net/chevy/raid1/nigel/amber/hi_lo/bk/2bky/2bky.pdb
/net/rebus/raid1/scratch1/nigel/amber/hi_lo/bk/2bky
------------------------------
phenix.refine log filename ? > /net/chevy/raid1/nigel/amber/hi_lo/bk/2bky/2bky_refine_001.log
------------------------------
------------------------------
phenix.refine log filename ? > 2bky_refine_001.log
------------------------------
Running phenix.refine

phenix.refine 2bky.pdb 2bky.mtz c_beta_restraints=False discard_psi_phi=False strategy="*individual_sites individual_sites_real_space rigid_body *individual_adp group_adp tls *occupancies group_anomalous" refinement.target_weights.optimize_xyz_weight=True refinement.main.number_of_macro_cycles=10 write_geo=False serial=1 cdl=True

------------------------------
phenix.refine log filename ? > /net/chevy/raid1/nigel/amber/hi_lo/bk/2bky/2bky_refine_002.log
------------------------------
------------------------------
phenix.refine log filename ? > 2bky_refine_002.log
------------------------------
Running phenix.refine

phenix.refine 2bky.pdb 2bky.mtz c_beta_restraints=False discard_psi_phi=False strategy="*individual_sites individual_sites_real_space rigid_body *individual_adp group_adp tls *occupancies group_anomalous" topology_file_name=/net/chevy/raid1/nigel/amber/hi_lo/bk/2bky/4amber_2bky.prmtop amber.coordinate_file_name=/net/chevy/raid1/nigel/amber/hi_lo/bk/2bky/4amber_2bky.rst7 use_amber=True refinement.target_weights.optimize_xyz_weight=True refinement.main.number_of_macro_cycles=10 write_geo=False amber.wxc_factor=0.300000 serial=2

