HOST morse.lbl.gov
only_i 236
only_code None
force_amber_prep True
dry_run False
... 236 2w8c
/net/chevy/raid1/nigel/amber/hi_lo
/net/chevy/raid1/nigel/amber/hi_lo/w8/2w8c
2w8c.pdb 4phenix_2w8c.pdb
local_archive None
archive PDB None
Reading from local mirror:
  /net/cci/pdb_mirror/pdb/w8/pdb2w8c.ent.gz
Model saved to /net/morse/raid1/scratch1/nigel/amber/hi_lo/w8/2w8c/2w8c.pdb
Sequence saved to /net/morse/raid1/scratch1/nigel/amber/hi_lo/w8/2w8c/2w8c.fa
Reading from local mirror:
  /net/cci/pdb_mirror/structure_factors/w8/r2w8csf.ent.gz
Structure factors saved to /net/morse/raid1/scratch1/nigel/amber/hi_lo/w8/2w8c/2w8c-sf.cif
Reading from local mirror:
  /net/cci/pdb_mirror/mmcif/w8/2w8c.cif.gz
Model saved to /net/morse/raid1/scratch1/nigel/amber/hi_lo/w8/2w8c/2w8c.cif
Can't determine output label for r2w8csf,_refln.crystal_id - skipping.
Can't determine output label for r2w8csf,_refln.scale_group_code - skipping.
R-free-flags: fraction_free=0.052
R-free-flags: missing 133 reflections
Can't determine output label for r2w8csf,_refln.wavelength_id - skipping.
Converted structure factors saved to 2w8c.mtz
local_archive None
archive PDB None
Reading from local mirror:
  /net/cci/pdb_mirror/pdb/w8/pdb2w8c.ent.gz
Model saved to /net/morse/raid1/scratch1/nigel/amber/hi_lo/w8/2w8c/2w8c.pdb
Sequence saved to /net/morse/raid1/scratch1/nigel/amber/hi_lo/w8/2w8c/2w8c.fa
Reading from local mirror:
  /net/cci/pdb_mirror/structure_factors/w8/r2w8csf.ent.gz
Structure factors saved to /net/morse/raid1/scratch1/nigel/amber/hi_lo/w8/2w8c/2w8c-sf.cif
Reading from local mirror:
  /net/cci/pdb_mirror/mmcif/w8/2w8c.cif.gz
Model saved to /net/morse/raid1/scratch1/nigel/amber/hi_lo/w8/2w8c/2w8c.cif
Can't determine output label for r2w8csf,_refln.crystal_id - skipping.
Can't determine output label for r2w8csf,_refln.scale_group_code - skipping.
R-free-flags: fraction_free=0.052
R-free-flags: missing 133 reflections
Can't determine output label for r2w8csf,_refln.wavelength_id - skipping.
Converted structure factors saved to 2w8c.mtz

==================================================
Summary of pdb4amber for: 2w8c.pdb
===================================================

----------Chains
The following (original) chains have been found:
A
B

---------- Alternate Locations (Original Residues!))

The following residues had alternate locations:
VAL_33
MET_66
SER_79
ARG_94
MET_172
ARG_200
not prmtop_filename /net/morse/scratch1/nigel/amber/hi_lo/w8/2w8c/4amber_2w8c.prmtop
not prmtop_filename /net/chevy/raid1/nigel/amber/hi_lo/w8/2w8c/4amber_2w8c.prmtop

	Running AmberPrep : 2w8c.pdb


==================================================
Running pdb4amber on 2w8c.pdb
==================================================
Traceback (most recent call last):
  File "run_tests_local.py", line 323, in <module>
    run(*tuple(args))
  File "run_tests_local.py", line 307, in run
    w2 = run_all_tests(code, force_amber_prep=force_amber_prep)
  File "run_tests_local.py", line 93, in run_all_tests
    "clean=on",
  File "/net/cci-filer2/raid1/xp/phenix/phenix-svn/modules/amber_adaptbx/command_line/AmberPrepClass.py", line 951, in run
    arg_conect=False,
  File "/net/cci-filer2/raid1/xp/phenix/phenix-svn/modules/amber/lib/python2.7/site-packages/pdb4amber/pdb4amber.py", line 522, in run
    gaplist = pdbfixer.find_gaps()
  File "/net/cci-filer2/raid1/xp/phenix/phenix-svn/modules/amber/lib/python2.7/site-packages/pdb4amber/pdb4amber.py", line 213, in find_gaps
    N_atom = parm.atoms[N_atoms[i + 1]]
IndexError: list index out of range
