HOST rebus.lbl.gov
only_i 191
only_code None
force_amber_prep True
dry_run False
... 191 1p7q
/net/chevy/raid1/nigel/amber/hi_lo
/net/chevy/raid1/nigel/amber/hi_lo/p7/1p7q
1p7q.pdb 4phenix_1p7q.pdb
1p7q.pdb 4phenix_1p7q.pdb
local_archive None
archive PDB None
Reading from local mirror:
  /net/cci/pdb_mirror/pdb/p7/pdb1p7q.ent.gz
Model saved to /net/rebus/raid1/scratch1/nigel/amber/hi_lo/p7/1p7q/1p7q.pdb
Sequence saved to /net/rebus/raid1/scratch1/nigel/amber/hi_lo/p7/1p7q/1p7q.fa
Reading from local mirror:
  /net/cci/pdb_mirror/structure_factors/p7/r1p7qsf.ent.gz
Structure factors saved to /net/rebus/raid1/scratch1/nigel/amber/hi_lo/p7/1p7q/1p7q-sf.cif
Reading from local mirror:
  /net/cci/pdb_mirror/mmcif/p7/1p7q.cif.gz
Model saved to /net/rebus/raid1/scratch1/nigel/amber/hi_lo/p7/1p7q/1p7q.cif
Can't determine output label for r1p7qsf,_refln.crystal_id - skipping.
Can't determine output label for r1p7qsf,_refln.scale_group_code - skipping.
R-free-flags: fraction_free=0.052
R-free-flags: missing 1907 reflections
Can't determine output label for r1p7qsf,_refln.wavelength_id - skipping.
Converted structure factors saved to 1p7q.mtz
local_archive None
archive PDB None
Reading from local mirror:
  /net/cci/pdb_mirror/pdb/p7/pdb1p7q.ent.gz
Model saved to /net/rebus/raid1/scratch1/nigel/amber/hi_lo/p7/1p7q/1p7q.pdb
Sequence saved to /net/rebus/raid1/scratch1/nigel/amber/hi_lo/p7/1p7q/1p7q.fa
Reading from local mirror:
  /net/cci/pdb_mirror/structure_factors/p7/r1p7qsf.ent.gz
Structure factors saved to /net/rebus/raid1/scratch1/nigel/amber/hi_lo/p7/1p7q/1p7q-sf.cif
Reading from local mirror:
  /net/cci/pdb_mirror/mmcif/p7/1p7q.cif.gz
Model saved to /net/rebus/raid1/scratch1/nigel/amber/hi_lo/p7/1p7q/1p7q.cif
Can't determine output label for r1p7qsf,_refln.crystal_id - skipping.
Can't determine output label for r1p7qsf,_refln.scale_group_code - skipping.
R-free-flags: fraction_free=0.052
R-free-flags: missing 1907 reflections
Can't determine output label for r1p7qsf,_refln.wavelength_id - skipping.
Converted structure factors saved to 1p7q.mtz
not prmtop_filename /net/rebus/scratch1/nigel/amber/hi_lo/p7/1p7q/4amber_1p7q.prmtop

	Running AmberPrep : 1p7q.pdb


==================================================
Running pdb4amber on 1p7q.pdb
==================================================

==================================================
Setting up library files for non-standard residues
==================================================

==================================================
Preparing asu files and 4phenix_1p7q.pdb
==================================================

~> tleap -f 1p7q_asu_tleap_input_run

Checking output filenames
  file : 1p7q_asu.prmtop
  file : 1p7q_asu.rst7

~> ChBox -c 1p7q_asu.rst7 -o 1p7q_asu.rst7 -X 113.74 -Y 113.74 -Z 89.46 -al 90.0 -bt 90.0 -gm 120.0 


============================================================
Preparing unit cell files: 4amber_1p7q.prmtop and 4amber_1p7q.rst7
============================================================

~> UnitCell -p 1p7q_4UnitCell.pdb -o 1p7q_4tleap_uc1.pdb


~> tleap -f 1p7q_uc_tleap_input_run

Checking output filenames
  file : 1p7q_uc.prmtop
  file : 1p7q_uc.rst7

~> ChBox -c 1p7q_uc.rst7 -o 1p7q_uc.rst7 -X 113.74 -Y 113.74 -Z 89.46 -al 90.0 -bt 90.0 -gm 120.0 


==================================================
Minimizing input coordinates.
==================================================

~> sander -O -i 1p7q_amber_all.in -p 4amber_1p7q.prmtop -c 4amber_1p7q.rst7 -o 1p7q.min.out            -ref 4amber_1p7q.rst7 -r 4amber_1p7q.min.rst7

checking special positions in 4phenix_1p7q.pdb

==================================================
Done.  Three new files have been made:
      4phenix_1p7q.pdb
      4amber_1p7q.prmtop
      4amber_1p7q.rst7
==================================================

Example

  phenix.refine 4phenix_1p7q.pdb use_amber=True \
    amber.topology_file_name=4amber_1p7q.prmtop \
    amber.coordinate_file_name=4amber_1p7q.rst7 \
    ....(other refinement keywords here).....



Substituting Amber PDB file for downloaded file

  Amber files
    PDB    : 1p7q.pdb
    MTZ    : 1p7q.mtz
    prmtop : 4amber_1p7q.prmtop
    rst7   : 4amber_1p7q.rst7
  
/net/rebus/raid1/scratch1/nigel/amber/hi_lo/p7/1p7q
return_files 1p7q
/net/chevy/raid1/nigel/amber/hi_lo
4amber_1p7q.pdb
4phenix_1p7q.pdb
cp 4phenix_1p7q.pdb /net/chevy/raid1/nigel/amber/hi_lo/p7/1p7q
1p7q.pdb
cp 1p7q.pdb /net/chevy/raid1/nigel/amber/hi_lo/p7/1p7q
4amber_1p7q.mtz
4phenix_1p7q.mtz
1p7q.mtz
cp 1p7q.mtz /net/chevy/raid1/nigel/amber/hi_lo/p7/1p7q
4amber_1p7q.rst7
cp 4amber_1p7q.rst7 /net/chevy/raid1/nigel/amber/hi_lo/p7/1p7q
4phenix_1p7q.rst7
1p7q.rst7
4amber_1p7q.prmtop
cp 4amber_1p7q.prmtop /net/chevy/raid1/nigel/amber/hi_lo/p7/1p7q
4phenix_1p7q.prmtop
1p7q.prmtop
4amber_1p7q_refine_001.log
4phenix_1p7q_refine_001.log
1p7q_refine_001.log
4amber_1p7q_refine_002.log
4phenix_1p7q_refine_002.log
1p7q_refine_002.log
4amber_1p7q_refine_001.pdb
4phenix_1p7q_refine_001.pdb
1p7q_refine_001.pdb
4amber_1p7q_refine_002.pdb
4phenix_1p7q_refine_002.pdb
1p7q_refine_002.pdb
local_archive /net/chevy/raid1/nigel/amber/hi_lo
archive PDB /net/chevy/raid1/nigel/amber/hi_lo/p7/1p7q/1p7q.pdb
/net/rebus/raid1/scratch1/nigel/amber/hi_lo/p7/1p7q
------------------------------
phenix.refine log filename ? > /net/chevy/raid1/nigel/amber/hi_lo/p7/1p7q/1p7q_refine_001.log
------------------------------

	Already done (on chevy) 1p7q_refine_001
------------------------------
phenix.refine log filename ? > /net/chevy/raid1/nigel/amber/hi_lo/p7/1p7q/1p7q_refine_002.log
------------------------------

	Already done (on chevy) 1p7q_refine_002
