HOST morse.lbl.gov
only_i 102
only_code None
force_amber_prep True
dry_run False
... 102 2e42
/net/chevy/raid1/nigel/amber/hi_lo
/net/chevy/raid1/nigel/amber/hi_lo/e4/2e42
2e42.pdb 4phenix_2e42.pdb
local_archive None
archive PDB None
Reading from local mirror:
  /net/cci/pdb_mirror/pdb/e4/pdb2e42.ent.gz
Model saved to /net/morse/raid1/scratch1/nigel/amber/hi_lo/e4/2e42/2e42.pdb
Sequence saved to /net/morse/raid1/scratch1/nigel/amber/hi_lo/e4/2e42/2e42.fa
Reading from local mirror:
  /net/cci/pdb_mirror/structure_factors/e4/r2e42sf.ent.gz
Structure factors saved to /net/morse/raid1/scratch1/nigel/amber/hi_lo/e4/2e42/2e42-sf.cif
Reading from local mirror:
  /net/cci/pdb_mirror/mmcif/e4/2e42.cif.gz
Model saved to /net/morse/raid1/scratch1/nigel/amber/hi_lo/e4/2e42/2e42.cif
Can't determine output label for r2e42sf,_refln.crystal_id - skipping.
Can't determine output label for r2e42sf,_refln.scale_group_code - skipping.
Can't determine output label for r2e42sf,_refln.wavelength_id - skipping.
Converted structure factors saved to 2e42.mtz
local_archive None
archive PDB None
Reading from local mirror:
  /net/cci/pdb_mirror/pdb/e4/pdb2e42.ent.gz
Model saved to /net/morse/raid1/scratch1/nigel/amber/hi_lo/e4/2e42/2e42.pdb
Sequence saved to /net/morse/raid1/scratch1/nigel/amber/hi_lo/e4/2e42/2e42.fa
Reading from local mirror:
  /net/cci/pdb_mirror/structure_factors/e4/r2e42sf.ent.gz
Structure factors saved to /net/morse/raid1/scratch1/nigel/amber/hi_lo/e4/2e42/2e42-sf.cif
Reading from local mirror:
  /net/cci/pdb_mirror/mmcif/e4/2e42.cif.gz
Model saved to /net/morse/raid1/scratch1/nigel/amber/hi_lo/e4/2e42/2e42.cif
Can't determine output label for r2e42sf,_refln.crystal_id - skipping.
Can't determine output label for r2e42sf,_refln.scale_group_code - skipping.
Can't determine output label for r2e42sf,_refln.wavelength_id - skipping.
Converted structure factors saved to 2e42.mtz

==================================================
Summary of pdb4amber for: 2e42.pdb
===================================================
REDUCE returned non-zero exit status: See reduce_info.log for more details

----------Chains
The following (original) chains have been found:
A
B
C
D

---------- Alternate Locations (Original Residues!))

The following residues had alternate locations:
None

---------- Mising heavy atom(s)

None
not prmtop_filename /net/morse/scratch1/nigel/amber/hi_lo/e4/2e42/4amber_2e42.prmtop
not prmtop_filename /net/chevy/raid1/nigel/amber/hi_lo/e4/2e42/4amber_2e42.prmtop

	Running AmberPrep : 2e42.pdb


==================================================
Running pdb4amber on 2e42.pdb
==================================================

==================================================
Setting up library files for non-standard residues
==================================================

==================================================
Preparing asu files and 4phenix_2e42.pdb
==================================================

~> tleap -f 2e42_asu_tleap_input_run

Checking output filenames
  file : 2e42_asu.prmtop
Sorry:   Output file is empty : 2e42_asu.prmtop
  Check contents of "leap.log"
