HOST lewis.lbl.gov
only_i 107
only_code None
force_amber_prep True
dry_run False
1 1z3z,A,2.900,1zod,A,1.800
2 1psi,A,2.920,3ndd,A,1.500
3 3bpo,A,3.000,3l5w,I,2.000
4 1e6j,P,3.000,3mge,A,1.900
5 1r46,A,3.250,3hg3,A,1.900
6 2j0g,A,2.850,2j1g,A,1.950
7 1nsk,L,2.800,3bbb,A,1.300
8 1t04,B,3.000,1t3f,B,2.000
9 1kiu,B,3.000,1ze3,H,1.840
10 1kv3,A,2.800,2q3z,A,2.000
11 1wqs,A,2.800,2iph,A,1.750
12 3gwp,A,2.900,3i16,A,2.000
13 1c0n,A,2.800,1kmj,A,2.000
14 2r8j,A,3.100,3oha,A,2.000
15 1z5s,C,3.010,2grn,B,1.800
16 3icq,B,3.200,3m1i,A,2.000
17 1nb3,I,2.800,3kfq,C,1.990
18 1otc,A,2.800,2i0q,A,1.910
19 1ue8,A,3.000,3b4x,A,1.940
20 1a4o,A,2.800,2o02,A,1.500
21 1t6i,A,2.810,3g4z,A,1.870
22 1de9,A,3.000,2o3h,A,1.900
23 2j6e,L,3.000,3n9g,L,1.434
24 3hrk,A,3.050,3lc0,A,1.800
25 2ecp,A,2.950,2asv,A,1.950
26 1z8l,A,3.500,2xeg,A,1.590
27 1ere,A,3.100,2r6w,A,2.000
28 1xni,A,2.800,3lh0,A,1.900
29 2pl0,A,2.800,3mpm,A,1.950
30 1pxt,A,2.800,1afw,A,1.800
31 1bmf,A,2.850,2jdi,A,1.900
32 2g3k,A,3.050,2j9u,A,2.000
33 3m9b,A,3.940,3m9h,A,2.000
34 2i0v,A,2.800,3dpk,A,1.950
35 1kiu,A,3.000,3bwu,C,1.760
36 1nys,A,3.050,2h62,D,1.850
37 1rgq,C,2.900,2o8m,C,2.000
38 1fg5,N,2.800,2vs4,A,1.770
39 1sj5,A,2.800,1vjl,A,1.900
40 2f7k,A,2.800,2yxt,A,2.000
41 1yrp,A,3.100,3bqr,A,1.750
42 3a7a,B,3.100,3ab9,A,1.650
43 2vhg,A,2.900,2vjv,A,1.900
44 1blf,A,2.800,3kj7,A,1.910
45 1pma,1,3.400,1yar,H,1.900
46 2bp2,A,3.000,2zp3,A,1.900
47 2oqj,A,2.800,3oaz,K,1.750
48 1fvv,B,2.800,3ddq,B,1.800
49 1qlr,A,2.830,3eo0,A,1.750
50 2fhg,2,3.230,2jay,A,1.990
51 1io4,A,3.000,2e42,A,1.800
52 2i22,A,2.800,2i2w,A,1.950
53 1bot,O,3.050,3ezw,A,2.000
54 1fnt,c,3.200,1yar,O,1.900
... 107 1fnt
/net/chevy/raid1/nigel/amber/hi_lo
/net/chevy/raid1/nigel/amber/hi_lo/fn/1fnt
1fnt.pdb 4phenix_1fnt.pdb
local_archive None
archive PDB None
Reading from local mirror:
  /net/cci/pdb_mirror/pdb/fn/pdb1fnt.ent.gz
Model saved to /net/lewis/raid1/scratch1/nigel/amber/hi_lo/fn/1fnt/1fnt.pdb
Traceback (most recent call last):
  File "/net/cci-filer2/raid1/xp/phenix/phenix-svn/build/../modules/cctbx_project/mmtbx/command_line/fetch_pdb.py", line 199, in <module>
    run2(sys.argv[1:])
  File "/net/cci-filer2/raid1/xp/phenix/phenix-svn/build/../modules/cctbx_project/mmtbx/command_line/fetch_pdb.py", line 155, in run2
    files.append(get_pdb(id, data_type_, mirror, log, format=data_format))
  File "/net/cci-filer2/raid1/xp/phenix/phenix-svn/modules/cctbx_project/iotbx/pdb/fetch.py", line 213, in get_pdb
    data = fetch(id, data_type, mirror=mirror, format=format, log=log)
  File "/net/cci-filer2/raid1/xp/phenix/phenix-svn/modules/cctbx_project/iotbx/pdb/fetch.py", line 150, in fetch
    data = libtbx.utils.urlopen(url)
  File "/net/cci-filer2/raid1/xp/phenix/phenix-svn/modules/cctbx_project/libtbx/utils.py", line 2069, in urlopen
    return urllib2.urlopen(*args, **kwds)
  File "/net/cci-filer2/raid1/xp/phenix/phenix-svn/base/lib/python2.7/urllib2.py", line 127, in urlopen
    return _opener.open(url, data, timeout)
  File "/net/cci-filer2/raid1/xp/phenix/phenix-svn/base/lib/python2.7/urllib2.py", line 404, in open
    response = self._open(req, data)
  File "/net/cci-filer2/raid1/xp/phenix/phenix-svn/base/lib/python2.7/urllib2.py", line 422, in _open
    '_open', req)
  File "/net/cci-filer2/raid1/xp/phenix/phenix-svn/base/lib/python2.7/urllib2.py", line 382, in _call_chain
    result = func(*args)
  File "/net/cci-filer2/raid1/xp/phenix/phenix-svn/base/lib/python2.7/urllib2.py", line 1214, in http_open
    return self.do_open(httplib.HTTPConnection, req)
  File "/net/cci-filer2/raid1/xp/phenix/phenix-svn/base/lib/python2.7/urllib2.py", line 1184, in do_open
    raise URLError(err)
urllib2.URLError: <urlopen error [Errno 110] Connection timed out>

==================================================
Summary of pdb4amber for: 1fnt.pdb
===================================================
REDUCE returned non-zero exit status: See reduce_info.log for more details

----------Chains
The following (original) chains have been found:
A
B
C
D
E
F
G
H
I
J
K
L
M
N
O
P
Q
R
S
T
U
V
W
X
Y
Z
a
b
c
d
e
f
g
h
i
j
k
l
m
n
o
p

---------- Alternate Locations (Original Residues!))

The following residues had alternate locations:
None

---------- Gaps (Renumbered Residues!)
gap of 5.287133 A between GLU 6480 and SER 6481
gap of 5.112622 A between GLU 6678 and SER 6679
gap of 5.249523 A between GLU 6876 and SER 6877
gap of 5.037072 A between GLU 7074 and SER 7075
gap of 5.291800 A between GLU 7272 and SER 7273
gap of 5.175888 A between GLU 7470 and SER 7471
gap of 5.173759 A between GLU 7668 and SER 7669
gap of 5.061228 A between GLU 7866 and SER 7867
gap of 5.128412 A between GLU 8064 and SER 8065
gap of 5.149573 A between GLU 8262 and SER 8263
gap of 5.166829 A between GLU 8460 and SER 8461
gap of 5.061142 A between GLU 8658 and SER 8659
gap of 5.397006 A between GLU 8856 and SER 8857
gap of 5.349106 A between GLU 9054 and SER 9055

---------- Mising heavy atom(s)

ARG_239 misses 6 heavy atom(s)
TYR_240 misses 7 heavy atom(s)
SER_241 misses 1 heavy atom(s)
PHE_242 misses 6 heavy atom(s)
SER_243 misses 1 heavy atom(s)
LEU_244 misses 3 heavy atom(s)
ARG_486 misses 6 heavy atom(s)
TYR_487 misses 7 heavy atom(s)
ASP_488 misses 3 heavy atom(s)
ASP_727 misses 3 heavy atom(s)
ARG_728 misses 6 heavy atom(s)
LEU_730 misses 3 heavy atom(s)
GLU_966 misses 4 heavy atom(s)
TYR_967 misses 7 heavy atom(s)
THR_1683 misses 2 heavy atom(s)
ARG_3408 misses 6 heavy atom(s)
TYR_3409 misses 7 heavy atom(s)
SER_3410 misses 1 heavy atom(s)
PHE_3411 misses 6 heavy atom(s)
SER_3412 misses 1 heavy atom(s)
LEU_3413 misses 3 heavy atom(s)
ARG_3655 misses 6 heavy atom(s)
TYR_3656 misses 7 heavy atom(s)
ASP_3657 misses 3 heavy atom(s)
ASP_3896 misses 3 heavy atom(s)
ARG_3897 misses 6 heavy atom(s)
LEU_3899 misses 3 heavy atom(s)
GLU_4135 misses 4 heavy atom(s)
TYR_4136 misses 7 heavy atom(s)
THR_4852 misses 2 heavy atom(s)

==================================================
Summary of pdb4amber for: 1fnt_4tleap_uc1.pdb
===================================================

----------Chains
The following (original) chains have been found:
A
B
C
D
E
F
G
H
I
J
K
L
M
N
O
P
Q
R
S
T
U
V
W
X
Y
Z
a
b
c

---------- Alternate Locations (Original Residues!))

The following residues had alternate locations:
None

---------- Mising heavy atom(s)

GLY_6439 misses 2 heavy atom(s)
not prmtop_filename /net/chevy/raid1/nigel/amber/hi_lo/fn/1fnt/4amber_1fnt.prmtop

	Running AmberPrep : 1fnt.pdb


==================================================
Running pdb4amber on 1fnt.pdb
==================================================

==================================================
Setting up library files for non-standard residues
==================================================

==================================================
Preparing asu files and 4phenix_1fnt.pdb
==================================================

~> tleap -f 1fnt_asu_tleap_input_run

Checking output filenames
  file : 1fnt_asu.prmtop
  file : 1fnt_asu.rst7

~> ChBox -c 1fnt_asu.rst7 -o 1fnt_asu.rst7 -X 192.964 -Y 232.127 -Z 296.772 -al 90.0 -bt 90.0 -gm 90.0 


============================================================
Preparing unit cell files: 4amber_1fnt.prmtop and 4amber_1fnt.rst7
============================================================

~> UnitCell -p 1fnt_4UnitCell.pdb -o 1fnt_4tleap_uc1.pdb


~> tleap -f 1fnt_uc_tleap_input_run

Checking output filenames
  file : 1fnt_uc.prmtop
  file : 1fnt_uc.rst7

~> ChBox -c 1fnt_uc.rst7 -o 1fnt_uc.rst7 -X 192.964 -Y 232.127 -Z 296.772 -al 90.0 -bt 90.0 -gm 90.0 


==================================================
Minimizing input coordinates.
==================================================

~> sander -O -i 1fnt_amber_all.in -p 4amber_1fnt.prmtop -c 4amber_1fnt.rst7 -o 1fnt.min.out            -ref 4amber_1fnt.rst7 -r 4amber_1fnt.min.rst7

Traceback (most recent call last):
  File "run_tests_local.py", line 321, in <module>
    run(*tuple(args))
  File "run_tests_local.py", line 305, in run
    w2 = run_all_tests(code, force_amber_prep=force_amber_prep)
  File "run_tests_local.py", line 93, in run_all_tests
    "clean=on",
  File "/net/cci-filer2/raid1/xp/phenix/phenix-svn/modules/amber_adaptbx/command_line/AmberPrepClass.py", line 1034, in run
    minimization_options=actions.minimization_options)
  File "/net/cci-filer2/raid1/xp/phenix/phenix-svn/modules/amber_adaptbx/command_line/AmberPrepClass.py", line 689, in run_minimise
    output_pdb_file )
  File "/net/cci-filer2/raid1/xp/phenix/phenix-svn/modules/amber_adaptbx/command_line/AmberPrepClass.py", line 312, in uc_parm7_to_4phenix_pdb
    template_parm = parmed.load_file(template_pdb)
  File "/net/cci-filer2/raid1/xp/phenix/phenix-svn/modules/amber/lib/python2.7/site-packages/parmed/formats/registry.py", line 197, in load_file
    return cls.parse(filename, *args, **kwargs)
  File "/net/cci-filer2/raid1/xp/phenix/phenix-svn/modules/amber/lib/python2.7/site-packages/parmed/formats/pdb.py", line 410, in parse
    atnum = int(atnum, 16)
ValueError: invalid literal for int() with base 16: 'A000G'
